[2025-06-07 23:37:37] INFO: Community Community A (18 members): AskaPol_UAPs, ChrisUKSharp, DanHaug6, Eyes_OnTheSkies, FettucineSplit, GoodTroubleShow, Halsrethink, JeremyCorbell, JonMajerowski, LueElizondo, PTHellyer, SnakePo9, TheOfficialQF, g_knapp, jamescfox, jayanderson, rosscoulthart, ufobeliever1947
[2025-06-07 23:37:37] INFO: Community Community B (7 members): MiddleofMayhem, OSIRISUAP, ShipsSmall, cosmic_surplus, likeitmatters3, susangerbic, ufoskeptic1968
[2025-06-07 23:37:37] INFO: Community analysis written to community_analysis.txt
[2025-06-07 23:37:37] WARNING: Generating trust network visualization...
[2025-06-07 23:37:38] WARNING: Network visualization saved to visualization/trust_network.png
[2025-06-07 23:37:38] WARNING: Creating JSON data structure...
[2025-06-07 23:37:38] WARNING: Successfully generated js/data.js with:
[2025-06-07 23:37:38] WARNING: - 25 users
[2025-06-07 23:37:38] WARNING: - 31 trust relationships
[2025-06-07 23:37:38] WARNING: - 2 communities
[2025-06-07 23:37:38] WARNING: Trust calculation completed successfully.
[2025-06-07 23:47:37] WARNING: === Starting Trust Score Calculation ===
[2025-06-07 23:47:37] WARNING: Starting trust score calculation...
[2025-06-07 23:47:37] WARNING: Found 25 users in the trust network
[2025-06-07 23:47:37] WARNING: Building trust network graph...
[2025-06-07 23:47:37] WARNING: Calculating PageRank scores...
[2025-06-07 23:47:37] WARNING: Applying distrust penalties...
[2025-06-07 23:47:37] WARNING: Detecting communities...
[2025-06-07 23:47:37] WARNING: Found 8 isolated nodes to assign to communities
[2025-06-07 23:47:37] WARNING: Assigned isolated node Eyes_OnTheSkies to community 1 based on structural balance theory
[2025-06-07 23:47:37] WARNING: Assigned isolated node FettucineSplit to community 1 based on structural balance theory
[2025-06-07 23:47:37] WARNING: Assigned isolated node JonMajerowski to community 1 based on structural balance theory
[2025-06-07 23:47:37] WARNING: Assigned isolated node MiddleofMayhem to community 2 based on structural balance theory
[2025-06-07 23:47:37] WARNING: Assigned isolated node PTHellyer to community 1 based on structural balance theory
[2025-06-07 23:47:37] WARNING: Assigned isolated node SnakePo9 to community 1 based on structural balance theory
[2025-06-07 23:47:37] WARNING: Assigned isolated node jamescfox to community 1 based on structural balance theory
[2025-06-07 23:47:37] WARNING: Assigned isolated node likeitmatters3 to community 2 based on structural balance theory
[2025-06-07 23:47:37] INFO: Analyzing community composition...
[2025-06-07 23:47:37] INFO: Community Community A (18 members): AskaPol_UAPs, ChrisUKSharp, DanHaug6, Eyes_OnTheSkies, FettucineSplit, GoodTroubleShow, Halsrethink, JeremyCorbell, JonMajerowski, LueElizondo, PTHellyer, SnakePo9, TheOfficialQF, g_knapp, jamescfox, jayanderson, rosscoulthart, ufobeliever1947
[2025-06-07 23:47:37] INFO: Community Community B (7 members): MiddleofMayhem, OSIRISUAP, ShipsSmall, cosmic_surplus, likeitmatters3, susangerbic, ufoskeptic1968
[2025-06-07 23:47:37] INFO: Community analysis written to community_analysis.txt
[2025-06-07 23:47:37] WARNING: Generating trust network visualization...
[2025-06-07 23:47:38] WARNING: Network visualization saved to visualization/trust_network.png
[2025-06-07 23:47:38] WARNING: Creating JSON data structure...
[2025-06-07 23:47:38] WARNING: Successfully generated js/data.js with:
[2025-06-07 23:47:38] WARNING: - 25 users
[2025-06-07 23:47:38] WARNING: - 31 trust relationships
[2025-06-07 23:47:38] WARNING: - 2 communities
[2025-06-07 23:47:38] WARNING: Trust calculation completed successfully.
