[2025-06-04 19:37:57] INFO: Community Community A (18 members): AskaPol_UAPs, ChrisUKSharp, DanHaug6, Eyes_OnTheSkies, FettucineSplit, GoodTroubleShow, Halsrethink, JeremyCorbell, JonMajerowski, LueElizondo, PTHellyer, SnakePo9, TheOfficialQF, g_knapp, jamescfox, jayanderson, rosscoulthart, ufobeliever1947
[2025-06-04 19:37:57] INFO: Community Community B (7 members): MiddleofMayhem, OSIRISUAP, ShipsSmall, cosmic_surplus, likeitmatters3, susangerbic, ufoskeptic1968
[2025-06-04 19:37:57] INFO: Community analysis written to community_analysis.txt
[2025-06-04 19:37:57] WARNING: Generating trust network visualization...
[2025-06-04 19:37:57] WARNING: Network visualization saved to visualization/trust_network.png
[2025-06-04 19:37:57] WARNING: Creating JSON data structure...
[2025-06-04 19:37:57] WARNING: Successfully generated js/data.js with:
[2025-06-04 19:37:57] WARNING: - 25 users
[2025-06-04 19:37:57] WARNING: - 31 trust relationships
[2025-06-04 19:37:57] WARNING: - 2 communities
[2025-06-04 19:37:57] WARNING: Trust calculation completed successfully.
[2025-06-04 19:47:38] WARNING: === Starting Trust Score Calculation ===
[2025-06-04 19:47:38] WARNING: Starting trust score calculation...
[2025-06-04 19:47:38] WARNING: Found 25 users in the trust network
[2025-06-04 19:47:38] WARNING: Building trust network graph...
[2025-06-04 19:47:38] WARNING: Calculating PageRank scores...
[2025-06-04 19:47:38] WARNING: Applying distrust penalties...
[2025-06-04 19:47:38] WARNING: Detecting communities...
[2025-06-04 19:47:38] WARNING: Found 8 isolated nodes to assign to communities
[2025-06-04 19:47:38] WARNING: Assigned isolated node Eyes_OnTheSkies to community 1 based on structural balance theory
[2025-06-04 19:47:38] WARNING: Assigned isolated node FettucineSplit to community 1 based on structural balance theory
[2025-06-04 19:47:38] WARNING: Assigned isolated node JonMajerowski to community 1 based on structural balance theory
[2025-06-04 19:47:38] WARNING: Assigned isolated node MiddleofMayhem to community 2 based on structural balance theory
[2025-06-04 19:47:38] WARNING: Assigned isolated node PTHellyer to community 1 based on structural balance theory
[2025-06-04 19:47:38] WARNING: Assigned isolated node SnakePo9 to community 1 based on structural balance theory
[2025-06-04 19:47:38] WARNING: Assigned isolated node jamescfox to community 1 based on structural balance theory
[2025-06-04 19:47:38] WARNING: Assigned isolated node likeitmatters3 to community 2 based on structural balance theory
[2025-06-04 19:47:38] INFO: Analyzing community composition...
[2025-06-04 19:47:38] INFO: Community Community A (18 members): AskaPol_UAPs, ChrisUKSharp, DanHaug6, Eyes_OnTheSkies, FettucineSplit, GoodTroubleShow, Halsrethink, JeremyCorbell, JonMajerowski, LueElizondo, PTHellyer, SnakePo9, TheOfficialQF, g_knapp, jamescfox, jayanderson, rosscoulthart, ufobeliever1947
[2025-06-04 19:47:38] INFO: Community Community B (7 members): MiddleofMayhem, OSIRISUAP, ShipsSmall, cosmic_surplus, likeitmatters3, susangerbic, ufoskeptic1968
[2025-06-04 19:47:38] INFO: Community analysis written to community_analysis.txt
[2025-06-04 19:47:38] WARNING: Generating trust network visualization...
[2025-06-04 19:47:38] WARNING: Network visualization saved to visualization/trust_network.png
[2025-06-04 19:47:38] WARNING: Creating JSON data structure...
[2025-06-04 19:47:38] WARNING: Successfully generated js/data.js with:
[2025-06-04 19:47:38] WARNING: - 25 users
[2025-06-04 19:47:38] WARNING: - 31 trust relationships
[2025-06-04 19:47:38] WARNING: - 2 communities
[2025-06-04 19:47:38] WARNING: Trust calculation completed successfully.
[2025-06-04 19:57:48] WARNING: === Starting Trust Score Calculation ===
[2025-06-04 19:57:48] WARNING: Starting trust score calculation...
[2025-06-04 19:57:48] WARNING: Found 25 users in the trust network
[2025-06-04 19:57:48] WARNING: Building trust network graph...
[2025-06-04 19:57:48] WARNING: Calculating PageRank scores...
[2025-06-04 19:57:48] WARNING: Applying distrust penalties...
[2025-06-04 19:57:48] WARNING: Detecting communities...
[2025-06-04 19:57:48] WARNING: Found 8 isolated nodes to assign to communities
[2025-06-04 19:57:48] WARNING: Assigned isolated node Eyes_OnTheSkies to community 1 based on structural balance theory
[2025-06-04 19:57:48] WARNING: Assigned isolated node FettucineSplit to community 1 based on structural balance theory
[2025-06-04 19:57:48] WARNING: Assigned isolated node JonMajerowski to community 1 based on structural balance theory
[2025-06-04 19:57:48] WARNING: Assigned isolated node MiddleofMayhem to community 2 based on structural balance theory
[2025-06-04 19:57:48] WARNING: Assigned isolated node PTHellyer to community 1 based on structural balance theory
[2025-06-04 19:57:48] WARNING: Assigned isolated node SnakePo9 to community 1 based on structural balance theory
[2025-06-04 19:57:48] WARNING: Assigned isolated node jamescfox to community 1 based on structural balance theory
[2025-06-04 19:57:48] WARNING: Assigned isolated node likeitmatters3 to community 2 based on structural balance theory
[2025-06-04 19:57:48] INFO: Analyzing community composition...
[2025-06-04 19:57:48] INFO: Community Community A (18 members): AskaPol_UAPs, ChrisUKSharp, DanHaug6, Eyes_OnTheSkies, FettucineSplit, GoodTroubleShow, Halsrethink, JeremyCorbell, JonMajerowski, LueElizondo, PTHellyer, SnakePo9, TheOfficialQF, g_knapp, jamescfox, jayanderson, rosscoulthart, ufobeliever1947
[2025-06-04 19:57:48] INFO: Community Community B (7 members): MiddleofMayhem, OSIRISUAP, ShipsSmall, cosmic_surplus, likeitmatters3, susangerbic, ufoskeptic1968
[2025-06-04 19:57:48] INFO: Community analysis written to community_analysis.txt
[2025-06-04 19:57:48] WARNING: Generating trust network visualization...
[2025-06-04 19:57:49] WARNING: Network visualization saved to visualization/trust_network.png
[2025-06-04 19:57:49] WARNING: Creating JSON data structure...
[2025-06-04 19:57:49] WARNING: Successfully generated js/data.js with:
[2025-06-04 19:57:49] WARNING: - 25 users
[2025-06-04 19:57:49] WARNING: - 31 trust relationships
[2025-06-04 19:57:49] WARNING: - 2 communities
[2025-06-04 19:57:49] WARNING: Trust calculation completed successfully.
[2025-06-04 20:07:39] WARNING: === Starting Trust Score Calculation ===
[2025-06-04 20:07:39] WARNING: Starting trust score calculation...
[2025-06-04 20:07:39] WARNING: Found 25 users in the trust network
[2025-06-04 20:07:39] WARNING: Building trust network graph...
[2025-06-04 20:07:39] WARNING: Calculating PageRank scores...
[2025-06-04 20:07:39] WARNING: Applying distrust penalties...
[2025-06-04 20:07:39] WARNING: Detecting communities...
[2025-06-04 20:07:39] WARNING: Found 8 isolated nodes to assign to communities
[2025-06-04 20:07:39] WARNING: Assigned isolated node Eyes_OnTheSkies to community 1 based on structural balance theory
[2025-06-04 20:07:39] WARNING: Assigned isolated node FettucineSplit to community 1 based on structural balance theory
[2025-06-04 20:07:39] WARNING: Assigned isolated node JonMajerowski to community 1 based on structural balance theory
[2025-06-04 20:07:39] WARNING: Assigned isolated node MiddleofMayhem to community 2 based on structural balance theory
[2025-06-04 20:07:39] WARNING: Assigned isolated node PTHellyer to community 1 based on structural balance theory
[2025-06-04 20:07:39] WARNING: Assigned isolated node SnakePo9 to community 1 based on structural balance theory
[2025-06-04 20:07:39] WARNING: Assigned isolated node jamescfox to community 1 based on structural balance theory
[2025-06-04 20:07:39] WARNING: Assigned isolated node likeitmatters3 to community 2 based on structural balance theory
[2025-06-04 20:07:39] INFO: Analyzing community composition...
[2025-06-04 20:07:39] INFO: Community Community A (18 members): AskaPol_UAPs, ChrisUKSharp, DanHaug6, Eyes_OnTheSkies, FettucineSplit, GoodTroubleShow, Halsrethink, JeremyCorbell, JonMajerowski, LueElizondo, PTHellyer, SnakePo9, TheOfficialQF, g_knapp, jamescfox, jayanderson, rosscoulthart, ufobeliever1947
[2025-06-04 20:07:39] INFO: Community Community B (7 members): MiddleofMayhem, OSIRISUAP, ShipsSmall, cosmic_surplus, likeitmatters3, susangerbic, ufoskeptic1968
[2025-06-04 20:07:39] INFO: Community analysis written to community_analysis.txt
[2025-06-04 20:07:39] WARNING: Generating trust network visualization...
[2025-06-04 20:07:40] WARNING: Network visualization saved to visualization/trust_network.png
[2025-06-04 20:07:40] WARNING: Creating JSON data structure...
[2025-06-04 20:07:40] WARNING: Successfully generated js/data.js with:
[2025-06-04 20:07:40] WARNING: - 25 users
[2025-06-04 20:07:40] WARNING: - 31 trust relationships
[2025-06-04 20:07:40] WARNING: - 2 communities
[2025-06-04 20:07:40] WARNING: Trust calculation completed successfully.
[2025-06-04 20:17:57] WARNING: === Starting Trust Score Calculation ===
[2025-06-04 20:17:57] WARNING: Starting trust score calculation...
[2025-06-04 20:17:57] WARNING: Found 25 users in the trust network
[2025-06-04 20:17:57] WARNING: Building trust network graph...
[2025-06-04 20:17:57] WARNING: Calculating PageRank scores...
[2025-06-04 20:17:57] WARNING: Applying distrust penalties...
[2025-06-04 20:17:57] WARNING: Detecting communities...
[2025-06-04 20:17:57] WARNING: Found 8 isolated nodes to assign to communities
[2025-06-04 20:17:57] WARNING: Assigned isolated node Eyes_OnTheSkies to community 1 based on structural balance theory
[2025-06-04 20:17:57] WARNING: Assigned isolated node FettucineSplit to community 1 based on structural balance theory
[2025-06-04 20:17:57] WARNING: Assigned isolated node JonMajerowski to community 1 based on structural balance theory
[2025-06-04 20:17:57] WARNING: Assigned isolated node MiddleofMayhem to community 2 based on structural balance theory
[2025-06-04 20:17:57] WARNING: Assigned isolated node PTHellyer to community 1 based on structural balance theory
[2025-06-04 20:17:57] WARNING: Assigned isolated node SnakePo9 to community 1 based on structural balance theory
[2025-06-04 20:17:57] WARNING: Assigned isolated node jamescfox to community 1 based on structural balance theory
[2025-06-04 20:17:57] WARNING: Assigned isolated node likeitmatters3 to community 2 based on structural balance theory
[2025-06-04 20:17:57] INFO: Analyzing community composition...
[2025-06-04 20:17:57] INFO: Community Community A (18 members): AskaPol_UAPs, ChrisUKSharp, DanHaug6, Eyes_OnTheSkies, FettucineSplit, GoodTroubleShow, Halsrethink, JeremyCorbell, JonMajerowski, LueElizondo, PTHellyer, SnakePo9, TheOfficialQF, g_knapp, jamescfox, jayanderson, rosscoulthart, ufobeliever1947
[2025-06-04 20:17:57] INFO: Community Community B (7 members): MiddleofMayhem, OSIRISUAP, ShipsSmall, cosmic_surplus, likeitmatters3, susangerbic, ufoskeptic1968
[2025-06-04 20:17:57] INFO: Community analysis written to community_analysis.txt
[2025-06-04 20:17:57] WARNING: Generating trust network visualization...
[2025-06-04 20:17:58] WARNING: Network visualization saved to visualization/trust_network.png
[2025-06-04 20:17:58] WARNING: Creating JSON data structure...
[2025-06-04 20:17:58] WARNING: Successfully generated js/data.js with:
[2025-06-04 20:17:58] WARNING: - 25 users
[2025-06-04 20:17:58] WARNING: - 31 trust relationships
[2025-06-04 20:17:58] WARNING: - 2 communities
[2025-06-04 20:17:58] WARNING: Trust calculation completed successfully.
[2025-06-04 20:27:47] WARNING: === Starting Trust Score Calculation ===
[2025-06-04 20:27:47] WARNING: Starting trust score calculation...
[2025-06-04 20:27:47] WARNING: Found 25 users in the trust network
[2025-06-04 20:27:47] WARNING: Building trust network graph...
[2025-06-04 20:27:47] WARNING: Calculating PageRank scores...
[2025-06-04 20:27:47] WARNING: Applying distrust penalties...
[2025-06-04 20:27:47] WARNING: Detecting communities...
[2025-06-04 20:27:47] WARNING: Found 8 isolated nodes to assign to communities
[2025-06-04 20:27:47] WARNING: Assigned isolated node Eyes_OnTheSkies to community 1 based on structural balance theory
[2025-06-04 20:27:47] WARNING: Assigned isolated node FettucineSplit to community 1 based on structural balance theory
[2025-06-04 20:27:47] WARNING: Assigned isolated node JonMajerowski to community 1 based on structural balance theory
[2025-06-04 20:27:47] WARNING: Assigned isolated node MiddleofMayhem to community 2 based on structural balance theory
[2025-06-04 20:27:47] WARNING: Assigned isolated node PTHellyer to community 1 based on structural balance theory
[2025-06-04 20:27:47] WARNING: Assigned isolated node SnakePo9 to community 1 based on structural balance theory
[2025-06-04 20:27:47] WARNING: Assigned isolated node jamescfox to community 1 based on structural balance theory
[2025-06-04 20:27:47] WARNING: Assigned isolated node likeitmatters3 to community 2 based on structural balance theory
[2025-06-04 20:27:47] INFO: Analyzing community composition...
[2025-06-04 20:27:47] INFO: Community Community A (18 members): AskaPol_UAPs, ChrisUKSharp, DanHaug6, Eyes_OnTheSkies, FettucineSplit, GoodTroubleShow, Halsrethink, JeremyCorbell, JonMajerowski, LueElizondo, PTHellyer, SnakePo9, TheOfficialQF, g_knapp, jamescfox, jayanderson, rosscoulthart, ufobeliever1947
[2025-06-04 20:27:47] INFO: Community Community B (7 members): MiddleofMayhem, OSIRISUAP, ShipsSmall, cosmic_surplus, likeitmatters3, susangerbic, ufoskeptic1968
[2025-06-04 20:27:47] INFO: Community analysis written to community_analysis.txt
[2025-06-04 20:27:47] WARNING: Generating trust network visualization...
[2025-06-04 20:27:48] WARNING: Network visualization saved to visualization/trust_network.png
[2025-06-04 20:27:48] WARNING: Creating JSON data structure...
[2025-06-04 20:27:48] WARNING: Successfully generated js/data.js with:
[2025-06-04 20:27:48] WARNING: - 25 users
[2025-06-04 20:27:48] WARNING: - 31 trust relationships
[2025-06-04 20:27:48] WARNING: - 2 communities
[2025-06-04 20:27:48] WARNING: Trust calculation completed successfully.
[2025-06-04 20:37:57] WARNING: === Starting Trust Score Calculation ===
[2025-06-04 20:37:57] WARNING: Starting trust score calculation...
[2025-06-04 20:37:57] WARNING: Found 25 users in the trust network
[2025-06-04 20:37:57] WARNING: Building trust network graph...
[2025-06-04 20:37:57] WARNING: Calculating PageRank scores...
[2025-06-04 20:37:57] WARNING: Applying distrust penalties...
[2025-06-04 20:37:57] WARNING: Detecting communities...
[2025-06-04 20:37:57] WARNING: Found 8 isolated nodes to assign to communities
[2025-06-04 20:37:57] WARNING: Assigned isolated node Eyes_OnTheSkies to community 1 based on structural balance theory
[2025-06-04 20:37:57] WARNING: Assigned isolated node FettucineSplit to community 1 based on structural balance theory
[2025-06-04 20:37:57] WARNING: Assigned isolated node JonMajerowski to community 1 based on structural balance theory
[2025-06-04 20:37:57] WARNING: Assigned isolated node MiddleofMayhem to community 2 based on structural balance theory
[2025-06-04 20:37:57] WARNING: Assigned isolated node PTHellyer to community 1 based on structural balance theory
[2025-06-04 20:37:57] WARNING: Assigned isolated node SnakePo9 to community 1 based on structural balance theory
[2025-06-04 20:37:57] WARNING: Assigned isolated node jamescfox to community 1 based on structural balance theory
[2025-06-04 20:37:57] WARNING: Assigned isolated node likeitmatters3 to community 2 based on structural balance theory
[2025-06-04 20:37:57] INFO: Analyzing community composition...
[2025-06-04 20:37:57] INFO: Community Community A (18 members): AskaPol_UAPs, ChrisUKSharp, DanHaug6, Eyes_OnTheSkies, FettucineSplit, GoodTroubleShow, Halsrethink, JeremyCorbell, JonMajerowski, LueElizondo, PTHellyer, SnakePo9, TheOfficialQF, g_knapp, jamescfox, jayanderson, rosscoulthart, ufobeliever1947
[2025-06-04 20:37:57] INFO: Community Community B (7 members): MiddleofMayhem, OSIRISUAP, ShipsSmall, cosmic_surplus, likeitmatters3, susangerbic, ufoskeptic1968
[2025-06-04 20:37:57] INFO: Community analysis written to community_analysis.txt
[2025-06-04 20:37:57] WARNING: Generating trust network visualization...
[2025-06-04 20:37:57] WARNING: Network visualization saved to visualization/trust_network.png
[2025-06-04 20:37:57] WARNING: Creating JSON data structure...
[2025-06-04 20:37:57] WARNING: Successfully generated js/data.js with:
[2025-06-04 20:37:57] WARNING: - 25 users
[2025-06-04 20:37:57] WARNING: - 31 trust relationships
[2025-06-04 20:37:57] WARNING: - 2 communities
[2025-06-04 20:37:57] WARNING: Trust calculation completed successfully.
[2025-06-04 20:47:48] WARNING: === Starting Trust Score Calculation ===
[2025-06-04 20:47:48] WARNING: Starting trust score calculation...
[2025-06-04 20:47:48] WARNING: Found 25 users in the trust network
[2025-06-04 20:47:48] WARNING: Building trust network graph...
[2025-06-04 20:47:48] WARNING: Calculating PageRank scores...
[2025-06-04 20:47:48] WARNING: Applying distrust penalties...
[2025-06-04 20:47:48] WARNING: Detecting communities...
[2025-06-04 20:47:48] WARNING: Found 8 isolated nodes to assign to communities
[2025-06-04 20:47:48] WARNING: Assigned isolated node Eyes_OnTheSkies to community 1 based on structural balance theory
[2025-06-04 20:47:48] WARNING: Assigned isolated node FettucineSplit to community 1 based on structural balance theory
[2025-06-04 20:47:48] WARNING: Assigned isolated node JonMajerowski to community 1 based on structural balance theory
[2025-06-04 20:47:48] WARNING: Assigned isolated node MiddleofMayhem to community 2 based on structural balance theory
[2025-06-04 20:47:48] WARNING: Assigned isolated node PTHellyer to community 1 based on structural balance theory
[2025-06-04 20:47:48] WARNING: Assigned isolated node SnakePo9 to community 1 based on structural balance theory
[2025-06-04 20:47:48] WARNING: Assigned isolated node jamescfox to community 1 based on structural balance theory
[2025-06-04 20:47:48] WARNING: Assigned isolated node likeitmatters3 to community 2 based on structural balance theory
[2025-06-04 20:47:48] INFO: Analyzing community composition...
[2025-06-04 20:47:48] INFO: Community Community A (18 members): AskaPol_UAPs, ChrisUKSharp, DanHaug6, Eyes_OnTheSkies, FettucineSplit, GoodTroubleShow, Halsrethink, JeremyCorbell, JonMajerowski, LueElizondo, PTHellyer, SnakePo9, TheOfficialQF, g_knapp, jamescfox, jayanderson, rosscoulthart, ufobeliever1947
[2025-06-04 20:47:48] INFO: Community Community B (7 members): MiddleofMayhem, OSIRISUAP, ShipsSmall, cosmic_surplus, likeitmatters3, susangerbic, ufoskeptic1968
[2025-06-04 20:47:48] INFO: Community analysis written to community_analysis.txt
[2025-06-04 20:47:48] WARNING: Generating trust network visualization...
[2025-06-04 20:47:49] WARNING: Network visualization saved to visualization/trust_network.png
[2025-06-04 20:47:49] WARNING: Creating JSON data structure...
[2025-06-04 20:47:49] WARNING: Successfully generated js/data.js with:
[2025-06-04 20:47:49] WARNING: - 25 users
[2025-06-04 20:47:49] WARNING: - 31 trust relationships
[2025-06-04 20:47:49] WARNING: - 2 communities
[2025-06-04 20:47:49] WARNING: Trust calculation completed successfully.
[2025-06-04 20:57:38] WARNING: === Starting Trust Score Calculation ===
[2025-06-04 20:57:38] WARNING: Starting trust score calculation...
[2025-06-04 20:57:38] WARNING: Found 25 users in the trust network
[2025-06-04 20:57:38] WARNING: Building trust network graph...
[2025-06-04 20:57:38] WARNING: Calculating PageRank scores...
[2025-06-04 20:57:38] WARNING: Applying distrust penalties...
[2025-06-04 20:57:38] WARNING: Detecting communities...
[2025-06-04 20:57:38] WARNING: Found 8 isolated nodes to assign to communities
[2025-06-04 20:57:38] WARNING: Assigned isolated node Eyes_OnTheSkies to community 1 based on structural balance theory
[2025-06-04 20:57:38] WARNING: Assigned isolated node FettucineSplit to community 1 based on structural balance theory
[2025-06-04 20:57:38] WARNING: Assigned isolated node JonMajerowski to community 1 based on structural balance theory
[2025-06-04 20:57:38] WARNING: Assigned isolated node MiddleofMayhem to community 2 based on structural balance theory
[2025-06-04 20:57:38] WARNING: Assigned isolated node PTHellyer to community 1 based on structural balance theory
[2025-06-04 20:57:38] WARNING: Assigned isolated node SnakePo9 to community 1 based on structural balance theory
[2025-06-04 20:57:38] WARNING: Assigned isolated node jamescfox to community 1 based on structural balance theory
[2025-06-04 20:57:38] WARNING: Assigned isolated node likeitmatters3 to community 2 based on structural balance theory
[2025-06-04 20:57:38] INFO: Analyzing community composition...
[2025-06-04 20:57:38] INFO: Community Community A (18 members): AskaPol_UAPs, ChrisUKSharp, DanHaug6, Eyes_OnTheSkies, FettucineSplit, GoodTroubleShow, Halsrethink, JeremyCorbell, JonMajerowski, LueElizondo, PTHellyer, SnakePo9, TheOfficialQF, g_knapp, jamescfox, jayanderson, rosscoulthart, ufobeliever1947
[2025-06-04 20:57:38] INFO: Community Community B (7 members): MiddleofMayhem, OSIRISUAP, ShipsSmall, cosmic_surplus, likeitmatters3, susangerbic, ufoskeptic1968
[2025-06-04 20:57:38] INFO: Community analysis written to community_analysis.txt
[2025-06-04 20:57:38] WARNING: Generating trust network visualization...
[2025-06-04 20:57:38] WARNING: Network visualization saved to visualization/trust_network.png
[2025-06-04 20:57:38] WARNING: Creating JSON data structure...
[2025-06-04 20:57:38] WARNING: Successfully generated js/data.js with:
[2025-06-04 20:57:38] WARNING: - 25 users
[2025-06-04 20:57:38] WARNING: - 31 trust relationships
[2025-06-04 20:57:38] WARNING: - 2 communities
[2025-06-04 20:57:38] WARNING: Trust calculation completed successfully.
[2025-06-04 21:07:37] WARNING: === Starting Trust Score Calculation ===
[2025-06-04 21:07:37] WARNING: Starting trust score calculation...
[2025-06-04 21:07:37] WARNING: Found 25 users in the trust network
[2025-06-04 21:07:37] WARNING: Building trust network graph...
[2025-06-04 21:07:37] WARNING: Calculating PageRank scores...
[2025-06-04 21:07:37] WARNING: Applying distrust penalties...
[2025-06-04 21:07:37] WARNING: Detecting communities...
[2025-06-04 21:07:37] WARNING: Found 8 isolated nodes to assign to communities
[2025-06-04 21:07:37] WARNING: Assigned isolated node Eyes_OnTheSkies to community 1 based on structural balance theory
[2025-06-04 21:07:37] WARNING: Assigned isolated node FettucineSplit to community 1 based on structural balance theory
[2025-06-04 21:07:37] WARNING: Assigned isolated node JonMajerowski to community 1 based on structural balance theory
[2025-06-04 21:07:37] WARNING: Assigned isolated node MiddleofMayhem to community 2 based on structural balance theory
[2025-06-04 21:07:37] WARNING: Assigned isolated node PTHellyer to community 1 based on structural balance theory
[2025-06-04 21:07:37] WARNING: Assigned isolated node SnakePo9 to community 1 based on structural balance theory
[2025-06-04 21:07:37] WARNING: Assigned isolated node jamescfox to community 1 based on structural balance theory
[2025-06-04 21:07:37] WARNING: Assigned isolated node likeitmatters3 to community 2 based on structural balance theory
[2025-06-04 21:07:37] INFO: Analyzing community composition...
[2025-06-04 21:07:37] INFO: Community Community A (18 members): AskaPol_UAPs, ChrisUKSharp, DanHaug6, Eyes_OnTheSkies, FettucineSplit, GoodTroubleShow, Halsrethink, JeremyCorbell, JonMajerowski, LueElizondo, PTHellyer, SnakePo9, TheOfficialQF, g_knapp, jamescfox, jayanderson, rosscoulthart, ufobeliever1947
[2025-06-04 21:07:37] INFO: Community Community B (7 members): MiddleofMayhem, OSIRISUAP, ShipsSmall, cosmic_surplus, likeitmatters3, susangerbic, ufoskeptic1968
[2025-06-04 21:07:37] INFO: Community analysis written to community_analysis.txt
[2025-06-04 21:07:37] WARNING: Generating trust network visualization...
[2025-06-04 21:07:38] WARNING: Network visualization saved to visualization/trust_network.png
[2025-06-04 21:07:38] WARNING: Creating JSON data structure...
[2025-06-04 21:07:38] WARNING: Successfully generated js/data.js with:
[2025-06-04 21:07:38] WARNING: - 25 users
[2025-06-04 21:07:38] WARNING: - 31 trust relationships
[2025-06-04 21:07:38] WARNING: - 2 communities
[2025-06-04 21:07:38] WARNING: Trust calculation completed successfully.
[2025-06-04 21:17:37] WARNING: === Starting Trust Score Calculation ===
[2025-06-04 21:17:37] WARNING: Starting trust score calculation...
[2025-06-04 21:17:37] WARNING: Found 25 users in the trust network
[2025-06-04 21:17:37] WARNING: Building trust network graph...
[2025-06-04 21:17:37] WARNING: Calculating PageRank scores...
[2025-06-04 21:17:37] WARNING: Applying distrust penalties...
[2025-06-04 21:17:37] WARNING: Detecting communities...
[2025-06-04 21:17:37] WARNING: Found 8 isolated nodes to assign to communities
[2025-06-04 21:17:37] WARNING: Assigned isolated node Eyes_OnTheSkies to community 1 based on structural balance theory
[2025-06-04 21:17:37] WARNING: Assigned isolated node FettucineSplit to community 1 based on structural balance theory
[2025-06-04 21:17:37] WARNING: Assigned isolated node JonMajerowski to community 1 based on structural balance theory
[2025-06-04 21:17:37] WARNING: Assigned isolated node MiddleofMayhem to community 2 based on structural balance theory
[2025-06-04 21:17:37] WARNING: Assigned isolated node PTHellyer to community 1 based on structural balance theory
[2025-06-04 21:17:37] WARNING: Assigned isolated node SnakePo9 to community 1 based on structural balance theory
[2025-06-04 21:17:37] WARNING: Assigned isolated node jamescfox to community 1 based on structural balance theory
[2025-06-04 21:17:37] WARNING: Assigned isolated node likeitmatters3 to community 2 based on structural balance theory
[2025-06-04 21:17:37] INFO: Analyzing community composition...
[2025-06-04 21:17:37] INFO: Community Community A (18 members): AskaPol_UAPs, ChrisUKSharp, DanHaug6, Eyes_OnTheSkies, FettucineSplit, GoodTroubleShow, Halsrethink, JeremyCorbell, JonMajerowski, LueElizondo, PTHellyer, SnakePo9, TheOfficialQF, g_knapp, jamescfox, jayanderson, rosscoulthart, ufobeliever1947
[2025-06-04 21:17:37] INFO: Community Community B (7 members): MiddleofMayhem, OSIRISUAP, ShipsSmall, cosmic_surplus, likeitmatters3, susangerbic, ufoskeptic1968
[2025-06-04 21:17:37] INFO: Community analysis written to community_analysis.txt
[2025-06-04 21:17:37] WARNING: Generating trust network visualization...
[2025-06-04 21:17:38] WARNING: Network visualization saved to visualization/trust_network.png
[2025-06-04 21:17:38] WARNING: Creating JSON data structure...
[2025-06-04 21:17:38] WARNING: Successfully generated js/data.js with:
[2025-06-04 21:17:38] WARNING: - 25 users
[2025-06-04 21:17:38] WARNING: - 31 trust relationships
[2025-06-04 21:17:38] WARNING: - 2 communities
[2025-06-04 21:17:38] WARNING: Trust calculation completed successfully.
[2025-06-04 21:27:48] WARNING: === Starting Trust Score Calculation ===
[2025-06-04 21:27:48] WARNING: Starting trust score calculation...
[2025-06-04 21:27:48] WARNING: Found 25 users in the trust network
[2025-06-04 21:27:48] WARNING: Building trust network graph...
[2025-06-04 21:27:48] WARNING: Calculating PageRank scores...
[2025-06-04 21:27:48] WARNING: Applying distrust penalties...
[2025-06-04 21:27:48] WARNING: Detecting communities...
[2025-06-04 21:27:48] WARNING: Found 8 isolated nodes to assign to communities
[2025-06-04 21:27:48] WARNING: Assigned isolated node Eyes_OnTheSkies to community 1 based on structural balance theory
[2025-06-04 21:27:48] WARNING: Assigned isolated node FettucineSplit to community 1 based on structural balance theory
[2025-06-04 21:27:48] WARNING: Assigned isolated node JonMajerowski to community 1 based on structural balance theory
[2025-06-04 21:27:48] WARNING: Assigned isolated node MiddleofMayhem to community 2 based on structural balance theory
[2025-06-04 21:27:48] WARNING: Assigned isolated node PTHellyer to community 1 based on structural balance theory
[2025-06-04 21:27:48] WARNING: Assigned isolated node SnakePo9 to community 1 based on structural balance theory
[2025-06-04 21:27:48] WARNING: Assigned isolated node jamescfox to community 1 based on structural balance theory
[2025-06-04 21:27:48] WARNING: Assigned isolated node likeitmatters3 to community 2 based on structural balance theory
[2025-06-04 21:27:48] INFO: Analyzing community composition...
[2025-06-04 21:27:48] INFO: Community Community A (18 members): AskaPol_UAPs, ChrisUKSharp, DanHaug6, Eyes_OnTheSkies, FettucineSplit, GoodTroubleShow, Halsrethink, JeremyCorbell, JonMajerowski, LueElizondo, PTHellyer, SnakePo9, TheOfficialQF, g_knapp, jamescfox, jayanderson, rosscoulthart, ufobeliever1947
[2025-06-04 21:27:48] INFO: Community Community B (7 members): MiddleofMayhem, OSIRISUAP, ShipsSmall, cosmic_surplus, likeitmatters3, susangerbic, ufoskeptic1968
[2025-06-04 21:27:48] INFO: Community analysis written to community_analysis.txt
[2025-06-04 21:27:48] WARNING: Generating trust network visualization...
[2025-06-04 21:27:48] WARNING: Network visualization saved to visualization/trust_network.png
[2025-06-04 21:27:48] WARNING: Creating JSON data structure...
[2025-06-04 21:27:48] WARNING: Successfully generated js/data.js with:
[2025-06-04 21:27:48] WARNING: - 25 users
[2025-06-04 21:27:48] WARNING: - 31 trust relationships
[2025-06-04 21:27:48] WARNING: - 2 communities
[2025-06-04 21:27:48] WARNING: Trust calculation completed successfully.
[2025-06-04 21:37:38] WARNING: === Starting Trust Score Calculation ===
[2025-06-04 21:37:38] WARNING: Starting trust score calculation...
[2025-06-04 21:37:38] WARNING: Found 25 users in the trust network
[2025-06-04 21:37:38] WARNING: Building trust network graph...
[2025-06-04 21:37:38] WARNING: Calculating PageRank scores...
[2025-06-04 21:37:38] WARNING: Applying distrust penalties...
[2025-06-04 21:37:38] WARNING: Detecting communities...
[2025-06-04 21:37:38] WARNING: Found 8 isolated nodes to assign to communities
[2025-06-04 21:37:38] WARNING: Assigned isolated node Eyes_OnTheSkies to community 1 based on structural balance theory
[2025-06-04 21:37:38] WARNING: Assigned isolated node FettucineSplit to community 1 based on structural balance theory
[2025-06-04 21:37:38] WARNING: Assigned isolated node JonMajerowski to community 1 based on structural balance theory
[2025-06-04 21:37:38] WARNING: Assigned isolated node MiddleofMayhem to community 2 based on structural balance theory
[2025-06-04 21:37:38] WARNING: Assigned isolated node PTHellyer to community 1 based on structural balance theory
[2025-06-04 21:37:38] WARNING: Assigned isolated node SnakePo9 to community 1 based on structural balance theory
[2025-06-04 21:37:38] WARNING: Assigned isolated node jamescfox to community 1 based on structural balance theory
[2025-06-04 21:37:38] WARNING: Assigned isolated node likeitmatters3 to community 2 based on structural balance theory
[2025-06-04 21:37:38] INFO: Analyzing community composition...
[2025-06-04 21:37:38] INFO: Community Community A (18 members): AskaPol_UAPs, ChrisUKSharp, DanHaug6, Eyes_OnTheSkies, FettucineSplit, GoodTroubleShow, Halsrethink, JeremyCorbell, JonMajerowski, LueElizondo, PTHellyer, SnakePo9, TheOfficialQF, g_knapp, jamescfox, jayanderson, rosscoulthart, ufobeliever1947
[2025-06-04 21:37:38] INFO: Community Community B (7 members): MiddleofMayhem, OSIRISUAP, ShipsSmall, cosmic_surplus, likeitmatters3, susangerbic, ufoskeptic1968
[2025-06-04 21:37:38] INFO: Community analysis written to community_analysis.txt
[2025-06-04 21:37:38] WARNING: Generating trust network visualization...
[2025-06-04 21:37:38] WARNING: Network visualization saved to visualization/trust_network.png
[2025-06-04 21:37:38] WARNING: Creating JSON data structure...
[2025-06-04 21:37:38] WARNING: Successfully generated js/data.js with:
[2025-06-04 21:37:38] WARNING: - 25 users
[2025-06-04 21:37:38] WARNING: - 31 trust relationships
[2025-06-04 21:37:38] WARNING: - 2 communities
[2025-06-04 21:37:38] WARNING: Trust calculation completed successfully.
[2025-06-04 21:47:47] WARNING: === Starting Trust Score Calculation ===
[2025-06-04 21:47:47] WARNING: Starting trust score calculation...
[2025-06-04 21:47:47] WARNING: Found 25 users in the trust network
[2025-06-04 21:47:47] WARNING: Building trust network graph...
[2025-06-04 21:47:47] WARNING: Calculating PageRank scores...
[2025-06-04 21:47:47] WARNING: Applying distrust penalties...
[2025-06-04 21:47:47] WARNING: Detecting communities...
[2025-06-04 21:47:47] WARNING: Found 8 isolated nodes to assign to communities
[2025-06-04 21:47:47] WARNING: Assigned isolated node Eyes_OnTheSkies to community 1 based on structural balance theory
[2025-06-04 21:47:47] WARNING: Assigned isolated node FettucineSplit to community 1 based on structural balance theory
[2025-06-04 21:47:47] WARNING: Assigned isolated node JonMajerowski to community 1 based on structural balance theory
[2025-06-04 21:47:47] WARNING: Assigned isolated node MiddleofMayhem to community 2 based on structural balance theory
[2025-06-04 21:47:47] WARNING: Assigned isolated node PTHellyer to community 1 based on structural balance theory
[2025-06-04 21:47:47] WARNING: Assigned isolated node SnakePo9 to community 1 based on structural balance theory
[2025-06-04 21:47:47] WARNING: Assigned isolated node jamescfox to community 1 based on structural balance theory
[2025-06-04 21:47:47] WARNING: Assigned isolated node likeitmatters3 to community 2 based on structural balance theory
[2025-06-04 21:47:47] INFO: Analyzing community composition...
[2025-06-04 21:47:47] INFO: Community Community A (18 members): AskaPol_UAPs, ChrisUKSharp, DanHaug6, Eyes_OnTheSkies, FettucineSplit, GoodTroubleShow, Halsrethink, JeremyCorbell, JonMajerowski, LueElizondo, PTHellyer, SnakePo9, TheOfficialQF, g_knapp, jamescfox, jayanderson, rosscoulthart, ufobeliever1947
[2025-06-04 21:47:47] INFO: Community Community B (7 members): MiddleofMayhem, OSIRISUAP, ShipsSmall, cosmic_surplus, likeitmatters3, susangerbic, ufoskeptic1968
[2025-06-04 21:47:47] INFO: Community analysis written to community_analysis.txt
[2025-06-04 21:47:47] WARNING: Generating trust network visualization...
[2025-06-04 21:47:48] WARNING: Network visualization saved to visualization/trust_network.png
[2025-06-04 21:47:48] WARNING: Creating JSON data structure...
[2025-06-04 21:47:48] WARNING: Successfully generated js/data.js with:
[2025-06-04 21:47:48] WARNING: - 25 users
[2025-06-04 21:47:48] WARNING: - 31 trust relationships
[2025-06-04 21:47:48] WARNING: - 2 communities
[2025-06-04 21:47:48] WARNING: Trust calculation completed successfully.
[2025-06-04 21:57:47] WARNING: === Starting Trust Score Calculation ===
[2025-06-04 21:57:47] WARNING: Starting trust score calculation...
[2025-06-04 21:57:47] WARNING: Found 25 users in the trust network
[2025-06-04 21:57:47] WARNING: Building trust network graph...
[2025-06-04 21:57:47] WARNING: Calculating PageRank scores...
[2025-06-04 21:57:47] WARNING: Applying distrust penalties...
[2025-06-04 21:57:47] WARNING: Detecting communities...
[2025-06-04 21:57:47] WARNING: Found 8 isolated nodes to assign to communities
[2025-06-04 21:57:47] WARNING: Assigned isolated node Eyes_OnTheSkies to community 1 based on structural balance theory
[2025-06-04 21:57:47] WARNING: Assigned isolated node FettucineSplit to community 1 based on structural balance theory
[2025-06-04 21:57:47] WARNING: Assigned isolated node JonMajerowski to community 1 based on structural balance theory
[2025-06-04 21:57:47] WARNING: Assigned isolated node MiddleofMayhem to community 2 based on structural balance theory
[2025-06-04 21:57:47] WARNING: Assigned isolated node PTHellyer to community 1 based on structural balance theory
[2025-06-04 21:57:47] WARNING: Assigned isolated node SnakePo9 to community 1 based on structural balance theory
[2025-06-04 21:57:47] WARNING: Assigned isolated node jamescfox to community 1 based on structural balance theory
[2025-06-04 21:57:47] WARNING: Assigned isolated node likeitmatters3 to community 2 based on structural balance theory
[2025-06-04 21:57:47] INFO: Analyzing community composition...
[2025-06-04 21:57:47] INFO: Community Community A (18 members): AskaPol_UAPs, ChrisUKSharp, DanHaug6, Eyes_OnTheSkies, FettucineSplit, GoodTroubleShow, Halsrethink, JeremyCorbell, JonMajerowski, LueElizondo, PTHellyer, SnakePo9, TheOfficialQF, g_knapp, jamescfox, jayanderson, rosscoulthart, ufobeliever1947
[2025-06-04 21:57:47] INFO: Community Community B (7 members): MiddleofMayhem, OSIRISUAP, ShipsSmall, cosmic_surplus, likeitmatters3, susangerbic, ufoskeptic1968
[2025-06-04 21:57:47] INFO: Community analysis written to community_analysis.txt
[2025-06-04 21:57:47] WARNING: Generating trust network visualization...
[2025-06-04 21:57:48] WARNING: Network visualization saved to visualization/trust_network.png
[2025-06-04 21:57:48] WARNING: Creating JSON data structure...
[2025-06-04 21:57:48] WARNING: Successfully generated js/data.js with:
[2025-06-04 21:57:48] WARNING: - 25 users
[2025-06-04 21:57:48] WARNING: - 31 trust relationships
[2025-06-04 21:57:48] WARNING: - 2 communities
[2025-06-04 21:57:48] WARNING: Trust calculation completed successfully.
