[2025-05-11 17:30:05] WARNING: === Starting Trust Score Calculation ===
[2025-05-11 17:30:05] WARNING: Starting trust score calculation...
[2025-05-11 17:30:05] WARNING: Found 0 users in the trust network
[2025-05-11 17:30:05] WARNING: No users found in trust assignments
[2025-05-11 17:30:05] WARNING: Trust calculation failed.
[2025-05-11 17:39:59] WARNING: === Starting Trust Score Calculation ===
[2025-05-11 17:39:59] WARNING: Starting trust score calculation...
[2025-05-11 17:39:59] WARNING: Found 0 users in the trust network
[2025-05-11 17:39:59] WARNING: No users found in trust assignments
[2025-05-11 17:39:59] WARNING: Trust calculation failed.
[2025-05-11 17:49:59] WARNING: === Starting Trust Score Calculation ===
[2025-05-11 17:49:59] WARNING: Starting trust score calculation...
[2025-05-11 17:49:59] WARNING: Found 0 users in the trust network
[2025-05-11 17:49:59] WARNING: No users found in trust assignments
[2025-05-11 17:49:59] WARNING: Trust calculation failed.
[2025-05-11 18:00:00] WARNING: === Starting Trust Score Calculation ===
[2025-05-11 18:00:00] WARNING: Starting trust score calculation...
[2025-05-11 18:00:00] WARNING: Found 0 users in the trust network
[2025-05-11 18:00:00] WARNING: No users found in trust assignments
[2025-05-11 18:00:00] WARNING: Trust calculation failed.
[2025-05-11 18:09:59] WARNING: === Starting Trust Score Calculation ===
[2025-05-11 18:09:59] WARNING: Starting trust score calculation...
[2025-05-11 18:09:59] WARNING: Found 0 users in the trust network
[2025-05-11 18:09:59] WARNING: No users found in trust assignments
[2025-05-11 18:09:59] WARNING: Trust calculation failed.
[2025-05-11 18:17:13] WARNING: === Starting Trust Score Calculation ===
[2025-05-11 18:17:13] WARNING: Starting trust score calculation...
[2025-05-11 18:17:13] WARNING: Found 0 users in the trust network
[2025-05-11 18:17:13] WARNING: No users found in trust assignments
[2025-05-11 18:17:13] WARNING: Trust calculation failed.
[2025-05-11 18:18:41] WARNING: === Starting Trust Score Calculation ===
[2025-05-11 18:18:41] WARNING: Starting trust score calculation...
[2025-05-11 18:18:41] WARNING: Found 0 users in the trust network
[2025-05-11 18:18:41] WARNING: No users found in trust assignments
[2025-05-11 18:18:41] WARNING: Trust calculation failed.
[2025-05-11 20:47:37] WARNING: === Starting Trust Score Calculation ===
[2025-05-11 20:47:37] WARNING: Starting trust score calculation...
[2025-05-11 20:47:37] WARNING: Found 10 users in the trust network
[2025-05-11 20:47:37] WARNING: Building trust network graph...
[2025-05-11 20:47:37] WARNING: Calculating PageRank scores...
[2025-05-11 20:47:37] WARNING: Applying distrust penalties...
[2025-05-11 20:47:37] WARNING: Detecting communities...
[2025-05-11 20:47:37] WARNING: Creating JSON data structure...
[2025-05-11 20:47:37] WARNING: Successfully generated js/data.js with:
[2025-05-11 20:47:37] WARNING: - 10 users
[2025-05-11 20:47:37] WARNING: - 10 trust relationships
[2025-05-11 20:47:37] WARNING: - 4 communities
[2025-05-11 20:47:37] WARNING: Trust calculation completed successfully.
