[2025-05-22 22:57:40] INFO: Community Community A (18 members): AskaPol_UAPs, ChrisUKSharp, DanHaug6, Eyes_OnTheSkies, FettucineSplit, GoodTroubleShow, Halsrethink, JeremyCorbell, JonMajerowski, LueElizondo, PTHellyer, SnakePo9, TheOfficialQF, g_knapp, jamescfox, jayanderson, rosscoulthart, ufobeliever1947
[2025-05-22 22:57:40] INFO: Community Community B (7 members): MiddleofMayhem, OSIRISUAP, ShipsSmall, cosmic_surplus, likeitmatters3, susangerbic, ufoskeptic1968
[2025-05-22 22:57:40] INFO: Community analysis written to community_analysis.txt
[2025-05-22 22:57:40] WARNING: Generating trust network visualization...
[2025-05-22 22:57:41] WARNING: Network visualization saved to visualization/trust_network.png
[2025-05-22 22:57:41] WARNING: Creating JSON data structure...
[2025-05-22 22:57:41] WARNING: Successfully generated js/data.js with:
[2025-05-22 22:57:41] WARNING: - 25 users
[2025-05-22 22:57:41] WARNING: - 31 trust relationships
[2025-05-22 22:57:41] WARNING: - 2 communities
[2025-05-22 22:57:41] WARNING: Trust calculation completed successfully.
[2025-05-22 23:07:52] WARNING: === Starting Trust Score Calculation ===
[2025-05-22 23:07:52] WARNING: Starting trust score calculation...
[2025-05-22 23:07:52] WARNING: Found 25 users in the trust network
[2025-05-22 23:07:52] WARNING: Building trust network graph...
[2025-05-22 23:07:52] WARNING: Calculating PageRank scores...
[2025-05-22 23:07:52] WARNING: Applying distrust penalties...
[2025-05-22 23:07:52] WARNING: Detecting communities...
[2025-05-22 23:07:52] WARNING: Found 8 isolated nodes to assign to communities
[2025-05-22 23:07:52] WARNING: Assigned isolated node Eyes_OnTheSkies to community 1 based on structural balance theory
[2025-05-22 23:07:52] WARNING: Assigned isolated node FettucineSplit to community 1 based on structural balance theory
[2025-05-22 23:07:52] WARNING: Assigned isolated node JonMajerowski to community 1 based on structural balance theory
[2025-05-22 23:07:52] WARNING: Assigned isolated node MiddleofMayhem to community 2 based on structural balance theory
[2025-05-22 23:07:52] WARNING: Assigned isolated node PTHellyer to community 1 based on structural balance theory
[2025-05-22 23:07:52] WARNING: Assigned isolated node SnakePo9 to community 1 based on structural balance theory
[2025-05-22 23:07:52] WARNING: Assigned isolated node jamescfox to community 1 based on structural balance theory
[2025-05-22 23:07:52] WARNING: Assigned isolated node likeitmatters3 to community 2 based on structural balance theory
[2025-05-22 23:07:52] INFO: Analyzing community composition...
[2025-05-22 23:07:52] INFO: Community Community A (18 members): AskaPol_UAPs, ChrisUKSharp, DanHaug6, Eyes_OnTheSkies, FettucineSplit, GoodTroubleShow, Halsrethink, JeremyCorbell, JonMajerowski, LueElizondo, PTHellyer, SnakePo9, TheOfficialQF, g_knapp, jamescfox, jayanderson, rosscoulthart, ufobeliever1947
[2025-05-22 23:07:52] INFO: Community Community B (7 members): MiddleofMayhem, OSIRISUAP, ShipsSmall, cosmic_surplus, likeitmatters3, susangerbic, ufoskeptic1968
[2025-05-22 23:07:52] INFO: Community analysis written to community_analysis.txt
[2025-05-22 23:07:52] WARNING: Generating trust network visualization...
[2025-05-22 23:07:54] WARNING: Network visualization saved to visualization/trust_network.png
[2025-05-22 23:07:54] WARNING: Creating JSON data structure...
[2025-05-22 23:07:54] WARNING: Successfully generated js/data.js with:
[2025-05-22 23:07:54] WARNING: - 25 users
[2025-05-22 23:07:54] WARNING: - 31 trust relationships
[2025-05-22 23:07:54] WARNING: - 2 communities
[2025-05-22 23:07:54] WARNING: Trust calculation completed successfully.
[2025-05-22 23:17:38] WARNING: === Starting Trust Score Calculation ===
[2025-05-22 23:17:38] WARNING: Starting trust score calculation...
[2025-05-22 23:17:38] WARNING: Found 25 users in the trust network
[2025-05-22 23:17:38] WARNING: Building trust network graph...
[2025-05-22 23:17:38] WARNING: Calculating PageRank scores...
[2025-05-22 23:17:38] WARNING: Applying distrust penalties...
[2025-05-22 23:17:38] WARNING: Detecting communities...
[2025-05-22 23:17:38] WARNING: Found 8 isolated nodes to assign to communities
[2025-05-22 23:17:38] WARNING: Assigned isolated node Eyes_OnTheSkies to community 1 based on structural balance theory
[2025-05-22 23:17:38] WARNING: Assigned isolated node FettucineSplit to community 1 based on structural balance theory
[2025-05-22 23:17:38] WARNING: Assigned isolated node JonMajerowski to community 1 based on structural balance theory
[2025-05-22 23:17:38] WARNING: Assigned isolated node MiddleofMayhem to community 2 based on structural balance theory
[2025-05-22 23:17:38] WARNING: Assigned isolated node PTHellyer to community 1 based on structural balance theory
[2025-05-22 23:17:38] WARNING: Assigned isolated node SnakePo9 to community 1 based on structural balance theory
[2025-05-22 23:17:38] WARNING: Assigned isolated node jamescfox to community 1 based on structural balance theory
[2025-05-22 23:17:38] WARNING: Assigned isolated node likeitmatters3 to community 2 based on structural balance theory
[2025-05-22 23:17:38] INFO: Analyzing community composition...
[2025-05-22 23:17:38] INFO: Community Community A (18 members): AskaPol_UAPs, ChrisUKSharp, DanHaug6, Eyes_OnTheSkies, FettucineSplit, GoodTroubleShow, Halsrethink, JeremyCorbell, JonMajerowski, LueElizondo, PTHellyer, SnakePo9, TheOfficialQF, g_knapp, jamescfox, jayanderson, rosscoulthart, ufobeliever1947
[2025-05-22 23:17:38] INFO: Community Community B (7 members): MiddleofMayhem, OSIRISUAP, ShipsSmall, cosmic_surplus, likeitmatters3, susangerbic, ufoskeptic1968
[2025-05-22 23:17:38] INFO: Community analysis written to community_analysis.txt
[2025-05-22 23:17:38] WARNING: Generating trust network visualization...
[2025-05-22 23:17:39] WARNING: Network visualization saved to visualization/trust_network.png
[2025-05-22 23:17:39] WARNING: Creating JSON data structure...
[2025-05-22 23:17:39] WARNING: Successfully generated js/data.js with:
[2025-05-22 23:17:39] WARNING: - 25 users
[2025-05-22 23:17:39] WARNING: - 31 trust relationships
[2025-05-22 23:17:39] WARNING: - 2 communities
[2025-05-22 23:17:39] WARNING: Trust calculation completed successfully.
[2025-05-22 23:27:39] WARNING: === Starting Trust Score Calculation ===
[2025-05-22 23:27:39] WARNING: Starting trust score calculation...
[2025-05-22 23:27:39] WARNING: Found 25 users in the trust network
[2025-05-22 23:27:39] WARNING: Building trust network graph...
[2025-05-22 23:27:39] WARNING: Calculating PageRank scores...
[2025-05-22 23:27:39] WARNING: Applying distrust penalties...
[2025-05-22 23:27:39] WARNING: Detecting communities...
[2025-05-22 23:27:39] WARNING: Found 8 isolated nodes to assign to communities
[2025-05-22 23:27:39] WARNING: Assigned isolated node Eyes_OnTheSkies to community 1 based on structural balance theory
[2025-05-22 23:27:39] WARNING: Assigned isolated node FettucineSplit to community 1 based on structural balance theory
[2025-05-22 23:27:39] WARNING: Assigned isolated node JonMajerowski to community 1 based on structural balance theory
[2025-05-22 23:27:39] WARNING: Assigned isolated node MiddleofMayhem to community 2 based on structural balance theory
[2025-05-22 23:27:39] WARNING: Assigned isolated node PTHellyer to community 1 based on structural balance theory
[2025-05-22 23:27:39] WARNING: Assigned isolated node SnakePo9 to community 1 based on structural balance theory
[2025-05-22 23:27:39] WARNING: Assigned isolated node jamescfox to community 1 based on structural balance theory
[2025-05-22 23:27:39] WARNING: Assigned isolated node likeitmatters3 to community 2 based on structural balance theory
[2025-05-22 23:27:39] INFO: Analyzing community composition...
[2025-05-22 23:27:39] INFO: Community Community A (18 members): AskaPol_UAPs, ChrisUKSharp, DanHaug6, Eyes_OnTheSkies, FettucineSplit, GoodTroubleShow, Halsrethink, JeremyCorbell, JonMajerowski, LueElizondo, PTHellyer, SnakePo9, TheOfficialQF, g_knapp, jamescfox, jayanderson, rosscoulthart, ufobeliever1947
[2025-05-22 23:27:39] INFO: Community Community B (7 members): MiddleofMayhem, OSIRISUAP, ShipsSmall, cosmic_surplus, likeitmatters3, susangerbic, ufoskeptic1968
[2025-05-22 23:27:39] INFO: Community analysis written to community_analysis.txt
[2025-05-22 23:27:39] WARNING: Generating trust network visualization...
[2025-05-22 23:27:41] WARNING: Network visualization saved to visualization/trust_network.png
[2025-05-22 23:27:41] WARNING: Creating JSON data structure...
[2025-05-22 23:27:41] WARNING: Successfully generated js/data.js with:
[2025-05-22 23:27:41] WARNING: - 25 users
[2025-05-22 23:27:41] WARNING: - 31 trust relationships
[2025-05-22 23:27:41] WARNING: - 2 communities
[2025-05-22 23:27:41] WARNING: Trust calculation completed successfully.
[2025-05-22 23:37:36] WARNING: === Starting Trust Score Calculation ===
[2025-05-22 23:37:36] WARNING: Starting trust score calculation...
[2025-05-22 23:37:36] WARNING: Found 25 users in the trust network
[2025-05-22 23:37:36] WARNING: Building trust network graph...
[2025-05-22 23:37:36] WARNING: Calculating PageRank scores...
[2025-05-22 23:37:36] WARNING: Applying distrust penalties...
[2025-05-22 23:37:36] WARNING: Detecting communities...
[2025-05-22 23:37:36] WARNING: Found 8 isolated nodes to assign to communities
[2025-05-22 23:37:36] WARNING: Assigned isolated node Eyes_OnTheSkies to community 1 based on structural balance theory
[2025-05-22 23:37:36] WARNING: Assigned isolated node FettucineSplit to community 1 based on structural balance theory
[2025-05-22 23:37:36] WARNING: Assigned isolated node JonMajerowski to community 1 based on structural balance theory
[2025-05-22 23:37:36] WARNING: Assigned isolated node MiddleofMayhem to community 2 based on structural balance theory
[2025-05-22 23:37:36] WARNING: Assigned isolated node PTHellyer to community 1 based on structural balance theory
[2025-05-22 23:37:36] WARNING: Assigned isolated node SnakePo9 to community 1 based on structural balance theory
[2025-05-22 23:37:36] WARNING: Assigned isolated node jamescfox to community 1 based on structural balance theory
[2025-05-22 23:37:36] WARNING: Assigned isolated node likeitmatters3 to community 2 based on structural balance theory
[2025-05-22 23:37:36] INFO: Analyzing community composition...
[2025-05-22 23:37:36] INFO: Community Community A (18 members): AskaPol_UAPs, ChrisUKSharp, DanHaug6, Eyes_OnTheSkies, FettucineSplit, GoodTroubleShow, Halsrethink, JeremyCorbell, JonMajerowski, LueElizondo, PTHellyer, SnakePo9, TheOfficialQF, g_knapp, jamescfox, jayanderson, rosscoulthart, ufobeliever1947
[2025-05-22 23:37:36] INFO: Community Community B (7 members): MiddleofMayhem, OSIRISUAP, ShipsSmall, cosmic_surplus, likeitmatters3, susangerbic, ufoskeptic1968
[2025-05-22 23:37:36] INFO: Community analysis written to community_analysis.txt
[2025-05-22 23:37:36] WARNING: Generating trust network visualization...
[2025-05-22 23:37:37] WARNING: Network visualization saved to visualization/trust_network.png
[2025-05-22 23:37:37] WARNING: Creating JSON data structure...
[2025-05-22 23:37:37] WARNING: Successfully generated js/data.js with:
[2025-05-22 23:37:37] WARNING: - 25 users
[2025-05-22 23:37:37] WARNING: - 31 trust relationships
[2025-05-22 23:37:37] WARNING: - 2 communities
[2025-05-22 23:37:37] WARNING: Trust calculation completed successfully.
[2025-05-22 23:50:52] WARNING: === Starting Trust Score Calculation ===
[2025-05-22 23:50:52] WARNING: Starting trust score calculation...
[2025-05-22 23:50:52] WARNING: Found 25 users in the trust network
[2025-05-22 23:50:52] WARNING: Building trust network graph...
[2025-05-22 23:50:52] WARNING: Calculating PageRank scores...
[2025-05-22 23:50:52] WARNING: Applying distrust penalties...
[2025-05-22 23:50:52] WARNING: Detecting communities...
[2025-05-22 23:50:52] WARNING: Found 8 isolated nodes to assign to communities
[2025-05-22 23:50:52] WARNING: Assigned isolated node Eyes_OnTheSkies to community 1 based on structural balance theory
[2025-05-22 23:50:52] WARNING: Assigned isolated node FettucineSplit to community 1 based on structural balance theory
[2025-05-22 23:50:52] WARNING: Assigned isolated node JonMajerowski to community 1 based on structural balance theory
[2025-05-22 23:50:52] WARNING: Assigned isolated node MiddleofMayhem to community 2 based on structural balance theory
[2025-05-22 23:50:52] WARNING: Assigned isolated node PTHellyer to community 1 based on structural balance theory
[2025-05-22 23:50:52] WARNING: Assigned isolated node SnakePo9 to community 1 based on structural balance theory
[2025-05-22 23:50:52] WARNING: Assigned isolated node jamescfox to community 1 based on structural balance theory
[2025-05-22 23:50:52] WARNING: Assigned isolated node likeitmatters3 to community 2 based on structural balance theory
[2025-05-22 23:50:52] INFO: Analyzing community composition...
[2025-05-22 23:50:52] INFO: Community Community A (18 members): AskaPol_UAPs, ChrisUKSharp, DanHaug6, Eyes_OnTheSkies, FettucineSplit, GoodTroubleShow, Halsrethink, JeremyCorbell, JonMajerowski, LueElizondo, PTHellyer, SnakePo9, TheOfficialQF, g_knapp, jamescfox, jayanderson, rosscoulthart, ufobeliever1947
[2025-05-22 23:50:52] INFO: Community Community B (7 members): MiddleofMayhem, OSIRISUAP, ShipsSmall, cosmic_surplus, likeitmatters3, susangerbic, ufoskeptic1968
[2025-05-22 23:50:52] INFO: Community analysis written to community_analysis.txt
[2025-05-22 23:50:52] WARNING: Generating trust network visualization...
[2025-05-22 23:50:53] WARNING: Network visualization saved to visualization/trust_network.png
[2025-05-22 23:50:53] WARNING: Creating JSON data structure...
[2025-05-22 23:50:53] WARNING: Successfully generated js/data.js with:
[2025-05-22 23:50:53] WARNING: - 25 users
[2025-05-22 23:50:53] WARNING: - 31 trust relationships
[2025-05-22 23:50:53] WARNING: - 2 communities
[2025-05-22 23:50:53] WARNING: Trust calculation completed successfully.
[2025-05-22 23:57:38] WARNING: === Starting Trust Score Calculation ===
[2025-05-22 23:57:38] WARNING: Starting trust score calculation...
[2025-05-22 23:57:38] WARNING: Found 25 users in the trust network
[2025-05-22 23:57:38] WARNING: Building trust network graph...
[2025-05-22 23:57:38] WARNING: Calculating PageRank scores...
[2025-05-22 23:57:38] WARNING: Applying distrust penalties...
[2025-05-22 23:57:38] WARNING: Detecting communities...
[2025-05-22 23:57:38] WARNING: Found 8 isolated nodes to assign to communities
[2025-05-22 23:57:38] WARNING: Assigned isolated node Eyes_OnTheSkies to community 1 based on structural balance theory
[2025-05-22 23:57:38] WARNING: Assigned isolated node FettucineSplit to community 1 based on structural balance theory
[2025-05-22 23:57:38] WARNING: Assigned isolated node JonMajerowski to community 1 based on structural balance theory
[2025-05-22 23:57:38] WARNING: Assigned isolated node MiddleofMayhem to community 2 based on structural balance theory
[2025-05-22 23:57:38] WARNING: Assigned isolated node PTHellyer to community 1 based on structural balance theory
[2025-05-22 23:57:38] WARNING: Assigned isolated node SnakePo9 to community 1 based on structural balance theory
[2025-05-22 23:57:38] WARNING: Assigned isolated node jamescfox to community 1 based on structural balance theory
[2025-05-22 23:57:38] WARNING: Assigned isolated node likeitmatters3 to community 2 based on structural balance theory
[2025-05-22 23:57:38] INFO: Analyzing community composition...
[2025-05-22 23:57:38] INFO: Community Community A (18 members): AskaPol_UAPs, ChrisUKSharp, DanHaug6, Eyes_OnTheSkies, FettucineSplit, GoodTroubleShow, Halsrethink, JeremyCorbell, JonMajerowski, LueElizondo, PTHellyer, SnakePo9, TheOfficialQF, g_knapp, jamescfox, jayanderson, rosscoulthart, ufobeliever1947
[2025-05-22 23:57:38] INFO: Community Community B (7 members): MiddleofMayhem, OSIRISUAP, ShipsSmall, cosmic_surplus, likeitmatters3, susangerbic, ufoskeptic1968
[2025-05-22 23:57:38] INFO: Community analysis written to community_analysis.txt
[2025-05-22 23:57:38] WARNING: Generating trust network visualization...
[2025-05-22 23:57:39] WARNING: Network visualization saved to visualization/trust_network.png
[2025-05-22 23:57:39] WARNING: Creating JSON data structure...
[2025-05-22 23:57:39] WARNING: Successfully generated js/data.js with:
[2025-05-22 23:57:39] WARNING: - 25 users
[2025-05-22 23:57:39] WARNING: - 31 trust relationships
[2025-05-22 23:57:39] WARNING: - 2 communities
[2025-05-22 23:57:39] WARNING: Trust calculation completed successfully.
[2025-05-23 00:07:38] WARNING: === Starting Trust Score Calculation ===
[2025-05-23 00:07:38] WARNING: Starting trust score calculation...
[2025-05-23 00:07:38] WARNING: Found 25 users in the trust network
[2025-05-23 00:07:38] WARNING: Building trust network graph...
[2025-05-23 00:07:38] WARNING: Calculating PageRank scores...
[2025-05-23 00:07:38] WARNING: Applying distrust penalties...
[2025-05-23 00:07:38] WARNING: Detecting communities...
[2025-05-23 00:07:38] WARNING: Found 8 isolated nodes to assign to communities
[2025-05-23 00:07:38] WARNING: Assigned isolated node Eyes_OnTheSkies to community 1 based on structural balance theory
[2025-05-23 00:07:38] WARNING: Assigned isolated node FettucineSplit to community 1 based on structural balance theory
[2025-05-23 00:07:38] WARNING: Assigned isolated node JonMajerowski to community 1 based on structural balance theory
[2025-05-23 00:07:38] WARNING: Assigned isolated node MiddleofMayhem to community 2 based on structural balance theory
[2025-05-23 00:07:38] WARNING: Assigned isolated node PTHellyer to community 1 based on structural balance theory
[2025-05-23 00:07:38] WARNING: Assigned isolated node SnakePo9 to community 1 based on structural balance theory
[2025-05-23 00:07:38] WARNING: Assigned isolated node jamescfox to community 1 based on structural balance theory
[2025-05-23 00:07:38] WARNING: Assigned isolated node likeitmatters3 to community 2 based on structural balance theory
[2025-05-23 00:07:38] INFO: Analyzing community composition...
[2025-05-23 00:07:38] INFO: Community Community A (18 members): AskaPol_UAPs, ChrisUKSharp, DanHaug6, Eyes_OnTheSkies, FettucineSplit, GoodTroubleShow, Halsrethink, JeremyCorbell, JonMajerowski, LueElizondo, PTHellyer, SnakePo9, TheOfficialQF, g_knapp, jamescfox, jayanderson, rosscoulthart, ufobeliever1947
[2025-05-23 00:07:38] INFO: Community Community B (7 members): MiddleofMayhem, OSIRISUAP, ShipsSmall, cosmic_surplus, likeitmatters3, susangerbic, ufoskeptic1968
[2025-05-23 00:07:38] INFO: Community analysis written to community_analysis.txt
[2025-05-23 00:07:38] WARNING: Generating trust network visualization...
[2025-05-23 00:07:39] WARNING: Network visualization saved to visualization/trust_network.png
[2025-05-23 00:07:39] WARNING: Creating JSON data structure...
[2025-05-23 00:07:39] WARNING: Successfully generated js/data.js with:
[2025-05-23 00:07:39] WARNING: - 25 users
[2025-05-23 00:07:39] WARNING: - 31 trust relationships
[2025-05-23 00:07:39] WARNING: - 2 communities
[2025-05-23 00:07:39] WARNING: Trust calculation completed successfully.
[2025-05-23 00:17:38] WARNING: === Starting Trust Score Calculation ===
[2025-05-23 00:17:38] WARNING: Starting trust score calculation...
[2025-05-23 00:17:38] WARNING: Found 25 users in the trust network
[2025-05-23 00:17:38] WARNING: Building trust network graph...
[2025-05-23 00:17:38] WARNING: Calculating PageRank scores...
[2025-05-23 00:17:38] WARNING: Applying distrust penalties...
[2025-05-23 00:17:38] WARNING: Detecting communities...
[2025-05-23 00:17:38] WARNING: Found 8 isolated nodes to assign to communities
[2025-05-23 00:17:38] WARNING: Assigned isolated node Eyes_OnTheSkies to community 1 based on structural balance theory
[2025-05-23 00:17:38] WARNING: Assigned isolated node FettucineSplit to community 1 based on structural balance theory
[2025-05-23 00:17:38] WARNING: Assigned isolated node JonMajerowski to community 1 based on structural balance theory
[2025-05-23 00:17:38] WARNING: Assigned isolated node MiddleofMayhem to community 2 based on structural balance theory
[2025-05-23 00:17:38] WARNING: Assigned isolated node PTHellyer to community 1 based on structural balance theory
[2025-05-23 00:17:38] WARNING: Assigned isolated node SnakePo9 to community 1 based on structural balance theory
[2025-05-23 00:17:38] WARNING: Assigned isolated node jamescfox to community 1 based on structural balance theory
[2025-05-23 00:17:38] WARNING: Assigned isolated node likeitmatters3 to community 2 based on structural balance theory
[2025-05-23 00:17:38] INFO: Analyzing community composition...
[2025-05-23 00:17:38] INFO: Community Community A (18 members): AskaPol_UAPs, ChrisUKSharp, DanHaug6, Eyes_OnTheSkies, FettucineSplit, GoodTroubleShow, Halsrethink, JeremyCorbell, JonMajerowski, LueElizondo, PTHellyer, SnakePo9, TheOfficialQF, g_knapp, jamescfox, jayanderson, rosscoulthart, ufobeliever1947
[2025-05-23 00:17:38] INFO: Community Community B (7 members): MiddleofMayhem, OSIRISUAP, ShipsSmall, cosmic_surplus, likeitmatters3, susangerbic, ufoskeptic1968
[2025-05-23 00:17:38] INFO: Community analysis written to community_analysis.txt
[2025-05-23 00:17:38] WARNING: Generating trust network visualization...
[2025-05-23 00:17:38] WARNING: Network visualization saved to visualization/trust_network.png
[2025-05-23 00:17:38] WARNING: Creating JSON data structure...
[2025-05-23 00:17:38] WARNING: Successfully generated js/data.js with:
[2025-05-23 00:17:38] WARNING: - 25 users
[2025-05-23 00:17:38] WARNING: - 31 trust relationships
[2025-05-23 00:17:38] WARNING: - 2 communities
[2025-05-23 00:17:38] WARNING: Trust calculation completed successfully.
