[2025-05-22 16:17:43] INFO: Community Community A (18 members): AskaPol_UAPs, ChrisUKSharp, DanHaug6, Eyes_OnTheSkies, FettucineSplit, GoodTroubleShow, Halsrethink, JeremyCorbell, JonMajerowski, LueElizondo, PTHellyer, SnakePo9, TheOfficialQF, g_knapp, jamescfox, jayanderson, rosscoulthart, ufobeliever1947
[2025-05-22 16:17:44] INFO: Community Community B (7 members): MiddleofMayhem, OSIRISUAP, ShipsSmall, cosmic_surplus, likeitmatters3, susangerbic, ufoskeptic1968
[2025-05-22 16:17:44] INFO: Community analysis written to community_analysis.txt
[2025-05-22 16:17:44] WARNING: Generating trust network visualization...
[2025-05-22 16:17:45] WARNING: Network visualization saved to visualization/trust_network.png
[2025-05-22 16:17:45] WARNING: Creating JSON data structure...
[2025-05-22 16:17:45] WARNING: Successfully generated js/data.js with:
[2025-05-22 16:17:45] WARNING: - 25 users
[2025-05-22 16:17:45] WARNING: - 31 trust relationships
[2025-05-22 16:17:45] WARNING: - 2 communities
[2025-05-22 16:17:45] WARNING: Trust calculation completed successfully.
[2025-05-22 16:27:48] WARNING: === Starting Trust Score Calculation ===
[2025-05-22 16:27:48] WARNING: Starting trust score calculation...
[2025-05-22 16:27:48] WARNING: Found 25 users in the trust network
[2025-05-22 16:27:48] WARNING: Building trust network graph...
[2025-05-22 16:27:48] WARNING: Calculating PageRank scores...
[2025-05-22 16:27:48] WARNING: Applying distrust penalties...
[2025-05-22 16:27:48] WARNING: Detecting communities...
[2025-05-22 16:27:48] WARNING: Found 8 isolated nodes to assign to communities
[2025-05-22 16:27:48] WARNING: Assigned isolated node Eyes_OnTheSkies to community 1 based on structural balance theory
[2025-05-22 16:27:48] WARNING: Assigned isolated node FettucineSplit to community 1 based on structural balance theory
[2025-05-22 16:27:48] WARNING: Assigned isolated node JonMajerowski to community 1 based on structural balance theory
[2025-05-22 16:27:48] WARNING: Assigned isolated node MiddleofMayhem to community 2 based on structural balance theory
[2025-05-22 16:27:48] WARNING: Assigned isolated node PTHellyer to community 1 based on structural balance theory
[2025-05-22 16:27:48] WARNING: Assigned isolated node SnakePo9 to community 1 based on structural balance theory
[2025-05-22 16:27:48] WARNING: Assigned isolated node jamescfox to community 1 based on structural balance theory
[2025-05-22 16:27:48] WARNING: Assigned isolated node likeitmatters3 to community 2 based on structural balance theory
[2025-05-22 16:27:48] INFO: Analyzing community composition...
[2025-05-22 16:27:48] INFO: Community Community A (18 members): AskaPol_UAPs, ChrisUKSharp, DanHaug6, Eyes_OnTheSkies, FettucineSplit, GoodTroubleShow, Halsrethink, JeremyCorbell, JonMajerowski, LueElizondo, PTHellyer, SnakePo9, TheOfficialQF, g_knapp, jamescfox, jayanderson, rosscoulthart, ufobeliever1947
[2025-05-22 16:27:48] INFO: Community Community B (7 members): MiddleofMayhem, OSIRISUAP, ShipsSmall, cosmic_surplus, likeitmatters3, susangerbic, ufoskeptic1968
[2025-05-22 16:27:48] INFO: Community analysis written to community_analysis.txt
[2025-05-22 16:27:48] WARNING: Generating trust network visualization...
[2025-05-22 16:27:49] WARNING: Network visualization saved to visualization/trust_network.png
[2025-05-22 16:27:49] WARNING: Creating JSON data structure...
[2025-05-22 16:27:49] WARNING: Successfully generated js/data.js with:
[2025-05-22 16:27:49] WARNING: - 25 users
[2025-05-22 16:27:49] WARNING: - 31 trust relationships
[2025-05-22 16:27:49] WARNING: - 2 communities
[2025-05-22 16:27:49] WARNING: Trust calculation completed successfully.
[2025-05-22 16:37:45] WARNING: === Starting Trust Score Calculation ===
[2025-05-22 16:37:45] WARNING: Starting trust score calculation...
[2025-05-22 16:37:45] WARNING: Found 25 users in the trust network
[2025-05-22 16:37:45] WARNING: Building trust network graph...
[2025-05-22 16:37:45] WARNING: Calculating PageRank scores...
[2025-05-22 16:37:45] WARNING: Applying distrust penalties...
[2025-05-22 16:37:45] WARNING: Detecting communities...
[2025-05-22 16:37:45] WARNING: Found 8 isolated nodes to assign to communities
[2025-05-22 16:37:45] WARNING: Assigned isolated node Eyes_OnTheSkies to community 1 based on structural balance theory
[2025-05-22 16:37:45] WARNING: Assigned isolated node FettucineSplit to community 1 based on structural balance theory
[2025-05-22 16:37:45] WARNING: Assigned isolated node JonMajerowski to community 1 based on structural balance theory
[2025-05-22 16:37:45] WARNING: Assigned isolated node MiddleofMayhem to community 2 based on structural balance theory
[2025-05-22 16:37:45] WARNING: Assigned isolated node PTHellyer to community 1 based on structural balance theory
[2025-05-22 16:37:45] WARNING: Assigned isolated node SnakePo9 to community 1 based on structural balance theory
[2025-05-22 16:37:45] WARNING: Assigned isolated node jamescfox to community 1 based on structural balance theory
[2025-05-22 16:37:45] WARNING: Assigned isolated node likeitmatters3 to community 2 based on structural balance theory
[2025-05-22 16:37:45] INFO: Analyzing community composition...
[2025-05-22 16:37:45] INFO: Community Community A (18 members): AskaPol_UAPs, ChrisUKSharp, DanHaug6, Eyes_OnTheSkies, FettucineSplit, GoodTroubleShow, Halsrethink, JeremyCorbell, JonMajerowski, LueElizondo, PTHellyer, SnakePo9, TheOfficialQF, g_knapp, jamescfox, jayanderson, rosscoulthart, ufobeliever1947
[2025-05-22 16:37:45] INFO: Community Community B (7 members): MiddleofMayhem, OSIRISUAP, ShipsSmall, cosmic_surplus, likeitmatters3, susangerbic, ufoskeptic1968
[2025-05-22 16:37:45] INFO: Community analysis written to community_analysis.txt
[2025-05-22 16:37:45] WARNING: Generating trust network visualization...
[2025-05-22 16:37:46] WARNING: Network visualization saved to visualization/trust_network.png
[2025-05-22 16:37:46] WARNING: Creating JSON data structure...
[2025-05-22 16:37:46] WARNING: Successfully generated js/data.js with:
[2025-05-22 16:37:46] WARNING: - 25 users
[2025-05-22 16:37:46] WARNING: - 31 trust relationships
[2025-05-22 16:37:46] WARNING: - 2 communities
[2025-05-22 16:37:46] WARNING: Trust calculation completed successfully.
[2025-05-22 16:47:42] WARNING: === Starting Trust Score Calculation ===
[2025-05-22 16:47:42] WARNING: Starting trust score calculation...
[2025-05-22 16:47:42] WARNING: Found 25 users in the trust network
[2025-05-22 16:47:42] WARNING: Building trust network graph...
[2025-05-22 16:47:42] WARNING: Calculating PageRank scores...
[2025-05-22 16:47:42] WARNING: Applying distrust penalties...
[2025-05-22 16:47:42] WARNING: Detecting communities...
[2025-05-22 16:47:42] WARNING: Found 8 isolated nodes to assign to communities
[2025-05-22 16:47:42] WARNING: Assigned isolated node Eyes_OnTheSkies to community 1 based on structural balance theory
[2025-05-22 16:47:42] WARNING: Assigned isolated node FettucineSplit to community 1 based on structural balance theory
[2025-05-22 16:47:42] WARNING: Assigned isolated node JonMajerowski to community 1 based on structural balance theory
[2025-05-22 16:47:42] WARNING: Assigned isolated node MiddleofMayhem to community 2 based on structural balance theory
[2025-05-22 16:47:42] WARNING: Assigned isolated node PTHellyer to community 1 based on structural balance theory
[2025-05-22 16:47:42] WARNING: Assigned isolated node SnakePo9 to community 1 based on structural balance theory
[2025-05-22 16:47:42] WARNING: Assigned isolated node jamescfox to community 1 based on structural balance theory
[2025-05-22 16:47:42] WARNING: Assigned isolated node likeitmatters3 to community 2 based on structural balance theory
[2025-05-22 16:47:42] INFO: Analyzing community composition...
[2025-05-22 16:47:42] INFO: Community Community A (18 members): AskaPol_UAPs, ChrisUKSharp, DanHaug6, Eyes_OnTheSkies, FettucineSplit, GoodTroubleShow, Halsrethink, JeremyCorbell, JonMajerowski, LueElizondo, PTHellyer, SnakePo9, TheOfficialQF, g_knapp, jamescfox, jayanderson, rosscoulthart, ufobeliever1947
[2025-05-22 16:47:42] INFO: Community Community B (7 members): MiddleofMayhem, OSIRISUAP, ShipsSmall, cosmic_surplus, likeitmatters3, susangerbic, ufoskeptic1968
[2025-05-22 16:47:42] INFO: Community analysis written to community_analysis.txt
[2025-05-22 16:47:42] WARNING: Generating trust network visualization...
[2025-05-22 16:47:43] WARNING: Network visualization saved to visualization/trust_network.png
[2025-05-22 16:47:43] WARNING: Creating JSON data structure...
[2025-05-22 16:47:43] WARNING: Successfully generated js/data.js with:
[2025-05-22 16:47:43] WARNING: - 25 users
[2025-05-22 16:47:43] WARNING: - 31 trust relationships
[2025-05-22 16:47:43] WARNING: - 2 communities
[2025-05-22 16:47:43] WARNING: Trust calculation completed successfully.
[2025-05-22 16:57:43] WARNING: === Starting Trust Score Calculation ===
[2025-05-22 16:57:43] WARNING: Starting trust score calculation...
[2025-05-22 16:57:43] WARNING: Found 25 users in the trust network
[2025-05-22 16:57:43] WARNING: Building trust network graph...
[2025-05-22 16:57:43] WARNING: Calculating PageRank scores...
[2025-05-22 16:57:43] WARNING: Applying distrust penalties...
[2025-05-22 16:57:43] WARNING: Detecting communities...
[2025-05-22 16:57:43] WARNING: Found 8 isolated nodes to assign to communities
[2025-05-22 16:57:43] WARNING: Assigned isolated node Eyes_OnTheSkies to community 1 based on structural balance theory
[2025-05-22 16:57:43] WARNING: Assigned isolated node FettucineSplit to community 1 based on structural balance theory
[2025-05-22 16:57:43] WARNING: Assigned isolated node JonMajerowski to community 1 based on structural balance theory
[2025-05-22 16:57:43] WARNING: Assigned isolated node MiddleofMayhem to community 2 based on structural balance theory
[2025-05-22 16:57:43] WARNING: Assigned isolated node PTHellyer to community 1 based on structural balance theory
[2025-05-22 16:57:43] WARNING: Assigned isolated node SnakePo9 to community 1 based on structural balance theory
[2025-05-22 16:57:43] WARNING: Assigned isolated node jamescfox to community 1 based on structural balance theory
[2025-05-22 16:57:43] WARNING: Assigned isolated node likeitmatters3 to community 2 based on structural balance theory
[2025-05-22 16:57:43] INFO: Analyzing community composition...
[2025-05-22 16:57:43] INFO: Community Community A (18 members): AskaPol_UAPs, ChrisUKSharp, DanHaug6, Eyes_OnTheSkies, FettucineSplit, GoodTroubleShow, Halsrethink, JeremyCorbell, JonMajerowski, LueElizondo, PTHellyer, SnakePo9, TheOfficialQF, g_knapp, jamescfox, jayanderson, rosscoulthart, ufobeliever1947
[2025-05-22 16:57:43] INFO: Community Community B (7 members): MiddleofMayhem, OSIRISUAP, ShipsSmall, cosmic_surplus, likeitmatters3, susangerbic, ufoskeptic1968
[2025-05-22 16:57:43] INFO: Community analysis written to community_analysis.txt
[2025-05-22 16:57:43] WARNING: Generating trust network visualization...
[2025-05-22 16:57:45] WARNING: Network visualization saved to visualization/trust_network.png
[2025-05-22 16:57:45] WARNING: Creating JSON data structure...
[2025-05-22 16:57:45] WARNING: Successfully generated js/data.js with:
[2025-05-22 16:57:45] WARNING: - 25 users
[2025-05-22 16:57:45] WARNING: - 31 trust relationships
[2025-05-22 16:57:45] WARNING: - 2 communities
[2025-05-22 16:57:45] WARNING: Trust calculation completed successfully.
[2025-05-22 17:07:43] WARNING: === Starting Trust Score Calculation ===
[2025-05-22 17:07:43] WARNING: Starting trust score calculation...
[2025-05-22 17:07:43] WARNING: Found 25 users in the trust network
[2025-05-22 17:07:43] WARNING: Building trust network graph...
[2025-05-22 17:07:43] WARNING: Calculating PageRank scores...
[2025-05-22 17:07:43] WARNING: Applying distrust penalties...
[2025-05-22 17:07:43] WARNING: Detecting communities...
[2025-05-22 17:07:43] WARNING: Found 8 isolated nodes to assign to communities
[2025-05-22 17:07:43] WARNING: Assigned isolated node Eyes_OnTheSkies to community 1 based on structural balance theory
[2025-05-22 17:07:43] WARNING: Assigned isolated node FettucineSplit to community 1 based on structural balance theory
[2025-05-22 17:07:43] WARNING: Assigned isolated node JonMajerowski to community 1 based on structural balance theory
[2025-05-22 17:07:43] WARNING: Assigned isolated node MiddleofMayhem to community 2 based on structural balance theory
[2025-05-22 17:07:43] WARNING: Assigned isolated node PTHellyer to community 1 based on structural balance theory
[2025-05-22 17:07:43] WARNING: Assigned isolated node SnakePo9 to community 1 based on structural balance theory
[2025-05-22 17:07:43] WARNING: Assigned isolated node jamescfox to community 1 based on structural balance theory
[2025-05-22 17:07:43] WARNING: Assigned isolated node likeitmatters3 to community 2 based on structural balance theory
[2025-05-22 17:07:43] INFO: Analyzing community composition...
[2025-05-22 17:07:43] INFO: Community Community A (18 members): AskaPol_UAPs, ChrisUKSharp, DanHaug6, Eyes_OnTheSkies, FettucineSplit, GoodTroubleShow, Halsrethink, JeremyCorbell, JonMajerowski, LueElizondo, PTHellyer, SnakePo9, TheOfficialQF, g_knapp, jamescfox, jayanderson, rosscoulthart, ufobeliever1947
[2025-05-22 17:07:43] INFO: Community Community B (7 members): MiddleofMayhem, OSIRISUAP, ShipsSmall, cosmic_surplus, likeitmatters3, susangerbic, ufoskeptic1968
[2025-05-22 17:07:43] INFO: Community analysis written to community_analysis.txt
[2025-05-22 17:07:43] WARNING: Generating trust network visualization...
[2025-05-22 17:07:44] WARNING: Network visualization saved to visualization/trust_network.png
[2025-05-22 17:07:44] WARNING: Creating JSON data structure...
[2025-05-22 17:07:44] WARNING: Successfully generated js/data.js with:
[2025-05-22 17:07:44] WARNING: - 25 users
[2025-05-22 17:07:44] WARNING: - 31 trust relationships
[2025-05-22 17:07:44] WARNING: - 2 communities
[2025-05-22 17:07:44] WARNING: Trust calculation completed successfully.
[2025-05-22 17:17:44] WARNING: === Starting Trust Score Calculation ===
[2025-05-22 17:17:44] WARNING: Starting trust score calculation...
[2025-05-22 17:17:44] WARNING: Found 25 users in the trust network
[2025-05-22 17:17:44] WARNING: Building trust network graph...
[2025-05-22 17:17:44] WARNING: Calculating PageRank scores...
[2025-05-22 17:17:44] WARNING: Applying distrust penalties...
[2025-05-22 17:17:44] WARNING: Detecting communities...
[2025-05-22 17:17:44] WARNING: Found 8 isolated nodes to assign to communities
[2025-05-22 17:17:44] WARNING: Assigned isolated node Eyes_OnTheSkies to community 1 based on structural balance theory
[2025-05-22 17:17:44] WARNING: Assigned isolated node FettucineSplit to community 1 based on structural balance theory
[2025-05-22 17:17:44] WARNING: Assigned isolated node JonMajerowski to community 1 based on structural balance theory
[2025-05-22 17:17:44] WARNING: Assigned isolated node MiddleofMayhem to community 2 based on structural balance theory
[2025-05-22 17:17:44] WARNING: Assigned isolated node PTHellyer to community 1 based on structural balance theory
[2025-05-22 17:17:44] WARNING: Assigned isolated node SnakePo9 to community 1 based on structural balance theory
[2025-05-22 17:17:44] WARNING: Assigned isolated node jamescfox to community 1 based on structural balance theory
[2025-05-22 17:17:44] WARNING: Assigned isolated node likeitmatters3 to community 2 based on structural balance theory
[2025-05-22 17:17:44] INFO: Analyzing community composition...
[2025-05-22 17:17:44] INFO: Community Community A (18 members): AskaPol_UAPs, ChrisUKSharp, DanHaug6, Eyes_OnTheSkies, FettucineSplit, GoodTroubleShow, Halsrethink, JeremyCorbell, JonMajerowski, LueElizondo, PTHellyer, SnakePo9, TheOfficialQF, g_knapp, jamescfox, jayanderson, rosscoulthart, ufobeliever1947
[2025-05-22 17:17:44] INFO: Community Community B (7 members): MiddleofMayhem, OSIRISUAP, ShipsSmall, cosmic_surplus, likeitmatters3, susangerbic, ufoskeptic1968
[2025-05-22 17:17:44] INFO: Community analysis written to community_analysis.txt
[2025-05-22 17:17:44] WARNING: Generating trust network visualization...
[2025-05-22 17:17:46] WARNING: Network visualization saved to visualization/trust_network.png
[2025-05-22 17:17:46] WARNING: Creating JSON data structure...
[2025-05-22 17:17:46] WARNING: Successfully generated js/data.js with:
[2025-05-22 17:17:46] WARNING: - 25 users
[2025-05-22 17:17:46] WARNING: - 31 trust relationships
[2025-05-22 17:17:46] WARNING: - 2 communities
[2025-05-22 17:17:46] WARNING: Trust calculation completed successfully.
[2025-05-22 17:27:47] WARNING: === Starting Trust Score Calculation ===
[2025-05-22 17:27:47] WARNING: Starting trust score calculation...
[2025-05-22 17:27:47] WARNING: Found 25 users in the trust network
[2025-05-22 17:27:47] WARNING: Building trust network graph...
[2025-05-22 17:27:47] WARNING: Calculating PageRank scores...
[2025-05-22 17:27:47] WARNING: Applying distrust penalties...
[2025-05-22 17:27:47] WARNING: Detecting communities...
[2025-05-22 17:27:47] WARNING: Found 8 isolated nodes to assign to communities
[2025-05-22 17:27:47] WARNING: Assigned isolated node Eyes_OnTheSkies to community 1 based on structural balance theory
[2025-05-22 17:27:47] WARNING: Assigned isolated node FettucineSplit to community 1 based on structural balance theory
[2025-05-22 17:27:47] WARNING: Assigned isolated node JonMajerowski to community 1 based on structural balance theory
[2025-05-22 17:27:47] WARNING: Assigned isolated node MiddleofMayhem to community 2 based on structural balance theory
[2025-05-22 17:27:47] WARNING: Assigned isolated node PTHellyer to community 1 based on structural balance theory
[2025-05-22 17:27:47] WARNING: Assigned isolated node SnakePo9 to community 1 based on structural balance theory
[2025-05-22 17:27:47] WARNING: Assigned isolated node jamescfox to community 1 based on structural balance theory
[2025-05-22 17:27:47] WARNING: Assigned isolated node likeitmatters3 to community 2 based on structural balance theory
[2025-05-22 17:27:47] INFO: Analyzing community composition...
[2025-05-22 17:27:47] INFO: Community Community A (18 members): AskaPol_UAPs, ChrisUKSharp, DanHaug6, Eyes_OnTheSkies, FettucineSplit, GoodTroubleShow, Halsrethink, JeremyCorbell, JonMajerowski, LueElizondo, PTHellyer, SnakePo9, TheOfficialQF, g_knapp, jamescfox, jayanderson, rosscoulthart, ufobeliever1947
[2025-05-22 17:27:47] INFO: Community Community B (7 members): MiddleofMayhem, OSIRISUAP, ShipsSmall, cosmic_surplus, likeitmatters3, susangerbic, ufoskeptic1968
[2025-05-22 17:27:47] INFO: Community analysis written to community_analysis.txt
[2025-05-22 17:27:47] WARNING: Generating trust network visualization...
[2025-05-22 17:27:48] WARNING: Network visualization saved to visualization/trust_network.png
[2025-05-22 17:27:48] WARNING: Creating JSON data structure...
[2025-05-22 17:27:48] WARNING: Successfully generated js/data.js with:
[2025-05-22 17:27:48] WARNING: - 25 users
[2025-05-22 17:27:48] WARNING: - 31 trust relationships
[2025-05-22 17:27:48] WARNING: - 2 communities
[2025-05-22 17:27:48] WARNING: Trust calculation completed successfully.
[2025-05-22 17:37:46] WARNING: === Starting Trust Score Calculation ===
[2025-05-22 17:37:46] WARNING: Starting trust score calculation...
[2025-05-22 17:37:46] WARNING: Found 25 users in the trust network
[2025-05-22 17:37:46] WARNING: Building trust network graph...
[2025-05-22 17:37:46] WARNING: Calculating PageRank scores...
[2025-05-22 17:37:46] WARNING: Applying distrust penalties...
[2025-05-22 17:37:46] WARNING: Detecting communities...
[2025-05-22 17:37:46] WARNING: Found 8 isolated nodes to assign to communities
[2025-05-22 17:37:46] WARNING: Assigned isolated node Eyes_OnTheSkies to community 1 based on structural balance theory
[2025-05-22 17:37:46] WARNING: Assigned isolated node FettucineSplit to community 1 based on structural balance theory
[2025-05-22 17:37:46] WARNING: Assigned isolated node JonMajerowski to community 1 based on structural balance theory
[2025-05-22 17:37:46] WARNING: Assigned isolated node MiddleofMayhem to community 2 based on structural balance theory
[2025-05-22 17:37:46] WARNING: Assigned isolated node PTHellyer to community 1 based on structural balance theory
[2025-05-22 17:37:46] WARNING: Assigned isolated node SnakePo9 to community 1 based on structural balance theory
[2025-05-22 17:37:46] WARNING: Assigned isolated node jamescfox to community 1 based on structural balance theory
[2025-05-22 17:37:46] WARNING: Assigned isolated node likeitmatters3 to community 2 based on structural balance theory
[2025-05-22 17:37:46] INFO: Analyzing community composition...
[2025-05-22 17:37:46] INFO: Community Community A (18 members): AskaPol_UAPs, ChrisUKSharp, DanHaug6, Eyes_OnTheSkies, FettucineSplit, GoodTroubleShow, Halsrethink, JeremyCorbell, JonMajerowski, LueElizondo, PTHellyer, SnakePo9, TheOfficialQF, g_knapp, jamescfox, jayanderson, rosscoulthart, ufobeliever1947
[2025-05-22 17:37:46] INFO: Community Community B (7 members): MiddleofMayhem, OSIRISUAP, ShipsSmall, cosmic_surplus, likeitmatters3, susangerbic, ufoskeptic1968
[2025-05-22 17:37:46] INFO: Community analysis written to community_analysis.txt
[2025-05-22 17:37:46] WARNING: Generating trust network visualization...
[2025-05-22 17:37:49] WARNING: Network visualization saved to visualization/trust_network.png
[2025-05-22 17:37:49] WARNING: Creating JSON data structure...
[2025-05-22 17:37:49] WARNING: Successfully generated js/data.js with:
[2025-05-22 17:37:49] WARNING: - 25 users
[2025-05-22 17:37:49] WARNING: - 31 trust relationships
[2025-05-22 17:37:49] WARNING: - 2 communities
[2025-05-22 17:37:49] WARNING: Trust calculation completed successfully.
[2025-05-22 17:47:45] WARNING: === Starting Trust Score Calculation ===
[2025-05-22 17:47:45] WARNING: Starting trust score calculation...
[2025-05-22 17:47:45] WARNING: Found 25 users in the trust network
[2025-05-22 17:47:45] WARNING: Building trust network graph...
[2025-05-22 17:47:45] WARNING: Calculating PageRank scores...
[2025-05-22 17:47:45] WARNING: Applying distrust penalties...
[2025-05-22 17:47:45] WARNING: Detecting communities...
[2025-05-22 17:47:45] WARNING: Found 8 isolated nodes to assign to communities
[2025-05-22 17:47:45] WARNING: Assigned isolated node Eyes_OnTheSkies to community 1 based on structural balance theory
[2025-05-22 17:47:45] WARNING: Assigned isolated node FettucineSplit to community 1 based on structural balance theory
[2025-05-22 17:47:45] WARNING: Assigned isolated node JonMajerowski to community 1 based on structural balance theory
[2025-05-22 17:47:45] WARNING: Assigned isolated node MiddleofMayhem to community 2 based on structural balance theory
[2025-05-22 17:47:45] WARNING: Assigned isolated node PTHellyer to community 1 based on structural balance theory
[2025-05-22 17:47:45] WARNING: Assigned isolated node SnakePo9 to community 1 based on structural balance theory
[2025-05-22 17:47:45] WARNING: Assigned isolated node jamescfox to community 1 based on structural balance theory
[2025-05-22 17:47:45] WARNING: Assigned isolated node likeitmatters3 to community 2 based on structural balance theory
[2025-05-22 17:47:45] INFO: Analyzing community composition...
[2025-05-22 17:47:45] INFO: Community Community A (18 members): AskaPol_UAPs, ChrisUKSharp, DanHaug6, Eyes_OnTheSkies, FettucineSplit, GoodTroubleShow, Halsrethink, JeremyCorbell, JonMajerowski, LueElizondo, PTHellyer, SnakePo9, TheOfficialQF, g_knapp, jamescfox, jayanderson, rosscoulthart, ufobeliever1947
[2025-05-22 17:47:45] INFO: Community Community B (7 members): MiddleofMayhem, OSIRISUAP, ShipsSmall, cosmic_surplus, likeitmatters3, susangerbic, ufoskeptic1968
[2025-05-22 17:47:45] INFO: Community analysis written to community_analysis.txt
[2025-05-22 17:47:45] WARNING: Generating trust network visualization...
[2025-05-22 17:47:46] WARNING: Network visualization saved to visualization/trust_network.png
[2025-05-22 17:47:46] WARNING: Creating JSON data structure...
[2025-05-22 17:47:46] WARNING: Successfully generated js/data.js with:
[2025-05-22 17:47:46] WARNING: - 25 users
[2025-05-22 17:47:46] WARNING: - 31 trust relationships
[2025-05-22 17:47:46] WARNING: - 2 communities
[2025-05-22 17:47:46] WARNING: Trust calculation completed successfully.
[2025-05-22 17:57:44] WARNING: === Starting Trust Score Calculation ===
[2025-05-22 17:57:44] WARNING: Starting trust score calculation...
[2025-05-22 17:57:44] WARNING: Found 25 users in the trust network
[2025-05-22 17:57:44] WARNING: Building trust network graph...
[2025-05-22 17:57:44] WARNING: Calculating PageRank scores...
[2025-05-22 17:57:44] WARNING: Applying distrust penalties...
[2025-05-22 17:57:44] WARNING: Detecting communities...
[2025-05-22 17:57:44] WARNING: Found 8 isolated nodes to assign to communities
[2025-05-22 17:57:44] WARNING: Assigned isolated node Eyes_OnTheSkies to community 1 based on structural balance theory
[2025-05-22 17:57:44] WARNING: Assigned isolated node FettucineSplit to community 1 based on structural balance theory
[2025-05-22 17:57:44] WARNING: Assigned isolated node JonMajerowski to community 1 based on structural balance theory
[2025-05-22 17:57:44] WARNING: Assigned isolated node MiddleofMayhem to community 2 based on structural balance theory
[2025-05-22 17:57:44] WARNING: Assigned isolated node PTHellyer to community 1 based on structural balance theory
[2025-05-22 17:57:44] WARNING: Assigned isolated node SnakePo9 to community 1 based on structural balance theory
[2025-05-22 17:57:44] WARNING: Assigned isolated node jamescfox to community 1 based on structural balance theory
[2025-05-22 17:57:44] WARNING: Assigned isolated node likeitmatters3 to community 2 based on structural balance theory
[2025-05-22 17:57:44] INFO: Analyzing community composition...
[2025-05-22 17:57:44] INFO: Community Community A (18 members): AskaPol_UAPs, ChrisUKSharp, DanHaug6, Eyes_OnTheSkies, FettucineSplit, GoodTroubleShow, Halsrethink, JeremyCorbell, JonMajerowski, LueElizondo, PTHellyer, SnakePo9, TheOfficialQF, g_knapp, jamescfox, jayanderson, rosscoulthart, ufobeliever1947
[2025-05-22 17:57:44] INFO: Community Community B (7 members): MiddleofMayhem, OSIRISUAP, ShipsSmall, cosmic_surplus, likeitmatters3, susangerbic, ufoskeptic1968
[2025-05-22 17:57:44] INFO: Community analysis written to community_analysis.txt
[2025-05-22 17:57:44] WARNING: Generating trust network visualization...
[2025-05-22 17:57:46] WARNING: Network visualization saved to visualization/trust_network.png
[2025-05-22 17:57:46] WARNING: Creating JSON data structure...
[2025-05-22 17:57:46] WARNING: Successfully generated js/data.js with:
[2025-05-22 17:57:46] WARNING: - 25 users
[2025-05-22 17:57:46] WARNING: - 31 trust relationships
[2025-05-22 17:57:46] WARNING: - 2 communities
[2025-05-22 17:57:46] WARNING: Trust calculation completed successfully.
