[2025-05-11 17:30:05] WARNING: === Starting Trust Score Calculation ===
[2025-05-11 17:30:05] WARNING: Starting trust score calculation...
[2025-05-11 17:30:05] WARNING: Found 0 users in the trust network
[2025-05-11 17:30:05] WARNING: No users found in trust assignments
[2025-05-11 17:30:05] WARNING: Trust calculation failed.
[2025-05-11 17:39:59] WARNING: === Starting Trust Score Calculation ===
[2025-05-11 17:39:59] WARNING: Starting trust score calculation...
[2025-05-11 17:39:59] WARNING: Found 0 users in the trust network
[2025-05-11 17:39:59] WARNING: No users found in trust assignments
[2025-05-11 17:39:59] WARNING: Trust calculation failed.
[2025-05-11 17:49:59] WARNING: === Starting Trust Score Calculation ===
[2025-05-11 17:49:59] WARNING: Starting trust score calculation...
[2025-05-11 17:49:59] WARNING: Found 0 users in the trust network
[2025-05-11 17:49:59] WARNING: No users found in trust assignments
[2025-05-11 17:49:59] WARNING: Trust calculation failed.
[2025-05-11 18:00:00] WARNING: === Starting Trust Score Calculation ===
[2025-05-11 18:00:00] WARNING: Starting trust score calculation...
[2025-05-11 18:00:00] WARNING: Found 0 users in the trust network
[2025-05-11 18:00:00] WARNING: No users found in trust assignments
[2025-05-11 18:00:00] WARNING: Trust calculation failed.
[2025-05-11 18:09:59] WARNING: === Starting Trust Score Calculation ===
[2025-05-11 18:09:59] WARNING: Starting trust score calculation...
[2025-05-11 18:09:59] WARNING: Found 0 users in the trust network
[2025-05-11 18:09:59] WARNING: No users found in trust assignments
[2025-05-11 18:09:59] WARNING: Trust calculation failed.
[2025-05-11 18:17:13] WARNING: === Starting Trust Score Calculation ===
[2025-05-11 18:17:13] WARNING: Starting trust score calculation...
[2025-05-11 18:17:13] WARNING: Found 0 users in the trust network
[2025-05-11 18:17:13] WARNING: No users found in trust assignments
[2025-05-11 18:17:13] WARNING: Trust calculation failed.
[2025-05-11 18:18:41] WARNING: === Starting Trust Score Calculation ===
[2025-05-11 18:18:41] WARNING: Starting trust score calculation...
[2025-05-11 18:18:41] WARNING: Found 0 users in the trust network
[2025-05-11 18:18:41] WARNING: No users found in trust assignments
[2025-05-11 18:18:41] WARNING: Trust calculation failed.
[2025-05-11 20:47:37] WARNING: === Starting Trust Score Calculation ===
[2025-05-11 20:47:37] WARNING: Starting trust score calculation...
[2025-05-11 20:47:37] WARNING: Found 10 users in the trust network
[2025-05-11 20:47:37] WARNING: Building trust network graph...
[2025-05-11 20:47:37] WARNING: Calculating PageRank scores...
[2025-05-11 20:47:37] WARNING: Applying distrust penalties...
[2025-05-11 20:47:37] WARNING: Detecting communities...
[2025-05-11 20:47:37] WARNING: Creating JSON data structure...
[2025-05-11 20:47:37] WARNING: Successfully generated js/data.js with:
[2025-05-11 20:47:37] WARNING: - 10 users
[2025-05-11 20:47:37] WARNING: - 10 trust relationships
[2025-05-11 20:47:37] WARNING: - 4 communities
[2025-05-11 20:47:37] WARNING: Trust calculation completed successfully.
[2025-05-11 20:48:34] WARNING: === Starting Trust Score Calculation ===
[2025-05-11 20:48:34] WARNING: Starting trust score calculation...
[2025-05-11 20:48:34] WARNING: Found 10 users in the trust network
[2025-05-11 20:48:34] WARNING: Building trust network graph...
[2025-05-11 20:48:34] WARNING: Calculating PageRank scores...
[2025-05-11 20:48:34] WARNING: Applying distrust penalties...
[2025-05-11 20:48:34] WARNING: Detecting communities...
[2025-05-11 20:48:34] WARNING: Creating JSON data structure...
[2025-05-11 20:48:34] WARNING: Successfully generated js/data.js with:
[2025-05-11 20:48:34] WARNING: - 10 users
[2025-05-11 20:48:34] WARNING: - 10 trust relationships
[2025-05-11 20:48:34] WARNING: - 4 communities
[2025-05-11 20:48:34] WARNING: Trust calculation completed successfully.
[2025-05-11 20:57:37] WARNING: === Starting Trust Score Calculation ===
[2025-05-11 20:57:37] WARNING: Starting trust score calculation...
[2025-05-11 20:57:37] WARNING: Found 12 users in the trust network
[2025-05-11 20:57:37] WARNING: Building trust network graph...
[2025-05-11 20:57:37] WARNING: Calculating PageRank scores...
[2025-05-11 20:57:37] WARNING: Applying distrust penalties...
[2025-05-11 20:57:37] WARNING: Detecting communities...
[2025-05-11 20:57:37] WARNING: Creating JSON data structure...
[2025-05-11 20:57:37] WARNING: Successfully generated js/data.js with:
[2025-05-11 20:57:37] WARNING: - 12 users
[2025-05-11 20:57:37] WARNING: - 15 trust relationships
[2025-05-11 20:57:37] WARNING: - 4 communities
[2025-05-11 20:57:37] WARNING: Trust calculation completed successfully.
[2025-05-11 21:07:37] WARNING: === Starting Trust Score Calculation ===
[2025-05-11 21:07:37] WARNING: Starting trust score calculation...
[2025-05-11 21:07:37] WARNING: Found 15 users in the trust network
[2025-05-11 21:07:37] WARNING: Building trust network graph...
[2025-05-11 21:07:37] WARNING: Calculating PageRank scores...
[2025-05-11 21:07:37] WARNING: Applying distrust penalties...
[2025-05-11 21:07:37] WARNING: Detecting communities...
[2025-05-11 21:07:37] WARNING: Creating JSON data structure...
[2025-05-11 21:07:37] WARNING: Successfully generated js/data.js with:
[2025-05-11 21:07:37] WARNING: - 15 users
[2025-05-11 21:07:37] WARNING: - 18 trust relationships
[2025-05-11 21:07:37] WARNING: - 7 communities
[2025-05-11 21:07:37] WARNING: Trust calculation completed successfully.
[2025-05-11 21:17:37] WARNING: === Starting Trust Score Calculation ===
[2025-05-11 21:17:37] WARNING: Starting trust score calculation...
[2025-05-11 21:17:37] WARNING: Found 18 users in the trust network
[2025-05-11 21:17:37] WARNING: Building trust network graph...
[2025-05-11 21:17:37] WARNING: Calculating PageRank scores...
[2025-05-11 21:17:37] WARNING: Applying distrust penalties...
[2025-05-11 21:17:37] WARNING: Detecting communities...
[2025-05-11 21:17:37] WARNING: Creating JSON data structure...
[2025-05-11 21:17:37] WARNING: Successfully generated js/data.js with:
[2025-05-11 21:17:37] WARNING: - 18 users
[2025-05-11 21:17:37] WARNING: - 22 trust relationships
[2025-05-11 21:17:37] WARNING: - 6 communities
[2025-05-11 21:17:37] WARNING: Trust calculation completed successfully.
[2025-05-11 21:27:37] WARNING: === Starting Trust Score Calculation ===
[2025-05-11 21:27:37] WARNING: Starting trust score calculation...
[2025-05-11 21:27:37] WARNING: Found 20 users in the trust network
[2025-05-11 21:27:37] WARNING: Building trust network graph...
[2025-05-11 21:27:37] WARNING: Calculating PageRank scores...
[2025-05-11 21:27:37] WARNING: Applying distrust penalties...
[2025-05-11 21:27:37] WARNING: Detecting communities...
[2025-05-11 21:27:37] WARNING: Creating JSON data structure...
[2025-05-11 21:27:37] WARNING: Successfully generated js/data.js with:
[2025-05-11 21:27:37] WARNING: - 20 users
[2025-05-11 21:27:37] WARNING: - 24 trust relationships
[2025-05-11 21:27:37] WARNING: - 7 communities
[2025-05-11 21:27:37] WARNING: Trust calculation completed successfully.
[2025-05-11 21:37:37] WARNING: === Starting Trust Score Calculation ===
[2025-05-11 21:37:37] WARNING: Starting trust score calculation...
[2025-05-11 21:37:37] WARNING: Found 20 users in the trust network
[2025-05-11 21:37:37] WARNING: Building trust network graph...
[2025-05-11 21:37:37] WARNING: Calculating PageRank scores...
[2025-05-11 21:37:37] WARNING: Applying distrust penalties...
[2025-05-11 21:37:37] WARNING: Detecting communities...
[2025-05-11 21:37:37] WARNING: Creating JSON data structure...
[2025-05-11 21:37:37] WARNING: Successfully generated js/data.js with:
[2025-05-11 21:37:37] WARNING: - 20 users
[2025-05-11 21:37:37] WARNING: - 24 trust relationships
[2025-05-11 21:37:37] WARNING: - 7 communities
[2025-05-11 21:37:37] WARNING: Trust calculation completed successfully.
[2025-05-11 21:47:37] WARNING: === Starting Trust Score Calculation ===
[2025-05-11 21:47:37] WARNING: Starting trust score calculation...
[2025-05-11 21:47:37] WARNING: Found 20 users in the trust network
[2025-05-11 21:47:37] WARNING: Building trust network graph...
[2025-05-11 21:47:37] WARNING: Calculating PageRank scores...
[2025-05-11 21:47:37] WARNING: Applying distrust penalties...
[2025-05-11 21:47:37] WARNING: Detecting communities...
[2025-05-11 21:47:37] WARNING: Creating JSON data structure...
[2025-05-11 21:47:37] WARNING: Successfully generated js/data.js with:
[2025-05-11 21:47:37] WARNING: - 20 users
[2025-05-11 21:47:37] WARNING: - 24 trust relationships
[2025-05-11 21:47:37] WARNING: - 7 communities
[2025-05-11 21:47:37] WARNING: Trust calculation completed successfully.
[2025-05-11 21:57:40] WARNING: === Starting Trust Score Calculation ===
[2025-05-11 21:57:40] WARNING: Starting trust score calculation...
[2025-05-11 21:57:40] WARNING: Found 22 users in the trust network
[2025-05-11 21:57:40] WARNING: Building trust network graph...
[2025-05-11 21:57:40] WARNING: Calculating PageRank scores...
[2025-05-11 21:57:40] WARNING: Applying distrust penalties...
[2025-05-11 21:57:40] WARNING: Detecting communities...
[2025-05-11 21:57:40] WARNING: Creating JSON data structure...
[2025-05-11 21:57:40] WARNING: Successfully generated js/data.js with:
[2025-05-11 21:57:40] WARNING: - 22 users
[2025-05-11 21:57:40] WARNING: - 28 trust relationships
[2025-05-11 21:57:40] WARNING: - 9 communities
[2025-05-11 21:57:40] WARNING: Trust calculation completed successfully.
[2025-05-11 22:07:36] WARNING: === Starting Trust Score Calculation ===
[2025-05-11 22:07:36] WARNING: Starting trust score calculation...
[2025-05-11 22:07:36] WARNING: Found 22 users in the trust network
[2025-05-11 22:07:36] WARNING: Building trust network graph...
[2025-05-11 22:07:36] WARNING: Calculating PageRank scores...
[2025-05-11 22:07:37] WARNING: Applying distrust penalties...
[2025-05-11 22:07:37] WARNING: Detecting communities...
[2025-05-11 22:07:37] WARNING: Creating JSON data structure...
[2025-05-11 22:07:37] WARNING: Successfully generated js/data.js with:
[2025-05-11 22:07:37] WARNING: - 22 users
[2025-05-11 22:07:37] WARNING: - 28 trust relationships
[2025-05-11 22:07:37] WARNING: - 9 communities
[2025-05-11 22:07:37] WARNING: Trust calculation completed successfully.
[2025-05-11 22:17:36] WARNING: === Starting Trust Score Calculation ===
[2025-05-11 22:17:36] WARNING: Starting trust score calculation...
[2025-05-11 22:17:36] WARNING: Found 22 users in the trust network
[2025-05-11 22:17:36] WARNING: Building trust network graph...
[2025-05-11 22:17:36] WARNING: Calculating PageRank scores...
[2025-05-11 22:17:37] WARNING: Applying distrust penalties...
[2025-05-11 22:17:37] WARNING: Detecting communities...
[2025-05-11 22:17:37] WARNING: Creating JSON data structure...
[2025-05-11 22:17:37] WARNING: Successfully generated js/data.js with:
[2025-05-11 22:17:37] WARNING: - 22 users
[2025-05-11 22:17:37] WARNING: - 28 trust relationships
[2025-05-11 22:17:37] WARNING: - 9 communities
[2025-05-11 22:17:37] WARNING: Trust calculation completed successfully.
[2025-05-11 22:27:36] WARNING: === Starting Trust Score Calculation ===
[2025-05-11 22:27:36] WARNING: Starting trust score calculation...
[2025-05-11 22:27:36] WARNING: Found 23 users in the trust network
[2025-05-11 22:27:36] WARNING: Building trust network graph...
[2025-05-11 22:27:36] WARNING: Calculating PageRank scores...
[2025-05-11 22:27:37] WARNING: Applying distrust penalties...
[2025-05-11 22:27:37] WARNING: Detecting communities...
[2025-05-11 22:27:37] WARNING: Creating JSON data structure...
[2025-05-11 22:27:37] WARNING: Successfully generated js/data.js with:
[2025-05-11 22:27:37] WARNING: - 23 users
[2025-05-11 22:27:37] WARNING: - 29 trust relationships
[2025-05-11 22:27:37] WARNING: - 10 communities
[2025-05-11 22:27:37] WARNING: Trust calculation completed successfully.
[2025-05-11 22:37:36] WARNING: === Starting Trust Score Calculation ===
[2025-05-11 22:37:36] WARNING: Starting trust score calculation...
[2025-05-11 22:37:36] WARNING: Found 24 users in the trust network
[2025-05-11 22:37:36] WARNING: Building trust network graph...
[2025-05-11 22:37:36] WARNING: Calculating PageRank scores...
[2025-05-11 22:37:37] WARNING: Applying distrust penalties...
[2025-05-11 22:37:37] WARNING: Detecting communities...
[2025-05-11 22:37:37] WARNING: Creating JSON data structure...
[2025-05-11 22:37:37] WARNING: Successfully generated js/data.js with:
[2025-05-11 22:37:37] WARNING: - 24 users
[2025-05-11 22:37:37] WARNING: - 30 trust relationships
[2025-05-11 22:37:37] WARNING: - 10 communities
[2025-05-11 22:37:37] WARNING: Trust calculation completed successfully.
[2025-05-11 22:47:36] WARNING: === Starting Trust Score Calculation ===
[2025-05-11 22:47:36] WARNING: Starting trust score calculation...
[2025-05-11 22:47:36] WARNING: Found 25 users in the trust network
[2025-05-11 22:47:36] WARNING: Building trust network graph...
[2025-05-11 22:47:36] WARNING: Calculating PageRank scores...
[2025-05-11 22:47:36] WARNING: Applying distrust penalties...
[2025-05-11 22:47:36] WARNING: Detecting communities...
[2025-05-11 22:47:36] WARNING: Creating JSON data structure...
[2025-05-11 22:47:36] WARNING: Successfully generated js/data.js with:
[2025-05-11 22:47:36] WARNING: - 25 users
[2025-05-11 22:47:36] WARNING: - 31 trust relationships
[2025-05-11 22:47:36] WARNING: - 10 communities
[2025-05-11 22:47:36] WARNING: Trust calculation completed successfully.
[2025-05-11 22:57:36] WARNING: === Starting Trust Score Calculation ===
[2025-05-11 22:57:36] WARNING: Starting trust score calculation...
[2025-05-11 22:57:36] WARNING: Found 25 users in the trust network
[2025-05-11 22:57:36] WARNING: Building trust network graph...
[2025-05-11 22:57:36] WARNING: Calculating PageRank scores...
[2025-05-11 22:57:36] WARNING: Applying distrust penalties...
[2025-05-11 22:57:36] WARNING: Detecting communities...
[2025-05-11 22:57:36] WARNING: Creating JSON data structure...
[2025-05-11 22:57:36] WARNING: Successfully generated js/data.js with:
[2025-05-11 22:57:36] WARNING: - 25 users
[2025-05-11 22:57:36] WARNING: - 31 trust relationships
[2025-05-11 22:57:36] WARNING: - 10 communities
[2025-05-11 22:57:36] WARNING: Trust calculation completed successfully.
[2025-05-11 23:05:18] WARNING: === Starting Trust Score Calculation ===
[2025-05-11 23:05:18] WARNING: Starting trust score calculation...
[2025-05-11 23:05:18] WARNING: Found 25 users in the trust network
[2025-05-11 23:05:18] WARNING: Building trust network graph...
[2025-05-11 23:05:18] WARNING: Calculating PageRank scores...
[2025-05-11 23:05:18] WARNING: Applying distrust penalties...
[2025-05-11 23:05:18] WARNING: Detecting communities...
[2025-05-11 23:05:18] WARNING: Creating JSON data structure...
[2025-05-11 23:05:18] WARNING: Successfully generated js/data.js with:
[2025-05-11 23:05:18] WARNING: - 25 users
[2025-05-11 23:05:18] WARNING: - 31 trust relationships
[2025-05-11 23:05:18] WARNING: - 10 communities
[2025-05-11 23:05:18] WARNING: Trust calculation completed successfully.
[2025-05-11 23:07:36] WARNING: === Starting Trust Score Calculation ===
[2025-05-11 23:07:36] WARNING: Starting trust score calculation...
[2025-05-11 23:07:36] WARNING: Found 25 users in the trust network
[2025-05-11 23:07:36] WARNING: Building trust network graph...
[2025-05-11 23:07:36] WARNING: Calculating PageRank scores...
[2025-05-11 23:07:37] WARNING: Applying distrust penalties...
[2025-05-11 23:07:37] WARNING: Detecting communities...
[2025-05-11 23:07:37] WARNING: Creating JSON data structure...
[2025-05-11 23:07:37] WARNING: Successfully generated js/data.js with:
[2025-05-11 23:07:37] WARNING: - 25 users
[2025-05-11 23:07:37] WARNING: - 31 trust relationships
[2025-05-11 23:07:37] WARNING: - 10 communities
[2025-05-11 23:07:37] WARNING: Trust calculation completed successfully.
[2025-05-11 23:17:36] WARNING: === Starting Trust Score Calculation ===
[2025-05-11 23:17:36] WARNING: Starting trust score calculation...
[2025-05-11 23:17:36] WARNING: Found 25 users in the trust network
[2025-05-11 23:17:36] WARNING: Building trust network graph...
[2025-05-11 23:17:36] WARNING: Calculating PageRank scores...
[2025-05-11 23:17:36] WARNING: Applying distrust penalties...
[2025-05-11 23:17:36] WARNING: Detecting communities...
[2025-05-11 23:17:36] WARNING: Creating JSON data structure...
[2025-05-11 23:17:36] WARNING: Successfully generated js/data.js with:
[2025-05-11 23:17:36] WARNING: - 25 users
[2025-05-11 23:17:36] WARNING: - 31 trust relationships
[2025-05-11 23:17:36] WARNING: - 10 communities
[2025-05-11 23:17:36] WARNING: Trust calculation completed successfully.
[2025-05-11 23:27:36] WARNING: === Starting Trust Score Calculation ===
[2025-05-11 23:27:36] WARNING: Starting trust score calculation...
[2025-05-11 23:27:36] WARNING: Found 25 users in the trust network
[2025-05-11 23:27:36] WARNING: Building trust network graph...
[2025-05-11 23:27:36] WARNING: Calculating PageRank scores...
[2025-05-11 23:27:36] WARNING: Applying distrust penalties...
[2025-05-11 23:27:36] WARNING: Detecting communities...
[2025-05-11 23:27:36] WARNING: Creating JSON data structure...
[2025-05-11 23:27:36] WARNING: Successfully generated js/data.js with:
[2025-05-11 23:27:36] WARNING: - 25 users
[2025-05-11 23:27:36] WARNING: - 31 trust relationships
[2025-05-11 23:27:36] WARNING: - 10 communities
[2025-05-11 23:27:37] WARNING: Trust calculation completed successfully.
[2025-05-11 23:37:36] WARNING: === Starting Trust Score Calculation ===
[2025-05-11 23:37:36] WARNING: Starting trust score calculation...
[2025-05-11 23:37:36] WARNING: Found 25 users in the trust network
[2025-05-11 23:37:36] WARNING: Building trust network graph...
[2025-05-11 23:37:36] WARNING: Calculating PageRank scores...
[2025-05-11 23:37:36] WARNING: Applying distrust penalties...
[2025-05-11 23:37:36] WARNING: Detecting communities...
[2025-05-11 23:37:36] WARNING: Creating JSON data structure...
[2025-05-11 23:37:36] WARNING: Successfully generated js/data.js with:
[2025-05-11 23:37:36] WARNING: - 25 users
[2025-05-11 23:37:36] WARNING: - 31 trust relationships
[2025-05-11 23:37:36] WARNING: - 10 communities
[2025-05-11 23:37:36] WARNING: Trust calculation completed successfully.
[2025-05-11 23:47:37] WARNING: === Starting Trust Score Calculation ===
[2025-05-11 23:47:37] WARNING: Starting trust score calculation...
[2025-05-11 23:47:37] WARNING: Found 25 users in the trust network
[2025-05-11 23:47:37] WARNING: Building trust network graph...
[2025-05-11 23:47:37] WARNING: Calculating PageRank scores...
[2025-05-11 23:47:37] WARNING: Applying distrust penalties...
[2025-05-11 23:47:37] WARNING: Detecting communities...
[2025-05-11 23:47:37] WARNING: Creating JSON data structure...
[2025-05-11 23:47:37] WARNING: Successfully generated js/data.js with:
[2025-05-11 23:47:37] WARNING: - 25 users
[2025-05-11 23:47:37] WARNING: - 31 trust relationships
[2025-05-11 23:47:37] WARNING: - 10 communities
[2025-05-11 23:47:37] WARNING: Trust calculation completed successfully.
[2025-05-11 23:57:38] WARNING: === Starting Trust Score Calculation ===
[2025-05-11 23:57:38] WARNING: Starting trust score calculation...
[2025-05-11 23:57:38] WARNING: Found 25 users in the trust network
[2025-05-11 23:57:38] WARNING: Building trust network graph...
[2025-05-11 23:57:38] WARNING: Calculating PageRank scores...
[2025-05-11 23:57:38] WARNING: Applying distrust penalties...
[2025-05-11 23:57:38] WARNING: Detecting communities...
[2025-05-11 23:57:38] WARNING: Creating JSON data structure...
[2025-05-11 23:57:38] WARNING: Successfully generated js/data.js with:
[2025-05-11 23:57:38] WARNING: - 25 users
[2025-05-11 23:57:38] WARNING: - 31 trust relationships
[2025-05-11 23:57:38] WARNING: - 10 communities
[2025-05-11 23:57:38] WARNING: Trust calculation completed successfully.
[2025-05-12 00:07:36] WARNING: === Starting Trust Score Calculation ===
[2025-05-12 00:07:36] WARNING: Starting trust score calculation...
[2025-05-12 00:07:36] WARNING: Found 25 users in the trust network
[2025-05-12 00:07:36] WARNING: Building trust network graph...
[2025-05-12 00:07:36] WARNING: Calculating PageRank scores...
[2025-05-12 00:07:37] WARNING: Applying distrust penalties...
[2025-05-12 00:07:37] WARNING: Detecting communities...
[2025-05-12 00:07:37] WARNING: Creating JSON data structure...
[2025-05-12 00:07:37] WARNING: Successfully generated js/data.js with:
[2025-05-12 00:07:37] WARNING: - 25 users
[2025-05-12 00:07:37] WARNING: - 31 trust relationships
[2025-05-12 00:07:37] WARNING: - 10 communities
[2025-05-12 00:07:37] WARNING: Trust calculation completed successfully.
[2025-05-12 00:17:37] WARNING: === Starting Trust Score Calculation ===
[2025-05-12 00:17:37] WARNING: Starting trust score calculation...
[2025-05-12 00:17:37] WARNING: Found 25 users in the trust network
[2025-05-12 00:17:37] WARNING: Building trust network graph...
[2025-05-12 00:17:37] WARNING: Calculating PageRank scores...
[2025-05-12 00:17:38] WARNING: Applying distrust penalties...
[2025-05-12 00:17:38] WARNING: Detecting communities...
[2025-05-12 00:17:38] WARNING: Creating JSON data structure...
[2025-05-12 00:17:38] WARNING: Successfully generated js/data.js with:
[2025-05-12 00:17:38] WARNING: - 25 users
[2025-05-12 00:17:38] WARNING: - 31 trust relationships
[2025-05-12 00:17:38] WARNING: - 10 communities
[2025-05-12 00:17:38] WARNING: Trust calculation completed successfully.
[2025-05-12 00:27:39] WARNING: === Starting Trust Score Calculation ===
[2025-05-12 00:27:39] WARNING: Starting trust score calculation...
[2025-05-12 00:27:39] WARNING: Found 25 users in the trust network
[2025-05-12 00:27:39] WARNING: Building trust network graph...
[2025-05-12 00:27:39] WARNING: Calculating PageRank scores...
[2025-05-12 00:27:39] WARNING: Applying distrust penalties...
[2025-05-12 00:27:39] WARNING: Detecting communities...
[2025-05-12 00:27:39] WARNING: Creating JSON data structure...
[2025-05-12 00:27:39] WARNING: Successfully generated js/data.js with:
[2025-05-12 00:27:39] WARNING: - 25 users
[2025-05-12 00:27:39] WARNING: - 31 trust relationships
[2025-05-12 00:27:39] WARNING: - 10 communities
[2025-05-12 00:27:39] WARNING: Trust calculation completed successfully.
[2025-05-12 00:37:38] WARNING: === Starting Trust Score Calculation ===
[2025-05-12 00:37:38] WARNING: Starting trust score calculation...
[2025-05-12 00:37:38] WARNING: Found 25 users in the trust network
[2025-05-12 00:37:38] WARNING: Building trust network graph...
[2025-05-12 00:37:38] WARNING: Calculating PageRank scores...
[2025-05-12 00:37:38] WARNING: Applying distrust penalties...
[2025-05-12 00:37:38] WARNING: Detecting communities...
[2025-05-12 00:37:38] WARNING: Creating JSON data structure...
[2025-05-12 00:37:38] WARNING: Successfully generated js/data.js with:
[2025-05-12 00:37:38] WARNING: - 25 users
[2025-05-12 00:37:38] WARNING: - 31 trust relationships
[2025-05-12 00:37:38] WARNING: - 10 communities
[2025-05-12 00:37:38] WARNING: Trust calculation completed successfully.
[2025-05-12 00:47:39] WARNING: === Starting Trust Score Calculation ===
[2025-05-12 00:47:39] WARNING: Starting trust score calculation...
[2025-05-12 00:47:39] WARNING: Found 25 users in the trust network
[2025-05-12 00:47:39] WARNING: Building trust network graph...
[2025-05-12 00:47:39] WARNING: Calculating PageRank scores...
[2025-05-12 00:47:39] WARNING: Applying distrust penalties...
[2025-05-12 00:47:39] WARNING: Detecting communities...
[2025-05-12 00:47:39] WARNING: Creating JSON data structure...
[2025-05-12 00:47:39] WARNING: Successfully generated js/data.js with:
[2025-05-12 00:47:39] WARNING: - 25 users
[2025-05-12 00:47:39] WARNING: - 31 trust relationships
[2025-05-12 00:47:39] WARNING: - 10 communities
[2025-05-12 00:47:39] WARNING: Trust calculation completed successfully.
[2025-05-12 00:57:39] WARNING: === Starting Trust Score Calculation ===
[2025-05-12 00:57:39] WARNING: Starting trust score calculation...
[2025-05-12 00:57:39] WARNING: Found 25 users in the trust network
[2025-05-12 00:57:39] WARNING: Building trust network graph...
[2025-05-12 00:57:39] WARNING: Calculating PageRank scores...
[2025-05-12 00:57:39] WARNING: Applying distrust penalties...
[2025-05-12 00:57:39] WARNING: Detecting communities...
[2025-05-12 00:57:39] WARNING: Creating JSON data structure...
[2025-05-12 00:57:39] WARNING: Successfully generated js/data.js with:
[2025-05-12 00:57:39] WARNING: - 25 users
[2025-05-12 00:57:39] WARNING: - 31 trust relationships
[2025-05-12 00:57:39] WARNING: - 10 communities
[2025-05-12 00:57:39] WARNING: Trust calculation completed successfully.
[2025-05-12 01:07:38] WARNING: === Starting Trust Score Calculation ===
[2025-05-12 01:07:38] WARNING: Starting trust score calculation...
[2025-05-12 01:07:38] WARNING: Found 25 users in the trust network
[2025-05-12 01:07:38] WARNING: Building trust network graph...
[2025-05-12 01:07:38] WARNING: Calculating PageRank scores...
[2025-05-12 01:07:38] WARNING: Applying distrust penalties...
[2025-05-12 01:07:38] WARNING: Detecting communities...
[2025-05-12 01:07:38] WARNING: Creating JSON data structure...
[2025-05-12 01:07:38] WARNING: Successfully generated js/data.js with:
[2025-05-12 01:07:38] WARNING: - 25 users
[2025-05-12 01:07:38] WARNING: - 31 trust relationships
[2025-05-12 01:07:38] WARNING: - 10 communities
[2025-05-12 01:07:38] WARNING: Trust calculation completed successfully.
