[2025-05-18 21:57:57] INFO: Community Community A (18 members): AskaPol_UAPs, ChrisUKSharp, DanHaug6, Eyes_OnTheSkies, FettucineSplit, GoodTroubleShow, Halsrethink, JeremyCorbell, JonMajerowski, LueElizondo, PTHellyer, SnakePo9, TheOfficialQF, g_knapp, jamescfox, jayanderson, rosscoulthart, ufobeliever1947
[2025-05-18 21:57:57] INFO: Community Community B (7 members): MiddleofMayhem, OSIRISUAP, ShipsSmall, cosmic_surplus, likeitmatters3, susangerbic, ufoskeptic1968
[2025-05-18 21:57:57] INFO: Community analysis written to community_analysis.txt
[2025-05-18 21:57:57] WARNING: Generating trust network visualization...
[2025-05-18 21:57:58] WARNING: Network visualization saved to visualization/trust_network.png
[2025-05-18 21:57:58] WARNING: Creating JSON data structure...
[2025-05-18 21:57:58] WARNING: Successfully generated js/data.js with:
[2025-05-18 21:57:58] WARNING: - 25 users
[2025-05-18 21:57:58] WARNING: - 31 trust relationships
[2025-05-18 21:57:58] WARNING: - 2 communities
[2025-05-18 21:57:58] WARNING: Trust calculation completed successfully.
[2025-05-18 22:07:57] WARNING: === Starting Trust Score Calculation ===
[2025-05-18 22:07:57] WARNING: Starting trust score calculation...
[2025-05-18 22:07:57] WARNING: Found 25 users in the trust network
[2025-05-18 22:07:57] WARNING: Building trust network graph...
[2025-05-18 22:07:57] WARNING: Calculating PageRank scores...
[2025-05-18 22:07:57] WARNING: Applying distrust penalties...
[2025-05-18 22:07:57] WARNING: Detecting communities...
[2025-05-18 22:07:57] WARNING: Found 8 isolated nodes to assign to communities
[2025-05-18 22:07:57] WARNING: Assigned isolated node Eyes_OnTheSkies to community 1 based on structural balance theory
[2025-05-18 22:07:57] WARNING: Assigned isolated node FettucineSplit to community 1 based on structural balance theory
[2025-05-18 22:07:57] WARNING: Assigned isolated node JonMajerowski to community 1 based on structural balance theory
[2025-05-18 22:07:57] WARNING: Assigned isolated node MiddleofMayhem to community 2 based on structural balance theory
[2025-05-18 22:07:57] WARNING: Assigned isolated node PTHellyer to community 1 based on structural balance theory
[2025-05-18 22:07:57] WARNING: Assigned isolated node SnakePo9 to community 1 based on structural balance theory
[2025-05-18 22:07:57] WARNING: Assigned isolated node jamescfox to community 1 based on structural balance theory
[2025-05-18 22:07:57] WARNING: Assigned isolated node likeitmatters3 to community 2 based on structural balance theory
[2025-05-18 22:07:57] INFO: Analyzing community composition...
[2025-05-18 22:07:57] INFO: Community Community A (18 members): AskaPol_UAPs, ChrisUKSharp, DanHaug6, Eyes_OnTheSkies, FettucineSplit, GoodTroubleShow, Halsrethink, JeremyCorbell, JonMajerowski, LueElizondo, PTHellyer, SnakePo9, TheOfficialQF, g_knapp, jamescfox, jayanderson, rosscoulthart, ufobeliever1947
[2025-05-18 22:07:57] INFO: Community Community B (7 members): MiddleofMayhem, OSIRISUAP, ShipsSmall, cosmic_surplus, likeitmatters3, susangerbic, ufoskeptic1968
[2025-05-18 22:07:57] INFO: Community analysis written to community_analysis.txt
[2025-05-18 22:07:57] WARNING: Generating trust network visualization...
[2025-05-18 22:07:58] WARNING: Network visualization saved to visualization/trust_network.png
[2025-05-18 22:07:58] WARNING: Creating JSON data structure...
[2025-05-18 22:07:58] WARNING: Successfully generated js/data.js with:
[2025-05-18 22:07:58] WARNING: - 25 users
[2025-05-18 22:07:58] WARNING: - 31 trust relationships
[2025-05-18 22:07:58] WARNING: - 2 communities
[2025-05-18 22:07:58] WARNING: Trust calculation completed successfully.
[2025-05-18 22:17:47] WARNING: === Starting Trust Score Calculation ===
[2025-05-18 22:17:47] WARNING: Starting trust score calculation...
[2025-05-18 22:17:47] WARNING: Found 25 users in the trust network
[2025-05-18 22:17:47] WARNING: Building trust network graph...
[2025-05-18 22:17:47] WARNING: Calculating PageRank scores...
[2025-05-18 22:17:47] WARNING: Applying distrust penalties...
[2025-05-18 22:17:47] WARNING: Detecting communities...
[2025-05-18 22:17:47] WARNING: Found 8 isolated nodes to assign to communities
[2025-05-18 22:17:47] WARNING: Assigned isolated node Eyes_OnTheSkies to community 1 based on structural balance theory
[2025-05-18 22:17:47] WARNING: Assigned isolated node FettucineSplit to community 1 based on structural balance theory
[2025-05-18 22:17:47] WARNING: Assigned isolated node JonMajerowski to community 1 based on structural balance theory
[2025-05-18 22:17:47] WARNING: Assigned isolated node MiddleofMayhem to community 2 based on structural balance theory
[2025-05-18 22:17:47] WARNING: Assigned isolated node PTHellyer to community 1 based on structural balance theory
[2025-05-18 22:17:47] WARNING: Assigned isolated node SnakePo9 to community 1 based on structural balance theory
[2025-05-18 22:17:47] WARNING: Assigned isolated node jamescfox to community 1 based on structural balance theory
[2025-05-18 22:17:47] WARNING: Assigned isolated node likeitmatters3 to community 2 based on structural balance theory
[2025-05-18 22:17:47] INFO: Analyzing community composition...
[2025-05-18 22:17:47] INFO: Community Community A (18 members): AskaPol_UAPs, ChrisUKSharp, DanHaug6, Eyes_OnTheSkies, FettucineSplit, GoodTroubleShow, Halsrethink, JeremyCorbell, JonMajerowski, LueElizondo, PTHellyer, SnakePo9, TheOfficialQF, g_knapp, jamescfox, jayanderson, rosscoulthart, ufobeliever1947
[2025-05-18 22:17:47] INFO: Community Community B (7 members): MiddleofMayhem, OSIRISUAP, ShipsSmall, cosmic_surplus, likeitmatters3, susangerbic, ufoskeptic1968
[2025-05-18 22:17:47] INFO: Community analysis written to community_analysis.txt
[2025-05-18 22:17:47] WARNING: Generating trust network visualization...
[2025-05-18 22:17:48] WARNING: Network visualization saved to visualization/trust_network.png
[2025-05-18 22:17:48] WARNING: Creating JSON data structure...
[2025-05-18 22:17:48] WARNING: Successfully generated js/data.js with:
[2025-05-18 22:17:48] WARNING: - 25 users
[2025-05-18 22:17:48] WARNING: - 31 trust relationships
[2025-05-18 22:17:48] WARNING: - 2 communities
[2025-05-18 22:17:48] WARNING: Trust calculation completed successfully.
[2025-05-18 22:27:50] WARNING: === Starting Trust Score Calculation ===
[2025-05-18 22:27:50] WARNING: Starting trust score calculation...
[2025-05-18 22:27:50] WARNING: Found 25 users in the trust network
[2025-05-18 22:27:50] WARNING: Building trust network graph...
[2025-05-18 22:27:50] WARNING: Calculating PageRank scores...
[2025-05-18 22:27:50] WARNING: Applying distrust penalties...
[2025-05-18 22:27:50] WARNING: Detecting communities...
[2025-05-18 22:27:50] WARNING: Found 8 isolated nodes to assign to communities
[2025-05-18 22:27:50] WARNING: Assigned isolated node Eyes_OnTheSkies to community 1 based on structural balance theory
[2025-05-18 22:27:50] WARNING: Assigned isolated node FettucineSplit to community 1 based on structural balance theory
[2025-05-18 22:27:50] WARNING: Assigned isolated node JonMajerowski to community 1 based on structural balance theory
[2025-05-18 22:27:50] WARNING: Assigned isolated node MiddleofMayhem to community 2 based on structural balance theory
[2025-05-18 22:27:50] WARNING: Assigned isolated node PTHellyer to community 1 based on structural balance theory
[2025-05-18 22:27:50] WARNING: Assigned isolated node SnakePo9 to community 1 based on structural balance theory
[2025-05-18 22:27:50] WARNING: Assigned isolated node jamescfox to community 1 based on structural balance theory
[2025-05-18 22:27:50] WARNING: Assigned isolated node likeitmatters3 to community 2 based on structural balance theory
[2025-05-18 22:27:50] INFO: Analyzing community composition...
[2025-05-18 22:27:50] INFO: Community Community A (18 members): AskaPol_UAPs, ChrisUKSharp, DanHaug6, Eyes_OnTheSkies, FettucineSplit, GoodTroubleShow, Halsrethink, JeremyCorbell, JonMajerowski, LueElizondo, PTHellyer, SnakePo9, TheOfficialQF, g_knapp, jamescfox, jayanderson, rosscoulthart, ufobeliever1947
[2025-05-18 22:27:50] INFO: Community Community B (7 members): MiddleofMayhem, OSIRISUAP, ShipsSmall, cosmic_surplus, likeitmatters3, susangerbic, ufoskeptic1968
[2025-05-18 22:27:50] INFO: Community analysis written to community_analysis.txt
[2025-05-18 22:27:50] WARNING: Generating trust network visualization...
[2025-05-18 22:27:51] WARNING: Network visualization saved to visualization/trust_network.png
[2025-05-18 22:27:51] WARNING: Creating JSON data structure...
[2025-05-18 22:27:51] WARNING: Successfully generated js/data.js with:
[2025-05-18 22:27:51] WARNING: - 25 users
[2025-05-18 22:27:51] WARNING: - 31 trust relationships
[2025-05-18 22:27:51] WARNING: - 2 communities
[2025-05-18 22:27:51] WARNING: Trust calculation completed successfully.
[2025-05-18 22:37:57] WARNING: === Starting Trust Score Calculation ===
[2025-05-18 22:37:57] WARNING: Starting trust score calculation...
[2025-05-18 22:37:57] WARNING: Found 25 users in the trust network
[2025-05-18 22:37:57] WARNING: Building trust network graph...
[2025-05-18 22:37:57] WARNING: Calculating PageRank scores...
[2025-05-18 22:37:57] WARNING: Applying distrust penalties...
[2025-05-18 22:37:57] WARNING: Detecting communities...
[2025-05-18 22:37:57] WARNING: Found 8 isolated nodes to assign to communities
[2025-05-18 22:37:57] WARNING: Assigned isolated node Eyes_OnTheSkies to community 1 based on structural balance theory
[2025-05-18 22:37:57] WARNING: Assigned isolated node FettucineSplit to community 1 based on structural balance theory
[2025-05-18 22:37:57] WARNING: Assigned isolated node JonMajerowski to community 1 based on structural balance theory
[2025-05-18 22:37:57] WARNING: Assigned isolated node MiddleofMayhem to community 2 based on structural balance theory
[2025-05-18 22:37:57] WARNING: Assigned isolated node PTHellyer to community 1 based on structural balance theory
[2025-05-18 22:37:57] WARNING: Assigned isolated node SnakePo9 to community 1 based on structural balance theory
[2025-05-18 22:37:57] WARNING: Assigned isolated node jamescfox to community 1 based on structural balance theory
[2025-05-18 22:37:57] WARNING: Assigned isolated node likeitmatters3 to community 2 based on structural balance theory
[2025-05-18 22:37:57] INFO: Analyzing community composition...
[2025-05-18 22:37:57] INFO: Community Community A (18 members): AskaPol_UAPs, ChrisUKSharp, DanHaug6, Eyes_OnTheSkies, FettucineSplit, GoodTroubleShow, Halsrethink, JeremyCorbell, JonMajerowski, LueElizondo, PTHellyer, SnakePo9, TheOfficialQF, g_knapp, jamescfox, jayanderson, rosscoulthart, ufobeliever1947
[2025-05-18 22:37:57] INFO: Community Community B (7 members): MiddleofMayhem, OSIRISUAP, ShipsSmall, cosmic_surplus, likeitmatters3, susangerbic, ufoskeptic1968
[2025-05-18 22:37:57] INFO: Community analysis written to community_analysis.txt
[2025-05-18 22:37:57] WARNING: Generating trust network visualization...
[2025-05-18 22:37:58] WARNING: Network visualization saved to visualization/trust_network.png
[2025-05-18 22:37:58] WARNING: Creating JSON data structure...
[2025-05-18 22:37:58] WARNING: Successfully generated js/data.js with:
[2025-05-18 22:37:58] WARNING: - 25 users
[2025-05-18 22:37:58] WARNING: - 31 trust relationships
[2025-05-18 22:37:58] WARNING: - 2 communities
[2025-05-18 22:37:58] WARNING: Trust calculation completed successfully.
[2025-05-18 22:47:57] WARNING: === Starting Trust Score Calculation ===
[2025-05-18 22:47:57] WARNING: Starting trust score calculation...
[2025-05-18 22:47:57] WARNING: Found 25 users in the trust network
[2025-05-18 22:47:57] WARNING: Building trust network graph...
[2025-05-18 22:47:57] WARNING: Calculating PageRank scores...
[2025-05-18 22:47:57] WARNING: Applying distrust penalties...
[2025-05-18 22:47:57] WARNING: Detecting communities...
[2025-05-18 22:47:57] WARNING: Found 8 isolated nodes to assign to communities
[2025-05-18 22:47:57] WARNING: Assigned isolated node Eyes_OnTheSkies to community 1 based on structural balance theory
[2025-05-18 22:47:57] WARNING: Assigned isolated node FettucineSplit to community 1 based on structural balance theory
[2025-05-18 22:47:57] WARNING: Assigned isolated node JonMajerowski to community 1 based on structural balance theory
[2025-05-18 22:47:57] WARNING: Assigned isolated node MiddleofMayhem to community 2 based on structural balance theory
[2025-05-18 22:47:57] WARNING: Assigned isolated node PTHellyer to community 1 based on structural balance theory
[2025-05-18 22:47:57] WARNING: Assigned isolated node SnakePo9 to community 1 based on structural balance theory
[2025-05-18 22:47:57] WARNING: Assigned isolated node jamescfox to community 1 based on structural balance theory
[2025-05-18 22:47:57] WARNING: Assigned isolated node likeitmatters3 to community 2 based on structural balance theory
[2025-05-18 22:47:57] INFO: Analyzing community composition...
[2025-05-18 22:47:57] INFO: Community Community A (18 members): AskaPol_UAPs, ChrisUKSharp, DanHaug6, Eyes_OnTheSkies, FettucineSplit, GoodTroubleShow, Halsrethink, JeremyCorbell, JonMajerowski, LueElizondo, PTHellyer, SnakePo9, TheOfficialQF, g_knapp, jamescfox, jayanderson, rosscoulthart, ufobeliever1947
[2025-05-18 22:47:57] INFO: Community Community B (7 members): MiddleofMayhem, OSIRISUAP, ShipsSmall, cosmic_surplus, likeitmatters3, susangerbic, ufoskeptic1968
[2025-05-18 22:47:57] INFO: Community analysis written to community_analysis.txt
[2025-05-18 22:47:57] WARNING: Generating trust network visualization...
[2025-05-18 22:47:58] WARNING: Network visualization saved to visualization/trust_network.png
[2025-05-18 22:47:58] WARNING: Creating JSON data structure...
[2025-05-18 22:47:58] WARNING: Successfully generated js/data.js with:
[2025-05-18 22:47:58] WARNING: - 25 users
[2025-05-18 22:47:58] WARNING: - 31 trust relationships
[2025-05-18 22:47:58] WARNING: - 2 communities
[2025-05-18 22:47:58] WARNING: Trust calculation completed successfully.
[2025-05-18 22:57:41] WARNING: === Starting Trust Score Calculation ===
[2025-05-18 22:57:41] WARNING: Starting trust score calculation...
[2025-05-18 22:57:41] WARNING: Found 25 users in the trust network
[2025-05-18 22:57:41] WARNING: Building trust network graph...
[2025-05-18 22:57:41] WARNING: Calculating PageRank scores...
[2025-05-18 22:57:41] WARNING: Applying distrust penalties...
[2025-05-18 22:57:42] WARNING: Detecting communities...
[2025-05-18 22:57:42] WARNING: Found 8 isolated nodes to assign to communities
[2025-05-18 22:57:42] WARNING: Assigned isolated node Eyes_OnTheSkies to community 1 based on structural balance theory
[2025-05-18 22:57:42] WARNING: Assigned isolated node FettucineSplit to community 1 based on structural balance theory
[2025-05-18 22:57:42] WARNING: Assigned isolated node JonMajerowski to community 1 based on structural balance theory
[2025-05-18 22:57:42] WARNING: Assigned isolated node MiddleofMayhem to community 2 based on structural balance theory
[2025-05-18 22:57:42] WARNING: Assigned isolated node PTHellyer to community 1 based on structural balance theory
[2025-05-18 22:57:42] WARNING: Assigned isolated node SnakePo9 to community 1 based on structural balance theory
[2025-05-18 22:57:42] WARNING: Assigned isolated node jamescfox to community 1 based on structural balance theory
[2025-05-18 22:57:42] WARNING: Assigned isolated node likeitmatters3 to community 2 based on structural balance theory
[2025-05-18 22:57:42] INFO: Analyzing community composition...
[2025-05-18 22:57:42] INFO: Community Community A (18 members): AskaPol_UAPs, ChrisUKSharp, DanHaug6, Eyes_OnTheSkies, FettucineSplit, GoodTroubleShow, Halsrethink, JeremyCorbell, JonMajerowski, LueElizondo, PTHellyer, SnakePo9, TheOfficialQF, g_knapp, jamescfox, jayanderson, rosscoulthart, ufobeliever1947
[2025-05-18 22:57:42] INFO: Community Community B (7 members): MiddleofMayhem, OSIRISUAP, ShipsSmall, cosmic_surplus, likeitmatters3, susangerbic, ufoskeptic1968
[2025-05-18 22:57:42] INFO: Community analysis written to community_analysis.txt
[2025-05-18 22:57:42] WARNING: Generating trust network visualization...
[2025-05-18 22:57:43] WARNING: Network visualization saved to visualization/trust_network.png
[2025-05-18 22:57:43] WARNING: Creating JSON data structure...
[2025-05-18 22:57:43] WARNING: Successfully generated js/data.js with:
[2025-05-18 22:57:43] WARNING: - 25 users
[2025-05-18 22:57:43] WARNING: - 31 trust relationships
[2025-05-18 22:57:43] WARNING: - 2 communities
[2025-05-18 22:57:43] WARNING: Trust calculation completed successfully.
[2025-05-18 23:07:53] WARNING: === Starting Trust Score Calculation ===
[2025-05-18 23:07:53] WARNING: Starting trust score calculation...
[2025-05-18 23:07:53] WARNING: Found 25 users in the trust network
[2025-05-18 23:07:53] WARNING: Building trust network graph...
[2025-05-18 23:07:53] WARNING: Calculating PageRank scores...
[2025-05-18 23:07:53] WARNING: Applying distrust penalties...
[2025-05-18 23:07:53] WARNING: Detecting communities...
[2025-05-18 23:07:53] WARNING: Found 8 isolated nodes to assign to communities
[2025-05-18 23:07:53] WARNING: Assigned isolated node Eyes_OnTheSkies to community 1 based on structural balance theory
[2025-05-18 23:07:53] WARNING: Assigned isolated node FettucineSplit to community 1 based on structural balance theory
[2025-05-18 23:07:53] WARNING: Assigned isolated node JonMajerowski to community 1 based on structural balance theory
[2025-05-18 23:07:53] WARNING: Assigned isolated node MiddleofMayhem to community 2 based on structural balance theory
[2025-05-18 23:07:53] WARNING: Assigned isolated node PTHellyer to community 1 based on structural balance theory
[2025-05-18 23:07:53] WARNING: Assigned isolated node SnakePo9 to community 1 based on structural balance theory
[2025-05-18 23:07:53] WARNING: Assigned isolated node jamescfox to community 1 based on structural balance theory
[2025-05-18 23:07:53] WARNING: Assigned isolated node likeitmatters3 to community 2 based on structural balance theory
[2025-05-18 23:07:53] INFO: Analyzing community composition...
[2025-05-18 23:07:53] INFO: Community Community A (18 members): AskaPol_UAPs, ChrisUKSharp, DanHaug6, Eyes_OnTheSkies, FettucineSplit, GoodTroubleShow, Halsrethink, JeremyCorbell, JonMajerowski, LueElizondo, PTHellyer, SnakePo9, TheOfficialQF, g_knapp, jamescfox, jayanderson, rosscoulthart, ufobeliever1947
[2025-05-18 23:07:53] INFO: Community Community B (7 members): MiddleofMayhem, OSIRISUAP, ShipsSmall, cosmic_surplus, likeitmatters3, susangerbic, ufoskeptic1968
[2025-05-18 23:07:53] INFO: Community analysis written to community_analysis.txt
[2025-05-18 23:07:53] WARNING: Generating trust network visualization...
[2025-05-18 23:07:54] WARNING: Network visualization saved to visualization/trust_network.png
[2025-05-18 23:07:54] WARNING: Creating JSON data structure...
[2025-05-18 23:07:54] WARNING: Successfully generated js/data.js with:
[2025-05-18 23:07:54] WARNING: - 25 users
[2025-05-18 23:07:54] WARNING: - 31 trust relationships
[2025-05-18 23:07:54] WARNING: - 2 communities
[2025-05-18 23:07:54] WARNING: Trust calculation completed successfully.
