[2025-05-30 21:27:49] INFO: Community Community A (18 members): AskaPol_UAPs, ChrisUKSharp, DanHaug6, Eyes_OnTheSkies, FettucineSplit, GoodTroubleShow, Halsrethink, JeremyCorbell, JonMajerowski, LueElizondo, PTHellyer, SnakePo9, TheOfficialQF, g_knapp, jamescfox, jayanderson, rosscoulthart, ufobeliever1947
[2025-05-30 21:27:49] INFO: Community Community B (7 members): MiddleofMayhem, OSIRISUAP, ShipsSmall, cosmic_surplus, likeitmatters3, susangerbic, ufoskeptic1968
[2025-05-30 21:27:49] INFO: Community analysis written to community_analysis.txt
[2025-05-30 21:27:49] WARNING: Generating trust network visualization...
[2025-05-30 21:27:50] WARNING: Network visualization saved to visualization/trust_network.png
[2025-05-30 21:27:50] WARNING: Creating JSON data structure...
[2025-05-30 21:27:50] WARNING: Successfully generated js/data.js with:
[2025-05-30 21:27:50] WARNING: - 25 users
[2025-05-30 21:27:50] WARNING: - 31 trust relationships
[2025-05-30 21:27:50] WARNING: - 2 communities
[2025-05-30 21:27:50] WARNING: Trust calculation completed successfully.
[2025-05-30 21:37:39] WARNING: === Starting Trust Score Calculation ===
[2025-05-30 21:37:39] WARNING: Starting trust score calculation...
[2025-05-30 21:37:39] WARNING: Found 25 users in the trust network
[2025-05-30 21:37:39] WARNING: Building trust network graph...
[2025-05-30 21:37:39] WARNING: Calculating PageRank scores...
[2025-05-30 21:37:39] WARNING: Applying distrust penalties...
[2025-05-30 21:37:39] WARNING: Detecting communities...
[2025-05-30 21:37:39] WARNING: Found 8 isolated nodes to assign to communities
[2025-05-30 21:37:39] WARNING: Assigned isolated node Eyes_OnTheSkies to community 1 based on structural balance theory
[2025-05-30 21:37:39] WARNING: Assigned isolated node FettucineSplit to community 1 based on structural balance theory
[2025-05-30 21:37:39] WARNING: Assigned isolated node JonMajerowski to community 1 based on structural balance theory
[2025-05-30 21:37:39] WARNING: Assigned isolated node MiddleofMayhem to community 2 based on structural balance theory
[2025-05-30 21:37:39] WARNING: Assigned isolated node PTHellyer to community 1 based on structural balance theory
[2025-05-30 21:37:39] WARNING: Assigned isolated node SnakePo9 to community 1 based on structural balance theory
[2025-05-30 21:37:39] WARNING: Assigned isolated node jamescfox to community 1 based on structural balance theory
[2025-05-30 21:37:39] WARNING: Assigned isolated node likeitmatters3 to community 2 based on structural balance theory
[2025-05-30 21:37:39] INFO: Analyzing community composition...
[2025-05-30 21:37:39] INFO: Community Community A (18 members): AskaPol_UAPs, ChrisUKSharp, DanHaug6, Eyes_OnTheSkies, FettucineSplit, GoodTroubleShow, Halsrethink, JeremyCorbell, JonMajerowski, LueElizondo, PTHellyer, SnakePo9, TheOfficialQF, g_knapp, jamescfox, jayanderson, rosscoulthart, ufobeliever1947
[2025-05-30 21:37:39] INFO: Community Community B (7 members): MiddleofMayhem, OSIRISUAP, ShipsSmall, cosmic_surplus, likeitmatters3, susangerbic, ufoskeptic1968
[2025-05-30 21:37:39] INFO: Community analysis written to community_analysis.txt
[2025-05-30 21:37:39] WARNING: Generating trust network visualization...
[2025-05-30 21:37:40] WARNING: Network visualization saved to visualization/trust_network.png
[2025-05-30 21:37:40] WARNING: Creating JSON data structure...
[2025-05-30 21:37:40] WARNING: Successfully generated js/data.js with:
[2025-05-30 21:37:40] WARNING: - 25 users
[2025-05-30 21:37:40] WARNING: - 31 trust relationships
[2025-05-30 21:37:40] WARNING: - 2 communities
[2025-05-30 21:37:40] WARNING: Trust calculation completed successfully.
[2025-05-30 21:47:38] WARNING: === Starting Trust Score Calculation ===
[2025-05-30 21:47:38] WARNING: Starting trust score calculation...
[2025-05-30 21:47:38] WARNING: Found 25 users in the trust network
[2025-05-30 21:47:38] WARNING: Building trust network graph...
[2025-05-30 21:47:38] WARNING: Calculating PageRank scores...
[2025-05-30 21:47:38] WARNING: Applying distrust penalties...
[2025-05-30 21:47:38] WARNING: Detecting communities...
[2025-05-30 21:47:38] WARNING: Found 8 isolated nodes to assign to communities
[2025-05-30 21:47:38] WARNING: Assigned isolated node Eyes_OnTheSkies to community 1 based on structural balance theory
[2025-05-30 21:47:38] WARNING: Assigned isolated node FettucineSplit to community 1 based on structural balance theory
[2025-05-30 21:47:38] WARNING: Assigned isolated node JonMajerowski to community 1 based on structural balance theory
[2025-05-30 21:47:38] WARNING: Assigned isolated node MiddleofMayhem to community 2 based on structural balance theory
[2025-05-30 21:47:38] WARNING: Assigned isolated node PTHellyer to community 1 based on structural balance theory
[2025-05-30 21:47:38] WARNING: Assigned isolated node SnakePo9 to community 1 based on structural balance theory
[2025-05-30 21:47:38] WARNING: Assigned isolated node jamescfox to community 1 based on structural balance theory
[2025-05-30 21:47:38] WARNING: Assigned isolated node likeitmatters3 to community 2 based on structural balance theory
[2025-05-30 21:47:38] INFO: Analyzing community composition...
[2025-05-30 21:47:38] INFO: Community Community A (18 members): AskaPol_UAPs, ChrisUKSharp, DanHaug6, Eyes_OnTheSkies, FettucineSplit, GoodTroubleShow, Halsrethink, JeremyCorbell, JonMajerowski, LueElizondo, PTHellyer, SnakePo9, TheOfficialQF, g_knapp, jamescfox, jayanderson, rosscoulthart, ufobeliever1947
[2025-05-30 21:47:38] INFO: Community Community B (7 members): MiddleofMayhem, OSIRISUAP, ShipsSmall, cosmic_surplus, likeitmatters3, susangerbic, ufoskeptic1968
[2025-05-30 21:47:38] INFO: Community analysis written to community_analysis.txt
[2025-05-30 21:47:38] WARNING: Generating trust network visualization...
[2025-05-30 21:47:39] WARNING: Network visualization saved to visualization/trust_network.png
[2025-05-30 21:47:39] WARNING: Creating JSON data structure...
[2025-05-30 21:47:39] WARNING: Successfully generated js/data.js with:
[2025-05-30 21:47:39] WARNING: - 25 users
[2025-05-30 21:47:39] WARNING: - 31 trust relationships
[2025-05-30 21:47:39] WARNING: - 2 communities
[2025-05-30 21:47:39] WARNING: Trust calculation completed successfully.
[2025-05-30 21:57:41] WARNING: === Starting Trust Score Calculation ===
[2025-05-30 21:57:41] WARNING: Starting trust score calculation...
[2025-05-30 21:57:41] WARNING: Found 25 users in the trust network
[2025-05-30 21:57:41] WARNING: Building trust network graph...
[2025-05-30 21:57:41] WARNING: Calculating PageRank scores...
[2025-05-30 21:57:41] WARNING: Applying distrust penalties...
[2025-05-30 21:57:41] WARNING: Detecting communities...
[2025-05-30 21:57:41] WARNING: Found 8 isolated nodes to assign to communities
[2025-05-30 21:57:41] WARNING: Assigned isolated node Eyes_OnTheSkies to community 1 based on structural balance theory
[2025-05-30 21:57:41] WARNING: Assigned isolated node FettucineSplit to community 1 based on structural balance theory
[2025-05-30 21:57:41] WARNING: Assigned isolated node JonMajerowski to community 1 based on structural balance theory
[2025-05-30 21:57:41] WARNING: Assigned isolated node MiddleofMayhem to community 2 based on structural balance theory
[2025-05-30 21:57:41] WARNING: Assigned isolated node PTHellyer to community 1 based on structural balance theory
[2025-05-30 21:57:41] WARNING: Assigned isolated node SnakePo9 to community 1 based on structural balance theory
[2025-05-30 21:57:41] WARNING: Assigned isolated node jamescfox to community 1 based on structural balance theory
[2025-05-30 21:57:41] WARNING: Assigned isolated node likeitmatters3 to community 2 based on structural balance theory
[2025-05-30 21:57:41] INFO: Analyzing community composition...
[2025-05-30 21:57:41] INFO: Community Community A (18 members): AskaPol_UAPs, ChrisUKSharp, DanHaug6, Eyes_OnTheSkies, FettucineSplit, GoodTroubleShow, Halsrethink, JeremyCorbell, JonMajerowski, LueElizondo, PTHellyer, SnakePo9, TheOfficialQF, g_knapp, jamescfox, jayanderson, rosscoulthart, ufobeliever1947
[2025-05-30 21:57:41] INFO: Community Community B (7 members): MiddleofMayhem, OSIRISUAP, ShipsSmall, cosmic_surplus, likeitmatters3, susangerbic, ufoskeptic1968
[2025-05-30 21:57:41] INFO: Community analysis written to community_analysis.txt
[2025-05-30 21:57:41] WARNING: Generating trust network visualization...
[2025-05-30 21:57:42] WARNING: Network visualization saved to visualization/trust_network.png
[2025-05-30 21:57:42] WARNING: Creating JSON data structure...
[2025-05-30 21:57:42] WARNING: Successfully generated js/data.js with:
[2025-05-30 21:57:42] WARNING: - 25 users
[2025-05-30 21:57:42] WARNING: - 31 trust relationships
[2025-05-30 21:57:42] WARNING: - 2 communities
[2025-05-30 21:57:42] WARNING: Trust calculation completed successfully.
[2025-05-30 22:07:40] WARNING: === Starting Trust Score Calculation ===
[2025-05-30 22:07:40] WARNING: Starting trust score calculation...
[2025-05-30 22:07:40] WARNING: Found 25 users in the trust network
[2025-05-30 22:07:40] WARNING: Building trust network graph...
[2025-05-30 22:07:40] WARNING: Calculating PageRank scores...
[2025-05-30 22:07:40] WARNING: Applying distrust penalties...
[2025-05-30 22:07:40] WARNING: Detecting communities...
[2025-05-30 22:07:40] WARNING: Found 8 isolated nodes to assign to communities
[2025-05-30 22:07:40] WARNING: Assigned isolated node Eyes_OnTheSkies to community 1 based on structural balance theory
[2025-05-30 22:07:40] WARNING: Assigned isolated node FettucineSplit to community 1 based on structural balance theory
[2025-05-30 22:07:40] WARNING: Assigned isolated node JonMajerowski to community 1 based on structural balance theory
[2025-05-30 22:07:40] WARNING: Assigned isolated node MiddleofMayhem to community 2 based on structural balance theory
[2025-05-30 22:07:40] WARNING: Assigned isolated node PTHellyer to community 1 based on structural balance theory
[2025-05-30 22:07:40] WARNING: Assigned isolated node SnakePo9 to community 1 based on structural balance theory
[2025-05-30 22:07:40] WARNING: Assigned isolated node jamescfox to community 1 based on structural balance theory
[2025-05-30 22:07:40] WARNING: Assigned isolated node likeitmatters3 to community 2 based on structural balance theory
[2025-05-30 22:07:40] INFO: Analyzing community composition...
[2025-05-30 22:07:40] INFO: Community Community A (18 members): AskaPol_UAPs, ChrisUKSharp, DanHaug6, Eyes_OnTheSkies, FettucineSplit, GoodTroubleShow, Halsrethink, JeremyCorbell, JonMajerowski, LueElizondo, PTHellyer, SnakePo9, TheOfficialQF, g_knapp, jamescfox, jayanderson, rosscoulthart, ufobeliever1947
[2025-05-30 22:07:40] INFO: Community Community B (7 members): MiddleofMayhem, OSIRISUAP, ShipsSmall, cosmic_surplus, likeitmatters3, susangerbic, ufoskeptic1968
[2025-05-30 22:07:40] INFO: Community analysis written to community_analysis.txt
[2025-05-30 22:07:40] WARNING: Generating trust network visualization...
[2025-05-30 22:07:41] WARNING: Network visualization saved to visualization/trust_network.png
[2025-05-30 22:07:41] WARNING: Creating JSON data structure...
[2025-05-30 22:07:41] WARNING: Successfully generated js/data.js with:
[2025-05-30 22:07:41] WARNING: - 25 users
[2025-05-30 22:07:41] WARNING: - 31 trust relationships
[2025-05-30 22:07:41] WARNING: - 2 communities
[2025-05-30 22:07:41] WARNING: Trust calculation completed successfully.
[2025-05-30 22:17:49] WARNING: === Starting Trust Score Calculation ===
[2025-05-30 22:17:49] WARNING: Starting trust score calculation...
[2025-05-30 22:17:49] WARNING: Found 25 users in the trust network
[2025-05-30 22:17:49] WARNING: Building trust network graph...
[2025-05-30 22:17:49] WARNING: Calculating PageRank scores...
[2025-05-30 22:17:49] WARNING: Applying distrust penalties...
[2025-05-30 22:17:49] WARNING: Detecting communities...
[2025-05-30 22:17:49] WARNING: Found 8 isolated nodes to assign to communities
[2025-05-30 22:17:49] WARNING: Assigned isolated node Eyes_OnTheSkies to community 1 based on structural balance theory
[2025-05-30 22:17:49] WARNING: Assigned isolated node FettucineSplit to community 1 based on structural balance theory
[2025-05-30 22:17:49] WARNING: Assigned isolated node JonMajerowski to community 1 based on structural balance theory
[2025-05-30 22:17:49] WARNING: Assigned isolated node MiddleofMayhem to community 2 based on structural balance theory
[2025-05-30 22:17:49] WARNING: Assigned isolated node PTHellyer to community 1 based on structural balance theory
[2025-05-30 22:17:49] WARNING: Assigned isolated node SnakePo9 to community 1 based on structural balance theory
[2025-05-30 22:17:49] WARNING: Assigned isolated node jamescfox to community 1 based on structural balance theory
[2025-05-30 22:17:49] WARNING: Assigned isolated node likeitmatters3 to community 2 based on structural balance theory
[2025-05-30 22:17:49] INFO: Analyzing community composition...
[2025-05-30 22:17:49] INFO: Community Community A (18 members): AskaPol_UAPs, ChrisUKSharp, DanHaug6, Eyes_OnTheSkies, FettucineSplit, GoodTroubleShow, Halsrethink, JeremyCorbell, JonMajerowski, LueElizondo, PTHellyer, SnakePo9, TheOfficialQF, g_knapp, jamescfox, jayanderson, rosscoulthart, ufobeliever1947
[2025-05-30 22:17:49] INFO: Community Community B (7 members): MiddleofMayhem, OSIRISUAP, ShipsSmall, cosmic_surplus, likeitmatters3, susangerbic, ufoskeptic1968
[2025-05-30 22:17:49] INFO: Community analysis written to community_analysis.txt
[2025-05-30 22:17:49] WARNING: Generating trust network visualization...
[2025-05-30 22:17:50] WARNING: Network visualization saved to visualization/trust_network.png
[2025-05-30 22:17:50] WARNING: Creating JSON data structure...
[2025-05-30 22:17:50] WARNING: Successfully generated js/data.js with:
[2025-05-30 22:17:50] WARNING: - 25 users
[2025-05-30 22:17:50] WARNING: - 31 trust relationships
[2025-05-30 22:17:50] WARNING: - 2 communities
[2025-05-30 22:17:50] WARNING: Trust calculation completed successfully.
[2025-05-30 22:27:58] WARNING: === Starting Trust Score Calculation ===
[2025-05-30 22:27:58] WARNING: Starting trust score calculation...
[2025-05-30 22:27:58] WARNING: Found 25 users in the trust network
[2025-05-30 22:27:58] WARNING: Building trust network graph...
[2025-05-30 22:27:58] WARNING: Calculating PageRank scores...
[2025-05-30 22:27:58] WARNING: Applying distrust penalties...
[2025-05-30 22:27:58] WARNING: Detecting communities...
[2025-05-30 22:27:58] WARNING: Found 8 isolated nodes to assign to communities
[2025-05-30 22:27:58] WARNING: Assigned isolated node Eyes_OnTheSkies to community 1 based on structural balance theory
[2025-05-30 22:27:58] WARNING: Assigned isolated node FettucineSplit to community 1 based on structural balance theory
[2025-05-30 22:27:58] WARNING: Assigned isolated node JonMajerowski to community 1 based on structural balance theory
[2025-05-30 22:27:58] WARNING: Assigned isolated node MiddleofMayhem to community 2 based on structural balance theory
[2025-05-30 22:27:58] WARNING: Assigned isolated node PTHellyer to community 1 based on structural balance theory
[2025-05-30 22:27:58] WARNING: Assigned isolated node SnakePo9 to community 1 based on structural balance theory
[2025-05-30 22:27:58] WARNING: Assigned isolated node jamescfox to community 1 based on structural balance theory
[2025-05-30 22:27:58] WARNING: Assigned isolated node likeitmatters3 to community 2 based on structural balance theory
[2025-05-30 22:27:58] INFO: Analyzing community composition...
[2025-05-30 22:27:58] INFO: Community Community A (18 members): AskaPol_UAPs, ChrisUKSharp, DanHaug6, Eyes_OnTheSkies, FettucineSplit, GoodTroubleShow, Halsrethink, JeremyCorbell, JonMajerowski, LueElizondo, PTHellyer, SnakePo9, TheOfficialQF, g_knapp, jamescfox, jayanderson, rosscoulthart, ufobeliever1947
[2025-05-30 22:27:58] INFO: Community Community B (7 members): MiddleofMayhem, OSIRISUAP, ShipsSmall, cosmic_surplus, likeitmatters3, susangerbic, ufoskeptic1968
[2025-05-30 22:27:58] INFO: Community analysis written to community_analysis.txt
[2025-05-30 22:27:58] WARNING: Generating trust network visualization...
[2025-05-30 22:27:59] WARNING: Network visualization saved to visualization/trust_network.png
[2025-05-30 22:27:59] WARNING: Creating JSON data structure...
[2025-05-30 22:27:59] WARNING: Successfully generated js/data.js with:
[2025-05-30 22:27:59] WARNING: - 25 users
[2025-05-30 22:27:59] WARNING: - 31 trust relationships
[2025-05-30 22:27:59] WARNING: - 2 communities
[2025-05-30 22:27:59] WARNING: Trust calculation completed successfully.
[2025-05-30 22:37:48] WARNING: === Starting Trust Score Calculation ===
[2025-05-30 22:37:48] WARNING: Starting trust score calculation...
[2025-05-30 22:37:48] WARNING: Found 25 users in the trust network
[2025-05-30 22:37:48] WARNING: Building trust network graph...
[2025-05-30 22:37:48] WARNING: Calculating PageRank scores...
[2025-05-30 22:37:48] WARNING: Applying distrust penalties...
[2025-05-30 22:37:48] WARNING: Detecting communities...
[2025-05-30 22:37:48] WARNING: Found 8 isolated nodes to assign to communities
[2025-05-30 22:37:48] WARNING: Assigned isolated node Eyes_OnTheSkies to community 1 based on structural balance theory
[2025-05-30 22:37:48] WARNING: Assigned isolated node FettucineSplit to community 1 based on structural balance theory
[2025-05-30 22:37:48] WARNING: Assigned isolated node JonMajerowski to community 1 based on structural balance theory
[2025-05-30 22:37:48] WARNING: Assigned isolated node MiddleofMayhem to community 2 based on structural balance theory
[2025-05-30 22:37:48] WARNING: Assigned isolated node PTHellyer to community 1 based on structural balance theory
[2025-05-30 22:37:48] WARNING: Assigned isolated node SnakePo9 to community 1 based on structural balance theory
[2025-05-30 22:37:48] WARNING: Assigned isolated node jamescfox to community 1 based on structural balance theory
[2025-05-30 22:37:48] WARNING: Assigned isolated node likeitmatters3 to community 2 based on structural balance theory
[2025-05-30 22:37:48] INFO: Analyzing community composition...
[2025-05-30 22:37:48] INFO: Community Community A (18 members): AskaPol_UAPs, ChrisUKSharp, DanHaug6, Eyes_OnTheSkies, FettucineSplit, GoodTroubleShow, Halsrethink, JeremyCorbell, JonMajerowski, LueElizondo, PTHellyer, SnakePo9, TheOfficialQF, g_knapp, jamescfox, jayanderson, rosscoulthart, ufobeliever1947
[2025-05-30 22:37:48] INFO: Community Community B (7 members): MiddleofMayhem, OSIRISUAP, ShipsSmall, cosmic_surplus, likeitmatters3, susangerbic, ufoskeptic1968
[2025-05-30 22:37:48] INFO: Community analysis written to community_analysis.txt
[2025-05-30 22:37:48] WARNING: Generating trust network visualization...
[2025-05-30 22:37:48] WARNING: Network visualization saved to visualization/trust_network.png
[2025-05-30 22:37:48] WARNING: Creating JSON data structure...
[2025-05-30 22:37:48] WARNING: Successfully generated js/data.js with:
[2025-05-30 22:37:48] WARNING: - 25 users
[2025-05-30 22:37:48] WARNING: - 31 trust relationships
[2025-05-30 22:37:48] WARNING: - 2 communities
[2025-05-30 22:37:48] WARNING: Trust calculation completed successfully.
[2025-05-30 22:47:57] WARNING: === Starting Trust Score Calculation ===
[2025-05-30 22:47:57] WARNING: Starting trust score calculation...
[2025-05-30 22:47:57] WARNING: Found 25 users in the trust network
[2025-05-30 22:47:57] WARNING: Building trust network graph...
[2025-05-30 22:47:57] WARNING: Calculating PageRank scores...
[2025-05-30 22:47:57] WARNING: Applying distrust penalties...
[2025-05-30 22:47:57] WARNING: Detecting communities...
[2025-05-30 22:47:57] WARNING: Found 8 isolated nodes to assign to communities
[2025-05-30 22:47:57] WARNING: Assigned isolated node Eyes_OnTheSkies to community 1 based on structural balance theory
[2025-05-30 22:47:57] WARNING: Assigned isolated node FettucineSplit to community 1 based on structural balance theory
[2025-05-30 22:47:57] WARNING: Assigned isolated node JonMajerowski to community 1 based on structural balance theory
[2025-05-30 22:47:57] WARNING: Assigned isolated node MiddleofMayhem to community 2 based on structural balance theory
[2025-05-30 22:47:57] WARNING: Assigned isolated node PTHellyer to community 1 based on structural balance theory
[2025-05-30 22:47:57] WARNING: Assigned isolated node SnakePo9 to community 1 based on structural balance theory
[2025-05-30 22:47:57] WARNING: Assigned isolated node jamescfox to community 1 based on structural balance theory
[2025-05-30 22:47:57] WARNING: Assigned isolated node likeitmatters3 to community 2 based on structural balance theory
[2025-05-30 22:47:57] INFO: Analyzing community composition...
[2025-05-30 22:47:57] INFO: Community Community A (18 members): AskaPol_UAPs, ChrisUKSharp, DanHaug6, Eyes_OnTheSkies, FettucineSplit, GoodTroubleShow, Halsrethink, JeremyCorbell, JonMajerowski, LueElizondo, PTHellyer, SnakePo9, TheOfficialQF, g_knapp, jamescfox, jayanderson, rosscoulthart, ufobeliever1947
[2025-05-30 22:47:57] INFO: Community Community B (7 members): MiddleofMayhem, OSIRISUAP, ShipsSmall, cosmic_surplus, likeitmatters3, susangerbic, ufoskeptic1968
[2025-05-30 22:47:57] INFO: Community analysis written to community_analysis.txt
[2025-05-30 22:47:57] WARNING: Generating trust network visualization...
[2025-05-30 22:47:58] WARNING: Network visualization saved to visualization/trust_network.png
[2025-05-30 22:47:58] WARNING: Creating JSON data structure...
[2025-05-30 22:47:58] WARNING: Successfully generated js/data.js with:
[2025-05-30 22:47:58] WARNING: - 25 users
[2025-05-30 22:47:58] WARNING: - 31 trust relationships
[2025-05-30 22:47:58] WARNING: - 2 communities
[2025-05-30 22:47:58] WARNING: Trust calculation completed successfully.
[2025-05-30 22:57:49] WARNING: === Starting Trust Score Calculation ===
[2025-05-30 22:57:49] WARNING: Starting trust score calculation...
[2025-05-30 22:57:49] WARNING: Found 25 users in the trust network
[2025-05-30 22:57:49] WARNING: Building trust network graph...
[2025-05-30 22:57:49] WARNING: Calculating PageRank scores...
[2025-05-30 22:57:49] WARNING: Applying distrust penalties...
[2025-05-30 22:57:49] WARNING: Detecting communities...
[2025-05-30 22:57:49] WARNING: Found 8 isolated nodes to assign to communities
[2025-05-30 22:57:49] WARNING: Assigned isolated node Eyes_OnTheSkies to community 1 based on structural balance theory
[2025-05-30 22:57:49] WARNING: Assigned isolated node FettucineSplit to community 1 based on structural balance theory
[2025-05-30 22:57:49] WARNING: Assigned isolated node JonMajerowski to community 1 based on structural balance theory
[2025-05-30 22:57:49] WARNING: Assigned isolated node MiddleofMayhem to community 2 based on structural balance theory
[2025-05-30 22:57:49] WARNING: Assigned isolated node PTHellyer to community 1 based on structural balance theory
[2025-05-30 22:57:49] WARNING: Assigned isolated node SnakePo9 to community 1 based on structural balance theory
[2025-05-30 22:57:49] WARNING: Assigned isolated node jamescfox to community 1 based on structural balance theory
[2025-05-30 22:57:49] WARNING: Assigned isolated node likeitmatters3 to community 2 based on structural balance theory
[2025-05-30 22:57:49] INFO: Analyzing community composition...
[2025-05-30 22:57:49] INFO: Community Community A (18 members): AskaPol_UAPs, ChrisUKSharp, DanHaug6, Eyes_OnTheSkies, FettucineSplit, GoodTroubleShow, Halsrethink, JeremyCorbell, JonMajerowski, LueElizondo, PTHellyer, SnakePo9, TheOfficialQF, g_knapp, jamescfox, jayanderson, rosscoulthart, ufobeliever1947
[2025-05-30 22:57:49] INFO: Community Community B (7 members): MiddleofMayhem, OSIRISUAP, ShipsSmall, cosmic_surplus, likeitmatters3, susangerbic, ufoskeptic1968
[2025-05-30 22:57:49] INFO: Community analysis written to community_analysis.txt
[2025-05-30 22:57:49] WARNING: Generating trust network visualization...
[2025-05-30 22:57:50] WARNING: Network visualization saved to visualization/trust_network.png
[2025-05-30 22:57:50] WARNING: Creating JSON data structure...
[2025-05-30 22:57:50] WARNING: Successfully generated js/data.js with:
[2025-05-30 22:57:50] WARNING: - 25 users
[2025-05-30 22:57:50] WARNING: - 31 trust relationships
[2025-05-30 22:57:50] WARNING: - 2 communities
[2025-05-30 22:57:50] WARNING: Trust calculation completed successfully.
[2025-05-30 23:07:38] WARNING: === Starting Trust Score Calculation ===
[2025-05-30 23:07:38] WARNING: Starting trust score calculation...
[2025-05-30 23:07:38] WARNING: Found 25 users in the trust network
[2025-05-30 23:07:38] WARNING: Building trust network graph...
[2025-05-30 23:07:38] WARNING: Calculating PageRank scores...
[2025-05-30 23:07:38] WARNING: Applying distrust penalties...
[2025-05-30 23:07:38] WARNING: Detecting communities...
[2025-05-30 23:07:38] WARNING: Found 8 isolated nodes to assign to communities
[2025-05-30 23:07:38] WARNING: Assigned isolated node Eyes_OnTheSkies to community 1 based on structural balance theory
[2025-05-30 23:07:38] WARNING: Assigned isolated node FettucineSplit to community 1 based on structural balance theory
[2025-05-30 23:07:38] WARNING: Assigned isolated node JonMajerowski to community 1 based on structural balance theory
[2025-05-30 23:07:38] WARNING: Assigned isolated node MiddleofMayhem to community 2 based on structural balance theory
[2025-05-30 23:07:38] WARNING: Assigned isolated node PTHellyer to community 1 based on structural balance theory
[2025-05-30 23:07:38] WARNING: Assigned isolated node SnakePo9 to community 1 based on structural balance theory
[2025-05-30 23:07:38] WARNING: Assigned isolated node jamescfox to community 1 based on structural balance theory
[2025-05-30 23:07:38] WARNING: Assigned isolated node likeitmatters3 to community 2 based on structural balance theory
[2025-05-30 23:07:38] INFO: Analyzing community composition...
[2025-05-30 23:07:38] INFO: Community Community A (18 members): AskaPol_UAPs, ChrisUKSharp, DanHaug6, Eyes_OnTheSkies, FettucineSplit, GoodTroubleShow, Halsrethink, JeremyCorbell, JonMajerowski, LueElizondo, PTHellyer, SnakePo9, TheOfficialQF, g_knapp, jamescfox, jayanderson, rosscoulthart, ufobeliever1947
[2025-05-30 23:07:38] INFO: Community Community B (7 members): MiddleofMayhem, OSIRISUAP, ShipsSmall, cosmic_surplus, likeitmatters3, susangerbic, ufoskeptic1968
[2025-05-30 23:07:38] INFO: Community analysis written to community_analysis.txt
[2025-05-30 23:07:38] WARNING: Generating trust network visualization...
[2025-05-30 23:07:39] WARNING: Network visualization saved to visualization/trust_network.png
[2025-05-30 23:07:39] WARNING: Creating JSON data structure...
[2025-05-30 23:07:39] WARNING: Successfully generated js/data.js with:
[2025-05-30 23:07:39] WARNING: - 25 users
[2025-05-30 23:07:39] WARNING: - 31 trust relationships
[2025-05-30 23:07:39] WARNING: - 2 communities
[2025-05-30 23:07:39] WARNING: Trust calculation completed successfully.
[2025-05-30 23:17:59] WARNING: === Starting Trust Score Calculation ===
[2025-05-30 23:17:59] WARNING: Starting trust score calculation...
[2025-05-30 23:17:59] WARNING: Found 25 users in the trust network
[2025-05-30 23:17:59] WARNING: Building trust network graph...
[2025-05-30 23:17:59] WARNING: Calculating PageRank scores...
[2025-05-30 23:17:59] WARNING: Applying distrust penalties...
[2025-05-30 23:17:59] WARNING: Detecting communities...
[2025-05-30 23:17:59] WARNING: Found 8 isolated nodes to assign to communities
[2025-05-30 23:17:59] WARNING: Assigned isolated node Eyes_OnTheSkies to community 1 based on structural balance theory
[2025-05-30 23:17:59] WARNING: Assigned isolated node FettucineSplit to community 1 based on structural balance theory
[2025-05-30 23:17:59] WARNING: Assigned isolated node JonMajerowski to community 1 based on structural balance theory
[2025-05-30 23:17:59] WARNING: Assigned isolated node MiddleofMayhem to community 2 based on structural balance theory
[2025-05-30 23:17:59] WARNING: Assigned isolated node PTHellyer to community 1 based on structural balance theory
[2025-05-30 23:17:59] WARNING: Assigned isolated node SnakePo9 to community 1 based on structural balance theory
[2025-05-30 23:17:59] WARNING: Assigned isolated node jamescfox to community 1 based on structural balance theory
[2025-05-30 23:17:59] WARNING: Assigned isolated node likeitmatters3 to community 2 based on structural balance theory
[2025-05-30 23:17:59] INFO: Analyzing community composition...
[2025-05-30 23:17:59] INFO: Community Community A (18 members): AskaPol_UAPs, ChrisUKSharp, DanHaug6, Eyes_OnTheSkies, FettucineSplit, GoodTroubleShow, Halsrethink, JeremyCorbell, JonMajerowski, LueElizondo, PTHellyer, SnakePo9, TheOfficialQF, g_knapp, jamescfox, jayanderson, rosscoulthart, ufobeliever1947
[2025-05-30 23:17:59] INFO: Community Community B (7 members): MiddleofMayhem, OSIRISUAP, ShipsSmall, cosmic_surplus, likeitmatters3, susangerbic, ufoskeptic1968
[2025-05-30 23:17:59] INFO: Community analysis written to community_analysis.txt
[2025-05-30 23:17:59] WARNING: Generating trust network visualization...
[2025-05-30 23:18:00] WARNING: Network visualization saved to visualization/trust_network.png
[2025-05-30 23:18:00] WARNING: Creating JSON data structure...
[2025-05-30 23:18:00] WARNING: Successfully generated js/data.js with:
[2025-05-30 23:18:00] WARNING: - 25 users
[2025-05-30 23:18:00] WARNING: - 31 trust relationships
[2025-05-30 23:18:00] WARNING: - 2 communities
[2025-05-30 23:18:00] WARNING: Trust calculation completed successfully.
