[2025-05-11 17:30:05] WARNING: === Starting Trust Score Calculation ===
[2025-05-11 17:30:05] WARNING: Starting trust score calculation...
[2025-05-11 17:30:05] WARNING: Found 0 users in the trust network
[2025-05-11 17:30:05] WARNING: No users found in trust assignments
[2025-05-11 17:30:05] WARNING: Trust calculation failed.
[2025-05-11 17:39:59] WARNING: === Starting Trust Score Calculation ===
[2025-05-11 17:39:59] WARNING: Starting trust score calculation...
[2025-05-11 17:39:59] WARNING: Found 0 users in the trust network
[2025-05-11 17:39:59] WARNING: No users found in trust assignments
[2025-05-11 17:39:59] WARNING: Trust calculation failed.
[2025-05-11 17:49:59] WARNING: === Starting Trust Score Calculation ===
[2025-05-11 17:49:59] WARNING: Starting trust score calculation...
[2025-05-11 17:49:59] WARNING: Found 0 users in the trust network
[2025-05-11 17:49:59] WARNING: No users found in trust assignments
[2025-05-11 17:49:59] WARNING: Trust calculation failed.
[2025-05-11 18:00:00] WARNING: === Starting Trust Score Calculation ===
[2025-05-11 18:00:00] WARNING: Starting trust score calculation...
[2025-05-11 18:00:00] WARNING: Found 0 users in the trust network
[2025-05-11 18:00:00] WARNING: No users found in trust assignments
[2025-05-11 18:00:00] WARNING: Trust calculation failed.
[2025-05-11 18:09:59] WARNING: === Starting Trust Score Calculation ===
[2025-05-11 18:09:59] WARNING: Starting trust score calculation...
[2025-05-11 18:09:59] WARNING: Found 0 users in the trust network
[2025-05-11 18:09:59] WARNING: No users found in trust assignments
[2025-05-11 18:09:59] WARNING: Trust calculation failed.
