[2025-05-26 09:27:48] INFO: Community Community A (18 members): AskaPol_UAPs, ChrisUKSharp, DanHaug6, Eyes_OnTheSkies, FettucineSplit, GoodTroubleShow, Halsrethink, JeremyCorbell, JonMajerowski, LueElizondo, PTHellyer, SnakePo9, TheOfficialQF, g_knapp, jamescfox, jayanderson, rosscoulthart, ufobeliever1947
[2025-05-26 09:27:48] INFO: Community Community B (7 members): MiddleofMayhem, OSIRISUAP, ShipsSmall, cosmic_surplus, likeitmatters3, susangerbic, ufoskeptic1968
[2025-05-26 09:27:48] INFO: Community analysis written to community_analysis.txt
[2025-05-26 09:27:48] WARNING: Generating trust network visualization...
[2025-05-26 09:27:49] WARNING: Network visualization saved to visualization/trust_network.png
[2025-05-26 09:27:49] WARNING: Creating JSON data structure...
[2025-05-26 09:27:49] WARNING: Successfully generated js/data.js with:
[2025-05-26 09:27:49] WARNING: - 25 users
[2025-05-26 09:27:49] WARNING: - 31 trust relationships
[2025-05-26 09:27:49] WARNING: - 2 communities
[2025-05-26 09:27:49] WARNING: Trust calculation completed successfully.
[2025-05-26 09:37:55] WARNING: === Starting Trust Score Calculation ===
[2025-05-26 09:37:55] WARNING: Starting trust score calculation...
[2025-05-26 09:37:55] WARNING: Found 25 users in the trust network
[2025-05-26 09:37:55] WARNING: Building trust network graph...
[2025-05-26 09:37:55] WARNING: Calculating PageRank scores...
[2025-05-26 09:37:55] WARNING: Applying distrust penalties...
[2025-05-26 09:37:55] WARNING: Detecting communities...
[2025-05-26 09:37:55] WARNING: Found 8 isolated nodes to assign to communities
[2025-05-26 09:37:55] WARNING: Assigned isolated node Eyes_OnTheSkies to community 1 based on structural balance theory
[2025-05-26 09:37:55] WARNING: Assigned isolated node FettucineSplit to community 1 based on structural balance theory
[2025-05-26 09:37:55] WARNING: Assigned isolated node JonMajerowski to community 1 based on structural balance theory
[2025-05-26 09:37:55] WARNING: Assigned isolated node MiddleofMayhem to community 2 based on structural balance theory
[2025-05-26 09:37:55] WARNING: Assigned isolated node PTHellyer to community 1 based on structural balance theory
[2025-05-26 09:37:55] WARNING: Assigned isolated node SnakePo9 to community 1 based on structural balance theory
[2025-05-26 09:37:55] WARNING: Assigned isolated node jamescfox to community 1 based on structural balance theory
[2025-05-26 09:37:55] WARNING: Assigned isolated node likeitmatters3 to community 2 based on structural balance theory
[2025-05-26 09:37:55] INFO: Analyzing community composition...
[2025-05-26 09:37:55] INFO: Community Community A (18 members): AskaPol_UAPs, ChrisUKSharp, DanHaug6, Eyes_OnTheSkies, FettucineSplit, GoodTroubleShow, Halsrethink, JeremyCorbell, JonMajerowski, LueElizondo, PTHellyer, SnakePo9, TheOfficialQF, g_knapp, jamescfox, jayanderson, rosscoulthart, ufobeliever1947
[2025-05-26 09:37:55] INFO: Community Community B (7 members): MiddleofMayhem, OSIRISUAP, ShipsSmall, cosmic_surplus, likeitmatters3, susangerbic, ufoskeptic1968
[2025-05-26 09:37:55] INFO: Community analysis written to community_analysis.txt
[2025-05-26 09:37:55] WARNING: Generating trust network visualization...
[2025-05-26 09:37:56] WARNING: Network visualization saved to visualization/trust_network.png
[2025-05-26 09:37:56] WARNING: Creating JSON data structure...
[2025-05-26 09:37:56] WARNING: Successfully generated js/data.js with:
[2025-05-26 09:37:56] WARNING: - 25 users
[2025-05-26 09:37:56] WARNING: - 31 trust relationships
[2025-05-26 09:37:56] WARNING: - 2 communities
[2025-05-26 09:37:56] WARNING: Trust calculation completed successfully.
[2025-05-26 09:47:40] WARNING: === Starting Trust Score Calculation ===
[2025-05-26 09:47:40] WARNING: Starting trust score calculation...
[2025-05-26 09:47:40] WARNING: Found 25 users in the trust network
[2025-05-26 09:47:40] WARNING: Building trust network graph...
[2025-05-26 09:47:40] WARNING: Calculating PageRank scores...
[2025-05-26 09:47:40] WARNING: Applying distrust penalties...
[2025-05-26 09:47:40] WARNING: Detecting communities...
[2025-05-26 09:47:40] WARNING: Found 8 isolated nodes to assign to communities
[2025-05-26 09:47:40] WARNING: Assigned isolated node Eyes_OnTheSkies to community 1 based on structural balance theory
[2025-05-26 09:47:40] WARNING: Assigned isolated node FettucineSplit to community 1 based on structural balance theory
[2025-05-26 09:47:40] WARNING: Assigned isolated node JonMajerowski to community 1 based on structural balance theory
[2025-05-26 09:47:40] WARNING: Assigned isolated node MiddleofMayhem to community 2 based on structural balance theory
[2025-05-26 09:47:40] WARNING: Assigned isolated node PTHellyer to community 1 based on structural balance theory
[2025-05-26 09:47:40] WARNING: Assigned isolated node SnakePo9 to community 1 based on structural balance theory
[2025-05-26 09:47:40] WARNING: Assigned isolated node jamescfox to community 1 based on structural balance theory
[2025-05-26 09:47:40] WARNING: Assigned isolated node likeitmatters3 to community 2 based on structural balance theory
[2025-05-26 09:47:40] INFO: Analyzing community composition...
[2025-05-26 09:47:40] INFO: Community Community A (18 members): AskaPol_UAPs, ChrisUKSharp, DanHaug6, Eyes_OnTheSkies, FettucineSplit, GoodTroubleShow, Halsrethink, JeremyCorbell, JonMajerowski, LueElizondo, PTHellyer, SnakePo9, TheOfficialQF, g_knapp, jamescfox, jayanderson, rosscoulthart, ufobeliever1947
[2025-05-26 09:47:40] INFO: Community Community B (7 members): MiddleofMayhem, OSIRISUAP, ShipsSmall, cosmic_surplus, likeitmatters3, susangerbic, ufoskeptic1968
[2025-05-26 09:47:40] INFO: Community analysis written to community_analysis.txt
[2025-05-26 09:47:40] WARNING: Generating trust network visualization...
[2025-05-26 09:47:41] WARNING: Network visualization saved to visualization/trust_network.png
[2025-05-26 09:47:41] WARNING: Creating JSON data structure...
[2025-05-26 09:47:41] WARNING: Successfully generated js/data.js with:
[2025-05-26 09:47:41] WARNING: - 25 users
[2025-05-26 09:47:41] WARNING: - 31 trust relationships
[2025-05-26 09:47:41] WARNING: - 2 communities
[2025-05-26 09:47:41] WARNING: Trust calculation completed successfully.
[2025-05-26 09:57:38] WARNING: === Starting Trust Score Calculation ===
[2025-05-26 09:57:38] WARNING: Starting trust score calculation...
[2025-05-26 09:57:38] WARNING: Found 25 users in the trust network
[2025-05-26 09:57:38] WARNING: Building trust network graph...
[2025-05-26 09:57:38] WARNING: Calculating PageRank scores...
[2025-05-26 09:57:38] WARNING: Applying distrust penalties...
[2025-05-26 09:57:38] WARNING: Detecting communities...
[2025-05-26 09:57:38] WARNING: Found 8 isolated nodes to assign to communities
[2025-05-26 09:57:38] WARNING: Assigned isolated node Eyes_OnTheSkies to community 1 based on structural balance theory
[2025-05-26 09:57:38] WARNING: Assigned isolated node FettucineSplit to community 1 based on structural balance theory
[2025-05-26 09:57:38] WARNING: Assigned isolated node JonMajerowski to community 1 based on structural balance theory
[2025-05-26 09:57:38] WARNING: Assigned isolated node MiddleofMayhem to community 2 based on structural balance theory
[2025-05-26 09:57:38] WARNING: Assigned isolated node PTHellyer to community 1 based on structural balance theory
[2025-05-26 09:57:38] WARNING: Assigned isolated node SnakePo9 to community 1 based on structural balance theory
[2025-05-26 09:57:38] WARNING: Assigned isolated node jamescfox to community 1 based on structural balance theory
[2025-05-26 09:57:38] WARNING: Assigned isolated node likeitmatters3 to community 2 based on structural balance theory
[2025-05-26 09:57:38] INFO: Analyzing community composition...
[2025-05-26 09:57:38] INFO: Community Community A (18 members): AskaPol_UAPs, ChrisUKSharp, DanHaug6, Eyes_OnTheSkies, FettucineSplit, GoodTroubleShow, Halsrethink, JeremyCorbell, JonMajerowski, LueElizondo, PTHellyer, SnakePo9, TheOfficialQF, g_knapp, jamescfox, jayanderson, rosscoulthart, ufobeliever1947
[2025-05-26 09:57:38] INFO: Community Community B (7 members): MiddleofMayhem, OSIRISUAP, ShipsSmall, cosmic_surplus, likeitmatters3, susangerbic, ufoskeptic1968
[2025-05-26 09:57:38] INFO: Community analysis written to community_analysis.txt
[2025-05-26 09:57:38] WARNING: Generating trust network visualization...
[2025-05-26 09:57:39] WARNING: Network visualization saved to visualization/trust_network.png
[2025-05-26 09:57:39] WARNING: Creating JSON data structure...
[2025-05-26 09:57:39] WARNING: Successfully generated js/data.js with:
[2025-05-26 09:57:39] WARNING: - 25 users
[2025-05-26 09:57:39] WARNING: - 31 trust relationships
[2025-05-26 09:57:39] WARNING: - 2 communities
[2025-05-26 09:57:39] WARNING: Trust calculation completed successfully.
[2025-05-26 10:07:38] WARNING: === Starting Trust Score Calculation ===
[2025-05-26 10:07:38] WARNING: Starting trust score calculation...
[2025-05-26 10:07:38] WARNING: Found 25 users in the trust network
[2025-05-26 10:07:38] WARNING: Building trust network graph...
[2025-05-26 10:07:38] WARNING: Calculating PageRank scores...
[2025-05-26 10:07:38] WARNING: Applying distrust penalties...
[2025-05-26 10:07:38] WARNING: Detecting communities...
[2025-05-26 10:07:38] WARNING: Found 8 isolated nodes to assign to communities
[2025-05-26 10:07:38] WARNING: Assigned isolated node Eyes_OnTheSkies to community 1 based on structural balance theory
[2025-05-26 10:07:38] WARNING: Assigned isolated node FettucineSplit to community 1 based on structural balance theory
[2025-05-26 10:07:38] WARNING: Assigned isolated node JonMajerowski to community 1 based on structural balance theory
[2025-05-26 10:07:38] WARNING: Assigned isolated node MiddleofMayhem to community 2 based on structural balance theory
[2025-05-26 10:07:38] WARNING: Assigned isolated node PTHellyer to community 1 based on structural balance theory
[2025-05-26 10:07:38] WARNING: Assigned isolated node SnakePo9 to community 1 based on structural balance theory
[2025-05-26 10:07:38] WARNING: Assigned isolated node jamescfox to community 1 based on structural balance theory
[2025-05-26 10:07:38] WARNING: Assigned isolated node likeitmatters3 to community 2 based on structural balance theory
[2025-05-26 10:07:38] INFO: Analyzing community composition...
[2025-05-26 10:07:38] INFO: Community Community A (18 members): AskaPol_UAPs, ChrisUKSharp, DanHaug6, Eyes_OnTheSkies, FettucineSplit, GoodTroubleShow, Halsrethink, JeremyCorbell, JonMajerowski, LueElizondo, PTHellyer, SnakePo9, TheOfficialQF, g_knapp, jamescfox, jayanderson, rosscoulthart, ufobeliever1947
[2025-05-26 10:07:38] INFO: Community Community B (7 members): MiddleofMayhem, OSIRISUAP, ShipsSmall, cosmic_surplus, likeitmatters3, susangerbic, ufoskeptic1968
[2025-05-26 10:07:38] INFO: Community analysis written to community_analysis.txt
[2025-05-26 10:07:38] WARNING: Generating trust network visualization...
[2025-05-26 10:07:39] WARNING: Network visualization saved to visualization/trust_network.png
[2025-05-26 10:07:39] WARNING: Creating JSON data structure...
[2025-05-26 10:07:39] WARNING: Successfully generated js/data.js with:
[2025-05-26 10:07:39] WARNING: - 25 users
[2025-05-26 10:07:39] WARNING: - 31 trust relationships
[2025-05-26 10:07:39] WARNING: - 2 communities
[2025-05-26 10:07:39] WARNING: Trust calculation completed successfully.
[2025-05-26 10:17:38] WARNING: === Starting Trust Score Calculation ===
[2025-05-26 10:17:38] WARNING: Starting trust score calculation...
[2025-05-26 10:17:38] WARNING: Found 25 users in the trust network
[2025-05-26 10:17:38] WARNING: Building trust network graph...
[2025-05-26 10:17:38] WARNING: Calculating PageRank scores...
[2025-05-26 10:17:38] WARNING: Applying distrust penalties...
[2025-05-26 10:17:38] WARNING: Detecting communities...
[2025-05-26 10:17:38] WARNING: Found 8 isolated nodes to assign to communities
[2025-05-26 10:17:38] WARNING: Assigned isolated node Eyes_OnTheSkies to community 1 based on structural balance theory
[2025-05-26 10:17:38] WARNING: Assigned isolated node FettucineSplit to community 1 based on structural balance theory
[2025-05-26 10:17:38] WARNING: Assigned isolated node JonMajerowski to community 1 based on structural balance theory
[2025-05-26 10:17:38] WARNING: Assigned isolated node MiddleofMayhem to community 2 based on structural balance theory
[2025-05-26 10:17:38] WARNING: Assigned isolated node PTHellyer to community 1 based on structural balance theory
[2025-05-26 10:17:38] WARNING: Assigned isolated node SnakePo9 to community 1 based on structural balance theory
[2025-05-26 10:17:38] WARNING: Assigned isolated node jamescfox to community 1 based on structural balance theory
[2025-05-26 10:17:38] WARNING: Assigned isolated node likeitmatters3 to community 2 based on structural balance theory
[2025-05-26 10:17:38] INFO: Analyzing community composition...
[2025-05-26 10:17:38] INFO: Community Community A (18 members): AskaPol_UAPs, ChrisUKSharp, DanHaug6, Eyes_OnTheSkies, FettucineSplit, GoodTroubleShow, Halsrethink, JeremyCorbell, JonMajerowski, LueElizondo, PTHellyer, SnakePo9, TheOfficialQF, g_knapp, jamescfox, jayanderson, rosscoulthart, ufobeliever1947
[2025-05-26 10:17:38] INFO: Community Community B (7 members): MiddleofMayhem, OSIRISUAP, ShipsSmall, cosmic_surplus, likeitmatters3, susangerbic, ufoskeptic1968
[2025-05-26 10:17:38] INFO: Community analysis written to community_analysis.txt
[2025-05-26 10:17:38] WARNING: Generating trust network visualization...
[2025-05-26 10:17:39] WARNING: Network visualization saved to visualization/trust_network.png
[2025-05-26 10:17:39] WARNING: Creating JSON data structure...
[2025-05-26 10:17:39] WARNING: Successfully generated js/data.js with:
[2025-05-26 10:17:39] WARNING: - 25 users
[2025-05-26 10:17:39] WARNING: - 31 trust relationships
[2025-05-26 10:17:39] WARNING: - 2 communities
[2025-05-26 10:17:39] WARNING: Trust calculation completed successfully.
[2025-05-26 10:27:39] WARNING: === Starting Trust Score Calculation ===
[2025-05-26 10:27:39] WARNING: Starting trust score calculation...
[2025-05-26 10:27:39] WARNING: Found 25 users in the trust network
[2025-05-26 10:27:39] WARNING: Building trust network graph...
[2025-05-26 10:27:39] WARNING: Calculating PageRank scores...
[2025-05-26 10:27:39] WARNING: Applying distrust penalties...
[2025-05-26 10:27:39] WARNING: Detecting communities...
[2025-05-26 10:27:39] WARNING: Found 8 isolated nodes to assign to communities
[2025-05-26 10:27:39] WARNING: Assigned isolated node Eyes_OnTheSkies to community 1 based on structural balance theory
[2025-05-26 10:27:39] WARNING: Assigned isolated node FettucineSplit to community 1 based on structural balance theory
[2025-05-26 10:27:39] WARNING: Assigned isolated node JonMajerowski to community 1 based on structural balance theory
[2025-05-26 10:27:39] WARNING: Assigned isolated node MiddleofMayhem to community 2 based on structural balance theory
[2025-05-26 10:27:39] WARNING: Assigned isolated node PTHellyer to community 1 based on structural balance theory
[2025-05-26 10:27:39] WARNING: Assigned isolated node SnakePo9 to community 1 based on structural balance theory
[2025-05-26 10:27:39] WARNING: Assigned isolated node jamescfox to community 1 based on structural balance theory
[2025-05-26 10:27:39] WARNING: Assigned isolated node likeitmatters3 to community 2 based on structural balance theory
[2025-05-26 10:27:39] INFO: Analyzing community composition...
[2025-05-26 10:27:39] INFO: Community Community A (18 members): AskaPol_UAPs, ChrisUKSharp, DanHaug6, Eyes_OnTheSkies, FettucineSplit, GoodTroubleShow, Halsrethink, JeremyCorbell, JonMajerowski, LueElizondo, PTHellyer, SnakePo9, TheOfficialQF, g_knapp, jamescfox, jayanderson, rosscoulthart, ufobeliever1947
[2025-05-26 10:27:39] INFO: Community Community B (7 members): MiddleofMayhem, OSIRISUAP, ShipsSmall, cosmic_surplus, likeitmatters3, susangerbic, ufoskeptic1968
[2025-05-26 10:27:39] INFO: Community analysis written to community_analysis.txt
[2025-05-26 10:27:39] WARNING: Generating trust network visualization...
[2025-05-26 10:27:40] WARNING: Network visualization saved to visualization/trust_network.png
[2025-05-26 10:27:40] WARNING: Creating JSON data structure...
[2025-05-26 10:27:40] WARNING: Successfully generated js/data.js with:
[2025-05-26 10:27:40] WARNING: - 25 users
[2025-05-26 10:27:40] WARNING: - 31 trust relationships
[2025-05-26 10:27:40] WARNING: - 2 communities
[2025-05-26 10:27:40] WARNING: Trust calculation completed successfully.
[2025-05-26 10:37:40] WARNING: === Starting Trust Score Calculation ===
[2025-05-26 10:37:40] WARNING: Starting trust score calculation...
[2025-05-26 10:37:40] WARNING: Found 25 users in the trust network
[2025-05-26 10:37:40] WARNING: Building trust network graph...
[2025-05-26 10:37:40] WARNING: Calculating PageRank scores...
[2025-05-26 10:37:40] WARNING: Applying distrust penalties...
[2025-05-26 10:37:40] WARNING: Detecting communities...
[2025-05-26 10:37:40] WARNING: Found 8 isolated nodes to assign to communities
[2025-05-26 10:37:40] WARNING: Assigned isolated node Eyes_OnTheSkies to community 1 based on structural balance theory
[2025-05-26 10:37:40] WARNING: Assigned isolated node FettucineSplit to community 1 based on structural balance theory
[2025-05-26 10:37:40] WARNING: Assigned isolated node JonMajerowski to community 1 based on structural balance theory
[2025-05-26 10:37:40] WARNING: Assigned isolated node MiddleofMayhem to community 2 based on structural balance theory
[2025-05-26 10:37:40] WARNING: Assigned isolated node PTHellyer to community 1 based on structural balance theory
[2025-05-26 10:37:40] WARNING: Assigned isolated node SnakePo9 to community 1 based on structural balance theory
[2025-05-26 10:37:40] WARNING: Assigned isolated node jamescfox to community 1 based on structural balance theory
[2025-05-26 10:37:40] WARNING: Assigned isolated node likeitmatters3 to community 2 based on structural balance theory
[2025-05-26 10:37:40] INFO: Analyzing community composition...
[2025-05-26 10:37:40] INFO: Community Community A (18 members): AskaPol_UAPs, ChrisUKSharp, DanHaug6, Eyes_OnTheSkies, FettucineSplit, GoodTroubleShow, Halsrethink, JeremyCorbell, JonMajerowski, LueElizondo, PTHellyer, SnakePo9, TheOfficialQF, g_knapp, jamescfox, jayanderson, rosscoulthart, ufobeliever1947
[2025-05-26 10:37:40] INFO: Community Community B (7 members): MiddleofMayhem, OSIRISUAP, ShipsSmall, cosmic_surplus, likeitmatters3, susangerbic, ufoskeptic1968
[2025-05-26 10:37:40] INFO: Community analysis written to community_analysis.txt
[2025-05-26 10:37:40] WARNING: Generating trust network visualization...
[2025-05-26 10:37:41] WARNING: Network visualization saved to visualization/trust_network.png
[2025-05-26 10:37:41] WARNING: Creating JSON data structure...
[2025-05-26 10:37:41] WARNING: Successfully generated js/data.js with:
[2025-05-26 10:37:41] WARNING: - 25 users
[2025-05-26 10:37:41] WARNING: - 31 trust relationships
[2025-05-26 10:37:41] WARNING: - 2 communities
[2025-05-26 10:37:41] WARNING: Trust calculation completed successfully.
[2025-05-26 10:47:38] WARNING: === Starting Trust Score Calculation ===
[2025-05-26 10:47:38] WARNING: Starting trust score calculation...
[2025-05-26 10:47:38] WARNING: Found 25 users in the trust network
[2025-05-26 10:47:38] WARNING: Building trust network graph...
[2025-05-26 10:47:38] WARNING: Calculating PageRank scores...
[2025-05-26 10:47:38] WARNING: Applying distrust penalties...
[2025-05-26 10:47:38] WARNING: Detecting communities...
[2025-05-26 10:47:38] WARNING: Found 8 isolated nodes to assign to communities
[2025-05-26 10:47:38] WARNING: Assigned isolated node Eyes_OnTheSkies to community 1 based on structural balance theory
[2025-05-26 10:47:38] WARNING: Assigned isolated node FettucineSplit to community 1 based on structural balance theory
[2025-05-26 10:47:38] WARNING: Assigned isolated node JonMajerowski to community 1 based on structural balance theory
[2025-05-26 10:47:38] WARNING: Assigned isolated node MiddleofMayhem to community 2 based on structural balance theory
[2025-05-26 10:47:38] WARNING: Assigned isolated node PTHellyer to community 1 based on structural balance theory
[2025-05-26 10:47:38] WARNING: Assigned isolated node SnakePo9 to community 1 based on structural balance theory
[2025-05-26 10:47:38] WARNING: Assigned isolated node jamescfox to community 1 based on structural balance theory
[2025-05-26 10:47:38] WARNING: Assigned isolated node likeitmatters3 to community 2 based on structural balance theory
[2025-05-26 10:47:38] INFO: Analyzing community composition...
[2025-05-26 10:47:38] INFO: Community Community A (18 members): AskaPol_UAPs, ChrisUKSharp, DanHaug6, Eyes_OnTheSkies, FettucineSplit, GoodTroubleShow, Halsrethink, JeremyCorbell, JonMajerowski, LueElizondo, PTHellyer, SnakePo9, TheOfficialQF, g_knapp, jamescfox, jayanderson, rosscoulthart, ufobeliever1947
[2025-05-26 10:47:38] INFO: Community Community B (7 members): MiddleofMayhem, OSIRISUAP, ShipsSmall, cosmic_surplus, likeitmatters3, susangerbic, ufoskeptic1968
[2025-05-26 10:47:38] INFO: Community analysis written to community_analysis.txt
[2025-05-26 10:47:38] WARNING: Generating trust network visualization...
[2025-05-26 10:47:39] WARNING: Network visualization saved to visualization/trust_network.png
[2025-05-26 10:47:39] WARNING: Creating JSON data structure...
[2025-05-26 10:47:39] WARNING: Successfully generated js/data.js with:
[2025-05-26 10:47:39] WARNING: - 25 users
[2025-05-26 10:47:39] WARNING: - 31 trust relationships
[2025-05-26 10:47:39] WARNING: - 2 communities
[2025-05-26 10:47:39] WARNING: Trust calculation completed successfully.
[2025-05-26 10:57:40] WARNING: === Starting Trust Score Calculation ===
[2025-05-26 10:57:40] WARNING: Starting trust score calculation...
[2025-05-26 10:57:40] WARNING: Found 25 users in the trust network
[2025-05-26 10:57:40] WARNING: Building trust network graph...
[2025-05-26 10:57:40] WARNING: Calculating PageRank scores...
[2025-05-26 10:57:40] WARNING: Applying distrust penalties...
[2025-05-26 10:57:40] WARNING: Detecting communities...
[2025-05-26 10:57:40] WARNING: Found 8 isolated nodes to assign to communities
[2025-05-26 10:57:40] WARNING: Assigned isolated node Eyes_OnTheSkies to community 1 based on structural balance theory
[2025-05-26 10:57:40] WARNING: Assigned isolated node FettucineSplit to community 1 based on structural balance theory
[2025-05-26 10:57:40] WARNING: Assigned isolated node JonMajerowski to community 1 based on structural balance theory
[2025-05-26 10:57:40] WARNING: Assigned isolated node MiddleofMayhem to community 2 based on structural balance theory
[2025-05-26 10:57:40] WARNING: Assigned isolated node PTHellyer to community 1 based on structural balance theory
[2025-05-26 10:57:40] WARNING: Assigned isolated node SnakePo9 to community 1 based on structural balance theory
[2025-05-26 10:57:40] WARNING: Assigned isolated node jamescfox to community 1 based on structural balance theory
[2025-05-26 10:57:40] WARNING: Assigned isolated node likeitmatters3 to community 2 based on structural balance theory
[2025-05-26 10:57:40] INFO: Analyzing community composition...
[2025-05-26 10:57:40] INFO: Community Community A (18 members): AskaPol_UAPs, ChrisUKSharp, DanHaug6, Eyes_OnTheSkies, FettucineSplit, GoodTroubleShow, Halsrethink, JeremyCorbell, JonMajerowski, LueElizondo, PTHellyer, SnakePo9, TheOfficialQF, g_knapp, jamescfox, jayanderson, rosscoulthart, ufobeliever1947
[2025-05-26 10:57:40] INFO: Community Community B (7 members): MiddleofMayhem, OSIRISUAP, ShipsSmall, cosmic_surplus, likeitmatters3, susangerbic, ufoskeptic1968
[2025-05-26 10:57:40] INFO: Community analysis written to community_analysis.txt
[2025-05-26 10:57:40] WARNING: Generating trust network visualization...
[2025-05-26 10:57:41] WARNING: Network visualization saved to visualization/trust_network.png
[2025-05-26 10:57:41] WARNING: Creating JSON data structure...
[2025-05-26 10:57:41] WARNING: Successfully generated js/data.js with:
[2025-05-26 10:57:41] WARNING: - 25 users
[2025-05-26 10:57:41] WARNING: - 31 trust relationships
[2025-05-26 10:57:41] WARNING: - 2 communities
[2025-05-26 10:57:41] WARNING: Trust calculation completed successfully.
[2025-05-26 11:07:39] WARNING: === Starting Trust Score Calculation ===
[2025-05-26 11:07:39] WARNING: Starting trust score calculation...
[2025-05-26 11:07:39] WARNING: Found 25 users in the trust network
[2025-05-26 11:07:39] WARNING: Building trust network graph...
[2025-05-26 11:07:39] WARNING: Calculating PageRank scores...
[2025-05-26 11:07:39] WARNING: Applying distrust penalties...
[2025-05-26 11:07:39] WARNING: Detecting communities...
[2025-05-26 11:07:39] WARNING: Found 8 isolated nodes to assign to communities
[2025-05-26 11:07:39] WARNING: Assigned isolated node Eyes_OnTheSkies to community 1 based on structural balance theory
[2025-05-26 11:07:39] WARNING: Assigned isolated node FettucineSplit to community 1 based on structural balance theory
[2025-05-26 11:07:39] WARNING: Assigned isolated node JonMajerowski to community 1 based on structural balance theory
[2025-05-26 11:07:39] WARNING: Assigned isolated node MiddleofMayhem to community 2 based on structural balance theory
[2025-05-26 11:07:39] WARNING: Assigned isolated node PTHellyer to community 1 based on structural balance theory
[2025-05-26 11:07:39] WARNING: Assigned isolated node SnakePo9 to community 1 based on structural balance theory
[2025-05-26 11:07:39] WARNING: Assigned isolated node jamescfox to community 1 based on structural balance theory
[2025-05-26 11:07:39] WARNING: Assigned isolated node likeitmatters3 to community 2 based on structural balance theory
[2025-05-26 11:07:39] INFO: Analyzing community composition...
[2025-05-26 11:07:39] INFO: Community Community A (18 members): AskaPol_UAPs, ChrisUKSharp, DanHaug6, Eyes_OnTheSkies, FettucineSplit, GoodTroubleShow, Halsrethink, JeremyCorbell, JonMajerowski, LueElizondo, PTHellyer, SnakePo9, TheOfficialQF, g_knapp, jamescfox, jayanderson, rosscoulthart, ufobeliever1947
[2025-05-26 11:07:39] INFO: Community Community B (7 members): MiddleofMayhem, OSIRISUAP, ShipsSmall, cosmic_surplus, likeitmatters3, susangerbic, ufoskeptic1968
[2025-05-26 11:07:39] INFO: Community analysis written to community_analysis.txt
[2025-05-26 11:07:39] WARNING: Generating trust network visualization...
[2025-05-26 11:07:39] WARNING: Network visualization saved to visualization/trust_network.png
[2025-05-26 11:07:39] WARNING: Creating JSON data structure...
[2025-05-26 11:07:39] WARNING: Successfully generated js/data.js with:
[2025-05-26 11:07:39] WARNING: - 25 users
[2025-05-26 11:07:39] WARNING: - 31 trust relationships
[2025-05-26 11:07:39] WARNING: - 2 communities
[2025-05-26 11:07:39] WARNING: Trust calculation completed successfully.
[2025-05-26 11:17:38] WARNING: === Starting Trust Score Calculation ===
[2025-05-26 11:17:38] WARNING: Starting trust score calculation...
[2025-05-26 11:17:38] WARNING: Found 25 users in the trust network
[2025-05-26 11:17:38] WARNING: Building trust network graph...
[2025-05-26 11:17:38] WARNING: Calculating PageRank scores...
[2025-05-26 11:17:38] WARNING: Applying distrust penalties...
[2025-05-26 11:17:38] WARNING: Detecting communities...
[2025-05-26 11:17:38] WARNING: Found 8 isolated nodes to assign to communities
[2025-05-26 11:17:38] WARNING: Assigned isolated node Eyes_OnTheSkies to community 1 based on structural balance theory
[2025-05-26 11:17:38] WARNING: Assigned isolated node FettucineSplit to community 1 based on structural balance theory
[2025-05-26 11:17:38] WARNING: Assigned isolated node JonMajerowski to community 1 based on structural balance theory
[2025-05-26 11:17:38] WARNING: Assigned isolated node MiddleofMayhem to community 2 based on structural balance theory
[2025-05-26 11:17:38] WARNING: Assigned isolated node PTHellyer to community 1 based on structural balance theory
[2025-05-26 11:17:38] WARNING: Assigned isolated node SnakePo9 to community 1 based on structural balance theory
[2025-05-26 11:17:38] WARNING: Assigned isolated node jamescfox to community 1 based on structural balance theory
[2025-05-26 11:17:38] WARNING: Assigned isolated node likeitmatters3 to community 2 based on structural balance theory
[2025-05-26 11:17:38] INFO: Analyzing community composition...
[2025-05-26 11:17:38] INFO: Community Community A (18 members): AskaPol_UAPs, ChrisUKSharp, DanHaug6, Eyes_OnTheSkies, FettucineSplit, GoodTroubleShow, Halsrethink, JeremyCorbell, JonMajerowski, LueElizondo, PTHellyer, SnakePo9, TheOfficialQF, g_knapp, jamescfox, jayanderson, rosscoulthart, ufobeliever1947
[2025-05-26 11:17:38] INFO: Community Community B (7 members): MiddleofMayhem, OSIRISUAP, ShipsSmall, cosmic_surplus, likeitmatters3, susangerbic, ufoskeptic1968
[2025-05-26 11:17:38] INFO: Community analysis written to community_analysis.txt
[2025-05-26 11:17:38] WARNING: Generating trust network visualization...
[2025-05-26 11:17:39] WARNING: Network visualization saved to visualization/trust_network.png
[2025-05-26 11:17:39] WARNING: Creating JSON data structure...
[2025-05-26 11:17:39] WARNING: Successfully generated js/data.js with:
[2025-05-26 11:17:39] WARNING: - 25 users
[2025-05-26 11:17:39] WARNING: - 31 trust relationships
[2025-05-26 11:17:39] WARNING: - 2 communities
[2025-05-26 11:17:39] WARNING: Trust calculation completed successfully.
[2025-05-26 11:27:40] WARNING: === Starting Trust Score Calculation ===
[2025-05-26 11:27:40] WARNING: Starting trust score calculation...
[2025-05-26 11:27:40] WARNING: Found 25 users in the trust network
[2025-05-26 11:27:40] WARNING: Building trust network graph...
[2025-05-26 11:27:40] WARNING: Calculating PageRank scores...
[2025-05-26 11:27:40] WARNING: Applying distrust penalties...
[2025-05-26 11:27:40] WARNING: Detecting communities...
[2025-05-26 11:27:40] WARNING: Found 8 isolated nodes to assign to communities
[2025-05-26 11:27:40] WARNING: Assigned isolated node Eyes_OnTheSkies to community 1 based on structural balance theory
[2025-05-26 11:27:40] WARNING: Assigned isolated node FettucineSplit to community 1 based on structural balance theory
[2025-05-26 11:27:40] WARNING: Assigned isolated node JonMajerowski to community 1 based on structural balance theory
[2025-05-26 11:27:40] WARNING: Assigned isolated node MiddleofMayhem to community 2 based on structural balance theory
[2025-05-26 11:27:40] WARNING: Assigned isolated node PTHellyer to community 1 based on structural balance theory
[2025-05-26 11:27:40] WARNING: Assigned isolated node SnakePo9 to community 1 based on structural balance theory
[2025-05-26 11:27:40] WARNING: Assigned isolated node jamescfox to community 1 based on structural balance theory
[2025-05-26 11:27:40] WARNING: Assigned isolated node likeitmatters3 to community 2 based on structural balance theory
[2025-05-26 11:27:40] INFO: Analyzing community composition...
[2025-05-26 11:27:40] INFO: Community Community A (18 members): AskaPol_UAPs, ChrisUKSharp, DanHaug6, Eyes_OnTheSkies, FettucineSplit, GoodTroubleShow, Halsrethink, JeremyCorbell, JonMajerowski, LueElizondo, PTHellyer, SnakePo9, TheOfficialQF, g_knapp, jamescfox, jayanderson, rosscoulthart, ufobeliever1947
[2025-05-26 11:27:40] INFO: Community Community B (7 members): MiddleofMayhem, OSIRISUAP, ShipsSmall, cosmic_surplus, likeitmatters3, susangerbic, ufoskeptic1968
[2025-05-26 11:27:40] INFO: Community analysis written to community_analysis.txt
[2025-05-26 11:27:40] WARNING: Generating trust network visualization...
[2025-05-26 11:27:40] WARNING: Network visualization saved to visualization/trust_network.png
[2025-05-26 11:27:40] WARNING: Creating JSON data structure...
[2025-05-26 11:27:40] WARNING: Successfully generated js/data.js with:
[2025-05-26 11:27:40] WARNING: - 25 users
[2025-05-26 11:27:40] WARNING: - 31 trust relationships
[2025-05-26 11:27:40] WARNING: - 2 communities
[2025-05-26 11:27:40] WARNING: Trust calculation completed successfully.
