[2025-05-21 11:47:43] INFO: Community Community A (18 members): AskaPol_UAPs, ChrisUKSharp, DanHaug6, Eyes_OnTheSkies, FettucineSplit, GoodTroubleShow, Halsrethink, JeremyCorbell, JonMajerowski, LueElizondo, PTHellyer, SnakePo9, TheOfficialQF, g_knapp, jamescfox, jayanderson, rosscoulthart, ufobeliever1947
[2025-05-21 11:47:43] INFO: Community Community B (7 members): MiddleofMayhem, OSIRISUAP, ShipsSmall, cosmic_surplus, likeitmatters3, susangerbic, ufoskeptic1968
[2025-05-21 11:47:43] INFO: Community analysis written to community_analysis.txt
[2025-05-21 11:47:43] WARNING: Generating trust network visualization...
[2025-05-21 11:47:44] WARNING: Network visualization saved to visualization/trust_network.png
[2025-05-21 11:47:44] WARNING: Creating JSON data structure...
[2025-05-21 11:47:44] WARNING: Successfully generated js/data.js with:
[2025-05-21 11:47:44] WARNING: - 25 users
[2025-05-21 11:47:44] WARNING: - 31 trust relationships
[2025-05-21 11:47:44] WARNING: - 2 communities
[2025-05-21 11:47:44] WARNING: Trust calculation completed successfully.
[2025-05-21 11:57:41] WARNING: === Starting Trust Score Calculation ===
[2025-05-21 11:57:41] WARNING: Starting trust score calculation...
[2025-05-21 11:57:41] WARNING: Found 25 users in the trust network
[2025-05-21 11:57:41] WARNING: Building trust network graph...
[2025-05-21 11:57:41] WARNING: Calculating PageRank scores...
[2025-05-21 11:57:41] WARNING: Applying distrust penalties...
[2025-05-21 11:57:41] WARNING: Detecting communities...
[2025-05-21 11:57:41] WARNING: Found 8 isolated nodes to assign to communities
[2025-05-21 11:57:41] WARNING: Assigned isolated node Eyes_OnTheSkies to community 1 based on structural balance theory
[2025-05-21 11:57:41] WARNING: Assigned isolated node FettucineSplit to community 1 based on structural balance theory
[2025-05-21 11:57:41] WARNING: Assigned isolated node JonMajerowski to community 1 based on structural balance theory
[2025-05-21 11:57:41] WARNING: Assigned isolated node MiddleofMayhem to community 2 based on structural balance theory
[2025-05-21 11:57:41] WARNING: Assigned isolated node PTHellyer to community 1 based on structural balance theory
[2025-05-21 11:57:41] WARNING: Assigned isolated node SnakePo9 to community 1 based on structural balance theory
[2025-05-21 11:57:41] WARNING: Assigned isolated node jamescfox to community 1 based on structural balance theory
[2025-05-21 11:57:41] WARNING: Assigned isolated node likeitmatters3 to community 2 based on structural balance theory
[2025-05-21 11:57:41] INFO: Analyzing community composition...
[2025-05-21 11:57:41] INFO: Community Community A (18 members): AskaPol_UAPs, ChrisUKSharp, DanHaug6, Eyes_OnTheSkies, FettucineSplit, GoodTroubleShow, Halsrethink, JeremyCorbell, JonMajerowski, LueElizondo, PTHellyer, SnakePo9, TheOfficialQF, g_knapp, jamescfox, jayanderson, rosscoulthart, ufobeliever1947
[2025-05-21 11:57:41] INFO: Community Community B (7 members): MiddleofMayhem, OSIRISUAP, ShipsSmall, cosmic_surplus, likeitmatters3, susangerbic, ufoskeptic1968
[2025-05-21 11:57:41] INFO: Community analysis written to community_analysis.txt
[2025-05-21 11:57:41] WARNING: Generating trust network visualization...
[2025-05-21 11:57:43] WARNING: Network visualization saved to visualization/trust_network.png
[2025-05-21 11:57:43] WARNING: Creating JSON data structure...
[2025-05-21 11:57:43] WARNING: Successfully generated js/data.js with:
[2025-05-21 11:57:43] WARNING: - 25 users
[2025-05-21 11:57:43] WARNING: - 31 trust relationships
[2025-05-21 11:57:43] WARNING: - 2 communities
[2025-05-21 11:57:43] WARNING: Trust calculation completed successfully.
[2025-05-21 12:07:42] WARNING: === Starting Trust Score Calculation ===
[2025-05-21 12:07:42] WARNING: Starting trust score calculation...
[2025-05-21 12:07:42] WARNING: Found 25 users in the trust network
[2025-05-21 12:07:42] WARNING: Building trust network graph...
[2025-05-21 12:07:42] WARNING: Calculating PageRank scores...
[2025-05-21 12:07:42] WARNING: Applying distrust penalties...
[2025-05-21 12:07:42] WARNING: Detecting communities...
[2025-05-21 12:07:42] WARNING: Found 8 isolated nodes to assign to communities
[2025-05-21 12:07:42] WARNING: Assigned isolated node Eyes_OnTheSkies to community 1 based on structural balance theory
[2025-05-21 12:07:42] WARNING: Assigned isolated node FettucineSplit to community 1 based on structural balance theory
[2025-05-21 12:07:42] WARNING: Assigned isolated node JonMajerowski to community 1 based on structural balance theory
[2025-05-21 12:07:42] WARNING: Assigned isolated node MiddleofMayhem to community 2 based on structural balance theory
[2025-05-21 12:07:42] WARNING: Assigned isolated node PTHellyer to community 1 based on structural balance theory
[2025-05-21 12:07:42] WARNING: Assigned isolated node SnakePo9 to community 1 based on structural balance theory
[2025-05-21 12:07:42] WARNING: Assigned isolated node jamescfox to community 1 based on structural balance theory
[2025-05-21 12:07:42] WARNING: Assigned isolated node likeitmatters3 to community 2 based on structural balance theory
[2025-05-21 12:07:42] INFO: Analyzing community composition...
[2025-05-21 12:07:42] INFO: Community Community A (18 members): AskaPol_UAPs, ChrisUKSharp, DanHaug6, Eyes_OnTheSkies, FettucineSplit, GoodTroubleShow, Halsrethink, JeremyCorbell, JonMajerowski, LueElizondo, PTHellyer, SnakePo9, TheOfficialQF, g_knapp, jamescfox, jayanderson, rosscoulthart, ufobeliever1947
[2025-05-21 12:07:42] INFO: Community Community B (7 members): MiddleofMayhem, OSIRISUAP, ShipsSmall, cosmic_surplus, likeitmatters3, susangerbic, ufoskeptic1968
[2025-05-21 12:07:42] INFO: Community analysis written to community_analysis.txt
[2025-05-21 12:07:42] WARNING: Generating trust network visualization...
[2025-05-21 12:07:43] WARNING: Network visualization saved to visualization/trust_network.png
[2025-05-21 12:07:43] WARNING: Creating JSON data structure...
[2025-05-21 12:07:43] WARNING: Successfully generated js/data.js with:
[2025-05-21 12:07:43] WARNING: - 25 users
[2025-05-21 12:07:43] WARNING: - 31 trust relationships
[2025-05-21 12:07:43] WARNING: - 2 communities
[2025-05-21 12:07:43] WARNING: Trust calculation completed successfully.
[2025-05-21 12:17:45] WARNING: === Starting Trust Score Calculation ===
[2025-05-21 12:17:45] WARNING: Starting trust score calculation...
[2025-05-21 12:17:45] WARNING: Found 25 users in the trust network
[2025-05-21 12:17:45] WARNING: Building trust network graph...
[2025-05-21 12:17:45] WARNING: Calculating PageRank scores...
[2025-05-21 12:17:45] WARNING: Applying distrust penalties...
[2025-05-21 12:17:45] WARNING: Detecting communities...
[2025-05-21 12:17:45] WARNING: Found 8 isolated nodes to assign to communities
[2025-05-21 12:17:45] WARNING: Assigned isolated node Eyes_OnTheSkies to community 1 based on structural balance theory
[2025-05-21 12:17:45] WARNING: Assigned isolated node FettucineSplit to community 1 based on structural balance theory
[2025-05-21 12:17:45] WARNING: Assigned isolated node JonMajerowski to community 1 based on structural balance theory
[2025-05-21 12:17:45] WARNING: Assigned isolated node MiddleofMayhem to community 2 based on structural balance theory
[2025-05-21 12:17:45] WARNING: Assigned isolated node PTHellyer to community 1 based on structural balance theory
[2025-05-21 12:17:45] WARNING: Assigned isolated node SnakePo9 to community 1 based on structural balance theory
[2025-05-21 12:17:45] WARNING: Assigned isolated node jamescfox to community 1 based on structural balance theory
[2025-05-21 12:17:45] WARNING: Assigned isolated node likeitmatters3 to community 2 based on structural balance theory
[2025-05-21 12:17:45] INFO: Analyzing community composition...
[2025-05-21 12:17:45] INFO: Community Community A (18 members): AskaPol_UAPs, ChrisUKSharp, DanHaug6, Eyes_OnTheSkies, FettucineSplit, GoodTroubleShow, Halsrethink, JeremyCorbell, JonMajerowski, LueElizondo, PTHellyer, SnakePo9, TheOfficialQF, g_knapp, jamescfox, jayanderson, rosscoulthart, ufobeliever1947
[2025-05-21 12:17:45] INFO: Community Community B (7 members): MiddleofMayhem, OSIRISUAP, ShipsSmall, cosmic_surplus, likeitmatters3, susangerbic, ufoskeptic1968
[2025-05-21 12:17:45] INFO: Community analysis written to community_analysis.txt
[2025-05-21 12:17:45] WARNING: Generating trust network visualization...
[2025-05-21 12:17:47] WARNING: Network visualization saved to visualization/trust_network.png
[2025-05-21 12:17:47] WARNING: Creating JSON data structure...
[2025-05-21 12:17:47] WARNING: Successfully generated js/data.js with:
[2025-05-21 12:17:47] WARNING: - 25 users
[2025-05-21 12:17:47] WARNING: - 31 trust relationships
[2025-05-21 12:17:47] WARNING: - 2 communities
[2025-05-21 12:17:47] WARNING: Trust calculation completed successfully.
[2025-05-21 12:27:45] WARNING: === Starting Trust Score Calculation ===
[2025-05-21 12:27:45] WARNING: Starting trust score calculation...
[2025-05-21 12:27:45] WARNING: Found 25 users in the trust network
[2025-05-21 12:27:45] WARNING: Building trust network graph...
[2025-05-21 12:27:45] WARNING: Calculating PageRank scores...
[2025-05-21 12:27:45] WARNING: Applying distrust penalties...
[2025-05-21 12:27:45] WARNING: Detecting communities...
[2025-05-21 12:27:45] WARNING: Found 8 isolated nodes to assign to communities
[2025-05-21 12:27:45] WARNING: Assigned isolated node Eyes_OnTheSkies to community 1 based on structural balance theory
[2025-05-21 12:27:45] WARNING: Assigned isolated node FettucineSplit to community 1 based on structural balance theory
[2025-05-21 12:27:45] WARNING: Assigned isolated node JonMajerowski to community 1 based on structural balance theory
[2025-05-21 12:27:45] WARNING: Assigned isolated node MiddleofMayhem to community 2 based on structural balance theory
[2025-05-21 12:27:45] WARNING: Assigned isolated node PTHellyer to community 1 based on structural balance theory
[2025-05-21 12:27:45] WARNING: Assigned isolated node SnakePo9 to community 1 based on structural balance theory
[2025-05-21 12:27:45] WARNING: Assigned isolated node jamescfox to community 1 based on structural balance theory
[2025-05-21 12:27:45] WARNING: Assigned isolated node likeitmatters3 to community 2 based on structural balance theory
[2025-05-21 12:27:45] INFO: Analyzing community composition...
[2025-05-21 12:27:45] INFO: Community Community A (18 members): AskaPol_UAPs, ChrisUKSharp, DanHaug6, Eyes_OnTheSkies, FettucineSplit, GoodTroubleShow, Halsrethink, JeremyCorbell, JonMajerowski, LueElizondo, PTHellyer, SnakePo9, TheOfficialQF, g_knapp, jamescfox, jayanderson, rosscoulthart, ufobeliever1947
[2025-05-21 12:27:45] INFO: Community Community B (7 members): MiddleofMayhem, OSIRISUAP, ShipsSmall, cosmic_surplus, likeitmatters3, susangerbic, ufoskeptic1968
[2025-05-21 12:27:45] INFO: Community analysis written to community_analysis.txt
[2025-05-21 12:27:45] WARNING: Generating trust network visualization...
[2025-05-21 12:27:46] WARNING: Network visualization saved to visualization/trust_network.png
[2025-05-21 12:27:46] WARNING: Creating JSON data structure...
[2025-05-21 12:27:46] WARNING: Successfully generated js/data.js with:
[2025-05-21 12:27:46] WARNING: - 25 users
[2025-05-21 12:27:46] WARNING: - 31 trust relationships
[2025-05-21 12:27:46] WARNING: - 2 communities
[2025-05-21 12:27:46] WARNING: Trust calculation completed successfully.
[2025-05-21 12:37:41] WARNING: === Starting Trust Score Calculation ===
[2025-05-21 12:37:41] WARNING: Starting trust score calculation...
[2025-05-21 12:37:41] WARNING: Found 25 users in the trust network
[2025-05-21 12:37:41] WARNING: Building trust network graph...
[2025-05-21 12:37:41] WARNING: Calculating PageRank scores...
[2025-05-21 12:37:41] WARNING: Applying distrust penalties...
[2025-05-21 12:37:41] WARNING: Detecting communities...
[2025-05-21 12:37:41] WARNING: Found 8 isolated nodes to assign to communities
[2025-05-21 12:37:41] WARNING: Assigned isolated node Eyes_OnTheSkies to community 1 based on structural balance theory
[2025-05-21 12:37:41] WARNING: Assigned isolated node FettucineSplit to community 1 based on structural balance theory
[2025-05-21 12:37:41] WARNING: Assigned isolated node JonMajerowski to community 1 based on structural balance theory
[2025-05-21 12:37:41] WARNING: Assigned isolated node MiddleofMayhem to community 2 based on structural balance theory
[2025-05-21 12:37:41] WARNING: Assigned isolated node PTHellyer to community 1 based on structural balance theory
[2025-05-21 12:37:41] WARNING: Assigned isolated node SnakePo9 to community 1 based on structural balance theory
[2025-05-21 12:37:41] WARNING: Assigned isolated node jamescfox to community 1 based on structural balance theory
[2025-05-21 12:37:41] WARNING: Assigned isolated node likeitmatters3 to community 2 based on structural balance theory
[2025-05-21 12:37:41] INFO: Analyzing community composition...
[2025-05-21 12:37:41] INFO: Community Community A (18 members): AskaPol_UAPs, ChrisUKSharp, DanHaug6, Eyes_OnTheSkies, FettucineSplit, GoodTroubleShow, Halsrethink, JeremyCorbell, JonMajerowski, LueElizondo, PTHellyer, SnakePo9, TheOfficialQF, g_knapp, jamescfox, jayanderson, rosscoulthart, ufobeliever1947
[2025-05-21 12:37:41] INFO: Community Community B (7 members): MiddleofMayhem, OSIRISUAP, ShipsSmall, cosmic_surplus, likeitmatters3, susangerbic, ufoskeptic1968
[2025-05-21 12:37:41] INFO: Community analysis written to community_analysis.txt
[2025-05-21 12:37:41] WARNING: Generating trust network visualization...
[2025-05-21 12:37:43] WARNING: Network visualization saved to visualization/trust_network.png
[2025-05-21 12:37:43] WARNING: Creating JSON data structure...
[2025-05-21 12:37:43] WARNING: Successfully generated js/data.js with:
[2025-05-21 12:37:43] WARNING: - 25 users
[2025-05-21 12:37:43] WARNING: - 31 trust relationships
[2025-05-21 12:37:43] WARNING: - 2 communities
[2025-05-21 12:37:43] WARNING: Trust calculation completed successfully.
[2025-05-21 12:47:42] WARNING: === Starting Trust Score Calculation ===
[2025-05-21 12:47:42] WARNING: Starting trust score calculation...
[2025-05-21 12:47:42] WARNING: Found 25 users in the trust network
[2025-05-21 12:47:42] WARNING: Building trust network graph...
[2025-05-21 12:47:42] WARNING: Calculating PageRank scores...
[2025-05-21 12:47:42] WARNING: Applying distrust penalties...
[2025-05-21 12:47:42] WARNING: Detecting communities...
[2025-05-21 12:47:42] WARNING: Found 8 isolated nodes to assign to communities
[2025-05-21 12:47:42] WARNING: Assigned isolated node Eyes_OnTheSkies to community 1 based on structural balance theory
[2025-05-21 12:47:42] WARNING: Assigned isolated node FettucineSplit to community 1 based on structural balance theory
[2025-05-21 12:47:42] WARNING: Assigned isolated node JonMajerowski to community 1 based on structural balance theory
[2025-05-21 12:47:42] WARNING: Assigned isolated node MiddleofMayhem to community 2 based on structural balance theory
[2025-05-21 12:47:42] WARNING: Assigned isolated node PTHellyer to community 1 based on structural balance theory
[2025-05-21 12:47:42] WARNING: Assigned isolated node SnakePo9 to community 1 based on structural balance theory
[2025-05-21 12:47:42] WARNING: Assigned isolated node jamescfox to community 1 based on structural balance theory
[2025-05-21 12:47:42] WARNING: Assigned isolated node likeitmatters3 to community 2 based on structural balance theory
[2025-05-21 12:47:42] INFO: Analyzing community composition...
[2025-05-21 12:47:42] INFO: Community Community A (18 members): AskaPol_UAPs, ChrisUKSharp, DanHaug6, Eyes_OnTheSkies, FettucineSplit, GoodTroubleShow, Halsrethink, JeremyCorbell, JonMajerowski, LueElizondo, PTHellyer, SnakePo9, TheOfficialQF, g_knapp, jamescfox, jayanderson, rosscoulthart, ufobeliever1947
[2025-05-21 12:47:42] INFO: Community Community B (7 members): MiddleofMayhem, OSIRISUAP, ShipsSmall, cosmic_surplus, likeitmatters3, susangerbic, ufoskeptic1968
[2025-05-21 12:47:42] INFO: Community analysis written to community_analysis.txt
[2025-05-21 12:47:42] WARNING: Generating trust network visualization...
[2025-05-21 12:47:43] WARNING: Network visualization saved to visualization/trust_network.png
[2025-05-21 12:47:43] WARNING: Creating JSON data structure...
[2025-05-21 12:47:43] WARNING: Successfully generated js/data.js with:
[2025-05-21 12:47:43] WARNING: - 25 users
[2025-05-21 12:47:43] WARNING: - 31 trust relationships
[2025-05-21 12:47:43] WARNING: - 2 communities
[2025-05-21 12:47:43] WARNING: Trust calculation completed successfully.
[2025-05-21 12:57:42] WARNING: === Starting Trust Score Calculation ===
[2025-05-21 12:57:42] WARNING: Starting trust score calculation...
[2025-05-21 12:57:42] WARNING: Found 25 users in the trust network
[2025-05-21 12:57:42] WARNING: Building trust network graph...
[2025-05-21 12:57:42] WARNING: Calculating PageRank scores...
[2025-05-21 12:57:42] WARNING: Applying distrust penalties...
[2025-05-21 12:57:42] WARNING: Detecting communities...
[2025-05-21 12:57:42] WARNING: Found 8 isolated nodes to assign to communities
[2025-05-21 12:57:42] WARNING: Assigned isolated node Eyes_OnTheSkies to community 1 based on structural balance theory
[2025-05-21 12:57:42] WARNING: Assigned isolated node FettucineSplit to community 1 based on structural balance theory
[2025-05-21 12:57:42] WARNING: Assigned isolated node JonMajerowski to community 1 based on structural balance theory
[2025-05-21 12:57:42] WARNING: Assigned isolated node MiddleofMayhem to community 2 based on structural balance theory
[2025-05-21 12:57:42] WARNING: Assigned isolated node PTHellyer to community 1 based on structural balance theory
[2025-05-21 12:57:42] WARNING: Assigned isolated node SnakePo9 to community 1 based on structural balance theory
[2025-05-21 12:57:42] WARNING: Assigned isolated node jamescfox to community 1 based on structural balance theory
[2025-05-21 12:57:42] WARNING: Assigned isolated node likeitmatters3 to community 2 based on structural balance theory
[2025-05-21 12:57:42] INFO: Analyzing community composition...
[2025-05-21 12:57:42] INFO: Community Community A (18 members): AskaPol_UAPs, ChrisUKSharp, DanHaug6, Eyes_OnTheSkies, FettucineSplit, GoodTroubleShow, Halsrethink, JeremyCorbell, JonMajerowski, LueElizondo, PTHellyer, SnakePo9, TheOfficialQF, g_knapp, jamescfox, jayanderson, rosscoulthart, ufobeliever1947
[2025-05-21 12:57:42] INFO: Community Community B (7 members): MiddleofMayhem, OSIRISUAP, ShipsSmall, cosmic_surplus, likeitmatters3, susangerbic, ufoskeptic1968
[2025-05-21 12:57:42] INFO: Community analysis written to community_analysis.txt
[2025-05-21 12:57:42] WARNING: Generating trust network visualization...
[2025-05-21 12:57:43] WARNING: Network visualization saved to visualization/trust_network.png
[2025-05-21 12:57:43] WARNING: Creating JSON data structure...
[2025-05-21 12:57:43] WARNING: Successfully generated js/data.js with:
[2025-05-21 12:57:43] WARNING: - 25 users
[2025-05-21 12:57:43] WARNING: - 31 trust relationships
[2025-05-21 12:57:43] WARNING: - 2 communities
[2025-05-21 12:57:43] WARNING: Trust calculation completed successfully.
[2025-05-21 13:07:43] WARNING: === Starting Trust Score Calculation ===
[2025-05-21 13:07:43] WARNING: Starting trust score calculation...
[2025-05-21 13:07:43] WARNING: Found 25 users in the trust network
[2025-05-21 13:07:43] WARNING: Building trust network graph...
[2025-05-21 13:07:43] WARNING: Calculating PageRank scores...
[2025-05-21 13:07:43] WARNING: Applying distrust penalties...
[2025-05-21 13:07:43] WARNING: Detecting communities...
[2025-05-21 13:07:43] WARNING: Found 8 isolated nodes to assign to communities
[2025-05-21 13:07:43] WARNING: Assigned isolated node Eyes_OnTheSkies to community 1 based on structural balance theory
[2025-05-21 13:07:43] WARNING: Assigned isolated node FettucineSplit to community 1 based on structural balance theory
[2025-05-21 13:07:43] WARNING: Assigned isolated node JonMajerowski to community 1 based on structural balance theory
[2025-05-21 13:07:43] WARNING: Assigned isolated node MiddleofMayhem to community 2 based on structural balance theory
[2025-05-21 13:07:43] WARNING: Assigned isolated node PTHellyer to community 1 based on structural balance theory
[2025-05-21 13:07:43] WARNING: Assigned isolated node SnakePo9 to community 1 based on structural balance theory
[2025-05-21 13:07:43] WARNING: Assigned isolated node jamescfox to community 1 based on structural balance theory
[2025-05-21 13:07:43] WARNING: Assigned isolated node likeitmatters3 to community 2 based on structural balance theory
[2025-05-21 13:07:43] INFO: Analyzing community composition...
[2025-05-21 13:07:43] INFO: Community Community A (18 members): AskaPol_UAPs, ChrisUKSharp, DanHaug6, Eyes_OnTheSkies, FettucineSplit, GoodTroubleShow, Halsrethink, JeremyCorbell, JonMajerowski, LueElizondo, PTHellyer, SnakePo9, TheOfficialQF, g_knapp, jamescfox, jayanderson, rosscoulthart, ufobeliever1947
[2025-05-21 13:07:43] INFO: Community Community B (7 members): MiddleofMayhem, OSIRISUAP, ShipsSmall, cosmic_surplus, likeitmatters3, susangerbic, ufoskeptic1968
[2025-05-21 13:07:43] INFO: Community analysis written to community_analysis.txt
[2025-05-21 13:07:43] WARNING: Generating trust network visualization...
[2025-05-21 13:07:44] WARNING: Network visualization saved to visualization/trust_network.png
[2025-05-21 13:07:44] WARNING: Creating JSON data structure...
[2025-05-21 13:07:44] WARNING: Successfully generated js/data.js with:
[2025-05-21 13:07:44] WARNING: - 25 users
[2025-05-21 13:07:44] WARNING: - 31 trust relationships
[2025-05-21 13:07:44] WARNING: - 2 communities
[2025-05-21 13:07:44] WARNING: Trust calculation completed successfully.
[2025-05-21 13:17:43] WARNING: === Starting Trust Score Calculation ===
[2025-05-21 13:17:43] WARNING: Starting trust score calculation...
[2025-05-21 13:17:43] WARNING: Found 25 users in the trust network
[2025-05-21 13:17:43] WARNING: Building trust network graph...
[2025-05-21 13:17:43] WARNING: Calculating PageRank scores...
[2025-05-21 13:17:43] WARNING: Applying distrust penalties...
[2025-05-21 13:17:43] WARNING: Detecting communities...
[2025-05-21 13:17:43] WARNING: Found 8 isolated nodes to assign to communities
[2025-05-21 13:17:43] WARNING: Assigned isolated node Eyes_OnTheSkies to community 1 based on structural balance theory
[2025-05-21 13:17:43] WARNING: Assigned isolated node FettucineSplit to community 1 based on structural balance theory
[2025-05-21 13:17:43] WARNING: Assigned isolated node JonMajerowski to community 1 based on structural balance theory
[2025-05-21 13:17:43] WARNING: Assigned isolated node MiddleofMayhem to community 2 based on structural balance theory
[2025-05-21 13:17:43] WARNING: Assigned isolated node PTHellyer to community 1 based on structural balance theory
[2025-05-21 13:17:43] WARNING: Assigned isolated node SnakePo9 to community 1 based on structural balance theory
[2025-05-21 13:17:43] WARNING: Assigned isolated node jamescfox to community 1 based on structural balance theory
[2025-05-21 13:17:43] WARNING: Assigned isolated node likeitmatters3 to community 2 based on structural balance theory
[2025-05-21 13:17:43] INFO: Analyzing community composition...
[2025-05-21 13:17:43] INFO: Community Community A (18 members): AskaPol_UAPs, ChrisUKSharp, DanHaug6, Eyes_OnTheSkies, FettucineSplit, GoodTroubleShow, Halsrethink, JeremyCorbell, JonMajerowski, LueElizondo, PTHellyer, SnakePo9, TheOfficialQF, g_knapp, jamescfox, jayanderson, rosscoulthart, ufobeliever1947
[2025-05-21 13:17:43] INFO: Community Community B (7 members): MiddleofMayhem, OSIRISUAP, ShipsSmall, cosmic_surplus, likeitmatters3, susangerbic, ufoskeptic1968
[2025-05-21 13:17:43] INFO: Community analysis written to community_analysis.txt
[2025-05-21 13:17:43] WARNING: Generating trust network visualization...
[2025-05-21 13:17:44] WARNING: Network visualization saved to visualization/trust_network.png
[2025-05-21 13:17:44] WARNING: Creating JSON data structure...
[2025-05-21 13:17:44] WARNING: Successfully generated js/data.js with:
[2025-05-21 13:17:44] WARNING: - 25 users
[2025-05-21 13:17:44] WARNING: - 31 trust relationships
[2025-05-21 13:17:44] WARNING: - 2 communities
[2025-05-21 13:17:44] WARNING: Trust calculation completed successfully.
[2025-05-21 13:27:41] WARNING: === Starting Trust Score Calculation ===
[2025-05-21 13:27:41] WARNING: Starting trust score calculation...
[2025-05-21 13:27:41] WARNING: Found 25 users in the trust network
[2025-05-21 13:27:41] WARNING: Building trust network graph...
[2025-05-21 13:27:41] WARNING: Calculating PageRank scores...
[2025-05-21 13:27:41] WARNING: Applying distrust penalties...
[2025-05-21 13:27:41] WARNING: Detecting communities...
[2025-05-21 13:27:41] WARNING: Found 8 isolated nodes to assign to communities
[2025-05-21 13:27:41] WARNING: Assigned isolated node Eyes_OnTheSkies to community 1 based on structural balance theory
[2025-05-21 13:27:41] WARNING: Assigned isolated node FettucineSplit to community 1 based on structural balance theory
[2025-05-21 13:27:41] WARNING: Assigned isolated node JonMajerowski to community 1 based on structural balance theory
[2025-05-21 13:27:41] WARNING: Assigned isolated node MiddleofMayhem to community 2 based on structural balance theory
[2025-05-21 13:27:41] WARNING: Assigned isolated node PTHellyer to community 1 based on structural balance theory
[2025-05-21 13:27:41] WARNING: Assigned isolated node SnakePo9 to community 1 based on structural balance theory
[2025-05-21 13:27:41] WARNING: Assigned isolated node jamescfox to community 1 based on structural balance theory
[2025-05-21 13:27:41] WARNING: Assigned isolated node likeitmatters3 to community 2 based on structural balance theory
[2025-05-21 13:27:41] INFO: Analyzing community composition...
[2025-05-21 13:27:41] INFO: Community Community A (18 members): AskaPol_UAPs, ChrisUKSharp, DanHaug6, Eyes_OnTheSkies, FettucineSplit, GoodTroubleShow, Halsrethink, JeremyCorbell, JonMajerowski, LueElizondo, PTHellyer, SnakePo9, TheOfficialQF, g_knapp, jamescfox, jayanderson, rosscoulthart, ufobeliever1947
[2025-05-21 13:27:41] INFO: Community Community B (7 members): MiddleofMayhem, OSIRISUAP, ShipsSmall, cosmic_surplus, likeitmatters3, susangerbic, ufoskeptic1968
[2025-05-21 13:27:41] INFO: Community analysis written to community_analysis.txt
[2025-05-21 13:27:41] WARNING: Generating trust network visualization...
[2025-05-21 13:27:42] WARNING: Network visualization saved to visualization/trust_network.png
[2025-05-21 13:27:42] WARNING: Creating JSON data structure...
[2025-05-21 13:27:42] WARNING: Successfully generated js/data.js with:
[2025-05-21 13:27:42] WARNING: - 25 users
[2025-05-21 13:27:42] WARNING: - 31 trust relationships
[2025-05-21 13:27:42] WARNING: - 2 communities
[2025-05-21 13:27:42] WARNING: Trust calculation completed successfully.
[2025-05-21 13:37:40] WARNING: === Starting Trust Score Calculation ===
[2025-05-21 13:37:40] WARNING: Starting trust score calculation...
[2025-05-21 13:37:40] WARNING: Found 25 users in the trust network
[2025-05-21 13:37:40] WARNING: Building trust network graph...
[2025-05-21 13:37:40] WARNING: Calculating PageRank scores...
[2025-05-21 13:37:40] WARNING: Applying distrust penalties...
[2025-05-21 13:37:40] WARNING: Detecting communities...
[2025-05-21 13:37:40] WARNING: Found 8 isolated nodes to assign to communities
[2025-05-21 13:37:40] WARNING: Assigned isolated node Eyes_OnTheSkies to community 1 based on structural balance theory
[2025-05-21 13:37:40] WARNING: Assigned isolated node FettucineSplit to community 1 based on structural balance theory
[2025-05-21 13:37:40] WARNING: Assigned isolated node JonMajerowski to community 1 based on structural balance theory
[2025-05-21 13:37:40] WARNING: Assigned isolated node MiddleofMayhem to community 2 based on structural balance theory
[2025-05-21 13:37:40] WARNING: Assigned isolated node PTHellyer to community 1 based on structural balance theory
[2025-05-21 13:37:40] WARNING: Assigned isolated node SnakePo9 to community 1 based on structural balance theory
[2025-05-21 13:37:40] WARNING: Assigned isolated node jamescfox to community 1 based on structural balance theory
[2025-05-21 13:37:40] WARNING: Assigned isolated node likeitmatters3 to community 2 based on structural balance theory
[2025-05-21 13:37:40] INFO: Analyzing community composition...
[2025-05-21 13:37:40] INFO: Community Community A (18 members): AskaPol_UAPs, ChrisUKSharp, DanHaug6, Eyes_OnTheSkies, FettucineSplit, GoodTroubleShow, Halsrethink, JeremyCorbell, JonMajerowski, LueElizondo, PTHellyer, SnakePo9, TheOfficialQF, g_knapp, jamescfox, jayanderson, rosscoulthart, ufobeliever1947
[2025-05-21 13:37:40] INFO: Community Community B (7 members): MiddleofMayhem, OSIRISUAP, ShipsSmall, cosmic_surplus, likeitmatters3, susangerbic, ufoskeptic1968
[2025-05-21 13:37:40] INFO: Community analysis written to community_analysis.txt
[2025-05-21 13:37:40] WARNING: Generating trust network visualization...
[2025-05-21 13:37:42] WARNING: Network visualization saved to visualization/trust_network.png
[2025-05-21 13:37:42] WARNING: Creating JSON data structure...
[2025-05-21 13:37:42] WARNING: Successfully generated js/data.js with:
[2025-05-21 13:37:42] WARNING: - 25 users
[2025-05-21 13:37:42] WARNING: - 31 trust relationships
[2025-05-21 13:37:42] WARNING: - 2 communities
[2025-05-21 13:37:42] WARNING: Trust calculation completed successfully.
[2025-05-21 13:47:42] WARNING: === Starting Trust Score Calculation ===
[2025-05-21 13:47:42] WARNING: Starting trust score calculation...
[2025-05-21 13:47:42] WARNING: Found 25 users in the trust network
[2025-05-21 13:47:42] WARNING: Building trust network graph...
[2025-05-21 13:47:42] WARNING: Calculating PageRank scores...
[2025-05-21 13:47:42] WARNING: Applying distrust penalties...
[2025-05-21 13:47:42] WARNING: Detecting communities...
[2025-05-21 13:47:42] WARNING: Found 8 isolated nodes to assign to communities
[2025-05-21 13:47:42] WARNING: Assigned isolated node Eyes_OnTheSkies to community 1 based on structural balance theory
[2025-05-21 13:47:42] WARNING: Assigned isolated node FettucineSplit to community 1 based on structural balance theory
[2025-05-21 13:47:42] WARNING: Assigned isolated node JonMajerowski to community 1 based on structural balance theory
[2025-05-21 13:47:42] WARNING: Assigned isolated node MiddleofMayhem to community 2 based on structural balance theory
[2025-05-21 13:47:42] WARNING: Assigned isolated node PTHellyer to community 1 based on structural balance theory
[2025-05-21 13:47:42] WARNING: Assigned isolated node SnakePo9 to community 1 based on structural balance theory
[2025-05-21 13:47:42] WARNING: Assigned isolated node jamescfox to community 1 based on structural balance theory
[2025-05-21 13:47:42] WARNING: Assigned isolated node likeitmatters3 to community 2 based on structural balance theory
[2025-05-21 13:47:42] INFO: Analyzing community composition...
[2025-05-21 13:47:42] INFO: Community Community A (18 members): AskaPol_UAPs, ChrisUKSharp, DanHaug6, Eyes_OnTheSkies, FettucineSplit, GoodTroubleShow, Halsrethink, JeremyCorbell, JonMajerowski, LueElizondo, PTHellyer, SnakePo9, TheOfficialQF, g_knapp, jamescfox, jayanderson, rosscoulthart, ufobeliever1947
[2025-05-21 13:47:42] INFO: Community Community B (7 members): MiddleofMayhem, OSIRISUAP, ShipsSmall, cosmic_surplus, likeitmatters3, susangerbic, ufoskeptic1968
[2025-05-21 13:47:42] INFO: Community analysis written to community_analysis.txt
[2025-05-21 13:47:42] WARNING: Generating trust network visualization...
[2025-05-21 13:47:44] WARNING: Network visualization saved to visualization/trust_network.png
[2025-05-21 13:47:44] WARNING: Creating JSON data structure...
[2025-05-21 13:47:44] WARNING: Successfully generated js/data.js with:
[2025-05-21 13:47:44] WARNING: - 25 users
[2025-05-21 13:47:44] WARNING: - 31 trust relationships
[2025-05-21 13:47:44] WARNING: - 2 communities
[2025-05-21 13:47:44] WARNING: Trust calculation completed successfully.
[2025-05-21 13:57:42] WARNING: === Starting Trust Score Calculation ===
[2025-05-21 13:57:42] WARNING: Starting trust score calculation...
[2025-05-21 13:57:42] WARNING: Found 25 users in the trust network
[2025-05-21 13:57:42] WARNING: Building trust network graph...
[2025-05-21 13:57:42] WARNING: Calculating PageRank scores...
[2025-05-21 13:57:42] WARNING: Applying distrust penalties...
[2025-05-21 13:57:42] WARNING: Detecting communities...
[2025-05-21 13:57:42] WARNING: Found 8 isolated nodes to assign to communities
[2025-05-21 13:57:42] WARNING: Assigned isolated node Eyes_OnTheSkies to community 1 based on structural balance theory
[2025-05-21 13:57:42] WARNING: Assigned isolated node FettucineSplit to community 1 based on structural balance theory
[2025-05-21 13:57:42] WARNING: Assigned isolated node JonMajerowski to community 1 based on structural balance theory
[2025-05-21 13:57:42] WARNING: Assigned isolated node MiddleofMayhem to community 2 based on structural balance theory
[2025-05-21 13:57:42] WARNING: Assigned isolated node PTHellyer to community 1 based on structural balance theory
[2025-05-21 13:57:42] WARNING: Assigned isolated node SnakePo9 to community 1 based on structural balance theory
[2025-05-21 13:57:42] WARNING: Assigned isolated node jamescfox to community 1 based on structural balance theory
[2025-05-21 13:57:42] WARNING: Assigned isolated node likeitmatters3 to community 2 based on structural balance theory
[2025-05-21 13:57:42] INFO: Analyzing community composition...
[2025-05-21 13:57:42] INFO: Community Community A (18 members): AskaPol_UAPs, ChrisUKSharp, DanHaug6, Eyes_OnTheSkies, FettucineSplit, GoodTroubleShow, Halsrethink, JeremyCorbell, JonMajerowski, LueElizondo, PTHellyer, SnakePo9, TheOfficialQF, g_knapp, jamescfox, jayanderson, rosscoulthart, ufobeliever1947
[2025-05-21 13:57:42] INFO: Community Community B (7 members): MiddleofMayhem, OSIRISUAP, ShipsSmall, cosmic_surplus, likeitmatters3, susangerbic, ufoskeptic1968
[2025-05-21 13:57:42] INFO: Community analysis written to community_analysis.txt
[2025-05-21 13:57:42] WARNING: Generating trust network visualization...
[2025-05-21 13:57:43] WARNING: Network visualization saved to visualization/trust_network.png
[2025-05-21 13:57:43] WARNING: Creating JSON data structure...
[2025-05-21 13:57:43] WARNING: Successfully generated js/data.js with:
[2025-05-21 13:57:43] WARNING: - 25 users
[2025-05-21 13:57:43] WARNING: - 31 trust relationships
[2025-05-21 13:57:43] WARNING: - 2 communities
[2025-05-21 13:57:43] WARNING: Trust calculation completed successfully.
[2025-05-21 14:07:42] WARNING: === Starting Trust Score Calculation ===
[2025-05-21 14:07:42] WARNING: Starting trust score calculation...
[2025-05-21 14:07:42] WARNING: Found 25 users in the trust network
[2025-05-21 14:07:42] WARNING: Building trust network graph...
[2025-05-21 14:07:42] WARNING: Calculating PageRank scores...
[2025-05-21 14:07:42] WARNING: Applying distrust penalties...
[2025-05-21 14:07:42] WARNING: Detecting communities...
[2025-05-21 14:07:42] WARNING: Found 8 isolated nodes to assign to communities
[2025-05-21 14:07:42] WARNING: Assigned isolated node Eyes_OnTheSkies to community 1 based on structural balance theory
[2025-05-21 14:07:42] WARNING: Assigned isolated node FettucineSplit to community 1 based on structural balance theory
[2025-05-21 14:07:42] WARNING: Assigned isolated node JonMajerowski to community 1 based on structural balance theory
[2025-05-21 14:07:42] WARNING: Assigned isolated node MiddleofMayhem to community 2 based on structural balance theory
[2025-05-21 14:07:42] WARNING: Assigned isolated node PTHellyer to community 1 based on structural balance theory
[2025-05-21 14:07:42] WARNING: Assigned isolated node SnakePo9 to community 1 based on structural balance theory
[2025-05-21 14:07:42] WARNING: Assigned isolated node jamescfox to community 1 based on structural balance theory
[2025-05-21 14:07:42] WARNING: Assigned isolated node likeitmatters3 to community 2 based on structural balance theory
[2025-05-21 14:07:42] INFO: Analyzing community composition...
[2025-05-21 14:07:42] INFO: Community Community A (18 members): AskaPol_UAPs, ChrisUKSharp, DanHaug6, Eyes_OnTheSkies, FettucineSplit, GoodTroubleShow, Halsrethink, JeremyCorbell, JonMajerowski, LueElizondo, PTHellyer, SnakePo9, TheOfficialQF, g_knapp, jamescfox, jayanderson, rosscoulthart, ufobeliever1947
[2025-05-21 14:07:42] INFO: Community Community B (7 members): MiddleofMayhem, OSIRISUAP, ShipsSmall, cosmic_surplus, likeitmatters3, susangerbic, ufoskeptic1968
[2025-05-21 14:07:42] INFO: Community analysis written to community_analysis.txt
[2025-05-21 14:07:42] WARNING: Generating trust network visualization...
[2025-05-21 14:07:43] WARNING: Network visualization saved to visualization/trust_network.png
[2025-05-21 14:07:43] WARNING: Creating JSON data structure...
[2025-05-21 14:07:43] WARNING: Successfully generated js/data.js with:
[2025-05-21 14:07:43] WARNING: - 25 users
[2025-05-21 14:07:43] WARNING: - 31 trust relationships
[2025-05-21 14:07:43] WARNING: - 2 communities
[2025-05-21 14:07:43] WARNING: Trust calculation completed successfully.
[2025-05-21 14:17:42] WARNING: === Starting Trust Score Calculation ===
[2025-05-21 14:17:42] WARNING: Starting trust score calculation...
[2025-05-21 14:17:42] WARNING: Found 25 users in the trust network
[2025-05-21 14:17:42] WARNING: Building trust network graph...
[2025-05-21 14:17:42] WARNING: Calculating PageRank scores...
[2025-05-21 14:17:42] WARNING: Applying distrust penalties...
[2025-05-21 14:17:42] WARNING: Detecting communities...
[2025-05-21 14:17:42] WARNING: Found 8 isolated nodes to assign to communities
[2025-05-21 14:17:42] WARNING: Assigned isolated node Eyes_OnTheSkies to community 1 based on structural balance theory
[2025-05-21 14:17:42] WARNING: Assigned isolated node FettucineSplit to community 1 based on structural balance theory
[2025-05-21 14:17:42] WARNING: Assigned isolated node JonMajerowski to community 1 based on structural balance theory
[2025-05-21 14:17:42] WARNING: Assigned isolated node MiddleofMayhem to community 2 based on structural balance theory
[2025-05-21 14:17:42] WARNING: Assigned isolated node PTHellyer to community 1 based on structural balance theory
[2025-05-21 14:17:42] WARNING: Assigned isolated node SnakePo9 to community 1 based on structural balance theory
[2025-05-21 14:17:42] WARNING: Assigned isolated node jamescfox to community 1 based on structural balance theory
[2025-05-21 14:17:42] WARNING: Assigned isolated node likeitmatters3 to community 2 based on structural balance theory
[2025-05-21 14:17:42] INFO: Analyzing community composition...
[2025-05-21 14:17:42] INFO: Community Community A (18 members): AskaPol_UAPs, ChrisUKSharp, DanHaug6, Eyes_OnTheSkies, FettucineSplit, GoodTroubleShow, Halsrethink, JeremyCorbell, JonMajerowski, LueElizondo, PTHellyer, SnakePo9, TheOfficialQF, g_knapp, jamescfox, jayanderson, rosscoulthart, ufobeliever1947
[2025-05-21 14:17:42] INFO: Community Community B (7 members): MiddleofMayhem, OSIRISUAP, ShipsSmall, cosmic_surplus, likeitmatters3, susangerbic, ufoskeptic1968
[2025-05-21 14:17:42] INFO: Community analysis written to community_analysis.txt
[2025-05-21 14:17:42] WARNING: Generating trust network visualization...
[2025-05-21 14:17:44] WARNING: Network visualization saved to visualization/trust_network.png
[2025-05-21 14:17:44] WARNING: Creating JSON data structure...
[2025-05-21 14:17:44] WARNING: Successfully generated js/data.js with:
[2025-05-21 14:17:44] WARNING: - 25 users
[2025-05-21 14:17:44] WARNING: - 31 trust relationships
[2025-05-21 14:17:44] WARNING: - 2 communities
[2025-05-21 14:17:44] WARNING: Trust calculation completed successfully.
[2025-05-21 14:27:42] WARNING: === Starting Trust Score Calculation ===
[2025-05-21 14:27:42] WARNING: Starting trust score calculation...
[2025-05-21 14:27:42] WARNING: Found 25 users in the trust network
[2025-05-21 14:27:42] WARNING: Building trust network graph...
[2025-05-21 14:27:42] WARNING: Calculating PageRank scores...
[2025-05-21 14:27:42] WARNING: Applying distrust penalties...
[2025-05-21 14:27:42] WARNING: Detecting communities...
[2025-05-21 14:27:42] WARNING: Found 8 isolated nodes to assign to communities
[2025-05-21 14:27:42] WARNING: Assigned isolated node Eyes_OnTheSkies to community 1 based on structural balance theory
[2025-05-21 14:27:42] WARNING: Assigned isolated node FettucineSplit to community 1 based on structural balance theory
[2025-05-21 14:27:42] WARNING: Assigned isolated node JonMajerowski to community 1 based on structural balance theory
[2025-05-21 14:27:42] WARNING: Assigned isolated node MiddleofMayhem to community 2 based on structural balance theory
[2025-05-21 14:27:42] WARNING: Assigned isolated node PTHellyer to community 1 based on structural balance theory
[2025-05-21 14:27:42] WARNING: Assigned isolated node SnakePo9 to community 1 based on structural balance theory
[2025-05-21 14:27:42] WARNING: Assigned isolated node jamescfox to community 1 based on structural balance theory
[2025-05-21 14:27:42] WARNING: Assigned isolated node likeitmatters3 to community 2 based on structural balance theory
[2025-05-21 14:27:42] INFO: Analyzing community composition...
[2025-05-21 14:27:42] INFO: Community Community A (18 members): AskaPol_UAPs, ChrisUKSharp, DanHaug6, Eyes_OnTheSkies, FettucineSplit, GoodTroubleShow, Halsrethink, JeremyCorbell, JonMajerowski, LueElizondo, PTHellyer, SnakePo9, TheOfficialQF, g_knapp, jamescfox, jayanderson, rosscoulthart, ufobeliever1947
[2025-05-21 14:27:42] INFO: Community Community B (7 members): MiddleofMayhem, OSIRISUAP, ShipsSmall, cosmic_surplus, likeitmatters3, susangerbic, ufoskeptic1968
[2025-05-21 14:27:42] INFO: Community analysis written to community_analysis.txt
[2025-05-21 14:27:42] WARNING: Generating trust network visualization...
[2025-05-21 14:27:43] WARNING: Network visualization saved to visualization/trust_network.png
[2025-05-21 14:27:43] WARNING: Creating JSON data structure...
[2025-05-21 14:27:43] WARNING: Successfully generated js/data.js with:
[2025-05-21 14:27:43] WARNING: - 25 users
[2025-05-21 14:27:43] WARNING: - 31 trust relationships
[2025-05-21 14:27:43] WARNING: - 2 communities
[2025-05-21 14:27:43] WARNING: Trust calculation completed successfully.
[2025-05-21 14:37:42] WARNING: === Starting Trust Score Calculation ===
[2025-05-21 14:37:42] WARNING: Starting trust score calculation...
[2025-05-21 14:37:42] WARNING: Found 25 users in the trust network
[2025-05-21 14:37:42] WARNING: Building trust network graph...
[2025-05-21 14:37:42] WARNING: Calculating PageRank scores...
[2025-05-21 14:37:42] WARNING: Applying distrust penalties...
[2025-05-21 14:37:42] WARNING: Detecting communities...
[2025-05-21 14:37:42] WARNING: Found 8 isolated nodes to assign to communities
[2025-05-21 14:37:42] WARNING: Assigned isolated node Eyes_OnTheSkies to community 1 based on structural balance theory
[2025-05-21 14:37:42] WARNING: Assigned isolated node FettucineSplit to community 1 based on structural balance theory
[2025-05-21 14:37:42] WARNING: Assigned isolated node JonMajerowski to community 1 based on structural balance theory
[2025-05-21 14:37:42] WARNING: Assigned isolated node MiddleofMayhem to community 2 based on structural balance theory
[2025-05-21 14:37:42] WARNING: Assigned isolated node PTHellyer to community 1 based on structural balance theory
[2025-05-21 14:37:42] WARNING: Assigned isolated node SnakePo9 to community 1 based on structural balance theory
[2025-05-21 14:37:42] WARNING: Assigned isolated node jamescfox to community 1 based on structural balance theory
[2025-05-21 14:37:42] WARNING: Assigned isolated node likeitmatters3 to community 2 based on structural balance theory
[2025-05-21 14:37:42] INFO: Analyzing community composition...
[2025-05-21 14:37:42] INFO: Community Community A (18 members): AskaPol_UAPs, ChrisUKSharp, DanHaug6, Eyes_OnTheSkies, FettucineSplit, GoodTroubleShow, Halsrethink, JeremyCorbell, JonMajerowski, LueElizondo, PTHellyer, SnakePo9, TheOfficialQF, g_knapp, jamescfox, jayanderson, rosscoulthart, ufobeliever1947
[2025-05-21 14:37:42] INFO: Community Community B (7 members): MiddleofMayhem, OSIRISUAP, ShipsSmall, cosmic_surplus, likeitmatters3, susangerbic, ufoskeptic1968
[2025-05-21 14:37:42] INFO: Community analysis written to community_analysis.txt
[2025-05-21 14:37:42] WARNING: Generating trust network visualization...
[2025-05-21 14:37:43] WARNING: Network visualization saved to visualization/trust_network.png
[2025-05-21 14:37:43] WARNING: Creating JSON data structure...
[2025-05-21 14:37:43] WARNING: Successfully generated js/data.js with:
[2025-05-21 14:37:43] WARNING: - 25 users
[2025-05-21 14:37:43] WARNING: - 31 trust relationships
[2025-05-21 14:37:43] WARNING: - 2 communities
[2025-05-21 14:37:43] WARNING: Trust calculation completed successfully.
[2025-05-21 14:47:41] WARNING: === Starting Trust Score Calculation ===
[2025-05-21 14:47:41] WARNING: Starting trust score calculation...
[2025-05-21 14:47:41] WARNING: Found 25 users in the trust network
[2025-05-21 14:47:41] WARNING: Building trust network graph...
[2025-05-21 14:47:41] WARNING: Calculating PageRank scores...
[2025-05-21 14:47:41] WARNING: Applying distrust penalties...
[2025-05-21 14:47:41] WARNING: Detecting communities...
[2025-05-21 14:47:41] WARNING: Found 8 isolated nodes to assign to communities
[2025-05-21 14:47:41] WARNING: Assigned isolated node Eyes_OnTheSkies to community 1 based on structural balance theory
[2025-05-21 14:47:41] WARNING: Assigned isolated node FettucineSplit to community 1 based on structural balance theory
[2025-05-21 14:47:41] WARNING: Assigned isolated node JonMajerowski to community 1 based on structural balance theory
[2025-05-21 14:47:41] WARNING: Assigned isolated node MiddleofMayhem to community 2 based on structural balance theory
[2025-05-21 14:47:41] WARNING: Assigned isolated node PTHellyer to community 1 based on structural balance theory
[2025-05-21 14:47:41] WARNING: Assigned isolated node SnakePo9 to community 1 based on structural balance theory
[2025-05-21 14:47:41] WARNING: Assigned isolated node jamescfox to community 1 based on structural balance theory
[2025-05-21 14:47:41] WARNING: Assigned isolated node likeitmatters3 to community 2 based on structural balance theory
[2025-05-21 14:47:41] INFO: Analyzing community composition...
[2025-05-21 14:47:41] INFO: Community Community A (18 members): AskaPol_UAPs, ChrisUKSharp, DanHaug6, Eyes_OnTheSkies, FettucineSplit, GoodTroubleShow, Halsrethink, JeremyCorbell, JonMajerowski, LueElizondo, PTHellyer, SnakePo9, TheOfficialQF, g_knapp, jamescfox, jayanderson, rosscoulthart, ufobeliever1947
[2025-05-21 14:47:41] INFO: Community Community B (7 members): MiddleofMayhem, OSIRISUAP, ShipsSmall, cosmic_surplus, likeitmatters3, susangerbic, ufoskeptic1968
[2025-05-21 14:47:41] INFO: Community analysis written to community_analysis.txt
[2025-05-21 14:47:41] WARNING: Generating trust network visualization...
[2025-05-21 14:47:43] WARNING: Network visualization saved to visualization/trust_network.png
[2025-05-21 14:47:43] WARNING: Creating JSON data structure...
[2025-05-21 14:47:43] WARNING: Successfully generated js/data.js with:
[2025-05-21 14:47:43] WARNING: - 25 users
[2025-05-21 14:47:43] WARNING: - 31 trust relationships
[2025-05-21 14:47:43] WARNING: - 2 communities
[2025-05-21 14:47:43] WARNING: Trust calculation completed successfully.
