[2025-06-15 18:17:40] INFO: Community Community A (18 members): AskaPol_UAPs, ChrisUKSharp, DanHaug6, Eyes_OnTheSkies, FettucineSplit, GoodTroubleShow, Halsrethink, JeremyCorbell, JonMajerowski, LueElizondo, PTHellyer, SnakePo9, TheOfficialQF, g_knapp, jamescfox, jayanderson, rosscoulthart, ufobeliever1947
[2025-06-15 18:17:40] INFO: Community Community B (7 members): MiddleofMayhem, OSIRISUAP, ShipsSmall, cosmic_surplus, likeitmatters3, susangerbic, ufoskeptic1968
[2025-06-15 18:17:40] INFO: Community analysis written to community_analysis.txt
[2025-06-15 18:17:40] WARNING: Generating trust network visualization...
[2025-06-15 18:17:42] WARNING: Network visualization saved to visualization/trust_network.png
[2025-06-15 18:17:42] WARNING: Creating JSON data structure...
[2025-06-15 18:17:42] WARNING: Successfully generated js/data.js with:
[2025-06-15 18:17:42] WARNING: - 25 users
[2025-06-15 18:17:42] WARNING: - 31 trust relationships
[2025-06-15 18:17:42] WARNING: - 2 communities
[2025-06-15 18:17:42] WARNING: Trust calculation completed successfully.
[2025-06-15 18:27:44] WARNING: === Starting Trust Score Calculation ===
[2025-06-15 18:27:44] WARNING: Starting trust score calculation...
[2025-06-15 18:27:44] WARNING: Found 25 users in the trust network
[2025-06-15 18:27:44] WARNING: Building trust network graph...
[2025-06-15 18:27:44] WARNING: Calculating PageRank scores...
[2025-06-15 18:27:44] WARNING: Applying distrust penalties...
[2025-06-15 18:27:44] WARNING: Detecting communities...
[2025-06-15 18:27:44] WARNING: Found 8 isolated nodes to assign to communities
[2025-06-15 18:27:44] WARNING: Assigned isolated node Eyes_OnTheSkies to community 1 based on structural balance theory
[2025-06-15 18:27:44] WARNING: Assigned isolated node FettucineSplit to community 1 based on structural balance theory
[2025-06-15 18:27:44] WARNING: Assigned isolated node JonMajerowski to community 1 based on structural balance theory
[2025-06-15 18:27:44] WARNING: Assigned isolated node MiddleofMayhem to community 2 based on structural balance theory
[2025-06-15 18:27:44] WARNING: Assigned isolated node PTHellyer to community 1 based on structural balance theory
[2025-06-15 18:27:44] WARNING: Assigned isolated node SnakePo9 to community 1 based on structural balance theory
[2025-06-15 18:27:44] WARNING: Assigned isolated node jamescfox to community 1 based on structural balance theory
[2025-06-15 18:27:44] WARNING: Assigned isolated node likeitmatters3 to community 2 based on structural balance theory
[2025-06-15 18:27:44] INFO: Analyzing community composition...
[2025-06-15 18:27:44] INFO: Community Community A (18 members): AskaPol_UAPs, ChrisUKSharp, DanHaug6, Eyes_OnTheSkies, FettucineSplit, GoodTroubleShow, Halsrethink, JeremyCorbell, JonMajerowski, LueElizondo, PTHellyer, SnakePo9, TheOfficialQF, g_knapp, jamescfox, jayanderson, rosscoulthart, ufobeliever1947
[2025-06-15 18:27:44] INFO: Community Community B (7 members): MiddleofMayhem, OSIRISUAP, ShipsSmall, cosmic_surplus, likeitmatters3, susangerbic, ufoskeptic1968
[2025-06-15 18:27:44] INFO: Community analysis written to community_analysis.txt
[2025-06-15 18:27:44] WARNING: Generating trust network visualization...
[2025-06-15 18:27:45] WARNING: Network visualization saved to visualization/trust_network.png
[2025-06-15 18:27:45] WARNING: Creating JSON data structure...
[2025-06-15 18:27:45] WARNING: Successfully generated js/data.js with:
[2025-06-15 18:27:45] WARNING: - 25 users
[2025-06-15 18:27:45] WARNING: - 31 trust relationships
[2025-06-15 18:27:45] WARNING: - 2 communities
[2025-06-15 18:27:45] WARNING: Trust calculation completed successfully.
[2025-06-15 18:37:38] WARNING: === Starting Trust Score Calculation ===
[2025-06-15 18:37:38] WARNING: Starting trust score calculation...
[2025-06-15 18:37:38] WARNING: Found 25 users in the trust network
[2025-06-15 18:37:38] WARNING: Building trust network graph...
[2025-06-15 18:37:38] WARNING: Calculating PageRank scores...
[2025-06-15 18:37:38] WARNING: Applying distrust penalties...
[2025-06-15 18:37:38] WARNING: Detecting communities...
[2025-06-15 18:37:38] WARNING: Found 8 isolated nodes to assign to communities
[2025-06-15 18:37:38] WARNING: Assigned isolated node Eyes_OnTheSkies to community 1 based on structural balance theory
[2025-06-15 18:37:38] WARNING: Assigned isolated node FettucineSplit to community 1 based on structural balance theory
[2025-06-15 18:37:38] WARNING: Assigned isolated node JonMajerowski to community 1 based on structural balance theory
[2025-06-15 18:37:38] WARNING: Assigned isolated node MiddleofMayhem to community 2 based on structural balance theory
[2025-06-15 18:37:38] WARNING: Assigned isolated node PTHellyer to community 1 based on structural balance theory
[2025-06-15 18:37:38] WARNING: Assigned isolated node SnakePo9 to community 1 based on structural balance theory
[2025-06-15 18:37:38] WARNING: Assigned isolated node jamescfox to community 1 based on structural balance theory
[2025-06-15 18:37:38] WARNING: Assigned isolated node likeitmatters3 to community 2 based on structural balance theory
[2025-06-15 18:37:38] INFO: Analyzing community composition...
[2025-06-15 18:37:38] INFO: Community Community A (18 members): AskaPol_UAPs, ChrisUKSharp, DanHaug6, Eyes_OnTheSkies, FettucineSplit, GoodTroubleShow, Halsrethink, JeremyCorbell, JonMajerowski, LueElizondo, PTHellyer, SnakePo9, TheOfficialQF, g_knapp, jamescfox, jayanderson, rosscoulthart, ufobeliever1947
[2025-06-15 18:37:38] INFO: Community Community B (7 members): MiddleofMayhem, OSIRISUAP, ShipsSmall, cosmic_surplus, likeitmatters3, susangerbic, ufoskeptic1968
[2025-06-15 18:37:38] INFO: Community analysis written to community_analysis.txt
[2025-06-15 18:37:38] WARNING: Generating trust network visualization...
[2025-06-15 18:37:39] WARNING: Network visualization saved to visualization/trust_network.png
[2025-06-15 18:37:39] WARNING: Creating JSON data structure...
[2025-06-15 18:37:39] WARNING: Successfully generated js/data.js with:
[2025-06-15 18:37:39] WARNING: - 25 users
[2025-06-15 18:37:39] WARNING: - 31 trust relationships
[2025-06-15 18:37:39] WARNING: - 2 communities
[2025-06-15 18:37:39] WARNING: Trust calculation completed successfully.
[2025-06-15 18:47:41] WARNING: === Starting Trust Score Calculation ===
[2025-06-15 18:47:41] WARNING: Starting trust score calculation...
[2025-06-15 18:47:41] WARNING: Found 25 users in the trust network
[2025-06-15 18:47:41] WARNING: Building trust network graph...
[2025-06-15 18:47:41] WARNING: Calculating PageRank scores...
[2025-06-15 18:47:41] WARNING: Applying distrust penalties...
[2025-06-15 18:47:41] WARNING: Detecting communities...
[2025-06-15 18:47:41] WARNING: Found 8 isolated nodes to assign to communities
[2025-06-15 18:47:41] WARNING: Assigned isolated node Eyes_OnTheSkies to community 1 based on structural balance theory
[2025-06-15 18:47:41] WARNING: Assigned isolated node FettucineSplit to community 1 based on structural balance theory
[2025-06-15 18:47:41] WARNING: Assigned isolated node JonMajerowski to community 1 based on structural balance theory
[2025-06-15 18:47:41] WARNING: Assigned isolated node MiddleofMayhem to community 2 based on structural balance theory
[2025-06-15 18:47:41] WARNING: Assigned isolated node PTHellyer to community 1 based on structural balance theory
[2025-06-15 18:47:41] WARNING: Assigned isolated node SnakePo9 to community 1 based on structural balance theory
[2025-06-15 18:47:41] WARNING: Assigned isolated node jamescfox to community 1 based on structural balance theory
[2025-06-15 18:47:41] WARNING: Assigned isolated node likeitmatters3 to community 2 based on structural balance theory
[2025-06-15 18:47:41] INFO: Analyzing community composition...
[2025-06-15 18:47:41] INFO: Community Community A (18 members): AskaPol_UAPs, ChrisUKSharp, DanHaug6, Eyes_OnTheSkies, FettucineSplit, GoodTroubleShow, Halsrethink, JeremyCorbell, JonMajerowski, LueElizondo, PTHellyer, SnakePo9, TheOfficialQF, g_knapp, jamescfox, jayanderson, rosscoulthart, ufobeliever1947
[2025-06-15 18:47:41] INFO: Community Community B (7 members): MiddleofMayhem, OSIRISUAP, ShipsSmall, cosmic_surplus, likeitmatters3, susangerbic, ufoskeptic1968
[2025-06-15 18:47:41] INFO: Community analysis written to community_analysis.txt
[2025-06-15 18:47:41] WARNING: Generating trust network visualization...
[2025-06-15 18:47:42] WARNING: Network visualization saved to visualization/trust_network.png
[2025-06-15 18:47:42] WARNING: Creating JSON data structure...
[2025-06-15 18:47:42] WARNING: Successfully generated js/data.js with:
[2025-06-15 18:47:42] WARNING: - 25 users
[2025-06-15 18:47:42] WARNING: - 31 trust relationships
[2025-06-15 18:47:42] WARNING: - 2 communities
[2025-06-15 18:47:42] WARNING: Trust calculation completed successfully.
[2025-06-15 18:57:41] WARNING: === Starting Trust Score Calculation ===
[2025-06-15 18:57:41] WARNING: Starting trust score calculation...
[2025-06-15 18:57:41] WARNING: Found 25 users in the trust network
[2025-06-15 18:57:41] WARNING: Building trust network graph...
[2025-06-15 18:57:41] WARNING: Calculating PageRank scores...
[2025-06-15 18:57:41] WARNING: Applying distrust penalties...
[2025-06-15 18:57:41] WARNING: Detecting communities...
[2025-06-15 18:57:41] WARNING: Found 8 isolated nodes to assign to communities
[2025-06-15 18:57:41] WARNING: Assigned isolated node Eyes_OnTheSkies to community 1 based on structural balance theory
[2025-06-15 18:57:41] WARNING: Assigned isolated node FettucineSplit to community 1 based on structural balance theory
[2025-06-15 18:57:41] WARNING: Assigned isolated node JonMajerowski to community 1 based on structural balance theory
[2025-06-15 18:57:41] WARNING: Assigned isolated node MiddleofMayhem to community 2 based on structural balance theory
[2025-06-15 18:57:41] WARNING: Assigned isolated node PTHellyer to community 1 based on structural balance theory
[2025-06-15 18:57:41] WARNING: Assigned isolated node SnakePo9 to community 1 based on structural balance theory
[2025-06-15 18:57:41] WARNING: Assigned isolated node jamescfox to community 1 based on structural balance theory
[2025-06-15 18:57:41] WARNING: Assigned isolated node likeitmatters3 to community 2 based on structural balance theory
[2025-06-15 18:57:41] INFO: Analyzing community composition...
[2025-06-15 18:57:41] INFO: Community Community A (18 members): AskaPol_UAPs, ChrisUKSharp, DanHaug6, Eyes_OnTheSkies, FettucineSplit, GoodTroubleShow, Halsrethink, JeremyCorbell, JonMajerowski, LueElizondo, PTHellyer, SnakePo9, TheOfficialQF, g_knapp, jamescfox, jayanderson, rosscoulthart, ufobeliever1947
[2025-06-15 18:57:41] INFO: Community Community B (7 members): MiddleofMayhem, OSIRISUAP, ShipsSmall, cosmic_surplus, likeitmatters3, susangerbic, ufoskeptic1968
[2025-06-15 18:57:41] INFO: Community analysis written to community_analysis.txt
[2025-06-15 18:57:41] WARNING: Generating trust network visualization...
[2025-06-15 18:57:42] WARNING: Network visualization saved to visualization/trust_network.png
[2025-06-15 18:57:42] WARNING: Creating JSON data structure...
[2025-06-15 18:57:42] WARNING: Successfully generated js/data.js with:
[2025-06-15 18:57:42] WARNING: - 25 users
[2025-06-15 18:57:42] WARNING: - 31 trust relationships
[2025-06-15 18:57:42] WARNING: - 2 communities
[2025-06-15 18:57:42] WARNING: Trust calculation completed successfully.
[2025-06-15 19:07:38] WARNING: === Starting Trust Score Calculation ===
[2025-06-15 19:07:38] WARNING: Starting trust score calculation...
[2025-06-15 19:07:38] WARNING: Found 25 users in the trust network
[2025-06-15 19:07:38] WARNING: Building trust network graph...
[2025-06-15 19:07:38] WARNING: Calculating PageRank scores...
[2025-06-15 19:07:38] WARNING: Applying distrust penalties...
[2025-06-15 19:07:38] WARNING: Detecting communities...
[2025-06-15 19:07:38] WARNING: Found 8 isolated nodes to assign to communities
[2025-06-15 19:07:38] WARNING: Assigned isolated node Eyes_OnTheSkies to community 1 based on structural balance theory
[2025-06-15 19:07:38] WARNING: Assigned isolated node FettucineSplit to community 1 based on structural balance theory
[2025-06-15 19:07:38] WARNING: Assigned isolated node JonMajerowski to community 1 based on structural balance theory
[2025-06-15 19:07:38] WARNING: Assigned isolated node MiddleofMayhem to community 2 based on structural balance theory
[2025-06-15 19:07:38] WARNING: Assigned isolated node PTHellyer to community 1 based on structural balance theory
[2025-06-15 19:07:38] WARNING: Assigned isolated node SnakePo9 to community 1 based on structural balance theory
[2025-06-15 19:07:38] WARNING: Assigned isolated node jamescfox to community 1 based on structural balance theory
[2025-06-15 19:07:38] WARNING: Assigned isolated node likeitmatters3 to community 2 based on structural balance theory
[2025-06-15 19:07:38] INFO: Analyzing community composition...
[2025-06-15 19:07:38] INFO: Community Community A (18 members): AskaPol_UAPs, ChrisUKSharp, DanHaug6, Eyes_OnTheSkies, FettucineSplit, GoodTroubleShow, Halsrethink, JeremyCorbell, JonMajerowski, LueElizondo, PTHellyer, SnakePo9, TheOfficialQF, g_knapp, jamescfox, jayanderson, rosscoulthart, ufobeliever1947
[2025-06-15 19:07:38] INFO: Community Community B (7 members): MiddleofMayhem, OSIRISUAP, ShipsSmall, cosmic_surplus, likeitmatters3, susangerbic, ufoskeptic1968
[2025-06-15 19:07:38] INFO: Community analysis written to community_analysis.txt
[2025-06-15 19:07:38] WARNING: Generating trust network visualization...
[2025-06-15 19:07:39] WARNING: Network visualization saved to visualization/trust_network.png
[2025-06-15 19:07:39] WARNING: Creating JSON data structure...
[2025-06-15 19:07:39] WARNING: Successfully generated js/data.js with:
[2025-06-15 19:07:39] WARNING: - 25 users
[2025-06-15 19:07:39] WARNING: - 31 trust relationships
[2025-06-15 19:07:39] WARNING: - 2 communities
[2025-06-15 19:07:39] WARNING: Trust calculation completed successfully.
