[2025-05-21 08:37:47] INFO: Community Community A (18 members): AskaPol_UAPs, ChrisUKSharp, DanHaug6, Eyes_OnTheSkies, FettucineSplit, GoodTroubleShow, Halsrethink, JeremyCorbell, JonMajerowski, LueElizondo, PTHellyer, SnakePo9, TheOfficialQF, g_knapp, jamescfox, jayanderson, rosscoulthart, ufobeliever1947
[2025-05-21 08:37:47] INFO: Community Community B (7 members): MiddleofMayhem, OSIRISUAP, ShipsSmall, cosmic_surplus, likeitmatters3, susangerbic, ufoskeptic1968
[2025-05-21 08:37:47] INFO: Community analysis written to community_analysis.txt
[2025-05-21 08:37:47] WARNING: Generating trust network visualization...
[2025-05-21 08:37:49] WARNING: Network visualization saved to visualization/trust_network.png
[2025-05-21 08:37:49] WARNING: Creating JSON data structure...
[2025-05-21 08:37:49] WARNING: Successfully generated js/data.js with:
[2025-05-21 08:37:49] WARNING: - 25 users
[2025-05-21 08:37:49] WARNING: - 31 trust relationships
[2025-05-21 08:37:49] WARNING: - 2 communities
[2025-05-21 08:37:49] WARNING: Trust calculation completed successfully.
[2025-05-21 08:47:43] WARNING: === Starting Trust Score Calculation ===
[2025-05-21 08:47:43] WARNING: Starting trust score calculation...
[2025-05-21 08:47:43] WARNING: Found 25 users in the trust network
[2025-05-21 08:47:43] WARNING: Building trust network graph...
[2025-05-21 08:47:43] WARNING: Calculating PageRank scores...
[2025-05-21 08:47:43] WARNING: Applying distrust penalties...
[2025-05-21 08:47:43] WARNING: Detecting communities...
[2025-05-21 08:47:43] WARNING: Found 8 isolated nodes to assign to communities
[2025-05-21 08:47:43] WARNING: Assigned isolated node Eyes_OnTheSkies to community 1 based on structural balance theory
[2025-05-21 08:47:43] WARNING: Assigned isolated node FettucineSplit to community 1 based on structural balance theory
[2025-05-21 08:47:43] WARNING: Assigned isolated node JonMajerowski to community 1 based on structural balance theory
[2025-05-21 08:47:43] WARNING: Assigned isolated node MiddleofMayhem to community 2 based on structural balance theory
[2025-05-21 08:47:43] WARNING: Assigned isolated node PTHellyer to community 1 based on structural balance theory
[2025-05-21 08:47:43] WARNING: Assigned isolated node SnakePo9 to community 1 based on structural balance theory
[2025-05-21 08:47:43] WARNING: Assigned isolated node jamescfox to community 1 based on structural balance theory
[2025-05-21 08:47:43] WARNING: Assigned isolated node likeitmatters3 to community 2 based on structural balance theory
[2025-05-21 08:47:43] INFO: Analyzing community composition...
[2025-05-21 08:47:43] INFO: Community Community A (18 members): AskaPol_UAPs, ChrisUKSharp, DanHaug6, Eyes_OnTheSkies, FettucineSplit, GoodTroubleShow, Halsrethink, JeremyCorbell, JonMajerowski, LueElizondo, PTHellyer, SnakePo9, TheOfficialQF, g_knapp, jamescfox, jayanderson, rosscoulthart, ufobeliever1947
[2025-05-21 08:47:43] INFO: Community Community B (7 members): MiddleofMayhem, OSIRISUAP, ShipsSmall, cosmic_surplus, likeitmatters3, susangerbic, ufoskeptic1968
[2025-05-21 08:47:43] INFO: Community analysis written to community_analysis.txt
[2025-05-21 08:47:43] WARNING: Generating trust network visualization...
[2025-05-21 08:47:44] WARNING: Network visualization saved to visualization/trust_network.png
[2025-05-21 08:47:44] WARNING: Creating JSON data structure...
[2025-05-21 08:47:44] WARNING: Successfully generated js/data.js with:
[2025-05-21 08:47:44] WARNING: - 25 users
[2025-05-21 08:47:44] WARNING: - 31 trust relationships
[2025-05-21 08:47:44] WARNING: - 2 communities
[2025-05-21 08:47:44] WARNING: Trust calculation completed successfully.
[2025-05-21 08:57:40] WARNING: === Starting Trust Score Calculation ===
[2025-05-21 08:57:40] WARNING: Starting trust score calculation...
[2025-05-21 08:57:40] WARNING: Found 25 users in the trust network
[2025-05-21 08:57:40] WARNING: Building trust network graph...
[2025-05-21 08:57:40] WARNING: Calculating PageRank scores...
[2025-05-21 08:57:40] WARNING: Applying distrust penalties...
[2025-05-21 08:57:40] WARNING: Detecting communities...
[2025-05-21 08:57:40] WARNING: Found 8 isolated nodes to assign to communities
[2025-05-21 08:57:40] WARNING: Assigned isolated node Eyes_OnTheSkies to community 1 based on structural balance theory
[2025-05-21 08:57:40] WARNING: Assigned isolated node FettucineSplit to community 1 based on structural balance theory
[2025-05-21 08:57:40] WARNING: Assigned isolated node JonMajerowski to community 1 based on structural balance theory
[2025-05-21 08:57:40] WARNING: Assigned isolated node MiddleofMayhem to community 2 based on structural balance theory
[2025-05-21 08:57:40] WARNING: Assigned isolated node PTHellyer to community 1 based on structural balance theory
[2025-05-21 08:57:40] WARNING: Assigned isolated node SnakePo9 to community 1 based on structural balance theory
[2025-05-21 08:57:40] WARNING: Assigned isolated node jamescfox to community 1 based on structural balance theory
[2025-05-21 08:57:40] WARNING: Assigned isolated node likeitmatters3 to community 2 based on structural balance theory
[2025-05-21 08:57:40] INFO: Analyzing community composition...
[2025-05-21 08:57:40] INFO: Community Community A (18 members): AskaPol_UAPs, ChrisUKSharp, DanHaug6, Eyes_OnTheSkies, FettucineSplit, GoodTroubleShow, Halsrethink, JeremyCorbell, JonMajerowski, LueElizondo, PTHellyer, SnakePo9, TheOfficialQF, g_knapp, jamescfox, jayanderson, rosscoulthart, ufobeliever1947
[2025-05-21 08:57:40] INFO: Community Community B (7 members): MiddleofMayhem, OSIRISUAP, ShipsSmall, cosmic_surplus, likeitmatters3, susangerbic, ufoskeptic1968
[2025-05-21 08:57:40] INFO: Community analysis written to community_analysis.txt
[2025-05-21 08:57:40] WARNING: Generating trust network visualization...
[2025-05-21 08:57:41] WARNING: Network visualization saved to visualization/trust_network.png
[2025-05-21 08:57:41] WARNING: Creating JSON data structure...
[2025-05-21 08:57:41] WARNING: Successfully generated js/data.js with:
[2025-05-21 08:57:41] WARNING: - 25 users
[2025-05-21 08:57:41] WARNING: - 31 trust relationships
[2025-05-21 08:57:41] WARNING: - 2 communities
[2025-05-21 08:57:41] WARNING: Trust calculation completed successfully.
[2025-05-21 09:07:42] WARNING: === Starting Trust Score Calculation ===
[2025-05-21 09:07:42] WARNING: Starting trust score calculation...
[2025-05-21 09:07:42] WARNING: Found 25 users in the trust network
[2025-05-21 09:07:42] WARNING: Building trust network graph...
[2025-05-21 09:07:42] WARNING: Calculating PageRank scores...
[2025-05-21 09:07:42] WARNING: Applying distrust penalties...
[2025-05-21 09:07:42] WARNING: Detecting communities...
[2025-05-21 09:07:42] WARNING: Found 8 isolated nodes to assign to communities
[2025-05-21 09:07:42] WARNING: Assigned isolated node Eyes_OnTheSkies to community 1 based on structural balance theory
[2025-05-21 09:07:42] WARNING: Assigned isolated node FettucineSplit to community 1 based on structural balance theory
[2025-05-21 09:07:42] WARNING: Assigned isolated node JonMajerowski to community 1 based on structural balance theory
[2025-05-21 09:07:42] WARNING: Assigned isolated node MiddleofMayhem to community 2 based on structural balance theory
[2025-05-21 09:07:42] WARNING: Assigned isolated node PTHellyer to community 1 based on structural balance theory
[2025-05-21 09:07:42] WARNING: Assigned isolated node SnakePo9 to community 1 based on structural balance theory
[2025-05-21 09:07:42] WARNING: Assigned isolated node jamescfox to community 1 based on structural balance theory
[2025-05-21 09:07:42] WARNING: Assigned isolated node likeitmatters3 to community 2 based on structural balance theory
[2025-05-21 09:07:42] INFO: Analyzing community composition...
[2025-05-21 09:07:42] INFO: Community Community A (18 members): AskaPol_UAPs, ChrisUKSharp, DanHaug6, Eyes_OnTheSkies, FettucineSplit, GoodTroubleShow, Halsrethink, JeremyCorbell, JonMajerowski, LueElizondo, PTHellyer, SnakePo9, TheOfficialQF, g_knapp, jamescfox, jayanderson, rosscoulthart, ufobeliever1947
[2025-05-21 09:07:42] INFO: Community Community B (7 members): MiddleofMayhem, OSIRISUAP, ShipsSmall, cosmic_surplus, likeitmatters3, susangerbic, ufoskeptic1968
[2025-05-21 09:07:42] INFO: Community analysis written to community_analysis.txt
[2025-05-21 09:07:42] WARNING: Generating trust network visualization...
[2025-05-21 09:07:43] WARNING: Network visualization saved to visualization/trust_network.png
[2025-05-21 09:07:43] WARNING: Creating JSON data structure...
[2025-05-21 09:07:43] WARNING: Successfully generated js/data.js with:
[2025-05-21 09:07:43] WARNING: - 25 users
[2025-05-21 09:07:43] WARNING: - 31 trust relationships
[2025-05-21 09:07:43] WARNING: - 2 communities
[2025-05-21 09:07:43] WARNING: Trust calculation completed successfully.
[2025-05-21 09:17:50] WARNING: === Starting Trust Score Calculation ===
[2025-05-21 09:17:50] WARNING: Starting trust score calculation...
[2025-05-21 09:17:50] WARNING: Found 25 users in the trust network
[2025-05-21 09:17:50] WARNING: Building trust network graph...
[2025-05-21 09:17:50] WARNING: Calculating PageRank scores...
[2025-05-21 09:17:50] WARNING: Applying distrust penalties...
[2025-05-21 09:17:50] WARNING: Detecting communities...
[2025-05-21 09:17:50] WARNING: Found 8 isolated nodes to assign to communities
[2025-05-21 09:17:50] WARNING: Assigned isolated node Eyes_OnTheSkies to community 1 based on structural balance theory
[2025-05-21 09:17:50] WARNING: Assigned isolated node FettucineSplit to community 1 based on structural balance theory
[2025-05-21 09:17:50] WARNING: Assigned isolated node JonMajerowski to community 1 based on structural balance theory
[2025-05-21 09:17:50] WARNING: Assigned isolated node MiddleofMayhem to community 2 based on structural balance theory
[2025-05-21 09:17:50] WARNING: Assigned isolated node PTHellyer to community 1 based on structural balance theory
[2025-05-21 09:17:50] WARNING: Assigned isolated node SnakePo9 to community 1 based on structural balance theory
[2025-05-21 09:17:50] WARNING: Assigned isolated node jamescfox to community 1 based on structural balance theory
[2025-05-21 09:17:50] WARNING: Assigned isolated node likeitmatters3 to community 2 based on structural balance theory
[2025-05-21 09:17:50] INFO: Analyzing community composition...
[2025-05-21 09:17:50] INFO: Community Community A (18 members): AskaPol_UAPs, ChrisUKSharp, DanHaug6, Eyes_OnTheSkies, FettucineSplit, GoodTroubleShow, Halsrethink, JeremyCorbell, JonMajerowski, LueElizondo, PTHellyer, SnakePo9, TheOfficialQF, g_knapp, jamescfox, jayanderson, rosscoulthart, ufobeliever1947
[2025-05-21 09:17:50] INFO: Community Community B (7 members): MiddleofMayhem, OSIRISUAP, ShipsSmall, cosmic_surplus, likeitmatters3, susangerbic, ufoskeptic1968
[2025-05-21 09:17:50] INFO: Community analysis written to community_analysis.txt
[2025-05-21 09:17:50] WARNING: Generating trust network visualization...
[2025-05-21 09:17:51] WARNING: Network visualization saved to visualization/trust_network.png
[2025-05-21 09:17:51] WARNING: Creating JSON data structure...
[2025-05-21 09:17:51] WARNING: Successfully generated js/data.js with:
[2025-05-21 09:17:51] WARNING: - 25 users
[2025-05-21 09:17:51] WARNING: - 31 trust relationships
[2025-05-21 09:17:51] WARNING: - 2 communities
[2025-05-21 09:17:51] WARNING: Trust calculation completed successfully.
[2025-05-21 09:27:42] WARNING: === Starting Trust Score Calculation ===
[2025-05-21 09:27:42] WARNING: Starting trust score calculation...
[2025-05-21 09:27:42] WARNING: Found 25 users in the trust network
[2025-05-21 09:27:42] WARNING: Building trust network graph...
[2025-05-21 09:27:42] WARNING: Calculating PageRank scores...
[2025-05-21 09:27:42] WARNING: Applying distrust penalties...
[2025-05-21 09:27:42] WARNING: Detecting communities...
[2025-05-21 09:27:42] WARNING: Found 8 isolated nodes to assign to communities
[2025-05-21 09:27:42] WARNING: Assigned isolated node Eyes_OnTheSkies to community 1 based on structural balance theory
[2025-05-21 09:27:42] WARNING: Assigned isolated node FettucineSplit to community 1 based on structural balance theory
[2025-05-21 09:27:42] WARNING: Assigned isolated node JonMajerowski to community 1 based on structural balance theory
[2025-05-21 09:27:42] WARNING: Assigned isolated node MiddleofMayhem to community 2 based on structural balance theory
[2025-05-21 09:27:42] WARNING: Assigned isolated node PTHellyer to community 1 based on structural balance theory
[2025-05-21 09:27:42] WARNING: Assigned isolated node SnakePo9 to community 1 based on structural balance theory
[2025-05-21 09:27:42] WARNING: Assigned isolated node jamescfox to community 1 based on structural balance theory
[2025-05-21 09:27:42] WARNING: Assigned isolated node likeitmatters3 to community 2 based on structural balance theory
[2025-05-21 09:27:42] INFO: Analyzing community composition...
[2025-05-21 09:27:42] INFO: Community Community A (18 members): AskaPol_UAPs, ChrisUKSharp, DanHaug6, Eyes_OnTheSkies, FettucineSplit, GoodTroubleShow, Halsrethink, JeremyCorbell, JonMajerowski, LueElizondo, PTHellyer, SnakePo9, TheOfficialQF, g_knapp, jamescfox, jayanderson, rosscoulthart, ufobeliever1947
[2025-05-21 09:27:42] INFO: Community Community B (7 members): MiddleofMayhem, OSIRISUAP, ShipsSmall, cosmic_surplus, likeitmatters3, susangerbic, ufoskeptic1968
[2025-05-21 09:27:42] INFO: Community analysis written to community_analysis.txt
[2025-05-21 09:27:42] WARNING: Generating trust network visualization...
[2025-05-21 09:27:43] WARNING: Network visualization saved to visualization/trust_network.png
[2025-05-21 09:27:43] WARNING: Creating JSON data structure...
[2025-05-21 09:27:43] WARNING: Successfully generated js/data.js with:
[2025-05-21 09:27:43] WARNING: - 25 users
[2025-05-21 09:27:43] WARNING: - 31 trust relationships
[2025-05-21 09:27:43] WARNING: - 2 communities
[2025-05-21 09:27:43] WARNING: Trust calculation completed successfully.
[2025-05-21 09:37:43] WARNING: === Starting Trust Score Calculation ===
[2025-05-21 09:37:43] WARNING: Starting trust score calculation...
[2025-05-21 09:37:43] WARNING: Found 25 users in the trust network
[2025-05-21 09:37:43] WARNING: Building trust network graph...
[2025-05-21 09:37:43] WARNING: Calculating PageRank scores...
[2025-05-21 09:37:43] WARNING: Applying distrust penalties...
[2025-05-21 09:37:43] WARNING: Detecting communities...
[2025-05-21 09:37:43] WARNING: Found 8 isolated nodes to assign to communities
[2025-05-21 09:37:43] WARNING: Assigned isolated node Eyes_OnTheSkies to community 1 based on structural balance theory
[2025-05-21 09:37:43] WARNING: Assigned isolated node FettucineSplit to community 1 based on structural balance theory
[2025-05-21 09:37:43] WARNING: Assigned isolated node JonMajerowski to community 1 based on structural balance theory
[2025-05-21 09:37:43] WARNING: Assigned isolated node MiddleofMayhem to community 2 based on structural balance theory
[2025-05-21 09:37:43] WARNING: Assigned isolated node PTHellyer to community 1 based on structural balance theory
[2025-05-21 09:37:43] WARNING: Assigned isolated node SnakePo9 to community 1 based on structural balance theory
[2025-05-21 09:37:43] WARNING: Assigned isolated node jamescfox to community 1 based on structural balance theory
[2025-05-21 09:37:43] WARNING: Assigned isolated node likeitmatters3 to community 2 based on structural balance theory
[2025-05-21 09:37:43] INFO: Analyzing community composition...
[2025-05-21 09:37:43] INFO: Community Community A (18 members): AskaPol_UAPs, ChrisUKSharp, DanHaug6, Eyes_OnTheSkies, FettucineSplit, GoodTroubleShow, Halsrethink, JeremyCorbell, JonMajerowski, LueElizondo, PTHellyer, SnakePo9, TheOfficialQF, g_knapp, jamescfox, jayanderson, rosscoulthart, ufobeliever1947
[2025-05-21 09:37:43] INFO: Community Community B (7 members): MiddleofMayhem, OSIRISUAP, ShipsSmall, cosmic_surplus, likeitmatters3, susangerbic, ufoskeptic1968
[2025-05-21 09:37:43] INFO: Community analysis written to community_analysis.txt
[2025-05-21 09:37:43] WARNING: Generating trust network visualization...
[2025-05-21 09:37:45] WARNING: Network visualization saved to visualization/trust_network.png
[2025-05-21 09:37:45] WARNING: Creating JSON data structure...
[2025-05-21 09:37:45] WARNING: Successfully generated js/data.js with:
[2025-05-21 09:37:45] WARNING: - 25 users
[2025-05-21 09:37:45] WARNING: - 31 trust relationships
[2025-05-21 09:37:45] WARNING: - 2 communities
[2025-05-21 09:37:45] WARNING: Trust calculation completed successfully.
[2025-05-21 09:47:43] WARNING: === Starting Trust Score Calculation ===
[2025-05-21 09:47:43] WARNING: Starting trust score calculation...
[2025-05-21 09:47:43] WARNING: Found 25 users in the trust network
[2025-05-21 09:47:43] WARNING: Building trust network graph...
[2025-05-21 09:47:43] WARNING: Calculating PageRank scores...
[2025-05-21 09:47:43] WARNING: Applying distrust penalties...
[2025-05-21 09:47:43] WARNING: Detecting communities...
[2025-05-21 09:47:43] WARNING: Found 8 isolated nodes to assign to communities
[2025-05-21 09:47:43] WARNING: Assigned isolated node Eyes_OnTheSkies to community 1 based on structural balance theory
[2025-05-21 09:47:43] WARNING: Assigned isolated node FettucineSplit to community 1 based on structural balance theory
[2025-05-21 09:47:43] WARNING: Assigned isolated node JonMajerowski to community 1 based on structural balance theory
[2025-05-21 09:47:43] WARNING: Assigned isolated node MiddleofMayhem to community 2 based on structural balance theory
[2025-05-21 09:47:43] WARNING: Assigned isolated node PTHellyer to community 1 based on structural balance theory
[2025-05-21 09:47:43] WARNING: Assigned isolated node SnakePo9 to community 1 based on structural balance theory
[2025-05-21 09:47:43] WARNING: Assigned isolated node jamescfox to community 1 based on structural balance theory
[2025-05-21 09:47:43] WARNING: Assigned isolated node likeitmatters3 to community 2 based on structural balance theory
[2025-05-21 09:47:43] INFO: Analyzing community composition...
[2025-05-21 09:47:43] INFO: Community Community A (18 members): AskaPol_UAPs, ChrisUKSharp, DanHaug6, Eyes_OnTheSkies, FettucineSplit, GoodTroubleShow, Halsrethink, JeremyCorbell, JonMajerowski, LueElizondo, PTHellyer, SnakePo9, TheOfficialQF, g_knapp, jamescfox, jayanderson, rosscoulthart, ufobeliever1947
[2025-05-21 09:47:43] INFO: Community Community B (7 members): MiddleofMayhem, OSIRISUAP, ShipsSmall, cosmic_surplus, likeitmatters3, susangerbic, ufoskeptic1968
[2025-05-21 09:47:43] INFO: Community analysis written to community_analysis.txt
[2025-05-21 09:47:43] WARNING: Generating trust network visualization...
[2025-05-21 09:47:44] WARNING: Network visualization saved to visualization/trust_network.png
[2025-05-21 09:47:44] WARNING: Creating JSON data structure...
[2025-05-21 09:47:44] WARNING: Successfully generated js/data.js with:
[2025-05-21 09:47:44] WARNING: - 25 users
[2025-05-21 09:47:44] WARNING: - 31 trust relationships
[2025-05-21 09:47:44] WARNING: - 2 communities
[2025-05-21 09:47:44] WARNING: Trust calculation completed successfully.
[2025-05-21 09:57:43] WARNING: === Starting Trust Score Calculation ===
[2025-05-21 09:57:43] WARNING: Starting trust score calculation...
[2025-05-21 09:57:43] WARNING: Found 25 users in the trust network
[2025-05-21 09:57:43] WARNING: Building trust network graph...
[2025-05-21 09:57:43] WARNING: Calculating PageRank scores...
[2025-05-21 09:57:43] WARNING: Applying distrust penalties...
[2025-05-21 09:57:43] WARNING: Detecting communities...
[2025-05-21 09:57:43] WARNING: Found 8 isolated nodes to assign to communities
[2025-05-21 09:57:43] WARNING: Assigned isolated node Eyes_OnTheSkies to community 1 based on structural balance theory
[2025-05-21 09:57:43] WARNING: Assigned isolated node FettucineSplit to community 1 based on structural balance theory
[2025-05-21 09:57:43] WARNING: Assigned isolated node JonMajerowski to community 1 based on structural balance theory
[2025-05-21 09:57:43] WARNING: Assigned isolated node MiddleofMayhem to community 2 based on structural balance theory
[2025-05-21 09:57:43] WARNING: Assigned isolated node PTHellyer to community 1 based on structural balance theory
[2025-05-21 09:57:43] WARNING: Assigned isolated node SnakePo9 to community 1 based on structural balance theory
[2025-05-21 09:57:43] WARNING: Assigned isolated node jamescfox to community 1 based on structural balance theory
[2025-05-21 09:57:43] WARNING: Assigned isolated node likeitmatters3 to community 2 based on structural balance theory
[2025-05-21 09:57:43] INFO: Analyzing community composition...
[2025-05-21 09:57:43] INFO: Community Community A (18 members): AskaPol_UAPs, ChrisUKSharp, DanHaug6, Eyes_OnTheSkies, FettucineSplit, GoodTroubleShow, Halsrethink, JeremyCorbell, JonMajerowski, LueElizondo, PTHellyer, SnakePo9, TheOfficialQF, g_knapp, jamescfox, jayanderson, rosscoulthart, ufobeliever1947
[2025-05-21 09:57:43] INFO: Community Community B (7 members): MiddleofMayhem, OSIRISUAP, ShipsSmall, cosmic_surplus, likeitmatters3, susangerbic, ufoskeptic1968
[2025-05-21 09:57:43] INFO: Community analysis written to community_analysis.txt
[2025-05-21 09:57:43] WARNING: Generating trust network visualization...
[2025-05-21 09:57:45] WARNING: Network visualization saved to visualization/trust_network.png
[2025-05-21 09:57:45] WARNING: Creating JSON data structure...
[2025-05-21 09:57:45] WARNING: Successfully generated js/data.js with:
[2025-05-21 09:57:45] WARNING: - 25 users
[2025-05-21 09:57:45] WARNING: - 31 trust relationships
[2025-05-21 09:57:45] WARNING: - 2 communities
[2025-05-21 09:57:45] WARNING: Trust calculation completed successfully.
