[2025-06-02 01:27:33] WARNING: === Starting Twitter Trust System Collection ===
[2025-06-02 01:27:33] WARNING: Will collect tweets until reaching previous timestamp: 2025-05-12 06:54:05+00:00
[2025-06-02 01:27:33] WARNING: Retrieving page 1...
[2025-06-02 01:27:34] WARNING: Newest tweet is from: 2025-05-12 06:54:05+00:00
[2025-06-02 01:27:34] WARNING: Reached stop point at tweet from 2025-05-12 06:54:05+00:00
[2025-06-02 01:27:34] WARNING: Retrieved 0 new tweets on page 1
[2025-06-02 01:27:34] WARNING: Stopping pagination as we've reached the stop point
[2025-06-02 01:27:34] WARNING: Retrieved a total of 0 tweets across 1 pages
[2025-06-02 01:27:34] WARNING: No new tweets found with trust commands. Exiting without error.
[2025-06-02 01:27:34] WARNING: Collection complete!
[2025-06-02 01:27:34] WARNING: - 0 trust assignments processed
[2025-06-02 01:27:34] WARNING: - 2 users in trust network
[2025-06-02 01:27:34] WARNING: - 31 total trust relationships
[2025-06-02 01:37:33] WARNING: === Starting Twitter Trust System Collection ===
[2025-06-02 01:37:33] WARNING: Will collect tweets until reaching previous timestamp: 2025-05-12 06:54:05+00:00
[2025-06-02 01:37:33] WARNING: Retrieving page 1...
[2025-06-02 01:37:34] WARNING: Newest tweet is from: 2025-05-12 06:54:05+00:00
[2025-06-02 01:37:34] WARNING: Reached stop point at tweet from 2025-05-12 06:54:05+00:00
[2025-06-02 01:37:34] WARNING: Retrieved 0 new tweets on page 1
[2025-06-02 01:37:34] WARNING: Stopping pagination as we've reached the stop point
[2025-06-02 01:37:34] WARNING: Retrieved a total of 0 tweets across 1 pages
[2025-06-02 01:37:34] WARNING: No new tweets found with trust commands. Exiting without error.
[2025-06-02 01:37:34] WARNING: Collection complete!
[2025-06-02 01:37:34] WARNING: - 0 trust assignments processed
[2025-06-02 01:37:34] WARNING: - 2 users in trust network
[2025-06-02 01:37:34] WARNING: - 31 total trust relationships
[2025-06-02 01:47:33] WARNING: === Starting Twitter Trust System Collection ===
[2025-06-02 01:47:33] WARNING: Will collect tweets until reaching previous timestamp: 2025-05-12 06:54:05+00:00
[2025-06-02 01:47:33] WARNING: Retrieving page 1...
[2025-06-02 01:47:39] WARNING: Newest tweet is from: 2025-05-12 06:54:05+00:00
[2025-06-02 01:47:39] WARNING: Reached stop point at tweet from 2025-05-12 06:54:05+00:00
[2025-06-02 01:47:39] WARNING: Retrieved 0 new tweets on page 1
[2025-06-02 01:47:39] WARNING: Stopping pagination as we've reached the stop point
[2025-06-02 01:47:39] WARNING: Retrieved a total of 0 tweets across 1 pages
[2025-06-02 01:47:39] WARNING: No new tweets found with trust commands. Exiting without error.
[2025-06-02 01:47:39] WARNING: Collection complete!
[2025-06-02 01:47:39] WARNING: - 0 trust assignments processed
[2025-06-02 01:47:39] WARNING: - 2 users in trust network
[2025-06-02 01:47:39] WARNING: - 31 total trust relationships
[2025-06-02 01:57:33] WARNING: === Starting Twitter Trust System Collection ===
[2025-06-02 01:57:33] WARNING: Will collect tweets until reaching previous timestamp: 2025-05-12 06:54:05+00:00
[2025-06-02 01:57:33] WARNING: Retrieving page 1...
[2025-06-02 01:57:34] WARNING: Newest tweet is from: 2025-05-12 06:54:05+00:00
[2025-06-02 01:57:34] WARNING: Reached stop point at tweet from 2025-05-12 06:54:05+00:00
[2025-06-02 01:57:34] WARNING: Retrieved 0 new tweets on page 1
[2025-06-02 01:57:34] WARNING: Stopping pagination as we've reached the stop point
[2025-06-02 01:57:34] WARNING: Retrieved a total of 0 tweets across 1 pages
[2025-06-02 01:57:34] WARNING: No new tweets found with trust commands. Exiting without error.
[2025-06-02 01:57:34] WARNING: Collection complete!
[2025-06-02 01:57:34] WARNING: - 0 trust assignments processed
[2025-06-02 01:57:34] WARNING: - 2 users in trust network
[2025-06-02 01:57:34] WARNING: - 31 total trust relationships
[2025-06-02 02:07:33] WARNING: === Starting Twitter Trust System Collection ===
[2025-06-02 02:07:33] WARNING: Will collect tweets until reaching previous timestamp: 2025-05-12 06:54:05+00:00
[2025-06-02 02:07:33] WARNING: Retrieving page 1...
[2025-06-02 02:07:36] WARNING: Newest tweet is from: 2025-05-12 06:54:05+00:00
[2025-06-02 02:07:36] WARNING: Reached stop point at tweet from 2025-05-12 06:54:05+00:00
[2025-06-02 02:07:36] WARNING: Retrieved 0 new tweets on page 1
[2025-06-02 02:07:36] WARNING: Stopping pagination as we've reached the stop point
[2025-06-02 02:07:36] WARNING: Retrieved a total of 0 tweets across 1 pages
[2025-06-02 02:07:36] WARNING: No new tweets found with trust commands. Exiting without error.
[2025-06-02 02:07:36] WARNING: Collection complete!
[2025-06-02 02:07:36] WARNING: - 0 trust assignments processed
[2025-06-02 02:07:36] WARNING: - 2 users in trust network
[2025-06-02 02:07:36] WARNING: - 31 total trust relationships
[2025-06-02 02:17:33] WARNING: === Starting Twitter Trust System Collection ===
[2025-06-02 02:17:33] WARNING: Will collect tweets until reaching previous timestamp: 2025-05-12 06:54:05+00:00
[2025-06-02 02:17:33] WARNING: Retrieving page 1...
[2025-06-02 02:17:34] WARNING: Newest tweet is from: 2025-05-12 06:54:05+00:00
[2025-06-02 02:17:34] WARNING: Reached stop point at tweet from 2025-05-12 06:54:05+00:00
[2025-06-02 02:17:34] WARNING: Retrieved 0 new tweets on page 1
[2025-06-02 02:17:34] WARNING: Stopping pagination as we've reached the stop point
[2025-06-02 02:17:34] WARNING: Retrieved a total of 0 tweets across 1 pages
[2025-06-02 02:17:34] WARNING: No new tweets found with trust commands. Exiting without error.
[2025-06-02 02:17:34] WARNING: Collection complete!
[2025-06-02 02:17:34] WARNING: - 0 trust assignments processed
[2025-06-02 02:17:34] WARNING: - 2 users in trust network
[2025-06-02 02:17:34] WARNING: - 31 total trust relationships
[2025-06-02 02:27:33] WARNING: === Starting Twitter Trust System Collection ===
[2025-06-02 02:27:33] WARNING: Will collect tweets until reaching previous timestamp: 2025-05-12 06:54:05+00:00
[2025-06-02 02:27:33] WARNING: Retrieving page 1...
[2025-06-02 02:27:35] WARNING: Newest tweet is from: 2025-05-12 06:54:05+00:00
[2025-06-02 02:27:35] WARNING: Reached stop point at tweet from 2025-05-12 06:54:05+00:00
[2025-06-02 02:27:35] WARNING: Retrieved 0 new tweets on page 1
[2025-06-02 02:27:35] WARNING: Stopping pagination as we've reached the stop point
[2025-06-02 02:27:35] WARNING: Retrieved a total of 0 tweets across 1 pages
[2025-06-02 02:27:35] WARNING: No new tweets found with trust commands. Exiting without error.
[2025-06-02 02:27:35] WARNING: Collection complete!
[2025-06-02 02:27:35] WARNING: - 0 trust assignments processed
[2025-06-02 02:27:35] WARNING: - 2 users in trust network
[2025-06-02 02:27:35] WARNING: - 31 total trust relationships
[2025-06-02 02:37:33] WARNING: === Starting Twitter Trust System Collection ===
[2025-06-02 02:37:33] WARNING: Will collect tweets until reaching previous timestamp: 2025-05-12 06:54:05+00:00
[2025-06-02 02:37:33] WARNING: Retrieving page 1...
[2025-06-02 02:37:36] WARNING: Newest tweet is from: 2025-05-12 06:54:05+00:00
[2025-06-02 02:37:36] WARNING: Reached stop point at tweet from 2025-05-12 06:54:05+00:00
[2025-06-02 02:37:36] WARNING: Retrieved 0 new tweets on page 1
[2025-06-02 02:37:36] WARNING: Stopping pagination as we've reached the stop point
[2025-06-02 02:37:36] WARNING: Retrieved a total of 0 tweets across 1 pages
[2025-06-02 02:37:36] WARNING: No new tweets found with trust commands. Exiting without error.
[2025-06-02 02:37:36] WARNING: Collection complete!
[2025-06-02 02:37:36] WARNING: - 0 trust assignments processed
[2025-06-02 02:37:36] WARNING: - 2 users in trust network
[2025-06-02 02:37:36] WARNING: - 31 total trust relationships
[2025-06-02 02:47:33] WARNING: === Starting Twitter Trust System Collection ===
[2025-06-02 02:47:33] WARNING: Will collect tweets until reaching previous timestamp: 2025-05-12 06:54:05+00:00
[2025-06-02 02:47:33] WARNING: Retrieving page 1...
[2025-06-02 02:47:34] WARNING: Newest tweet is from: 2025-05-12 06:54:05+00:00
[2025-06-02 02:47:34] WARNING: Reached stop point at tweet from 2025-05-12 06:54:05+00:00
[2025-06-02 02:47:34] WARNING: Retrieved 0 new tweets on page 1
[2025-06-02 02:47:34] WARNING: Stopping pagination as we've reached the stop point
[2025-06-02 02:47:34] WARNING: Retrieved a total of 0 tweets across 1 pages
[2025-06-02 02:47:34] WARNING: No new tweets found with trust commands. Exiting without error.
[2025-06-02 02:47:34] WARNING: Collection complete!
[2025-06-02 02:47:34] WARNING: - 0 trust assignments processed
[2025-06-02 02:47:34] WARNING: - 2 users in trust network
[2025-06-02 02:47:34] WARNING: - 31 total trust relationships
[2025-06-02 02:57:33] WARNING: === Starting Twitter Trust System Collection ===
[2025-06-02 02:57:33] WARNING: Will collect tweets until reaching previous timestamp: 2025-05-12 06:54:05+00:00
[2025-06-02 02:57:33] WARNING: Retrieving page 1...
[2025-06-02 02:57:34] WARNING: Newest tweet is from: 2025-05-12 06:54:05+00:00
[2025-06-02 02:57:34] WARNING: Reached stop point at tweet from 2025-05-12 06:54:05+00:00
[2025-06-02 02:57:34] WARNING: Retrieved 0 new tweets on page 1
[2025-06-02 02:57:34] WARNING: Stopping pagination as we've reached the stop point
[2025-06-02 02:57:34] WARNING: Retrieved a total of 0 tweets across 1 pages
[2025-06-02 02:57:34] WARNING: No new tweets found with trust commands. Exiting without error.
[2025-06-02 02:57:34] WARNING: Collection complete!
[2025-06-02 02:57:34] WARNING: - 0 trust assignments processed
[2025-06-02 02:57:34] WARNING: - 2 users in trust network
[2025-06-02 02:57:34] WARNING: - 31 total trust relationships
[2025-06-02 03:07:33] WARNING: === Starting Twitter Trust System Collection ===
[2025-06-02 03:07:33] WARNING: Will collect tweets until reaching previous timestamp: 2025-05-12 06:54:05+00:00
[2025-06-02 03:07:33] WARNING: Retrieving page 1...
[2025-06-02 03:07:36] WARNING: Newest tweet is from: 2025-05-12 06:54:05+00:00
[2025-06-02 03:07:36] WARNING: Reached stop point at tweet from 2025-05-12 06:54:05+00:00
[2025-06-02 03:07:36] WARNING: Retrieved 0 new tweets on page 1
[2025-06-02 03:07:36] WARNING: Stopping pagination as we've reached the stop point
[2025-06-02 03:07:36] WARNING: Retrieved a total of 0 tweets across 1 pages
[2025-06-02 03:07:36] WARNING: No new tweets found with trust commands. Exiting without error.
[2025-06-02 03:07:36] WARNING: Collection complete!
[2025-06-02 03:07:36] WARNING: - 0 trust assignments processed
[2025-06-02 03:07:36] WARNING: - 2 users in trust network
[2025-06-02 03:07:36] WARNING: - 31 total trust relationships
[2025-06-02 03:17:33] WARNING: === Starting Twitter Trust System Collection ===
[2025-06-02 03:17:33] WARNING: Will collect tweets until reaching previous timestamp: 2025-05-12 06:54:05+00:00
[2025-06-02 03:17:33] WARNING: Retrieving page 1...
[2025-06-02 03:17:34] WARNING: Newest tweet is from: 2025-05-12 06:54:05+00:00
[2025-06-02 03:17:34] WARNING: Reached stop point at tweet from 2025-05-12 06:54:05+00:00
[2025-06-02 03:17:34] WARNING: Retrieved 0 new tweets on page 1
[2025-06-02 03:17:34] WARNING: Stopping pagination as we've reached the stop point
[2025-06-02 03:17:34] WARNING: Retrieved a total of 0 tweets across 1 pages
[2025-06-02 03:17:34] WARNING: No new tweets found with trust commands. Exiting without error.
[2025-06-02 03:17:34] WARNING: Collection complete!
[2025-06-02 03:17:34] WARNING: - 0 trust assignments processed
[2025-06-02 03:17:34] WARNING: - 2 users in trust network
[2025-06-02 03:17:34] WARNING: - 31 total trust relationships
[2025-06-02 03:27:33] WARNING: === Starting Twitter Trust System Collection ===
[2025-06-02 03:27:33] WARNING: Will collect tweets until reaching previous timestamp: 2025-05-12 06:54:05+00:00
[2025-06-02 03:27:33] WARNING: Retrieving page 1...
[2025-06-02 03:27:36] WARNING: Newest tweet is from: 2025-05-12 06:54:05+00:00
[2025-06-02 03:27:36] WARNING: Reached stop point at tweet from 2025-05-12 06:54:05+00:00
[2025-06-02 03:27:36] WARNING: Retrieved 0 new tweets on page 1
[2025-06-02 03:27:36] WARNING: Stopping pagination as we've reached the stop point
[2025-06-02 03:27:36] WARNING: Retrieved a total of 0 tweets across 1 pages
[2025-06-02 03:27:36] WARNING: No new tweets found with trust commands. Exiting without error.
[2025-06-02 03:27:36] WARNING: Collection complete!
[2025-06-02 03:27:36] WARNING: - 0 trust assignments processed
[2025-06-02 03:27:36] WARNING: - 2 users in trust network
[2025-06-02 03:27:36] WARNING: - 31 total trust relationships
[2025-06-02 03:37:33] WARNING: === Starting Twitter Trust System Collection ===
[2025-06-02 03:37:33] WARNING: Will collect tweets until reaching previous timestamp: 2025-05-12 06:54:05+00:00
[2025-06-02 03:37:33] WARNING: Retrieving page 1...
[2025-06-02 03:37:37] WARNING: Newest tweet is from: 2025-05-12 06:54:05+00:00
[2025-06-02 03:37:37] WARNING: Reached stop point at tweet from 2025-05-12 06:54:05+00:00
[2025-06-02 03:37:37] WARNING: Retrieved 0 new tweets on page 1
[2025-06-02 03:37:37] WARNING: Stopping pagination as we've reached the stop point
[2025-06-02 03:37:37] WARNING: Retrieved a total of 0 tweets across 1 pages
[2025-06-02 03:37:37] WARNING: No new tweets found with trust commands. Exiting without error.
[2025-06-02 03:37:37] WARNING: Collection complete!
[2025-06-02 03:37:37] WARNING: - 0 trust assignments processed
[2025-06-02 03:37:37] WARNING: - 2 users in trust network
[2025-06-02 03:37:37] WARNING: - 31 total trust relationships
[2025-06-02 03:47:33] WARNING: === Starting Twitter Trust System Collection ===
[2025-06-02 03:47:33] WARNING: Will collect tweets until reaching previous timestamp: 2025-05-12 06:54:05+00:00
[2025-06-02 03:47:33] WARNING: Retrieving page 1...
[2025-06-02 03:47:35] WARNING: Newest tweet is from: 2025-05-12 06:54:05+00:00
[2025-06-02 03:47:35] WARNING: Reached stop point at tweet from 2025-05-12 06:54:05+00:00
[2025-06-02 03:47:35] WARNING: Retrieved 0 new tweets on page 1
[2025-06-02 03:47:35] WARNING: Stopping pagination as we've reached the stop point
[2025-06-02 03:47:35] WARNING: Retrieved a total of 0 tweets across 1 pages
[2025-06-02 03:47:35] WARNING: No new tweets found with trust commands. Exiting without error.
[2025-06-02 03:47:35] WARNING: Collection complete!
[2025-06-02 03:47:35] WARNING: - 0 trust assignments processed
[2025-06-02 03:47:35] WARNING: - 2 users in trust network
[2025-06-02 03:47:35] WARNING: - 31 total trust relationships
[2025-06-02 03:57:33] WARNING: === Starting Twitter Trust System Collection ===
[2025-06-02 03:57:33] WARNING: Will collect tweets until reaching previous timestamp: 2025-05-12 06:54:05+00:00
[2025-06-02 03:57:33] WARNING: Retrieving page 1...
[2025-06-02 03:57:34] WARNING: Newest tweet is from: 2025-05-12 06:54:05+00:00
[2025-06-02 03:57:34] WARNING: Reached stop point at tweet from 2025-05-12 06:54:05+00:00
[2025-06-02 03:57:34] WARNING: Retrieved 0 new tweets on page 1
[2025-06-02 03:57:34] WARNING: Stopping pagination as we've reached the stop point
[2025-06-02 03:57:34] WARNING: Retrieved a total of 0 tweets across 1 pages
[2025-06-02 03:57:34] WARNING: No new tweets found with trust commands. Exiting without error.
[2025-06-02 03:57:34] WARNING: Collection complete!
[2025-06-02 03:57:34] WARNING: - 0 trust assignments processed
[2025-06-02 03:57:34] WARNING: - 2 users in trust network
[2025-06-02 03:57:34] WARNING: - 31 total trust relationships
[2025-06-02 04:07:33] WARNING: === Starting Twitter Trust System Collection ===
[2025-06-02 04:07:33] WARNING: Will collect tweets until reaching previous timestamp: 2025-05-12 06:54:05+00:00
[2025-06-02 04:07:33] WARNING: Retrieving page 1...
[2025-06-02 04:07:38] WARNING: Newest tweet is from: 2025-05-12 06:54:05+00:00
[2025-06-02 04:07:38] WARNING: Reached stop point at tweet from 2025-05-12 06:54:05+00:00
[2025-06-02 04:07:38] WARNING: Retrieved 0 new tweets on page 1
[2025-06-02 04:07:38] WARNING: Stopping pagination as we've reached the stop point
[2025-06-02 04:07:38] WARNING: Retrieved a total of 0 tweets across 1 pages
[2025-06-02 04:07:38] WARNING: No new tweets found with trust commands. Exiting without error.
[2025-06-02 04:07:38] WARNING: Collection complete!
[2025-06-02 04:07:38] WARNING: - 0 trust assignments processed
[2025-06-02 04:07:38] WARNING: - 2 users in trust network
[2025-06-02 04:07:38] WARNING: - 31 total trust relationships
[2025-06-02 04:17:33] WARNING: === Starting Twitter Trust System Collection ===
[2025-06-02 04:17:33] WARNING: Will collect tweets until reaching previous timestamp: 2025-05-12 06:54:05+00:00
[2025-06-02 04:17:33] WARNING: Retrieving page 1...
[2025-06-02 04:17:34] WARNING: Newest tweet is from: 2025-05-12 06:54:05+00:00
[2025-06-02 04:17:34] WARNING: Reached stop point at tweet from 2025-05-12 06:54:05+00:00
[2025-06-02 04:17:34] WARNING: Retrieved 0 new tweets on page 1
[2025-06-02 04:17:34] WARNING: Stopping pagination as we've reached the stop point
[2025-06-02 04:17:34] WARNING: Retrieved a total of 0 tweets across 1 pages
[2025-06-02 04:17:34] WARNING: No new tweets found with trust commands. Exiting without error.
[2025-06-02 04:17:34] WARNING: Collection complete!
[2025-06-02 04:17:34] WARNING: - 0 trust assignments processed
[2025-06-02 04:17:34] WARNING: - 2 users in trust network
[2025-06-02 04:17:34] WARNING: - 31 total trust relationships
[2025-06-02 04:27:33] WARNING: === Starting Twitter Trust System Collection ===
[2025-06-02 04:27:33] WARNING: Will collect tweets until reaching previous timestamp: 2025-05-12 06:54:05+00:00
[2025-06-02 04:27:33] WARNING: Retrieving page 1...
[2025-06-02 04:27:35] WARNING: Newest tweet is from: 2025-05-12 06:54:05+00:00
[2025-06-02 04:27:35] WARNING: Reached stop point at tweet from 2025-05-12 06:54:05+00:00
[2025-06-02 04:27:35] WARNING: Retrieved 0 new tweets on page 1
[2025-06-02 04:27:35] WARNING: Stopping pagination as we've reached the stop point
[2025-06-02 04:27:35] WARNING: Retrieved a total of 0 tweets across 1 pages
[2025-06-02 04:27:35] WARNING: No new tweets found with trust commands. Exiting without error.
[2025-06-02 04:27:35] WARNING: Collection complete!
[2025-06-02 04:27:35] WARNING: - 0 trust assignments processed
[2025-06-02 04:27:35] WARNING: - 2 users in trust network
[2025-06-02 04:27:35] WARNING: - 31 total trust relationships
[2025-06-02 04:37:33] WARNING: === Starting Twitter Trust System Collection ===
[2025-06-02 04:37:33] WARNING: Will collect tweets until reaching previous timestamp: 2025-05-12 06:54:05+00:00
[2025-06-02 04:37:33] WARNING: Retrieving page 1...
[2025-06-02 04:37:35] WARNING: Newest tweet is from: 2025-05-12 06:54:05+00:00
[2025-06-02 04:37:35] WARNING: Reached stop point at tweet from 2025-05-12 06:54:05+00:00
[2025-06-02 04:37:35] WARNING: Retrieved 0 new tweets on page 1
[2025-06-02 04:37:35] WARNING: Stopping pagination as we've reached the stop point
[2025-06-02 04:37:35] WARNING: Retrieved a total of 0 tweets across 1 pages
[2025-06-02 04:37:35] WARNING: No new tweets found with trust commands. Exiting without error.
[2025-06-02 04:37:35] WARNING: Collection complete!
[2025-06-02 04:37:35] WARNING: - 0 trust assignments processed
[2025-06-02 04:37:35] WARNING: - 2 users in trust network
[2025-06-02 04:37:35] WARNING: - 31 total trust relationships
[2025-06-02 04:47:33] WARNING: === Starting Twitter Trust System Collection ===
[2025-06-02 04:47:33] WARNING: Will collect tweets until reaching previous timestamp: 2025-05-12 06:54:05+00:00
[2025-06-02 04:47:33] WARNING: Retrieving page 1...
[2025-06-02 04:47:35] WARNING: Newest tweet is from: 2025-05-12 06:54:05+00:00
[2025-06-02 04:47:35] WARNING: Reached stop point at tweet from 2025-05-12 06:54:05+00:00
[2025-06-02 04:47:35] WARNING: Retrieved 0 new tweets on page 1
[2025-06-02 04:47:35] WARNING: Stopping pagination as we've reached the stop point
[2025-06-02 04:47:35] WARNING: Retrieved a total of 0 tweets across 1 pages
[2025-06-02 04:47:35] WARNING: No new tweets found with trust commands. Exiting without error.
[2025-06-02 04:47:35] WARNING: Collection complete!
[2025-06-02 04:47:35] WARNING: - 0 trust assignments processed
[2025-06-02 04:47:35] WARNING: - 2 users in trust network
[2025-06-02 04:47:35] WARNING: - 31 total trust relationships
[2025-06-02 04:57:33] WARNING: === Starting Twitter Trust System Collection ===
[2025-06-02 04:57:33] WARNING: Will collect tweets until reaching previous timestamp: 2025-05-12 06:54:05+00:00
[2025-06-02 04:57:33] WARNING: Retrieving page 1...
[2025-06-02 04:57:35] WARNING: Newest tweet is from: 2025-05-12 06:54:05+00:00
[2025-06-02 04:57:35] WARNING: Reached stop point at tweet from 2025-05-12 06:54:05+00:00
[2025-06-02 04:57:35] WARNING: Retrieved 0 new tweets on page 1
[2025-06-02 04:57:35] WARNING: Stopping pagination as we've reached the stop point
[2025-06-02 04:57:35] WARNING: Retrieved a total of 0 tweets across 1 pages
[2025-06-02 04:57:35] WARNING: No new tweets found with trust commands. Exiting without error.
[2025-06-02 04:57:35] WARNING: Collection complete!
[2025-06-02 04:57:35] WARNING: - 0 trust assignments processed
[2025-06-02 04:57:35] WARNING: - 2 users in trust network
[2025-06-02 04:57:35] WARNING: - 31 total trust relationships
[2025-06-02 05:07:33] WARNING: === Starting Twitter Trust System Collection ===
[2025-06-02 05:07:33] WARNING: Will collect tweets until reaching previous timestamp: 2025-05-12 06:54:05+00:00
[2025-06-02 05:07:33] WARNING: Retrieving page 1...
[2025-06-02 05:07:35] WARNING: Newest tweet is from: 2025-05-12 06:54:05+00:00
[2025-06-02 05:07:35] WARNING: Reached stop point at tweet from 2025-05-12 06:54:05+00:00
[2025-06-02 05:07:35] WARNING: Retrieved 0 new tweets on page 1
[2025-06-02 05:07:35] WARNING: Stopping pagination as we've reached the stop point
[2025-06-02 05:07:35] WARNING: Retrieved a total of 0 tweets across 1 pages
[2025-06-02 05:07:35] WARNING: No new tweets found with trust commands. Exiting without error.
[2025-06-02 05:07:35] WARNING: Collection complete!
[2025-06-02 05:07:35] WARNING: - 0 trust assignments processed
[2025-06-02 05:07:35] WARNING: - 2 users in trust network
[2025-06-02 05:07:35] WARNING: - 31 total trust relationships
[2025-06-02 05:17:33] WARNING: === Starting Twitter Trust System Collection ===
[2025-06-02 05:17:33] WARNING: Will collect tweets until reaching previous timestamp: 2025-05-12 06:54:05+00:00
[2025-06-02 05:17:33] WARNING: Retrieving page 1...
[2025-06-02 05:17:34] WARNING: Newest tweet is from: 2025-05-12 06:54:05+00:00
[2025-06-02 05:17:34] WARNING: Reached stop point at tweet from 2025-05-12 06:54:05+00:00
[2025-06-02 05:17:34] WARNING: Retrieved 0 new tweets on page 1
[2025-06-02 05:17:34] WARNING: Stopping pagination as we've reached the stop point
[2025-06-02 05:17:34] WARNING: Retrieved a total of 0 tweets across 1 pages
[2025-06-02 05:17:34] WARNING: No new tweets found with trust commands. Exiting without error.
[2025-06-02 05:17:34] WARNING: Collection complete!
[2025-06-02 05:17:34] WARNING: - 0 trust assignments processed
[2025-06-02 05:17:34] WARNING: - 2 users in trust network
[2025-06-02 05:17:34] WARNING: - 31 total trust relationships
[2025-06-02 05:27:33] WARNING: === Starting Twitter Trust System Collection ===
[2025-06-02 05:27:33] WARNING: Will collect tweets until reaching previous timestamp: 2025-05-12 06:54:05+00:00
[2025-06-02 05:27:33] WARNING: Retrieving page 1...
[2025-06-02 05:27:34] WARNING: Newest tweet is from: 2025-05-12 06:54:05+00:00
[2025-06-02 05:27:34] WARNING: Reached stop point at tweet from 2025-05-12 06:54:05+00:00
[2025-06-02 05:27:34] WARNING: Retrieved 0 new tweets on page 1
[2025-06-02 05:27:34] WARNING: Stopping pagination as we've reached the stop point
[2025-06-02 05:27:34] WARNING: Retrieved a total of 0 tweets across 1 pages
[2025-06-02 05:27:34] WARNING: No new tweets found with trust commands. Exiting without error.
[2025-06-02 05:27:34] WARNING: Collection complete!
[2025-06-02 05:27:34] WARNING: - 0 trust assignments processed
[2025-06-02 05:27:34] WARNING: - 2 users in trust network
[2025-06-02 05:27:34] WARNING: - 31 total trust relationships
[2025-06-02 05:37:33] WARNING: === Starting Twitter Trust System Collection ===
[2025-06-02 05:37:33] WARNING: Will collect tweets until reaching previous timestamp: 2025-05-12 06:54:05+00:00
[2025-06-02 05:37:33] WARNING: Retrieving page 1...
[2025-06-02 05:37:35] WARNING: Newest tweet is from: 2025-05-12 06:54:05+00:00
[2025-06-02 05:37:35] WARNING: Reached stop point at tweet from 2025-05-12 06:54:05+00:00
[2025-06-02 05:37:35] WARNING: Retrieved 0 new tweets on page 1
[2025-06-02 05:37:35] WARNING: Stopping pagination as we've reached the stop point
[2025-06-02 05:37:35] WARNING: Retrieved a total of 0 tweets across 1 pages
[2025-06-02 05:37:35] WARNING: No new tweets found with trust commands. Exiting without error.
[2025-06-02 05:37:35] WARNING: Collection complete!
[2025-06-02 05:37:35] WARNING: - 0 trust assignments processed
[2025-06-02 05:37:35] WARNING: - 2 users in trust network
[2025-06-02 05:37:35] WARNING: - 31 total trust relationships
