[2025-06-09 21:57:44] WARNING: No new tweets found with trust commands. Exiting without error.
[2025-06-09 21:57:44] WARNING: Collection complete!
[2025-06-09 21:57:44] WARNING: - 0 trust assignments processed
[2025-06-09 21:57:44] WARNING: - 2 users in trust network
[2025-06-09 21:57:44] WARNING: - 31 total trust relationships
[2025-06-09 22:07:33] WARNING: === Starting Twitter Trust System Collection ===
[2025-06-09 22:07:33] WARNING: Will collect tweets until reaching previous timestamp: 2025-05-12 06:54:05+00:00
[2025-06-09 22:07:33] WARNING: Retrieving page 1...
[2025-06-09 22:07:44] WARNING: Error retrieving page 1: Expecting value: line 1 column 1 (char 0)
[2025-06-09 22:07:44] WARNING: Retrieved a total of 0 tweets across 1 pages
[2025-06-09 22:07:44] WARNING: No new tweets found with trust commands. Exiting without error.
[2025-06-09 22:07:44] WARNING: Collection complete!
[2025-06-09 22:07:44] WARNING: - 0 trust assignments processed
[2025-06-09 22:07:44] WARNING: - 2 users in trust network
[2025-06-09 22:07:44] WARNING: - 31 total trust relationships
[2025-06-09 22:17:33] WARNING: === Starting Twitter Trust System Collection ===
[2025-06-09 22:17:33] WARNING: Will collect tweets until reaching previous timestamp: 2025-05-12 06:54:05+00:00
[2025-06-09 22:17:33] WARNING: Retrieving page 1...
[2025-06-09 22:17:54] WARNING: Error retrieving page 1: Expecting value: line 1 column 1 (char 0)
[2025-06-09 22:17:54] WARNING: Retrieved a total of 0 tweets across 1 pages
[2025-06-09 22:17:54] WARNING: No new tweets found with trust commands. Exiting without error.
[2025-06-09 22:17:54] WARNING: Collection complete!
[2025-06-09 22:17:54] WARNING: - 0 trust assignments processed
[2025-06-09 22:17:54] WARNING: - 2 users in trust network
[2025-06-09 22:17:54] WARNING: - 31 total trust relationships
[2025-06-09 22:27:33] WARNING: === Starting Twitter Trust System Collection ===
[2025-06-09 22:27:33] WARNING: Will collect tweets until reaching previous timestamp: 2025-05-12 06:54:05+00:00
[2025-06-09 22:27:33] WARNING: Retrieving page 1...
[2025-06-09 22:27:34] WARNING: Newest tweet is from: 2025-05-12 06:54:05+00:00
[2025-06-09 22:27:34] WARNING: Reached stop point at tweet from 2025-05-12 06:54:05+00:00
[2025-06-09 22:27:34] WARNING: Retrieved 0 new tweets on page 1
[2025-06-09 22:27:34] WARNING: Stopping pagination as we've reached the stop point
[2025-06-09 22:27:34] WARNING: Retrieved a total of 0 tweets across 1 pages
[2025-06-09 22:27:34] WARNING: No new tweets found with trust commands. Exiting without error.
[2025-06-09 22:27:34] WARNING: Collection complete!
[2025-06-09 22:27:34] WARNING: - 0 trust assignments processed
[2025-06-09 22:27:34] WARNING: - 2 users in trust network
[2025-06-09 22:27:34] WARNING: - 31 total trust relationships
[2025-06-09 22:37:33] WARNING: === Starting Twitter Trust System Collection ===
[2025-06-09 22:37:33] WARNING: Will collect tweets until reaching previous timestamp: 2025-05-12 06:54:05+00:00
[2025-06-09 22:37:33] WARNING: Retrieving page 1...
[2025-06-09 22:37:36] WARNING: Newest tweet is from: 2025-05-12 06:54:05+00:00
[2025-06-09 22:37:36] WARNING: Reached stop point at tweet from 2025-05-12 06:54:05+00:00
[2025-06-09 22:37:36] WARNING: Retrieved 0 new tweets on page 1
[2025-06-09 22:37:36] WARNING: Stopping pagination as we've reached the stop point
[2025-06-09 22:37:36] WARNING: Retrieved a total of 0 tweets across 1 pages
[2025-06-09 22:37:36] WARNING: No new tweets found with trust commands. Exiting without error.
[2025-06-09 22:37:36] WARNING: Collection complete!
[2025-06-09 22:37:36] WARNING: - 0 trust assignments processed
[2025-06-09 22:37:36] WARNING: - 2 users in trust network
[2025-06-09 22:37:36] WARNING: - 31 total trust relationships
[2025-06-09 22:47:33] WARNING: === Starting Twitter Trust System Collection ===
[2025-06-09 22:47:33] WARNING: Will collect tweets until reaching previous timestamp: 2025-05-12 06:54:05+00:00
[2025-06-09 22:47:33] WARNING: Retrieving page 1...
[2025-06-09 22:47:35] WARNING: Newest tweet is from: 2025-05-12 06:54:05+00:00
[2025-06-09 22:47:35] WARNING: Reached stop point at tweet from 2025-05-12 06:54:05+00:00
[2025-06-09 22:47:35] WARNING: Retrieved 0 new tweets on page 1
[2025-06-09 22:47:35] WARNING: Stopping pagination as we've reached the stop point
[2025-06-09 22:47:35] WARNING: Retrieved a total of 0 tweets across 1 pages
[2025-06-09 22:47:35] WARNING: No new tweets found with trust commands. Exiting without error.
[2025-06-09 22:47:35] WARNING: Collection complete!
[2025-06-09 22:47:35] WARNING: - 0 trust assignments processed
[2025-06-09 22:47:35] WARNING: - 2 users in trust network
[2025-06-09 22:47:35] WARNING: - 31 total trust relationships
[2025-06-09 22:57:33] WARNING: === Starting Twitter Trust System Collection ===
[2025-06-09 22:57:33] WARNING: Will collect tweets until reaching previous timestamp: 2025-05-12 06:54:05+00:00
[2025-06-09 22:57:33] WARNING: Retrieving page 1...
[2025-06-09 22:57:34] WARNING: Newest tweet is from: 2025-05-12 06:54:05+00:00
[2025-06-09 22:57:34] WARNING: Reached stop point at tweet from 2025-05-12 06:54:05+00:00
[2025-06-09 22:57:34] WARNING: Retrieved 0 new tweets on page 1
[2025-06-09 22:57:34] WARNING: Stopping pagination as we've reached the stop point
[2025-06-09 22:57:34] WARNING: Retrieved a total of 0 tweets across 1 pages
[2025-06-09 22:57:34] WARNING: No new tweets found with trust commands. Exiting without error.
[2025-06-09 22:57:34] WARNING: Collection complete!
[2025-06-09 22:57:34] WARNING: - 0 trust assignments processed
[2025-06-09 22:57:34] WARNING: - 2 users in trust network
[2025-06-09 22:57:34] WARNING: - 31 total trust relationships
[2025-06-09 23:07:33] WARNING: === Starting Twitter Trust System Collection ===
[2025-06-09 23:07:33] WARNING: Will collect tweets until reaching previous timestamp: 2025-05-12 06:54:05+00:00
[2025-06-09 23:07:33] WARNING: Retrieving page 1...
[2025-06-09 23:07:35] WARNING: Newest tweet is from: 2025-05-12 06:54:05+00:00
[2025-06-09 23:07:35] WARNING: Reached stop point at tweet from 2025-05-12 06:54:05+00:00
[2025-06-09 23:07:35] WARNING: Retrieved 0 new tweets on page 1
[2025-06-09 23:07:35] WARNING: Stopping pagination as we've reached the stop point
[2025-06-09 23:07:35] WARNING: Retrieved a total of 0 tweets across 1 pages
[2025-06-09 23:07:35] WARNING: No new tweets found with trust commands. Exiting without error.
[2025-06-09 23:07:35] WARNING: Collection complete!
[2025-06-09 23:07:35] WARNING: - 0 trust assignments processed
[2025-06-09 23:07:35] WARNING: - 2 users in trust network
[2025-06-09 23:07:35] WARNING: - 31 total trust relationships
[2025-06-09 23:17:33] WARNING: === Starting Twitter Trust System Collection ===
[2025-06-09 23:17:33] WARNING: Will collect tweets until reaching previous timestamp: 2025-05-12 06:54:05+00:00
[2025-06-09 23:17:33] WARNING: Retrieving page 1...
[2025-06-09 23:17:36] WARNING: Newest tweet is from: 2025-05-12 06:54:05+00:00
[2025-06-09 23:17:36] WARNING: Reached stop point at tweet from 2025-05-12 06:54:05+00:00
[2025-06-09 23:17:36] WARNING: Retrieved 0 new tweets on page 1
[2025-06-09 23:17:36] WARNING: Stopping pagination as we've reached the stop point
[2025-06-09 23:17:36] WARNING: Retrieved a total of 0 tweets across 1 pages
[2025-06-09 23:17:36] WARNING: No new tweets found with trust commands. Exiting without error.
[2025-06-09 23:17:36] WARNING: Collection complete!
[2025-06-09 23:17:36] WARNING: - 0 trust assignments processed
[2025-06-09 23:17:36] WARNING: - 2 users in trust network
[2025-06-09 23:17:36] WARNING: - 31 total trust relationships
[2025-06-09 23:27:33] WARNING: === Starting Twitter Trust System Collection ===
[2025-06-09 23:27:33] WARNING: Will collect tweets until reaching previous timestamp: 2025-05-12 06:54:05+00:00
[2025-06-09 23:27:33] WARNING: Retrieving page 1...
[2025-06-09 23:27:35] WARNING: Newest tweet is from: 2025-05-12 06:54:05+00:00
[2025-06-09 23:27:35] WARNING: Reached stop point at tweet from 2025-05-12 06:54:05+00:00
[2025-06-09 23:27:35] WARNING: Retrieved 0 new tweets on page 1
[2025-06-09 23:27:35] WARNING: Stopping pagination as we've reached the stop point
[2025-06-09 23:27:35] WARNING: Retrieved a total of 0 tweets across 1 pages
[2025-06-09 23:27:35] WARNING: No new tweets found with trust commands. Exiting without error.
[2025-06-09 23:27:35] WARNING: Collection complete!
[2025-06-09 23:27:35] WARNING: - 0 trust assignments processed
[2025-06-09 23:27:35] WARNING: - 2 users in trust network
[2025-06-09 23:27:35] WARNING: - 31 total trust relationships
[2025-06-09 23:37:33] WARNING: === Starting Twitter Trust System Collection ===
[2025-06-09 23:37:33] WARNING: Will collect tweets until reaching previous timestamp: 2025-05-12 06:54:05+00:00
[2025-06-09 23:37:33] WARNING: Retrieving page 1...
[2025-06-09 23:37:36] WARNING: Newest tweet is from: 2025-05-12 06:54:05+00:00
[2025-06-09 23:37:36] WARNING: Reached stop point at tweet from 2025-05-12 06:54:05+00:00
[2025-06-09 23:37:36] WARNING: Retrieved 0 new tweets on page 1
[2025-06-09 23:37:36] WARNING: Stopping pagination as we've reached the stop point
[2025-06-09 23:37:36] WARNING: Retrieved a total of 0 tweets across 1 pages
[2025-06-09 23:37:36] WARNING: No new tweets found with trust commands. Exiting without error.
[2025-06-09 23:37:36] WARNING: Collection complete!
[2025-06-09 23:37:36] WARNING: - 0 trust assignments processed
[2025-06-09 23:37:36] WARNING: - 2 users in trust network
[2025-06-09 23:37:36] WARNING: - 31 total trust relationships
[2025-06-09 23:47:33] WARNING: === Starting Twitter Trust System Collection ===
[2025-06-09 23:47:33] WARNING: Will collect tweets until reaching previous timestamp: 2025-05-12 06:54:05+00:00
[2025-06-09 23:47:33] WARNING: Retrieving page 1...
[2025-06-09 23:47:54] WARNING: Error retrieving page 1: Expecting value: line 1 column 1 (char 0)
[2025-06-09 23:47:54] WARNING: Retrieved a total of 0 tweets across 1 pages
[2025-06-09 23:47:54] WARNING: No new tweets found with trust commands. Exiting without error.
[2025-06-09 23:47:54] WARNING: Collection complete!
[2025-06-09 23:47:54] WARNING: - 0 trust assignments processed
[2025-06-09 23:47:54] WARNING: - 2 users in trust network
[2025-06-09 23:47:54] WARNING: - 31 total trust relationships
[2025-06-09 23:57:33] WARNING: === Starting Twitter Trust System Collection ===
[2025-06-09 23:57:33] WARNING: Will collect tweets until reaching previous timestamp: 2025-05-12 06:54:05+00:00
[2025-06-09 23:57:33] WARNING: Retrieving page 1...
[2025-06-09 23:57:35] WARNING: Newest tweet is from: 2025-05-12 06:54:05+00:00
[2025-06-09 23:57:35] WARNING: Reached stop point at tweet from 2025-05-12 06:54:05+00:00
[2025-06-09 23:57:35] WARNING: Retrieved 0 new tweets on page 1
[2025-06-09 23:57:35] WARNING: Stopping pagination as we've reached the stop point
[2025-06-09 23:57:35] WARNING: Retrieved a total of 0 tweets across 1 pages
[2025-06-09 23:57:35] WARNING: No new tweets found with trust commands. Exiting without error.
[2025-06-09 23:57:35] WARNING: Collection complete!
[2025-06-09 23:57:35] WARNING: - 0 trust assignments processed
[2025-06-09 23:57:35] WARNING: - 2 users in trust network
[2025-06-09 23:57:35] WARNING: - 31 total trust relationships
[2025-06-10 00:07:33] WARNING: === Starting Twitter Trust System Collection ===
[2025-06-10 00:07:33] WARNING: Will collect tweets until reaching previous timestamp: 2025-05-12 06:54:05+00:00
[2025-06-10 00:07:33] WARNING: Retrieving page 1...
[2025-06-10 00:07:35] WARNING: Newest tweet is from: 2025-05-12 06:54:05+00:00
[2025-06-10 00:07:35] WARNING: Reached stop point at tweet from 2025-05-12 06:54:05+00:00
[2025-06-10 00:07:35] WARNING: Retrieved 0 new tweets on page 1
[2025-06-10 00:07:35] WARNING: Stopping pagination as we've reached the stop point
[2025-06-10 00:07:35] WARNING: Retrieved a total of 0 tweets across 1 pages
[2025-06-10 00:07:35] WARNING: No new tweets found with trust commands. Exiting without error.
[2025-06-10 00:07:35] WARNING: Collection complete!
[2025-06-10 00:07:35] WARNING: - 0 trust assignments processed
[2025-06-10 00:07:35] WARNING: - 2 users in trust network
[2025-06-10 00:07:35] WARNING: - 31 total trust relationships
[2025-06-10 00:17:33] WARNING: === Starting Twitter Trust System Collection ===
[2025-06-10 00:17:33] WARNING: Will collect tweets until reaching previous timestamp: 2025-05-12 06:54:05+00:00
[2025-06-10 00:17:33] WARNING: Retrieving page 1...
[2025-06-10 00:17:54] WARNING: Error retrieving page 1: Expecting value: line 1 column 1 (char 0)
[2025-06-10 00:17:54] WARNING: Retrieved a total of 0 tweets across 1 pages
[2025-06-10 00:17:54] WARNING: No new tweets found with trust commands. Exiting without error.
[2025-06-10 00:17:54] WARNING: Collection complete!
[2025-06-10 00:17:54] WARNING: - 0 trust assignments processed
[2025-06-10 00:17:54] WARNING: - 2 users in trust network
[2025-06-10 00:17:54] WARNING: - 31 total trust relationships
[2025-06-10 00:27:33] WARNING: === Starting Twitter Trust System Collection ===
[2025-06-10 00:27:33] WARNING: Will collect tweets until reaching previous timestamp: 2025-05-12 06:54:05+00:00
[2025-06-10 00:27:33] WARNING: Retrieving page 1...
[2025-06-10 00:27:35] WARNING: Newest tweet is from: 2025-05-12 06:54:05+00:00
[2025-06-10 00:27:35] WARNING: Reached stop point at tweet from 2025-05-12 06:54:05+00:00
[2025-06-10 00:27:35] WARNING: Retrieved 0 new tweets on page 1
[2025-06-10 00:27:35] WARNING: Stopping pagination as we've reached the stop point
[2025-06-10 00:27:35] WARNING: Retrieved a total of 0 tweets across 1 pages
[2025-06-10 00:27:35] WARNING: No new tweets found with trust commands. Exiting without error.
[2025-06-10 00:27:35] WARNING: Collection complete!
[2025-06-10 00:27:35] WARNING: - 0 trust assignments processed
[2025-06-10 00:27:35] WARNING: - 2 users in trust network
[2025-06-10 00:27:35] WARNING: - 31 total trust relationships
[2025-06-10 00:37:33] WARNING: === Starting Twitter Trust System Collection ===
[2025-06-10 00:37:33] WARNING: Will collect tweets until reaching previous timestamp: 2025-05-12 06:54:05+00:00
[2025-06-10 00:37:33] WARNING: Retrieving page 1...
[2025-06-10 00:37:37] WARNING: Newest tweet is from: 2025-05-12 06:54:05+00:00
[2025-06-10 00:37:37] WARNING: Reached stop point at tweet from 2025-05-12 06:54:05+00:00
[2025-06-10 00:37:37] WARNING: Retrieved 0 new tweets on page 1
[2025-06-10 00:37:37] WARNING: Stopping pagination as we've reached the stop point
[2025-06-10 00:37:37] WARNING: Retrieved a total of 0 tweets across 1 pages
[2025-06-10 00:37:37] WARNING: No new tweets found with trust commands. Exiting without error.
[2025-06-10 00:37:37] WARNING: Collection complete!
[2025-06-10 00:37:37] WARNING: - 0 trust assignments processed
[2025-06-10 00:37:37] WARNING: - 2 users in trust network
[2025-06-10 00:37:37] WARNING: - 31 total trust relationships
[2025-06-10 00:47:33] WARNING: === Starting Twitter Trust System Collection ===
[2025-06-10 00:47:33] WARNING: Will collect tweets until reaching previous timestamp: 2025-05-12 06:54:05+00:00
[2025-06-10 00:47:33] WARNING: Retrieving page 1...
[2025-06-10 00:47:44] WARNING: Error retrieving page 1: Expecting value: line 1 column 1 (char 0)
[2025-06-10 00:47:44] WARNING: Retrieved a total of 0 tweets across 1 pages
[2025-06-10 00:47:44] WARNING: No new tweets found with trust commands. Exiting without error.
[2025-06-10 00:47:44] WARNING: Collection complete!
[2025-06-10 00:47:44] WARNING: - 0 trust assignments processed
[2025-06-10 00:47:44] WARNING: - 2 users in trust network
[2025-06-10 00:47:44] WARNING: - 31 total trust relationships
[2025-06-10 00:57:33] WARNING: === Starting Twitter Trust System Collection ===
[2025-06-10 00:57:33] WARNING: Will collect tweets until reaching previous timestamp: 2025-05-12 06:54:05+00:00
[2025-06-10 00:57:33] WARNING: Retrieving page 1...
[2025-06-10 00:57:44] WARNING: Newest tweet is from: 2025-05-12 06:54:05+00:00
[2025-06-10 00:57:44] WARNING: Reached stop point at tweet from 2025-05-12 06:54:05+00:00
[2025-06-10 00:57:44] WARNING: Retrieved 0 new tweets on page 1
[2025-06-10 00:57:44] WARNING: Stopping pagination as we've reached the stop point
[2025-06-10 00:57:44] WARNING: Retrieved a total of 0 tweets across 1 pages
[2025-06-10 00:57:44] WARNING: No new tweets found with trust commands. Exiting without error.
[2025-06-10 00:57:44] WARNING: Collection complete!
[2025-06-10 00:57:44] WARNING: - 0 trust assignments processed
[2025-06-10 00:57:44] WARNING: - 2 users in trust network
[2025-06-10 00:57:44] WARNING: - 31 total trust relationships
[2025-06-10 01:07:33] WARNING: === Starting Twitter Trust System Collection ===
[2025-06-10 01:07:33] WARNING: Will collect tweets until reaching previous timestamp: 2025-05-12 06:54:05+00:00
[2025-06-10 01:07:33] WARNING: Retrieving page 1...
[2025-06-10 01:07:36] WARNING: Newest tweet is from: 2025-05-12 06:54:05+00:00
[2025-06-10 01:07:36] WARNING: Reached stop point at tweet from 2025-05-12 06:54:05+00:00
[2025-06-10 01:07:36] WARNING: Retrieved 0 new tweets on page 1
[2025-06-10 01:07:36] WARNING: Stopping pagination as we've reached the stop point
[2025-06-10 01:07:36] WARNING: Retrieved a total of 0 tweets across 1 pages
[2025-06-10 01:07:36] WARNING: No new tweets found with trust commands. Exiting without error.
[2025-06-10 01:07:36] WARNING: Collection complete!
[2025-06-10 01:07:36] WARNING: - 0 trust assignments processed
[2025-06-10 01:07:36] WARNING: - 2 users in trust network
[2025-06-10 01:07:36] WARNING: - 31 total trust relationships
[2025-06-10 01:17:33] WARNING: === Starting Twitter Trust System Collection ===
[2025-06-10 01:17:33] WARNING: Will collect tweets until reaching previous timestamp: 2025-05-12 06:54:05+00:00
[2025-06-10 01:17:33] WARNING: Retrieving page 1...
[2025-06-10 01:17:35] WARNING: Newest tweet is from: 2025-05-12 06:54:05+00:00
[2025-06-10 01:17:35] WARNING: Reached stop point at tweet from 2025-05-12 06:54:05+00:00
[2025-06-10 01:17:35] WARNING: Retrieved 0 new tweets on page 1
[2025-06-10 01:17:35] WARNING: Stopping pagination as we've reached the stop point
[2025-06-10 01:17:35] WARNING: Retrieved a total of 0 tweets across 1 pages
[2025-06-10 01:17:35] WARNING: No new tweets found with trust commands. Exiting without error.
[2025-06-10 01:17:35] WARNING: Collection complete!
[2025-06-10 01:17:35] WARNING: - 0 trust assignments processed
[2025-06-10 01:17:35] WARNING: - 2 users in trust network
[2025-06-10 01:17:35] WARNING: - 31 total trust relationships
[2025-06-10 01:27:33] WARNING: === Starting Twitter Trust System Collection ===
[2025-06-10 01:27:33] WARNING: Will collect tweets until reaching previous timestamp: 2025-05-12 06:54:05+00:00
[2025-06-10 01:27:33] WARNING: Retrieving page 1...
[2025-06-10 01:27:35] WARNING: Newest tweet is from: 2025-05-12 06:54:05+00:00
[2025-06-10 01:27:35] WARNING: Reached stop point at tweet from 2025-05-12 06:54:05+00:00
[2025-06-10 01:27:35] WARNING: Retrieved 0 new tweets on page 1
[2025-06-10 01:27:35] WARNING: Stopping pagination as we've reached the stop point
[2025-06-10 01:27:35] WARNING: Retrieved a total of 0 tweets across 1 pages
[2025-06-10 01:27:35] WARNING: No new tweets found with trust commands. Exiting without error.
[2025-06-10 01:27:35] WARNING: Collection complete!
[2025-06-10 01:27:35] WARNING: - 0 trust assignments processed
[2025-06-10 01:27:35] WARNING: - 2 users in trust network
[2025-06-10 01:27:35] WARNING: - 31 total trust relationships
[2025-06-10 01:37:34] WARNING: === Starting Twitter Trust System Collection ===
[2025-06-10 01:37:34] WARNING: Will collect tweets until reaching previous timestamp: 2025-05-12 06:54:05+00:00
[2025-06-10 01:37:34] WARNING: Retrieving page 1...
[2025-06-10 01:37:35] WARNING: Newest tweet is from: 2025-05-12 06:54:05+00:00
[2025-06-10 01:37:35] WARNING: Reached stop point at tweet from 2025-05-12 06:54:05+00:00
[2025-06-10 01:37:35] WARNING: Retrieved 0 new tweets on page 1
[2025-06-10 01:37:35] WARNING: Stopping pagination as we've reached the stop point
[2025-06-10 01:37:35] WARNING: Retrieved a total of 0 tweets across 1 pages
[2025-06-10 01:37:35] WARNING: No new tweets found with trust commands. Exiting without error.
[2025-06-10 01:37:35] WARNING: Collection complete!
[2025-06-10 01:37:35] WARNING: - 0 trust assignments processed
[2025-06-10 01:37:35] WARNING: - 2 users in trust network
[2025-06-10 01:37:35] WARNING: - 31 total trust relationships
[2025-06-10 01:47:33] WARNING: === Starting Twitter Trust System Collection ===
[2025-06-10 01:47:33] WARNING: Will collect tweets until reaching previous timestamp: 2025-05-12 06:54:05+00:00
[2025-06-10 01:47:33] WARNING: Retrieving page 1...
[2025-06-10 01:47:36] WARNING: Newest tweet is from: 2025-05-12 06:54:05+00:00
[2025-06-10 01:47:36] WARNING: Reached stop point at tweet from 2025-05-12 06:54:05+00:00
[2025-06-10 01:47:36] WARNING: Retrieved 0 new tweets on page 1
[2025-06-10 01:47:36] WARNING: Stopping pagination as we've reached the stop point
[2025-06-10 01:47:36] WARNING: Retrieved a total of 0 tweets across 1 pages
[2025-06-10 01:47:36] WARNING: No new tweets found with trust commands. Exiting without error.
[2025-06-10 01:47:36] WARNING: Collection complete!
[2025-06-10 01:47:36] WARNING: - 0 trust assignments processed
[2025-06-10 01:47:36] WARNING: - 2 users in trust network
[2025-06-10 01:47:36] WARNING: - 31 total trust relationships
