[2025-06-09 13:07:36] WARNING: Reached stop point at tweet from 2025-05-12 06:54:05+00:00
[2025-06-09 13:07:36] WARNING: Retrieved 0 new tweets on page 1
[2025-06-09 13:07:36] WARNING: Stopping pagination as we've reached the stop point
[2025-06-09 13:07:36] WARNING: Retrieved a total of 0 tweets across 1 pages
[2025-06-09 13:07:36] WARNING: No new tweets found with trust commands. Exiting without error.
[2025-06-09 13:07:36] WARNING: Collection complete!
[2025-06-09 13:07:36] WARNING: - 0 trust assignments processed
[2025-06-09 13:07:36] WARNING: - 2 users in trust network
[2025-06-09 13:07:36] WARNING: - 31 total trust relationships
[2025-06-09 13:17:32] WARNING: === Starting Twitter Trust System Collection ===
[2025-06-09 13:17:32] WARNING: Will collect tweets until reaching previous timestamp: 2025-05-12 06:54:05+00:00
[2025-06-09 13:17:32] WARNING: Retrieving page 1...
[2025-06-09 13:17:34] WARNING: Newest tweet is from: 2025-05-12 06:54:05+00:00
[2025-06-09 13:17:34] WARNING: Reached stop point at tweet from 2025-05-12 06:54:05+00:00
[2025-06-09 13:17:34] WARNING: Retrieved 0 new tweets on page 1
[2025-06-09 13:17:34] WARNING: Stopping pagination as we've reached the stop point
[2025-06-09 13:17:34] WARNING: Retrieved a total of 0 tweets across 1 pages
[2025-06-09 13:17:34] WARNING: No new tweets found with trust commands. Exiting without error.
[2025-06-09 13:17:34] WARNING: Collection complete!
[2025-06-09 13:17:34] WARNING: - 0 trust assignments processed
[2025-06-09 13:17:34] WARNING: - 2 users in trust network
[2025-06-09 13:17:34] WARNING: - 31 total trust relationships
[2025-06-09 13:27:32] WARNING: === Starting Twitter Trust System Collection ===
[2025-06-09 13:27:32] WARNING: Will collect tweets until reaching previous timestamp: 2025-05-12 06:54:05+00:00
[2025-06-09 13:27:32] WARNING: Retrieving page 1...
[2025-06-09 13:27:34] WARNING: Newest tweet is from: 2025-05-12 06:54:05+00:00
[2025-06-09 13:27:34] WARNING: Reached stop point at tweet from 2025-05-12 06:54:05+00:00
[2025-06-09 13:27:34] WARNING: Retrieved 0 new tweets on page 1
[2025-06-09 13:27:34] WARNING: Stopping pagination as we've reached the stop point
[2025-06-09 13:27:34] WARNING: Retrieved a total of 0 tweets across 1 pages
[2025-06-09 13:27:34] WARNING: No new tweets found with trust commands. Exiting without error.
[2025-06-09 13:27:34] WARNING: Collection complete!
[2025-06-09 13:27:34] WARNING: - 0 trust assignments processed
[2025-06-09 13:27:34] WARNING: - 2 users in trust network
[2025-06-09 13:27:34] WARNING: - 31 total trust relationships
[2025-06-09 13:37:32] WARNING: === Starting Twitter Trust System Collection ===
[2025-06-09 13:37:32] WARNING: Will collect tweets until reaching previous timestamp: 2025-05-12 06:54:05+00:00
[2025-06-09 13:37:32] WARNING: Retrieving page 1...
[2025-06-09 13:37:34] WARNING: Newest tweet is from: 2025-05-12 06:54:05+00:00
[2025-06-09 13:37:34] WARNING: Reached stop point at tweet from 2025-05-12 06:54:05+00:00
[2025-06-09 13:37:34] WARNING: Retrieved 0 new tweets on page 1
[2025-06-09 13:37:34] WARNING: Stopping pagination as we've reached the stop point
[2025-06-09 13:37:34] WARNING: Retrieved a total of 0 tweets across 1 pages
[2025-06-09 13:37:34] WARNING: No new tweets found with trust commands. Exiting without error.
[2025-06-09 13:37:34] WARNING: Collection complete!
[2025-06-09 13:37:34] WARNING: - 0 trust assignments processed
[2025-06-09 13:37:34] WARNING: - 2 users in trust network
[2025-06-09 13:37:34] WARNING: - 31 total trust relationships
[2025-06-09 13:47:33] WARNING: === Starting Twitter Trust System Collection ===
[2025-06-09 13:47:33] WARNING: Will collect tweets until reaching previous timestamp: 2025-05-12 06:54:05+00:00
[2025-06-09 13:47:33] WARNING: Retrieving page 1...
[2025-06-09 13:47:35] WARNING: Newest tweet is from: 2025-05-12 06:54:05+00:00
[2025-06-09 13:47:35] WARNING: Reached stop point at tweet from 2025-05-12 06:54:05+00:00
[2025-06-09 13:47:35] WARNING: Retrieved 0 new tweets on page 1
[2025-06-09 13:47:35] WARNING: Stopping pagination as we've reached the stop point
[2025-06-09 13:47:35] WARNING: Retrieved a total of 0 tweets across 1 pages
[2025-06-09 13:47:35] WARNING: No new tweets found with trust commands. Exiting without error.
[2025-06-09 13:47:35] WARNING: Collection complete!
[2025-06-09 13:47:35] WARNING: - 0 trust assignments processed
[2025-06-09 13:47:35] WARNING: - 2 users in trust network
[2025-06-09 13:47:35] WARNING: - 31 total trust relationships
[2025-06-09 13:57:35] WARNING: === Starting Twitter Trust System Collection ===
[2025-06-09 13:57:35] WARNING: Will collect tweets until reaching previous timestamp: 2025-05-12 06:54:05+00:00
[2025-06-09 13:57:35] WARNING: Retrieving page 1...
[2025-06-09 13:57:37] WARNING: Newest tweet is from: 2025-05-12 06:54:05+00:00
[2025-06-09 13:57:37] WARNING: Reached stop point at tweet from 2025-05-12 06:54:05+00:00
[2025-06-09 13:57:37] WARNING: Retrieved 0 new tweets on page 1
[2025-06-09 13:57:37] WARNING: Stopping pagination as we've reached the stop point
[2025-06-09 13:57:37] WARNING: Retrieved a total of 0 tweets across 1 pages
[2025-06-09 13:57:37] WARNING: No new tweets found with trust commands. Exiting without error.
[2025-06-09 13:57:37] WARNING: Collection complete!
[2025-06-09 13:57:37] WARNING: - 0 trust assignments processed
[2025-06-09 13:57:37] WARNING: - 2 users in trust network
[2025-06-09 13:57:37] WARNING: - 31 total trust relationships
[2025-06-09 14:07:37] WARNING: === Starting Twitter Trust System Collection ===
[2025-06-09 14:07:37] WARNING: Will collect tweets until reaching previous timestamp: 2025-05-12 06:54:05+00:00
[2025-06-09 14:07:37] WARNING: Retrieving page 1...
[2025-06-09 14:07:38] WARNING: Newest tweet is from: 2025-05-12 06:54:05+00:00
[2025-06-09 14:07:38] WARNING: Reached stop point at tweet from 2025-05-12 06:54:05+00:00
[2025-06-09 14:07:38] WARNING: Retrieved 0 new tweets on page 1
[2025-06-09 14:07:38] WARNING: Stopping pagination as we've reached the stop point
[2025-06-09 14:07:38] WARNING: Retrieved a total of 0 tweets across 1 pages
[2025-06-09 14:07:38] WARNING: No new tweets found with trust commands. Exiting without error.
[2025-06-09 14:07:38] WARNING: Collection complete!
[2025-06-09 14:07:38] WARNING: - 0 trust assignments processed
[2025-06-09 14:07:38] WARNING: - 2 users in trust network
[2025-06-09 14:07:38] WARNING: - 31 total trust relationships
[2025-06-09 14:17:33] WARNING: === Starting Twitter Trust System Collection ===
[2025-06-09 14:17:33] WARNING: Will collect tweets until reaching previous timestamp: 2025-05-12 06:54:05+00:00
[2025-06-09 14:17:33] WARNING: Retrieving page 1...
[2025-06-09 14:17:34] WARNING: Newest tweet is from: 2025-05-12 06:54:05+00:00
[2025-06-09 14:17:34] WARNING: Reached stop point at tweet from 2025-05-12 06:54:05+00:00
[2025-06-09 14:17:34] WARNING: Retrieved 0 new tweets on page 1
[2025-06-09 14:17:34] WARNING: Stopping pagination as we've reached the stop point
[2025-06-09 14:17:34] WARNING: Retrieved a total of 0 tweets across 1 pages
[2025-06-09 14:17:34] WARNING: No new tweets found with trust commands. Exiting without error.
[2025-06-09 14:17:34] WARNING: Collection complete!
[2025-06-09 14:17:34] WARNING: - 0 trust assignments processed
[2025-06-09 14:17:34] WARNING: - 2 users in trust network
[2025-06-09 14:17:34] WARNING: - 31 total trust relationships
[2025-06-09 14:27:33] WARNING: === Starting Twitter Trust System Collection ===
[2025-06-09 14:27:33] WARNING: Will collect tweets until reaching previous timestamp: 2025-05-12 06:54:05+00:00
[2025-06-09 14:27:33] WARNING: Retrieving page 1...
[2025-06-09 14:27:34] WARNING: Newest tweet is from: 2025-05-12 06:54:05+00:00
[2025-06-09 14:27:34] WARNING: Reached stop point at tweet from 2025-05-12 06:54:05+00:00
[2025-06-09 14:27:34] WARNING: Retrieved 0 new tweets on page 1
[2025-06-09 14:27:34] WARNING: Stopping pagination as we've reached the stop point
[2025-06-09 14:27:34] WARNING: Retrieved a total of 0 tweets across 1 pages
[2025-06-09 14:27:34] WARNING: No new tweets found with trust commands. Exiting without error.
[2025-06-09 14:27:34] WARNING: Collection complete!
[2025-06-09 14:27:34] WARNING: - 0 trust assignments processed
[2025-06-09 14:27:34] WARNING: - 2 users in trust network
[2025-06-09 14:27:34] WARNING: - 31 total trust relationships
[2025-06-09 14:37:32] WARNING: === Starting Twitter Trust System Collection ===
[2025-06-09 14:37:32] WARNING: Will collect tweets until reaching previous timestamp: 2025-05-12 06:54:05+00:00
[2025-06-09 14:37:32] WARNING: Retrieving page 1...
[2025-06-09 14:37:36] WARNING: Newest tweet is from: 2025-05-12 06:54:05+00:00
[2025-06-09 14:37:36] WARNING: Reached stop point at tweet from 2025-05-12 06:54:05+00:00
[2025-06-09 14:37:36] WARNING: Retrieved 0 new tweets on page 1
[2025-06-09 14:37:36] WARNING: Stopping pagination as we've reached the stop point
[2025-06-09 14:37:36] WARNING: Retrieved a total of 0 tweets across 1 pages
[2025-06-09 14:37:36] WARNING: No new tweets found with trust commands. Exiting without error.
[2025-06-09 14:37:36] WARNING: Collection complete!
[2025-06-09 14:37:36] WARNING: - 0 trust assignments processed
[2025-06-09 14:37:36] WARNING: - 2 users in trust network
[2025-06-09 14:37:36] WARNING: - 31 total trust relationships
[2025-06-09 14:47:32] WARNING: === Starting Twitter Trust System Collection ===
[2025-06-09 14:47:32] WARNING: Will collect tweets until reaching previous timestamp: 2025-05-12 06:54:05+00:00
[2025-06-09 14:47:32] WARNING: Retrieving page 1...
[2025-06-09 14:47:37] WARNING: Newest tweet is from: 2025-05-12 06:54:05+00:00
[2025-06-09 14:47:37] WARNING: Reached stop point at tweet from 2025-05-12 06:54:05+00:00
[2025-06-09 14:47:37] WARNING: Retrieved 0 new tweets on page 1
[2025-06-09 14:47:37] WARNING: Stopping pagination as we've reached the stop point
[2025-06-09 14:47:37] WARNING: Retrieved a total of 0 tweets across 1 pages
[2025-06-09 14:47:37] WARNING: No new tweets found with trust commands. Exiting without error.
[2025-06-09 14:47:37] WARNING: Collection complete!
[2025-06-09 14:47:37] WARNING: - 0 trust assignments processed
[2025-06-09 14:47:37] WARNING: - 2 users in trust network
[2025-06-09 14:47:37] WARNING: - 31 total trust relationships
[2025-06-09 14:57:32] WARNING: === Starting Twitter Trust System Collection ===
[2025-06-09 14:57:32] WARNING: Will collect tweets until reaching previous timestamp: 2025-05-12 06:54:05+00:00
[2025-06-09 14:57:32] WARNING: Retrieving page 1...
[2025-06-09 14:57:34] WARNING: Newest tweet is from: 2025-05-12 06:54:05+00:00
[2025-06-09 14:57:34] WARNING: Reached stop point at tweet from 2025-05-12 06:54:05+00:00
[2025-06-09 14:57:34] WARNING: Retrieved 0 new tweets on page 1
[2025-06-09 14:57:34] WARNING: Stopping pagination as we've reached the stop point
[2025-06-09 14:57:34] WARNING: Retrieved a total of 0 tweets across 1 pages
[2025-06-09 14:57:34] WARNING: No new tweets found with trust commands. Exiting without error.
[2025-06-09 14:57:34] WARNING: Collection complete!
[2025-06-09 14:57:34] WARNING: - 0 trust assignments processed
[2025-06-09 14:57:34] WARNING: - 2 users in trust network
[2025-06-09 14:57:34] WARNING: - 31 total trust relationships
[2025-06-09 15:07:33] WARNING: === Starting Twitter Trust System Collection ===
[2025-06-09 15:07:33] WARNING: Will collect tweets until reaching previous timestamp: 2025-05-12 06:54:05+00:00
[2025-06-09 15:07:33] WARNING: Retrieving page 1...
[2025-06-09 15:07:35] WARNING: Newest tweet is from: 2025-05-12 06:54:05+00:00
[2025-06-09 15:07:35] WARNING: Reached stop point at tweet from 2025-05-12 06:54:05+00:00
[2025-06-09 15:07:35] WARNING: Retrieved 0 new tweets on page 1
[2025-06-09 15:07:35] WARNING: Stopping pagination as we've reached the stop point
[2025-06-09 15:07:35] WARNING: Retrieved a total of 0 tweets across 1 pages
[2025-06-09 15:07:35] WARNING: No new tweets found with trust commands. Exiting without error.
[2025-06-09 15:07:35] WARNING: Collection complete!
[2025-06-09 15:07:35] WARNING: - 0 trust assignments processed
[2025-06-09 15:07:35] WARNING: - 2 users in trust network
[2025-06-09 15:07:35] WARNING: - 31 total trust relationships
[2025-06-09 15:17:33] WARNING: === Starting Twitter Trust System Collection ===
[2025-06-09 15:17:33] WARNING: Will collect tweets until reaching previous timestamp: 2025-05-12 06:54:05+00:00
[2025-06-09 15:17:33] WARNING: Retrieving page 1...
[2025-06-09 15:17:40] WARNING: Newest tweet is from: 2025-05-12 06:54:05+00:00
[2025-06-09 15:17:40] WARNING: Reached stop point at tweet from 2025-05-12 06:54:05+00:00
[2025-06-09 15:17:40] WARNING: Retrieved 0 new tweets on page 1
[2025-06-09 15:17:40] WARNING: Stopping pagination as we've reached the stop point
[2025-06-09 15:17:40] WARNING: Retrieved a total of 0 tweets across 1 pages
[2025-06-09 15:17:40] WARNING: No new tweets found with trust commands. Exiting without error.
[2025-06-09 15:17:40] WARNING: Collection complete!
[2025-06-09 15:17:40] WARNING: - 0 trust assignments processed
[2025-06-09 15:17:40] WARNING: - 2 users in trust network
[2025-06-09 15:17:40] WARNING: - 31 total trust relationships
[2025-06-09 15:27:32] WARNING: === Starting Twitter Trust System Collection ===
[2025-06-09 15:27:32] WARNING: Will collect tweets until reaching previous timestamp: 2025-05-12 06:54:05+00:00
[2025-06-09 15:27:32] WARNING: Retrieving page 1...
[2025-06-09 15:27:35] WARNING: Newest tweet is from: 2025-05-12 06:54:05+00:00
[2025-06-09 15:27:35] WARNING: Reached stop point at tweet from 2025-05-12 06:54:05+00:00
[2025-06-09 15:27:35] WARNING: Retrieved 0 new tweets on page 1
[2025-06-09 15:27:35] WARNING: Stopping pagination as we've reached the stop point
[2025-06-09 15:27:35] WARNING: Retrieved a total of 0 tweets across 1 pages
[2025-06-09 15:27:35] WARNING: No new tweets found with trust commands. Exiting without error.
[2025-06-09 15:27:35] WARNING: Collection complete!
[2025-06-09 15:27:35] WARNING: - 0 trust assignments processed
[2025-06-09 15:27:35] WARNING: - 2 users in trust network
[2025-06-09 15:27:35] WARNING: - 31 total trust relationships
[2025-06-09 15:37:33] WARNING: === Starting Twitter Trust System Collection ===
[2025-06-09 15:37:33] WARNING: Will collect tweets until reaching previous timestamp: 2025-05-12 06:54:05+00:00
[2025-06-09 15:37:33] WARNING: Retrieving page 1...
[2025-06-09 15:37:35] WARNING: Newest tweet is from: 2025-05-12 06:54:05+00:00
[2025-06-09 15:37:35] WARNING: Reached stop point at tweet from 2025-05-12 06:54:05+00:00
[2025-06-09 15:37:35] WARNING: Retrieved 0 new tweets on page 1
[2025-06-09 15:37:35] WARNING: Stopping pagination as we've reached the stop point
[2025-06-09 15:37:35] WARNING: Retrieved a total of 0 tweets across 1 pages
[2025-06-09 15:37:35] WARNING: No new tweets found with trust commands. Exiting without error.
[2025-06-09 15:37:35] WARNING: Collection complete!
[2025-06-09 15:37:35] WARNING: - 0 trust assignments processed
[2025-06-09 15:37:35] WARNING: - 2 users in trust network
[2025-06-09 15:37:35] WARNING: - 31 total trust relationships
[2025-06-09 15:47:33] WARNING: === Starting Twitter Trust System Collection ===
[2025-06-09 15:47:33] WARNING: Will collect tweets until reaching previous timestamp: 2025-05-12 06:54:05+00:00
[2025-06-09 15:47:33] WARNING: Retrieving page 1...
[2025-06-09 15:47:35] WARNING: Newest tweet is from: 2025-05-12 06:54:05+00:00
[2025-06-09 15:47:35] WARNING: Reached stop point at tweet from 2025-05-12 06:54:05+00:00
[2025-06-09 15:47:35] WARNING: Retrieved 0 new tweets on page 1
[2025-06-09 15:47:35] WARNING: Stopping pagination as we've reached the stop point
[2025-06-09 15:47:35] WARNING: Retrieved a total of 0 tweets across 1 pages
[2025-06-09 15:47:35] WARNING: No new tweets found with trust commands. Exiting without error.
[2025-06-09 15:47:35] WARNING: Collection complete!
[2025-06-09 15:47:35] WARNING: - 0 trust assignments processed
[2025-06-09 15:47:35] WARNING: - 2 users in trust network
[2025-06-09 15:47:35] WARNING: - 31 total trust relationships
[2025-06-09 15:57:33] WARNING: === Starting Twitter Trust System Collection ===
[2025-06-09 15:57:33] WARNING: Will collect tweets until reaching previous timestamp: 2025-05-12 06:54:05+00:00
[2025-06-09 15:57:33] WARNING: Retrieving page 1...
[2025-06-09 15:57:34] WARNING: Newest tweet is from: 2025-05-12 06:54:05+00:00
[2025-06-09 15:57:34] WARNING: Reached stop point at tweet from 2025-05-12 06:54:05+00:00
[2025-06-09 15:57:34] WARNING: Retrieved 0 new tweets on page 1
[2025-06-09 15:57:34] WARNING: Stopping pagination as we've reached the stop point
[2025-06-09 15:57:34] WARNING: Retrieved a total of 0 tweets across 1 pages
[2025-06-09 15:57:34] WARNING: No new tweets found with trust commands. Exiting without error.
[2025-06-09 15:57:34] WARNING: Collection complete!
[2025-06-09 15:57:34] WARNING: - 0 trust assignments processed
[2025-06-09 15:57:34] WARNING: - 2 users in trust network
[2025-06-09 15:57:34] WARNING: - 31 total trust relationships
[2025-06-09 16:07:33] WARNING: === Starting Twitter Trust System Collection ===
[2025-06-09 16:07:33] WARNING: Will collect tweets until reaching previous timestamp: 2025-05-12 06:54:05+00:00
[2025-06-09 16:07:33] WARNING: Retrieving page 1...
[2025-06-09 16:07:34] WARNING: Newest tweet is from: 2025-05-12 06:54:05+00:00
[2025-06-09 16:07:34] WARNING: Reached stop point at tweet from 2025-05-12 06:54:05+00:00
[2025-06-09 16:07:34] WARNING: Retrieved 0 new tweets on page 1
[2025-06-09 16:07:34] WARNING: Stopping pagination as we've reached the stop point
[2025-06-09 16:07:34] WARNING: Retrieved a total of 0 tweets across 1 pages
[2025-06-09 16:07:34] WARNING: No new tweets found with trust commands. Exiting without error.
[2025-06-09 16:07:34] WARNING: Collection complete!
[2025-06-09 16:07:34] WARNING: - 0 trust assignments processed
[2025-06-09 16:07:34] WARNING: - 2 users in trust network
[2025-06-09 16:07:34] WARNING: - 31 total trust relationships
[2025-06-09 16:17:33] WARNING: === Starting Twitter Trust System Collection ===
[2025-06-09 16:17:33] WARNING: Will collect tweets until reaching previous timestamp: 2025-05-12 06:54:05+00:00
[2025-06-09 16:17:33] WARNING: Retrieving page 1...
[2025-06-09 16:17:34] WARNING: Newest tweet is from: 2025-05-12 06:54:05+00:00
[2025-06-09 16:17:34] WARNING: Reached stop point at tweet from 2025-05-12 06:54:05+00:00
[2025-06-09 16:17:34] WARNING: Retrieved 0 new tweets on page 1
[2025-06-09 16:17:34] WARNING: Stopping pagination as we've reached the stop point
[2025-06-09 16:17:34] WARNING: Retrieved a total of 0 tweets across 1 pages
[2025-06-09 16:17:34] WARNING: No new tweets found with trust commands. Exiting without error.
[2025-06-09 16:17:34] WARNING: Collection complete!
[2025-06-09 16:17:34] WARNING: - 0 trust assignments processed
[2025-06-09 16:17:34] WARNING: - 2 users in trust network
[2025-06-09 16:17:34] WARNING: - 31 total trust relationships
[2025-06-09 16:27:33] WARNING: === Starting Twitter Trust System Collection ===
[2025-06-09 16:27:33] WARNING: Will collect tweets until reaching previous timestamp: 2025-05-12 06:54:05+00:00
[2025-06-09 16:27:33] WARNING: Retrieving page 1...
[2025-06-09 16:27:35] WARNING: Newest tweet is from: 2025-05-12 06:54:05+00:00
[2025-06-09 16:27:35] WARNING: Reached stop point at tweet from 2025-05-12 06:54:05+00:00
[2025-06-09 16:27:35] WARNING: Retrieved 0 new tweets on page 1
[2025-06-09 16:27:35] WARNING: Stopping pagination as we've reached the stop point
[2025-06-09 16:27:35] WARNING: Retrieved a total of 0 tweets across 1 pages
[2025-06-09 16:27:35] WARNING: No new tweets found with trust commands. Exiting without error.
[2025-06-09 16:27:35] WARNING: Collection complete!
[2025-06-09 16:27:35] WARNING: - 0 trust assignments processed
[2025-06-09 16:27:35] WARNING: - 2 users in trust network
[2025-06-09 16:27:35] WARNING: - 31 total trust relationships
[2025-06-09 16:37:33] WARNING: === Starting Twitter Trust System Collection ===
[2025-06-09 16:37:33] WARNING: Will collect tweets until reaching previous timestamp: 2025-05-12 06:54:05+00:00
[2025-06-09 16:37:33] WARNING: Retrieving page 1...
[2025-06-09 16:37:35] WARNING: Newest tweet is from: 2025-05-12 06:54:05+00:00
[2025-06-09 16:37:35] WARNING: Reached stop point at tweet from 2025-05-12 06:54:05+00:00
[2025-06-09 16:37:35] WARNING: Retrieved 0 new tweets on page 1
[2025-06-09 16:37:35] WARNING: Stopping pagination as we've reached the stop point
[2025-06-09 16:37:35] WARNING: Retrieved a total of 0 tweets across 1 pages
[2025-06-09 16:37:35] WARNING: No new tweets found with trust commands. Exiting without error.
[2025-06-09 16:37:35] WARNING: Collection complete!
[2025-06-09 16:37:35] WARNING: - 0 trust assignments processed
[2025-06-09 16:37:35] WARNING: - 2 users in trust network
[2025-06-09 16:37:35] WARNING: - 31 total trust relationships
[2025-06-09 16:47:33] WARNING: === Starting Twitter Trust System Collection ===
[2025-06-09 16:47:33] WARNING: Will collect tweets until reaching previous timestamp: 2025-05-12 06:54:05+00:00
[2025-06-09 16:47:33] WARNING: Retrieving page 1...
[2025-06-09 16:47:34] WARNING: Newest tweet is from: 2025-05-12 06:54:05+00:00
[2025-06-09 16:47:34] WARNING: Reached stop point at tweet from 2025-05-12 06:54:05+00:00
[2025-06-09 16:47:34] WARNING: Retrieved 0 new tweets on page 1
[2025-06-09 16:47:34] WARNING: Stopping pagination as we've reached the stop point
[2025-06-09 16:47:34] WARNING: Retrieved a total of 0 tweets across 1 pages
[2025-06-09 16:47:34] WARNING: No new tweets found with trust commands. Exiting without error.
[2025-06-09 16:47:34] WARNING: Collection complete!
[2025-06-09 16:47:34] WARNING: - 0 trust assignments processed
[2025-06-09 16:47:34] WARNING: - 2 users in trust network
[2025-06-09 16:47:34] WARNING: - 31 total trust relationships
[2025-06-09 16:57:33] WARNING: === Starting Twitter Trust System Collection ===
[2025-06-09 16:57:33] WARNING: Will collect tweets until reaching previous timestamp: 2025-05-12 06:54:05+00:00
[2025-06-09 16:57:33] WARNING: Retrieving page 1...
[2025-06-09 16:57:36] WARNING: Newest tweet is from: 2025-05-12 06:54:05+00:00
[2025-06-09 16:57:36] WARNING: Reached stop point at tweet from 2025-05-12 06:54:05+00:00
[2025-06-09 16:57:36] WARNING: Retrieved 0 new tweets on page 1
[2025-06-09 16:57:36] WARNING: Stopping pagination as we've reached the stop point
[2025-06-09 16:57:36] WARNING: Retrieved a total of 0 tweets across 1 pages
[2025-06-09 16:57:36] WARNING: No new tweets found with trust commands. Exiting without error.
[2025-06-09 16:57:36] WARNING: Collection complete!
[2025-06-09 16:57:36] WARNING: - 0 trust assignments processed
[2025-06-09 16:57:36] WARNING: - 2 users in trust network
[2025-06-09 16:57:36] WARNING: - 31 total trust relationships
[2025-06-09 17:07:33] WARNING: === Starting Twitter Trust System Collection ===
[2025-06-09 17:07:33] WARNING: Will collect tweets until reaching previous timestamp: 2025-05-12 06:54:05+00:00
[2025-06-09 17:07:33] WARNING: Retrieving page 1...
[2025-06-09 17:07:35] WARNING: Newest tweet is from: 2025-05-12 06:54:05+00:00
[2025-06-09 17:07:35] WARNING: Reached stop point at tweet from 2025-05-12 06:54:05+00:00
[2025-06-09 17:07:35] WARNING: Retrieved 0 new tweets on page 1
[2025-06-09 17:07:35] WARNING: Stopping pagination as we've reached the stop point
[2025-06-09 17:07:35] WARNING: Retrieved a total of 0 tweets across 1 pages
[2025-06-09 17:07:35] WARNING: No new tweets found with trust commands. Exiting without error.
[2025-06-09 17:07:35] WARNING: Collection complete!
[2025-06-09 17:07:35] WARNING: - 0 trust assignments processed
[2025-06-09 17:07:35] WARNING: - 2 users in trust network
[2025-06-09 17:07:35] WARNING: - 31 total trust relationships
[2025-06-09 17:17:33] WARNING: === Starting Twitter Trust System Collection ===
[2025-06-09 17:17:33] WARNING: Will collect tweets until reaching previous timestamp: 2025-05-12 06:54:05+00:00
[2025-06-09 17:17:33] WARNING: Retrieving page 1...
[2025-06-09 17:17:36] WARNING: Newest tweet is from: 2025-05-12 06:54:05+00:00
[2025-06-09 17:17:36] WARNING: Reached stop point at tweet from 2025-05-12 06:54:05+00:00
[2025-06-09 17:17:36] WARNING: Retrieved 0 new tweets on page 1
[2025-06-09 17:17:36] WARNING: Stopping pagination as we've reached the stop point
[2025-06-09 17:17:36] WARNING: Retrieved a total of 0 tweets across 1 pages
[2025-06-09 17:17:36] WARNING: No new tweets found with trust commands. Exiting without error.
[2025-06-09 17:17:36] WARNING: Collection complete!
[2025-06-09 17:17:36] WARNING: - 0 trust assignments processed
[2025-06-09 17:17:36] WARNING: - 2 users in trust network
[2025-06-09 17:17:36] WARNING: - 31 total trust relationships
[2025-06-09 17:27:33] WARNING: === Starting Twitter Trust System Collection ===
[2025-06-09 17:27:33] WARNING: Will collect tweets until reaching previous timestamp: 2025-05-12 06:54:05+00:00
[2025-06-09 17:27:33] WARNING: Retrieving page 1...
[2025-06-09 17:27:34] WARNING: Newest tweet is from: 2025-05-12 06:54:05+00:00
[2025-06-09 17:27:34] WARNING: Reached stop point at tweet from 2025-05-12 06:54:05+00:00
[2025-06-09 17:27:34] WARNING: Retrieved 0 new tweets on page 1
[2025-06-09 17:27:34] WARNING: Stopping pagination as we've reached the stop point
[2025-06-09 17:27:34] WARNING: Retrieved a total of 0 tweets across 1 pages
[2025-06-09 17:27:34] WARNING: No new tweets found with trust commands. Exiting without error.
[2025-06-09 17:27:34] WARNING: Collection complete!
[2025-06-09 17:27:34] WARNING: - 0 trust assignments processed
[2025-06-09 17:27:34] WARNING: - 2 users in trust network
[2025-06-09 17:27:34] WARNING: - 31 total trust relationships
[2025-06-09 17:37:33] WARNING: === Starting Twitter Trust System Collection ===
[2025-06-09 17:37:33] WARNING: Will collect tweets until reaching previous timestamp: 2025-05-12 06:54:05+00:00
[2025-06-09 17:37:33] WARNING: Retrieving page 1...
[2025-06-09 17:37:34] WARNING: Newest tweet is from: 2025-05-12 06:54:05+00:00
[2025-06-09 17:37:34] WARNING: Reached stop point at tweet from 2025-05-12 06:54:05+00:00
[2025-06-09 17:37:34] WARNING: Retrieved 0 new tweets on page 1
[2025-06-09 17:37:34] WARNING: Stopping pagination as we've reached the stop point
[2025-06-09 17:37:34] WARNING: Retrieved a total of 0 tweets across 1 pages
[2025-06-09 17:37:34] WARNING: No new tweets found with trust commands. Exiting without error.
[2025-06-09 17:37:34] WARNING: Collection complete!
[2025-06-09 17:37:34] WARNING: - 0 trust assignments processed
[2025-06-09 17:37:34] WARNING: - 2 users in trust network
[2025-06-09 17:37:34] WARNING: - 31 total trust relationships
[2025-06-09 17:47:33] WARNING: === Starting Twitter Trust System Collection ===
[2025-06-09 17:47:33] WARNING: Will collect tweets until reaching previous timestamp: 2025-05-12 06:54:05+00:00
[2025-06-09 17:47:33] WARNING: Retrieving page 1...
[2025-06-09 17:47:35] WARNING: Newest tweet is from: 2025-05-12 06:54:05+00:00
[2025-06-09 17:47:35] WARNING: Reached stop point at tweet from 2025-05-12 06:54:05+00:00
[2025-06-09 17:47:35] WARNING: Retrieved 0 new tweets on page 1
[2025-06-09 17:47:35] WARNING: Stopping pagination as we've reached the stop point
[2025-06-09 17:47:35] WARNING: Retrieved a total of 0 tweets across 1 pages
[2025-06-09 17:47:35] WARNING: No new tweets found with trust commands. Exiting without error.
[2025-06-09 17:47:35] WARNING: Collection complete!
[2025-06-09 17:47:35] WARNING: - 0 trust assignments processed
[2025-06-09 17:47:35] WARNING: - 2 users in trust network
[2025-06-09 17:47:35] WARNING: - 31 total trust relationships
[2025-06-09 17:57:34] WARNING: === Starting Twitter Trust System Collection ===
[2025-06-09 17:57:34] WARNING: Will collect tweets until reaching previous timestamp: 2025-05-12 06:54:05+00:00
[2025-06-09 17:57:34] WARNING: Retrieving page 1...
[2025-06-09 17:57:36] WARNING: Newest tweet is from: 2025-05-12 06:54:05+00:00
[2025-06-09 17:57:36] WARNING: Reached stop point at tweet from 2025-05-12 06:54:05+00:00
[2025-06-09 17:57:36] WARNING: Retrieved 0 new tweets on page 1
[2025-06-09 17:57:36] WARNING: Stopping pagination as we've reached the stop point
[2025-06-09 17:57:36] WARNING: Retrieved a total of 0 tweets across 1 pages
[2025-06-09 17:57:36] WARNING: No new tweets found with trust commands. Exiting without error.
[2025-06-09 17:57:36] WARNING: Collection complete!
[2025-06-09 17:57:36] WARNING: - 0 trust assignments processed
[2025-06-09 17:57:36] WARNING: - 2 users in trust network
[2025-06-09 17:57:36] WARNING: - 31 total trust relationships
[2025-06-09 18:07:33] WARNING: === Starting Twitter Trust System Collection ===
[2025-06-09 18:07:33] WARNING: Will collect tweets until reaching previous timestamp: 2025-05-12 06:54:05+00:00
[2025-06-09 18:07:33] WARNING: Retrieving page 1...
[2025-06-09 18:07:35] WARNING: Newest tweet is from: 2025-05-12 06:54:05+00:00
[2025-06-09 18:07:35] WARNING: Reached stop point at tweet from 2025-05-12 06:54:05+00:00
[2025-06-09 18:07:35] WARNING: Retrieved 0 new tweets on page 1
[2025-06-09 18:07:35] WARNING: Stopping pagination as we've reached the stop point
[2025-06-09 18:07:35] WARNING: Retrieved a total of 0 tweets across 1 pages
[2025-06-09 18:07:35] WARNING: No new tweets found with trust commands. Exiting without error.
[2025-06-09 18:07:35] WARNING: Collection complete!
[2025-06-09 18:07:35] WARNING: - 0 trust assignments processed
[2025-06-09 18:07:35] WARNING: - 2 users in trust network
[2025-06-09 18:07:35] WARNING: - 31 total trust relationships
[2025-06-09 18:17:33] WARNING: === Starting Twitter Trust System Collection ===
[2025-06-09 18:17:33] WARNING: Will collect tweets until reaching previous timestamp: 2025-05-12 06:54:05+00:00
[2025-06-09 18:17:33] WARNING: Retrieving page 1...
[2025-06-09 18:17:35] WARNING: Newest tweet is from: 2025-05-12 06:54:05+00:00
[2025-06-09 18:17:35] WARNING: Reached stop point at tweet from 2025-05-12 06:54:05+00:00
[2025-06-09 18:17:35] WARNING: Retrieved 0 new tweets on page 1
[2025-06-09 18:17:35] WARNING: Stopping pagination as we've reached the stop point
[2025-06-09 18:17:35] WARNING: Retrieved a total of 0 tweets across 1 pages
[2025-06-09 18:17:35] WARNING: No new tweets found with trust commands. Exiting without error.
[2025-06-09 18:17:35] WARNING: Collection complete!
[2025-06-09 18:17:35] WARNING: - 0 trust assignments processed
[2025-06-09 18:17:35] WARNING: - 2 users in trust network
[2025-06-09 18:17:35] WARNING: - 31 total trust relationships
[2025-06-09 18:27:33] WARNING: === Starting Twitter Trust System Collection ===
[2025-06-09 18:27:33] WARNING: Will collect tweets until reaching previous timestamp: 2025-05-12 06:54:05+00:00
[2025-06-09 18:27:33] WARNING: Retrieving page 1...
[2025-06-09 18:27:34] WARNING: Newest tweet is from: 2025-05-12 06:54:05+00:00
[2025-06-09 18:27:34] WARNING: Reached stop point at tweet from 2025-05-12 06:54:05+00:00
[2025-06-09 18:27:34] WARNING: Retrieved 0 new tweets on page 1
[2025-06-09 18:27:34] WARNING: Stopping pagination as we've reached the stop point
[2025-06-09 18:27:34] WARNING: Retrieved a total of 0 tweets across 1 pages
[2025-06-09 18:27:34] WARNING: No new tweets found with trust commands. Exiting without error.
[2025-06-09 18:27:34] WARNING: Collection complete!
[2025-06-09 18:27:34] WARNING: - 0 trust assignments processed
[2025-06-09 18:27:34] WARNING: - 2 users in trust network
[2025-06-09 18:27:34] WARNING: - 31 total trust relationships
[2025-06-09 18:37:33] WARNING: === Starting Twitter Trust System Collection ===
[2025-06-09 18:37:33] WARNING: Will collect tweets until reaching previous timestamp: 2025-05-12 06:54:05+00:00
[2025-06-09 18:37:33] WARNING: Retrieving page 1...
[2025-06-09 18:37:36] WARNING: Newest tweet is from: 2025-05-12 06:54:05+00:00
[2025-06-09 18:37:36] WARNING: Reached stop point at tweet from 2025-05-12 06:54:05+00:00
[2025-06-09 18:37:36] WARNING: Retrieved 0 new tweets on page 1
[2025-06-09 18:37:36] WARNING: Stopping pagination as we've reached the stop point
[2025-06-09 18:37:36] WARNING: Retrieved a total of 0 tweets across 1 pages
[2025-06-09 18:37:36] WARNING: No new tweets found with trust commands. Exiting without error.
[2025-06-09 18:37:36] WARNING: Collection complete!
[2025-06-09 18:37:36] WARNING: - 0 trust assignments processed
[2025-06-09 18:37:36] WARNING: - 2 users in trust network
[2025-06-09 18:37:36] WARNING: - 31 total trust relationships
[2025-06-09 18:47:33] WARNING: === Starting Twitter Trust System Collection ===
[2025-06-09 18:47:33] WARNING: Will collect tweets until reaching previous timestamp: 2025-05-12 06:54:05+00:00
[2025-06-09 18:47:33] WARNING: Retrieving page 1...
[2025-06-09 18:47:34] WARNING: Newest tweet is from: 2025-05-12 06:54:05+00:00
[2025-06-09 18:47:34] WARNING: Reached stop point at tweet from 2025-05-12 06:54:05+00:00
[2025-06-09 18:47:34] WARNING: Retrieved 0 new tweets on page 1
[2025-06-09 18:47:34] WARNING: Stopping pagination as we've reached the stop point
[2025-06-09 18:47:34] WARNING: Retrieved a total of 0 tweets across 1 pages
[2025-06-09 18:47:34] WARNING: No new tweets found with trust commands. Exiting without error.
[2025-06-09 18:47:34] WARNING: Collection complete!
[2025-06-09 18:47:34] WARNING: - 0 trust assignments processed
[2025-06-09 18:47:34] WARNING: - 2 users in trust network
[2025-06-09 18:47:34] WARNING: - 31 total trust relationships
[2025-06-09 18:57:33] WARNING: === Starting Twitter Trust System Collection ===
[2025-06-09 18:57:33] WARNING: Will collect tweets until reaching previous timestamp: 2025-05-12 06:54:05+00:00
[2025-06-09 18:57:33] WARNING: Retrieving page 1...
[2025-06-09 18:57:35] WARNING: Newest tweet is from: 2025-05-12 06:54:05+00:00
[2025-06-09 18:57:35] WARNING: Reached stop point at tweet from 2025-05-12 06:54:05+00:00
[2025-06-09 18:57:35] WARNING: Retrieved 0 new tweets on page 1
[2025-06-09 18:57:35] WARNING: Stopping pagination as we've reached the stop point
[2025-06-09 18:57:35] WARNING: Retrieved a total of 0 tweets across 1 pages
[2025-06-09 18:57:35] WARNING: No new tweets found with trust commands. Exiting without error.
[2025-06-09 18:57:35] WARNING: Collection complete!
[2025-06-09 18:57:35] WARNING: - 0 trust assignments processed
[2025-06-09 18:57:35] WARNING: - 2 users in trust network
[2025-06-09 18:57:35] WARNING: - 31 total trust relationships
[2025-06-09 19:07:33] WARNING: === Starting Twitter Trust System Collection ===
[2025-06-09 19:07:33] WARNING: Will collect tweets until reaching previous timestamp: 2025-05-12 06:54:05+00:00
[2025-06-09 19:07:33] WARNING: Retrieving page 1...
[2025-06-09 19:07:54] WARNING: Error retrieving page 1: Expecting value: line 1 column 1 (char 0)
[2025-06-09 19:07:54] WARNING: Retrieved a total of 0 tweets across 1 pages
[2025-06-09 19:07:54] WARNING: No new tweets found with trust commands. Exiting without error.
[2025-06-09 19:07:54] WARNING: Collection complete!
[2025-06-09 19:07:54] WARNING: - 0 trust assignments processed
[2025-06-09 19:07:54] WARNING: - 2 users in trust network
[2025-06-09 19:07:54] WARNING: - 31 total trust relationships
[2025-06-09 19:17:33] WARNING: === Starting Twitter Trust System Collection ===
[2025-06-09 19:17:33] WARNING: Will collect tweets until reaching previous timestamp: 2025-05-12 06:54:05+00:00
[2025-06-09 19:17:33] WARNING: Retrieving page 1...
[2025-06-09 19:17:34] WARNING: Error retrieving page 1: Expecting value: line 1 column 1 (char 0)
[2025-06-09 19:17:34] WARNING: Retrieved a total of 0 tweets across 1 pages
[2025-06-09 19:17:34] WARNING: No new tweets found with trust commands. Exiting without error.
[2025-06-09 19:17:34] WARNING: Collection complete!
[2025-06-09 19:17:34] WARNING: - 0 trust assignments processed
[2025-06-09 19:17:34] WARNING: - 2 users in trust network
[2025-06-09 19:17:34] WARNING: - 31 total trust relationships
[2025-06-09 19:27:33] WARNING: === Starting Twitter Trust System Collection ===
[2025-06-09 19:27:33] WARNING: Will collect tweets until reaching previous timestamp: 2025-05-12 06:54:05+00:00
[2025-06-09 19:27:33] WARNING: Retrieving page 1...
[2025-06-09 19:27:37] WARNING: Newest tweet is from: 2025-05-12 06:54:05+00:00
[2025-06-09 19:27:37] WARNING: Reached stop point at tweet from 2025-05-12 06:54:05+00:00
[2025-06-09 19:27:37] WARNING: Retrieved 0 new tweets on page 1
[2025-06-09 19:27:37] WARNING: Stopping pagination as we've reached the stop point
[2025-06-09 19:27:37] WARNING: Retrieved a total of 0 tweets across 1 pages
[2025-06-09 19:27:37] WARNING: No new tweets found with trust commands. Exiting without error.
[2025-06-09 19:27:37] WARNING: Collection complete!
[2025-06-09 19:27:37] WARNING: - 0 trust assignments processed
[2025-06-09 19:27:37] WARNING: - 2 users in trust network
[2025-06-09 19:27:37] WARNING: - 31 total trust relationships
[2025-06-09 19:37:33] WARNING: === Starting Twitter Trust System Collection ===
[2025-06-09 19:37:33] WARNING: Will collect tweets until reaching previous timestamp: 2025-05-12 06:54:05+00:00
[2025-06-09 19:37:33] WARNING: Retrieving page 1...
[2025-06-09 19:37:40] WARNING: Newest tweet is from: 2025-05-12 06:54:05+00:00
[2025-06-09 19:37:40] WARNING: Reached stop point at tweet from 2025-05-12 06:54:05+00:00
[2025-06-09 19:37:40] WARNING: Retrieved 0 new tweets on page 1
[2025-06-09 19:37:40] WARNING: Stopping pagination as we've reached the stop point
[2025-06-09 19:37:40] WARNING: Retrieved a total of 0 tweets across 1 pages
[2025-06-09 19:37:40] WARNING: No new tweets found with trust commands. Exiting without error.
[2025-06-09 19:37:40] WARNING: Collection complete!
[2025-06-09 19:37:40] WARNING: - 0 trust assignments processed
[2025-06-09 19:37:40] WARNING: - 2 users in trust network
[2025-06-09 19:37:40] WARNING: - 31 total trust relationships
[2025-06-09 19:47:33] WARNING: === Starting Twitter Trust System Collection ===
[2025-06-09 19:47:33] WARNING: Will collect tweets until reaching previous timestamp: 2025-05-12 06:54:05+00:00
[2025-06-09 19:47:33] WARNING: Retrieving page 1...
[2025-06-09 19:47:43] WARNING: Newest tweet is from: 2025-05-12 06:54:05+00:00
[2025-06-09 19:47:43] WARNING: Reached stop point at tweet from 2025-05-12 06:54:05+00:00
[2025-06-09 19:47:43] WARNING: Retrieved 0 new tweets on page 1
[2025-06-09 19:47:43] WARNING: Stopping pagination as we've reached the stop point
[2025-06-09 19:47:43] WARNING: Retrieved a total of 0 tweets across 1 pages
[2025-06-09 19:47:43] WARNING: No new tweets found with trust commands. Exiting without error.
[2025-06-09 19:47:43] WARNING: Collection complete!
[2025-06-09 19:47:43] WARNING: - 0 trust assignments processed
[2025-06-09 19:47:43] WARNING: - 2 users in trust network
[2025-06-09 19:47:43] WARNING: - 31 total trust relationships
