[2025-05-13 10:07:33] WARNING: === Starting Twitter Trust System Collection ===
[2025-05-13 10:07:33] WARNING: Will collect tweets until reaching previous timestamp: 2025-05-12 06:54:05+00:00
[2025-05-13 10:07:33] WARNING: Retrieving page 1...
[2025-05-13 10:07:35] WARNING: Newest tweet is from: 2025-05-12 06:54:05+00:00
[2025-05-13 10:07:35] WARNING: Reached stop point at tweet from 2025-05-12 06:54:05+00:00
[2025-05-13 10:07:35] WARNING: Retrieved 0 new tweets on page 1
[2025-05-13 10:07:35] WARNING: Stopping pagination as we've reached the stop point
[2025-05-13 10:07:35] WARNING: Retrieved a total of 0 tweets across 1 pages
[2025-05-13 10:07:35] WARNING: No new tweets found with trust commands. Exiting without error.
[2025-05-13 10:07:35] WARNING: Collection complete!
[2025-05-13 10:07:35] WARNING: - 0 trust assignments processed
[2025-05-13 10:07:35] WARNING: - 2 users in trust network
[2025-05-13 10:07:35] WARNING: - 31 total trust relationships
[2025-05-13 10:17:33] WARNING: === Starting Twitter Trust System Collection ===
[2025-05-13 10:17:33] WARNING: Will collect tweets until reaching previous timestamp: 2025-05-12 06:54:05+00:00
[2025-05-13 10:17:33] WARNING: Retrieving page 1...
[2025-05-13 10:17:35] WARNING: Newest tweet is from: 2025-05-12 06:54:05+00:00
[2025-05-13 10:17:35] WARNING: Reached stop point at tweet from 2025-05-12 06:54:05+00:00
[2025-05-13 10:17:35] WARNING: Retrieved 0 new tweets on page 1
[2025-05-13 10:17:35] WARNING: Stopping pagination as we've reached the stop point
[2025-05-13 10:17:35] WARNING: Retrieved a total of 0 tweets across 1 pages
[2025-05-13 10:17:35] WARNING: No new tweets found with trust commands. Exiting without error.
[2025-05-13 10:17:35] WARNING: Collection complete!
[2025-05-13 10:17:35] WARNING: - 0 trust assignments processed
[2025-05-13 10:17:35] WARNING: - 2 users in trust network
[2025-05-13 10:17:35] WARNING: - 31 total trust relationships
[2025-05-13 10:27:33] WARNING: === Starting Twitter Trust System Collection ===
[2025-05-13 10:27:33] WARNING: Will collect tweets until reaching previous timestamp: 2025-05-12 06:54:05+00:00
[2025-05-13 10:27:33] WARNING: Retrieving page 1...
[2025-05-13 10:27:35] WARNING: Newest tweet is from: 2025-05-12 06:54:05+00:00
[2025-05-13 10:27:35] WARNING: Reached stop point at tweet from 2025-05-12 06:54:05+00:00
[2025-05-13 10:27:35] WARNING: Retrieved 0 new tweets on page 1
[2025-05-13 10:27:35] WARNING: Stopping pagination as we've reached the stop point
[2025-05-13 10:27:35] WARNING: Retrieved a total of 0 tweets across 1 pages
[2025-05-13 10:27:35] WARNING: No new tweets found with trust commands. Exiting without error.
[2025-05-13 10:27:35] WARNING: Collection complete!
[2025-05-13 10:27:35] WARNING: - 0 trust assignments processed
[2025-05-13 10:27:35] WARNING: - 2 users in trust network
[2025-05-13 10:27:35] WARNING: - 31 total trust relationships
[2025-05-13 10:37:33] WARNING: === Starting Twitter Trust System Collection ===
[2025-05-13 10:37:33] WARNING: Will collect tweets until reaching previous timestamp: 2025-05-12 06:54:05+00:00
[2025-05-13 10:37:33] WARNING: Retrieving page 1...
[2025-05-13 10:37:35] WARNING: Newest tweet is from: 2025-05-12 06:54:05+00:00
[2025-05-13 10:37:35] WARNING: Reached stop point at tweet from 2025-05-12 06:54:05+00:00
[2025-05-13 10:37:35] WARNING: Retrieved 0 new tweets on page 1
[2025-05-13 10:37:35] WARNING: Stopping pagination as we've reached the stop point
[2025-05-13 10:37:35] WARNING: Retrieved a total of 0 tweets across 1 pages
[2025-05-13 10:37:35] WARNING: No new tweets found with trust commands. Exiting without error.
[2025-05-13 10:37:35] WARNING: Collection complete!
[2025-05-13 10:37:35] WARNING: - 0 trust assignments processed
[2025-05-13 10:37:35] WARNING: - 2 users in trust network
[2025-05-13 10:37:35] WARNING: - 31 total trust relationships
[2025-05-13 10:47:33] WARNING: === Starting Twitter Trust System Collection ===
[2025-05-13 10:47:33] WARNING: Will collect tweets until reaching previous timestamp: 2025-05-12 06:54:05+00:00
[2025-05-13 10:47:33] WARNING: Retrieving page 1...
[2025-05-13 10:47:35] WARNING: Newest tweet is from: 2025-05-12 06:54:05+00:00
[2025-05-13 10:47:35] WARNING: Reached stop point at tweet from 2025-05-12 06:54:05+00:00
[2025-05-13 10:47:35] WARNING: Retrieved 0 new tweets on page 1
[2025-05-13 10:47:35] WARNING: Stopping pagination as we've reached the stop point
[2025-05-13 10:47:35] WARNING: Retrieved a total of 0 tweets across 1 pages
[2025-05-13 10:47:35] WARNING: No new tweets found with trust commands. Exiting without error.
[2025-05-13 10:47:35] WARNING: Collection complete!
[2025-05-13 10:47:35] WARNING: - 0 trust assignments processed
[2025-05-13 10:47:35] WARNING: - 2 users in trust network
[2025-05-13 10:47:35] WARNING: - 31 total trust relationships
[2025-05-13 10:57:33] WARNING: === Starting Twitter Trust System Collection ===
[2025-05-13 10:57:33] WARNING: Will collect tweets until reaching previous timestamp: 2025-05-12 06:54:05+00:00
[2025-05-13 10:57:33] WARNING: Retrieving page 1...
[2025-05-13 10:57:37] WARNING: Newest tweet is from: 2025-05-12 06:54:05+00:00
[2025-05-13 10:57:37] WARNING: Reached stop point at tweet from 2025-05-12 06:54:05+00:00
[2025-05-13 10:57:37] WARNING: Retrieved 0 new tweets on page 1
[2025-05-13 10:57:37] WARNING: Stopping pagination as we've reached the stop point
[2025-05-13 10:57:37] WARNING: Retrieved a total of 0 tweets across 1 pages
[2025-05-13 10:57:37] WARNING: No new tweets found with trust commands. Exiting without error.
[2025-05-13 10:57:37] WARNING: Collection complete!
[2025-05-13 10:57:37] WARNING: - 0 trust assignments processed
[2025-05-13 10:57:37] WARNING: - 2 users in trust network
[2025-05-13 10:57:37] WARNING: - 31 total trust relationships
[2025-05-13 17:22:13] WARNING: === Starting Twitter Trust System Collection ===
[2025-05-13 17:22:13] WARNING: Will collect tweets until reaching previous timestamp: 2025-05-12 06:54:05+00:00
[2025-05-13 17:22:13] WARNING: Retrieving page 1...
[2025-05-13 17:22:15] WARNING: Newest tweet is from: 2025-05-12 06:54:05+00:00
[2025-05-13 17:22:15] WARNING: Reached stop point at tweet from 2025-05-12 06:54:05+00:00
[2025-05-13 17:22:15] WARNING: Retrieved 0 new tweets on page 1
[2025-05-13 17:22:15] WARNING: Stopping pagination as we've reached the stop point
[2025-05-13 17:22:15] WARNING: Retrieved a total of 0 tweets across 1 pages
[2025-05-13 17:22:15] WARNING: No new tweets found with trust commands. Exiting without error.
[2025-05-13 17:22:15] WARNING: Collection complete!
[2025-05-13 17:22:15] WARNING: - 0 trust assignments processed
[2025-05-13 17:22:15] WARNING: - 2 users in trust network
[2025-05-13 17:22:15] WARNING: - 31 total trust relationships
[2025-05-13 17:27:33] WARNING: === Starting Twitter Trust System Collection ===
[2025-05-13 17:27:33] WARNING: Will collect tweets until reaching previous timestamp: 2025-05-12 06:54:05+00:00
[2025-05-13 17:27:33] WARNING: Retrieving page 1...
[2025-05-13 17:27:35] WARNING: Newest tweet is from: 2025-05-12 06:54:05+00:00
[2025-05-13 17:27:35] WARNING: Reached stop point at tweet from 2025-05-12 06:54:05+00:00
[2025-05-13 17:27:35] WARNING: Retrieved 0 new tweets on page 1
[2025-05-13 17:27:35] WARNING: Stopping pagination as we've reached the stop point
[2025-05-13 17:27:35] WARNING: Retrieved a total of 0 tweets across 1 pages
[2025-05-13 17:27:35] WARNING: No new tweets found with trust commands. Exiting without error.
[2025-05-13 17:27:35] WARNING: Collection complete!
[2025-05-13 17:27:35] WARNING: - 0 trust assignments processed
[2025-05-13 17:27:35] WARNING: - 2 users in trust network
[2025-05-13 17:27:35] WARNING: - 31 total trust relationships
[2025-05-13 17:37:33] WARNING: === Starting Twitter Trust System Collection ===
[2025-05-13 17:37:33] WARNING: Will collect tweets until reaching previous timestamp: 2025-05-12 06:54:05+00:00
[2025-05-13 17:37:33] WARNING: Retrieving page 1...
[2025-05-13 17:37:35] WARNING: Newest tweet is from: 2025-05-12 06:54:05+00:00
[2025-05-13 17:37:35] WARNING: Reached stop point at tweet from 2025-05-12 06:54:05+00:00
[2025-05-13 17:37:35] WARNING: Retrieved 0 new tweets on page 1
[2025-05-13 17:37:35] WARNING: Stopping pagination as we've reached the stop point
[2025-05-13 17:37:35] WARNING: Retrieved a total of 0 tweets across 1 pages
[2025-05-13 17:37:35] WARNING: No new tweets found with trust commands. Exiting without error.
[2025-05-13 17:37:35] WARNING: Collection complete!
[2025-05-13 17:37:35] WARNING: - 0 trust assignments processed
[2025-05-13 17:37:35] WARNING: - 2 users in trust network
[2025-05-13 17:37:35] WARNING: - 31 total trust relationships
[2025-05-13 17:47:33] WARNING: === Starting Twitter Trust System Collection ===
[2025-05-13 17:47:33] WARNING: Will collect tweets until reaching previous timestamp: 2025-05-12 06:54:05+00:00
[2025-05-13 17:47:33] WARNING: Retrieving page 1...
[2025-05-13 17:47:35] WARNING: Newest tweet is from: 2025-05-12 06:54:05+00:00
[2025-05-13 17:47:35] WARNING: Reached stop point at tweet from 2025-05-12 06:54:05+00:00
[2025-05-13 17:47:35] WARNING: Retrieved 0 new tweets on page 1
[2025-05-13 17:47:35] WARNING: Stopping pagination as we've reached the stop point
[2025-05-13 17:47:35] WARNING: Retrieved a total of 0 tweets across 1 pages
[2025-05-13 17:47:35] WARNING: No new tweets found with trust commands. Exiting without error.
[2025-05-13 17:47:35] WARNING: Collection complete!
[2025-05-13 17:47:35] WARNING: - 0 trust assignments processed
[2025-05-13 17:47:35] WARNING: - 2 users in trust network
[2025-05-13 17:47:35] WARNING: - 31 total trust relationships
[2025-05-13 17:57:33] WARNING: === Starting Twitter Trust System Collection ===
[2025-05-13 17:57:33] WARNING: Will collect tweets until reaching previous timestamp: 2025-05-12 06:54:05+00:00
[2025-05-13 17:57:33] WARNING: Retrieving page 1...
[2025-05-13 17:57:35] WARNING: Newest tweet is from: 2025-05-12 06:54:05+00:00
[2025-05-13 17:57:35] WARNING: Reached stop point at tweet from 2025-05-12 06:54:05+00:00
[2025-05-13 17:57:35] WARNING: Retrieved 0 new tweets on page 1
[2025-05-13 17:57:35] WARNING: Stopping pagination as we've reached the stop point
[2025-05-13 17:57:35] WARNING: Retrieved a total of 0 tweets across 1 pages
[2025-05-13 17:57:35] WARNING: No new tweets found with trust commands. Exiting without error.
[2025-05-13 17:57:35] WARNING: Collection complete!
[2025-05-13 17:57:35] WARNING: - 0 trust assignments processed
[2025-05-13 17:57:35] WARNING: - 2 users in trust network
[2025-05-13 17:57:35] WARNING: - 31 total trust relationships
[2025-05-13 18:07:33] WARNING: === Starting Twitter Trust System Collection ===
[2025-05-13 18:07:33] WARNING: Will collect tweets until reaching previous timestamp: 2025-05-12 06:54:05+00:00
[2025-05-13 18:07:33] WARNING: Retrieving page 1...
[2025-05-13 18:07:35] WARNING: Newest tweet is from: 2025-05-12 06:54:05+00:00
[2025-05-13 18:07:35] WARNING: Reached stop point at tweet from 2025-05-12 06:54:05+00:00
[2025-05-13 18:07:35] WARNING: Retrieved 0 new tweets on page 1
[2025-05-13 18:07:35] WARNING: Stopping pagination as we've reached the stop point
[2025-05-13 18:07:35] WARNING: Retrieved a total of 0 tweets across 1 pages
[2025-05-13 18:07:35] WARNING: No new tweets found with trust commands. Exiting without error.
[2025-05-13 18:07:35] WARNING: Collection complete!
[2025-05-13 18:07:35] WARNING: - 0 trust assignments processed
[2025-05-13 18:07:35] WARNING: - 2 users in trust network
[2025-05-13 18:07:35] WARNING: - 31 total trust relationships
[2025-05-13 18:17:33] WARNING: === Starting Twitter Trust System Collection ===
[2025-05-13 18:17:33] WARNING: Will collect tweets until reaching previous timestamp: 2025-05-12 06:54:05+00:00
[2025-05-13 18:17:33] WARNING: Retrieving page 1...
[2025-05-13 18:17:36] WARNING: Newest tweet is from: 2025-05-12 06:54:05+00:00
[2025-05-13 18:17:36] WARNING: Reached stop point at tweet from 2025-05-12 06:54:05+00:00
[2025-05-13 18:17:36] WARNING: Retrieved 0 new tweets on page 1
[2025-05-13 18:17:36] WARNING: Stopping pagination as we've reached the stop point
[2025-05-13 18:17:36] WARNING: Retrieved a total of 0 tweets across 1 pages
[2025-05-13 18:17:36] WARNING: No new tweets found with trust commands. Exiting without error.
[2025-05-13 18:17:36] WARNING: Collection complete!
[2025-05-13 18:17:36] WARNING: - 0 trust assignments processed
[2025-05-13 18:17:36] WARNING: - 2 users in trust network
[2025-05-13 18:17:36] WARNING: - 31 total trust relationships
[2025-05-13 18:27:33] WARNING: === Starting Twitter Trust System Collection ===
[2025-05-13 18:27:33] WARNING: Will collect tweets until reaching previous timestamp: 2025-05-12 06:54:05+00:00
[2025-05-13 18:27:33] WARNING: Retrieving page 1...
[2025-05-13 18:27:35] WARNING: Newest tweet is from: 2025-05-12 06:54:05+00:00
[2025-05-13 18:27:35] WARNING: Reached stop point at tweet from 2025-05-12 06:54:05+00:00
[2025-05-13 18:27:35] WARNING: Retrieved 0 new tweets on page 1
[2025-05-13 18:27:35] WARNING: Stopping pagination as we've reached the stop point
[2025-05-13 18:27:35] WARNING: Retrieved a total of 0 tweets across 1 pages
[2025-05-13 18:27:35] WARNING: No new tweets found with trust commands. Exiting without error.
[2025-05-13 18:27:35] WARNING: Collection complete!
[2025-05-13 18:27:35] WARNING: - 0 trust assignments processed
[2025-05-13 18:27:35] WARNING: - 2 users in trust network
[2025-05-13 18:27:35] WARNING: - 31 total trust relationships
[2025-05-13 18:37:33] WARNING: === Starting Twitter Trust System Collection ===
[2025-05-13 18:37:33] WARNING: Will collect tweets until reaching previous timestamp: 2025-05-12 06:54:05+00:00
[2025-05-13 18:37:33] WARNING: Retrieving page 1...
[2025-05-13 18:37:35] WARNING: Newest tweet is from: 2025-05-12 06:54:05+00:00
[2025-05-13 18:37:35] WARNING: Reached stop point at tweet from 2025-05-12 06:54:05+00:00
[2025-05-13 18:37:35] WARNING: Retrieved 0 new tweets on page 1
[2025-05-13 18:37:35] WARNING: Stopping pagination as we've reached the stop point
[2025-05-13 18:37:35] WARNING: Retrieved a total of 0 tweets across 1 pages
[2025-05-13 18:37:35] WARNING: No new tweets found with trust commands. Exiting without error.
[2025-05-13 18:37:35] WARNING: Collection complete!
[2025-05-13 18:37:35] WARNING: - 0 trust assignments processed
[2025-05-13 18:37:35] WARNING: - 2 users in trust network
[2025-05-13 18:37:35] WARNING: - 31 total trust relationships
[2025-05-13 18:47:33] WARNING: === Starting Twitter Trust System Collection ===
[2025-05-13 18:47:33] WARNING: Will collect tweets until reaching previous timestamp: 2025-05-12 06:54:05+00:00
[2025-05-13 18:47:33] WARNING: Retrieving page 1...
[2025-05-13 18:47:35] WARNING: Newest tweet is from: 2025-05-12 06:54:05+00:00
[2025-05-13 18:47:35] WARNING: Reached stop point at tweet from 2025-05-12 06:54:05+00:00
[2025-05-13 18:47:35] WARNING: Retrieved 0 new tweets on page 1
[2025-05-13 18:47:35] WARNING: Stopping pagination as we've reached the stop point
[2025-05-13 18:47:35] WARNING: Retrieved a total of 0 tweets across 1 pages
[2025-05-13 18:47:35] WARNING: No new tweets found with trust commands. Exiting without error.
[2025-05-13 18:47:35] WARNING: Collection complete!
[2025-05-13 18:47:35] WARNING: - 0 trust assignments processed
[2025-05-13 18:47:35] WARNING: - 2 users in trust network
[2025-05-13 18:47:35] WARNING: - 31 total trust relationships
[2025-05-13 18:57:33] WARNING: === Starting Twitter Trust System Collection ===
[2025-05-13 18:57:33] WARNING: Will collect tweets until reaching previous timestamp: 2025-05-12 06:54:05+00:00
[2025-05-13 18:57:33] WARNING: Retrieving page 1...
[2025-05-13 18:57:35] WARNING: Newest tweet is from: 2025-05-12 06:54:05+00:00
[2025-05-13 18:57:35] WARNING: Reached stop point at tweet from 2025-05-12 06:54:05+00:00
[2025-05-13 18:57:35] WARNING: Retrieved 0 new tweets on page 1
[2025-05-13 18:57:35] WARNING: Stopping pagination as we've reached the stop point
[2025-05-13 18:57:35] WARNING: Retrieved a total of 0 tweets across 1 pages
[2025-05-13 18:57:35] WARNING: No new tweets found with trust commands. Exiting without error.
[2025-05-13 18:57:35] WARNING: Collection complete!
[2025-05-13 18:57:35] WARNING: - 0 trust assignments processed
[2025-05-13 18:57:35] WARNING: - 2 users in trust network
[2025-05-13 18:57:35] WARNING: - 31 total trust relationships
[2025-05-13 19:07:33] WARNING: === Starting Twitter Trust System Collection ===
[2025-05-13 19:07:33] WARNING: Will collect tweets until reaching previous timestamp: 2025-05-12 06:54:05+00:00
[2025-05-13 19:07:33] WARNING: Retrieving page 1...
[2025-05-13 19:07:35] WARNING: Newest tweet is from: 2025-05-12 06:54:05+00:00
[2025-05-13 19:07:35] WARNING: Reached stop point at tweet from 2025-05-12 06:54:05+00:00
[2025-05-13 19:07:35] WARNING: Retrieved 0 new tweets on page 1
[2025-05-13 19:07:35] WARNING: Stopping pagination as we've reached the stop point
[2025-05-13 19:07:35] WARNING: Retrieved a total of 0 tweets across 1 pages
[2025-05-13 19:07:35] WARNING: No new tweets found with trust commands. Exiting without error.
[2025-05-13 19:07:35] WARNING: Collection complete!
[2025-05-13 19:07:35] WARNING: - 0 trust assignments processed
[2025-05-13 19:07:35] WARNING: - 2 users in trust network
[2025-05-13 19:07:35] WARNING: - 31 total trust relationships
[2025-05-13 19:17:33] WARNING: === Starting Twitter Trust System Collection ===
[2025-05-13 19:17:33] WARNING: Will collect tweets until reaching previous timestamp: 2025-05-12 06:54:05+00:00
[2025-05-13 19:17:33] WARNING: Retrieving page 1...
[2025-05-13 19:17:35] WARNING: Newest tweet is from: 2025-05-12 06:54:05+00:00
[2025-05-13 19:17:35] WARNING: Reached stop point at tweet from 2025-05-12 06:54:05+00:00
[2025-05-13 19:17:35] WARNING: Retrieved 0 new tweets on page 1
[2025-05-13 19:17:35] WARNING: Stopping pagination as we've reached the stop point
[2025-05-13 19:17:35] WARNING: Retrieved a total of 0 tweets across 1 pages
[2025-05-13 19:17:35] WARNING: No new tweets found with trust commands. Exiting without error.
[2025-05-13 19:17:35] WARNING: Collection complete!
[2025-05-13 19:17:35] WARNING: - 0 trust assignments processed
[2025-05-13 19:17:35] WARNING: - 2 users in trust network
[2025-05-13 19:17:35] WARNING: - 31 total trust relationships
[2025-05-13 19:27:33] WARNING: === Starting Twitter Trust System Collection ===
[2025-05-13 19:27:33] WARNING: Will collect tweets until reaching previous timestamp: 2025-05-12 06:54:05+00:00
[2025-05-13 19:27:33] WARNING: Retrieving page 1...
[2025-05-13 19:27:35] WARNING: Newest tweet is from: 2025-05-12 06:54:05+00:00
[2025-05-13 19:27:35] WARNING: Reached stop point at tweet from 2025-05-12 06:54:05+00:00
[2025-05-13 19:27:35] WARNING: Retrieved 0 new tweets on page 1
[2025-05-13 19:27:35] WARNING: Stopping pagination as we've reached the stop point
[2025-05-13 19:27:35] WARNING: Retrieved a total of 0 tweets across 1 pages
[2025-05-13 19:27:35] WARNING: No new tweets found with trust commands. Exiting without error.
[2025-05-13 19:27:35] WARNING: Collection complete!
[2025-05-13 19:27:35] WARNING: - 0 trust assignments processed
[2025-05-13 19:27:35] WARNING: - 2 users in trust network
[2025-05-13 19:27:35] WARNING: - 31 total trust relationships
[2025-05-13 19:37:33] WARNING: === Starting Twitter Trust System Collection ===
[2025-05-13 19:37:33] WARNING: Will collect tweets until reaching previous timestamp: 2025-05-12 06:54:05+00:00
[2025-05-13 19:37:33] WARNING: Retrieving page 1...
[2025-05-13 19:37:35] WARNING: Newest tweet is from: 2025-05-12 06:54:05+00:00
[2025-05-13 19:37:35] WARNING: Reached stop point at tweet from 2025-05-12 06:54:05+00:00
[2025-05-13 19:37:35] WARNING: Retrieved 0 new tweets on page 1
[2025-05-13 19:37:35] WARNING: Stopping pagination as we've reached the stop point
[2025-05-13 19:37:35] WARNING: Retrieved a total of 0 tweets across 1 pages
[2025-05-13 19:37:35] WARNING: No new tweets found with trust commands. Exiting without error.
[2025-05-13 19:37:35] WARNING: Collection complete!
[2025-05-13 19:37:35] WARNING: - 0 trust assignments processed
[2025-05-13 19:37:35] WARNING: - 2 users in trust network
[2025-05-13 19:37:35] WARNING: - 31 total trust relationships
[2025-05-13 19:47:33] WARNING: === Starting Twitter Trust System Collection ===
[2025-05-13 19:47:33] WARNING: Will collect tweets until reaching previous timestamp: 2025-05-12 06:54:05+00:00
[2025-05-13 19:47:33] WARNING: Retrieving page 1...
[2025-05-13 19:47:35] WARNING: Newest tweet is from: 2025-05-12 06:54:05+00:00
[2025-05-13 19:47:35] WARNING: Reached stop point at tweet from 2025-05-12 06:54:05+00:00
[2025-05-13 19:47:35] WARNING: Retrieved 0 new tweets on page 1
[2025-05-13 19:47:35] WARNING: Stopping pagination as we've reached the stop point
[2025-05-13 19:47:35] WARNING: Retrieved a total of 0 tweets across 1 pages
[2025-05-13 19:47:35] WARNING: No new tweets found with trust commands. Exiting without error.
[2025-05-13 19:47:35] WARNING: Collection complete!
[2025-05-13 19:47:35] WARNING: - 0 trust assignments processed
[2025-05-13 19:47:35] WARNING: - 2 users in trust network
[2025-05-13 19:47:35] WARNING: - 31 total trust relationships
[2025-05-13 19:57:33] WARNING: === Starting Twitter Trust System Collection ===
[2025-05-13 19:57:33] WARNING: Will collect tweets until reaching previous timestamp: 2025-05-12 06:54:05+00:00
[2025-05-13 19:57:33] WARNING: Retrieving page 1...
[2025-05-13 19:57:35] WARNING: Newest tweet is from: 2025-05-12 06:54:05+00:00
[2025-05-13 19:57:35] WARNING: Reached stop point at tweet from 2025-05-12 06:54:05+00:00
[2025-05-13 19:57:35] WARNING: Retrieved 0 new tweets on page 1
[2025-05-13 19:57:35] WARNING: Stopping pagination as we've reached the stop point
[2025-05-13 19:57:35] WARNING: Retrieved a total of 0 tweets across 1 pages
[2025-05-13 19:57:35] WARNING: No new tweets found with trust commands. Exiting without error.
[2025-05-13 19:57:35] WARNING: Collection complete!
[2025-05-13 19:57:35] WARNING: - 0 trust assignments processed
[2025-05-13 19:57:35] WARNING: - 2 users in trust network
[2025-05-13 19:57:35] WARNING: - 31 total trust relationships
[2025-05-13 20:07:33] WARNING: === Starting Twitter Trust System Collection ===
[2025-05-13 20:07:33] WARNING: Will collect tweets until reaching previous timestamp: 2025-05-12 06:54:05+00:00
[2025-05-13 20:07:33] WARNING: Retrieving page 1...
[2025-05-13 20:07:35] WARNING: Newest tweet is from: 2025-05-12 06:54:05+00:00
[2025-05-13 20:07:35] WARNING: Reached stop point at tweet from 2025-05-12 06:54:05+00:00
[2025-05-13 20:07:35] WARNING: Retrieved 0 new tweets on page 1
[2025-05-13 20:07:35] WARNING: Stopping pagination as we've reached the stop point
[2025-05-13 20:07:35] WARNING: Retrieved a total of 0 tweets across 1 pages
[2025-05-13 20:07:35] WARNING: No new tweets found with trust commands. Exiting without error.
[2025-05-13 20:07:35] WARNING: Collection complete!
[2025-05-13 20:07:35] WARNING: - 0 trust assignments processed
[2025-05-13 20:07:35] WARNING: - 2 users in trust network
[2025-05-13 20:07:35] WARNING: - 31 total trust relationships
[2025-05-13 20:17:33] WARNING: === Starting Twitter Trust System Collection ===
[2025-05-13 20:17:33] WARNING: Will collect tweets until reaching previous timestamp: 2025-05-12 06:54:05+00:00
[2025-05-13 20:17:33] WARNING: Retrieving page 1...
[2025-05-13 20:17:35] WARNING: Newest tweet is from: 2025-05-12 06:54:05+00:00
[2025-05-13 20:17:35] WARNING: Reached stop point at tweet from 2025-05-12 06:54:05+00:00
[2025-05-13 20:17:35] WARNING: Retrieved 0 new tweets on page 1
[2025-05-13 20:17:35] WARNING: Stopping pagination as we've reached the stop point
[2025-05-13 20:17:35] WARNING: Retrieved a total of 0 tweets across 1 pages
[2025-05-13 20:17:35] WARNING: No new tweets found with trust commands. Exiting without error.
[2025-05-13 20:17:35] WARNING: Collection complete!
[2025-05-13 20:17:35] WARNING: - 0 trust assignments processed
[2025-05-13 20:17:35] WARNING: - 2 users in trust network
[2025-05-13 20:17:35] WARNING: - 31 total trust relationships
[2025-05-13 20:27:33] WARNING: === Starting Twitter Trust System Collection ===
[2025-05-13 20:27:33] WARNING: Will collect tweets until reaching previous timestamp: 2025-05-12 06:54:05+00:00
[2025-05-13 20:27:33] WARNING: Retrieving page 1...
[2025-05-13 20:27:35] WARNING: Newest tweet is from: 2025-05-12 06:54:05+00:00
[2025-05-13 20:27:35] WARNING: Reached stop point at tweet from 2025-05-12 06:54:05+00:00
[2025-05-13 20:27:35] WARNING: Retrieved 0 new tweets on page 1
[2025-05-13 20:27:35] WARNING: Stopping pagination as we've reached the stop point
[2025-05-13 20:27:35] WARNING: Retrieved a total of 0 tweets across 1 pages
[2025-05-13 20:27:35] WARNING: No new tweets found with trust commands. Exiting without error.
[2025-05-13 20:27:35] WARNING: Collection complete!
[2025-05-13 20:27:35] WARNING: - 0 trust assignments processed
[2025-05-13 20:27:35] WARNING: - 2 users in trust network
[2025-05-13 20:27:35] WARNING: - 31 total trust relationships
[2025-05-13 20:37:33] WARNING: === Starting Twitter Trust System Collection ===
[2025-05-13 20:37:33] WARNING: Will collect tweets until reaching previous timestamp: 2025-05-12 06:54:05+00:00
[2025-05-13 20:37:33] WARNING: Retrieving page 1...
[2025-05-13 20:37:35] WARNING: Newest tweet is from: 2025-05-12 06:54:05+00:00
[2025-05-13 20:37:35] WARNING: Reached stop point at tweet from 2025-05-12 06:54:05+00:00
[2025-05-13 20:37:35] WARNING: Retrieved 0 new tweets on page 1
[2025-05-13 20:37:35] WARNING: Stopping pagination as we've reached the stop point
[2025-05-13 20:37:35] WARNING: Retrieved a total of 0 tweets across 1 pages
[2025-05-13 20:37:35] WARNING: No new tweets found with trust commands. Exiting without error.
[2025-05-13 20:37:35] WARNING: Collection complete!
[2025-05-13 20:37:35] WARNING: - 0 trust assignments processed
[2025-05-13 20:37:35] WARNING: - 2 users in trust network
[2025-05-13 20:37:35] WARNING: - 31 total trust relationships
[2025-05-13 20:47:33] WARNING: === Starting Twitter Trust System Collection ===
[2025-05-13 20:47:33] WARNING: Will collect tweets until reaching previous timestamp: 2025-05-12 06:54:05+00:00
[2025-05-13 20:47:33] WARNING: Retrieving page 1...
[2025-05-13 20:47:35] WARNING: Newest tweet is from: 2025-05-12 06:54:05+00:00
[2025-05-13 20:47:35] WARNING: Reached stop point at tweet from 2025-05-12 06:54:05+00:00
[2025-05-13 20:47:35] WARNING: Retrieved 0 new tweets on page 1
[2025-05-13 20:47:35] WARNING: Stopping pagination as we've reached the stop point
[2025-05-13 20:47:35] WARNING: Retrieved a total of 0 tweets across 1 pages
[2025-05-13 20:47:35] WARNING: No new tweets found with trust commands. Exiting without error.
[2025-05-13 20:47:35] WARNING: Collection complete!
[2025-05-13 20:47:35] WARNING: - 0 trust assignments processed
[2025-05-13 20:47:35] WARNING: - 2 users in trust network
[2025-05-13 20:47:35] WARNING: - 31 total trust relationships
[2025-05-13 20:57:33] WARNING: === Starting Twitter Trust System Collection ===
[2025-05-13 20:57:33] WARNING: Will collect tweets until reaching previous timestamp: 2025-05-12 06:54:05+00:00
[2025-05-13 20:57:33] WARNING: Retrieving page 1...
[2025-05-13 20:57:35] WARNING: Newest tweet is from: 2025-05-12 06:54:05+00:00
[2025-05-13 20:57:35] WARNING: Reached stop point at tweet from 2025-05-12 06:54:05+00:00
[2025-05-13 20:57:35] WARNING: Retrieved 0 new tweets on page 1
[2025-05-13 20:57:35] WARNING: Stopping pagination as we've reached the stop point
[2025-05-13 20:57:35] WARNING: Retrieved a total of 0 tweets across 1 pages
[2025-05-13 20:57:35] WARNING: No new tweets found with trust commands. Exiting without error.
[2025-05-13 20:57:35] WARNING: Collection complete!
[2025-05-13 20:57:35] WARNING: - 0 trust assignments processed
[2025-05-13 20:57:35] WARNING: - 2 users in trust network
[2025-05-13 20:57:35] WARNING: - 31 total trust relationships
[2025-05-13 21:07:33] WARNING: === Starting Twitter Trust System Collection ===
[2025-05-13 21:07:33] WARNING: Will collect tweets until reaching previous timestamp: 2025-05-12 06:54:05+00:00
[2025-05-13 21:07:33] WARNING: Retrieving page 1...
[2025-05-13 21:07:35] WARNING: Newest tweet is from: 2025-05-12 06:54:05+00:00
[2025-05-13 21:07:35] WARNING: Reached stop point at tweet from 2025-05-12 06:54:05+00:00
[2025-05-13 21:07:35] WARNING: Retrieved 0 new tweets on page 1
[2025-05-13 21:07:35] WARNING: Stopping pagination as we've reached the stop point
[2025-05-13 21:07:35] WARNING: Retrieved a total of 0 tweets across 1 pages
[2025-05-13 21:07:35] WARNING: No new tweets found with trust commands. Exiting without error.
[2025-05-13 21:07:35] WARNING: Collection complete!
[2025-05-13 21:07:35] WARNING: - 0 trust assignments processed
[2025-05-13 21:07:35] WARNING: - 2 users in trust network
[2025-05-13 21:07:35] WARNING: - 31 total trust relationships
[2025-05-13 21:17:33] WARNING: === Starting Twitter Trust System Collection ===
[2025-05-13 21:17:33] WARNING: Will collect tweets until reaching previous timestamp: 2025-05-12 06:54:05+00:00
[2025-05-13 21:17:33] WARNING: Retrieving page 1...
[2025-05-13 21:17:35] WARNING: Newest tweet is from: 2025-05-12 06:54:05+00:00
[2025-05-13 21:17:35] WARNING: Reached stop point at tweet from 2025-05-12 06:54:05+00:00
[2025-05-13 21:17:35] WARNING: Retrieved 0 new tweets on page 1
[2025-05-13 21:17:35] WARNING: Stopping pagination as we've reached the stop point
[2025-05-13 21:17:35] WARNING: Retrieved a total of 0 tweets across 1 pages
[2025-05-13 21:17:35] WARNING: No new tweets found with trust commands. Exiting without error.
[2025-05-13 21:17:35] WARNING: Collection complete!
[2025-05-13 21:17:35] WARNING: - 0 trust assignments processed
[2025-05-13 21:17:35] WARNING: - 2 users in trust network
[2025-05-13 21:17:35] WARNING: - 31 total trust relationships
[2025-05-13 21:27:33] WARNING: === Starting Twitter Trust System Collection ===
[2025-05-13 21:27:33] WARNING: Will collect tweets until reaching previous timestamp: 2025-05-12 06:54:05+00:00
[2025-05-13 21:27:33] WARNING: Retrieving page 1...
[2025-05-13 21:27:35] WARNING: Newest tweet is from: 2025-05-12 06:54:05+00:00
[2025-05-13 21:27:35] WARNING: Reached stop point at tweet from 2025-05-12 06:54:05+00:00
[2025-05-13 21:27:35] WARNING: Retrieved 0 new tweets on page 1
[2025-05-13 21:27:35] WARNING: Stopping pagination as we've reached the stop point
[2025-05-13 21:27:35] WARNING: Retrieved a total of 0 tweets across 1 pages
[2025-05-13 21:27:35] WARNING: No new tweets found with trust commands. Exiting without error.
[2025-05-13 21:27:35] WARNING: Collection complete!
[2025-05-13 21:27:35] WARNING: - 0 trust assignments processed
[2025-05-13 21:27:35] WARNING: - 2 users in trust network
[2025-05-13 21:27:35] WARNING: - 31 total trust relationships
[2025-05-13 21:37:33] WARNING: === Starting Twitter Trust System Collection ===
[2025-05-13 21:37:33] WARNING: Will collect tweets until reaching previous timestamp: 2025-05-12 06:54:05+00:00
[2025-05-13 21:37:33] WARNING: Retrieving page 1...
[2025-05-13 21:37:36] WARNING: Newest tweet is from: 2025-05-12 06:54:05+00:00
[2025-05-13 21:37:36] WARNING: Reached stop point at tweet from 2025-05-12 06:54:05+00:00
[2025-05-13 21:37:36] WARNING: Retrieved 0 new tweets on page 1
[2025-05-13 21:37:36] WARNING: Stopping pagination as we've reached the stop point
[2025-05-13 21:37:36] WARNING: Retrieved a total of 0 tweets across 1 pages
[2025-05-13 21:37:36] WARNING: No new tweets found with trust commands. Exiting without error.
[2025-05-13 21:37:36] WARNING: Collection complete!
[2025-05-13 21:37:36] WARNING: - 0 trust assignments processed
[2025-05-13 21:37:36] WARNING: - 2 users in trust network
[2025-05-13 21:37:36] WARNING: - 31 total trust relationships
