[2025-05-14 00:47:33] WARNING: === Starting Twitter Trust System Collection ===
[2025-05-14 00:47:33] WARNING: Will collect tweets until reaching previous timestamp: 2025-05-12 06:54:05+00:00
[2025-05-14 00:47:33] WARNING: Retrieving page 1...
[2025-05-14 00:47:36] WARNING: Newest tweet is from: 2025-05-12 06:54:05+00:00
[2025-05-14 00:47:36] WARNING: Reached stop point at tweet from 2025-05-12 06:54:05+00:00
[2025-05-14 00:47:36] WARNING: Retrieved 0 new tweets on page 1
[2025-05-14 00:47:36] WARNING: Stopping pagination as we've reached the stop point
[2025-05-14 00:47:36] WARNING: Retrieved a total of 0 tweets across 1 pages
[2025-05-14 00:47:36] WARNING: No new tweets found with trust commands. Exiting without error.
[2025-05-14 00:47:36] WARNING: Collection complete!
[2025-05-14 00:47:36] WARNING: - 0 trust assignments processed
[2025-05-14 00:47:36] WARNING: - 2 users in trust network
[2025-05-14 00:47:36] WARNING: - 31 total trust relationships
[2025-05-14 00:57:33] WARNING: === Starting Twitter Trust System Collection ===
[2025-05-14 00:57:33] WARNING: Will collect tweets until reaching previous timestamp: 2025-05-12 06:54:05+00:00
[2025-05-14 00:57:33] WARNING: Retrieving page 1...
[2025-05-14 00:57:36] WARNING: Newest tweet is from: 2025-05-12 06:54:05+00:00
[2025-05-14 00:57:36] WARNING: Reached stop point at tweet from 2025-05-12 06:54:05+00:00
[2025-05-14 00:57:36] WARNING: Retrieved 0 new tweets on page 1
[2025-05-14 00:57:36] WARNING: Stopping pagination as we've reached the stop point
[2025-05-14 00:57:36] WARNING: Retrieved a total of 0 tweets across 1 pages
[2025-05-14 00:57:36] WARNING: No new tweets found with trust commands. Exiting without error.
[2025-05-14 00:57:36] WARNING: Collection complete!
[2025-05-14 00:57:36] WARNING: - 0 trust assignments processed
[2025-05-14 00:57:36] WARNING: - 2 users in trust network
[2025-05-14 00:57:36] WARNING: - 31 total trust relationships
[2025-05-14 10:33:58] WARNING: === Starting Twitter Trust System Collection ===
[2025-05-14 10:33:58] WARNING: Will collect tweets until reaching previous timestamp: 2025-05-12 06:54:05+00:00
[2025-05-14 10:33:58] WARNING: Retrieving page 1...
[2025-05-14 10:33:59] WARNING: Newest tweet is from: 2025-05-12 06:54:05+00:00
[2025-05-14 10:33:59] WARNING: Reached stop point at tweet from 2025-05-12 06:54:05+00:00
[2025-05-14 10:33:59] WARNING: Retrieved 0 new tweets on page 1
[2025-05-14 10:33:59] WARNING: Stopping pagination as we've reached the stop point
[2025-05-14 10:33:59] WARNING: Retrieved a total of 0 tweets across 1 pages
[2025-05-14 10:33:59] WARNING: No new tweets found with trust commands. Exiting without error.
[2025-05-14 10:34:00] WARNING: Collection complete!
[2025-05-14 10:34:00] WARNING: - 0 trust assignments processed
[2025-05-14 10:34:00] WARNING: - 2 users in trust network
[2025-05-14 10:34:00] WARNING: - 31 total trust relationships
[2025-05-14 10:37:33] WARNING: === Starting Twitter Trust System Collection ===
[2025-05-14 10:37:33] WARNING: Will collect tweets until reaching previous timestamp: 2025-05-12 06:54:05+00:00
[2025-05-14 10:37:33] WARNING: Retrieving page 1...
[2025-05-14 10:37:36] WARNING: Newest tweet is from: 2025-05-12 06:54:05+00:00
[2025-05-14 10:37:36] WARNING: Reached stop point at tweet from 2025-05-12 06:54:05+00:00
[2025-05-14 10:37:36] WARNING: Retrieved 0 new tweets on page 1
[2025-05-14 10:37:36] WARNING: Stopping pagination as we've reached the stop point
[2025-05-14 10:37:36] WARNING: Retrieved a total of 0 tweets across 1 pages
[2025-05-14 10:37:36] WARNING: No new tweets found with trust commands. Exiting without error.
[2025-05-14 10:37:36] WARNING: Collection complete!
[2025-05-14 10:37:36] WARNING: - 0 trust assignments processed
[2025-05-14 10:37:36] WARNING: - 2 users in trust network
[2025-05-14 10:37:36] WARNING: - 31 total trust relationships
[2025-05-14 10:47:33] WARNING: === Starting Twitter Trust System Collection ===
[2025-05-14 10:47:33] WARNING: Will collect tweets until reaching previous timestamp: 2025-05-12 06:54:05+00:00
[2025-05-14 10:47:33] WARNING: Retrieving page 1...
[2025-05-14 10:47:36] WARNING: Newest tweet is from: 2025-05-12 06:54:05+00:00
[2025-05-14 10:47:36] WARNING: Reached stop point at tweet from 2025-05-12 06:54:05+00:00
[2025-05-14 10:47:36] WARNING: Retrieved 0 new tweets on page 1
[2025-05-14 10:47:36] WARNING: Stopping pagination as we've reached the stop point
[2025-05-14 10:47:36] WARNING: Retrieved a total of 0 tweets across 1 pages
[2025-05-14 10:47:36] WARNING: No new tweets found with trust commands. Exiting without error.
[2025-05-14 10:47:36] WARNING: Collection complete!
[2025-05-14 10:47:36] WARNING: - 0 trust assignments processed
[2025-05-14 10:47:36] WARNING: - 2 users in trust network
[2025-05-14 10:47:36] WARNING: - 31 total trust relationships
