[2025-05-23 00:37:33] WARNING: Will collect tweets until reaching previous timestamp: 2025-05-12 06:54:05+00:00
[2025-05-23 00:37:33] WARNING: Retrieving page 1...
[2025-05-23 00:37:35] WARNING: Newest tweet is from: 2025-05-12 06:54:05+00:00
[2025-05-23 00:37:35] WARNING: Reached stop point at tweet from 2025-05-12 06:54:05+00:00
[2025-05-23 00:37:35] WARNING: Retrieved 0 new tweets on page 1
[2025-05-23 00:37:35] WARNING: Stopping pagination as we've reached the stop point
[2025-05-23 00:37:35] WARNING: Retrieved a total of 0 tweets across 1 pages
[2025-05-23 00:37:35] WARNING: No new tweets found with trust commands. Exiting without error.
[2025-05-23 00:37:35] WARNING: Collection complete!
[2025-05-23 00:37:35] WARNING: - 0 trust assignments processed
[2025-05-23 00:37:35] WARNING: - 2 users in trust network
[2025-05-23 00:37:35] WARNING: - 31 total trust relationships
[2025-05-23 00:47:33] WARNING: === Starting Twitter Trust System Collection ===
[2025-05-23 00:47:33] WARNING: Will collect tweets until reaching previous timestamp: 2025-05-12 06:54:05+00:00
[2025-05-23 00:47:33] WARNING: Retrieving page 1...
[2025-05-23 00:47:35] WARNING: Newest tweet is from: 2025-05-12 06:54:05+00:00
[2025-05-23 00:47:35] WARNING: Reached stop point at tweet from 2025-05-12 06:54:05+00:00
[2025-05-23 00:47:35] WARNING: Retrieved 0 new tweets on page 1
[2025-05-23 00:47:35] WARNING: Stopping pagination as we've reached the stop point
[2025-05-23 00:47:35] WARNING: Retrieved a total of 0 tweets across 1 pages
[2025-05-23 00:47:35] WARNING: No new tweets found with trust commands. Exiting without error.
[2025-05-23 00:47:35] WARNING: Collection complete!
[2025-05-23 00:47:35] WARNING: - 0 trust assignments processed
[2025-05-23 00:47:35] WARNING: - 2 users in trust network
[2025-05-23 00:47:35] WARNING: - 31 total trust relationships
[2025-05-23 00:57:33] WARNING: === Starting Twitter Trust System Collection ===
[2025-05-23 00:57:33] WARNING: Will collect tweets until reaching previous timestamp: 2025-05-12 06:54:05+00:00
[2025-05-23 00:57:33] WARNING: Retrieving page 1...
[2025-05-23 00:57:34] WARNING: Newest tweet is from: 2025-05-12 06:54:05+00:00
[2025-05-23 00:57:34] WARNING: Reached stop point at tweet from 2025-05-12 06:54:05+00:00
[2025-05-23 00:57:34] WARNING: Retrieved 0 new tweets on page 1
[2025-05-23 00:57:34] WARNING: Stopping pagination as we've reached the stop point
[2025-05-23 00:57:34] WARNING: Retrieved a total of 0 tweets across 1 pages
[2025-05-23 00:57:34] WARNING: No new tweets found with trust commands. Exiting without error.
[2025-05-23 00:57:34] WARNING: Collection complete!
[2025-05-23 00:57:34] WARNING: - 0 trust assignments processed
[2025-05-23 00:57:34] WARNING: - 2 users in trust network
[2025-05-23 00:57:34] WARNING: - 31 total trust relationships
[2025-05-23 01:07:33] WARNING: === Starting Twitter Trust System Collection ===
[2025-05-23 01:07:33] WARNING: Will collect tweets until reaching previous timestamp: 2025-05-12 06:54:05+00:00
[2025-05-23 01:07:33] WARNING: Retrieving page 1...
[2025-05-23 01:07:35] WARNING: Newest tweet is from: 2025-05-12 06:54:05+00:00
[2025-05-23 01:07:35] WARNING: Reached stop point at tweet from 2025-05-12 06:54:05+00:00
[2025-05-23 01:07:35] WARNING: Retrieved 0 new tweets on page 1
[2025-05-23 01:07:35] WARNING: Stopping pagination as we've reached the stop point
[2025-05-23 01:07:35] WARNING: Retrieved a total of 0 tweets across 1 pages
[2025-05-23 01:07:35] WARNING: No new tweets found with trust commands. Exiting without error.
[2025-05-23 01:07:35] WARNING: Collection complete!
[2025-05-23 01:07:35] WARNING: - 0 trust assignments processed
[2025-05-23 01:07:35] WARNING: - 2 users in trust network
[2025-05-23 01:07:35] WARNING: - 31 total trust relationships
[2025-05-23 01:17:33] WARNING: === Starting Twitter Trust System Collection ===
[2025-05-23 01:17:33] WARNING: Will collect tweets until reaching previous timestamp: 2025-05-12 06:54:05+00:00
[2025-05-23 01:17:33] WARNING: Retrieving page 1...
[2025-05-23 01:17:35] WARNING: Newest tweet is from: 2025-05-12 06:54:05+00:00
[2025-05-23 01:17:35] WARNING: Reached stop point at tweet from 2025-05-12 06:54:05+00:00
[2025-05-23 01:17:35] WARNING: Retrieved 0 new tweets on page 1
[2025-05-23 01:17:35] WARNING: Stopping pagination as we've reached the stop point
[2025-05-23 01:17:35] WARNING: Retrieved a total of 0 tweets across 1 pages
[2025-05-23 01:17:35] WARNING: No new tweets found with trust commands. Exiting without error.
[2025-05-23 01:17:35] WARNING: Collection complete!
[2025-05-23 01:17:35] WARNING: - 0 trust assignments processed
[2025-05-23 01:17:35] WARNING: - 2 users in trust network
[2025-05-23 01:17:35] WARNING: - 31 total trust relationships
[2025-05-23 01:27:33] WARNING: === Starting Twitter Trust System Collection ===
[2025-05-23 01:27:33] WARNING: Will collect tweets until reaching previous timestamp: 2025-05-12 06:54:05+00:00
[2025-05-23 01:27:33] WARNING: Retrieving page 1...
[2025-05-23 01:27:34] WARNING: Newest tweet is from: 2025-05-12 06:54:05+00:00
[2025-05-23 01:27:34] WARNING: Reached stop point at tweet from 2025-05-12 06:54:05+00:00
[2025-05-23 01:27:34] WARNING: Retrieved 0 new tweets on page 1
[2025-05-23 01:27:34] WARNING: Stopping pagination as we've reached the stop point
[2025-05-23 01:27:34] WARNING: Retrieved a total of 0 tweets across 1 pages
[2025-05-23 01:27:34] WARNING: No new tweets found with trust commands. Exiting without error.
[2025-05-23 01:27:34] WARNING: Collection complete!
[2025-05-23 01:27:34] WARNING: - 0 trust assignments processed
[2025-05-23 01:27:34] WARNING: - 2 users in trust network
[2025-05-23 01:27:34] WARNING: - 31 total trust relationships
[2025-05-23 14:19:10] WARNING: === Starting Twitter Trust System Collection ===
[2025-05-23 14:19:10] WARNING: Will collect tweets until reaching previous timestamp: 2025-05-12 06:54:05+00:00
[2025-05-23 14:19:10] WARNING: Retrieving page 1...
[2025-05-23 14:19:12] WARNING: Newest tweet is from: 2025-05-12 06:54:05+00:00
[2025-05-23 14:19:12] WARNING: Reached stop point at tweet from 2025-05-12 06:54:05+00:00
[2025-05-23 14:19:12] WARNING: Retrieved 0 new tweets on page 1
[2025-05-23 14:19:12] WARNING: Stopping pagination as we've reached the stop point
[2025-05-23 14:19:12] WARNING: Retrieved a total of 0 tweets across 1 pages
[2025-05-23 14:19:12] WARNING: No new tweets found with trust commands. Exiting without error.
[2025-05-23 14:19:12] WARNING: Collection complete!
[2025-05-23 14:19:12] WARNING: - 0 trust assignments processed
[2025-05-23 14:19:12] WARNING: - 2 users in trust network
[2025-05-23 14:19:12] WARNING: - 31 total trust relationships
[2025-05-23 14:27:33] WARNING: === Starting Twitter Trust System Collection ===
[2025-05-23 14:27:33] WARNING: Will collect tweets until reaching previous timestamp: 2025-05-12 06:54:05+00:00
[2025-05-23 14:27:33] WARNING: Retrieving page 1...
[2025-05-23 14:27:34] WARNING: Newest tweet is from: 2025-05-12 06:54:05+00:00
[2025-05-23 14:27:34] WARNING: Reached stop point at tweet from 2025-05-12 06:54:05+00:00
[2025-05-23 14:27:34] WARNING: Retrieved 0 new tweets on page 1
[2025-05-23 14:27:34] WARNING: Stopping pagination as we've reached the stop point
[2025-05-23 14:27:34] WARNING: Retrieved a total of 0 tweets across 1 pages
[2025-05-23 14:27:34] WARNING: No new tweets found with trust commands. Exiting without error.
[2025-05-23 14:27:34] WARNING: Collection complete!
[2025-05-23 14:27:34] WARNING: - 0 trust assignments processed
[2025-05-23 14:27:34] WARNING: - 2 users in trust network
[2025-05-23 14:27:34] WARNING: - 31 total trust relationships
[2025-05-23 14:37:33] WARNING: === Starting Twitter Trust System Collection ===
[2025-05-23 14:37:33] WARNING: Will collect tweets until reaching previous timestamp: 2025-05-12 06:54:05+00:00
[2025-05-23 14:37:33] WARNING: Retrieving page 1...
[2025-05-23 14:37:34] WARNING: Newest tweet is from: 2025-05-12 06:54:05+00:00
[2025-05-23 14:37:34] WARNING: Reached stop point at tweet from 2025-05-12 06:54:05+00:00
[2025-05-23 14:37:34] WARNING: Retrieved 0 new tweets on page 1
[2025-05-23 14:37:34] WARNING: Stopping pagination as we've reached the stop point
[2025-05-23 14:37:34] WARNING: Retrieved a total of 0 tweets across 1 pages
[2025-05-23 14:37:34] WARNING: No new tweets found with trust commands. Exiting without error.
[2025-05-23 14:37:34] WARNING: Collection complete!
[2025-05-23 14:37:34] WARNING: - 0 trust assignments processed
[2025-05-23 14:37:34] WARNING: - 2 users in trust network
[2025-05-23 14:37:34] WARNING: - 31 total trust relationships
[2025-05-23 14:47:33] WARNING: === Starting Twitter Trust System Collection ===
[2025-05-23 14:47:33] WARNING: Will collect tweets until reaching previous timestamp: 2025-05-12 06:54:05+00:00
[2025-05-23 14:47:33] WARNING: Retrieving page 1...
[2025-05-23 14:47:34] WARNING: Newest tweet is from: 2025-05-12 06:54:05+00:00
[2025-05-23 14:47:34] WARNING: Reached stop point at tweet from 2025-05-12 06:54:05+00:00
[2025-05-23 14:47:34] WARNING: Retrieved 0 new tweets on page 1
[2025-05-23 14:47:34] WARNING: Stopping pagination as we've reached the stop point
[2025-05-23 14:47:34] WARNING: Retrieved a total of 0 tweets across 1 pages
[2025-05-23 14:47:34] WARNING: No new tweets found with trust commands. Exiting without error.
[2025-05-23 14:47:34] WARNING: Collection complete!
[2025-05-23 14:47:34] WARNING: - 0 trust assignments processed
[2025-05-23 14:47:34] WARNING: - 2 users in trust network
[2025-05-23 14:47:34] WARNING: - 31 total trust relationships
[2025-05-23 15:07:54] WARNING: === Starting Twitter Trust System Collection ===
[2025-05-23 15:07:54] WARNING: Will collect tweets until reaching previous timestamp: 2025-05-12 06:54:05+00:00
[2025-05-23 15:07:54] WARNING: Retrieving page 1...
[2025-05-23 15:07:59] WARNING: Newest tweet is from: 2025-05-12 06:54:05+00:00
[2025-05-23 15:07:59] WARNING: Reached stop point at tweet from 2025-05-12 06:54:05+00:00
[2025-05-23 15:07:59] WARNING: Retrieved 0 new tweets on page 1
[2025-05-23 15:07:59] WARNING: Stopping pagination as we've reached the stop point
[2025-05-23 15:07:59] WARNING: Retrieved a total of 0 tweets across 1 pages
[2025-05-23 15:07:59] WARNING: No new tweets found with trust commands. Exiting without error.
[2025-05-23 15:07:59] WARNING: Collection complete!
[2025-05-23 15:07:59] WARNING: - 0 trust assignments processed
[2025-05-23 15:07:59] WARNING: - 2 users in trust network
[2025-05-23 15:07:59] WARNING: - 31 total trust relationships
[2025-05-23 15:17:33] WARNING: === Starting Twitter Trust System Collection ===
[2025-05-23 15:17:33] WARNING: Will collect tweets until reaching previous timestamp: 2025-05-12 06:54:05+00:00
[2025-05-23 15:17:33] WARNING: Retrieving page 1...
[2025-05-23 15:17:35] WARNING: Newest tweet is from: 2025-05-12 06:54:05+00:00
[2025-05-23 15:17:35] WARNING: Reached stop point at tweet from 2025-05-12 06:54:05+00:00
[2025-05-23 15:17:35] WARNING: Retrieved 0 new tweets on page 1
[2025-05-23 15:17:35] WARNING: Stopping pagination as we've reached the stop point
[2025-05-23 15:17:35] WARNING: Retrieved a total of 0 tweets across 1 pages
[2025-05-23 15:17:35] WARNING: No new tweets found with trust commands. Exiting without error.
[2025-05-23 15:17:35] WARNING: Collection complete!
[2025-05-23 15:17:35] WARNING: - 0 trust assignments processed
[2025-05-23 15:17:35] WARNING: - 2 users in trust network
[2025-05-23 15:17:35] WARNING: - 31 total trust relationships
