[2025-06-06 08:37:33] WARNING: Will collect tweets until reaching previous timestamp: 2025-05-12 06:54:05+00:00
[2025-06-06 08:37:33] WARNING: Retrieving page 1...
[2025-06-06 08:37:36] WARNING: Newest tweet is from: 2025-05-12 06:54:05+00:00
[2025-06-06 08:37:36] WARNING: Reached stop point at tweet from 2025-05-12 06:54:05+00:00
[2025-06-06 08:37:36] WARNING: Retrieved 0 new tweets on page 1
[2025-06-06 08:37:36] WARNING: Stopping pagination as we've reached the stop point
[2025-06-06 08:37:36] WARNING: Retrieved a total of 0 tweets across 1 pages
[2025-06-06 08:37:36] WARNING: No new tweets found with trust commands. Exiting without error.
[2025-06-06 08:37:36] WARNING: Collection complete!
[2025-06-06 08:37:36] WARNING: - 0 trust assignments processed
[2025-06-06 08:37:36] WARNING: - 2 users in trust network
[2025-06-06 08:37:36] WARNING: - 31 total trust relationships
[2025-06-06 08:47:33] WARNING: === Starting Twitter Trust System Collection ===
[2025-06-06 08:47:33] WARNING: Will collect tweets until reaching previous timestamp: 2025-05-12 06:54:05+00:00
[2025-06-06 08:47:33] WARNING: Retrieving page 1...
[2025-06-06 08:47:35] WARNING: Newest tweet is from: 2025-05-12 06:54:05+00:00
[2025-06-06 08:47:35] WARNING: Reached stop point at tweet from 2025-05-12 06:54:05+00:00
[2025-06-06 08:47:35] WARNING: Retrieved 0 new tweets on page 1
[2025-06-06 08:47:35] WARNING: Stopping pagination as we've reached the stop point
[2025-06-06 08:47:35] WARNING: Retrieved a total of 0 tweets across 1 pages
[2025-06-06 08:47:35] WARNING: No new tweets found with trust commands. Exiting without error.
[2025-06-06 08:47:35] WARNING: Collection complete!
[2025-06-06 08:47:35] WARNING: - 0 trust assignments processed
[2025-06-06 08:47:35] WARNING: - 2 users in trust network
[2025-06-06 08:47:35] WARNING: - 31 total trust relationships
[2025-06-06 08:57:33] WARNING: === Starting Twitter Trust System Collection ===
[2025-06-06 08:57:33] WARNING: Will collect tweets until reaching previous timestamp: 2025-05-12 06:54:05+00:00
[2025-06-06 08:57:33] WARNING: Retrieving page 1...
[2025-06-06 08:57:35] WARNING: Newest tweet is from: 2025-05-12 06:54:05+00:00
[2025-06-06 08:57:35] WARNING: Reached stop point at tweet from 2025-05-12 06:54:05+00:00
[2025-06-06 08:57:35] WARNING: Retrieved 0 new tweets on page 1
[2025-06-06 08:57:35] WARNING: Stopping pagination as we've reached the stop point
[2025-06-06 08:57:35] WARNING: Retrieved a total of 0 tweets across 1 pages
[2025-06-06 08:57:35] WARNING: No new tweets found with trust commands. Exiting without error.
[2025-06-06 08:57:35] WARNING: Collection complete!
[2025-06-06 08:57:35] WARNING: - 0 trust assignments processed
[2025-06-06 08:57:35] WARNING: - 2 users in trust network
[2025-06-06 08:57:35] WARNING: - 31 total trust relationships
[2025-06-06 09:07:32] WARNING: === Starting Twitter Trust System Collection ===
[2025-06-06 09:07:32] WARNING: Will collect tweets until reaching previous timestamp: 2025-05-12 06:54:05+00:00
[2025-06-06 09:07:32] WARNING: Retrieving page 1...
[2025-06-06 09:07:35] WARNING: Newest tweet is from: 2025-05-12 06:54:05+00:00
[2025-06-06 09:07:35] WARNING: Reached stop point at tweet from 2025-05-12 06:54:05+00:00
[2025-06-06 09:07:35] WARNING: Retrieved 0 new tweets on page 1
[2025-06-06 09:07:35] WARNING: Stopping pagination as we've reached the stop point
[2025-06-06 09:07:35] WARNING: Retrieved a total of 0 tweets across 1 pages
[2025-06-06 09:07:35] WARNING: No new tweets found with trust commands. Exiting without error.
[2025-06-06 09:07:35] WARNING: Collection complete!
[2025-06-06 09:07:35] WARNING: - 0 trust assignments processed
[2025-06-06 09:07:35] WARNING: - 2 users in trust network
[2025-06-06 09:07:35] WARNING: - 31 total trust relationships
[2025-06-06 09:17:32] WARNING: === Starting Twitter Trust System Collection ===
[2025-06-06 09:17:32] WARNING: Will collect tweets until reaching previous timestamp: 2025-05-12 06:54:05+00:00
[2025-06-06 09:17:32] WARNING: Retrieving page 1...
[2025-06-06 09:17:34] WARNING: Newest tweet is from: 2025-05-12 06:54:05+00:00
[2025-06-06 09:17:35] WARNING: Reached stop point at tweet from 2025-05-12 06:54:05+00:00
[2025-06-06 09:17:35] WARNING: Retrieved 0 new tweets on page 1
[2025-06-06 09:17:35] WARNING: Stopping pagination as we've reached the stop point
[2025-06-06 09:17:35] WARNING: Retrieved a total of 0 tweets across 1 pages
[2025-06-06 09:17:35] WARNING: No new tweets found with trust commands. Exiting without error.
[2025-06-06 09:17:35] WARNING: Collection complete!
[2025-06-06 09:17:35] WARNING: - 0 trust assignments processed
[2025-06-06 09:17:35] WARNING: - 2 users in trust network
[2025-06-06 09:17:35] WARNING: - 31 total trust relationships
[2025-06-06 09:27:32] WARNING: === Starting Twitter Trust System Collection ===
[2025-06-06 09:27:32] WARNING: Will collect tweets until reaching previous timestamp: 2025-05-12 06:54:05+00:00
[2025-06-06 09:27:32] WARNING: Retrieving page 1...
[2025-06-06 09:27:34] WARNING: Newest tweet is from: 2025-05-12 06:54:05+00:00
[2025-06-06 09:27:34] WARNING: Reached stop point at tweet from 2025-05-12 06:54:05+00:00
[2025-06-06 09:27:34] WARNING: Retrieved 0 new tweets on page 1
[2025-06-06 09:27:34] WARNING: Stopping pagination as we've reached the stop point
[2025-06-06 09:27:34] WARNING: Retrieved a total of 0 tweets across 1 pages
[2025-06-06 09:27:34] WARNING: No new tweets found with trust commands. Exiting without error.
[2025-06-06 09:27:34] WARNING: Collection complete!
[2025-06-06 09:27:34] WARNING: - 0 trust assignments processed
[2025-06-06 09:27:34] WARNING: - 2 users in trust network
[2025-06-06 09:27:34] WARNING: - 31 total trust relationships
[2025-06-06 09:37:32] WARNING: === Starting Twitter Trust System Collection ===
[2025-06-06 09:37:32] WARNING: Will collect tweets until reaching previous timestamp: 2025-05-12 06:54:05+00:00
[2025-06-06 09:37:32] WARNING: Retrieving page 1...
[2025-06-06 09:37:34] WARNING: Newest tweet is from: 2025-05-12 06:54:05+00:00
[2025-06-06 09:37:34] WARNING: Reached stop point at tweet from 2025-05-12 06:54:05+00:00
[2025-06-06 09:37:34] WARNING: Retrieved 0 new tweets on page 1
[2025-06-06 09:37:34] WARNING: Stopping pagination as we've reached the stop point
[2025-06-06 09:37:34] WARNING: Retrieved a total of 0 tweets across 1 pages
[2025-06-06 09:37:34] WARNING: No new tweets found with trust commands. Exiting without error.
[2025-06-06 09:37:34] WARNING: Collection complete!
[2025-06-06 09:37:34] WARNING: - 0 trust assignments processed
[2025-06-06 09:37:34] WARNING: - 2 users in trust network
[2025-06-06 09:37:34] WARNING: - 31 total trust relationships
[2025-06-06 09:47:32] WARNING: === Starting Twitter Trust System Collection ===
[2025-06-06 09:47:32] WARNING: Will collect tweets until reaching previous timestamp: 2025-05-12 06:54:05+00:00
[2025-06-06 09:47:32] WARNING: Retrieving page 1...
[2025-06-06 09:47:34] WARNING: Newest tweet is from: 2025-05-12 06:54:05+00:00
[2025-06-06 09:47:34] WARNING: Reached stop point at tweet from 2025-05-12 06:54:05+00:00
[2025-06-06 09:47:34] WARNING: Retrieved 0 new tweets on page 1
[2025-06-06 09:47:34] WARNING: Stopping pagination as we've reached the stop point
[2025-06-06 09:47:34] WARNING: Retrieved a total of 0 tweets across 1 pages
[2025-06-06 09:47:34] WARNING: No new tweets found with trust commands. Exiting without error.
[2025-06-06 09:47:34] WARNING: Collection complete!
[2025-06-06 09:47:34] WARNING: - 0 trust assignments processed
[2025-06-06 09:47:34] WARNING: - 2 users in trust network
[2025-06-06 09:47:34] WARNING: - 31 total trust relationships
[2025-06-06 09:57:32] WARNING: === Starting Twitter Trust System Collection ===
[2025-06-06 09:57:32] WARNING: Will collect tweets until reaching previous timestamp: 2025-05-12 06:54:05+00:00
[2025-06-06 09:57:32] WARNING: Retrieving page 1...
[2025-06-06 09:57:34] WARNING: Newest tweet is from: 2025-05-12 06:54:05+00:00
[2025-06-06 09:57:34] WARNING: Reached stop point at tweet from 2025-05-12 06:54:05+00:00
[2025-06-06 09:57:34] WARNING: Retrieved 0 new tweets on page 1
[2025-06-06 09:57:34] WARNING: Stopping pagination as we've reached the stop point
[2025-06-06 09:57:34] WARNING: Retrieved a total of 0 tweets across 1 pages
[2025-06-06 09:57:34] WARNING: No new tweets found with trust commands. Exiting without error.
[2025-06-06 09:57:34] WARNING: Collection complete!
[2025-06-06 09:57:34] WARNING: - 0 trust assignments processed
[2025-06-06 09:57:34] WARNING: - 2 users in trust network
[2025-06-06 09:57:34] WARNING: - 31 total trust relationships
[2025-06-06 10:07:32] WARNING: === Starting Twitter Trust System Collection ===
[2025-06-06 10:07:32] WARNING: Will collect tweets until reaching previous timestamp: 2025-05-12 06:54:05+00:00
[2025-06-06 10:07:32] WARNING: Retrieving page 1...
[2025-06-06 10:07:35] WARNING: Newest tweet is from: 2025-05-12 06:54:05+00:00
[2025-06-06 10:07:35] WARNING: Reached stop point at tweet from 2025-05-12 06:54:05+00:00
[2025-06-06 10:07:35] WARNING: Retrieved 0 new tweets on page 1
[2025-06-06 10:07:35] WARNING: Stopping pagination as we've reached the stop point
[2025-06-06 10:07:35] WARNING: Retrieved a total of 0 tweets across 1 pages
[2025-06-06 10:07:35] WARNING: No new tweets found with trust commands. Exiting without error.
[2025-06-06 10:07:35] WARNING: Collection complete!
[2025-06-06 10:07:35] WARNING: - 0 trust assignments processed
[2025-06-06 10:07:35] WARNING: - 2 users in trust network
[2025-06-06 10:07:35] WARNING: - 31 total trust relationships
[2025-06-06 10:17:32] WARNING: === Starting Twitter Trust System Collection ===
[2025-06-06 10:17:32] WARNING: Will collect tweets until reaching previous timestamp: 2025-05-12 06:54:05+00:00
[2025-06-06 10:17:32] WARNING: Retrieving page 1...
[2025-06-06 10:17:34] WARNING: Newest tweet is from: 2025-05-12 06:54:05+00:00
[2025-06-06 10:17:34] WARNING: Reached stop point at tweet from 2025-05-12 06:54:05+00:00
[2025-06-06 10:17:34] WARNING: Retrieved 0 new tweets on page 1
[2025-06-06 10:17:34] WARNING: Stopping pagination as we've reached the stop point
[2025-06-06 10:17:34] WARNING: Retrieved a total of 0 tweets across 1 pages
[2025-06-06 10:17:34] WARNING: No new tweets found with trust commands. Exiting without error.
[2025-06-06 10:17:34] WARNING: Collection complete!
[2025-06-06 10:17:34] WARNING: - 0 trust assignments processed
[2025-06-06 10:17:34] WARNING: - 2 users in trust network
[2025-06-06 10:17:34] WARNING: - 31 total trust relationships
[2025-06-06 10:27:33] WARNING: === Starting Twitter Trust System Collection ===
[2025-06-06 10:27:33] WARNING: Will collect tweets until reaching previous timestamp: 2025-05-12 06:54:05+00:00
[2025-06-06 10:27:33] WARNING: Retrieving page 1...
[2025-06-06 10:27:36] WARNING: Newest tweet is from: 2025-05-12 06:54:05+00:00
[2025-06-06 10:27:36] WARNING: Reached stop point at tweet from 2025-05-12 06:54:05+00:00
[2025-06-06 10:27:36] WARNING: Retrieved 0 new tweets on page 1
[2025-06-06 10:27:36] WARNING: Stopping pagination as we've reached the stop point
[2025-06-06 10:27:36] WARNING: Retrieved a total of 0 tweets across 1 pages
[2025-06-06 10:27:36] WARNING: No new tweets found with trust commands. Exiting without error.
[2025-06-06 10:27:36] WARNING: Collection complete!
[2025-06-06 10:27:36] WARNING: - 0 trust assignments processed
[2025-06-06 10:27:36] WARNING: - 2 users in trust network
[2025-06-06 10:27:36] WARNING: - 31 total trust relationships
[2025-06-06 10:37:34] WARNING: === Starting Twitter Trust System Collection ===
[2025-06-06 10:37:34] WARNING: Will collect tweets until reaching previous timestamp: 2025-05-12 06:54:05+00:00
[2025-06-06 10:37:34] WARNING: Retrieving page 1...
[2025-06-06 10:37:36] WARNING: Newest tweet is from: 2025-05-12 06:54:05+00:00
[2025-06-06 10:37:36] WARNING: Reached stop point at tweet from 2025-05-12 06:54:05+00:00
[2025-06-06 10:37:36] WARNING: Retrieved 0 new tweets on page 1
[2025-06-06 10:37:36] WARNING: Stopping pagination as we've reached the stop point
[2025-06-06 10:37:36] WARNING: Retrieved a total of 0 tweets across 1 pages
[2025-06-06 10:37:36] WARNING: No new tweets found with trust commands. Exiting without error.
[2025-06-06 10:37:36] WARNING: Collection complete!
[2025-06-06 10:37:36] WARNING: - 0 trust assignments processed
[2025-06-06 10:37:36] WARNING: - 2 users in trust network
[2025-06-06 10:37:36] WARNING: - 31 total trust relationships
[2025-06-06 10:47:33] WARNING: === Starting Twitter Trust System Collection ===
[2025-06-06 10:47:33] WARNING: Will collect tweets until reaching previous timestamp: 2025-05-12 06:54:05+00:00
[2025-06-06 10:47:33] WARNING: Retrieving page 1...
[2025-06-06 10:47:34] WARNING: Newest tweet is from: 2025-05-12 06:54:05+00:00
[2025-06-06 10:47:34] WARNING: Reached stop point at tweet from 2025-05-12 06:54:05+00:00
[2025-06-06 10:47:34] WARNING: Retrieved 0 new tweets on page 1
[2025-06-06 10:47:34] WARNING: Stopping pagination as we've reached the stop point
[2025-06-06 10:47:34] WARNING: Retrieved a total of 0 tweets across 1 pages
[2025-06-06 10:47:34] WARNING: No new tweets found with trust commands. Exiting without error.
[2025-06-06 10:47:34] WARNING: Collection complete!
[2025-06-06 10:47:34] WARNING: - 0 trust assignments processed
[2025-06-06 10:47:34] WARNING: - 2 users in trust network
[2025-06-06 10:47:34] WARNING: - 31 total trust relationships
[2025-06-06 10:57:33] WARNING: === Starting Twitter Trust System Collection ===
[2025-06-06 10:57:33] WARNING: Will collect tweets until reaching previous timestamp: 2025-05-12 06:54:05+00:00
[2025-06-06 10:57:33] WARNING: Retrieving page 1...
[2025-06-06 10:57:34] WARNING: Newest tweet is from: 2025-05-12 06:54:05+00:00
[2025-06-06 10:57:34] WARNING: Reached stop point at tweet from 2025-05-12 06:54:05+00:00
[2025-06-06 10:57:34] WARNING: Retrieved 0 new tweets on page 1
[2025-06-06 10:57:34] WARNING: Stopping pagination as we've reached the stop point
[2025-06-06 10:57:34] WARNING: Retrieved a total of 0 tweets across 1 pages
[2025-06-06 10:57:34] WARNING: No new tweets found with trust commands. Exiting without error.
[2025-06-06 10:57:34] WARNING: Collection complete!
[2025-06-06 10:57:34] WARNING: - 0 trust assignments processed
[2025-06-06 10:57:34] WARNING: - 2 users in trust network
[2025-06-06 10:57:34] WARNING: - 31 total trust relationships
[2025-06-06 11:07:33] WARNING: === Starting Twitter Trust System Collection ===
[2025-06-06 11:07:33] WARNING: Will collect tweets until reaching previous timestamp: 2025-05-12 06:54:05+00:00
[2025-06-06 11:07:33] WARNING: Retrieving page 1...
[2025-06-06 11:07:35] WARNING: Newest tweet is from: 2025-05-12 06:54:05+00:00
[2025-06-06 11:07:35] WARNING: Reached stop point at tweet from 2025-05-12 06:54:05+00:00
[2025-06-06 11:07:35] WARNING: Retrieved 0 new tweets on page 1
[2025-06-06 11:07:35] WARNING: Stopping pagination as we've reached the stop point
[2025-06-06 11:07:35] WARNING: Retrieved a total of 0 tweets across 1 pages
[2025-06-06 11:07:35] WARNING: No new tweets found with trust commands. Exiting without error.
[2025-06-06 11:07:35] WARNING: Collection complete!
[2025-06-06 11:07:35] WARNING: - 0 trust assignments processed
[2025-06-06 11:07:35] WARNING: - 2 users in trust network
[2025-06-06 11:07:35] WARNING: - 31 total trust relationships
[2025-06-06 11:17:33] WARNING: === Starting Twitter Trust System Collection ===
[2025-06-06 11:17:33] WARNING: Will collect tweets until reaching previous timestamp: 2025-05-12 06:54:05+00:00
[2025-06-06 11:17:33] WARNING: Retrieving page 1...
[2025-06-06 11:17:35] WARNING: Newest tweet is from: 2025-05-12 06:54:05+00:00
[2025-06-06 11:17:35] WARNING: Reached stop point at tweet from 2025-05-12 06:54:05+00:00
[2025-06-06 11:17:35] WARNING: Retrieved 0 new tweets on page 1
[2025-06-06 11:17:35] WARNING: Stopping pagination as we've reached the stop point
[2025-06-06 11:17:35] WARNING: Retrieved a total of 0 tweets across 1 pages
[2025-06-06 11:17:35] WARNING: No new tweets found with trust commands. Exiting without error.
[2025-06-06 11:17:35] WARNING: Collection complete!
[2025-06-06 11:17:35] WARNING: - 0 trust assignments processed
[2025-06-06 11:17:35] WARNING: - 2 users in trust network
[2025-06-06 11:17:35] WARNING: - 31 total trust relationships
[2025-06-06 11:27:33] WARNING: === Starting Twitter Trust System Collection ===
[2025-06-06 11:27:33] WARNING: Will collect tweets until reaching previous timestamp: 2025-05-12 06:54:05+00:00
[2025-06-06 11:27:33] WARNING: Retrieving page 1...
[2025-06-06 11:27:34] WARNING: Newest tweet is from: 2025-05-12 06:54:05+00:00
[2025-06-06 11:27:34] WARNING: Reached stop point at tweet from 2025-05-12 06:54:05+00:00
[2025-06-06 11:27:34] WARNING: Retrieved 0 new tweets on page 1
[2025-06-06 11:27:34] WARNING: Stopping pagination as we've reached the stop point
[2025-06-06 11:27:34] WARNING: Retrieved a total of 0 tweets across 1 pages
[2025-06-06 11:27:34] WARNING: No new tweets found with trust commands. Exiting without error.
[2025-06-06 11:27:34] WARNING: Collection complete!
[2025-06-06 11:27:34] WARNING: - 0 trust assignments processed
[2025-06-06 11:27:34] WARNING: - 2 users in trust network
[2025-06-06 11:27:34] WARNING: - 31 total trust relationships
[2025-06-06 11:37:33] WARNING: === Starting Twitter Trust System Collection ===
[2025-06-06 11:37:33] WARNING: Will collect tweets until reaching previous timestamp: 2025-05-12 06:54:05+00:00
[2025-06-06 11:37:33] WARNING: Retrieving page 1...
[2025-06-06 11:37:35] WARNING: Newest tweet is from: 2025-05-12 06:54:05+00:00
[2025-06-06 11:37:35] WARNING: Reached stop point at tweet from 2025-05-12 06:54:05+00:00
[2025-06-06 11:37:35] WARNING: Retrieved 0 new tweets on page 1
[2025-06-06 11:37:35] WARNING: Stopping pagination as we've reached the stop point
[2025-06-06 11:37:35] WARNING: Retrieved a total of 0 tweets across 1 pages
[2025-06-06 11:37:35] WARNING: No new tweets found with trust commands. Exiting without error.
[2025-06-06 11:37:35] WARNING: Collection complete!
[2025-06-06 11:37:35] WARNING: - 0 trust assignments processed
[2025-06-06 11:37:35] WARNING: - 2 users in trust network
[2025-06-06 11:37:35] WARNING: - 31 total trust relationships
[2025-06-06 11:47:33] WARNING: === Starting Twitter Trust System Collection ===
[2025-06-06 11:47:33] WARNING: Will collect tweets until reaching previous timestamp: 2025-05-12 06:54:05+00:00
[2025-06-06 11:47:33] WARNING: Retrieving page 1...
[2025-06-06 11:47:35] WARNING: Newest tweet is from: 2025-05-12 06:54:05+00:00
[2025-06-06 11:47:35] WARNING: Reached stop point at tweet from 2025-05-12 06:54:05+00:00
[2025-06-06 11:47:35] WARNING: Retrieved 0 new tweets on page 1
[2025-06-06 11:47:35] WARNING: Stopping pagination as we've reached the stop point
[2025-06-06 11:47:35] WARNING: Retrieved a total of 0 tweets across 1 pages
[2025-06-06 11:47:35] WARNING: No new tweets found with trust commands. Exiting without error.
[2025-06-06 11:47:35] WARNING: Collection complete!
[2025-06-06 11:47:35] WARNING: - 0 trust assignments processed
[2025-06-06 11:47:35] WARNING: - 2 users in trust network
[2025-06-06 11:47:35] WARNING: - 31 total trust relationships
[2025-06-06 11:57:33] WARNING: === Starting Twitter Trust System Collection ===
[2025-06-06 11:57:33] WARNING: Will collect tweets until reaching previous timestamp: 2025-05-12 06:54:05+00:00
[2025-06-06 11:57:33] WARNING: Retrieving page 1...
[2025-06-06 11:57:34] WARNING: Newest tweet is from: 2025-05-12 06:54:05+00:00
[2025-06-06 11:57:34] WARNING: Reached stop point at tweet from 2025-05-12 06:54:05+00:00
[2025-06-06 11:57:34] WARNING: Retrieved 0 new tweets on page 1
[2025-06-06 11:57:34] WARNING: Stopping pagination as we've reached the stop point
[2025-06-06 11:57:34] WARNING: Retrieved a total of 0 tweets across 1 pages
[2025-06-06 11:57:34] WARNING: No new tweets found with trust commands. Exiting without error.
[2025-06-06 11:57:34] WARNING: Collection complete!
[2025-06-06 11:57:34] WARNING: - 0 trust assignments processed
[2025-06-06 11:57:34] WARNING: - 2 users in trust network
[2025-06-06 11:57:34] WARNING: - 31 total trust relationships
[2025-06-06 12:07:33] WARNING: === Starting Twitter Trust System Collection ===
[2025-06-06 12:07:33] WARNING: Will collect tweets until reaching previous timestamp: 2025-05-12 06:54:05+00:00
[2025-06-06 12:07:33] WARNING: Retrieving page 1...
[2025-06-06 12:07:34] WARNING: Newest tweet is from: 2025-05-12 06:54:05+00:00
[2025-06-06 12:07:34] WARNING: Reached stop point at tweet from 2025-05-12 06:54:05+00:00
[2025-06-06 12:07:34] WARNING: Retrieved 0 new tweets on page 1
[2025-06-06 12:07:34] WARNING: Stopping pagination as we've reached the stop point
[2025-06-06 12:07:34] WARNING: Retrieved a total of 0 tweets across 1 pages
[2025-06-06 12:07:34] WARNING: No new tweets found with trust commands. Exiting without error.
[2025-06-06 12:07:34] WARNING: Collection complete!
[2025-06-06 12:07:34] WARNING: - 0 trust assignments processed
[2025-06-06 12:07:34] WARNING: - 2 users in trust network
[2025-06-06 12:07:34] WARNING: - 31 total trust relationships
[2025-06-06 12:17:33] WARNING: === Starting Twitter Trust System Collection ===
[2025-06-06 12:17:33] WARNING: Will collect tweets until reaching previous timestamp: 2025-05-12 06:54:05+00:00
[2025-06-06 12:17:33] WARNING: Retrieving page 1...
[2025-06-06 12:17:34] WARNING: Newest tweet is from: 2025-05-12 06:54:05+00:00
[2025-06-06 12:17:34] WARNING: Reached stop point at tweet from 2025-05-12 06:54:05+00:00
[2025-06-06 12:17:34] WARNING: Retrieved 0 new tweets on page 1
[2025-06-06 12:17:34] WARNING: Stopping pagination as we've reached the stop point
[2025-06-06 12:17:34] WARNING: Retrieved a total of 0 tweets across 1 pages
[2025-06-06 12:17:34] WARNING: No new tweets found with trust commands. Exiting without error.
[2025-06-06 12:17:34] WARNING: Collection complete!
[2025-06-06 12:17:34] WARNING: - 0 trust assignments processed
[2025-06-06 12:17:34] WARNING: - 2 users in trust network
[2025-06-06 12:17:34] WARNING: - 31 total trust relationships
[2025-06-06 12:27:33] WARNING: === Starting Twitter Trust System Collection ===
[2025-06-06 12:27:33] WARNING: Will collect tweets until reaching previous timestamp: 2025-05-12 06:54:05+00:00
[2025-06-06 12:27:33] WARNING: Retrieving page 1...
[2025-06-06 12:27:34] WARNING: Newest tweet is from: 2025-05-12 06:54:05+00:00
[2025-06-06 12:27:34] WARNING: Reached stop point at tweet from 2025-05-12 06:54:05+00:00
[2025-06-06 12:27:34] WARNING: Retrieved 0 new tweets on page 1
[2025-06-06 12:27:34] WARNING: Stopping pagination as we've reached the stop point
[2025-06-06 12:27:34] WARNING: Retrieved a total of 0 tweets across 1 pages
[2025-06-06 12:27:34] WARNING: No new tweets found with trust commands. Exiting without error.
[2025-06-06 12:27:34] WARNING: Collection complete!
[2025-06-06 12:27:34] WARNING: - 0 trust assignments processed
[2025-06-06 12:27:34] WARNING: - 2 users in trust network
[2025-06-06 12:27:34] WARNING: - 31 total trust relationships
[2025-06-06 12:37:33] WARNING: === Starting Twitter Trust System Collection ===
[2025-06-06 12:37:33] WARNING: Will collect tweets until reaching previous timestamp: 2025-05-12 06:54:05+00:00
[2025-06-06 12:37:33] WARNING: Retrieving page 1...
[2025-06-06 12:37:35] WARNING: Newest tweet is from: 2025-05-12 06:54:05+00:00
[2025-06-06 12:37:35] WARNING: Reached stop point at tweet from 2025-05-12 06:54:05+00:00
[2025-06-06 12:37:35] WARNING: Retrieved 0 new tweets on page 1
[2025-06-06 12:37:35] WARNING: Stopping pagination as we've reached the stop point
[2025-06-06 12:37:35] WARNING: Retrieved a total of 0 tweets across 1 pages
[2025-06-06 12:37:35] WARNING: No new tweets found with trust commands. Exiting without error.
[2025-06-06 12:37:35] WARNING: Collection complete!
[2025-06-06 12:37:35] WARNING: - 0 trust assignments processed
[2025-06-06 12:37:35] WARNING: - 2 users in trust network
[2025-06-06 12:37:35] WARNING: - 31 total trust relationships
[2025-06-06 12:47:33] WARNING: === Starting Twitter Trust System Collection ===
[2025-06-06 12:47:33] WARNING: Will collect tweets until reaching previous timestamp: 2025-05-12 06:54:05+00:00
[2025-06-06 12:47:33] WARNING: Retrieving page 1...
[2025-06-06 12:47:34] WARNING: Newest tweet is from: 2025-05-12 06:54:05+00:00
[2025-06-06 12:47:34] WARNING: Reached stop point at tweet from 2025-05-12 06:54:05+00:00
[2025-06-06 12:47:34] WARNING: Retrieved 0 new tweets on page 1
[2025-06-06 12:47:34] WARNING: Stopping pagination as we've reached the stop point
[2025-06-06 12:47:34] WARNING: Retrieved a total of 0 tweets across 1 pages
[2025-06-06 12:47:34] WARNING: No new tweets found with trust commands. Exiting without error.
[2025-06-06 12:47:34] WARNING: Collection complete!
[2025-06-06 12:47:34] WARNING: - 0 trust assignments processed
[2025-06-06 12:47:34] WARNING: - 2 users in trust network
[2025-06-06 12:47:34] WARNING: - 31 total trust relationships
[2025-06-06 12:57:33] WARNING: === Starting Twitter Trust System Collection ===
[2025-06-06 12:57:33] WARNING: Will collect tweets until reaching previous timestamp: 2025-05-12 06:54:05+00:00
[2025-06-06 12:57:33] WARNING: Retrieving page 1...
[2025-06-06 12:57:35] WARNING: Newest tweet is from: 2025-05-12 06:54:05+00:00
[2025-06-06 12:57:35] WARNING: Reached stop point at tweet from 2025-05-12 06:54:05+00:00
[2025-06-06 12:57:35] WARNING: Retrieved 0 new tweets on page 1
[2025-06-06 12:57:35] WARNING: Stopping pagination as we've reached the stop point
[2025-06-06 12:57:35] WARNING: Retrieved a total of 0 tweets across 1 pages
[2025-06-06 12:57:35] WARNING: No new tweets found with trust commands. Exiting without error.
[2025-06-06 12:57:35] WARNING: Collection complete!
[2025-06-06 12:57:35] WARNING: - 0 trust assignments processed
[2025-06-06 12:57:35] WARNING: - 2 users in trust network
[2025-06-06 12:57:35] WARNING: - 31 total trust relationships
[2025-06-06 13:07:33] WARNING: === Starting Twitter Trust System Collection ===
[2025-06-06 13:07:33] WARNING: Will collect tweets until reaching previous timestamp: 2025-05-12 06:54:05+00:00
[2025-06-06 13:07:33] WARNING: Retrieving page 1...
[2025-06-06 13:07:34] WARNING: Newest tweet is from: 2025-05-12 06:54:05+00:00
[2025-06-06 13:07:34] WARNING: Reached stop point at tweet from 2025-05-12 06:54:05+00:00
[2025-06-06 13:07:34] WARNING: Retrieved 0 new tweets on page 1
[2025-06-06 13:07:34] WARNING: Stopping pagination as we've reached the stop point
[2025-06-06 13:07:34] WARNING: Retrieved a total of 0 tweets across 1 pages
[2025-06-06 13:07:34] WARNING: No new tweets found with trust commands. Exiting without error.
[2025-06-06 13:07:34] WARNING: Collection complete!
[2025-06-06 13:07:34] WARNING: - 0 trust assignments processed
[2025-06-06 13:07:34] WARNING: - 2 users in trust network
[2025-06-06 13:07:34] WARNING: - 31 total trust relationships
[2025-06-06 13:17:33] WARNING: === Starting Twitter Trust System Collection ===
[2025-06-06 13:17:33] WARNING: Will collect tweets until reaching previous timestamp: 2025-05-12 06:54:05+00:00
[2025-06-06 13:17:33] WARNING: Retrieving page 1...
[2025-06-06 13:17:34] WARNING: Newest tweet is from: 2025-05-12 06:54:05+00:00
[2025-06-06 13:17:34] WARNING: Reached stop point at tweet from 2025-05-12 06:54:05+00:00
[2025-06-06 13:17:34] WARNING: Retrieved 0 new tweets on page 1
[2025-06-06 13:17:34] WARNING: Stopping pagination as we've reached the stop point
[2025-06-06 13:17:34] WARNING: Retrieved a total of 0 tweets across 1 pages
[2025-06-06 13:17:34] WARNING: No new tweets found with trust commands. Exiting without error.
[2025-06-06 13:17:34] WARNING: Collection complete!
[2025-06-06 13:17:34] WARNING: - 0 trust assignments processed
[2025-06-06 13:17:34] WARNING: - 2 users in trust network
[2025-06-06 13:17:34] WARNING: - 31 total trust relationships
[2025-06-06 13:27:33] WARNING: === Starting Twitter Trust System Collection ===
[2025-06-06 13:27:33] WARNING: Will collect tweets until reaching previous timestamp: 2025-05-12 06:54:05+00:00
[2025-06-06 13:27:33] WARNING: Retrieving page 1...
[2025-06-06 13:27:34] WARNING: Newest tweet is from: 2025-05-12 06:54:05+00:00
[2025-06-06 13:27:34] WARNING: Reached stop point at tweet from 2025-05-12 06:54:05+00:00
[2025-06-06 13:27:34] WARNING: Retrieved 0 new tweets on page 1
[2025-06-06 13:27:34] WARNING: Stopping pagination as we've reached the stop point
[2025-06-06 13:27:34] WARNING: Retrieved a total of 0 tweets across 1 pages
[2025-06-06 13:27:34] WARNING: No new tweets found with trust commands. Exiting without error.
[2025-06-06 13:27:34] WARNING: Collection complete!
[2025-06-06 13:27:34] WARNING: - 0 trust assignments processed
[2025-06-06 13:27:34] WARNING: - 2 users in trust network
[2025-06-06 13:27:34] WARNING: - 31 total trust relationships
[2025-06-06 13:37:33] WARNING: === Starting Twitter Trust System Collection ===
[2025-06-06 13:37:33] WARNING: Will collect tweets until reaching previous timestamp: 2025-05-12 06:54:05+00:00
[2025-06-06 13:37:33] WARNING: Retrieving page 1...
[2025-06-06 13:37:34] WARNING: Newest tweet is from: 2025-05-12 06:54:05+00:00
[2025-06-06 13:37:34] WARNING: Reached stop point at tweet from 2025-05-12 06:54:05+00:00
[2025-06-06 13:37:34] WARNING: Retrieved 0 new tweets on page 1
[2025-06-06 13:37:34] WARNING: Stopping pagination as we've reached the stop point
[2025-06-06 13:37:34] WARNING: Retrieved a total of 0 tweets across 1 pages
[2025-06-06 13:37:34] WARNING: No new tweets found with trust commands. Exiting without error.
[2025-06-06 13:37:34] WARNING: Collection complete!
[2025-06-06 13:37:34] WARNING: - 0 trust assignments processed
[2025-06-06 13:37:34] WARNING: - 2 users in trust network
[2025-06-06 13:37:34] WARNING: - 31 total trust relationships
[2025-06-06 13:47:33] WARNING: === Starting Twitter Trust System Collection ===
[2025-06-06 13:47:33] WARNING: Will collect tweets until reaching previous timestamp: 2025-05-12 06:54:05+00:00
[2025-06-06 13:47:33] WARNING: Retrieving page 1...
[2025-06-06 13:47:34] WARNING: Newest tweet is from: 2025-05-12 06:54:05+00:00
[2025-06-06 13:47:34] WARNING: Reached stop point at tweet from 2025-05-12 06:54:05+00:00
[2025-06-06 13:47:34] WARNING: Retrieved 0 new tweets on page 1
[2025-06-06 13:47:34] WARNING: Stopping pagination as we've reached the stop point
[2025-06-06 13:47:34] WARNING: Retrieved a total of 0 tweets across 1 pages
[2025-06-06 13:47:34] WARNING: No new tweets found with trust commands. Exiting without error.
[2025-06-06 13:47:34] WARNING: Collection complete!
[2025-06-06 13:47:34] WARNING: - 0 trust assignments processed
[2025-06-06 13:47:34] WARNING: - 2 users in trust network
[2025-06-06 13:47:34] WARNING: - 31 total trust relationships
[2025-06-06 13:57:33] WARNING: === Starting Twitter Trust System Collection ===
[2025-06-06 13:57:33] WARNING: Will collect tweets until reaching previous timestamp: 2025-05-12 06:54:05+00:00
[2025-06-06 13:57:33] WARNING: Retrieving page 1...
[2025-06-06 13:57:35] WARNING: Newest tweet is from: 2025-05-12 06:54:05+00:00
[2025-06-06 13:57:35] WARNING: Reached stop point at tweet from 2025-05-12 06:54:05+00:00
[2025-06-06 13:57:35] WARNING: Retrieved 0 new tweets on page 1
[2025-06-06 13:57:35] WARNING: Stopping pagination as we've reached the stop point
[2025-06-06 13:57:35] WARNING: Retrieved a total of 0 tweets across 1 pages
[2025-06-06 13:57:35] WARNING: No new tweets found with trust commands. Exiting without error.
[2025-06-06 13:57:35] WARNING: Collection complete!
[2025-06-06 13:57:35] WARNING: - 0 trust assignments processed
[2025-06-06 13:57:35] WARNING: - 2 users in trust network
[2025-06-06 13:57:35] WARNING: - 31 total trust relationships
[2025-06-06 14:07:33] WARNING: === Starting Twitter Trust System Collection ===
[2025-06-06 14:07:33] WARNING: Will collect tweets until reaching previous timestamp: 2025-05-12 06:54:05+00:00
[2025-06-06 14:07:33] WARNING: Retrieving page 1...
[2025-06-06 14:07:34] WARNING: Newest tweet is from: 2025-05-12 06:54:05+00:00
[2025-06-06 14:07:34] WARNING: Reached stop point at tweet from 2025-05-12 06:54:05+00:00
[2025-06-06 14:07:34] WARNING: Retrieved 0 new tweets on page 1
[2025-06-06 14:07:34] WARNING: Stopping pagination as we've reached the stop point
[2025-06-06 14:07:34] WARNING: Retrieved a total of 0 tweets across 1 pages
[2025-06-06 14:07:34] WARNING: No new tweets found with trust commands. Exiting without error.
[2025-06-06 14:07:34] WARNING: Collection complete!
[2025-06-06 14:07:34] WARNING: - 0 trust assignments processed
[2025-06-06 14:07:34] WARNING: - 2 users in trust network
[2025-06-06 14:07:34] WARNING: - 31 total trust relationships
