[2025-06-04 22:27:35] WARNING: Retrieved a total of 0 tweets across 1 pages
[2025-06-04 22:27:35] WARNING: No new tweets found with trust commands. Exiting without error.
[2025-06-04 22:27:35] WARNING: Collection complete!
[2025-06-04 22:27:35] WARNING: - 0 trust assignments processed
[2025-06-04 22:27:35] WARNING: - 2 users in trust network
[2025-06-04 22:27:35] WARNING: - 31 total trust relationships
[2025-06-04 22:37:33] WARNING: === Starting Twitter Trust System Collection ===
[2025-06-04 22:37:33] WARNING: Will collect tweets until reaching previous timestamp: 2025-05-12 06:54:05+00:00
[2025-06-04 22:37:33] WARNING: Retrieving page 1...
[2025-06-04 22:37:34] WARNING: Newest tweet is from: 2025-05-12 06:54:05+00:00
[2025-06-04 22:37:34] WARNING: Reached stop point at tweet from 2025-05-12 06:54:05+00:00
[2025-06-04 22:37:34] WARNING: Retrieved 0 new tweets on page 1
[2025-06-04 22:37:34] WARNING: Stopping pagination as we've reached the stop point
[2025-06-04 22:37:34] WARNING: Retrieved a total of 0 tweets across 1 pages
[2025-06-04 22:37:34] WARNING: No new tweets found with trust commands. Exiting without error.
[2025-06-04 22:37:34] WARNING: Collection complete!
[2025-06-04 22:37:34] WARNING: - 0 trust assignments processed
[2025-06-04 22:37:34] WARNING: - 2 users in trust network
[2025-06-04 22:37:34] WARNING: - 31 total trust relationships
[2025-06-04 22:47:33] WARNING: === Starting Twitter Trust System Collection ===
[2025-06-04 22:47:33] WARNING: Will collect tweets until reaching previous timestamp: 2025-05-12 06:54:05+00:00
[2025-06-04 22:47:33] WARNING: Retrieving page 1...
[2025-06-04 22:47:34] WARNING: Newest tweet is from: 2025-05-12 06:54:05+00:00
[2025-06-04 22:47:34] WARNING: Reached stop point at tweet from 2025-05-12 06:54:05+00:00
[2025-06-04 22:47:34] WARNING: Retrieved 0 new tweets on page 1
[2025-06-04 22:47:34] WARNING: Stopping pagination as we've reached the stop point
[2025-06-04 22:47:34] WARNING: Retrieved a total of 0 tweets across 1 pages
[2025-06-04 22:47:34] WARNING: No new tweets found with trust commands. Exiting without error.
[2025-06-04 22:47:34] WARNING: Collection complete!
[2025-06-04 22:47:34] WARNING: - 0 trust assignments processed
[2025-06-04 22:47:34] WARNING: - 2 users in trust network
[2025-06-04 22:47:34] WARNING: - 31 total trust relationships
[2025-06-04 22:57:33] WARNING: === Starting Twitter Trust System Collection ===
[2025-06-04 22:57:33] WARNING: Will collect tweets until reaching previous timestamp: 2025-05-12 06:54:05+00:00
[2025-06-04 22:57:33] WARNING: Retrieving page 1...
[2025-06-04 22:57:34] WARNING: Newest tweet is from: 2025-05-12 06:54:05+00:00
[2025-06-04 22:57:34] WARNING: Reached stop point at tweet from 2025-05-12 06:54:05+00:00
[2025-06-04 22:57:34] WARNING: Retrieved 0 new tweets on page 1
[2025-06-04 22:57:34] WARNING: Stopping pagination as we've reached the stop point
[2025-06-04 22:57:34] WARNING: Retrieved a total of 0 tweets across 1 pages
[2025-06-04 22:57:34] WARNING: No new tweets found with trust commands. Exiting without error.
[2025-06-04 22:57:34] WARNING: Collection complete!
[2025-06-04 22:57:34] WARNING: - 0 trust assignments processed
[2025-06-04 22:57:34] WARNING: - 2 users in trust network
[2025-06-04 22:57:34] WARNING: - 31 total trust relationships
[2025-06-04 23:07:33] WARNING: === Starting Twitter Trust System Collection ===
[2025-06-04 23:07:33] WARNING: Will collect tweets until reaching previous timestamp: 2025-05-12 06:54:05+00:00
[2025-06-04 23:07:33] WARNING: Retrieving page 1...
[2025-06-04 23:07:34] WARNING: Newest tweet is from: 2025-05-12 06:54:05+00:00
[2025-06-04 23:07:34] WARNING: Reached stop point at tweet from 2025-05-12 06:54:05+00:00
[2025-06-04 23:07:34] WARNING: Retrieved 0 new tweets on page 1
[2025-06-04 23:07:34] WARNING: Stopping pagination as we've reached the stop point
[2025-06-04 23:07:34] WARNING: Retrieved a total of 0 tweets across 1 pages
[2025-06-04 23:07:34] WARNING: No new tweets found with trust commands. Exiting without error.
[2025-06-04 23:07:34] WARNING: Collection complete!
[2025-06-04 23:07:34] WARNING: - 0 trust assignments processed
[2025-06-04 23:07:34] WARNING: - 2 users in trust network
[2025-06-04 23:07:34] WARNING: - 31 total trust relationships
[2025-06-04 23:17:33] WARNING: === Starting Twitter Trust System Collection ===
[2025-06-04 23:17:33] WARNING: Will collect tweets until reaching previous timestamp: 2025-05-12 06:54:05+00:00
[2025-06-04 23:17:33] WARNING: Retrieving page 1...
[2025-06-04 23:17:35] WARNING: Newest tweet is from: 2025-05-12 06:54:05+00:00
[2025-06-04 23:17:35] WARNING: Reached stop point at tweet from 2025-05-12 06:54:05+00:00
[2025-06-04 23:17:35] WARNING: Retrieved 0 new tweets on page 1
[2025-06-04 23:17:35] WARNING: Stopping pagination as we've reached the stop point
[2025-06-04 23:17:35] WARNING: Retrieved a total of 0 tweets across 1 pages
[2025-06-04 23:17:35] WARNING: No new tweets found with trust commands. Exiting without error.
[2025-06-04 23:17:35] WARNING: Collection complete!
[2025-06-04 23:17:35] WARNING: - 0 trust assignments processed
[2025-06-04 23:17:35] WARNING: - 2 users in trust network
[2025-06-04 23:17:35] WARNING: - 31 total trust relationships
[2025-06-04 23:27:33] WARNING: === Starting Twitter Trust System Collection ===
[2025-06-04 23:27:33] WARNING: Will collect tweets until reaching previous timestamp: 2025-05-12 06:54:05+00:00
[2025-06-04 23:27:33] WARNING: Retrieving page 1...
[2025-06-04 23:27:34] WARNING: Newest tweet is from: 2025-05-12 06:54:05+00:00
[2025-06-04 23:27:34] WARNING: Reached stop point at tweet from 2025-05-12 06:54:05+00:00
[2025-06-04 23:27:34] WARNING: Retrieved 0 new tweets on page 1
[2025-06-04 23:27:34] WARNING: Stopping pagination as we've reached the stop point
[2025-06-04 23:27:34] WARNING: Retrieved a total of 0 tweets across 1 pages
[2025-06-04 23:27:34] WARNING: No new tweets found with trust commands. Exiting without error.
[2025-06-04 23:27:34] WARNING: Collection complete!
[2025-06-04 23:27:34] WARNING: - 0 trust assignments processed
[2025-06-04 23:27:34] WARNING: - 2 users in trust network
[2025-06-04 23:27:34] WARNING: - 31 total trust relationships
[2025-06-04 23:37:33] WARNING: === Starting Twitter Trust System Collection ===
[2025-06-04 23:37:33] WARNING: Will collect tweets until reaching previous timestamp: 2025-05-12 06:54:05+00:00
[2025-06-04 23:37:33] WARNING: Retrieving page 1...
[2025-06-04 23:37:34] WARNING: Newest tweet is from: 2025-05-12 06:54:05+00:00
[2025-06-04 23:37:34] WARNING: Reached stop point at tweet from 2025-05-12 06:54:05+00:00
[2025-06-04 23:37:34] WARNING: Retrieved 0 new tweets on page 1
[2025-06-04 23:37:34] WARNING: Stopping pagination as we've reached the stop point
[2025-06-04 23:37:34] WARNING: Retrieved a total of 0 tweets across 1 pages
[2025-06-04 23:37:34] WARNING: No new tweets found with trust commands. Exiting without error.
[2025-06-04 23:37:34] WARNING: Collection complete!
[2025-06-04 23:37:34] WARNING: - 0 trust assignments processed
[2025-06-04 23:37:34] WARNING: - 2 users in trust network
[2025-06-04 23:37:34] WARNING: - 31 total trust relationships
[2025-06-04 23:47:33] WARNING: === Starting Twitter Trust System Collection ===
[2025-06-04 23:47:33] WARNING: Will collect tweets until reaching previous timestamp: 2025-05-12 06:54:05+00:00
[2025-06-04 23:47:33] WARNING: Retrieving page 1...
[2025-06-04 23:47:35] WARNING: Newest tweet is from: 2025-05-12 06:54:05+00:00
[2025-06-04 23:47:35] WARNING: Reached stop point at tweet from 2025-05-12 06:54:05+00:00
[2025-06-04 23:47:35] WARNING: Retrieved 0 new tweets on page 1
[2025-06-04 23:47:35] WARNING: Stopping pagination as we've reached the stop point
[2025-06-04 23:47:35] WARNING: Retrieved a total of 0 tweets across 1 pages
[2025-06-04 23:47:35] WARNING: No new tweets found with trust commands. Exiting without error.
[2025-06-04 23:47:35] WARNING: Collection complete!
[2025-06-04 23:47:35] WARNING: - 0 trust assignments processed
[2025-06-04 23:47:35] WARNING: - 2 users in trust network
[2025-06-04 23:47:35] WARNING: - 31 total trust relationships
[2025-06-04 23:57:33] WARNING: === Starting Twitter Trust System Collection ===
[2025-06-04 23:57:33] WARNING: Will collect tweets until reaching previous timestamp: 2025-05-12 06:54:05+00:00
[2025-06-04 23:57:33] WARNING: Retrieving page 1...
[2025-06-04 23:57:34] WARNING: Newest tweet is from: 2025-05-12 06:54:05+00:00
[2025-06-04 23:57:34] WARNING: Reached stop point at tweet from 2025-05-12 06:54:05+00:00
[2025-06-04 23:57:34] WARNING: Retrieved 0 new tweets on page 1
[2025-06-04 23:57:34] WARNING: Stopping pagination as we've reached the stop point
[2025-06-04 23:57:34] WARNING: Retrieved a total of 0 tweets across 1 pages
[2025-06-04 23:57:34] WARNING: No new tweets found with trust commands. Exiting without error.
[2025-06-04 23:57:34] WARNING: Collection complete!
[2025-06-04 23:57:34] WARNING: - 0 trust assignments processed
[2025-06-04 23:57:34] WARNING: - 2 users in trust network
[2025-06-04 23:57:34] WARNING: - 31 total trust relationships
[2025-06-05 00:07:33] WARNING: === Starting Twitter Trust System Collection ===
[2025-06-05 00:07:33] WARNING: Will collect tweets until reaching previous timestamp: 2025-05-12 06:54:05+00:00
[2025-06-05 00:07:33] WARNING: Retrieving page 1...
[2025-06-05 00:07:34] WARNING: Newest tweet is from: 2025-05-12 06:54:05+00:00
[2025-06-05 00:07:34] WARNING: Reached stop point at tweet from 2025-05-12 06:54:05+00:00
[2025-06-05 00:07:34] WARNING: Retrieved 0 new tweets on page 1
[2025-06-05 00:07:34] WARNING: Stopping pagination as we've reached the stop point
[2025-06-05 00:07:34] WARNING: Retrieved a total of 0 tweets across 1 pages
[2025-06-05 00:07:34] WARNING: No new tweets found with trust commands. Exiting without error.
[2025-06-05 00:07:34] WARNING: Collection complete!
[2025-06-05 00:07:34] WARNING: - 0 trust assignments processed
[2025-06-05 00:07:34] WARNING: - 2 users in trust network
[2025-06-05 00:07:34] WARNING: - 31 total trust relationships
[2025-06-05 00:17:33] WARNING: === Starting Twitter Trust System Collection ===
[2025-06-05 00:17:33] WARNING: Will collect tweets until reaching previous timestamp: 2025-05-12 06:54:05+00:00
[2025-06-05 00:17:33] WARNING: Retrieving page 1...
[2025-06-05 00:17:34] WARNING: Newest tweet is from: 2025-05-12 06:54:05+00:00
[2025-06-05 00:17:34] WARNING: Reached stop point at tweet from 2025-05-12 06:54:05+00:00
[2025-06-05 00:17:34] WARNING: Retrieved 0 new tweets on page 1
[2025-06-05 00:17:34] WARNING: Stopping pagination as we've reached the stop point
[2025-06-05 00:17:34] WARNING: Retrieved a total of 0 tweets across 1 pages
[2025-06-05 00:17:34] WARNING: No new tweets found with trust commands. Exiting without error.
[2025-06-05 00:17:34] WARNING: Collection complete!
[2025-06-05 00:17:34] WARNING: - 0 trust assignments processed
[2025-06-05 00:17:34] WARNING: - 2 users in trust network
[2025-06-05 00:17:34] WARNING: - 31 total trust relationships
[2025-06-05 00:27:33] WARNING: === Starting Twitter Trust System Collection ===
[2025-06-05 00:27:33] WARNING: Will collect tweets until reaching previous timestamp: 2025-05-12 06:54:05+00:00
[2025-06-05 00:27:33] WARNING: Retrieving page 1...
[2025-06-05 00:27:34] WARNING: Newest tweet is from: 2025-05-12 06:54:05+00:00
[2025-06-05 00:27:34] WARNING: Reached stop point at tweet from 2025-05-12 06:54:05+00:00
[2025-06-05 00:27:34] WARNING: Retrieved 0 new tweets on page 1
[2025-06-05 00:27:34] WARNING: Stopping pagination as we've reached the stop point
[2025-06-05 00:27:34] WARNING: Retrieved a total of 0 tweets across 1 pages
[2025-06-05 00:27:34] WARNING: No new tweets found with trust commands. Exiting without error.
[2025-06-05 00:27:34] WARNING: Collection complete!
[2025-06-05 00:27:34] WARNING: - 0 trust assignments processed
[2025-06-05 00:27:34] WARNING: - 2 users in trust network
[2025-06-05 00:27:34] WARNING: - 31 total trust relationships
[2025-06-05 00:37:33] WARNING: === Starting Twitter Trust System Collection ===
[2025-06-05 00:37:33] WARNING: Will collect tweets until reaching previous timestamp: 2025-05-12 06:54:05+00:00
[2025-06-05 00:37:33] WARNING: Retrieving page 1...
[2025-06-05 00:37:34] WARNING: Newest tweet is from: 2025-05-12 06:54:05+00:00
[2025-06-05 00:37:34] WARNING: Reached stop point at tweet from 2025-05-12 06:54:05+00:00
[2025-06-05 00:37:34] WARNING: Retrieved 0 new tweets on page 1
[2025-06-05 00:37:34] WARNING: Stopping pagination as we've reached the stop point
[2025-06-05 00:37:34] WARNING: Retrieved a total of 0 tweets across 1 pages
[2025-06-05 00:37:34] WARNING: No new tweets found with trust commands. Exiting without error.
[2025-06-05 00:37:34] WARNING: Collection complete!
[2025-06-05 00:37:34] WARNING: - 0 trust assignments processed
[2025-06-05 00:37:34] WARNING: - 2 users in trust network
[2025-06-05 00:37:34] WARNING: - 31 total trust relationships
[2025-06-05 00:47:33] WARNING: === Starting Twitter Trust System Collection ===
[2025-06-05 00:47:33] WARNING: Will collect tweets until reaching previous timestamp: 2025-05-12 06:54:05+00:00
[2025-06-05 00:47:33] WARNING: Retrieving page 1...
[2025-06-05 00:47:34] WARNING: Newest tweet is from: 2025-05-12 06:54:05+00:00
[2025-06-05 00:47:34] WARNING: Reached stop point at tweet from 2025-05-12 06:54:05+00:00
[2025-06-05 00:47:34] WARNING: Retrieved 0 new tweets on page 1
[2025-06-05 00:47:34] WARNING: Stopping pagination as we've reached the stop point
[2025-06-05 00:47:34] WARNING: Retrieved a total of 0 tweets across 1 pages
[2025-06-05 00:47:34] WARNING: No new tweets found with trust commands. Exiting without error.
[2025-06-05 00:47:34] WARNING: Collection complete!
[2025-06-05 00:47:34] WARNING: - 0 trust assignments processed
[2025-06-05 00:47:34] WARNING: - 2 users in trust network
[2025-06-05 00:47:34] WARNING: - 31 total trust relationships
[2025-06-05 00:57:33] WARNING: === Starting Twitter Trust System Collection ===
[2025-06-05 00:57:33] WARNING: Will collect tweets until reaching previous timestamp: 2025-05-12 06:54:05+00:00
[2025-06-05 00:57:33] WARNING: Retrieving page 1...
[2025-06-05 00:57:34] WARNING: Newest tweet is from: 2025-05-12 06:54:05+00:00
[2025-06-05 00:57:34] WARNING: Reached stop point at tweet from 2025-05-12 06:54:05+00:00
[2025-06-05 00:57:34] WARNING: Retrieved 0 new tweets on page 1
[2025-06-05 00:57:34] WARNING: Stopping pagination as we've reached the stop point
[2025-06-05 00:57:34] WARNING: Retrieved a total of 0 tweets across 1 pages
[2025-06-05 00:57:34] WARNING: No new tweets found with trust commands. Exiting without error.
[2025-06-05 00:57:34] WARNING: Collection complete!
[2025-06-05 00:57:34] WARNING: - 0 trust assignments processed
[2025-06-05 00:57:34] WARNING: - 2 users in trust network
[2025-06-05 00:57:34] WARNING: - 31 total trust relationships
[2025-06-05 01:07:33] WARNING: === Starting Twitter Trust System Collection ===
[2025-06-05 01:07:33] WARNING: Will collect tweets until reaching previous timestamp: 2025-05-12 06:54:05+00:00
[2025-06-05 01:07:33] WARNING: Retrieving page 1...
[2025-06-05 01:07:36] WARNING: Newest tweet is from: 2025-05-12 06:54:05+00:00
[2025-06-05 01:07:36] WARNING: Reached stop point at tweet from 2025-05-12 06:54:05+00:00
[2025-06-05 01:07:36] WARNING: Retrieved 0 new tweets on page 1
[2025-06-05 01:07:36] WARNING: Stopping pagination as we've reached the stop point
[2025-06-05 01:07:36] WARNING: Retrieved a total of 0 tweets across 1 pages
[2025-06-05 01:07:36] WARNING: No new tweets found with trust commands. Exiting without error.
[2025-06-05 01:07:36] WARNING: Collection complete!
[2025-06-05 01:07:36] WARNING: - 0 trust assignments processed
[2025-06-05 01:07:36] WARNING: - 2 users in trust network
[2025-06-05 01:07:36] WARNING: - 31 total trust relationships
[2025-06-05 01:17:33] WARNING: === Starting Twitter Trust System Collection ===
[2025-06-05 01:17:33] WARNING: Will collect tweets until reaching previous timestamp: 2025-05-12 06:54:05+00:00
[2025-06-05 01:17:33] WARNING: Retrieving page 1...
[2025-06-05 01:17:35] WARNING: Newest tweet is from: 2025-05-12 06:54:05+00:00
[2025-06-05 01:17:35] WARNING: Reached stop point at tweet from 2025-05-12 06:54:05+00:00
[2025-06-05 01:17:35] WARNING: Retrieved 0 new tweets on page 1
[2025-06-05 01:17:35] WARNING: Stopping pagination as we've reached the stop point
[2025-06-05 01:17:35] WARNING: Retrieved a total of 0 tweets across 1 pages
[2025-06-05 01:17:35] WARNING: No new tweets found with trust commands. Exiting without error.
[2025-06-05 01:17:35] WARNING: Collection complete!
[2025-06-05 01:17:35] WARNING: - 0 trust assignments processed
[2025-06-05 01:17:35] WARNING: - 2 users in trust network
[2025-06-05 01:17:35] WARNING: - 31 total trust relationships
[2025-06-05 01:27:33] WARNING: === Starting Twitter Trust System Collection ===
[2025-06-05 01:27:33] WARNING: Will collect tweets until reaching previous timestamp: 2025-05-12 06:54:05+00:00
[2025-06-05 01:27:33] WARNING: Retrieving page 1...
[2025-06-05 01:27:34] WARNING: Newest tweet is from: 2025-05-12 06:54:05+00:00
[2025-06-05 01:27:34] WARNING: Reached stop point at tweet from 2025-05-12 06:54:05+00:00
[2025-06-05 01:27:34] WARNING: Retrieved 0 new tweets on page 1
[2025-06-05 01:27:34] WARNING: Stopping pagination as we've reached the stop point
[2025-06-05 01:27:34] WARNING: Retrieved a total of 0 tweets across 1 pages
[2025-06-05 01:27:34] WARNING: No new tweets found with trust commands. Exiting without error.
[2025-06-05 01:27:34] WARNING: Collection complete!
[2025-06-05 01:27:34] WARNING: - 0 trust assignments processed
[2025-06-05 01:27:34] WARNING: - 2 users in trust network
[2025-06-05 01:27:34] WARNING: - 31 total trust relationships
[2025-06-05 01:37:33] WARNING: === Starting Twitter Trust System Collection ===
[2025-06-05 01:37:33] WARNING: Will collect tweets until reaching previous timestamp: 2025-05-12 06:54:05+00:00
[2025-06-05 01:37:33] WARNING: Retrieving page 1...
[2025-06-05 01:37:34] WARNING: Newest tweet is from: 2025-05-12 06:54:05+00:00
[2025-06-05 01:37:34] WARNING: Reached stop point at tweet from 2025-05-12 06:54:05+00:00
[2025-06-05 01:37:34] WARNING: Retrieved 0 new tweets on page 1
[2025-06-05 01:37:34] WARNING: Stopping pagination as we've reached the stop point
[2025-06-05 01:37:34] WARNING: Retrieved a total of 0 tweets across 1 pages
[2025-06-05 01:37:34] WARNING: No new tweets found with trust commands. Exiting without error.
[2025-06-05 01:37:34] WARNING: Collection complete!
[2025-06-05 01:37:34] WARNING: - 0 trust assignments processed
[2025-06-05 01:37:34] WARNING: - 2 users in trust network
[2025-06-05 01:37:34] WARNING: - 31 total trust relationships
[2025-06-05 01:47:33] WARNING: === Starting Twitter Trust System Collection ===
[2025-06-05 01:47:33] WARNING: Will collect tweets until reaching previous timestamp: 2025-05-12 06:54:05+00:00
[2025-06-05 01:47:33] WARNING: Retrieving page 1...
[2025-06-05 01:47:35] WARNING: Newest tweet is from: 2025-05-12 06:54:05+00:00
[2025-06-05 01:47:35] WARNING: Reached stop point at tweet from 2025-05-12 06:54:05+00:00
[2025-06-05 01:47:35] WARNING: Retrieved 0 new tweets on page 1
[2025-06-05 01:47:35] WARNING: Stopping pagination as we've reached the stop point
[2025-06-05 01:47:35] WARNING: Retrieved a total of 0 tweets across 1 pages
[2025-06-05 01:47:35] WARNING: No new tweets found with trust commands. Exiting without error.
[2025-06-05 01:47:35] WARNING: Collection complete!
[2025-06-05 01:47:35] WARNING: - 0 trust assignments processed
[2025-06-05 01:47:35] WARNING: - 2 users in trust network
[2025-06-05 01:47:35] WARNING: - 31 total trust relationships
[2025-06-05 01:57:33] WARNING: === Starting Twitter Trust System Collection ===
[2025-06-05 01:57:33] WARNING: Will collect tweets until reaching previous timestamp: 2025-05-12 06:54:05+00:00
[2025-06-05 01:57:33] WARNING: Retrieving page 1...
[2025-06-05 01:57:34] WARNING: Newest tweet is from: 2025-05-12 06:54:05+00:00
[2025-06-05 01:57:34] WARNING: Reached stop point at tweet from 2025-05-12 06:54:05+00:00
[2025-06-05 01:57:34] WARNING: Retrieved 0 new tweets on page 1
[2025-06-05 01:57:34] WARNING: Stopping pagination as we've reached the stop point
[2025-06-05 01:57:34] WARNING: Retrieved a total of 0 tweets across 1 pages
[2025-06-05 01:57:34] WARNING: No new tweets found with trust commands. Exiting without error.
[2025-06-05 01:57:34] WARNING: Collection complete!
[2025-06-05 01:57:34] WARNING: - 0 trust assignments processed
[2025-06-05 01:57:34] WARNING: - 2 users in trust network
[2025-06-05 01:57:34] WARNING: - 31 total trust relationships
[2025-06-05 02:07:33] WARNING: === Starting Twitter Trust System Collection ===
[2025-06-05 02:07:33] WARNING: Will collect tweets until reaching previous timestamp: 2025-05-12 06:54:05+00:00
[2025-06-05 02:07:33] WARNING: Retrieving page 1...
[2025-06-05 02:07:35] WARNING: Newest tweet is from: 2025-05-12 06:54:05+00:00
[2025-06-05 02:07:35] WARNING: Reached stop point at tweet from 2025-05-12 06:54:05+00:00
[2025-06-05 02:07:35] WARNING: Retrieved 0 new tweets on page 1
[2025-06-05 02:07:35] WARNING: Stopping pagination as we've reached the stop point
[2025-06-05 02:07:35] WARNING: Retrieved a total of 0 tweets across 1 pages
[2025-06-05 02:07:35] WARNING: No new tweets found with trust commands. Exiting without error.
[2025-06-05 02:07:35] WARNING: Collection complete!
[2025-06-05 02:07:35] WARNING: - 0 trust assignments processed
[2025-06-05 02:07:35] WARNING: - 2 users in trust network
[2025-06-05 02:07:35] WARNING: - 31 total trust relationships
[2025-06-05 02:17:33] WARNING: === Starting Twitter Trust System Collection ===
[2025-06-05 02:17:33] WARNING: Will collect tweets until reaching previous timestamp: 2025-05-12 06:54:05+00:00
[2025-06-05 02:17:33] WARNING: Retrieving page 1...
[2025-06-05 02:17:34] WARNING: Newest tweet is from: 2025-05-12 06:54:05+00:00
[2025-06-05 02:17:34] WARNING: Reached stop point at tweet from 2025-05-12 06:54:05+00:00
[2025-06-05 02:17:34] WARNING: Retrieved 0 new tweets on page 1
[2025-06-05 02:17:34] WARNING: Stopping pagination as we've reached the stop point
[2025-06-05 02:17:34] WARNING: Retrieved a total of 0 tweets across 1 pages
[2025-06-05 02:17:34] WARNING: No new tweets found with trust commands. Exiting without error.
[2025-06-05 02:17:34] WARNING: Collection complete!
[2025-06-05 02:17:34] WARNING: - 0 trust assignments processed
[2025-06-05 02:17:34] WARNING: - 2 users in trust network
[2025-06-05 02:17:34] WARNING: - 31 total trust relationships
[2025-06-05 02:27:33] WARNING: === Starting Twitter Trust System Collection ===
[2025-06-05 02:27:33] WARNING: Will collect tweets until reaching previous timestamp: 2025-05-12 06:54:05+00:00
[2025-06-05 02:27:33] WARNING: Retrieving page 1...
[2025-06-05 02:27:34] WARNING: Newest tweet is from: 2025-05-12 06:54:05+00:00
[2025-06-05 02:27:34] WARNING: Reached stop point at tweet from 2025-05-12 06:54:05+00:00
[2025-06-05 02:27:34] WARNING: Retrieved 0 new tweets on page 1
[2025-06-05 02:27:34] WARNING: Stopping pagination as we've reached the stop point
[2025-06-05 02:27:34] WARNING: Retrieved a total of 0 tweets across 1 pages
[2025-06-05 02:27:34] WARNING: No new tweets found with trust commands. Exiting without error.
[2025-06-05 02:27:34] WARNING: Collection complete!
[2025-06-05 02:27:34] WARNING: - 0 trust assignments processed
[2025-06-05 02:27:34] WARNING: - 2 users in trust network
[2025-06-05 02:27:34] WARNING: - 31 total trust relationships
[2025-06-05 02:37:33] WARNING: === Starting Twitter Trust System Collection ===
[2025-06-05 02:37:33] WARNING: Will collect tweets until reaching previous timestamp: 2025-05-12 06:54:05+00:00
[2025-06-05 02:37:33] WARNING: Retrieving page 1...
[2025-06-05 02:37:34] WARNING: Newest tweet is from: 2025-05-12 06:54:05+00:00
[2025-06-05 02:37:34] WARNING: Reached stop point at tweet from 2025-05-12 06:54:05+00:00
[2025-06-05 02:37:34] WARNING: Retrieved 0 new tweets on page 1
[2025-06-05 02:37:34] WARNING: Stopping pagination as we've reached the stop point
[2025-06-05 02:37:34] WARNING: Retrieved a total of 0 tweets across 1 pages
[2025-06-05 02:37:34] WARNING: No new tweets found with trust commands. Exiting without error.
[2025-06-05 02:37:34] WARNING: Collection complete!
[2025-06-05 02:37:34] WARNING: - 0 trust assignments processed
[2025-06-05 02:37:34] WARNING: - 2 users in trust network
[2025-06-05 02:37:34] WARNING: - 31 total trust relationships
[2025-06-05 02:47:33] WARNING: === Starting Twitter Trust System Collection ===
[2025-06-05 02:47:33] WARNING: Will collect tweets until reaching previous timestamp: 2025-05-12 06:54:05+00:00
[2025-06-05 02:47:33] WARNING: Retrieving page 1...
[2025-06-05 02:47:35] WARNING: Newest tweet is from: 2025-05-12 06:54:05+00:00
[2025-06-05 02:47:35] WARNING: Reached stop point at tweet from 2025-05-12 06:54:05+00:00
[2025-06-05 02:47:35] WARNING: Retrieved 0 new tweets on page 1
[2025-06-05 02:47:35] WARNING: Stopping pagination as we've reached the stop point
[2025-06-05 02:47:35] WARNING: Retrieved a total of 0 tweets across 1 pages
[2025-06-05 02:47:35] WARNING: No new tweets found with trust commands. Exiting without error.
[2025-06-05 02:47:35] WARNING: Collection complete!
[2025-06-05 02:47:35] WARNING: - 0 trust assignments processed
[2025-06-05 02:47:35] WARNING: - 2 users in trust network
[2025-06-05 02:47:35] WARNING: - 31 total trust relationships
[2025-06-05 02:57:33] WARNING: === Starting Twitter Trust System Collection ===
[2025-06-05 02:57:33] WARNING: Will collect tweets until reaching previous timestamp: 2025-05-12 06:54:05+00:00
[2025-06-05 02:57:33] WARNING: Retrieving page 1...
[2025-06-05 02:57:34] WARNING: Newest tweet is from: 2025-05-12 06:54:05+00:00
[2025-06-05 02:57:34] WARNING: Reached stop point at tweet from 2025-05-12 06:54:05+00:00
[2025-06-05 02:57:34] WARNING: Retrieved 0 new tweets on page 1
[2025-06-05 02:57:34] WARNING: Stopping pagination as we've reached the stop point
[2025-06-05 02:57:34] WARNING: Retrieved a total of 0 tweets across 1 pages
[2025-06-05 02:57:34] WARNING: No new tweets found with trust commands. Exiting without error.
[2025-06-05 02:57:34] WARNING: Collection complete!
[2025-06-05 02:57:34] WARNING: - 0 trust assignments processed
[2025-06-05 02:57:34] WARNING: - 2 users in trust network
[2025-06-05 02:57:34] WARNING: - 31 total trust relationships
[2025-06-05 03:07:33] WARNING: === Starting Twitter Trust System Collection ===
[2025-06-05 03:07:33] WARNING: Will collect tweets until reaching previous timestamp: 2025-05-12 06:54:05+00:00
[2025-06-05 03:07:33] WARNING: Retrieving page 1...
[2025-06-05 03:07:34] WARNING: Newest tweet is from: 2025-05-12 06:54:05+00:00
[2025-06-05 03:07:34] WARNING: Reached stop point at tweet from 2025-05-12 06:54:05+00:00
[2025-06-05 03:07:34] WARNING: Retrieved 0 new tweets on page 1
[2025-06-05 03:07:34] WARNING: Stopping pagination as we've reached the stop point
[2025-06-05 03:07:34] WARNING: Retrieved a total of 0 tweets across 1 pages
[2025-06-05 03:07:34] WARNING: No new tweets found with trust commands. Exiting without error.
[2025-06-05 03:07:34] WARNING: Collection complete!
[2025-06-05 03:07:34] WARNING: - 0 trust assignments processed
[2025-06-05 03:07:34] WARNING: - 2 users in trust network
[2025-06-05 03:07:34] WARNING: - 31 total trust relationships
[2025-06-05 03:17:33] WARNING: === Starting Twitter Trust System Collection ===
[2025-06-05 03:17:33] WARNING: Will collect tweets until reaching previous timestamp: 2025-05-12 06:54:05+00:00
[2025-06-05 03:17:33] WARNING: Retrieving page 1...
[2025-06-05 03:17:35] WARNING: Newest tweet is from: 2025-05-12 06:54:05+00:00
[2025-06-05 03:17:35] WARNING: Reached stop point at tweet from 2025-05-12 06:54:05+00:00
[2025-06-05 03:17:35] WARNING: Retrieved 0 new tweets on page 1
[2025-06-05 03:17:35] WARNING: Stopping pagination as we've reached the stop point
[2025-06-05 03:17:35] WARNING: Retrieved a total of 0 tweets across 1 pages
[2025-06-05 03:17:35] WARNING: No new tweets found with trust commands. Exiting without error.
[2025-06-05 03:17:35] WARNING: Collection complete!
[2025-06-05 03:17:35] WARNING: - 0 trust assignments processed
[2025-06-05 03:17:35] WARNING: - 2 users in trust network
[2025-06-05 03:17:35] WARNING: - 31 total trust relationships
[2025-06-05 03:27:33] WARNING: === Starting Twitter Trust System Collection ===
[2025-06-05 03:27:33] WARNING: Will collect tweets until reaching previous timestamp: 2025-05-12 06:54:05+00:00
[2025-06-05 03:27:33] WARNING: Retrieving page 1...
[2025-06-05 03:27:34] WARNING: Newest tweet is from: 2025-05-12 06:54:05+00:00
[2025-06-05 03:27:34] WARNING: Reached stop point at tweet from 2025-05-12 06:54:05+00:00
[2025-06-05 03:27:34] WARNING: Retrieved 0 new tweets on page 1
[2025-06-05 03:27:34] WARNING: Stopping pagination as we've reached the stop point
[2025-06-05 03:27:34] WARNING: Retrieved a total of 0 tweets across 1 pages
[2025-06-05 03:27:34] WARNING: No new tweets found with trust commands. Exiting without error.
[2025-06-05 03:27:34] WARNING: Collection complete!
[2025-06-05 03:27:34] WARNING: - 0 trust assignments processed
[2025-06-05 03:27:34] WARNING: - 2 users in trust network
[2025-06-05 03:27:34] WARNING: - 31 total trust relationships
[2025-06-05 03:37:33] WARNING: === Starting Twitter Trust System Collection ===
[2025-06-05 03:37:33] WARNING: Will collect tweets until reaching previous timestamp: 2025-05-12 06:54:05+00:00
[2025-06-05 03:37:33] WARNING: Retrieving page 1...
[2025-06-05 03:37:36] WARNING: Newest tweet is from: 2025-05-12 06:54:05+00:00
[2025-06-05 03:37:36] WARNING: Reached stop point at tweet from 2025-05-12 06:54:05+00:00
[2025-06-05 03:37:36] WARNING: Retrieved 0 new tweets on page 1
[2025-06-05 03:37:36] WARNING: Stopping pagination as we've reached the stop point
[2025-06-05 03:37:36] WARNING: Retrieved a total of 0 tweets across 1 pages
[2025-06-05 03:37:36] WARNING: No new tweets found with trust commands. Exiting without error.
[2025-06-05 03:37:36] WARNING: Collection complete!
[2025-06-05 03:37:36] WARNING: - 0 trust assignments processed
[2025-06-05 03:37:36] WARNING: - 2 users in trust network
[2025-06-05 03:37:36] WARNING: - 31 total trust relationships
[2025-06-05 03:47:33] WARNING: === Starting Twitter Trust System Collection ===
[2025-06-05 03:47:33] WARNING: Will collect tweets until reaching previous timestamp: 2025-05-12 06:54:05+00:00
[2025-06-05 03:47:33] WARNING: Retrieving page 1...
[2025-06-05 03:47:35] WARNING: Newest tweet is from: 2025-05-12 06:54:05+00:00
[2025-06-05 03:47:35] WARNING: Reached stop point at tweet from 2025-05-12 06:54:05+00:00
[2025-06-05 03:47:35] WARNING: Retrieved 0 new tweets on page 1
[2025-06-05 03:47:35] WARNING: Stopping pagination as we've reached the stop point
[2025-06-05 03:47:35] WARNING: Retrieved a total of 0 tweets across 1 pages
[2025-06-05 03:47:35] WARNING: No new tweets found with trust commands. Exiting without error.
[2025-06-05 03:47:35] WARNING: Collection complete!
[2025-06-05 03:47:35] WARNING: - 0 trust assignments processed
[2025-06-05 03:47:35] WARNING: - 2 users in trust network
[2025-06-05 03:47:35] WARNING: - 31 total trust relationships
[2025-06-05 03:57:33] WARNING: === Starting Twitter Trust System Collection ===
[2025-06-05 03:57:33] WARNING: Will collect tweets until reaching previous timestamp: 2025-05-12 06:54:05+00:00
[2025-06-05 03:57:33] WARNING: Retrieving page 1...
[2025-06-05 03:57:35] WARNING: Newest tweet is from: 2025-05-12 06:54:05+00:00
[2025-06-05 03:57:35] WARNING: Reached stop point at tweet from 2025-05-12 06:54:05+00:00
[2025-06-05 03:57:35] WARNING: Retrieved 0 new tweets on page 1
[2025-06-05 03:57:35] WARNING: Stopping pagination as we've reached the stop point
[2025-06-05 03:57:35] WARNING: Retrieved a total of 0 tweets across 1 pages
[2025-06-05 03:57:35] WARNING: No new tweets found with trust commands. Exiting without error.
[2025-06-05 03:57:35] WARNING: Collection complete!
[2025-06-05 03:57:35] WARNING: - 0 trust assignments processed
[2025-06-05 03:57:35] WARNING: - 2 users in trust network
[2025-06-05 03:57:35] WARNING: - 31 total trust relationships
[2025-06-05 04:07:33] WARNING: === Starting Twitter Trust System Collection ===
[2025-06-05 04:07:33] WARNING: Will collect tweets until reaching previous timestamp: 2025-05-12 06:54:05+00:00
[2025-06-05 04:07:33] WARNING: Retrieving page 1...
[2025-06-05 04:07:36] WARNING: Newest tweet is from: 2025-05-12 06:54:05+00:00
[2025-06-05 04:07:36] WARNING: Reached stop point at tweet from 2025-05-12 06:54:05+00:00
[2025-06-05 04:07:36] WARNING: Retrieved 0 new tweets on page 1
[2025-06-05 04:07:36] WARNING: Stopping pagination as we've reached the stop point
[2025-06-05 04:07:36] WARNING: Retrieved a total of 0 tweets across 1 pages
[2025-06-05 04:07:36] WARNING: No new tweets found with trust commands. Exiting without error.
[2025-06-05 04:07:36] WARNING: Collection complete!
[2025-06-05 04:07:36] WARNING: - 0 trust assignments processed
[2025-06-05 04:07:36] WARNING: - 2 users in trust network
[2025-06-05 04:07:36] WARNING: - 31 total trust relationships
[2025-06-05 04:17:33] WARNING: === Starting Twitter Trust System Collection ===
[2025-06-05 04:17:33] WARNING: Will collect tweets until reaching previous timestamp: 2025-05-12 06:54:05+00:00
[2025-06-05 04:17:33] WARNING: Retrieving page 1...
[2025-06-05 04:17:34] WARNING: Newest tweet is from: 2025-05-12 06:54:05+00:00
[2025-06-05 04:17:34] WARNING: Reached stop point at tweet from 2025-05-12 06:54:05+00:00
[2025-06-05 04:17:34] WARNING: Retrieved 0 new tweets on page 1
[2025-06-05 04:17:34] WARNING: Stopping pagination as we've reached the stop point
[2025-06-05 04:17:34] WARNING: Retrieved a total of 0 tweets across 1 pages
[2025-06-05 04:17:34] WARNING: No new tweets found with trust commands. Exiting without error.
[2025-06-05 04:17:34] WARNING: Collection complete!
[2025-06-05 04:17:34] WARNING: - 0 trust assignments processed
[2025-06-05 04:17:34] WARNING: - 2 users in trust network
[2025-06-05 04:17:34] WARNING: - 31 total trust relationships
[2025-06-05 04:27:33] WARNING: === Starting Twitter Trust System Collection ===
[2025-06-05 04:27:33] WARNING: Will collect tweets until reaching previous timestamp: 2025-05-12 06:54:05+00:00
[2025-06-05 04:27:33] WARNING: Retrieving page 1...
[2025-06-05 04:27:34] WARNING: Newest tweet is from: 2025-05-12 06:54:05+00:00
[2025-06-05 04:27:34] WARNING: Reached stop point at tweet from 2025-05-12 06:54:05+00:00
[2025-06-05 04:27:34] WARNING: Retrieved 0 new tweets on page 1
[2025-06-05 04:27:34] WARNING: Stopping pagination as we've reached the stop point
[2025-06-05 04:27:34] WARNING: Retrieved a total of 0 tweets across 1 pages
[2025-06-05 04:27:34] WARNING: No new tweets found with trust commands. Exiting without error.
[2025-06-05 04:27:34] WARNING: Collection complete!
[2025-06-05 04:27:34] WARNING: - 0 trust assignments processed
[2025-06-05 04:27:34] WARNING: - 2 users in trust network
[2025-06-05 04:27:34] WARNING: - 31 total trust relationships
[2025-06-05 04:37:33] WARNING: === Starting Twitter Trust System Collection ===
[2025-06-05 04:37:33] WARNING: Will collect tweets until reaching previous timestamp: 2025-05-12 06:54:05+00:00
[2025-06-05 04:37:33] WARNING: Retrieving page 1...
[2025-06-05 04:37:35] WARNING: Newest tweet is from: 2025-05-12 06:54:05+00:00
[2025-06-05 04:37:35] WARNING: Reached stop point at tweet from 2025-05-12 06:54:05+00:00
[2025-06-05 04:37:35] WARNING: Retrieved 0 new tweets on page 1
[2025-06-05 04:37:35] WARNING: Stopping pagination as we've reached the stop point
[2025-06-05 04:37:35] WARNING: Retrieved a total of 0 tweets across 1 pages
[2025-06-05 04:37:35] WARNING: No new tweets found with trust commands. Exiting without error.
[2025-06-05 04:37:35] WARNING: Collection complete!
[2025-06-05 04:37:35] WARNING: - 0 trust assignments processed
[2025-06-05 04:37:35] WARNING: - 2 users in trust network
[2025-06-05 04:37:35] WARNING: - 31 total trust relationships
[2025-06-05 04:47:33] WARNING: === Starting Twitter Trust System Collection ===
[2025-06-05 04:47:33] WARNING: Will collect tweets until reaching previous timestamp: 2025-05-12 06:54:05+00:00
[2025-06-05 04:47:33] WARNING: Retrieving page 1...
[2025-06-05 04:47:34] WARNING: Newest tweet is from: 2025-05-12 06:54:05+00:00
[2025-06-05 04:47:34] WARNING: Reached stop point at tweet from 2025-05-12 06:54:05+00:00
[2025-06-05 04:47:34] WARNING: Retrieved 0 new tweets on page 1
[2025-06-05 04:47:34] WARNING: Stopping pagination as we've reached the stop point
[2025-06-05 04:47:34] WARNING: Retrieved a total of 0 tweets across 1 pages
[2025-06-05 04:47:34] WARNING: No new tweets found with trust commands. Exiting without error.
[2025-06-05 04:47:34] WARNING: Collection complete!
[2025-06-05 04:47:34] WARNING: - 0 trust assignments processed
[2025-06-05 04:47:34] WARNING: - 2 users in trust network
[2025-06-05 04:47:34] WARNING: - 31 total trust relationships
[2025-06-05 04:57:33] WARNING: === Starting Twitter Trust System Collection ===
[2025-06-05 04:57:33] WARNING: Will collect tweets until reaching previous timestamp: 2025-05-12 06:54:05+00:00
[2025-06-05 04:57:33] WARNING: Retrieving page 1...
[2025-06-05 04:57:34] WARNING: Newest tweet is from: 2025-05-12 06:54:05+00:00
[2025-06-05 04:57:34] WARNING: Reached stop point at tweet from 2025-05-12 06:54:05+00:00
[2025-06-05 04:57:34] WARNING: Retrieved 0 new tweets on page 1
[2025-06-05 04:57:34] WARNING: Stopping pagination as we've reached the stop point
[2025-06-05 04:57:34] WARNING: Retrieved a total of 0 tweets across 1 pages
[2025-06-05 04:57:34] WARNING: No new tweets found with trust commands. Exiting without error.
[2025-06-05 04:57:34] WARNING: Collection complete!
[2025-06-05 04:57:34] WARNING: - 0 trust assignments processed
[2025-06-05 04:57:34] WARNING: - 2 users in trust network
[2025-06-05 04:57:34] WARNING: - 31 total trust relationships
[2025-06-05 05:07:33] WARNING: === Starting Twitter Trust System Collection ===
[2025-06-05 05:07:33] WARNING: Will collect tweets until reaching previous timestamp: 2025-05-12 06:54:05+00:00
[2025-06-05 05:07:33] WARNING: Retrieving page 1...
[2025-06-05 05:07:40] WARNING: Newest tweet is from: 2025-05-12 06:54:05+00:00
[2025-06-05 05:07:40] WARNING: Reached stop point at tweet from 2025-05-12 06:54:05+00:00
[2025-06-05 05:07:40] WARNING: Retrieved 0 new tweets on page 1
[2025-06-05 05:07:40] WARNING: Stopping pagination as we've reached the stop point
[2025-06-05 05:07:40] WARNING: Retrieved a total of 0 tweets across 1 pages
[2025-06-05 05:07:40] WARNING: No new tweets found with trust commands. Exiting without error.
[2025-06-05 05:07:40] WARNING: Collection complete!
[2025-06-05 05:07:40] WARNING: - 0 trust assignments processed
[2025-06-05 05:07:40] WARNING: - 2 users in trust network
[2025-06-05 05:07:40] WARNING: - 31 total trust relationships
[2025-06-05 05:17:33] WARNING: === Starting Twitter Trust System Collection ===
[2025-06-05 05:17:33] WARNING: Will collect tweets until reaching previous timestamp: 2025-05-12 06:54:05+00:00
[2025-06-05 05:17:33] WARNING: Retrieving page 1...
[2025-06-05 05:17:34] WARNING: Newest tweet is from: 2025-05-12 06:54:05+00:00
[2025-06-05 05:17:34] WARNING: Reached stop point at tweet from 2025-05-12 06:54:05+00:00
[2025-06-05 05:17:34] WARNING: Retrieved 0 new tweets on page 1
[2025-06-05 05:17:34] WARNING: Stopping pagination as we've reached the stop point
[2025-06-05 05:17:34] WARNING: Retrieved a total of 0 tweets across 1 pages
[2025-06-05 05:17:34] WARNING: No new tweets found with trust commands. Exiting without error.
[2025-06-05 05:17:34] WARNING: Collection complete!
[2025-06-05 05:17:34] WARNING: - 0 trust assignments processed
[2025-06-05 05:17:34] WARNING: - 2 users in trust network
[2025-06-05 05:17:34] WARNING: - 31 total trust relationships
[2025-06-05 05:27:33] WARNING: === Starting Twitter Trust System Collection ===
[2025-06-05 05:27:33] WARNING: Will collect tweets until reaching previous timestamp: 2025-05-12 06:54:05+00:00
[2025-06-05 05:27:33] WARNING: Retrieving page 1...
[2025-06-05 05:27:35] WARNING: Newest tweet is from: 2025-05-12 06:54:05+00:00
[2025-06-05 05:27:35] WARNING: Reached stop point at tweet from 2025-05-12 06:54:05+00:00
[2025-06-05 05:27:35] WARNING: Retrieved 0 new tweets on page 1
[2025-06-05 05:27:35] WARNING: Stopping pagination as we've reached the stop point
[2025-06-05 05:27:35] WARNING: Retrieved a total of 0 tweets across 1 pages
[2025-06-05 05:27:35] WARNING: No new tweets found with trust commands. Exiting without error.
[2025-06-05 05:27:35] WARNING: Collection complete!
[2025-06-05 05:27:35] WARNING: - 0 trust assignments processed
[2025-06-05 05:27:35] WARNING: - 2 users in trust network
[2025-06-05 05:27:35] WARNING: - 31 total trust relationships
[2025-06-05 05:37:33] WARNING: === Starting Twitter Trust System Collection ===
[2025-06-05 05:37:33] WARNING: Will collect tweets until reaching previous timestamp: 2025-05-12 06:54:05+00:00
[2025-06-05 05:37:33] WARNING: Retrieving page 1...
[2025-06-05 05:37:36] WARNING: Newest tweet is from: 2025-05-12 06:54:05+00:00
[2025-06-05 05:37:36] WARNING: Reached stop point at tweet from 2025-05-12 06:54:05+00:00
[2025-06-05 05:37:36] WARNING: Retrieved 0 new tweets on page 1
[2025-06-05 05:37:36] WARNING: Stopping pagination as we've reached the stop point
[2025-06-05 05:37:36] WARNING: Retrieved a total of 0 tweets across 1 pages
[2025-06-05 05:37:36] WARNING: No new tweets found with trust commands. Exiting without error.
[2025-06-05 05:37:36] WARNING: Collection complete!
[2025-06-05 05:37:36] WARNING: - 0 trust assignments processed
[2025-06-05 05:37:36] WARNING: - 2 users in trust network
[2025-06-05 05:37:36] WARNING: - 31 total trust relationships
[2025-06-05 05:47:33] WARNING: === Starting Twitter Trust System Collection ===
[2025-06-05 05:47:33] WARNING: Will collect tweets until reaching previous timestamp: 2025-05-12 06:54:05+00:00
[2025-06-05 05:47:33] WARNING: Retrieving page 1...
[2025-06-05 05:47:35] WARNING: Newest tweet is from: 2025-05-12 06:54:05+00:00
[2025-06-05 05:47:35] WARNING: Reached stop point at tweet from 2025-05-12 06:54:05+00:00
[2025-06-05 05:47:35] WARNING: Retrieved 0 new tweets on page 1
[2025-06-05 05:47:35] WARNING: Stopping pagination as we've reached the stop point
[2025-06-05 05:47:35] WARNING: Retrieved a total of 0 tweets across 1 pages
[2025-06-05 05:47:35] WARNING: No new tweets found with trust commands. Exiting without error.
[2025-06-05 05:47:35] WARNING: Collection complete!
[2025-06-05 05:47:35] WARNING: - 0 trust assignments processed
[2025-06-05 05:47:35] WARNING: - 2 users in trust network
[2025-06-05 05:47:35] WARNING: - 31 total trust relationships
[2025-06-05 05:57:33] WARNING: === Starting Twitter Trust System Collection ===
[2025-06-05 05:57:33] WARNING: Will collect tweets until reaching previous timestamp: 2025-05-12 06:54:05+00:00
[2025-06-05 05:57:33] WARNING: Retrieving page 1...
[2025-06-05 05:57:36] WARNING: Newest tweet is from: 2025-05-12 06:54:05+00:00
[2025-06-05 05:57:36] WARNING: Reached stop point at tweet from 2025-05-12 06:54:05+00:00
[2025-06-05 05:57:36] WARNING: Retrieved 0 new tweets on page 1
[2025-06-05 05:57:36] WARNING: Stopping pagination as we've reached the stop point
[2025-06-05 05:57:36] WARNING: Retrieved a total of 0 tweets across 1 pages
[2025-06-05 05:57:36] WARNING: No new tweets found with trust commands. Exiting without error.
[2025-06-05 05:57:36] WARNING: Collection complete!
[2025-06-05 05:57:36] WARNING: - 0 trust assignments processed
[2025-06-05 05:57:36] WARNING: - 2 users in trust network
[2025-06-05 05:57:36] WARNING: - 31 total trust relationships
[2025-06-05 06:07:33] WARNING: === Starting Twitter Trust System Collection ===
[2025-06-05 06:07:33] WARNING: Will collect tweets until reaching previous timestamp: 2025-05-12 06:54:05+00:00
[2025-06-05 06:07:33] WARNING: Retrieving page 1...
[2025-06-05 06:07:35] WARNING: Newest tweet is from: 2025-05-12 06:54:05+00:00
[2025-06-05 06:07:35] WARNING: Reached stop point at tweet from 2025-05-12 06:54:05+00:00
[2025-06-05 06:07:35] WARNING: Retrieved 0 new tweets on page 1
[2025-06-05 06:07:35] WARNING: Stopping pagination as we've reached the stop point
[2025-06-05 06:07:35] WARNING: Retrieved a total of 0 tweets across 1 pages
[2025-06-05 06:07:35] WARNING: No new tweets found with trust commands. Exiting without error.
[2025-06-05 06:07:35] WARNING: Collection complete!
[2025-06-05 06:07:35] WARNING: - 0 trust assignments processed
[2025-06-05 06:07:35] WARNING: - 2 users in trust network
[2025-06-05 06:07:35] WARNING: - 31 total trust relationships
[2025-06-05 06:17:33] WARNING: === Starting Twitter Trust System Collection ===
[2025-06-05 06:17:33] WARNING: Will collect tweets until reaching previous timestamp: 2025-05-12 06:54:05+00:00
[2025-06-05 06:17:33] WARNING: Retrieving page 1...
[2025-06-05 06:17:34] WARNING: Newest tweet is from: 2025-05-12 06:54:05+00:00
[2025-06-05 06:17:34] WARNING: Reached stop point at tweet from 2025-05-12 06:54:05+00:00
[2025-06-05 06:17:34] WARNING: Retrieved 0 new tweets on page 1
[2025-06-05 06:17:34] WARNING: Stopping pagination as we've reached the stop point
[2025-06-05 06:17:34] WARNING: Retrieved a total of 0 tweets across 1 pages
[2025-06-05 06:17:34] WARNING: No new tweets found with trust commands. Exiting without error.
[2025-06-05 06:17:34] WARNING: Collection complete!
[2025-06-05 06:17:34] WARNING: - 0 trust assignments processed
[2025-06-05 06:17:34] WARNING: - 2 users in trust network
[2025-06-05 06:17:34] WARNING: - 31 total trust relationships
[2025-06-05 06:27:33] WARNING: === Starting Twitter Trust System Collection ===
[2025-06-05 06:27:33] WARNING: Will collect tweets until reaching previous timestamp: 2025-05-12 06:54:05+00:00
[2025-06-05 06:27:33] WARNING: Retrieving page 1...
[2025-06-05 06:27:35] WARNING: Newest tweet is from: 2025-05-12 06:54:05+00:00
[2025-06-05 06:27:35] WARNING: Reached stop point at tweet from 2025-05-12 06:54:05+00:00
[2025-06-05 06:27:35] WARNING: Retrieved 0 new tweets on page 1
[2025-06-05 06:27:35] WARNING: Stopping pagination as we've reached the stop point
[2025-06-05 06:27:35] WARNING: Retrieved a total of 0 tweets across 1 pages
[2025-06-05 06:27:35] WARNING: No new tweets found with trust commands. Exiting without error.
[2025-06-05 06:27:35] WARNING: Collection complete!
[2025-06-05 06:27:35] WARNING: - 0 trust assignments processed
[2025-06-05 06:27:35] WARNING: - 2 users in trust network
[2025-06-05 06:27:35] WARNING: - 31 total trust relationships
