[2025-05-28 10:21:40] WARNING: === Starting Twitter Trust System Collection ===
[2025-05-28 10:21:40] WARNING: Will collect tweets until reaching previous timestamp: 2025-05-12 06:54:05+00:00
[2025-05-28 10:21:40] WARNING: Retrieving page 1...
[2025-05-28 10:21:42] WARNING: Newest tweet is from: 2025-05-12 06:54:05+00:00
[2025-05-28 10:21:42] WARNING: Reached stop point at tweet from 2025-05-12 06:54:05+00:00
[2025-05-28 10:21:42] WARNING: Retrieved 0 new tweets on page 1
[2025-05-28 10:21:42] WARNING: Stopping pagination as we've reached the stop point
[2025-05-28 10:21:42] WARNING: Retrieved a total of 0 tweets across 1 pages
[2025-05-28 10:21:42] WARNING: No new tweets found with trust commands. Exiting without error.
[2025-05-28 10:21:42] WARNING: Collection complete!
[2025-05-28 10:21:42] WARNING: - 0 trust assignments processed
[2025-05-28 10:21:42] WARNING: - 2 users in trust network
[2025-05-28 10:21:42] WARNING: - 31 total trust relationships
[2025-05-28 10:27:33] WARNING: === Starting Twitter Trust System Collection ===
[2025-05-28 10:27:33] WARNING: Will collect tweets until reaching previous timestamp: 2025-05-12 06:54:05+00:00
[2025-05-28 10:27:33] WARNING: Retrieving page 1...
[2025-05-28 10:27:34] WARNING: Newest tweet is from: 2025-05-12 06:54:05+00:00
[2025-05-28 10:27:34] WARNING: Reached stop point at tweet from 2025-05-12 06:54:05+00:00
[2025-05-28 10:27:34] WARNING: Retrieved 0 new tweets on page 1
[2025-05-28 10:27:34] WARNING: Stopping pagination as we've reached the stop point
[2025-05-28 10:27:34] WARNING: Retrieved a total of 0 tweets across 1 pages
[2025-05-28 10:27:34] WARNING: No new tweets found with trust commands. Exiting without error.
[2025-05-28 10:27:34] WARNING: Collection complete!
[2025-05-28 10:27:34] WARNING: - 0 trust assignments processed
[2025-05-28 10:27:34] WARNING: - 2 users in trust network
[2025-05-28 10:27:34] WARNING: - 31 total trust relationships
[2025-05-28 10:37:33] WARNING: === Starting Twitter Trust System Collection ===
[2025-05-28 10:37:33] WARNING: Will collect tweets until reaching previous timestamp: 2025-05-12 06:54:05+00:00
[2025-05-28 10:37:33] WARNING: Retrieving page 1...
[2025-05-28 10:37:35] WARNING: Newest tweet is from: 2025-05-12 06:54:05+00:00
[2025-05-28 10:37:35] WARNING: Reached stop point at tweet from 2025-05-12 06:54:05+00:00
[2025-05-28 10:37:35] WARNING: Retrieved 0 new tweets on page 1
[2025-05-28 10:37:35] WARNING: Stopping pagination as we've reached the stop point
[2025-05-28 10:37:35] WARNING: Retrieved a total of 0 tweets across 1 pages
[2025-05-28 10:37:35] WARNING: No new tweets found with trust commands. Exiting without error.
[2025-05-28 10:37:35] WARNING: Collection complete!
[2025-05-28 10:37:35] WARNING: - 0 trust assignments processed
[2025-05-28 10:37:35] WARNING: - 2 users in trust network
[2025-05-28 10:37:35] WARNING: - 31 total trust relationships
[2025-05-28 10:47:33] WARNING: === Starting Twitter Trust System Collection ===
[2025-05-28 10:47:33] WARNING: Will collect tweets until reaching previous timestamp: 2025-05-12 06:54:05+00:00
[2025-05-28 10:47:33] WARNING: Retrieving page 1...
[2025-05-28 10:47:37] WARNING: Newest tweet is from: 2025-05-12 06:54:05+00:00
[2025-05-28 10:47:37] WARNING: Reached stop point at tweet from 2025-05-12 06:54:05+00:00
[2025-05-28 10:47:37] WARNING: Retrieved 0 new tweets on page 1
[2025-05-28 10:47:37] WARNING: Stopping pagination as we've reached the stop point
[2025-05-28 10:47:37] WARNING: Retrieved a total of 0 tweets across 1 pages
[2025-05-28 10:47:37] WARNING: No new tweets found with trust commands. Exiting without error.
[2025-05-28 10:47:37] WARNING: Collection complete!
[2025-05-28 10:47:37] WARNING: - 0 trust assignments processed
[2025-05-28 10:47:37] WARNING: - 2 users in trust network
[2025-05-28 10:47:37] WARNING: - 31 total trust relationships
[2025-05-28 10:57:33] WARNING: === Starting Twitter Trust System Collection ===
[2025-05-28 10:57:33] WARNING: Will collect tweets until reaching previous timestamp: 2025-05-12 06:54:05+00:00
[2025-05-28 10:57:33] WARNING: Retrieving page 1...
[2025-05-28 10:57:35] WARNING: Newest tweet is from: 2025-05-12 06:54:05+00:00
[2025-05-28 10:57:35] WARNING: Reached stop point at tweet from 2025-05-12 06:54:05+00:00
[2025-05-28 10:57:35] WARNING: Retrieved 0 new tweets on page 1
[2025-05-28 10:57:35] WARNING: Stopping pagination as we've reached the stop point
[2025-05-28 10:57:35] WARNING: Retrieved a total of 0 tweets across 1 pages
[2025-05-28 10:57:35] WARNING: No new tweets found with trust commands. Exiting without error.
[2025-05-28 10:57:35] WARNING: Collection complete!
[2025-05-28 10:57:35] WARNING: - 0 trust assignments processed
[2025-05-28 10:57:35] WARNING: - 2 users in trust network
[2025-05-28 10:57:35] WARNING: - 31 total trust relationships
[2025-05-28 11:07:33] WARNING: === Starting Twitter Trust System Collection ===
[2025-05-28 11:07:33] WARNING: Will collect tweets until reaching previous timestamp: 2025-05-12 06:54:05+00:00
[2025-05-28 11:07:33] WARNING: Retrieving page 1...
[2025-05-28 11:07:35] WARNING: Newest tweet is from: 2025-05-12 06:54:05+00:00
[2025-05-28 11:07:35] WARNING: Reached stop point at tweet from 2025-05-12 06:54:05+00:00
[2025-05-28 11:07:35] WARNING: Retrieved 0 new tweets on page 1
[2025-05-28 11:07:35] WARNING: Stopping pagination as we've reached the stop point
[2025-05-28 11:07:35] WARNING: Retrieved a total of 0 tweets across 1 pages
[2025-05-28 11:07:35] WARNING: No new tweets found with trust commands. Exiting without error.
[2025-05-28 11:07:35] WARNING: Collection complete!
[2025-05-28 11:07:35] WARNING: - 0 trust assignments processed
[2025-05-28 11:07:35] WARNING: - 2 users in trust network
[2025-05-28 11:07:35] WARNING: - 31 total trust relationships
[2025-05-28 11:17:33] WARNING: === Starting Twitter Trust System Collection ===
[2025-05-28 11:17:33] WARNING: Will collect tweets until reaching previous timestamp: 2025-05-12 06:54:05+00:00
[2025-05-28 11:17:33] WARNING: Retrieving page 1...
[2025-05-28 11:17:35] WARNING: Newest tweet is from: 2025-05-12 06:54:05+00:00
[2025-05-28 11:17:35] WARNING: Reached stop point at tweet from 2025-05-12 06:54:05+00:00
[2025-05-28 11:17:35] WARNING: Retrieved 0 new tweets on page 1
[2025-05-28 11:17:35] WARNING: Stopping pagination as we've reached the stop point
[2025-05-28 11:17:35] WARNING: Retrieved a total of 0 tweets across 1 pages
[2025-05-28 11:17:35] WARNING: No new tweets found with trust commands. Exiting without error.
[2025-05-28 11:17:35] WARNING: Collection complete!
[2025-05-28 11:17:35] WARNING: - 0 trust assignments processed
[2025-05-28 11:17:35] WARNING: - 2 users in trust network
[2025-05-28 11:17:35] WARNING: - 31 total trust relationships
[2025-05-28 11:27:33] WARNING: === Starting Twitter Trust System Collection ===
[2025-05-28 11:27:33] WARNING: Will collect tweets until reaching previous timestamp: 2025-05-12 06:54:05+00:00
[2025-05-28 11:27:33] WARNING: Retrieving page 1...
[2025-05-28 11:27:34] WARNING: Newest tweet is from: 2025-05-12 06:54:05+00:00
[2025-05-28 11:27:34] WARNING: Reached stop point at tweet from 2025-05-12 06:54:05+00:00
[2025-05-28 11:27:34] WARNING: Retrieved 0 new tweets on page 1
[2025-05-28 11:27:34] WARNING: Stopping pagination as we've reached the stop point
[2025-05-28 11:27:34] WARNING: Retrieved a total of 0 tweets across 1 pages
[2025-05-28 11:27:34] WARNING: No new tweets found with trust commands. Exiting without error.
[2025-05-28 11:27:34] WARNING: Collection complete!
[2025-05-28 11:27:34] WARNING: - 0 trust assignments processed
[2025-05-28 11:27:34] WARNING: - 2 users in trust network
[2025-05-28 11:27:34] WARNING: - 31 total trust relationships
[2025-05-28 11:37:33] WARNING: === Starting Twitter Trust System Collection ===
[2025-05-28 11:37:33] WARNING: Will collect tweets until reaching previous timestamp: 2025-05-12 06:54:05+00:00
[2025-05-28 11:37:33] WARNING: Retrieving page 1...
[2025-05-28 11:37:36] WARNING: Newest tweet is from: 2025-05-12 06:54:05+00:00
[2025-05-28 11:37:36] WARNING: Reached stop point at tweet from 2025-05-12 06:54:05+00:00
[2025-05-28 11:37:36] WARNING: Retrieved 0 new tweets on page 1
[2025-05-28 11:37:36] WARNING: Stopping pagination as we've reached the stop point
[2025-05-28 11:37:36] WARNING: Retrieved a total of 0 tweets across 1 pages
[2025-05-28 11:37:36] WARNING: No new tweets found with trust commands. Exiting without error.
[2025-05-28 11:37:36] WARNING: Collection complete!
[2025-05-28 11:37:36] WARNING: - 0 trust assignments processed
[2025-05-28 11:37:36] WARNING: - 2 users in trust network
[2025-05-28 11:37:36] WARNING: - 31 total trust relationships
[2025-05-28 11:47:33] WARNING: === Starting Twitter Trust System Collection ===
[2025-05-28 11:47:33] WARNING: Will collect tweets until reaching previous timestamp: 2025-05-12 06:54:05+00:00
[2025-05-28 11:47:33] WARNING: Retrieving page 1...
[2025-05-28 11:47:35] WARNING: Newest tweet is from: 2025-05-12 06:54:05+00:00
[2025-05-28 11:47:35] WARNING: Reached stop point at tweet from 2025-05-12 06:54:05+00:00
[2025-05-28 11:47:35] WARNING: Retrieved 0 new tweets on page 1
[2025-05-28 11:47:35] WARNING: Stopping pagination as we've reached the stop point
[2025-05-28 11:47:35] WARNING: Retrieved a total of 0 tweets across 1 pages
[2025-05-28 11:47:35] WARNING: No new tweets found with trust commands. Exiting without error.
[2025-05-28 11:47:35] WARNING: Collection complete!
[2025-05-28 11:47:35] WARNING: - 0 trust assignments processed
[2025-05-28 11:47:35] WARNING: - 2 users in trust network
[2025-05-28 11:47:35] WARNING: - 31 total trust relationships
[2025-05-28 11:57:33] WARNING: === Starting Twitter Trust System Collection ===
[2025-05-28 11:57:33] WARNING: Will collect tweets until reaching previous timestamp: 2025-05-12 06:54:05+00:00
[2025-05-28 11:57:33] WARNING: Retrieving page 1...
[2025-05-28 11:57:35] WARNING: Newest tweet is from: 2025-05-12 06:54:05+00:00
[2025-05-28 11:57:35] WARNING: Reached stop point at tweet from 2025-05-12 06:54:05+00:00
[2025-05-28 11:57:35] WARNING: Retrieved 0 new tweets on page 1
[2025-05-28 11:57:35] WARNING: Stopping pagination as we've reached the stop point
[2025-05-28 11:57:35] WARNING: Retrieved a total of 0 tweets across 1 pages
[2025-05-28 11:57:35] WARNING: No new tweets found with trust commands. Exiting without error.
[2025-05-28 11:57:35] WARNING: Collection complete!
[2025-05-28 11:57:35] WARNING: - 0 trust assignments processed
[2025-05-28 11:57:35] WARNING: - 2 users in trust network
[2025-05-28 11:57:35] WARNING: - 31 total trust relationships
[2025-05-28 12:07:33] WARNING: === Starting Twitter Trust System Collection ===
[2025-05-28 12:07:33] WARNING: Will collect tweets until reaching previous timestamp: 2025-05-12 06:54:05+00:00
[2025-05-28 12:07:33] WARNING: Retrieving page 1...
[2025-05-28 12:07:35] WARNING: Newest tweet is from: 2025-05-12 06:54:05+00:00
[2025-05-28 12:07:35] WARNING: Reached stop point at tweet from 2025-05-12 06:54:05+00:00
[2025-05-28 12:07:35] WARNING: Retrieved 0 new tweets on page 1
[2025-05-28 12:07:35] WARNING: Stopping pagination as we've reached the stop point
[2025-05-28 12:07:35] WARNING: Retrieved a total of 0 tweets across 1 pages
[2025-05-28 12:07:35] WARNING: No new tweets found with trust commands. Exiting without error.
[2025-05-28 12:07:35] WARNING: Collection complete!
[2025-05-28 12:07:35] WARNING: - 0 trust assignments processed
[2025-05-28 12:07:35] WARNING: - 2 users in trust network
[2025-05-28 12:07:35] WARNING: - 31 total trust relationships
[2025-05-28 12:17:33] WARNING: === Starting Twitter Trust System Collection ===
[2025-05-28 12:17:33] WARNING: Will collect tweets until reaching previous timestamp: 2025-05-12 06:54:05+00:00
[2025-05-28 12:17:33] WARNING: Retrieving page 1...
[2025-05-28 12:17:34] WARNING: Newest tweet is from: 2025-05-12 06:54:05+00:00
[2025-05-28 12:17:34] WARNING: Reached stop point at tweet from 2025-05-12 06:54:05+00:00
[2025-05-28 12:17:34] WARNING: Retrieved 0 new tweets on page 1
[2025-05-28 12:17:34] WARNING: Stopping pagination as we've reached the stop point
[2025-05-28 12:17:34] WARNING: Retrieved a total of 0 tweets across 1 pages
[2025-05-28 12:17:34] WARNING: No new tweets found with trust commands. Exiting without error.
[2025-05-28 12:17:34] WARNING: Collection complete!
[2025-05-28 12:17:34] WARNING: - 0 trust assignments processed
[2025-05-28 12:17:34] WARNING: - 2 users in trust network
[2025-05-28 12:17:34] WARNING: - 31 total trust relationships
[2025-05-28 12:27:33] WARNING: === Starting Twitter Trust System Collection ===
[2025-05-28 12:27:33] WARNING: Will collect tweets until reaching previous timestamp: 2025-05-12 06:54:05+00:00
[2025-05-28 12:27:33] WARNING: Retrieving page 1...
[2025-05-28 12:27:35] WARNING: Newest tweet is from: 2025-05-12 06:54:05+00:00
[2025-05-28 12:27:35] WARNING: Reached stop point at tweet from 2025-05-12 06:54:05+00:00
[2025-05-28 12:27:35] WARNING: Retrieved 0 new tweets on page 1
[2025-05-28 12:27:35] WARNING: Stopping pagination as we've reached the stop point
[2025-05-28 12:27:35] WARNING: Retrieved a total of 0 tweets across 1 pages
[2025-05-28 12:27:35] WARNING: No new tweets found with trust commands. Exiting without error.
[2025-05-28 12:27:35] WARNING: Collection complete!
[2025-05-28 12:27:35] WARNING: - 0 trust assignments processed
[2025-05-28 12:27:35] WARNING: - 2 users in trust network
[2025-05-28 12:27:35] WARNING: - 31 total trust relationships
[2025-05-28 12:37:33] WARNING: === Starting Twitter Trust System Collection ===
[2025-05-28 12:37:33] WARNING: Will collect tweets until reaching previous timestamp: 2025-05-12 06:54:05+00:00
[2025-05-28 12:37:33] WARNING: Retrieving page 1...
[2025-05-28 12:37:35] WARNING: Newest tweet is from: 2025-05-12 06:54:05+00:00
[2025-05-28 12:37:35] WARNING: Reached stop point at tweet from 2025-05-12 06:54:05+00:00
[2025-05-28 12:37:35] WARNING: Retrieved 0 new tweets on page 1
[2025-05-28 12:37:35] WARNING: Stopping pagination as we've reached the stop point
[2025-05-28 12:37:35] WARNING: Retrieved a total of 0 tweets across 1 pages
[2025-05-28 12:37:35] WARNING: No new tweets found with trust commands. Exiting without error.
[2025-05-28 12:37:35] WARNING: Collection complete!
[2025-05-28 12:37:35] WARNING: - 0 trust assignments processed
[2025-05-28 12:37:35] WARNING: - 2 users in trust network
[2025-05-28 12:37:35] WARNING: - 31 total trust relationships
[2025-05-28 12:47:33] WARNING: === Starting Twitter Trust System Collection ===
[2025-05-28 12:47:33] WARNING: Will collect tweets until reaching previous timestamp: 2025-05-12 06:54:05+00:00
[2025-05-28 12:47:33] WARNING: Retrieving page 1...
[2025-05-28 12:47:36] WARNING: Newest tweet is from: 2025-05-12 06:54:05+00:00
[2025-05-28 12:47:36] WARNING: Reached stop point at tweet from 2025-05-12 06:54:05+00:00
[2025-05-28 12:47:36] WARNING: Retrieved 0 new tweets on page 1
[2025-05-28 12:47:36] WARNING: Stopping pagination as we've reached the stop point
[2025-05-28 12:47:36] WARNING: Retrieved a total of 0 tweets across 1 pages
[2025-05-28 12:47:36] WARNING: No new tweets found with trust commands. Exiting without error.
[2025-05-28 12:47:36] WARNING: Collection complete!
[2025-05-28 12:47:36] WARNING: - 0 trust assignments processed
[2025-05-28 12:47:36] WARNING: - 2 users in trust network
[2025-05-28 12:47:36] WARNING: - 31 total trust relationships
[2025-05-28 12:57:33] WARNING: === Starting Twitter Trust System Collection ===
[2025-05-28 12:57:33] WARNING: Will collect tweets until reaching previous timestamp: 2025-05-12 06:54:05+00:00
[2025-05-28 12:57:33] WARNING: Retrieving page 1...
[2025-05-28 12:57:35] WARNING: Newest tweet is from: 2025-05-12 06:54:05+00:00
[2025-05-28 12:57:35] WARNING: Reached stop point at tweet from 2025-05-12 06:54:05+00:00
[2025-05-28 12:57:35] WARNING: Retrieved 0 new tweets on page 1
[2025-05-28 12:57:35] WARNING: Stopping pagination as we've reached the stop point
[2025-05-28 12:57:35] WARNING: Retrieved a total of 0 tweets across 1 pages
[2025-05-28 12:57:35] WARNING: No new tweets found with trust commands. Exiting without error.
[2025-05-28 12:57:35] WARNING: Collection complete!
[2025-05-28 12:57:35] WARNING: - 0 trust assignments processed
[2025-05-28 12:57:35] WARNING: - 2 users in trust network
[2025-05-28 12:57:35] WARNING: - 31 total trust relationships
[2025-05-28 13:07:33] WARNING: === Starting Twitter Trust System Collection ===
[2025-05-28 13:07:33] WARNING: Will collect tweets until reaching previous timestamp: 2025-05-12 06:54:05+00:00
[2025-05-28 13:07:33] WARNING: Retrieving page 1...
[2025-05-28 13:07:35] WARNING: Newest tweet is from: 2025-05-12 06:54:05+00:00
[2025-05-28 13:07:35] WARNING: Reached stop point at tweet from 2025-05-12 06:54:05+00:00
[2025-05-28 13:07:35] WARNING: Retrieved 0 new tweets on page 1
[2025-05-28 13:07:35] WARNING: Stopping pagination as we've reached the stop point
[2025-05-28 13:07:35] WARNING: Retrieved a total of 0 tweets across 1 pages
[2025-05-28 13:07:35] WARNING: No new tweets found with trust commands. Exiting without error.
[2025-05-28 13:07:35] WARNING: Collection complete!
[2025-05-28 13:07:35] WARNING: - 0 trust assignments processed
[2025-05-28 13:07:35] WARNING: - 2 users in trust network
[2025-05-28 13:07:35] WARNING: - 31 total trust relationships
[2025-05-28 13:17:33] WARNING: === Starting Twitter Trust System Collection ===
[2025-05-28 13:17:33] WARNING: Will collect tweets until reaching previous timestamp: 2025-05-12 06:54:05+00:00
[2025-05-28 13:17:33] WARNING: Retrieving page 1...
[2025-05-28 13:17:35] WARNING: Newest tweet is from: 2025-05-12 06:54:05+00:00
[2025-05-28 13:17:35] WARNING: Reached stop point at tweet from 2025-05-12 06:54:05+00:00
[2025-05-28 13:17:35] WARNING: Retrieved 0 new tweets on page 1
[2025-05-28 13:17:35] WARNING: Stopping pagination as we've reached the stop point
[2025-05-28 13:17:35] WARNING: Retrieved a total of 0 tweets across 1 pages
[2025-05-28 13:17:35] WARNING: No new tweets found with trust commands. Exiting without error.
[2025-05-28 13:17:35] WARNING: Collection complete!
[2025-05-28 13:17:35] WARNING: - 0 trust assignments processed
[2025-05-28 13:17:35] WARNING: - 2 users in trust network
[2025-05-28 13:17:35] WARNING: - 31 total trust relationships
[2025-05-28 13:27:33] WARNING: === Starting Twitter Trust System Collection ===
[2025-05-28 13:27:33] WARNING: Will collect tweets until reaching previous timestamp: 2025-05-12 06:54:05+00:00
[2025-05-28 13:27:33] WARNING: Retrieving page 1...
[2025-05-28 13:27:35] WARNING: Newest tweet is from: 2025-05-12 06:54:05+00:00
[2025-05-28 13:27:35] WARNING: Reached stop point at tweet from 2025-05-12 06:54:05+00:00
[2025-05-28 13:27:35] WARNING: Retrieved 0 new tweets on page 1
[2025-05-28 13:27:35] WARNING: Stopping pagination as we've reached the stop point
[2025-05-28 13:27:35] WARNING: Retrieved a total of 0 tweets across 1 pages
[2025-05-28 13:27:35] WARNING: No new tweets found with trust commands. Exiting without error.
[2025-05-28 13:27:35] WARNING: Collection complete!
[2025-05-28 13:27:35] WARNING: - 0 trust assignments processed
[2025-05-28 13:27:35] WARNING: - 2 users in trust network
[2025-05-28 13:27:35] WARNING: - 31 total trust relationships
[2025-05-28 20:14:57] WARNING: === Starting Twitter Trust System Collection ===
[2025-05-28 20:14:57] WARNING: Will collect tweets until reaching previous timestamp: 2025-05-12 06:54:05+00:00
[2025-05-28 20:14:57] WARNING: Retrieving page 1...
[2025-05-28 20:15:00] WARNING: Newest tweet is from: 2025-05-12 06:54:05+00:00
[2025-05-28 20:15:00] WARNING: Reached stop point at tweet from 2025-05-12 06:54:05+00:00
[2025-05-28 20:15:00] WARNING: Retrieved 0 new tweets on page 1
[2025-05-28 20:15:00] WARNING: Stopping pagination as we've reached the stop point
[2025-05-28 20:15:00] WARNING: Retrieved a total of 0 tweets across 1 pages
[2025-05-28 20:15:00] WARNING: No new tweets found with trust commands. Exiting without error.
[2025-05-28 20:15:00] WARNING: Collection complete!
[2025-05-28 20:15:00] WARNING: - 0 trust assignments processed
[2025-05-28 20:15:00] WARNING: - 2 users in trust network
[2025-05-28 20:15:00] WARNING: - 31 total trust relationships
[2025-05-28 20:17:34] WARNING: === Starting Twitter Trust System Collection ===
[2025-05-28 20:17:34] WARNING: Will collect tweets until reaching previous timestamp: 2025-05-12 06:54:05+00:00
[2025-05-28 20:17:34] WARNING: Retrieving page 1...
[2025-05-28 20:17:35] WARNING: Newest tweet is from: 2025-05-12 06:54:05+00:00
[2025-05-28 20:17:35] WARNING: Reached stop point at tweet from 2025-05-12 06:54:05+00:00
[2025-05-28 20:17:35] WARNING: Retrieved 0 new tweets on page 1
[2025-05-28 20:17:35] WARNING: Stopping pagination as we've reached the stop point
[2025-05-28 20:17:35] WARNING: Retrieved a total of 0 tweets across 1 pages
[2025-05-28 20:17:35] WARNING: No new tweets found with trust commands. Exiting without error.
[2025-05-28 20:17:35] WARNING: Collection complete!
[2025-05-28 20:17:35] WARNING: - 0 trust assignments processed
[2025-05-28 20:17:35] WARNING: - 2 users in trust network
[2025-05-28 20:17:35] WARNING: - 31 total trust relationships
[2025-05-28 20:27:33] WARNING: === Starting Twitter Trust System Collection ===
[2025-05-28 20:27:33] WARNING: Will collect tweets until reaching previous timestamp: 2025-05-12 06:54:05+00:00
[2025-05-28 20:27:33] WARNING: Retrieving page 1...
[2025-05-28 20:27:35] WARNING: Newest tweet is from: 2025-05-12 06:54:05+00:00
[2025-05-28 20:27:35] WARNING: Reached stop point at tweet from 2025-05-12 06:54:05+00:00
[2025-05-28 20:27:35] WARNING: Retrieved 0 new tweets on page 1
[2025-05-28 20:27:35] WARNING: Stopping pagination as we've reached the stop point
[2025-05-28 20:27:35] WARNING: Retrieved a total of 0 tweets across 1 pages
[2025-05-28 20:27:35] WARNING: No new tweets found with trust commands. Exiting without error.
[2025-05-28 20:27:35] WARNING: Collection complete!
[2025-05-28 20:27:35] WARNING: - 0 trust assignments processed
[2025-05-28 20:27:35] WARNING: - 2 users in trust network
[2025-05-28 20:27:35] WARNING: - 31 total trust relationships
