[2025-06-05 15:27:34] WARNING: Retrieved a total of 0 tweets across 1 pages
[2025-06-05 15:27:34] WARNING: No new tweets found with trust commands. Exiting without error.
[2025-06-05 15:27:34] WARNING: Collection complete!
[2025-06-05 15:27:34] WARNING: - 0 trust assignments processed
[2025-06-05 15:27:34] WARNING: - 2 users in trust network
[2025-06-05 15:27:34] WARNING: - 31 total trust relationships
[2025-06-05 15:37:33] WARNING: === Starting Twitter Trust System Collection ===
[2025-06-05 15:37:33] WARNING: Will collect tweets until reaching previous timestamp: 2025-05-12 06:54:05+00:00
[2025-06-05 15:37:33] WARNING: Retrieving page 1...
[2025-06-05 15:37:34] WARNING: Newest tweet is from: 2025-05-12 06:54:05+00:00
[2025-06-05 15:37:34] WARNING: Reached stop point at tweet from 2025-05-12 06:54:05+00:00
[2025-06-05 15:37:34] WARNING: Retrieved 0 new tweets on page 1
[2025-06-05 15:37:34] WARNING: Stopping pagination as we've reached the stop point
[2025-06-05 15:37:34] WARNING: Retrieved a total of 0 tweets across 1 pages
[2025-06-05 15:37:34] WARNING: No new tweets found with trust commands. Exiting without error.
[2025-06-05 15:37:34] WARNING: Collection complete!
[2025-06-05 15:37:34] WARNING: - 0 trust assignments processed
[2025-06-05 15:37:34] WARNING: - 2 users in trust network
[2025-06-05 15:37:34] WARNING: - 31 total trust relationships
[2025-06-05 15:47:33] WARNING: === Starting Twitter Trust System Collection ===
[2025-06-05 15:47:33] WARNING: Will collect tweets until reaching previous timestamp: 2025-05-12 06:54:05+00:00
[2025-06-05 15:47:33] WARNING: Retrieving page 1...
[2025-06-05 15:47:35] WARNING: Newest tweet is from: 2025-05-12 06:54:05+00:00
[2025-06-05 15:47:35] WARNING: Reached stop point at tweet from 2025-05-12 06:54:05+00:00
[2025-06-05 15:47:35] WARNING: Retrieved 0 new tweets on page 1
[2025-06-05 15:47:35] WARNING: Stopping pagination as we've reached the stop point
[2025-06-05 15:47:35] WARNING: Retrieved a total of 0 tweets across 1 pages
[2025-06-05 15:47:35] WARNING: No new tweets found with trust commands. Exiting without error.
[2025-06-05 15:47:35] WARNING: Collection complete!
[2025-06-05 15:47:35] WARNING: - 0 trust assignments processed
[2025-06-05 15:47:35] WARNING: - 2 users in trust network
[2025-06-05 15:47:35] WARNING: - 31 total trust relationships
[2025-06-05 15:57:33] WARNING: === Starting Twitter Trust System Collection ===
[2025-06-05 15:57:33] WARNING: Will collect tweets until reaching previous timestamp: 2025-05-12 06:54:05+00:00
[2025-06-05 15:57:33] WARNING: Retrieving page 1...
[2025-06-05 15:57:34] WARNING: Newest tweet is from: 2025-05-12 06:54:05+00:00
[2025-06-05 15:57:34] WARNING: Reached stop point at tweet from 2025-05-12 06:54:05+00:00
[2025-06-05 15:57:34] WARNING: Retrieved 0 new tweets on page 1
[2025-06-05 15:57:34] WARNING: Stopping pagination as we've reached the stop point
[2025-06-05 15:57:34] WARNING: Retrieved a total of 0 tweets across 1 pages
[2025-06-05 15:57:34] WARNING: No new tweets found with trust commands. Exiting without error.
[2025-06-05 15:57:34] WARNING: Collection complete!
[2025-06-05 15:57:34] WARNING: - 0 trust assignments processed
[2025-06-05 15:57:34] WARNING: - 2 users in trust network
[2025-06-05 15:57:34] WARNING: - 31 total trust relationships
[2025-06-05 16:07:33] WARNING: === Starting Twitter Trust System Collection ===
[2025-06-05 16:07:33] WARNING: Will collect tweets until reaching previous timestamp: 2025-05-12 06:54:05+00:00
[2025-06-05 16:07:33] WARNING: Retrieving page 1...
[2025-06-05 16:07:34] WARNING: Newest tweet is from: 2025-05-12 06:54:05+00:00
[2025-06-05 16:07:34] WARNING: Reached stop point at tweet from 2025-05-12 06:54:05+00:00
[2025-06-05 16:07:34] WARNING: Retrieved 0 new tweets on page 1
[2025-06-05 16:07:34] WARNING: Stopping pagination as we've reached the stop point
[2025-06-05 16:07:34] WARNING: Retrieved a total of 0 tweets across 1 pages
[2025-06-05 16:07:34] WARNING: No new tweets found with trust commands. Exiting without error.
[2025-06-05 16:07:34] WARNING: Collection complete!
[2025-06-05 16:07:34] WARNING: - 0 trust assignments processed
[2025-06-05 16:07:34] WARNING: - 2 users in trust network
[2025-06-05 16:07:34] WARNING: - 31 total trust relationships
[2025-06-05 16:17:33] WARNING: === Starting Twitter Trust System Collection ===
[2025-06-05 16:17:33] WARNING: Will collect tweets until reaching previous timestamp: 2025-05-12 06:54:05+00:00
[2025-06-05 16:17:33] WARNING: Retrieving page 1...
[2025-06-05 16:17:35] WARNING: Newest tweet is from: 2025-05-12 06:54:05+00:00
[2025-06-05 16:17:35] WARNING: Reached stop point at tweet from 2025-05-12 06:54:05+00:00
[2025-06-05 16:17:35] WARNING: Retrieved 0 new tweets on page 1
[2025-06-05 16:17:35] WARNING: Stopping pagination as we've reached the stop point
[2025-06-05 16:17:35] WARNING: Retrieved a total of 0 tweets across 1 pages
[2025-06-05 16:17:35] WARNING: No new tweets found with trust commands. Exiting without error.
[2025-06-05 16:17:35] WARNING: Collection complete!
[2025-06-05 16:17:35] WARNING: - 0 trust assignments processed
[2025-06-05 16:17:35] WARNING: - 2 users in trust network
[2025-06-05 16:17:35] WARNING: - 31 total trust relationships
[2025-06-05 16:27:33] WARNING: === Starting Twitter Trust System Collection ===
[2025-06-05 16:27:33] WARNING: Will collect tweets until reaching previous timestamp: 2025-05-12 06:54:05+00:00
[2025-06-05 16:27:33] WARNING: Retrieving page 1...
[2025-06-05 16:27:35] WARNING: Newest tweet is from: 2025-05-12 06:54:05+00:00
[2025-06-05 16:27:35] WARNING: Reached stop point at tweet from 2025-05-12 06:54:05+00:00
[2025-06-05 16:27:35] WARNING: Retrieved 0 new tweets on page 1
[2025-06-05 16:27:35] WARNING: Stopping pagination as we've reached the stop point
[2025-06-05 16:27:35] WARNING: Retrieved a total of 0 tweets across 1 pages
[2025-06-05 16:27:35] WARNING: No new tweets found with trust commands. Exiting without error.
[2025-06-05 16:27:35] WARNING: Collection complete!
[2025-06-05 16:27:35] WARNING: - 0 trust assignments processed
[2025-06-05 16:27:35] WARNING: - 2 users in trust network
[2025-06-05 16:27:35] WARNING: - 31 total trust relationships
[2025-06-05 16:37:34] WARNING: === Starting Twitter Trust System Collection ===
[2025-06-05 16:37:34] WARNING: Will collect tweets until reaching previous timestamp: 2025-05-12 06:54:05+00:00
[2025-06-05 16:37:34] WARNING: Retrieving page 1...
[2025-06-05 16:37:36] WARNING: Newest tweet is from: 2025-05-12 06:54:05+00:00
[2025-06-05 16:37:36] WARNING: Reached stop point at tweet from 2025-05-12 06:54:05+00:00
[2025-06-05 16:37:36] WARNING: Retrieved 0 new tweets on page 1
[2025-06-05 16:37:36] WARNING: Stopping pagination as we've reached the stop point
[2025-06-05 16:37:36] WARNING: Retrieved a total of 0 tweets across 1 pages
[2025-06-05 16:37:36] WARNING: No new tweets found with trust commands. Exiting without error.
[2025-06-05 16:37:36] WARNING: Collection complete!
[2025-06-05 16:37:36] WARNING: - 0 trust assignments processed
[2025-06-05 16:37:36] WARNING: - 2 users in trust network
[2025-06-05 16:37:36] WARNING: - 31 total trust relationships
[2025-06-05 16:47:34] WARNING: === Starting Twitter Trust System Collection ===
[2025-06-05 16:47:34] WARNING: Will collect tweets until reaching previous timestamp: 2025-05-12 06:54:05+00:00
[2025-06-05 16:47:34] WARNING: Retrieving page 1...
[2025-06-05 16:47:36] WARNING: Newest tweet is from: 2025-05-12 06:54:05+00:00
[2025-06-05 16:47:36] WARNING: Reached stop point at tweet from 2025-05-12 06:54:05+00:00
[2025-06-05 16:47:36] WARNING: Retrieved 0 new tweets on page 1
[2025-06-05 16:47:36] WARNING: Stopping pagination as we've reached the stop point
[2025-06-05 16:47:36] WARNING: Retrieved a total of 0 tweets across 1 pages
[2025-06-05 16:47:36] WARNING: No new tweets found with trust commands. Exiting without error.
[2025-06-05 16:47:36] WARNING: Collection complete!
[2025-06-05 16:47:36] WARNING: - 0 trust assignments processed
[2025-06-05 16:47:36] WARNING: - 2 users in trust network
[2025-06-05 16:47:36] WARNING: - 31 total trust relationships
[2025-06-05 16:57:34] WARNING: === Starting Twitter Trust System Collection ===
[2025-06-05 16:57:34] WARNING: Will collect tweets until reaching previous timestamp: 2025-05-12 06:54:05+00:00
[2025-06-05 16:57:34] WARNING: Retrieving page 1...
[2025-06-05 16:57:35] WARNING: Newest tweet is from: 2025-05-12 06:54:05+00:00
[2025-06-05 16:57:35] WARNING: Reached stop point at tweet from 2025-05-12 06:54:05+00:00
[2025-06-05 16:57:35] WARNING: Retrieved 0 new tweets on page 1
[2025-06-05 16:57:35] WARNING: Stopping pagination as we've reached the stop point
[2025-06-05 16:57:35] WARNING: Retrieved a total of 0 tweets across 1 pages
[2025-06-05 16:57:35] WARNING: No new tweets found with trust commands. Exiting without error.
[2025-06-05 16:57:35] WARNING: Collection complete!
[2025-06-05 16:57:35] WARNING: - 0 trust assignments processed
[2025-06-05 16:57:35] WARNING: - 2 users in trust network
[2025-06-05 16:57:35] WARNING: - 31 total trust relationships
[2025-06-05 17:07:34] WARNING: === Starting Twitter Trust System Collection ===
[2025-06-05 17:07:34] WARNING: Will collect tweets until reaching previous timestamp: 2025-05-12 06:54:05+00:00
[2025-06-05 17:07:34] WARNING: Retrieving page 1...
[2025-06-05 17:07:36] WARNING: Newest tweet is from: 2025-05-12 06:54:05+00:00
[2025-06-05 17:07:36] WARNING: Reached stop point at tweet from 2025-05-12 06:54:05+00:00
[2025-06-05 17:07:36] WARNING: Retrieved 0 new tweets on page 1
[2025-06-05 17:07:36] WARNING: Stopping pagination as we've reached the stop point
[2025-06-05 17:07:36] WARNING: Retrieved a total of 0 tweets across 1 pages
[2025-06-05 17:07:36] WARNING: No new tweets found with trust commands. Exiting without error.
[2025-06-05 17:07:36] WARNING: Collection complete!
[2025-06-05 17:07:36] WARNING: - 0 trust assignments processed
[2025-06-05 17:07:36] WARNING: - 2 users in trust network
[2025-06-05 17:07:36] WARNING: - 31 total trust relationships
[2025-06-05 17:17:34] WARNING: === Starting Twitter Trust System Collection ===
[2025-06-05 17:17:34] WARNING: Will collect tweets until reaching previous timestamp: 2025-05-12 06:54:05+00:00
[2025-06-05 17:17:34] WARNING: Retrieving page 1...
[2025-06-05 17:17:36] WARNING: Newest tweet is from: 2025-05-12 06:54:05+00:00
[2025-06-05 17:17:36] WARNING: Reached stop point at tweet from 2025-05-12 06:54:05+00:00
[2025-06-05 17:17:36] WARNING: Retrieved 0 new tweets on page 1
[2025-06-05 17:17:36] WARNING: Stopping pagination as we've reached the stop point
[2025-06-05 17:17:36] WARNING: Retrieved a total of 0 tweets across 1 pages
[2025-06-05 17:17:36] WARNING: No new tweets found with trust commands. Exiting without error.
[2025-06-05 17:17:36] WARNING: Collection complete!
[2025-06-05 17:17:36] WARNING: - 0 trust assignments processed
[2025-06-05 17:17:36] WARNING: - 2 users in trust network
[2025-06-05 17:17:36] WARNING: - 31 total trust relationships
[2025-06-05 17:27:34] WARNING: === Starting Twitter Trust System Collection ===
[2025-06-05 17:27:34] WARNING: Will collect tweets until reaching previous timestamp: 2025-05-12 06:54:05+00:00
[2025-06-05 17:27:34] WARNING: Retrieving page 1...
[2025-06-05 17:27:36] WARNING: Newest tweet is from: 2025-05-12 06:54:05+00:00
[2025-06-05 17:27:36] WARNING: Reached stop point at tweet from 2025-05-12 06:54:05+00:00
[2025-06-05 17:27:36] WARNING: Retrieved 0 new tweets on page 1
[2025-06-05 17:27:36] WARNING: Stopping pagination as we've reached the stop point
[2025-06-05 17:27:36] WARNING: Retrieved a total of 0 tweets across 1 pages
[2025-06-05 17:27:36] WARNING: No new tweets found with trust commands. Exiting without error.
[2025-06-05 17:27:36] WARNING: Collection complete!
[2025-06-05 17:27:36] WARNING: - 0 trust assignments processed
[2025-06-05 17:27:36] WARNING: - 2 users in trust network
[2025-06-05 17:27:36] WARNING: - 31 total trust relationships
[2025-06-05 17:37:33] WARNING: === Starting Twitter Trust System Collection ===
[2025-06-05 17:37:33] WARNING: Will collect tweets until reaching previous timestamp: 2025-05-12 06:54:05+00:00
[2025-06-05 17:37:33] WARNING: Retrieving page 1...
[2025-06-05 17:37:34] WARNING: Newest tweet is from: 2025-05-12 06:54:05+00:00
[2025-06-05 17:37:34] WARNING: Reached stop point at tweet from 2025-05-12 06:54:05+00:00
[2025-06-05 17:37:34] WARNING: Retrieved 0 new tweets on page 1
[2025-06-05 17:37:34] WARNING: Stopping pagination as we've reached the stop point
[2025-06-05 17:37:34] WARNING: Retrieved a total of 0 tweets across 1 pages
[2025-06-05 17:37:34] WARNING: No new tweets found with trust commands. Exiting without error.
[2025-06-05 17:37:34] WARNING: Collection complete!
[2025-06-05 17:37:34] WARNING: - 0 trust assignments processed
[2025-06-05 17:37:34] WARNING: - 2 users in trust network
[2025-06-05 17:37:34] WARNING: - 31 total trust relationships
[2025-06-05 17:47:33] WARNING: === Starting Twitter Trust System Collection ===
[2025-06-05 17:47:33] WARNING: Will collect tweets until reaching previous timestamp: 2025-05-12 06:54:05+00:00
[2025-06-05 17:47:33] WARNING: Retrieving page 1...
[2025-06-05 17:47:34] WARNING: Newest tweet is from: 2025-05-12 06:54:05+00:00
[2025-06-05 17:47:34] WARNING: Reached stop point at tweet from 2025-05-12 06:54:05+00:00
[2025-06-05 17:47:34] WARNING: Retrieved 0 new tweets on page 1
[2025-06-05 17:47:34] WARNING: Stopping pagination as we've reached the stop point
[2025-06-05 17:47:34] WARNING: Retrieved a total of 0 tweets across 1 pages
[2025-06-05 17:47:34] WARNING: No new tweets found with trust commands. Exiting without error.
[2025-06-05 17:47:34] WARNING: Collection complete!
[2025-06-05 17:47:34] WARNING: - 0 trust assignments processed
[2025-06-05 17:47:34] WARNING: - 2 users in trust network
[2025-06-05 17:47:34] WARNING: - 31 total trust relationships
[2025-06-05 17:57:33] WARNING: === Starting Twitter Trust System Collection ===
[2025-06-05 17:57:33] WARNING: Will collect tweets until reaching previous timestamp: 2025-05-12 06:54:05+00:00
[2025-06-05 17:57:33] WARNING: Retrieving page 1...
[2025-06-05 17:57:34] WARNING: Newest tweet is from: 2025-05-12 06:54:05+00:00
[2025-06-05 17:57:34] WARNING: Reached stop point at tweet from 2025-05-12 06:54:05+00:00
[2025-06-05 17:57:34] WARNING: Retrieved 0 new tweets on page 1
[2025-06-05 17:57:34] WARNING: Stopping pagination as we've reached the stop point
[2025-06-05 17:57:34] WARNING: Retrieved a total of 0 tweets across 1 pages
[2025-06-05 17:57:34] WARNING: No new tweets found with trust commands. Exiting without error.
[2025-06-05 17:57:34] WARNING: Collection complete!
[2025-06-05 17:57:34] WARNING: - 0 trust assignments processed
[2025-06-05 17:57:34] WARNING: - 2 users in trust network
[2025-06-05 17:57:34] WARNING: - 31 total trust relationships
[2025-06-05 18:07:33] WARNING: === Starting Twitter Trust System Collection ===
[2025-06-05 18:07:33] WARNING: Will collect tweets until reaching previous timestamp: 2025-05-12 06:54:05+00:00
[2025-06-05 18:07:33] WARNING: Retrieving page 1...
[2025-06-05 18:07:34] WARNING: Newest tweet is from: 2025-05-12 06:54:05+00:00
[2025-06-05 18:07:34] WARNING: Reached stop point at tweet from 2025-05-12 06:54:05+00:00
[2025-06-05 18:07:34] WARNING: Retrieved 0 new tweets on page 1
[2025-06-05 18:07:34] WARNING: Stopping pagination as we've reached the stop point
[2025-06-05 18:07:34] WARNING: Retrieved a total of 0 tweets across 1 pages
[2025-06-05 18:07:34] WARNING: No new tweets found with trust commands. Exiting without error.
[2025-06-05 18:07:34] WARNING: Collection complete!
[2025-06-05 18:07:34] WARNING: - 0 trust assignments processed
[2025-06-05 18:07:34] WARNING: - 2 users in trust network
[2025-06-05 18:07:34] WARNING: - 31 total trust relationships
[2025-06-05 18:17:33] WARNING: === Starting Twitter Trust System Collection ===
[2025-06-05 18:17:33] WARNING: Will collect tweets until reaching previous timestamp: 2025-05-12 06:54:05+00:00
[2025-06-05 18:17:33] WARNING: Retrieving page 1...
[2025-06-05 18:17:34] WARNING: Newest tweet is from: 2025-05-12 06:54:05+00:00
[2025-06-05 18:17:34] WARNING: Reached stop point at tweet from 2025-05-12 06:54:05+00:00
[2025-06-05 18:17:34] WARNING: Retrieved 0 new tweets on page 1
[2025-06-05 18:17:34] WARNING: Stopping pagination as we've reached the stop point
[2025-06-05 18:17:34] WARNING: Retrieved a total of 0 tweets across 1 pages
[2025-06-05 18:17:34] WARNING: No new tweets found with trust commands. Exiting without error.
[2025-06-05 18:17:34] WARNING: Collection complete!
[2025-06-05 18:17:34] WARNING: - 0 trust assignments processed
[2025-06-05 18:17:34] WARNING: - 2 users in trust network
[2025-06-05 18:17:34] WARNING: - 31 total trust relationships
[2025-06-05 18:27:33] WARNING: === Starting Twitter Trust System Collection ===
[2025-06-05 18:27:33] WARNING: Will collect tweets until reaching previous timestamp: 2025-05-12 06:54:05+00:00
[2025-06-05 18:27:33] WARNING: Retrieving page 1...
[2025-06-05 18:27:34] WARNING: Newest tweet is from: 2025-05-12 06:54:05+00:00
[2025-06-05 18:27:34] WARNING: Reached stop point at tweet from 2025-05-12 06:54:05+00:00
[2025-06-05 18:27:34] WARNING: Retrieved 0 new tweets on page 1
[2025-06-05 18:27:34] WARNING: Stopping pagination as we've reached the stop point
[2025-06-05 18:27:34] WARNING: Retrieved a total of 0 tweets across 1 pages
[2025-06-05 18:27:34] WARNING: No new tweets found with trust commands. Exiting without error.
[2025-06-05 18:27:34] WARNING: Collection complete!
[2025-06-05 18:27:34] WARNING: - 0 trust assignments processed
[2025-06-05 18:27:34] WARNING: - 2 users in trust network
[2025-06-05 18:27:34] WARNING: - 31 total trust relationships
[2025-06-05 18:37:33] WARNING: === Starting Twitter Trust System Collection ===
[2025-06-05 18:37:33] WARNING: Will collect tweets until reaching previous timestamp: 2025-05-12 06:54:05+00:00
[2025-06-05 18:37:33] WARNING: Retrieving page 1...
[2025-06-05 18:37:35] WARNING: Newest tweet is from: 2025-05-12 06:54:05+00:00
[2025-06-05 18:37:35] WARNING: Reached stop point at tweet from 2025-05-12 06:54:05+00:00
[2025-06-05 18:37:35] WARNING: Retrieved 0 new tweets on page 1
[2025-06-05 18:37:35] WARNING: Stopping pagination as we've reached the stop point
[2025-06-05 18:37:35] WARNING: Retrieved a total of 0 tweets across 1 pages
[2025-06-05 18:37:35] WARNING: No new tweets found with trust commands. Exiting without error.
[2025-06-05 18:37:35] WARNING: Collection complete!
[2025-06-05 18:37:35] WARNING: - 0 trust assignments processed
[2025-06-05 18:37:35] WARNING: - 2 users in trust network
[2025-06-05 18:37:35] WARNING: - 31 total trust relationships
[2025-06-05 18:47:33] WARNING: === Starting Twitter Trust System Collection ===
[2025-06-05 18:47:33] WARNING: Will collect tweets until reaching previous timestamp: 2025-05-12 06:54:05+00:00
[2025-06-05 18:47:33] WARNING: Retrieving page 1...
[2025-06-05 18:47:34] WARNING: Newest tweet is from: 2025-05-12 06:54:05+00:00
[2025-06-05 18:47:34] WARNING: Reached stop point at tweet from 2025-05-12 06:54:05+00:00
[2025-06-05 18:47:34] WARNING: Retrieved 0 new tweets on page 1
[2025-06-05 18:47:34] WARNING: Stopping pagination as we've reached the stop point
[2025-06-05 18:47:34] WARNING: Retrieved a total of 0 tweets across 1 pages
[2025-06-05 18:47:34] WARNING: No new tweets found with trust commands. Exiting without error.
[2025-06-05 18:47:34] WARNING: Collection complete!
[2025-06-05 18:47:34] WARNING: - 0 trust assignments processed
[2025-06-05 18:47:34] WARNING: - 2 users in trust network
[2025-06-05 18:47:34] WARNING: - 31 total trust relationships
[2025-06-05 18:57:33] WARNING: === Starting Twitter Trust System Collection ===
[2025-06-05 18:57:33] WARNING: Will collect tweets until reaching previous timestamp: 2025-05-12 06:54:05+00:00
[2025-06-05 18:57:33] WARNING: Retrieving page 1...
[2025-06-05 18:57:34] WARNING: Newest tweet is from: 2025-05-12 06:54:05+00:00
[2025-06-05 18:57:34] WARNING: Reached stop point at tweet from 2025-05-12 06:54:05+00:00
[2025-06-05 18:57:34] WARNING: Retrieved 0 new tweets on page 1
[2025-06-05 18:57:34] WARNING: Stopping pagination as we've reached the stop point
[2025-06-05 18:57:34] WARNING: Retrieved a total of 0 tweets across 1 pages
[2025-06-05 18:57:34] WARNING: No new tweets found with trust commands. Exiting without error.
[2025-06-05 18:57:34] WARNING: Collection complete!
[2025-06-05 18:57:34] WARNING: - 0 trust assignments processed
[2025-06-05 18:57:34] WARNING: - 2 users in trust network
[2025-06-05 18:57:34] WARNING: - 31 total trust relationships
[2025-06-05 19:07:33] WARNING: === Starting Twitter Trust System Collection ===
[2025-06-05 19:07:33] WARNING: Will collect tweets until reaching previous timestamp: 2025-05-12 06:54:05+00:00
[2025-06-05 19:07:33] WARNING: Retrieving page 1...
[2025-06-05 19:07:34] WARNING: Newest tweet is from: 2025-05-12 06:54:05+00:00
[2025-06-05 19:07:34] WARNING: Reached stop point at tweet from 2025-05-12 06:54:05+00:00
[2025-06-05 19:07:34] WARNING: Retrieved 0 new tweets on page 1
[2025-06-05 19:07:34] WARNING: Stopping pagination as we've reached the stop point
[2025-06-05 19:07:34] WARNING: Retrieved a total of 0 tweets across 1 pages
[2025-06-05 19:07:34] WARNING: No new tweets found with trust commands. Exiting without error.
[2025-06-05 19:07:34] WARNING: Collection complete!
[2025-06-05 19:07:34] WARNING: - 0 trust assignments processed
[2025-06-05 19:07:34] WARNING: - 2 users in trust network
[2025-06-05 19:07:34] WARNING: - 31 total trust relationships
[2025-06-05 19:17:33] WARNING: === Starting Twitter Trust System Collection ===
[2025-06-05 19:17:33] WARNING: Will collect tweets until reaching previous timestamp: 2025-05-12 06:54:05+00:00
[2025-06-05 19:17:33] WARNING: Retrieving page 1...
[2025-06-05 19:17:34] WARNING: Newest tweet is from: 2025-05-12 06:54:05+00:00
[2025-06-05 19:17:34] WARNING: Reached stop point at tweet from 2025-05-12 06:54:05+00:00
[2025-06-05 19:17:34] WARNING: Retrieved 0 new tweets on page 1
[2025-06-05 19:17:34] WARNING: Stopping pagination as we've reached the stop point
[2025-06-05 19:17:34] WARNING: Retrieved a total of 0 tweets across 1 pages
[2025-06-05 19:17:34] WARNING: No new tweets found with trust commands. Exiting without error.
[2025-06-05 19:17:34] WARNING: Collection complete!
[2025-06-05 19:17:34] WARNING: - 0 trust assignments processed
[2025-06-05 19:17:34] WARNING: - 2 users in trust network
[2025-06-05 19:17:34] WARNING: - 31 total trust relationships
[2025-06-05 19:27:33] WARNING: === Starting Twitter Trust System Collection ===
[2025-06-05 19:27:33] WARNING: Will collect tweets until reaching previous timestamp: 2025-05-12 06:54:05+00:00
[2025-06-05 19:27:33] WARNING: Retrieving page 1...
[2025-06-05 19:27:34] WARNING: Newest tweet is from: 2025-05-12 06:54:05+00:00
[2025-06-05 19:27:34] WARNING: Reached stop point at tweet from 2025-05-12 06:54:05+00:00
[2025-06-05 19:27:34] WARNING: Retrieved 0 new tweets on page 1
[2025-06-05 19:27:34] WARNING: Stopping pagination as we've reached the stop point
[2025-06-05 19:27:34] WARNING: Retrieved a total of 0 tweets across 1 pages
[2025-06-05 19:27:34] WARNING: No new tweets found with trust commands. Exiting without error.
[2025-06-05 19:27:34] WARNING: Collection complete!
[2025-06-05 19:27:34] WARNING: - 0 trust assignments processed
[2025-06-05 19:27:34] WARNING: - 2 users in trust network
[2025-06-05 19:27:34] WARNING: - 31 total trust relationships
[2025-06-05 19:37:33] WARNING: === Starting Twitter Trust System Collection ===
[2025-06-05 19:37:33] WARNING: Will collect tweets until reaching previous timestamp: 2025-05-12 06:54:05+00:00
[2025-06-05 19:37:33] WARNING: Retrieving page 1...
[2025-06-05 19:37:35] WARNING: Newest tweet is from: 2025-05-12 06:54:05+00:00
[2025-06-05 19:37:35] WARNING: Reached stop point at tweet from 2025-05-12 06:54:05+00:00
[2025-06-05 19:37:35] WARNING: Retrieved 0 new tweets on page 1
[2025-06-05 19:37:35] WARNING: Stopping pagination as we've reached the stop point
[2025-06-05 19:37:35] WARNING: Retrieved a total of 0 tweets across 1 pages
[2025-06-05 19:37:35] WARNING: No new tweets found with trust commands. Exiting without error.
[2025-06-05 19:37:35] WARNING: Collection complete!
[2025-06-05 19:37:35] WARNING: - 0 trust assignments processed
[2025-06-05 19:37:35] WARNING: - 2 users in trust network
[2025-06-05 19:37:35] WARNING: - 31 total trust relationships
[2025-06-05 19:47:33] WARNING: === Starting Twitter Trust System Collection ===
[2025-06-05 19:47:33] WARNING: Will collect tweets until reaching previous timestamp: 2025-05-12 06:54:05+00:00
[2025-06-05 19:47:33] WARNING: Retrieving page 1...
[2025-06-05 19:47:34] WARNING: Newest tweet is from: 2025-05-12 06:54:05+00:00
[2025-06-05 19:47:34] WARNING: Reached stop point at tweet from 2025-05-12 06:54:05+00:00
[2025-06-05 19:47:34] WARNING: Retrieved 0 new tweets on page 1
[2025-06-05 19:47:34] WARNING: Stopping pagination as we've reached the stop point
[2025-06-05 19:47:34] WARNING: Retrieved a total of 0 tweets across 1 pages
[2025-06-05 19:47:34] WARNING: No new tweets found with trust commands. Exiting without error.
[2025-06-05 19:47:34] WARNING: Collection complete!
[2025-06-05 19:47:34] WARNING: - 0 trust assignments processed
[2025-06-05 19:47:34] WARNING: - 2 users in trust network
[2025-06-05 19:47:34] WARNING: - 31 total trust relationships
