[2025-05-14 18:37:35] WARNING: Newest tweet is from: 2025-05-12 06:54:05+00:00
[2025-05-14 18:37:35] WARNING: Reached stop point at tweet from 2025-05-12 06:54:05+00:00
[2025-05-14 18:37:35] WARNING: Retrieved 0 new tweets on page 1
[2025-05-14 18:37:35] WARNING: Stopping pagination as we've reached the stop point
[2025-05-14 18:37:35] WARNING: Retrieved a total of 0 tweets across 1 pages
[2025-05-14 18:37:35] WARNING: No new tweets found with trust commands. Exiting without error.
[2025-05-14 18:37:35] WARNING: Collection complete!
[2025-05-14 18:37:35] WARNING: - 0 trust assignments processed
[2025-05-14 18:37:35] WARNING: - 2 users in trust network
[2025-05-14 18:37:35] WARNING: - 31 total trust relationships
[2025-05-14 18:47:33] WARNING: === Starting Twitter Trust System Collection ===
[2025-05-14 18:47:33] WARNING: Will collect tweets until reaching previous timestamp: 2025-05-12 06:54:05+00:00
[2025-05-14 18:47:33] WARNING: Retrieving page 1...
[2025-05-14 18:47:35] WARNING: Newest tweet is from: 2025-05-12 06:54:05+00:00
[2025-05-14 18:47:35] WARNING: Reached stop point at tweet from 2025-05-12 06:54:05+00:00
[2025-05-14 18:47:35] WARNING: Retrieved 0 new tweets on page 1
[2025-05-14 18:47:35] WARNING: Stopping pagination as we've reached the stop point
[2025-05-14 18:47:35] WARNING: Retrieved a total of 0 tweets across 1 pages
[2025-05-14 18:47:35] WARNING: No new tweets found with trust commands. Exiting without error.
[2025-05-14 18:47:35] WARNING: Collection complete!
[2025-05-14 18:47:35] WARNING: - 0 trust assignments processed
[2025-05-14 18:47:35] WARNING: - 2 users in trust network
[2025-05-14 18:47:35] WARNING: - 31 total trust relationships
[2025-05-14 18:57:33] WARNING: === Starting Twitter Trust System Collection ===
[2025-05-14 18:57:33] WARNING: Will collect tweets until reaching previous timestamp: 2025-05-12 06:54:05+00:00
[2025-05-14 18:57:33] WARNING: Retrieving page 1...
[2025-05-14 18:57:34] WARNING: Newest tweet is from: 2025-05-12 06:54:05+00:00
[2025-05-14 18:57:34] WARNING: Reached stop point at tweet from 2025-05-12 06:54:05+00:00
[2025-05-14 18:57:34] WARNING: Retrieved 0 new tweets on page 1
[2025-05-14 18:57:34] WARNING: Stopping pagination as we've reached the stop point
[2025-05-14 18:57:34] WARNING: Retrieved a total of 0 tweets across 1 pages
[2025-05-14 18:57:34] WARNING: No new tweets found with trust commands. Exiting without error.
[2025-05-14 18:57:34] WARNING: Collection complete!
[2025-05-14 18:57:34] WARNING: - 0 trust assignments processed
[2025-05-14 18:57:34] WARNING: - 2 users in trust network
[2025-05-14 18:57:34] WARNING: - 31 total trust relationships
[2025-05-14 19:07:33] WARNING: === Starting Twitter Trust System Collection ===
[2025-05-14 19:07:33] WARNING: Will collect tweets until reaching previous timestamp: 2025-05-12 06:54:05+00:00
[2025-05-14 19:07:33] WARNING: Retrieving page 1...
[2025-05-14 19:07:35] WARNING: Newest tweet is from: 2025-05-12 06:54:05+00:00
[2025-05-14 19:07:35] WARNING: Reached stop point at tweet from 2025-05-12 06:54:05+00:00
[2025-05-14 19:07:35] WARNING: Retrieved 0 new tweets on page 1
[2025-05-14 19:07:35] WARNING: Stopping pagination as we've reached the stop point
[2025-05-14 19:07:35] WARNING: Retrieved a total of 0 tweets across 1 pages
[2025-05-14 19:07:35] WARNING: No new tweets found with trust commands. Exiting without error.
[2025-05-14 19:07:35] WARNING: Collection complete!
[2025-05-14 19:07:35] WARNING: - 0 trust assignments processed
[2025-05-14 19:07:35] WARNING: - 2 users in trust network
[2025-05-14 19:07:35] WARNING: - 31 total trust relationships
[2025-05-14 19:17:33] WARNING: === Starting Twitter Trust System Collection ===
[2025-05-14 19:17:33] WARNING: Will collect tweets until reaching previous timestamp: 2025-05-12 06:54:05+00:00
[2025-05-14 19:17:33] WARNING: Retrieving page 1...
[2025-05-14 19:17:35] WARNING: Newest tweet is from: 2025-05-12 06:54:05+00:00
[2025-05-14 19:17:35] WARNING: Reached stop point at tweet from 2025-05-12 06:54:05+00:00
[2025-05-14 19:17:35] WARNING: Retrieved 0 new tweets on page 1
[2025-05-14 19:17:35] WARNING: Stopping pagination as we've reached the stop point
[2025-05-14 19:17:35] WARNING: Retrieved a total of 0 tweets across 1 pages
[2025-05-14 19:17:35] WARNING: No new tweets found with trust commands. Exiting without error.
[2025-05-14 19:17:35] WARNING: Collection complete!
[2025-05-14 19:17:35] WARNING: - 0 trust assignments processed
[2025-05-14 19:17:35] WARNING: - 2 users in trust network
[2025-05-14 19:17:35] WARNING: - 31 total trust relationships
[2025-05-14 19:27:33] WARNING: === Starting Twitter Trust System Collection ===
[2025-05-14 19:27:33] WARNING: Will collect tweets until reaching previous timestamp: 2025-05-12 06:54:05+00:00
[2025-05-14 19:27:33] WARNING: Retrieving page 1...
[2025-05-14 19:27:35] WARNING: Newest tweet is from: 2025-05-12 06:54:05+00:00
[2025-05-14 19:27:35] WARNING: Reached stop point at tweet from 2025-05-12 06:54:05+00:00
[2025-05-14 19:27:35] WARNING: Retrieved 0 new tweets on page 1
[2025-05-14 19:27:35] WARNING: Stopping pagination as we've reached the stop point
[2025-05-14 19:27:35] WARNING: Retrieved a total of 0 tweets across 1 pages
[2025-05-14 19:27:35] WARNING: No new tweets found with trust commands. Exiting without error.
[2025-05-14 19:27:35] WARNING: Collection complete!
[2025-05-14 19:27:35] WARNING: - 0 trust assignments processed
[2025-05-14 19:27:35] WARNING: - 2 users in trust network
[2025-05-14 19:27:35] WARNING: - 31 total trust relationships
[2025-05-14 19:37:33] WARNING: === Starting Twitter Trust System Collection ===
[2025-05-14 19:37:33] WARNING: Will collect tweets until reaching previous timestamp: 2025-05-12 06:54:05+00:00
[2025-05-14 19:37:33] WARNING: Retrieving page 1...
[2025-05-14 19:37:35] WARNING: Newest tweet is from: 2025-05-12 06:54:05+00:00
[2025-05-14 19:37:35] WARNING: Reached stop point at tweet from 2025-05-12 06:54:05+00:00
[2025-05-14 19:37:35] WARNING: Retrieved 0 new tweets on page 1
[2025-05-14 19:37:35] WARNING: Stopping pagination as we've reached the stop point
[2025-05-14 19:37:35] WARNING: Retrieved a total of 0 tweets across 1 pages
[2025-05-14 19:37:35] WARNING: No new tweets found with trust commands. Exiting without error.
[2025-05-14 19:37:35] WARNING: Collection complete!
[2025-05-14 19:37:35] WARNING: - 0 trust assignments processed
[2025-05-14 19:37:35] WARNING: - 2 users in trust network
[2025-05-14 19:37:35] WARNING: - 31 total trust relationships
[2025-05-14 19:47:33] WARNING: === Starting Twitter Trust System Collection ===
[2025-05-14 19:47:33] WARNING: Will collect tweets until reaching previous timestamp: 2025-05-12 06:54:05+00:00
[2025-05-14 19:47:33] WARNING: Retrieving page 1...
[2025-05-14 19:47:35] WARNING: Newest tweet is from: 2025-05-12 06:54:05+00:00
[2025-05-14 19:47:35] WARNING: Reached stop point at tweet from 2025-05-12 06:54:05+00:00
[2025-05-14 19:47:35] WARNING: Retrieved 0 new tweets on page 1
[2025-05-14 19:47:35] WARNING: Stopping pagination as we've reached the stop point
[2025-05-14 19:47:35] WARNING: Retrieved a total of 0 tweets across 1 pages
[2025-05-14 19:47:35] WARNING: No new tweets found with trust commands. Exiting without error.
[2025-05-14 19:47:35] WARNING: Collection complete!
[2025-05-14 19:47:35] WARNING: - 0 trust assignments processed
[2025-05-14 19:47:35] WARNING: - 2 users in trust network
[2025-05-14 19:47:35] WARNING: - 31 total trust relationships
[2025-05-14 19:57:33] WARNING: === Starting Twitter Trust System Collection ===
[2025-05-14 19:57:33] WARNING: Will collect tweets until reaching previous timestamp: 2025-05-12 06:54:05+00:00
[2025-05-14 19:57:33] WARNING: Retrieving page 1...
[2025-05-14 19:57:35] WARNING: Newest tweet is from: 2025-05-12 06:54:05+00:00
[2025-05-14 19:57:35] WARNING: Reached stop point at tweet from 2025-05-12 06:54:05+00:00
[2025-05-14 19:57:35] WARNING: Retrieved 0 new tweets on page 1
[2025-05-14 19:57:35] WARNING: Stopping pagination as we've reached the stop point
[2025-05-14 19:57:35] WARNING: Retrieved a total of 0 tweets across 1 pages
[2025-05-14 19:57:35] WARNING: No new tweets found with trust commands. Exiting without error.
[2025-05-14 19:57:35] WARNING: Collection complete!
[2025-05-14 19:57:35] WARNING: - 0 trust assignments processed
[2025-05-14 19:57:35] WARNING: - 2 users in trust network
[2025-05-14 19:57:35] WARNING: - 31 total trust relationships
[2025-05-14 20:07:34] WARNING: === Starting Twitter Trust System Collection ===
[2025-05-14 20:07:34] WARNING: Will collect tweets until reaching previous timestamp: 2025-05-12 06:54:05+00:00
[2025-05-14 20:07:34] WARNING: Retrieving page 1...
[2025-05-14 20:07:35] WARNING: Newest tweet is from: 2025-05-12 06:54:05+00:00
[2025-05-14 20:07:35] WARNING: Reached stop point at tweet from 2025-05-12 06:54:05+00:00
[2025-05-14 20:07:35] WARNING: Retrieved 0 new tweets on page 1
[2025-05-14 20:07:35] WARNING: Stopping pagination as we've reached the stop point
[2025-05-14 20:07:35] WARNING: Retrieved a total of 0 tweets across 1 pages
[2025-05-14 20:07:35] WARNING: No new tweets found with trust commands. Exiting without error.
[2025-05-14 20:07:35] WARNING: Collection complete!
[2025-05-14 20:07:35] WARNING: - 0 trust assignments processed
[2025-05-14 20:07:35] WARNING: - 2 users in trust network
[2025-05-14 20:07:35] WARNING: - 31 total trust relationships
[2025-05-14 20:17:33] WARNING: === Starting Twitter Trust System Collection ===
[2025-05-14 20:17:33] WARNING: Will collect tweets until reaching previous timestamp: 2025-05-12 06:54:05+00:00
[2025-05-14 20:17:33] WARNING: Retrieving page 1...
[2025-05-14 20:17:35] WARNING: Newest tweet is from: 2025-05-12 06:54:05+00:00
[2025-05-14 20:17:35] WARNING: Reached stop point at tweet from 2025-05-12 06:54:05+00:00
[2025-05-14 20:17:35] WARNING: Retrieved 0 new tweets on page 1
[2025-05-14 20:17:35] WARNING: Stopping pagination as we've reached the stop point
[2025-05-14 20:17:35] WARNING: Retrieved a total of 0 tweets across 1 pages
[2025-05-14 20:17:35] WARNING: No new tweets found with trust commands. Exiting without error.
[2025-05-14 20:17:35] WARNING: Collection complete!
[2025-05-14 20:17:35] WARNING: - 0 trust assignments processed
[2025-05-14 20:17:35] WARNING: - 2 users in trust network
[2025-05-14 20:17:35] WARNING: - 31 total trust relationships
[2025-05-14 23:21:00] WARNING: === Starting Twitter Trust System Collection ===
[2025-05-14 23:21:00] WARNING: Will collect tweets until reaching previous timestamp: 2025-05-12 06:54:05+00:00
[2025-05-14 23:21:00] WARNING: Retrieving page 1...
[2025-05-14 23:21:03] WARNING: Newest tweet is from: 2025-05-12 06:54:05+00:00
[2025-05-14 23:21:03] WARNING: Reached stop point at tweet from 2025-05-12 06:54:05+00:00
[2025-05-14 23:21:03] WARNING: Retrieved 0 new tweets on page 1
[2025-05-14 23:21:03] WARNING: Stopping pagination as we've reached the stop point
[2025-05-14 23:21:03] WARNING: Retrieved a total of 0 tweets across 1 pages
[2025-05-14 23:21:03] WARNING: No new tweets found with trust commands. Exiting without error.
[2025-05-14 23:21:03] WARNING: Collection complete!
[2025-05-14 23:21:03] WARNING: - 0 trust assignments processed
[2025-05-14 23:21:03] WARNING: - 2 users in trust network
[2025-05-14 23:21:03] WARNING: - 31 total trust relationships
[2025-05-14 23:27:33] WARNING: === Starting Twitter Trust System Collection ===
[2025-05-14 23:27:33] WARNING: Will collect tweets until reaching previous timestamp: 2025-05-12 06:54:05+00:00
[2025-05-14 23:27:33] WARNING: Retrieving page 1...
[2025-05-14 23:27:35] WARNING: Newest tweet is from: 2025-05-12 06:54:05+00:00
[2025-05-14 23:27:35] WARNING: Reached stop point at tweet from 2025-05-12 06:54:05+00:00
[2025-05-14 23:27:35] WARNING: Retrieved 0 new tweets on page 1
[2025-05-14 23:27:35] WARNING: Stopping pagination as we've reached the stop point
[2025-05-14 23:27:35] WARNING: Retrieved a total of 0 tweets across 1 pages
[2025-05-14 23:27:35] WARNING: No new tweets found with trust commands. Exiting without error.
[2025-05-14 23:27:35] WARNING: Collection complete!
[2025-05-14 23:27:35] WARNING: - 0 trust assignments processed
[2025-05-14 23:27:35] WARNING: - 2 users in trust network
[2025-05-14 23:27:35] WARNING: - 31 total trust relationships
[2025-05-14 23:37:33] WARNING: === Starting Twitter Trust System Collection ===
[2025-05-14 23:37:33] WARNING: Will collect tweets until reaching previous timestamp: 2025-05-12 06:54:05+00:00
[2025-05-14 23:37:33] WARNING: Retrieving page 1...
[2025-05-14 23:37:34] WARNING: Newest tweet is from: 2025-05-12 06:54:05+00:00
[2025-05-14 23:37:34] WARNING: Reached stop point at tweet from 2025-05-12 06:54:05+00:00
[2025-05-14 23:37:34] WARNING: Retrieved 0 new tweets on page 1
[2025-05-14 23:37:34] WARNING: Stopping pagination as we've reached the stop point
[2025-05-14 23:37:34] WARNING: Retrieved a total of 0 tweets across 1 pages
[2025-05-14 23:37:34] WARNING: No new tweets found with trust commands. Exiting without error.
[2025-05-14 23:37:34] WARNING: Collection complete!
[2025-05-14 23:37:34] WARNING: - 0 trust assignments processed
[2025-05-14 23:37:34] WARNING: - 2 users in trust network
[2025-05-14 23:37:34] WARNING: - 31 total trust relationships
[2025-05-14 23:47:33] WARNING: === Starting Twitter Trust System Collection ===
[2025-05-14 23:47:33] WARNING: Will collect tweets until reaching previous timestamp: 2025-05-12 06:54:05+00:00
[2025-05-14 23:47:33] WARNING: Retrieving page 1...
[2025-05-14 23:47:34] WARNING: Newest tweet is from: 2025-05-12 06:54:05+00:00
[2025-05-14 23:47:34] WARNING: Reached stop point at tweet from 2025-05-12 06:54:05+00:00
[2025-05-14 23:47:34] WARNING: Retrieved 0 new tweets on page 1
[2025-05-14 23:47:34] WARNING: Stopping pagination as we've reached the stop point
[2025-05-14 23:47:34] WARNING: Retrieved a total of 0 tweets across 1 pages
[2025-05-14 23:47:34] WARNING: No new tweets found with trust commands. Exiting without error.
[2025-05-14 23:47:34] WARNING: Collection complete!
[2025-05-14 23:47:34] WARNING: - 0 trust assignments processed
[2025-05-14 23:47:34] WARNING: - 2 users in trust network
[2025-05-14 23:47:34] WARNING: - 31 total trust relationships
[2025-05-14 23:57:33] WARNING: === Starting Twitter Trust System Collection ===
[2025-05-14 23:57:33] WARNING: Will collect tweets until reaching previous timestamp: 2025-05-12 06:54:05+00:00
[2025-05-14 23:57:33] WARNING: Retrieving page 1...
[2025-05-14 23:57:34] WARNING: Newest tweet is from: 2025-05-12 06:54:05+00:00
[2025-05-14 23:57:34] WARNING: Reached stop point at tweet from 2025-05-12 06:54:05+00:00
[2025-05-14 23:57:34] WARNING: Retrieved 0 new tweets on page 1
[2025-05-14 23:57:34] WARNING: Stopping pagination as we've reached the stop point
[2025-05-14 23:57:34] WARNING: Retrieved a total of 0 tweets across 1 pages
[2025-05-14 23:57:34] WARNING: No new tweets found with trust commands. Exiting without error.
[2025-05-14 23:57:34] WARNING: Collection complete!
[2025-05-14 23:57:34] WARNING: - 0 trust assignments processed
[2025-05-14 23:57:34] WARNING: - 2 users in trust network
[2025-05-14 23:57:34] WARNING: - 31 total trust relationships
[2025-05-15 00:07:33] WARNING: === Starting Twitter Trust System Collection ===
[2025-05-15 00:07:33] WARNING: Will collect tweets until reaching previous timestamp: 2025-05-12 06:54:05+00:00
[2025-05-15 00:07:33] WARNING: Retrieving page 1...
[2025-05-15 00:07:34] WARNING: Newest tweet is from: 2025-05-12 06:54:05+00:00
[2025-05-15 00:07:34] WARNING: Reached stop point at tweet from 2025-05-12 06:54:05+00:00
[2025-05-15 00:07:34] WARNING: Retrieved 0 new tweets on page 1
[2025-05-15 00:07:34] WARNING: Stopping pagination as we've reached the stop point
[2025-05-15 00:07:34] WARNING: Retrieved a total of 0 tweets across 1 pages
[2025-05-15 00:07:34] WARNING: No new tweets found with trust commands. Exiting without error.
[2025-05-15 00:07:34] WARNING: Collection complete!
[2025-05-15 00:07:34] WARNING: - 0 trust assignments processed
[2025-05-15 00:07:34] WARNING: - 2 users in trust network
[2025-05-15 00:07:34] WARNING: - 31 total trust relationships
[2025-05-15 00:17:33] WARNING: === Starting Twitter Trust System Collection ===
[2025-05-15 00:17:33] WARNING: Will collect tweets until reaching previous timestamp: 2025-05-12 06:54:05+00:00
[2025-05-15 00:17:33] WARNING: Retrieving page 1...
[2025-05-15 00:17:35] WARNING: Newest tweet is from: 2025-05-12 06:54:05+00:00
[2025-05-15 00:17:35] WARNING: Reached stop point at tweet from 2025-05-12 06:54:05+00:00
[2025-05-15 00:17:35] WARNING: Retrieved 0 new tweets on page 1
[2025-05-15 00:17:35] WARNING: Stopping pagination as we've reached the stop point
[2025-05-15 00:17:35] WARNING: Retrieved a total of 0 tweets across 1 pages
[2025-05-15 00:17:35] WARNING: No new tweets found with trust commands. Exiting without error.
[2025-05-15 00:17:35] WARNING: Collection complete!
[2025-05-15 00:17:35] WARNING: - 0 trust assignments processed
[2025-05-15 00:17:35] WARNING: - 2 users in trust network
[2025-05-15 00:17:35] WARNING: - 31 total trust relationships
[2025-05-15 00:30:55] WARNING: === Starting Twitter Trust System Collection ===
[2025-05-15 00:30:55] WARNING: Will collect tweets until reaching previous timestamp: 2025-05-12 06:54:05+00:00
[2025-05-15 00:30:55] WARNING: Retrieving page 1...
[2025-05-15 00:30:57] WARNING: Newest tweet is from: 2025-05-12 06:54:05+00:00
[2025-05-15 00:30:57] WARNING: Reached stop point at tweet from 2025-05-12 06:54:05+00:00
[2025-05-15 00:30:57] WARNING: Retrieved 0 new tweets on page 1
[2025-05-15 00:30:57] WARNING: Stopping pagination as we've reached the stop point
[2025-05-15 00:30:57] WARNING: Retrieved a total of 0 tweets across 1 pages
[2025-05-15 00:30:57] WARNING: No new tweets found with trust commands. Exiting without error.
[2025-05-15 00:30:57] WARNING: Collection complete!
[2025-05-15 00:30:57] WARNING: - 0 trust assignments processed
[2025-05-15 00:30:57] WARNING: - 2 users in trust network
[2025-05-15 00:30:57] WARNING: - 31 total trust relationships
[2025-05-15 00:37:34] WARNING: === Starting Twitter Trust System Collection ===
[2025-05-15 00:37:34] WARNING: Will collect tweets until reaching previous timestamp: 2025-05-12 06:54:05+00:00
[2025-05-15 00:37:34] WARNING: Retrieving page 1...
[2025-05-15 00:37:37] WARNING: Newest tweet is from: 2025-05-12 06:54:05+00:00
[2025-05-15 00:37:37] WARNING: Reached stop point at tweet from 2025-05-12 06:54:05+00:00
[2025-05-15 00:37:37] WARNING: Retrieved 0 new tweets on page 1
[2025-05-15 00:37:37] WARNING: Stopping pagination as we've reached the stop point
[2025-05-15 00:37:37] WARNING: Retrieved a total of 0 tweets across 1 pages
[2025-05-15 00:37:37] WARNING: No new tweets found with trust commands. Exiting without error.
[2025-05-15 00:37:37] WARNING: Collection complete!
[2025-05-15 00:37:37] WARNING: - 0 trust assignments processed
[2025-05-15 00:37:37] WARNING: - 2 users in trust network
[2025-05-15 00:37:37] WARNING: - 31 total trust relationships
[2025-05-15 00:47:33] WARNING: === Starting Twitter Trust System Collection ===
[2025-05-15 00:47:33] WARNING: Will collect tweets until reaching previous timestamp: 2025-05-12 06:54:05+00:00
[2025-05-15 00:47:33] WARNING: Retrieving page 1...
[2025-05-15 00:47:35] WARNING: Newest tweet is from: 2025-05-12 06:54:05+00:00
[2025-05-15 00:47:35] WARNING: Reached stop point at tweet from 2025-05-12 06:54:05+00:00
[2025-05-15 00:47:35] WARNING: Retrieved 0 new tweets on page 1
[2025-05-15 00:47:35] WARNING: Stopping pagination as we've reached the stop point
[2025-05-15 00:47:35] WARNING: Retrieved a total of 0 tweets across 1 pages
[2025-05-15 00:47:35] WARNING: No new tweets found with trust commands. Exiting without error.
[2025-05-15 00:47:35] WARNING: Collection complete!
[2025-05-15 00:47:35] WARNING: - 0 trust assignments processed
[2025-05-15 00:47:35] WARNING: - 2 users in trust network
[2025-05-15 00:47:35] WARNING: - 31 total trust relationships
[2025-05-15 00:57:33] WARNING: === Starting Twitter Trust System Collection ===
[2025-05-15 00:57:33] WARNING: Will collect tweets until reaching previous timestamp: 2025-05-12 06:54:05+00:00
[2025-05-15 00:57:33] WARNING: Retrieving page 1...
[2025-05-15 00:57:35] WARNING: Newest tweet is from: 2025-05-12 06:54:05+00:00
[2025-05-15 00:57:35] WARNING: Reached stop point at tweet from 2025-05-12 06:54:05+00:00
[2025-05-15 00:57:35] WARNING: Retrieved 0 new tweets on page 1
[2025-05-15 00:57:35] WARNING: Stopping pagination as we've reached the stop point
[2025-05-15 00:57:35] WARNING: Retrieved a total of 0 tweets across 1 pages
[2025-05-15 00:57:35] WARNING: No new tweets found with trust commands. Exiting without error.
[2025-05-15 00:57:35] WARNING: Collection complete!
[2025-05-15 00:57:35] WARNING: - 0 trust assignments processed
[2025-05-15 00:57:35] WARNING: - 2 users in trust network
[2025-05-15 00:57:35] WARNING: - 31 total trust relationships
[2025-05-15 01:07:33] WARNING: === Starting Twitter Trust System Collection ===
[2025-05-15 01:07:33] WARNING: Will collect tweets until reaching previous timestamp: 2025-05-12 06:54:05+00:00
[2025-05-15 01:07:33] WARNING: Retrieving page 1...
[2025-05-15 01:07:35] WARNING: Newest tweet is from: 2025-05-12 06:54:05+00:00
[2025-05-15 01:07:35] WARNING: Reached stop point at tweet from 2025-05-12 06:54:05+00:00
[2025-05-15 01:07:35] WARNING: Retrieved 0 new tweets on page 1
[2025-05-15 01:07:35] WARNING: Stopping pagination as we've reached the stop point
[2025-05-15 01:07:35] WARNING: Retrieved a total of 0 tweets across 1 pages
[2025-05-15 01:07:35] WARNING: No new tweets found with trust commands. Exiting without error.
[2025-05-15 01:07:35] WARNING: Collection complete!
[2025-05-15 01:07:35] WARNING: - 0 trust assignments processed
[2025-05-15 01:07:35] WARNING: - 2 users in trust network
[2025-05-15 01:07:35] WARNING: - 31 total trust relationships
[2025-05-15 01:17:33] WARNING: === Starting Twitter Trust System Collection ===
[2025-05-15 01:17:33] WARNING: Will collect tweets until reaching previous timestamp: 2025-05-12 06:54:05+00:00
[2025-05-15 01:17:33] WARNING: Retrieving page 1...
[2025-05-15 01:17:35] WARNING: Newest tweet is from: 2025-05-12 06:54:05+00:00
[2025-05-15 01:17:35] WARNING: Reached stop point at tweet from 2025-05-12 06:54:05+00:00
[2025-05-15 01:17:35] WARNING: Retrieved 0 new tweets on page 1
[2025-05-15 01:17:35] WARNING: Stopping pagination as we've reached the stop point
[2025-05-15 01:17:35] WARNING: Retrieved a total of 0 tweets across 1 pages
[2025-05-15 01:17:35] WARNING: No new tweets found with trust commands. Exiting without error.
[2025-05-15 01:17:35] WARNING: Collection complete!
[2025-05-15 01:17:35] WARNING: - 0 trust assignments processed
[2025-05-15 01:17:35] WARNING: - 2 users in trust network
[2025-05-15 01:17:35] WARNING: - 31 total trust relationships
[2025-05-15 01:27:33] WARNING: === Starting Twitter Trust System Collection ===
[2025-05-15 01:27:33] WARNING: Will collect tweets until reaching previous timestamp: 2025-05-12 06:54:05+00:00
[2025-05-15 01:27:33] WARNING: Retrieving page 1...
[2025-05-15 01:27:35] WARNING: Newest tweet is from: 2025-05-12 06:54:05+00:00
[2025-05-15 01:27:35] WARNING: Reached stop point at tweet from 2025-05-12 06:54:05+00:00
[2025-05-15 01:27:35] WARNING: Retrieved 0 new tweets on page 1
[2025-05-15 01:27:35] WARNING: Stopping pagination as we've reached the stop point
[2025-05-15 01:27:35] WARNING: Retrieved a total of 0 tweets across 1 pages
[2025-05-15 01:27:35] WARNING: No new tweets found with trust commands. Exiting without error.
[2025-05-15 01:27:35] WARNING: Collection complete!
[2025-05-15 01:27:35] WARNING: - 0 trust assignments processed
[2025-05-15 01:27:35] WARNING: - 2 users in trust network
[2025-05-15 01:27:35] WARNING: - 31 total trust relationships
[2025-05-15 01:37:33] WARNING: === Starting Twitter Trust System Collection ===
[2025-05-15 01:37:33] WARNING: Will collect tweets until reaching previous timestamp: 2025-05-12 06:54:05+00:00
[2025-05-15 01:37:33] WARNING: Retrieving page 1...
[2025-05-15 01:37:35] WARNING: Newest tweet is from: 2025-05-12 06:54:05+00:00
[2025-05-15 01:37:35] WARNING: Reached stop point at tweet from 2025-05-12 06:54:05+00:00
[2025-05-15 01:37:35] WARNING: Retrieved 0 new tweets on page 1
[2025-05-15 01:37:35] WARNING: Stopping pagination as we've reached the stop point
[2025-05-15 01:37:35] WARNING: Retrieved a total of 0 tweets across 1 pages
[2025-05-15 01:37:35] WARNING: No new tweets found with trust commands. Exiting without error.
[2025-05-15 01:37:35] WARNING: Collection complete!
[2025-05-15 01:37:35] WARNING: - 0 trust assignments processed
[2025-05-15 01:37:35] WARNING: - 2 users in trust network
[2025-05-15 01:37:35] WARNING: - 31 total trust relationships
[2025-05-15 01:47:33] WARNING: === Starting Twitter Trust System Collection ===
[2025-05-15 01:47:33] WARNING: Will collect tweets until reaching previous timestamp: 2025-05-12 06:54:05+00:00
[2025-05-15 01:47:33] WARNING: Retrieving page 1...
[2025-05-15 01:47:35] WARNING: Newest tweet is from: 2025-05-12 06:54:05+00:00
[2025-05-15 01:47:35] WARNING: Reached stop point at tweet from 2025-05-12 06:54:05+00:00
[2025-05-15 01:47:35] WARNING: Retrieved 0 new tweets on page 1
[2025-05-15 01:47:35] WARNING: Stopping pagination as we've reached the stop point
[2025-05-15 01:47:35] WARNING: Retrieved a total of 0 tweets across 1 pages
[2025-05-15 01:47:35] WARNING: No new tweets found with trust commands. Exiting without error.
[2025-05-15 01:47:35] WARNING: Collection complete!
[2025-05-15 01:47:35] WARNING: - 0 trust assignments processed
[2025-05-15 01:47:35] WARNING: - 2 users in trust network
[2025-05-15 01:47:35] WARNING: - 31 total trust relationships
[2025-05-15 01:57:33] WARNING: === Starting Twitter Trust System Collection ===
[2025-05-15 01:57:33] WARNING: Will collect tweets until reaching previous timestamp: 2025-05-12 06:54:05+00:00
[2025-05-15 01:57:33] WARNING: Retrieving page 1...
[2025-05-15 01:57:35] WARNING: Newest tweet is from: 2025-05-12 06:54:05+00:00
[2025-05-15 01:57:35] WARNING: Reached stop point at tweet from 2025-05-12 06:54:05+00:00
[2025-05-15 01:57:35] WARNING: Retrieved 0 new tweets on page 1
[2025-05-15 01:57:35] WARNING: Stopping pagination as we've reached the stop point
[2025-05-15 01:57:35] WARNING: Retrieved a total of 0 tweets across 1 pages
[2025-05-15 01:57:35] WARNING: No new tweets found with trust commands. Exiting without error.
[2025-05-15 01:57:35] WARNING: Collection complete!
[2025-05-15 01:57:35] WARNING: - 0 trust assignments processed
[2025-05-15 01:57:35] WARNING: - 2 users in trust network
[2025-05-15 01:57:35] WARNING: - 31 total trust relationships
