[2025-06-07 18:37:32] WARNING: Will collect tweets until reaching previous timestamp: 2025-05-12 06:54:05+00:00
[2025-06-07 18:37:32] WARNING: Retrieving page 1...
[2025-06-07 18:37:36] WARNING: Newest tweet is from: 2025-05-12 06:54:05+00:00
[2025-06-07 18:37:36] WARNING: Reached stop point at tweet from 2025-05-12 06:54:05+00:00
[2025-06-07 18:37:36] WARNING: Retrieved 0 new tweets on page 1
[2025-06-07 18:37:36] WARNING: Stopping pagination as we've reached the stop point
[2025-06-07 18:37:36] WARNING: Retrieved a total of 0 tweets across 1 pages
[2025-06-07 18:37:36] WARNING: No new tweets found with trust commands. Exiting without error.
[2025-06-07 18:37:36] WARNING: Collection complete!
[2025-06-07 18:37:36] WARNING: - 0 trust assignments processed
[2025-06-07 18:37:36] WARNING: - 2 users in trust network
[2025-06-07 18:37:36] WARNING: - 31 total trust relationships
[2025-06-07 18:47:32] WARNING: === Starting Twitter Trust System Collection ===
[2025-06-07 18:47:32] WARNING: Will collect tweets until reaching previous timestamp: 2025-05-12 06:54:05+00:00
[2025-06-07 18:47:32] WARNING: Retrieving page 1...
[2025-06-07 18:47:34] WARNING: Newest tweet is from: 2025-05-12 06:54:05+00:00
[2025-06-07 18:47:34] WARNING: Reached stop point at tweet from 2025-05-12 06:54:05+00:00
[2025-06-07 18:47:34] WARNING: Retrieved 0 new tweets on page 1
[2025-06-07 18:47:34] WARNING: Stopping pagination as we've reached the stop point
[2025-06-07 18:47:34] WARNING: Retrieved a total of 0 tweets across 1 pages
[2025-06-07 18:47:34] WARNING: No new tweets found with trust commands. Exiting without error.
[2025-06-07 18:47:34] WARNING: Collection complete!
[2025-06-07 18:47:34] WARNING: - 0 trust assignments processed
[2025-06-07 18:47:34] WARNING: - 2 users in trust network
[2025-06-07 18:47:34] WARNING: - 31 total trust relationships
[2025-06-07 18:57:32] WARNING: === Starting Twitter Trust System Collection ===
[2025-06-07 18:57:32] WARNING: Will collect tweets until reaching previous timestamp: 2025-05-12 06:54:05+00:00
[2025-06-07 18:57:32] WARNING: Retrieving page 1...
[2025-06-07 18:57:34] WARNING: Newest tweet is from: 2025-05-12 06:54:05+00:00
[2025-06-07 18:57:34] WARNING: Reached stop point at tweet from 2025-05-12 06:54:05+00:00
[2025-06-07 18:57:34] WARNING: Retrieved 0 new tweets on page 1
[2025-06-07 18:57:34] WARNING: Stopping pagination as we've reached the stop point
[2025-06-07 18:57:34] WARNING: Retrieved a total of 0 tweets across 1 pages
[2025-06-07 18:57:34] WARNING: No new tweets found with trust commands. Exiting without error.
[2025-06-07 18:57:34] WARNING: Collection complete!
[2025-06-07 18:57:34] WARNING: - 0 trust assignments processed
[2025-06-07 18:57:34] WARNING: - 2 users in trust network
[2025-06-07 18:57:34] WARNING: - 31 total trust relationships
[2025-06-07 19:07:32] WARNING: === Starting Twitter Trust System Collection ===
[2025-06-07 19:07:32] WARNING: Will collect tweets until reaching previous timestamp: 2025-05-12 06:54:05+00:00
[2025-06-07 19:07:32] WARNING: Retrieving page 1...
[2025-06-07 19:07:34] WARNING: Newest tweet is from: 2025-05-12 06:54:05+00:00
[2025-06-07 19:07:34] WARNING: Reached stop point at tweet from 2025-05-12 06:54:05+00:00
[2025-06-07 19:07:34] WARNING: Retrieved 0 new tweets on page 1
[2025-06-07 19:07:34] WARNING: Stopping pagination as we've reached the stop point
[2025-06-07 19:07:34] WARNING: Retrieved a total of 0 tweets across 1 pages
[2025-06-07 19:07:34] WARNING: No new tweets found with trust commands. Exiting without error.
[2025-06-07 19:07:34] WARNING: Collection complete!
[2025-06-07 19:07:34] WARNING: - 0 trust assignments processed
[2025-06-07 19:07:34] WARNING: - 2 users in trust network
[2025-06-07 19:07:34] WARNING: - 31 total trust relationships
[2025-06-07 19:17:32] WARNING: === Starting Twitter Trust System Collection ===
[2025-06-07 19:17:32] WARNING: Will collect tweets until reaching previous timestamp: 2025-05-12 06:54:05+00:00
[2025-06-07 19:17:32] WARNING: Retrieving page 1...
[2025-06-07 19:17:34] WARNING: Newest tweet is from: 2025-05-12 06:54:05+00:00
[2025-06-07 19:17:34] WARNING: Reached stop point at tweet from 2025-05-12 06:54:05+00:00
[2025-06-07 19:17:34] WARNING: Retrieved 0 new tweets on page 1
[2025-06-07 19:17:34] WARNING: Stopping pagination as we've reached the stop point
[2025-06-07 19:17:34] WARNING: Retrieved a total of 0 tweets across 1 pages
[2025-06-07 19:17:34] WARNING: No new tweets found with trust commands. Exiting without error.
[2025-06-07 19:17:34] WARNING: Collection complete!
[2025-06-07 19:17:34] WARNING: - 0 trust assignments processed
[2025-06-07 19:17:34] WARNING: - 2 users in trust network
[2025-06-07 19:17:34] WARNING: - 31 total trust relationships
[2025-06-07 19:27:32] WARNING: === Starting Twitter Trust System Collection ===
[2025-06-07 19:27:32] WARNING: Will collect tweets until reaching previous timestamp: 2025-05-12 06:54:05+00:00
[2025-06-07 19:27:32] WARNING: Retrieving page 1...
[2025-06-07 19:27:34] WARNING: Newest tweet is from: 2025-05-12 06:54:05+00:00
[2025-06-07 19:27:34] WARNING: Reached stop point at tweet from 2025-05-12 06:54:05+00:00
[2025-06-07 19:27:34] WARNING: Retrieved 0 new tweets on page 1
[2025-06-07 19:27:34] WARNING: Stopping pagination as we've reached the stop point
[2025-06-07 19:27:34] WARNING: Retrieved a total of 0 tweets across 1 pages
[2025-06-07 19:27:34] WARNING: No new tweets found with trust commands. Exiting without error.
[2025-06-07 19:27:34] WARNING: Collection complete!
[2025-06-07 19:27:34] WARNING: - 0 trust assignments processed
[2025-06-07 19:27:34] WARNING: - 2 users in trust network
[2025-06-07 19:27:34] WARNING: - 31 total trust relationships
[2025-06-07 19:37:32] WARNING: === Starting Twitter Trust System Collection ===
[2025-06-07 19:37:32] WARNING: Will collect tweets until reaching previous timestamp: 2025-05-12 06:54:05+00:00
[2025-06-07 19:37:32] WARNING: Retrieving page 1...
[2025-06-07 19:37:34] WARNING: Newest tweet is from: 2025-05-12 06:54:05+00:00
[2025-06-07 19:37:34] WARNING: Reached stop point at tweet from 2025-05-12 06:54:05+00:00
[2025-06-07 19:37:34] WARNING: Retrieved 0 new tweets on page 1
[2025-06-07 19:37:34] WARNING: Stopping pagination as we've reached the stop point
[2025-06-07 19:37:34] WARNING: Retrieved a total of 0 tweets across 1 pages
[2025-06-07 19:37:34] WARNING: No new tweets found with trust commands. Exiting without error.
[2025-06-07 19:37:34] WARNING: Collection complete!
[2025-06-07 19:37:34] WARNING: - 0 trust assignments processed
[2025-06-07 19:37:34] WARNING: - 2 users in trust network
[2025-06-07 19:37:34] WARNING: - 31 total trust relationships
[2025-06-07 19:47:32] WARNING: === Starting Twitter Trust System Collection ===
[2025-06-07 19:47:32] WARNING: Will collect tweets until reaching previous timestamp: 2025-05-12 06:54:05+00:00
[2025-06-07 19:47:32] WARNING: Retrieving page 1...
[2025-06-07 19:47:34] WARNING: Newest tweet is from: 2025-05-12 06:54:05+00:00
[2025-06-07 19:47:34] WARNING: Reached stop point at tweet from 2025-05-12 06:54:05+00:00
[2025-06-07 19:47:34] WARNING: Retrieved 0 new tweets on page 1
[2025-06-07 19:47:34] WARNING: Stopping pagination as we've reached the stop point
[2025-06-07 19:47:34] WARNING: Retrieved a total of 0 tweets across 1 pages
[2025-06-07 19:47:34] WARNING: No new tweets found with trust commands. Exiting without error.
[2025-06-07 19:47:34] WARNING: Collection complete!
[2025-06-07 19:47:34] WARNING: - 0 trust assignments processed
[2025-06-07 19:47:34] WARNING: - 2 users in trust network
[2025-06-07 19:47:34] WARNING: - 31 total trust relationships
[2025-06-07 19:57:32] WARNING: === Starting Twitter Trust System Collection ===
[2025-06-07 19:57:32] WARNING: Will collect tweets until reaching previous timestamp: 2025-05-12 06:54:05+00:00
[2025-06-07 19:57:32] WARNING: Retrieving page 1...
[2025-06-07 19:57:35] WARNING: Newest tweet is from: 2025-05-12 06:54:05+00:00
[2025-06-07 19:57:35] WARNING: Reached stop point at tweet from 2025-05-12 06:54:05+00:00
[2025-06-07 19:57:35] WARNING: Retrieved 0 new tweets on page 1
[2025-06-07 19:57:35] WARNING: Stopping pagination as we've reached the stop point
[2025-06-07 19:57:35] WARNING: Retrieved a total of 0 tweets across 1 pages
[2025-06-07 19:57:35] WARNING: No new tweets found with trust commands. Exiting without error.
[2025-06-07 19:57:35] WARNING: Collection complete!
[2025-06-07 19:57:35] WARNING: - 0 trust assignments processed
[2025-06-07 19:57:35] WARNING: - 2 users in trust network
[2025-06-07 19:57:35] WARNING: - 31 total trust relationships
[2025-06-07 20:07:32] WARNING: === Starting Twitter Trust System Collection ===
[2025-06-07 20:07:32] WARNING: Will collect tweets until reaching previous timestamp: 2025-05-12 06:54:05+00:00
[2025-06-07 20:07:32] WARNING: Retrieving page 1...
[2025-06-07 20:07:35] WARNING: Newest tweet is from: 2025-05-12 06:54:05+00:00
[2025-06-07 20:07:35] WARNING: Reached stop point at tweet from 2025-05-12 06:54:05+00:00
[2025-06-07 20:07:35] WARNING: Retrieved 0 new tweets on page 1
[2025-06-07 20:07:35] WARNING: Stopping pagination as we've reached the stop point
[2025-06-07 20:07:35] WARNING: Retrieved a total of 0 tweets across 1 pages
[2025-06-07 20:07:35] WARNING: No new tweets found with trust commands. Exiting without error.
[2025-06-07 20:07:35] WARNING: Collection complete!
[2025-06-07 20:07:35] WARNING: - 0 trust assignments processed
[2025-06-07 20:07:35] WARNING: - 2 users in trust network
[2025-06-07 20:07:35] WARNING: - 31 total trust relationships
[2025-06-07 20:17:32] WARNING: === Starting Twitter Trust System Collection ===
[2025-06-07 20:17:32] WARNING: Will collect tweets until reaching previous timestamp: 2025-05-12 06:54:05+00:00
[2025-06-07 20:17:32] WARNING: Retrieving page 1...
[2025-06-07 20:17:34] WARNING: Newest tweet is from: 2025-05-12 06:54:05+00:00
[2025-06-07 20:17:34] WARNING: Reached stop point at tweet from 2025-05-12 06:54:05+00:00
[2025-06-07 20:17:34] WARNING: Retrieved 0 new tweets on page 1
[2025-06-07 20:17:34] WARNING: Stopping pagination as we've reached the stop point
[2025-06-07 20:17:34] WARNING: Retrieved a total of 0 tweets across 1 pages
[2025-06-07 20:17:34] WARNING: No new tweets found with trust commands. Exiting without error.
[2025-06-07 20:17:34] WARNING: Collection complete!
[2025-06-07 20:17:34] WARNING: - 0 trust assignments processed
[2025-06-07 20:17:34] WARNING: - 2 users in trust network
[2025-06-07 20:17:34] WARNING: - 31 total trust relationships
[2025-06-07 20:27:33] WARNING: === Starting Twitter Trust System Collection ===
[2025-06-07 20:27:33] WARNING: Will collect tweets until reaching previous timestamp: 2025-05-12 06:54:05+00:00
[2025-06-07 20:27:33] WARNING: Retrieving page 1...
[2025-06-07 20:27:34] WARNING: Newest tweet is from: 2025-05-12 06:54:05+00:00
[2025-06-07 20:27:34] WARNING: Reached stop point at tweet from 2025-05-12 06:54:05+00:00
[2025-06-07 20:27:34] WARNING: Retrieved 0 new tweets on page 1
[2025-06-07 20:27:34] WARNING: Stopping pagination as we've reached the stop point
[2025-06-07 20:27:34] WARNING: Retrieved a total of 0 tweets across 1 pages
[2025-06-07 20:27:34] WARNING: No new tweets found with trust commands. Exiting without error.
[2025-06-07 20:27:34] WARNING: Collection complete!
[2025-06-07 20:27:34] WARNING: - 0 trust assignments processed
[2025-06-07 20:27:34] WARNING: - 2 users in trust network
[2025-06-07 20:27:34] WARNING: - 31 total trust relationships
[2025-06-07 20:37:32] WARNING: === Starting Twitter Trust System Collection ===
[2025-06-07 20:37:32] WARNING: Will collect tweets until reaching previous timestamp: 2025-05-12 06:54:05+00:00
[2025-06-07 20:37:32] WARNING: Retrieving page 1...
[2025-06-07 20:37:34] WARNING: Newest tweet is from: 2025-05-12 06:54:05+00:00
[2025-06-07 20:37:34] WARNING: Reached stop point at tweet from 2025-05-12 06:54:05+00:00
[2025-06-07 20:37:34] WARNING: Retrieved 0 new tweets on page 1
[2025-06-07 20:37:34] WARNING: Stopping pagination as we've reached the stop point
[2025-06-07 20:37:34] WARNING: Retrieved a total of 0 tweets across 1 pages
[2025-06-07 20:37:34] WARNING: No new tweets found with trust commands. Exiting without error.
[2025-06-07 20:37:34] WARNING: Collection complete!
[2025-06-07 20:37:34] WARNING: - 0 trust assignments processed
[2025-06-07 20:37:34] WARNING: - 2 users in trust network
[2025-06-07 20:37:34] WARNING: - 31 total trust relationships
[2025-06-07 20:47:32] WARNING: === Starting Twitter Trust System Collection ===
[2025-06-07 20:47:32] WARNING: Will collect tweets until reaching previous timestamp: 2025-05-12 06:54:05+00:00
[2025-06-07 20:47:32] WARNING: Retrieving page 1...
[2025-06-07 20:47:34] WARNING: Newest tweet is from: 2025-05-12 06:54:05+00:00
[2025-06-07 20:47:34] WARNING: Reached stop point at tweet from 2025-05-12 06:54:05+00:00
[2025-06-07 20:47:34] WARNING: Retrieved 0 new tweets on page 1
[2025-06-07 20:47:34] WARNING: Stopping pagination as we've reached the stop point
[2025-06-07 20:47:34] WARNING: Retrieved a total of 0 tweets across 1 pages
[2025-06-07 20:47:34] WARNING: No new tweets found with trust commands. Exiting without error.
[2025-06-07 20:47:34] WARNING: Collection complete!
[2025-06-07 20:47:34] WARNING: - 0 trust assignments processed
[2025-06-07 20:47:34] WARNING: - 2 users in trust network
[2025-06-07 20:47:34] WARNING: - 31 total trust relationships
[2025-06-07 20:57:33] WARNING: === Starting Twitter Trust System Collection ===
[2025-06-07 20:57:33] WARNING: Will collect tweets until reaching previous timestamp: 2025-05-12 06:54:05+00:00
[2025-06-07 20:57:33] WARNING: Retrieving page 1...
[2025-06-07 20:57:35] WARNING: Newest tweet is from: 2025-05-12 06:54:05+00:00
[2025-06-07 20:57:35] WARNING: Reached stop point at tweet from 2025-05-12 06:54:05+00:00
[2025-06-07 20:57:35] WARNING: Retrieved 0 new tweets on page 1
[2025-06-07 20:57:35] WARNING: Stopping pagination as we've reached the stop point
[2025-06-07 20:57:35] WARNING: Retrieved a total of 0 tweets across 1 pages
[2025-06-07 20:57:35] WARNING: No new tweets found with trust commands. Exiting without error.
[2025-06-07 20:57:35] WARNING: Collection complete!
[2025-06-07 20:57:35] WARNING: - 0 trust assignments processed
[2025-06-07 20:57:35] WARNING: - 2 users in trust network
[2025-06-07 20:57:35] WARNING: - 31 total trust relationships
[2025-06-07 21:07:32] WARNING: === Starting Twitter Trust System Collection ===
[2025-06-07 21:07:32] WARNING: Will collect tweets until reaching previous timestamp: 2025-05-12 06:54:05+00:00
[2025-06-07 21:07:32] WARNING: Retrieving page 1...
[2025-06-07 21:07:35] WARNING: Newest tweet is from: 2025-05-12 06:54:05+00:00
[2025-06-07 21:07:35] WARNING: Reached stop point at tweet from 2025-05-12 06:54:05+00:00
[2025-06-07 21:07:35] WARNING: Retrieved 0 new tweets on page 1
[2025-06-07 21:07:35] WARNING: Stopping pagination as we've reached the stop point
[2025-06-07 21:07:35] WARNING: Retrieved a total of 0 tweets across 1 pages
[2025-06-07 21:07:35] WARNING: No new tweets found with trust commands. Exiting without error.
[2025-06-07 21:07:35] WARNING: Collection complete!
[2025-06-07 21:07:35] WARNING: - 0 trust assignments processed
[2025-06-07 21:07:35] WARNING: - 2 users in trust network
[2025-06-07 21:07:35] WARNING: - 31 total trust relationships
[2025-06-07 21:17:33] WARNING: === Starting Twitter Trust System Collection ===
[2025-06-07 21:17:33] WARNING: Will collect tweets until reaching previous timestamp: 2025-05-12 06:54:05+00:00
[2025-06-07 21:17:33] WARNING: Retrieving page 1...
[2025-06-07 21:17:34] WARNING: Newest tweet is from: 2025-05-12 06:54:05+00:00
[2025-06-07 21:17:34] WARNING: Reached stop point at tweet from 2025-05-12 06:54:05+00:00
[2025-06-07 21:17:34] WARNING: Retrieved 0 new tweets on page 1
[2025-06-07 21:17:34] WARNING: Stopping pagination as we've reached the stop point
[2025-06-07 21:17:34] WARNING: Retrieved a total of 0 tweets across 1 pages
[2025-06-07 21:17:34] WARNING: No new tweets found with trust commands. Exiting without error.
[2025-06-07 21:17:34] WARNING: Collection complete!
[2025-06-07 21:17:34] WARNING: - 0 trust assignments processed
[2025-06-07 21:17:34] WARNING: - 2 users in trust network
[2025-06-07 21:17:34] WARNING: - 31 total trust relationships
[2025-06-07 21:27:33] WARNING: === Starting Twitter Trust System Collection ===
[2025-06-07 21:27:33] WARNING: Will collect tweets until reaching previous timestamp: 2025-05-12 06:54:05+00:00
[2025-06-07 21:27:33] WARNING: Retrieving page 1...
[2025-06-07 21:27:34] WARNING: Newest tweet is from: 2025-05-12 06:54:05+00:00
[2025-06-07 21:27:34] WARNING: Reached stop point at tweet from 2025-05-12 06:54:05+00:00
[2025-06-07 21:27:34] WARNING: Retrieved 0 new tweets on page 1
[2025-06-07 21:27:34] WARNING: Stopping pagination as we've reached the stop point
[2025-06-07 21:27:34] WARNING: Retrieved a total of 0 tweets across 1 pages
[2025-06-07 21:27:34] WARNING: No new tweets found with trust commands. Exiting without error.
[2025-06-07 21:27:34] WARNING: Collection complete!
[2025-06-07 21:27:34] WARNING: - 0 trust assignments processed
[2025-06-07 21:27:34] WARNING: - 2 users in trust network
[2025-06-07 21:27:34] WARNING: - 31 total trust relationships
[2025-06-07 21:37:33] WARNING: === Starting Twitter Trust System Collection ===
[2025-06-07 21:37:33] WARNING: Will collect tweets until reaching previous timestamp: 2025-05-12 06:54:05+00:00
[2025-06-07 21:37:33] WARNING: Retrieving page 1...
[2025-06-07 21:37:35] WARNING: Newest tweet is from: 2025-05-12 06:54:05+00:00
[2025-06-07 21:37:35] WARNING: Reached stop point at tweet from 2025-05-12 06:54:05+00:00
[2025-06-07 21:37:35] WARNING: Retrieved 0 new tweets on page 1
[2025-06-07 21:37:35] WARNING: Stopping pagination as we've reached the stop point
[2025-06-07 21:37:35] WARNING: Retrieved a total of 0 tweets across 1 pages
[2025-06-07 21:37:35] WARNING: No new tweets found with trust commands. Exiting without error.
[2025-06-07 21:37:35] WARNING: Collection complete!
[2025-06-07 21:37:35] WARNING: - 0 trust assignments processed
[2025-06-07 21:37:35] WARNING: - 2 users in trust network
[2025-06-07 21:37:35] WARNING: - 31 total trust relationships
[2025-06-07 21:47:33] WARNING: === Starting Twitter Trust System Collection ===
[2025-06-07 21:47:33] WARNING: Will collect tweets until reaching previous timestamp: 2025-05-12 06:54:05+00:00
[2025-06-07 21:47:33] WARNING: Retrieving page 1...
[2025-06-07 21:47:34] WARNING: Newest tweet is from: 2025-05-12 06:54:05+00:00
[2025-06-07 21:47:34] WARNING: Reached stop point at tweet from 2025-05-12 06:54:05+00:00
[2025-06-07 21:47:34] WARNING: Retrieved 0 new tweets on page 1
[2025-06-07 21:47:34] WARNING: Stopping pagination as we've reached the stop point
[2025-06-07 21:47:34] WARNING: Retrieved a total of 0 tweets across 1 pages
[2025-06-07 21:47:34] WARNING: No new tweets found with trust commands. Exiting without error.
[2025-06-07 21:47:34] WARNING: Collection complete!
[2025-06-07 21:47:34] WARNING: - 0 trust assignments processed
[2025-06-07 21:47:34] WARNING: - 2 users in trust network
[2025-06-07 21:47:34] WARNING: - 31 total trust relationships
[2025-06-07 21:57:33] WARNING: === Starting Twitter Trust System Collection ===
[2025-06-07 21:57:33] WARNING: Will collect tweets until reaching previous timestamp: 2025-05-12 06:54:05+00:00
[2025-06-07 21:57:33] WARNING: Retrieving page 1...
[2025-06-07 21:57:34] WARNING: Newest tweet is from: 2025-05-12 06:54:05+00:00
[2025-06-07 21:57:34] WARNING: Reached stop point at tweet from 2025-05-12 06:54:05+00:00
[2025-06-07 21:57:34] WARNING: Retrieved 0 new tweets on page 1
[2025-06-07 21:57:34] WARNING: Stopping pagination as we've reached the stop point
[2025-06-07 21:57:34] WARNING: Retrieved a total of 0 tweets across 1 pages
[2025-06-07 21:57:34] WARNING: No new tweets found with trust commands. Exiting without error.
[2025-06-07 21:57:34] WARNING: Collection complete!
[2025-06-07 21:57:34] WARNING: - 0 trust assignments processed
[2025-06-07 21:57:34] WARNING: - 2 users in trust network
[2025-06-07 21:57:34] WARNING: - 31 total trust relationships
[2025-06-07 22:07:33] WARNING: === Starting Twitter Trust System Collection ===
[2025-06-07 22:07:33] WARNING: Will collect tweets until reaching previous timestamp: 2025-05-12 06:54:05+00:00
[2025-06-07 22:07:33] WARNING: Retrieving page 1...
[2025-06-07 22:07:34] WARNING: Newest tweet is from: 2025-05-12 06:54:05+00:00
[2025-06-07 22:07:34] WARNING: Reached stop point at tweet from 2025-05-12 06:54:05+00:00
[2025-06-07 22:07:34] WARNING: Retrieved 0 new tweets on page 1
[2025-06-07 22:07:34] WARNING: Stopping pagination as we've reached the stop point
[2025-06-07 22:07:34] WARNING: Retrieved a total of 0 tweets across 1 pages
[2025-06-07 22:07:34] WARNING: No new tweets found with trust commands. Exiting without error.
[2025-06-07 22:07:34] WARNING: Collection complete!
[2025-06-07 22:07:34] WARNING: - 0 trust assignments processed
[2025-06-07 22:07:34] WARNING: - 2 users in trust network
[2025-06-07 22:07:34] WARNING: - 31 total trust relationships
[2025-06-07 22:17:33] WARNING: === Starting Twitter Trust System Collection ===
[2025-06-07 22:17:33] WARNING: Will collect tweets until reaching previous timestamp: 2025-05-12 06:54:05+00:00
[2025-06-07 22:17:33] WARNING: Retrieving page 1...
[2025-06-07 22:17:34] WARNING: Newest tweet is from: 2025-05-12 06:54:05+00:00
[2025-06-07 22:17:34] WARNING: Reached stop point at tweet from 2025-05-12 06:54:05+00:00
[2025-06-07 22:17:34] WARNING: Retrieved 0 new tweets on page 1
[2025-06-07 22:17:34] WARNING: Stopping pagination as we've reached the stop point
[2025-06-07 22:17:34] WARNING: Retrieved a total of 0 tweets across 1 pages
[2025-06-07 22:17:34] WARNING: No new tweets found with trust commands. Exiting without error.
[2025-06-07 22:17:34] WARNING: Collection complete!
[2025-06-07 22:17:34] WARNING: - 0 trust assignments processed
[2025-06-07 22:17:34] WARNING: - 2 users in trust network
[2025-06-07 22:17:34] WARNING: - 31 total trust relationships
[2025-06-07 22:27:33] WARNING: === Starting Twitter Trust System Collection ===
[2025-06-07 22:27:33] WARNING: Will collect tweets until reaching previous timestamp: 2025-05-12 06:54:05+00:00
[2025-06-07 22:27:33] WARNING: Retrieving page 1...
[2025-06-07 22:27:34] WARNING: Newest tweet is from: 2025-05-12 06:54:05+00:00
[2025-06-07 22:27:34] WARNING: Reached stop point at tweet from 2025-05-12 06:54:05+00:00
[2025-06-07 22:27:34] WARNING: Retrieved 0 new tweets on page 1
[2025-06-07 22:27:34] WARNING: Stopping pagination as we've reached the stop point
[2025-06-07 22:27:34] WARNING: Retrieved a total of 0 tweets across 1 pages
[2025-06-07 22:27:34] WARNING: No new tweets found with trust commands. Exiting without error.
[2025-06-07 22:27:34] WARNING: Collection complete!
[2025-06-07 22:27:34] WARNING: - 0 trust assignments processed
[2025-06-07 22:27:34] WARNING: - 2 users in trust network
[2025-06-07 22:27:34] WARNING: - 31 total trust relationships
[2025-06-07 22:37:33] WARNING: === Starting Twitter Trust System Collection ===
[2025-06-07 22:37:33] WARNING: Will collect tweets until reaching previous timestamp: 2025-05-12 06:54:05+00:00
[2025-06-07 22:37:33] WARNING: Retrieving page 1...
[2025-06-07 22:37:34] WARNING: Newest tweet is from: 2025-05-12 06:54:05+00:00
[2025-06-07 22:37:34] WARNING: Reached stop point at tweet from 2025-05-12 06:54:05+00:00
[2025-06-07 22:37:34] WARNING: Retrieved 0 new tweets on page 1
[2025-06-07 22:37:34] WARNING: Stopping pagination as we've reached the stop point
[2025-06-07 22:37:34] WARNING: Retrieved a total of 0 tweets across 1 pages
[2025-06-07 22:37:34] WARNING: No new tweets found with trust commands. Exiting without error.
[2025-06-07 22:37:34] WARNING: Collection complete!
[2025-06-07 22:37:34] WARNING: - 0 trust assignments processed
[2025-06-07 22:37:34] WARNING: - 2 users in trust network
[2025-06-07 22:37:34] WARNING: - 31 total trust relationships
[2025-06-07 22:47:33] WARNING: === Starting Twitter Trust System Collection ===
[2025-06-07 22:47:33] WARNING: Will collect tweets until reaching previous timestamp: 2025-05-12 06:54:05+00:00
[2025-06-07 22:47:33] WARNING: Retrieving page 1...
[2025-06-07 22:47:34] WARNING: Newest tweet is from: 2025-05-12 06:54:05+00:00
[2025-06-07 22:47:34] WARNING: Reached stop point at tweet from 2025-05-12 06:54:05+00:00
[2025-06-07 22:47:34] WARNING: Retrieved 0 new tweets on page 1
[2025-06-07 22:47:34] WARNING: Stopping pagination as we've reached the stop point
[2025-06-07 22:47:34] WARNING: Retrieved a total of 0 tweets across 1 pages
[2025-06-07 22:47:34] WARNING: No new tweets found with trust commands. Exiting without error.
[2025-06-07 22:47:34] WARNING: Collection complete!
[2025-06-07 22:47:34] WARNING: - 0 trust assignments processed
[2025-06-07 22:47:34] WARNING: - 2 users in trust network
[2025-06-07 22:47:34] WARNING: - 31 total trust relationships
[2025-06-07 22:57:33] WARNING: === Starting Twitter Trust System Collection ===
[2025-06-07 22:57:33] WARNING: Will collect tweets until reaching previous timestamp: 2025-05-12 06:54:05+00:00
[2025-06-07 22:57:33] WARNING: Retrieving page 1...
[2025-06-07 22:57:34] WARNING: Newest tweet is from: 2025-05-12 06:54:05+00:00
[2025-06-07 22:57:34] WARNING: Reached stop point at tweet from 2025-05-12 06:54:05+00:00
[2025-06-07 22:57:34] WARNING: Retrieved 0 new tweets on page 1
[2025-06-07 22:57:34] WARNING: Stopping pagination as we've reached the stop point
[2025-06-07 22:57:34] WARNING: Retrieved a total of 0 tweets across 1 pages
[2025-06-07 22:57:34] WARNING: No new tweets found with trust commands. Exiting without error.
[2025-06-07 22:57:34] WARNING: Collection complete!
[2025-06-07 22:57:34] WARNING: - 0 trust assignments processed
[2025-06-07 22:57:34] WARNING: - 2 users in trust network
[2025-06-07 22:57:34] WARNING: - 31 total trust relationships
[2025-06-07 23:07:33] WARNING: === Starting Twitter Trust System Collection ===
[2025-06-07 23:07:33] WARNING: Will collect tweets until reaching previous timestamp: 2025-05-12 06:54:05+00:00
[2025-06-07 23:07:33] WARNING: Retrieving page 1...
[2025-06-07 23:07:34] WARNING: Newest tweet is from: 2025-05-12 06:54:05+00:00
[2025-06-07 23:07:34] WARNING: Reached stop point at tweet from 2025-05-12 06:54:05+00:00
[2025-06-07 23:07:34] WARNING: Retrieved 0 new tweets on page 1
[2025-06-07 23:07:34] WARNING: Stopping pagination as we've reached the stop point
[2025-06-07 23:07:34] WARNING: Retrieved a total of 0 tweets across 1 pages
[2025-06-07 23:07:34] WARNING: No new tweets found with trust commands. Exiting without error.
[2025-06-07 23:07:34] WARNING: Collection complete!
[2025-06-07 23:07:34] WARNING: - 0 trust assignments processed
[2025-06-07 23:07:34] WARNING: - 2 users in trust network
[2025-06-07 23:07:34] WARNING: - 31 total trust relationships
[2025-06-07 23:17:33] WARNING: === Starting Twitter Trust System Collection ===
[2025-06-07 23:17:33] WARNING: Will collect tweets until reaching previous timestamp: 2025-05-12 06:54:05+00:00
[2025-06-07 23:17:33] WARNING: Retrieving page 1...
[2025-06-07 23:17:34] WARNING: Newest tweet is from: 2025-05-12 06:54:05+00:00
[2025-06-07 23:17:34] WARNING: Reached stop point at tweet from 2025-05-12 06:54:05+00:00
[2025-06-07 23:17:34] WARNING: Retrieved 0 new tweets on page 1
[2025-06-07 23:17:34] WARNING: Stopping pagination as we've reached the stop point
[2025-06-07 23:17:34] WARNING: Retrieved a total of 0 tweets across 1 pages
[2025-06-07 23:17:34] WARNING: No new tweets found with trust commands. Exiting without error.
[2025-06-07 23:17:34] WARNING: Collection complete!
[2025-06-07 23:17:34] WARNING: - 0 trust assignments processed
[2025-06-07 23:17:34] WARNING: - 2 users in trust network
[2025-06-07 23:17:34] WARNING: - 31 total trust relationships
[2025-06-07 23:27:33] WARNING: === Starting Twitter Trust System Collection ===
[2025-06-07 23:27:33] WARNING: Will collect tweets until reaching previous timestamp: 2025-05-12 06:54:05+00:00
[2025-06-07 23:27:33] WARNING: Retrieving page 1...
[2025-06-07 23:27:34] WARNING: Newest tweet is from: 2025-05-12 06:54:05+00:00
[2025-06-07 23:27:34] WARNING: Reached stop point at tweet from 2025-05-12 06:54:05+00:00
[2025-06-07 23:27:34] WARNING: Retrieved 0 new tweets on page 1
[2025-06-07 23:27:34] WARNING: Stopping pagination as we've reached the stop point
[2025-06-07 23:27:34] WARNING: Retrieved a total of 0 tweets across 1 pages
[2025-06-07 23:27:34] WARNING: No new tweets found with trust commands. Exiting without error.
[2025-06-07 23:27:34] WARNING: Collection complete!
[2025-06-07 23:27:34] WARNING: - 0 trust assignments processed
[2025-06-07 23:27:34] WARNING: - 2 users in trust network
[2025-06-07 23:27:34] WARNING: - 31 total trust relationships
