[2025-05-21 14:07:37] WARNING: Reached stop point at tweet from 2025-05-12 06:54:05+00:00
[2025-05-21 14:07:37] WARNING: Retrieved 0 new tweets on page 1
[2025-05-21 14:07:37] WARNING: Stopping pagination as we've reached the stop point
[2025-05-21 14:07:37] WARNING: Retrieved a total of 0 tweets across 1 pages
[2025-05-21 14:07:37] WARNING: No new tweets found with trust commands. Exiting without error.
[2025-05-21 14:07:37] WARNING: Collection complete!
[2025-05-21 14:07:37] WARNING: - 0 trust assignments processed
[2025-05-21 14:07:37] WARNING: - 2 users in trust network
[2025-05-21 14:07:37] WARNING: - 31 total trust relationships
[2025-05-21 14:17:35] WARNING: === Starting Twitter Trust System Collection ===
[2025-05-21 14:17:35] WARNING: Will collect tweets until reaching previous timestamp: 2025-05-12 06:54:05+00:00
[2025-05-21 14:17:35] WARNING: Retrieving page 1...
[2025-05-21 14:17:37] WARNING: Newest tweet is from: 2025-05-12 06:54:05+00:00
[2025-05-21 14:17:37] WARNING: Reached stop point at tweet from 2025-05-12 06:54:05+00:00
[2025-05-21 14:17:37] WARNING: Retrieved 0 new tweets on page 1
[2025-05-21 14:17:37] WARNING: Stopping pagination as we've reached the stop point
[2025-05-21 14:17:37] WARNING: Retrieved a total of 0 tweets across 1 pages
[2025-05-21 14:17:37] WARNING: No new tweets found with trust commands. Exiting without error.
[2025-05-21 14:17:37] WARNING: Collection complete!
[2025-05-21 14:17:37] WARNING: - 0 trust assignments processed
[2025-05-21 14:17:37] WARNING: - 2 users in trust network
[2025-05-21 14:17:37] WARNING: - 31 total trust relationships
[2025-05-21 14:27:34] WARNING: === Starting Twitter Trust System Collection ===
[2025-05-21 14:27:34] WARNING: Will collect tweets until reaching previous timestamp: 2025-05-12 06:54:05+00:00
[2025-05-21 14:27:34] WARNING: Retrieving page 1...
[2025-05-21 14:27:36] WARNING: Newest tweet is from: 2025-05-12 06:54:05+00:00
[2025-05-21 14:27:36] WARNING: Reached stop point at tweet from 2025-05-12 06:54:05+00:00
[2025-05-21 14:27:36] WARNING: Retrieved 0 new tweets on page 1
[2025-05-21 14:27:36] WARNING: Stopping pagination as we've reached the stop point
[2025-05-21 14:27:36] WARNING: Retrieved a total of 0 tweets across 1 pages
[2025-05-21 14:27:36] WARNING: No new tweets found with trust commands. Exiting without error.
[2025-05-21 14:27:36] WARNING: Collection complete!
[2025-05-21 14:27:36] WARNING: - 0 trust assignments processed
[2025-05-21 14:27:36] WARNING: - 2 users in trust network
[2025-05-21 14:27:36] WARNING: - 31 total trust relationships
[2025-05-21 14:37:35] WARNING: === Starting Twitter Trust System Collection ===
[2025-05-21 14:37:35] WARNING: Will collect tweets until reaching previous timestamp: 2025-05-12 06:54:05+00:00
[2025-05-21 14:37:35] WARNING: Retrieving page 1...
[2025-05-21 14:37:37] WARNING: Newest tweet is from: 2025-05-12 06:54:05+00:00
[2025-05-21 14:37:37] WARNING: Reached stop point at tweet from 2025-05-12 06:54:05+00:00
[2025-05-21 14:37:37] WARNING: Retrieved 0 new tweets on page 1
[2025-05-21 14:37:37] WARNING: Stopping pagination as we've reached the stop point
[2025-05-21 14:37:37] WARNING: Retrieved a total of 0 tweets across 1 pages
[2025-05-21 14:37:37] WARNING: No new tweets found with trust commands. Exiting without error.
[2025-05-21 14:37:37] WARNING: Collection complete!
[2025-05-21 14:37:37] WARNING: - 0 trust assignments processed
[2025-05-21 14:37:37] WARNING: - 2 users in trust network
[2025-05-21 14:37:37] WARNING: - 31 total trust relationships
[2025-05-21 14:47:35] WARNING: === Starting Twitter Trust System Collection ===
[2025-05-21 14:47:35] WARNING: Will collect tweets until reaching previous timestamp: 2025-05-12 06:54:05+00:00
[2025-05-21 14:47:35] WARNING: Retrieving page 1...
[2025-05-21 14:47:37] WARNING: Newest tweet is from: 2025-05-12 06:54:05+00:00
[2025-05-21 14:47:37] WARNING: Reached stop point at tweet from 2025-05-12 06:54:05+00:00
[2025-05-21 14:47:37] WARNING: Retrieved 0 new tweets on page 1
[2025-05-21 14:47:37] WARNING: Stopping pagination as we've reached the stop point
[2025-05-21 14:47:37] WARNING: Retrieved a total of 0 tweets across 1 pages
[2025-05-21 14:47:37] WARNING: No new tweets found with trust commands. Exiting without error.
[2025-05-21 14:47:37] WARNING: Collection complete!
[2025-05-21 14:47:37] WARNING: - 0 trust assignments processed
[2025-05-21 14:47:37] WARNING: - 2 users in trust network
[2025-05-21 14:47:37] WARNING: - 31 total trust relationships
[2025-05-21 14:57:35] WARNING: === Starting Twitter Trust System Collection ===
[2025-05-21 14:57:35] WARNING: Will collect tweets until reaching previous timestamp: 2025-05-12 06:54:05+00:00
[2025-05-21 14:57:35] WARNING: Retrieving page 1...
[2025-05-21 14:57:39] WARNING: Newest tweet is from: 2025-05-12 06:54:05+00:00
[2025-05-21 14:57:39] WARNING: Reached stop point at tweet from 2025-05-12 06:54:05+00:00
[2025-05-21 14:57:39] WARNING: Retrieved 0 new tweets on page 1
[2025-05-21 14:57:39] WARNING: Stopping pagination as we've reached the stop point
[2025-05-21 14:57:39] WARNING: Retrieved a total of 0 tweets across 1 pages
[2025-05-21 14:57:39] WARNING: No new tweets found with trust commands. Exiting without error.
[2025-05-21 14:57:39] WARNING: Collection complete!
[2025-05-21 14:57:39] WARNING: - 0 trust assignments processed
[2025-05-21 14:57:39] WARNING: - 2 users in trust network
[2025-05-21 14:57:39] WARNING: - 31 total trust relationships
[2025-05-21 15:07:34] WARNING: === Starting Twitter Trust System Collection ===
[2025-05-21 15:07:34] WARNING: Will collect tweets until reaching previous timestamp: 2025-05-12 06:54:05+00:00
[2025-05-21 15:07:34] WARNING: Retrieving page 1...
[2025-05-21 15:07:36] WARNING: Newest tweet is from: 2025-05-12 06:54:05+00:00
[2025-05-21 15:07:36] WARNING: Reached stop point at tweet from 2025-05-12 06:54:05+00:00
[2025-05-21 15:07:36] WARNING: Retrieved 0 new tweets on page 1
[2025-05-21 15:07:36] WARNING: Stopping pagination as we've reached the stop point
[2025-05-21 15:07:36] WARNING: Retrieved a total of 0 tweets across 1 pages
[2025-05-21 15:07:36] WARNING: No new tweets found with trust commands. Exiting without error.
[2025-05-21 15:07:36] WARNING: Collection complete!
[2025-05-21 15:07:36] WARNING: - 0 trust assignments processed
[2025-05-21 15:07:36] WARNING: - 2 users in trust network
[2025-05-21 15:07:36] WARNING: - 31 total trust relationships
[2025-05-21 15:17:34] WARNING: === Starting Twitter Trust System Collection ===
[2025-05-21 15:17:34] WARNING: Will collect tweets until reaching previous timestamp: 2025-05-12 06:54:05+00:00
[2025-05-21 15:17:34] WARNING: Retrieving page 1...
[2025-05-21 15:17:40] WARNING: Newest tweet is from: 2025-05-12 06:54:05+00:00
[2025-05-21 15:17:40] WARNING: Reached stop point at tweet from 2025-05-12 06:54:05+00:00
[2025-05-21 15:17:40] WARNING: Retrieved 0 new tweets on page 1
[2025-05-21 15:17:40] WARNING: Stopping pagination as we've reached the stop point
[2025-05-21 15:17:40] WARNING: Retrieved a total of 0 tweets across 1 pages
[2025-05-21 15:17:40] WARNING: No new tweets found with trust commands. Exiting without error.
[2025-05-21 15:17:40] WARNING: Collection complete!
[2025-05-21 15:17:40] WARNING: - 0 trust assignments processed
[2025-05-21 15:17:40] WARNING: - 2 users in trust network
[2025-05-21 15:17:40] WARNING: - 31 total trust relationships
[2025-05-21 15:27:35] WARNING: === Starting Twitter Trust System Collection ===
[2025-05-21 15:27:35] WARNING: Will collect tweets until reaching previous timestamp: 2025-05-12 06:54:05+00:00
[2025-05-21 15:27:35] WARNING: Retrieving page 1...
[2025-05-21 15:27:38] WARNING: Newest tweet is from: 2025-05-12 06:54:05+00:00
[2025-05-21 15:27:38] WARNING: Reached stop point at tweet from 2025-05-12 06:54:05+00:00
[2025-05-21 15:27:38] WARNING: Retrieved 0 new tweets on page 1
[2025-05-21 15:27:38] WARNING: Stopping pagination as we've reached the stop point
[2025-05-21 15:27:38] WARNING: Retrieved a total of 0 tweets across 1 pages
[2025-05-21 15:27:38] WARNING: No new tweets found with trust commands. Exiting without error.
[2025-05-21 15:27:38] WARNING: Collection complete!
[2025-05-21 15:27:38] WARNING: - 0 trust assignments processed
[2025-05-21 15:27:38] WARNING: - 2 users in trust network
[2025-05-21 15:27:38] WARNING: - 31 total trust relationships
[2025-05-21 15:37:35] WARNING: === Starting Twitter Trust System Collection ===
[2025-05-21 15:37:35] WARNING: Will collect tweets until reaching previous timestamp: 2025-05-12 06:54:05+00:00
[2025-05-21 15:37:35] WARNING: Retrieving page 1...
[2025-05-21 15:37:38] WARNING: Newest tweet is from: 2025-05-12 06:54:05+00:00
[2025-05-21 15:37:38] WARNING: Reached stop point at tweet from 2025-05-12 06:54:05+00:00
[2025-05-21 15:37:38] WARNING: Retrieved 0 new tweets on page 1
[2025-05-21 15:37:38] WARNING: Stopping pagination as we've reached the stop point
[2025-05-21 15:37:38] WARNING: Retrieved a total of 0 tweets across 1 pages
[2025-05-21 15:37:38] WARNING: No new tweets found with trust commands. Exiting without error.
[2025-05-21 15:37:38] WARNING: Collection complete!
[2025-05-21 15:37:38] WARNING: - 0 trust assignments processed
[2025-05-21 15:37:38] WARNING: - 2 users in trust network
[2025-05-21 15:37:38] WARNING: - 31 total trust relationships
[2025-05-21 15:47:33] WARNING: === Starting Twitter Trust System Collection ===
[2025-05-21 15:47:33] WARNING: Will collect tweets until reaching previous timestamp: 2025-05-12 06:54:05+00:00
[2025-05-21 15:47:33] WARNING: Retrieving page 1...
[2025-05-21 15:47:36] WARNING: Newest tweet is from: 2025-05-12 06:54:05+00:00
[2025-05-21 15:47:36] WARNING: Reached stop point at tweet from 2025-05-12 06:54:05+00:00
[2025-05-21 15:47:36] WARNING: Retrieved 0 new tweets on page 1
[2025-05-21 15:47:36] WARNING: Stopping pagination as we've reached the stop point
[2025-05-21 15:47:36] WARNING: Retrieved a total of 0 tweets across 1 pages
[2025-05-21 15:47:36] WARNING: No new tweets found with trust commands. Exiting without error.
[2025-05-21 15:47:36] WARNING: Collection complete!
[2025-05-21 15:47:36] WARNING: - 0 trust assignments processed
[2025-05-21 15:47:36] WARNING: - 2 users in trust network
[2025-05-21 15:47:36] WARNING: - 31 total trust relationships
[2025-05-21 15:57:36] WARNING: === Starting Twitter Trust System Collection ===
[2025-05-21 15:57:36] WARNING: Will collect tweets until reaching previous timestamp: 2025-05-12 06:54:05+00:00
[2025-05-21 15:57:36] WARNING: Retrieving page 1...
[2025-05-21 15:57:38] WARNING: Newest tweet is from: 2025-05-12 06:54:05+00:00
[2025-05-21 15:57:38] WARNING: Reached stop point at tweet from 2025-05-12 06:54:05+00:00
[2025-05-21 15:57:38] WARNING: Retrieved 0 new tweets on page 1
[2025-05-21 15:57:38] WARNING: Stopping pagination as we've reached the stop point
[2025-05-21 15:57:38] WARNING: Retrieved a total of 0 tweets across 1 pages
[2025-05-21 15:57:38] WARNING: No new tweets found with trust commands. Exiting without error.
[2025-05-21 15:57:38] WARNING: Collection complete!
[2025-05-21 15:57:38] WARNING: - 0 trust assignments processed
[2025-05-21 15:57:38] WARNING: - 2 users in trust network
[2025-05-21 15:57:38] WARNING: - 31 total trust relationships
[2025-05-21 16:07:32] WARNING: === Starting Twitter Trust System Collection ===
[2025-05-21 16:07:32] WARNING: Will collect tweets until reaching previous timestamp: 2025-05-12 06:54:05+00:00
[2025-05-21 16:07:32] WARNING: Retrieving page 1...
[2025-05-21 16:07:34] WARNING: Newest tweet is from: 2025-05-12 06:54:05+00:00
[2025-05-21 16:07:34] WARNING: Reached stop point at tweet from 2025-05-12 06:54:05+00:00
[2025-05-21 16:07:34] WARNING: Retrieved 0 new tweets on page 1
[2025-05-21 16:07:34] WARNING: Stopping pagination as we've reached the stop point
[2025-05-21 16:07:34] WARNING: Retrieved a total of 0 tweets across 1 pages
[2025-05-21 16:07:34] WARNING: No new tweets found with trust commands. Exiting without error.
[2025-05-21 16:07:34] WARNING: Collection complete!
[2025-05-21 16:07:34] WARNING: - 0 trust assignments processed
[2025-05-21 16:07:34] WARNING: - 2 users in trust network
[2025-05-21 16:07:34] WARNING: - 31 total trust relationships
[2025-05-21 16:17:35] WARNING: === Starting Twitter Trust System Collection ===
[2025-05-21 16:17:35] WARNING: Will collect tweets until reaching previous timestamp: 2025-05-12 06:54:05+00:00
[2025-05-21 16:17:35] WARNING: Retrieving page 1...
[2025-05-21 16:17:37] WARNING: Newest tweet is from: 2025-05-12 06:54:05+00:00
[2025-05-21 16:17:37] WARNING: Reached stop point at tweet from 2025-05-12 06:54:05+00:00
[2025-05-21 16:17:37] WARNING: Retrieved 0 new tweets on page 1
[2025-05-21 16:17:37] WARNING: Stopping pagination as we've reached the stop point
[2025-05-21 16:17:37] WARNING: Retrieved a total of 0 tweets across 1 pages
[2025-05-21 16:17:37] WARNING: No new tweets found with trust commands. Exiting without error.
[2025-05-21 16:17:37] WARNING: Collection complete!
[2025-05-21 16:17:37] WARNING: - 0 trust assignments processed
[2025-05-21 16:17:37] WARNING: - 2 users in trust network
[2025-05-21 16:17:37] WARNING: - 31 total trust relationships
[2025-05-21 16:27:35] WARNING: === Starting Twitter Trust System Collection ===
[2025-05-21 16:27:35] WARNING: Will collect tweets until reaching previous timestamp: 2025-05-12 06:54:05+00:00
[2025-05-21 16:27:35] WARNING: Retrieving page 1...
[2025-05-21 16:27:37] WARNING: Newest tweet is from: 2025-05-12 06:54:05+00:00
[2025-05-21 16:27:37] WARNING: Reached stop point at tweet from 2025-05-12 06:54:05+00:00
[2025-05-21 16:27:37] WARNING: Retrieved 0 new tweets on page 1
[2025-05-21 16:27:37] WARNING: Stopping pagination as we've reached the stop point
[2025-05-21 16:27:37] WARNING: Retrieved a total of 0 tweets across 1 pages
[2025-05-21 16:27:37] WARNING: No new tweets found with trust commands. Exiting without error.
[2025-05-21 16:27:37] WARNING: Collection complete!
[2025-05-21 16:27:37] WARNING: - 0 trust assignments processed
[2025-05-21 16:27:37] WARNING: - 2 users in trust network
[2025-05-21 16:27:37] WARNING: - 31 total trust relationships
[2025-05-21 16:37:34] WARNING: === Starting Twitter Trust System Collection ===
[2025-05-21 16:37:34] WARNING: Will collect tweets until reaching previous timestamp: 2025-05-12 06:54:05+00:00
[2025-05-21 16:37:34] WARNING: Retrieving page 1...
[2025-05-21 16:37:36] WARNING: Newest tweet is from: 2025-05-12 06:54:05+00:00
[2025-05-21 16:37:36] WARNING: Reached stop point at tweet from 2025-05-12 06:54:05+00:00
[2025-05-21 16:37:36] WARNING: Retrieved 0 new tweets on page 1
[2025-05-21 16:37:36] WARNING: Stopping pagination as we've reached the stop point
[2025-05-21 16:37:36] WARNING: Retrieved a total of 0 tweets across 1 pages
[2025-05-21 16:37:36] WARNING: No new tweets found with trust commands. Exiting without error.
[2025-05-21 16:37:36] WARNING: Collection complete!
[2025-05-21 16:37:36] WARNING: - 0 trust assignments processed
[2025-05-21 16:37:36] WARNING: - 2 users in trust network
[2025-05-21 16:37:36] WARNING: - 31 total trust relationships
[2025-05-21 16:47:33] WARNING: === Starting Twitter Trust System Collection ===
[2025-05-21 16:47:33] WARNING: Will collect tweets until reaching previous timestamp: 2025-05-12 06:54:05+00:00
[2025-05-21 16:47:33] WARNING: Retrieving page 1...
[2025-05-21 16:47:35] WARNING: Newest tweet is from: 2025-05-12 06:54:05+00:00
[2025-05-21 16:47:35] WARNING: Reached stop point at tweet from 2025-05-12 06:54:05+00:00
[2025-05-21 16:47:35] WARNING: Retrieved 0 new tweets on page 1
[2025-05-21 16:47:35] WARNING: Stopping pagination as we've reached the stop point
[2025-05-21 16:47:35] WARNING: Retrieved a total of 0 tweets across 1 pages
[2025-05-21 16:47:35] WARNING: No new tweets found with trust commands. Exiting without error.
[2025-05-21 16:47:35] WARNING: Collection complete!
[2025-05-21 16:47:35] WARNING: - 0 trust assignments processed
[2025-05-21 16:47:35] WARNING: - 2 users in trust network
[2025-05-21 16:47:35] WARNING: - 31 total trust relationships
[2025-05-21 16:57:33] WARNING: === Starting Twitter Trust System Collection ===
[2025-05-21 16:57:33] WARNING: Will collect tweets until reaching previous timestamp: 2025-05-12 06:54:05+00:00
[2025-05-21 16:57:33] WARNING: Retrieving page 1...
[2025-05-21 16:57:35] WARNING: Newest tweet is from: 2025-05-12 06:54:05+00:00
[2025-05-21 16:57:35] WARNING: Reached stop point at tweet from 2025-05-12 06:54:05+00:00
[2025-05-21 16:57:35] WARNING: Retrieved 0 new tweets on page 1
[2025-05-21 16:57:35] WARNING: Stopping pagination as we've reached the stop point
[2025-05-21 16:57:35] WARNING: Retrieved a total of 0 tweets across 1 pages
[2025-05-21 16:57:35] WARNING: No new tweets found with trust commands. Exiting without error.
[2025-05-21 16:57:35] WARNING: Collection complete!
[2025-05-21 16:57:35] WARNING: - 0 trust assignments processed
[2025-05-21 16:57:35] WARNING: - 2 users in trust network
[2025-05-21 16:57:35] WARNING: - 31 total trust relationships
[2025-05-21 17:07:36] WARNING: === Starting Twitter Trust System Collection ===
[2025-05-21 17:07:36] WARNING: Will collect tweets until reaching previous timestamp: 2025-05-12 06:54:05+00:00
[2025-05-21 17:07:36] WARNING: Retrieving page 1...
[2025-05-21 17:07:38] WARNING: Newest tweet is from: 2025-05-12 06:54:05+00:00
[2025-05-21 17:07:38] WARNING: Reached stop point at tweet from 2025-05-12 06:54:05+00:00
[2025-05-21 17:07:38] WARNING: Retrieved 0 new tweets on page 1
[2025-05-21 17:07:38] WARNING: Stopping pagination as we've reached the stop point
[2025-05-21 17:07:38] WARNING: Retrieved a total of 0 tweets across 1 pages
[2025-05-21 17:07:38] WARNING: No new tweets found with trust commands. Exiting without error.
[2025-05-21 17:07:38] WARNING: Collection complete!
[2025-05-21 17:07:38] WARNING: - 0 trust assignments processed
[2025-05-21 17:07:38] WARNING: - 2 users in trust network
[2025-05-21 17:07:38] WARNING: - 31 total trust relationships
[2025-05-21 17:17:33] WARNING: === Starting Twitter Trust System Collection ===
[2025-05-21 17:17:33] WARNING: Will collect tweets until reaching previous timestamp: 2025-05-12 06:54:05+00:00
[2025-05-21 17:17:33] WARNING: Retrieving page 1...
[2025-05-21 17:17:35] WARNING: Newest tweet is from: 2025-05-12 06:54:05+00:00
[2025-05-21 17:17:35] WARNING: Reached stop point at tweet from 2025-05-12 06:54:05+00:00
[2025-05-21 17:17:35] WARNING: Retrieved 0 new tweets on page 1
[2025-05-21 17:17:35] WARNING: Stopping pagination as we've reached the stop point
[2025-05-21 17:17:35] WARNING: Retrieved a total of 0 tweets across 1 pages
[2025-05-21 17:17:35] WARNING: No new tweets found with trust commands. Exiting without error.
[2025-05-21 17:17:35] WARNING: Collection complete!
[2025-05-21 17:17:35] WARNING: - 0 trust assignments processed
[2025-05-21 17:17:35] WARNING: - 2 users in trust network
[2025-05-21 17:17:35] WARNING: - 31 total trust relationships
[2025-05-21 17:27:34] WARNING: === Starting Twitter Trust System Collection ===
[2025-05-21 17:27:34] WARNING: Will collect tweets until reaching previous timestamp: 2025-05-12 06:54:05+00:00
[2025-05-21 17:27:34] WARNING: Retrieving page 1...
[2025-05-21 17:27:35] WARNING: Newest tweet is from: 2025-05-12 06:54:05+00:00
[2025-05-21 17:27:35] WARNING: Reached stop point at tweet from 2025-05-12 06:54:05+00:00
[2025-05-21 17:27:35] WARNING: Retrieved 0 new tweets on page 1
[2025-05-21 17:27:35] WARNING: Stopping pagination as we've reached the stop point
[2025-05-21 17:27:35] WARNING: Retrieved a total of 0 tweets across 1 pages
[2025-05-21 17:27:35] WARNING: No new tweets found with trust commands. Exiting without error.
[2025-05-21 17:27:35] WARNING: Collection complete!
[2025-05-21 17:27:35] WARNING: - 0 trust assignments processed
[2025-05-21 17:27:35] WARNING: - 2 users in trust network
[2025-05-21 17:27:35] WARNING: - 31 total trust relationships
[2025-05-21 17:37:34] WARNING: === Starting Twitter Trust System Collection ===
[2025-05-21 17:37:34] WARNING: Will collect tweets until reaching previous timestamp: 2025-05-12 06:54:05+00:00
[2025-05-21 17:37:34] WARNING: Retrieving page 1...
[2025-05-21 17:37:38] WARNING: Newest tweet is from: 2025-05-12 06:54:05+00:00
[2025-05-21 17:37:38] WARNING: Reached stop point at tweet from 2025-05-12 06:54:05+00:00
[2025-05-21 17:37:38] WARNING: Retrieved 0 new tweets on page 1
[2025-05-21 17:37:38] WARNING: Stopping pagination as we've reached the stop point
[2025-05-21 17:37:38] WARNING: Retrieved a total of 0 tweets across 1 pages
[2025-05-21 17:37:38] WARNING: No new tweets found with trust commands. Exiting without error.
[2025-05-21 17:37:38] WARNING: Collection complete!
[2025-05-21 17:37:38] WARNING: - 0 trust assignments processed
[2025-05-21 17:37:38] WARNING: - 2 users in trust network
[2025-05-21 17:37:38] WARNING: - 31 total trust relationships
[2025-05-21 17:47:33] WARNING: === Starting Twitter Trust System Collection ===
[2025-05-21 17:47:33] WARNING: Will collect tweets until reaching previous timestamp: 2025-05-12 06:54:05+00:00
[2025-05-21 17:47:33] WARNING: Retrieving page 1...
[2025-05-21 17:47:35] WARNING: Newest tweet is from: 2025-05-12 06:38:14+00:00
[2025-05-21 17:47:35] WARNING: Reached stop point at tweet from 2025-05-12 06:38:14+00:00
[2025-05-21 17:47:35] WARNING: Retrieved 0 new tweets on page 1
[2025-05-21 17:47:35] WARNING: Stopping pagination as we've reached the stop point
[2025-05-21 17:47:35] WARNING: Retrieved a total of 0 tweets across 1 pages
[2025-05-21 17:47:35] WARNING: No new tweets found with trust commands. Exiting without error.
[2025-05-21 17:47:35] WARNING: Collection complete!
[2025-05-21 17:47:35] WARNING: - 0 trust assignments processed
[2025-05-21 17:47:35] WARNING: - 2 users in trust network
[2025-05-21 17:47:35] WARNING: - 31 total trust relationships
[2025-05-21 17:57:33] WARNING: === Starting Twitter Trust System Collection ===
[2025-05-21 17:57:33] WARNING: Will collect tweets until reaching previous timestamp: 2025-05-12 06:54:05+00:00
[2025-05-21 17:57:33] WARNING: Retrieving page 1...
[2025-05-21 17:57:35] WARNING: Newest tweet is from: 2025-05-12 06:38:14+00:00
[2025-05-21 17:57:35] WARNING: Reached stop point at tweet from 2025-05-12 06:38:14+00:00
[2025-05-21 17:57:35] WARNING: Retrieved 0 new tweets on page 1
[2025-05-21 17:57:35] WARNING: Stopping pagination as we've reached the stop point
[2025-05-21 17:57:35] WARNING: Retrieved a total of 0 tweets across 1 pages
[2025-05-21 17:57:35] WARNING: No new tweets found with trust commands. Exiting without error.
[2025-05-21 17:57:35] WARNING: Collection complete!
[2025-05-21 17:57:35] WARNING: - 0 trust assignments processed
[2025-05-21 17:57:35] WARNING: - 2 users in trust network
[2025-05-21 17:57:35] WARNING: - 31 total trust relationships
[2025-05-21 18:07:35] WARNING: === Starting Twitter Trust System Collection ===
[2025-05-21 18:07:35] WARNING: Will collect tweets until reaching previous timestamp: 2025-05-12 06:54:05+00:00
[2025-05-21 18:07:35] WARNING: Retrieving page 1...
[2025-05-21 18:07:37] WARNING: Newest tweet is from: 2025-05-12 06:38:14+00:00
[2025-05-21 18:07:37] WARNING: Reached stop point at tweet from 2025-05-12 06:38:14+00:00
[2025-05-21 18:07:37] WARNING: Retrieved 0 new tweets on page 1
[2025-05-21 18:07:37] WARNING: Stopping pagination as we've reached the stop point
[2025-05-21 18:07:37] WARNING: Retrieved a total of 0 tweets across 1 pages
[2025-05-21 18:07:37] WARNING: No new tweets found with trust commands. Exiting without error.
[2025-05-21 18:07:37] WARNING: Collection complete!
[2025-05-21 18:07:37] WARNING: - 0 trust assignments processed
[2025-05-21 18:07:37] WARNING: - 2 users in trust network
[2025-05-21 18:07:37] WARNING: - 31 total trust relationships
[2025-05-21 18:17:36] WARNING: === Starting Twitter Trust System Collection ===
[2025-05-21 18:17:36] WARNING: Will collect tweets until reaching previous timestamp: 2025-05-12 06:54:05+00:00
[2025-05-21 18:17:36] WARNING: Retrieving page 1...
[2025-05-21 18:17:38] WARNING: Newest tweet is from: 2025-05-12 06:54:05+00:00
[2025-05-21 18:17:38] WARNING: Reached stop point at tweet from 2025-05-12 06:54:05+00:00
[2025-05-21 18:17:38] WARNING: Retrieved 0 new tweets on page 1
[2025-05-21 18:17:38] WARNING: Stopping pagination as we've reached the stop point
[2025-05-21 18:17:38] WARNING: Retrieved a total of 0 tweets across 1 pages
[2025-05-21 18:17:38] WARNING: No new tweets found with trust commands. Exiting without error.
[2025-05-21 18:17:38] WARNING: Collection complete!
[2025-05-21 18:17:38] WARNING: - 0 trust assignments processed
[2025-05-21 18:17:38] WARNING: - 2 users in trust network
[2025-05-21 18:17:38] WARNING: - 31 total trust relationships
[2025-05-21 18:27:34] WARNING: === Starting Twitter Trust System Collection ===
[2025-05-21 18:27:34] WARNING: Will collect tweets until reaching previous timestamp: 2025-05-12 06:54:05+00:00
[2025-05-21 18:27:34] WARNING: Retrieving page 1...
[2025-05-21 18:27:36] WARNING: Newest tweet is from: 2025-05-12 06:54:05+00:00
[2025-05-21 18:27:36] WARNING: Reached stop point at tweet from 2025-05-12 06:54:05+00:00
[2025-05-21 18:27:36] WARNING: Retrieved 0 new tweets on page 1
[2025-05-21 18:27:36] WARNING: Stopping pagination as we've reached the stop point
[2025-05-21 18:27:36] WARNING: Retrieved a total of 0 tweets across 1 pages
[2025-05-21 18:27:36] WARNING: No new tweets found with trust commands. Exiting without error.
[2025-05-21 18:27:36] WARNING: Collection complete!
[2025-05-21 18:27:36] WARNING: - 0 trust assignments processed
[2025-05-21 18:27:36] WARNING: - 2 users in trust network
[2025-05-21 18:27:36] WARNING: - 31 total trust relationships
[2025-05-21 18:37:33] WARNING: === Starting Twitter Trust System Collection ===
[2025-05-21 18:37:33] WARNING: Will collect tweets until reaching previous timestamp: 2025-05-12 06:54:05+00:00
[2025-05-21 18:37:33] WARNING: Retrieving page 1...
[2025-05-21 18:37:34] WARNING: Newest tweet is from: 2025-05-12 06:54:05+00:00
[2025-05-21 18:37:34] WARNING: Reached stop point at tweet from 2025-05-12 06:54:05+00:00
[2025-05-21 18:37:34] WARNING: Retrieved 0 new tweets on page 1
[2025-05-21 18:37:34] WARNING: Stopping pagination as we've reached the stop point
[2025-05-21 18:37:34] WARNING: Retrieved a total of 0 tweets across 1 pages
[2025-05-21 18:37:34] WARNING: No new tweets found with trust commands. Exiting without error.
[2025-05-21 18:37:34] WARNING: Collection complete!
[2025-05-21 18:37:34] WARNING: - 0 trust assignments processed
[2025-05-21 18:37:34] WARNING: - 2 users in trust network
[2025-05-21 18:37:34] WARNING: - 31 total trust relationships
[2025-05-21 18:47:34] WARNING: === Starting Twitter Trust System Collection ===
[2025-05-21 18:47:34] WARNING: Will collect tweets until reaching previous timestamp: 2025-05-12 06:54:05+00:00
[2025-05-21 18:47:34] WARNING: Retrieving page 1...
[2025-05-21 18:47:36] WARNING: Newest tweet is from: 2025-05-12 06:54:05+00:00
[2025-05-21 18:47:36] WARNING: Reached stop point at tweet from 2025-05-12 06:54:05+00:00
[2025-05-21 18:47:36] WARNING: Retrieved 0 new tweets on page 1
[2025-05-21 18:47:36] WARNING: Stopping pagination as we've reached the stop point
[2025-05-21 18:47:36] WARNING: Retrieved a total of 0 tweets across 1 pages
[2025-05-21 18:47:36] WARNING: No new tweets found with trust commands. Exiting without error.
[2025-05-21 18:47:36] WARNING: Collection complete!
[2025-05-21 18:47:36] WARNING: - 0 trust assignments processed
[2025-05-21 18:47:36] WARNING: - 2 users in trust network
[2025-05-21 18:47:36] WARNING: - 31 total trust relationships
[2025-05-21 18:57:34] WARNING: === Starting Twitter Trust System Collection ===
[2025-05-21 18:57:34] WARNING: Will collect tweets until reaching previous timestamp: 2025-05-12 06:54:05+00:00
[2025-05-21 18:57:34] WARNING: Retrieving page 1...
[2025-05-21 18:57:37] WARNING: Newest tweet is from: 2025-05-12 06:54:05+00:00
[2025-05-21 18:57:37] WARNING: Reached stop point at tweet from 2025-05-12 06:54:05+00:00
[2025-05-21 18:57:37] WARNING: Retrieved 0 new tweets on page 1
[2025-05-21 18:57:37] WARNING: Stopping pagination as we've reached the stop point
[2025-05-21 18:57:37] WARNING: Retrieved a total of 0 tweets across 1 pages
[2025-05-21 18:57:37] WARNING: No new tweets found with trust commands. Exiting without error.
[2025-05-21 18:57:37] WARNING: Collection complete!
[2025-05-21 18:57:37] WARNING: - 0 trust assignments processed
[2025-05-21 18:57:37] WARNING: - 2 users in trust network
[2025-05-21 18:57:37] WARNING: - 31 total trust relationships
[2025-05-21 19:07:34] WARNING: === Starting Twitter Trust System Collection ===
[2025-05-21 19:07:34] WARNING: Will collect tweets until reaching previous timestamp: 2025-05-12 06:54:05+00:00
[2025-05-21 19:07:34] WARNING: Retrieving page 1...
[2025-05-21 19:07:37] WARNING: Newest tweet is from: 2025-05-12 06:54:05+00:00
[2025-05-21 19:07:37] WARNING: Reached stop point at tweet from 2025-05-12 06:54:05+00:00
[2025-05-21 19:07:37] WARNING: Retrieved 0 new tweets on page 1
[2025-05-21 19:07:37] WARNING: Stopping pagination as we've reached the stop point
[2025-05-21 19:07:37] WARNING: Retrieved a total of 0 tweets across 1 pages
[2025-05-21 19:07:37] WARNING: No new tweets found with trust commands. Exiting without error.
[2025-05-21 19:07:37] WARNING: Collection complete!
[2025-05-21 19:07:37] WARNING: - 0 trust assignments processed
[2025-05-21 19:07:37] WARNING: - 2 users in trust network
[2025-05-21 19:07:37] WARNING: - 31 total trust relationships
[2025-05-21 19:17:34] WARNING: === Starting Twitter Trust System Collection ===
[2025-05-21 19:17:34] WARNING: Will collect tweets until reaching previous timestamp: 2025-05-12 06:54:05+00:00
[2025-05-21 19:17:34] WARNING: Retrieving page 1...
[2025-05-21 19:17:36] WARNING: Newest tweet is from: 2025-05-12 06:54:05+00:00
[2025-05-21 19:17:36] WARNING: Reached stop point at tweet from 2025-05-12 06:54:05+00:00
[2025-05-21 19:17:36] WARNING: Retrieved 0 new tweets on page 1
[2025-05-21 19:17:36] WARNING: Stopping pagination as we've reached the stop point
[2025-05-21 19:17:36] WARNING: Retrieved a total of 0 tweets across 1 pages
[2025-05-21 19:17:36] WARNING: No new tweets found with trust commands. Exiting without error.
[2025-05-21 19:17:36] WARNING: Collection complete!
[2025-05-21 19:17:36] WARNING: - 0 trust assignments processed
[2025-05-21 19:17:36] WARNING: - 2 users in trust network
[2025-05-21 19:17:36] WARNING: - 31 total trust relationships
[2025-05-21 19:27:35] WARNING: === Starting Twitter Trust System Collection ===
[2025-05-21 19:27:35] WARNING: Will collect tweets until reaching previous timestamp: 2025-05-12 06:54:05+00:00
[2025-05-21 19:27:35] WARNING: Retrieving page 1...
[2025-05-21 19:27:37] WARNING: Newest tweet is from: 2025-05-12 06:54:05+00:00
[2025-05-21 19:27:37] WARNING: Reached stop point at tweet from 2025-05-12 06:54:05+00:00
[2025-05-21 19:27:37] WARNING: Retrieved 0 new tweets on page 1
[2025-05-21 19:27:37] WARNING: Stopping pagination as we've reached the stop point
[2025-05-21 19:27:37] WARNING: Retrieved a total of 0 tweets across 1 pages
[2025-05-21 19:27:37] WARNING: No new tweets found with trust commands. Exiting without error.
[2025-05-21 19:27:37] WARNING: Collection complete!
[2025-05-21 19:27:37] WARNING: - 0 trust assignments processed
[2025-05-21 19:27:37] WARNING: - 2 users in trust network
[2025-05-21 19:27:37] WARNING: - 31 total trust relationships
