[2025-06-02 09:57:33] WARNING: === Starting Twitter Trust System Collection ===
[2025-06-02 09:57:33] WARNING: Will collect tweets until reaching previous timestamp: 2025-05-12 06:54:05+00:00
[2025-06-02 09:57:33] WARNING: Retrieving page 1...
[2025-06-02 09:57:35] WARNING: Newest tweet is from: 2025-05-12 06:54:05+00:00
[2025-06-02 09:57:35] WARNING: Reached stop point at tweet from 2025-05-12 06:54:05+00:00
[2025-06-02 09:57:35] WARNING: Retrieved 0 new tweets on page 1
[2025-06-02 09:57:35] WARNING: Stopping pagination as we've reached the stop point
[2025-06-02 09:57:35] WARNING: Retrieved a total of 0 tweets across 1 pages
[2025-06-02 09:57:35] WARNING: No new tweets found with trust commands. Exiting without error.
[2025-06-02 09:57:35] WARNING: Collection complete!
[2025-06-02 09:57:35] WARNING: - 0 trust assignments processed
[2025-06-02 09:57:35] WARNING: - 2 users in trust network
[2025-06-02 09:57:35] WARNING: - 31 total trust relationships
[2025-06-02 10:07:34] WARNING: === Starting Twitter Trust System Collection ===
[2025-06-02 10:07:34] WARNING: Will collect tweets until reaching previous timestamp: 2025-05-12 06:54:05+00:00
[2025-06-02 10:07:34] WARNING: Retrieving page 1...
[2025-06-02 10:07:36] WARNING: Newest tweet is from: 2025-05-12 06:54:05+00:00
[2025-06-02 10:07:36] WARNING: Reached stop point at tweet from 2025-05-12 06:54:05+00:00
[2025-06-02 10:07:36] WARNING: Retrieved 0 new tweets on page 1
[2025-06-02 10:07:36] WARNING: Stopping pagination as we've reached the stop point
[2025-06-02 10:07:36] WARNING: Retrieved a total of 0 tweets across 1 pages
[2025-06-02 10:07:36] WARNING: No new tweets found with trust commands. Exiting without error.
[2025-06-02 10:07:36] WARNING: Collection complete!
[2025-06-02 10:07:36] WARNING: - 0 trust assignments processed
[2025-06-02 10:07:36] WARNING: - 2 users in trust network
[2025-06-02 10:07:36] WARNING: - 31 total trust relationships
[2025-06-02 10:17:34] WARNING: === Starting Twitter Trust System Collection ===
[2025-06-02 10:17:34] WARNING: Will collect tweets until reaching previous timestamp: 2025-05-12 06:54:05+00:00
[2025-06-02 10:17:34] WARNING: Retrieving page 1...
[2025-06-02 10:17:36] WARNING: Newest tweet is from: 2025-05-12 06:54:05+00:00
[2025-06-02 10:17:36] WARNING: Reached stop point at tweet from 2025-05-12 06:54:05+00:00
[2025-06-02 10:17:36] WARNING: Retrieved 0 new tweets on page 1
[2025-06-02 10:17:36] WARNING: Stopping pagination as we've reached the stop point
[2025-06-02 10:17:36] WARNING: Retrieved a total of 0 tweets across 1 pages
[2025-06-02 10:17:36] WARNING: No new tweets found with trust commands. Exiting without error.
[2025-06-02 10:17:36] WARNING: Collection complete!
[2025-06-02 10:17:36] WARNING: - 0 trust assignments processed
[2025-06-02 10:17:36] WARNING: - 2 users in trust network
[2025-06-02 10:17:36] WARNING: - 31 total trust relationships
[2025-06-02 10:27:34] WARNING: === Starting Twitter Trust System Collection ===
[2025-06-02 10:27:34] WARNING: Will collect tweets until reaching previous timestamp: 2025-05-12 06:54:05+00:00
[2025-06-02 10:27:34] WARNING: Retrieving page 1...
[2025-06-02 10:27:40] WARNING: Newest tweet is from: 2025-05-12 06:54:05+00:00
[2025-06-02 10:27:40] WARNING: Reached stop point at tweet from 2025-05-12 06:54:05+00:00
[2025-06-02 10:27:40] WARNING: Retrieved 0 new tweets on page 1
[2025-06-02 10:27:40] WARNING: Stopping pagination as we've reached the stop point
[2025-06-02 10:27:40] WARNING: Retrieved a total of 0 tweets across 1 pages
[2025-06-02 10:27:40] WARNING: No new tweets found with trust commands. Exiting without error.
[2025-06-02 10:27:40] WARNING: Collection complete!
[2025-06-02 10:27:40] WARNING: - 0 trust assignments processed
[2025-06-02 10:27:40] WARNING: - 2 users in trust network
[2025-06-02 10:27:40] WARNING: - 31 total trust relationships
[2025-06-02 10:37:33] WARNING: === Starting Twitter Trust System Collection ===
[2025-06-02 10:37:33] WARNING: Will collect tweets until reaching previous timestamp: 2025-05-12 06:54:05+00:00
[2025-06-02 10:37:33] WARNING: Retrieving page 1...
[2025-06-02 10:37:35] WARNING: Newest tweet is from: 2025-05-12 06:54:05+00:00
[2025-06-02 10:37:35] WARNING: Reached stop point at tweet from 2025-05-12 06:54:05+00:00
[2025-06-02 10:37:35] WARNING: Retrieved 0 new tweets on page 1
[2025-06-02 10:37:35] WARNING: Stopping pagination as we've reached the stop point
[2025-06-02 10:37:35] WARNING: Retrieved a total of 0 tweets across 1 pages
[2025-06-02 10:37:35] WARNING: No new tweets found with trust commands. Exiting without error.
[2025-06-02 10:37:35] WARNING: Collection complete!
[2025-06-02 10:37:35] WARNING: - 0 trust assignments processed
[2025-06-02 10:37:35] WARNING: - 2 users in trust network
[2025-06-02 10:37:35] WARNING: - 31 total trust relationships
[2025-06-02 10:47:34] WARNING: === Starting Twitter Trust System Collection ===
[2025-06-02 10:47:34] WARNING: Will collect tweets until reaching previous timestamp: 2025-05-12 06:54:05+00:00
[2025-06-02 10:47:34] WARNING: Retrieving page 1...
[2025-06-02 10:47:37] WARNING: Newest tweet is from: 2025-05-12 06:54:05+00:00
[2025-06-02 10:47:37] WARNING: Reached stop point at tweet from 2025-05-12 06:54:05+00:00
[2025-06-02 10:47:37] WARNING: Retrieved 0 new tweets on page 1
[2025-06-02 10:47:37] WARNING: Stopping pagination as we've reached the stop point
[2025-06-02 10:47:37] WARNING: Retrieved a total of 0 tweets across 1 pages
[2025-06-02 10:47:37] WARNING: No new tweets found with trust commands. Exiting without error.
[2025-06-02 10:47:37] WARNING: Collection complete!
[2025-06-02 10:47:37] WARNING: - 0 trust assignments processed
[2025-06-02 10:47:37] WARNING: - 2 users in trust network
[2025-06-02 10:47:37] WARNING: - 31 total trust relationships
[2025-06-02 10:57:33] WARNING: === Starting Twitter Trust System Collection ===
[2025-06-02 10:57:33] WARNING: Will collect tweets until reaching previous timestamp: 2025-05-12 06:54:05+00:00
[2025-06-02 10:57:33] WARNING: Retrieving page 1...
[2025-06-02 10:57:36] WARNING: Newest tweet is from: 2025-05-12 06:54:05+00:00
[2025-06-02 10:57:36] WARNING: Reached stop point at tweet from 2025-05-12 06:54:05+00:00
[2025-06-02 10:57:36] WARNING: Retrieved 0 new tweets on page 1
[2025-06-02 10:57:36] WARNING: Stopping pagination as we've reached the stop point
[2025-06-02 10:57:36] WARNING: Retrieved a total of 0 tweets across 1 pages
[2025-06-02 10:57:36] WARNING: No new tweets found with trust commands. Exiting without error.
[2025-06-02 10:57:36] WARNING: Collection complete!
[2025-06-02 10:57:36] WARNING: - 0 trust assignments processed
[2025-06-02 10:57:36] WARNING: - 2 users in trust network
[2025-06-02 10:57:36] WARNING: - 31 total trust relationships
[2025-06-02 11:07:34] WARNING: === Starting Twitter Trust System Collection ===
[2025-06-02 11:07:34] WARNING: Will collect tweets until reaching previous timestamp: 2025-05-12 06:54:05+00:00
[2025-06-02 11:07:34] WARNING: Retrieving page 1...
[2025-06-02 11:07:37] WARNING: Newest tweet is from: 2025-05-12 06:54:05+00:00
[2025-06-02 11:07:37] WARNING: Reached stop point at tweet from 2025-05-12 06:54:05+00:00
[2025-06-02 11:07:37] WARNING: Retrieved 0 new tweets on page 1
[2025-06-02 11:07:37] WARNING: Stopping pagination as we've reached the stop point
[2025-06-02 11:07:37] WARNING: Retrieved a total of 0 tweets across 1 pages
[2025-06-02 11:07:37] WARNING: No new tweets found with trust commands. Exiting without error.
[2025-06-02 11:07:37] WARNING: Collection complete!
[2025-06-02 11:07:37] WARNING: - 0 trust assignments processed
[2025-06-02 11:07:37] WARNING: - 2 users in trust network
[2025-06-02 11:07:37] WARNING: - 31 total trust relationships
[2025-06-02 11:17:34] WARNING: === Starting Twitter Trust System Collection ===
[2025-06-02 11:17:34] WARNING: Will collect tweets until reaching previous timestamp: 2025-05-12 06:54:05+00:00
[2025-06-02 11:17:34] WARNING: Retrieving page 1...
[2025-06-02 11:17:40] WARNING: Newest tweet is from: 2025-05-12 06:54:05+00:00
[2025-06-02 11:17:40] WARNING: Reached stop point at tweet from 2025-05-12 06:54:05+00:00
[2025-06-02 11:17:40] WARNING: Retrieved 0 new tweets on page 1
[2025-06-02 11:17:40] WARNING: Stopping pagination as we've reached the stop point
[2025-06-02 11:17:40] WARNING: Retrieved a total of 0 tweets across 1 pages
[2025-06-02 11:17:40] WARNING: No new tweets found with trust commands. Exiting without error.
[2025-06-02 11:17:40] WARNING: Collection complete!
[2025-06-02 11:17:40] WARNING: - 0 trust assignments processed
[2025-06-02 11:17:40] WARNING: - 2 users in trust network
[2025-06-02 11:17:40] WARNING: - 31 total trust relationships
[2025-06-02 11:27:33] WARNING: === Starting Twitter Trust System Collection ===
[2025-06-02 11:27:33] WARNING: Will collect tweets until reaching previous timestamp: 2025-05-12 06:54:05+00:00
[2025-06-02 11:27:33] WARNING: Retrieving page 1...
[2025-06-02 11:27:36] WARNING: Newest tweet is from: 2025-05-12 06:54:05+00:00
[2025-06-02 11:27:36] WARNING: Reached stop point at tweet from 2025-05-12 06:54:05+00:00
[2025-06-02 11:27:36] WARNING: Retrieved 0 new tweets on page 1
[2025-06-02 11:27:36] WARNING: Stopping pagination as we've reached the stop point
[2025-06-02 11:27:36] WARNING: Retrieved a total of 0 tweets across 1 pages
[2025-06-02 11:27:36] WARNING: No new tweets found with trust commands. Exiting without error.
[2025-06-02 11:27:36] WARNING: Collection complete!
[2025-06-02 11:27:36] WARNING: - 0 trust assignments processed
[2025-06-02 11:27:36] WARNING: - 2 users in trust network
[2025-06-02 11:27:36] WARNING: - 31 total trust relationships
[2025-06-02 11:37:34] WARNING: === Starting Twitter Trust System Collection ===
[2025-06-02 11:37:34] WARNING: Will collect tweets until reaching previous timestamp: 2025-05-12 06:54:05+00:00
[2025-06-02 11:37:34] WARNING: Retrieving page 1...
[2025-06-02 11:37:35] WARNING: Newest tweet is from: 2025-05-12 06:54:05+00:00
[2025-06-02 11:37:35] WARNING: Reached stop point at tweet from 2025-05-12 06:54:05+00:00
[2025-06-02 11:37:35] WARNING: Retrieved 0 new tweets on page 1
[2025-06-02 11:37:35] WARNING: Stopping pagination as we've reached the stop point
[2025-06-02 11:37:35] WARNING: Retrieved a total of 0 tweets across 1 pages
[2025-06-02 11:37:35] WARNING: No new tweets found with trust commands. Exiting without error.
[2025-06-02 11:37:35] WARNING: Collection complete!
[2025-06-02 11:37:35] WARNING: - 0 trust assignments processed
[2025-06-02 11:37:35] WARNING: - 2 users in trust network
[2025-06-02 11:37:35] WARNING: - 31 total trust relationships
[2025-06-02 11:47:33] WARNING: === Starting Twitter Trust System Collection ===
[2025-06-02 11:47:33] WARNING: Will collect tweets until reaching previous timestamp: 2025-05-12 06:54:05+00:00
[2025-06-02 11:47:33] WARNING: Retrieving page 1...
[2025-06-02 11:47:35] WARNING: Newest tweet is from: 2025-05-12 06:54:05+00:00
[2025-06-02 11:47:35] WARNING: Reached stop point at tweet from 2025-05-12 06:54:05+00:00
[2025-06-02 11:47:35] WARNING: Retrieved 0 new tweets on page 1
[2025-06-02 11:47:35] WARNING: Stopping pagination as we've reached the stop point
[2025-06-02 11:47:35] WARNING: Retrieved a total of 0 tweets across 1 pages
[2025-06-02 11:47:35] WARNING: No new tweets found with trust commands. Exiting without error.
[2025-06-02 11:47:35] WARNING: Collection complete!
[2025-06-02 11:47:35] WARNING: - 0 trust assignments processed
[2025-06-02 11:47:35] WARNING: - 2 users in trust network
[2025-06-02 11:47:35] WARNING: - 31 total trust relationships
[2025-06-02 11:57:33] WARNING: === Starting Twitter Trust System Collection ===
[2025-06-02 11:57:33] WARNING: Will collect tweets until reaching previous timestamp: 2025-05-12 06:54:05+00:00
[2025-06-02 11:57:33] WARNING: Retrieving page 1...
[2025-06-02 11:57:35] WARNING: Newest tweet is from: 2025-05-12 06:54:05+00:00
[2025-06-02 11:57:35] WARNING: Reached stop point at tweet from 2025-05-12 06:54:05+00:00
[2025-06-02 11:57:35] WARNING: Retrieved 0 new tweets on page 1
[2025-06-02 11:57:35] WARNING: Stopping pagination as we've reached the stop point
[2025-06-02 11:57:35] WARNING: Retrieved a total of 0 tweets across 1 pages
[2025-06-02 11:57:35] WARNING: No new tweets found with trust commands. Exiting without error.
[2025-06-02 11:57:35] WARNING: Collection complete!
[2025-06-02 11:57:35] WARNING: - 0 trust assignments processed
[2025-06-02 11:57:35] WARNING: - 2 users in trust network
[2025-06-02 11:57:35] WARNING: - 31 total trust relationships
[2025-06-02 12:07:33] WARNING: === Starting Twitter Trust System Collection ===
[2025-06-02 12:07:33] WARNING: Will collect tweets until reaching previous timestamp: 2025-05-12 06:54:05+00:00
[2025-06-02 12:07:33] WARNING: Retrieving page 1...
[2025-06-02 12:07:35] WARNING: Newest tweet is from: 2025-05-12 06:54:05+00:00
[2025-06-02 12:07:35] WARNING: Reached stop point at tweet from 2025-05-12 06:54:05+00:00
[2025-06-02 12:07:35] WARNING: Retrieved 0 new tweets on page 1
[2025-06-02 12:07:35] WARNING: Stopping pagination as we've reached the stop point
[2025-06-02 12:07:35] WARNING: Retrieved a total of 0 tweets across 1 pages
[2025-06-02 12:07:35] WARNING: No new tweets found with trust commands. Exiting without error.
[2025-06-02 12:07:35] WARNING: Collection complete!
[2025-06-02 12:07:35] WARNING: - 0 trust assignments processed
[2025-06-02 12:07:35] WARNING: - 2 users in trust network
[2025-06-02 12:07:35] WARNING: - 31 total trust relationships
[2025-06-02 12:50:29] WARNING: === Starting Twitter Trust System Collection ===
[2025-06-02 12:50:29] WARNING: Will collect tweets until reaching previous timestamp: 2025-05-12 06:54:05+00:00
[2025-06-02 12:50:29] WARNING: Retrieving page 1...
[2025-06-02 12:50:33] WARNING: Newest tweet is from: 2025-05-12 06:54:05+00:00
[2025-06-02 12:50:33] WARNING: Reached stop point at tweet from 2025-05-12 06:54:05+00:00
[2025-06-02 12:50:33] WARNING: Retrieved 0 new tweets on page 1
[2025-06-02 12:50:33] WARNING: Stopping pagination as we've reached the stop point
[2025-06-02 12:50:33] WARNING: Retrieved a total of 0 tweets across 1 pages
[2025-06-02 12:50:33] WARNING: No new tweets found with trust commands. Exiting without error.
[2025-06-02 12:50:33] WARNING: Collection complete!
[2025-06-02 12:50:33] WARNING: - 0 trust assignments processed
[2025-06-02 12:50:33] WARNING: - 2 users in trust network
[2025-06-02 12:50:33] WARNING: - 31 total trust relationships
[2025-06-02 12:57:33] WARNING: === Starting Twitter Trust System Collection ===
[2025-06-02 12:57:33] WARNING: Will collect tweets until reaching previous timestamp: 2025-05-12 06:54:05+00:00
[2025-06-02 12:57:33] WARNING: Retrieving page 1...
[2025-06-02 12:57:36] WARNING: Newest tweet is from: 2025-05-12 06:54:05+00:00
[2025-06-02 12:57:36] WARNING: Reached stop point at tweet from 2025-05-12 06:54:05+00:00
[2025-06-02 12:57:36] WARNING: Retrieved 0 new tweets on page 1
[2025-06-02 12:57:36] WARNING: Stopping pagination as we've reached the stop point
[2025-06-02 12:57:36] WARNING: Retrieved a total of 0 tweets across 1 pages
[2025-06-02 12:57:36] WARNING: No new tweets found with trust commands. Exiting without error.
[2025-06-02 12:57:36] WARNING: Collection complete!
[2025-06-02 12:57:36] WARNING: - 0 trust assignments processed
[2025-06-02 12:57:36] WARNING: - 2 users in trust network
[2025-06-02 12:57:36] WARNING: - 31 total trust relationships
[2025-06-02 13:07:33] WARNING: === Starting Twitter Trust System Collection ===
[2025-06-02 13:07:33] WARNING: Will collect tweets until reaching previous timestamp: 2025-05-12 06:54:05+00:00
[2025-06-02 13:07:33] WARNING: Retrieving page 1...
[2025-06-02 13:07:36] WARNING: Newest tweet is from: 2025-05-12 06:54:05+00:00
[2025-06-02 13:07:36] WARNING: Reached stop point at tweet from 2025-05-12 06:54:05+00:00
[2025-06-02 13:07:36] WARNING: Retrieved 0 new tweets on page 1
[2025-06-02 13:07:36] WARNING: Stopping pagination as we've reached the stop point
[2025-06-02 13:07:36] WARNING: Retrieved a total of 0 tweets across 1 pages
[2025-06-02 13:07:36] WARNING: No new tweets found with trust commands. Exiting without error.
[2025-06-02 13:07:36] WARNING: Collection complete!
[2025-06-02 13:07:36] WARNING: - 0 trust assignments processed
[2025-06-02 13:07:36] WARNING: - 2 users in trust network
[2025-06-02 13:07:36] WARNING: - 31 total trust relationships
[2025-06-02 13:17:33] WARNING: === Starting Twitter Trust System Collection ===
[2025-06-02 13:17:33] WARNING: Will collect tweets until reaching previous timestamp: 2025-05-12 06:54:05+00:00
[2025-06-02 13:17:33] WARNING: Retrieving page 1...
[2025-06-02 13:17:35] WARNING: Newest tweet is from: 2025-05-12 06:54:05+00:00
[2025-06-02 13:17:35] WARNING: Reached stop point at tweet from 2025-05-12 06:54:05+00:00
[2025-06-02 13:17:35] WARNING: Retrieved 0 new tweets on page 1
[2025-06-02 13:17:35] WARNING: Stopping pagination as we've reached the stop point
[2025-06-02 13:17:35] WARNING: Retrieved a total of 0 tweets across 1 pages
[2025-06-02 13:17:35] WARNING: No new tweets found with trust commands. Exiting without error.
[2025-06-02 13:17:35] WARNING: Collection complete!
[2025-06-02 13:17:35] WARNING: - 0 trust assignments processed
[2025-06-02 13:17:35] WARNING: - 2 users in trust network
[2025-06-02 13:17:35] WARNING: - 31 total trust relationships
[2025-06-02 13:51:49] WARNING: === Starting Twitter Trust System Collection ===
[2025-06-02 13:51:49] WARNING: Will collect tweets until reaching previous timestamp: 2025-05-12 06:54:05+00:00
[2025-06-02 13:51:49] WARNING: Retrieving page 1...
[2025-06-02 13:51:52] WARNING: Newest tweet is from: 2025-05-12 06:54:05+00:00
[2025-06-02 13:51:52] WARNING: Reached stop point at tweet from 2025-05-12 06:54:05+00:00
[2025-06-02 13:51:52] WARNING: Retrieved 0 new tweets on page 1
[2025-06-02 13:51:52] WARNING: Stopping pagination as we've reached the stop point
[2025-06-02 13:51:52] WARNING: Retrieved a total of 0 tweets across 1 pages
[2025-06-02 13:51:52] WARNING: No new tweets found with trust commands. Exiting without error.
[2025-06-02 13:51:52] WARNING: Collection complete!
[2025-06-02 13:51:52] WARNING: - 0 trust assignments processed
[2025-06-02 13:51:52] WARNING: - 2 users in trust network
[2025-06-02 13:51:52] WARNING: - 31 total trust relationships
[2025-06-02 13:57:33] WARNING: === Starting Twitter Trust System Collection ===
[2025-06-02 13:57:33] WARNING: Will collect tweets until reaching previous timestamp: 2025-05-12 06:54:05+00:00
[2025-06-02 13:57:33] WARNING: Retrieving page 1...
[2025-06-02 13:57:34] WARNING: Newest tweet is from: 2025-05-12 06:54:05+00:00
[2025-06-02 13:57:34] WARNING: Reached stop point at tweet from 2025-05-12 06:54:05+00:00
[2025-06-02 13:57:34] WARNING: Retrieved 0 new tweets on page 1
[2025-06-02 13:57:34] WARNING: Stopping pagination as we've reached the stop point
[2025-06-02 13:57:34] WARNING: Retrieved a total of 0 tweets across 1 pages
[2025-06-02 13:57:35] WARNING: No new tweets found with trust commands. Exiting without error.
[2025-06-02 13:57:35] WARNING: Collection complete!
[2025-06-02 13:57:35] WARNING: - 0 trust assignments processed
[2025-06-02 13:57:35] WARNING: - 2 users in trust network
[2025-06-02 13:57:35] WARNING: - 31 total trust relationships
[2025-06-02 14:07:34] WARNING: === Starting Twitter Trust System Collection ===
[2025-06-02 14:07:34] WARNING: Will collect tweets until reaching previous timestamp: 2025-05-12 06:54:05+00:00
[2025-06-02 14:07:34] WARNING: Retrieving page 1...
[2025-06-02 14:07:36] WARNING: Newest tweet is from: 2025-05-12 06:54:05+00:00
[2025-06-02 14:07:36] WARNING: Reached stop point at tweet from 2025-05-12 06:54:05+00:00
[2025-06-02 14:07:36] WARNING: Retrieved 0 new tweets on page 1
[2025-06-02 14:07:36] WARNING: Stopping pagination as we've reached the stop point
[2025-06-02 14:07:36] WARNING: Retrieved a total of 0 tweets across 1 pages
[2025-06-02 14:07:36] WARNING: No new tweets found with trust commands. Exiting without error.
[2025-06-02 14:07:36] WARNING: Collection complete!
[2025-06-02 14:07:36] WARNING: - 0 trust assignments processed
[2025-06-02 14:07:36] WARNING: - 2 users in trust network
[2025-06-02 14:07:36] WARNING: - 31 total trust relationships
[2025-06-02 14:17:34] WARNING: === Starting Twitter Trust System Collection ===
[2025-06-02 14:17:34] WARNING: Will collect tweets until reaching previous timestamp: 2025-05-12 06:54:05+00:00
[2025-06-02 14:17:34] WARNING: Retrieving page 1...
[2025-06-02 14:17:35] WARNING: Newest tweet is from: 2025-05-12 06:54:05+00:00
[2025-06-02 14:17:35] WARNING: Reached stop point at tweet from 2025-05-12 06:54:05+00:00
[2025-06-02 14:17:35] WARNING: Retrieved 0 new tweets on page 1
[2025-06-02 14:17:35] WARNING: Stopping pagination as we've reached the stop point
[2025-06-02 14:17:35] WARNING: Retrieved a total of 0 tweets across 1 pages
[2025-06-02 14:17:35] WARNING: No new tweets found with trust commands. Exiting without error.
[2025-06-02 14:17:35] WARNING: Collection complete!
[2025-06-02 14:17:35] WARNING: - 0 trust assignments processed
[2025-06-02 14:17:35] WARNING: - 2 users in trust network
[2025-06-02 14:17:35] WARNING: - 31 total trust relationships
[2025-06-02 14:27:33] WARNING: === Starting Twitter Trust System Collection ===
[2025-06-02 14:27:33] WARNING: Will collect tweets until reaching previous timestamp: 2025-05-12 06:54:05+00:00
[2025-06-02 14:27:33] WARNING: Retrieving page 1...
[2025-06-02 14:27:35] WARNING: Newest tweet is from: 2025-05-12 06:54:05+00:00
[2025-06-02 14:27:35] WARNING: Reached stop point at tweet from 2025-05-12 06:54:05+00:00
[2025-06-02 14:27:35] WARNING: Retrieved 0 new tweets on page 1
[2025-06-02 14:27:35] WARNING: Stopping pagination as we've reached the stop point
[2025-06-02 14:27:35] WARNING: Retrieved a total of 0 tweets across 1 pages
[2025-06-02 14:27:35] WARNING: No new tweets found with trust commands. Exiting without error.
[2025-06-02 14:27:35] WARNING: Collection complete!
[2025-06-02 14:27:35] WARNING: - 0 trust assignments processed
[2025-06-02 14:27:35] WARNING: - 2 users in trust network
[2025-06-02 14:27:35] WARNING: - 31 total trust relationships
[2025-06-02 14:37:34] WARNING: === Starting Twitter Trust System Collection ===
[2025-06-02 14:37:34] WARNING: Will collect tweets until reaching previous timestamp: 2025-05-12 06:54:05+00:00
[2025-06-02 14:37:34] WARNING: Retrieving page 1...
[2025-06-02 14:37:38] WARNING: Newest tweet is from: 2025-05-12 06:54:05+00:00
[2025-06-02 14:37:38] WARNING: Reached stop point at tweet from 2025-05-12 06:54:05+00:00
[2025-06-02 14:37:38] WARNING: Retrieved 0 new tweets on page 1
[2025-06-02 14:37:38] WARNING: Stopping pagination as we've reached the stop point
[2025-06-02 14:37:38] WARNING: Retrieved a total of 0 tweets across 1 pages
[2025-06-02 14:37:38] WARNING: No new tweets found with trust commands. Exiting without error.
[2025-06-02 14:37:38] WARNING: Collection complete!
[2025-06-02 14:37:38] WARNING: - 0 trust assignments processed
[2025-06-02 14:37:38] WARNING: - 2 users in trust network
[2025-06-02 14:37:38] WARNING: - 31 total trust relationships
[2025-06-02 14:47:33] WARNING: === Starting Twitter Trust System Collection ===
[2025-06-02 14:47:33] WARNING: Will collect tweets until reaching previous timestamp: 2025-05-12 06:54:05+00:00
[2025-06-02 14:47:33] WARNING: Retrieving page 1...
[2025-06-02 14:47:35] WARNING: Newest tweet is from: 2025-05-12 06:54:05+00:00
[2025-06-02 14:47:35] WARNING: Reached stop point at tweet from 2025-05-12 06:54:05+00:00
[2025-06-02 14:47:35] WARNING: Retrieved 0 new tweets on page 1
[2025-06-02 14:47:35] WARNING: Stopping pagination as we've reached the stop point
[2025-06-02 14:47:35] WARNING: Retrieved a total of 0 tweets across 1 pages
[2025-06-02 14:47:35] WARNING: No new tweets found with trust commands. Exiting without error.
[2025-06-02 14:47:35] WARNING: Collection complete!
[2025-06-02 14:47:35] WARNING: - 0 trust assignments processed
[2025-06-02 14:47:35] WARNING: - 2 users in trust network
[2025-06-02 14:47:35] WARNING: - 31 total trust relationships
