[2025-06-10 15:07:35] WARNING: - 2 users in trust network
[2025-06-10 15:07:35] WARNING: - 31 total trust relationships
[2025-06-10 15:17:33] WARNING: === Starting Twitter Trust System Collection ===
[2025-06-10 15:17:33] WARNING: Will collect tweets until reaching previous timestamp: 2025-05-12 06:54:05+00:00
[2025-06-10 15:17:33] WARNING: Retrieving page 1...
[2025-06-10 15:17:34] WARNING: Newest tweet is from: 2025-05-12 06:54:05+00:00
[2025-06-10 15:17:34] WARNING: Reached stop point at tweet from 2025-05-12 06:54:05+00:00
[2025-06-10 15:17:34] WARNING: Retrieved 0 new tweets on page 1
[2025-06-10 15:17:34] WARNING: Stopping pagination as we've reached the stop point
[2025-06-10 15:17:34] WARNING: Retrieved a total of 0 tweets across 1 pages
[2025-06-10 15:17:34] WARNING: No new tweets found with trust commands. Exiting without error.
[2025-06-10 15:17:34] WARNING: Collection complete!
[2025-06-10 15:17:34] WARNING: - 0 trust assignments processed
[2025-06-10 15:17:34] WARNING: - 2 users in trust network
[2025-06-10 15:17:34] WARNING: - 31 total trust relationships
[2025-06-10 15:27:33] WARNING: === Starting Twitter Trust System Collection ===
[2025-06-10 15:27:33] WARNING: Will collect tweets until reaching previous timestamp: 2025-05-12 06:54:05+00:00
[2025-06-10 15:27:33] WARNING: Retrieving page 1...
[2025-06-10 15:27:34] WARNING: Newest tweet is from: 2025-05-12 06:54:05+00:00
[2025-06-10 15:27:34] WARNING: Reached stop point at tweet from 2025-05-12 06:54:05+00:00
[2025-06-10 15:27:34] WARNING: Retrieved 0 new tweets on page 1
[2025-06-10 15:27:34] WARNING: Stopping pagination as we've reached the stop point
[2025-06-10 15:27:34] WARNING: Retrieved a total of 0 tweets across 1 pages
[2025-06-10 15:27:34] WARNING: No new tweets found with trust commands. Exiting without error.
[2025-06-10 15:27:34] WARNING: Collection complete!
[2025-06-10 15:27:34] WARNING: - 0 trust assignments processed
[2025-06-10 15:27:34] WARNING: - 2 users in trust network
[2025-06-10 15:27:34] WARNING: - 31 total trust relationships
[2025-06-10 15:37:33] WARNING: === Starting Twitter Trust System Collection ===
[2025-06-10 15:37:33] WARNING: Will collect tweets until reaching previous timestamp: 2025-05-12 06:54:05+00:00
[2025-06-10 15:37:33] WARNING: Retrieving page 1...
[2025-06-10 15:37:35] WARNING: Newest tweet is from: 2025-05-12 06:54:05+00:00
[2025-06-10 15:37:35] WARNING: Reached stop point at tweet from 2025-05-12 06:54:05+00:00
[2025-06-10 15:37:35] WARNING: Retrieved 0 new tweets on page 1
[2025-06-10 15:37:35] WARNING: Stopping pagination as we've reached the stop point
[2025-06-10 15:37:35] WARNING: Retrieved a total of 0 tweets across 1 pages
[2025-06-10 15:37:35] WARNING: No new tweets found with trust commands. Exiting without error.
[2025-06-10 15:37:35] WARNING: Collection complete!
[2025-06-10 15:37:35] WARNING: - 0 trust assignments processed
[2025-06-10 15:37:35] WARNING: - 2 users in trust network
[2025-06-10 15:37:35] WARNING: - 31 total trust relationships
[2025-06-10 15:47:33] WARNING: === Starting Twitter Trust System Collection ===
[2025-06-10 15:47:33] WARNING: Will collect tweets until reaching previous timestamp: 2025-05-12 06:54:05+00:00
[2025-06-10 15:47:33] WARNING: Retrieving page 1...
[2025-06-10 15:47:35] WARNING: Newest tweet is from: 2025-05-12 06:54:05+00:00
[2025-06-10 15:47:35] WARNING: Reached stop point at tweet from 2025-05-12 06:54:05+00:00
[2025-06-10 15:47:35] WARNING: Retrieved 0 new tweets on page 1
[2025-06-10 15:47:35] WARNING: Stopping pagination as we've reached the stop point
[2025-06-10 15:47:35] WARNING: Retrieved a total of 0 tweets across 1 pages
[2025-06-10 15:47:35] WARNING: No new tweets found with trust commands. Exiting without error.
[2025-06-10 15:47:35] WARNING: Collection complete!
[2025-06-10 15:47:35] WARNING: - 0 trust assignments processed
[2025-06-10 15:47:35] WARNING: - 2 users in trust network
[2025-06-10 15:47:35] WARNING: - 31 total trust relationships
[2025-06-10 15:57:33] WARNING: === Starting Twitter Trust System Collection ===
[2025-06-10 15:57:33] WARNING: Will collect tweets until reaching previous timestamp: 2025-05-12 06:54:05+00:00
[2025-06-10 15:57:33] WARNING: Retrieving page 1...
[2025-06-10 15:57:34] WARNING: Newest tweet is from: 2025-05-12 06:54:05+00:00
[2025-06-10 15:57:34] WARNING: Reached stop point at tweet from 2025-05-12 06:54:05+00:00
[2025-06-10 15:57:34] WARNING: Retrieved 0 new tweets on page 1
[2025-06-10 15:57:34] WARNING: Stopping pagination as we've reached the stop point
[2025-06-10 15:57:34] WARNING: Retrieved a total of 0 tweets across 1 pages
[2025-06-10 15:57:34] WARNING: No new tweets found with trust commands. Exiting without error.
[2025-06-10 15:57:34] WARNING: Collection complete!
[2025-06-10 15:57:34] WARNING: - 0 trust assignments processed
[2025-06-10 15:57:34] WARNING: - 2 users in trust network
[2025-06-10 15:57:34] WARNING: - 31 total trust relationships
[2025-06-10 16:07:33] WARNING: === Starting Twitter Trust System Collection ===
[2025-06-10 16:07:33] WARNING: Will collect tweets until reaching previous timestamp: 2025-05-12 06:54:05+00:00
[2025-06-10 16:07:33] WARNING: Retrieving page 1...
[2025-06-10 16:07:34] WARNING: Newest tweet is from: 2025-05-12 06:54:05+00:00
[2025-06-10 16:07:34] WARNING: Reached stop point at tweet from 2025-05-12 06:54:05+00:00
[2025-06-10 16:07:34] WARNING: Retrieved 0 new tweets on page 1
[2025-06-10 16:07:34] WARNING: Stopping pagination as we've reached the stop point
[2025-06-10 16:07:34] WARNING: Retrieved a total of 0 tweets across 1 pages
[2025-06-10 16:07:34] WARNING: No new tweets found with trust commands. Exiting without error.
[2025-06-10 16:07:34] WARNING: Collection complete!
[2025-06-10 16:07:34] WARNING: - 0 trust assignments processed
[2025-06-10 16:07:34] WARNING: - 2 users in trust network
[2025-06-10 16:07:34] WARNING: - 31 total trust relationships
[2025-06-10 16:17:33] WARNING: === Starting Twitter Trust System Collection ===
[2025-06-10 16:17:33] WARNING: Will collect tweets until reaching previous timestamp: 2025-05-12 06:54:05+00:00
[2025-06-10 16:17:33] WARNING: Retrieving page 1...
[2025-06-10 16:17:34] WARNING: Newest tweet is from: 2025-05-12 06:54:05+00:00
[2025-06-10 16:17:34] WARNING: Reached stop point at tweet from 2025-05-12 06:54:05+00:00
[2025-06-10 16:17:34] WARNING: Retrieved 0 new tweets on page 1
[2025-06-10 16:17:34] WARNING: Stopping pagination as we've reached the stop point
[2025-06-10 16:17:34] WARNING: Retrieved a total of 0 tweets across 1 pages
[2025-06-10 16:17:34] WARNING: No new tweets found with trust commands. Exiting without error.
[2025-06-10 16:17:34] WARNING: Collection complete!
[2025-06-10 16:17:34] WARNING: - 0 trust assignments processed
[2025-06-10 16:17:34] WARNING: - 2 users in trust network
[2025-06-10 16:17:34] WARNING: - 31 total trust relationships
[2025-06-10 16:27:33] WARNING: === Starting Twitter Trust System Collection ===
[2025-06-10 16:27:33] WARNING: Will collect tweets until reaching previous timestamp: 2025-05-12 06:54:05+00:00
[2025-06-10 16:27:33] WARNING: Retrieving page 1...
[2025-06-10 16:27:35] WARNING: Newest tweet is from: 2025-05-12 06:54:05+00:00
[2025-06-10 16:27:35] WARNING: Reached stop point at tweet from 2025-05-12 06:54:05+00:00
[2025-06-10 16:27:35] WARNING: Retrieved 0 new tweets on page 1
[2025-06-10 16:27:35] WARNING: Stopping pagination as we've reached the stop point
[2025-06-10 16:27:35] WARNING: Retrieved a total of 0 tweets across 1 pages
[2025-06-10 16:27:35] WARNING: No new tweets found with trust commands. Exiting without error.
[2025-06-10 16:27:35] WARNING: Collection complete!
[2025-06-10 16:27:35] WARNING: - 0 trust assignments processed
[2025-06-10 16:27:35] WARNING: - 2 users in trust network
[2025-06-10 16:27:35] WARNING: - 31 total trust relationships
[2025-06-10 16:37:33] WARNING: === Starting Twitter Trust System Collection ===
[2025-06-10 16:37:33] WARNING: Will collect tweets until reaching previous timestamp: 2025-05-12 06:54:05+00:00
[2025-06-10 16:37:33] WARNING: Retrieving page 1...
[2025-06-10 16:37:34] WARNING: Newest tweet is from: 2025-05-12 06:54:05+00:00
[2025-06-10 16:37:34] WARNING: Reached stop point at tweet from 2025-05-12 06:54:05+00:00
[2025-06-10 16:37:34] WARNING: Retrieved 0 new tweets on page 1
[2025-06-10 16:37:34] WARNING: Stopping pagination as we've reached the stop point
[2025-06-10 16:37:34] WARNING: Retrieved a total of 0 tweets across 1 pages
[2025-06-10 16:37:34] WARNING: No new tweets found with trust commands. Exiting without error.
[2025-06-10 16:37:34] WARNING: Collection complete!
[2025-06-10 16:37:34] WARNING: - 0 trust assignments processed
[2025-06-10 16:37:34] WARNING: - 2 users in trust network
[2025-06-10 16:37:34] WARNING: - 31 total trust relationships
[2025-06-10 16:47:33] WARNING: === Starting Twitter Trust System Collection ===
[2025-06-10 16:47:33] WARNING: Will collect tweets until reaching previous timestamp: 2025-05-12 06:54:05+00:00
[2025-06-10 16:47:33] WARNING: Retrieving page 1...
[2025-06-10 16:47:34] WARNING: Newest tweet is from: 2025-05-12 06:54:05+00:00
[2025-06-10 16:47:34] WARNING: Reached stop point at tweet from 2025-05-12 06:54:05+00:00
[2025-06-10 16:47:34] WARNING: Retrieved 0 new tweets on page 1
[2025-06-10 16:47:34] WARNING: Stopping pagination as we've reached the stop point
[2025-06-10 16:47:34] WARNING: Retrieved a total of 0 tweets across 1 pages
[2025-06-10 16:47:34] WARNING: No new tweets found with trust commands. Exiting without error.
[2025-06-10 16:47:34] WARNING: Collection complete!
[2025-06-10 16:47:34] WARNING: - 0 trust assignments processed
[2025-06-10 16:47:34] WARNING: - 2 users in trust network
[2025-06-10 16:47:34] WARNING: - 31 total trust relationships
[2025-06-10 16:57:33] WARNING: === Starting Twitter Trust System Collection ===
[2025-06-10 16:57:33] WARNING: Will collect tweets until reaching previous timestamp: 2025-05-12 06:54:05+00:00
[2025-06-10 16:57:33] WARNING: Retrieving page 1...
[2025-06-10 16:57:34] WARNING: Newest tweet is from: 2025-05-12 06:54:05+00:00
[2025-06-10 16:57:34] WARNING: Reached stop point at tweet from 2025-05-12 06:54:05+00:00
[2025-06-10 16:57:34] WARNING: Retrieved 0 new tweets on page 1
[2025-06-10 16:57:34] WARNING: Stopping pagination as we've reached the stop point
[2025-06-10 16:57:34] WARNING: Retrieved a total of 0 tweets across 1 pages
[2025-06-10 16:57:34] WARNING: No new tweets found with trust commands. Exiting without error.
[2025-06-10 16:57:34] WARNING: Collection complete!
[2025-06-10 16:57:34] WARNING: - 0 trust assignments processed
[2025-06-10 16:57:34] WARNING: - 2 users in trust network
[2025-06-10 16:57:34] WARNING: - 31 total trust relationships
[2025-06-10 17:07:33] WARNING: === Starting Twitter Trust System Collection ===
[2025-06-10 17:07:33] WARNING: Will collect tweets until reaching previous timestamp: 2025-05-12 06:54:05+00:00
[2025-06-10 17:07:33] WARNING: Retrieving page 1...
[2025-06-10 17:07:34] WARNING: Newest tweet is from: 2025-05-12 06:54:05+00:00
[2025-06-10 17:07:34] WARNING: Reached stop point at tweet from 2025-05-12 06:54:05+00:00
[2025-06-10 17:07:34] WARNING: Retrieved 0 new tweets on page 1
[2025-06-10 17:07:34] WARNING: Stopping pagination as we've reached the stop point
[2025-06-10 17:07:34] WARNING: Retrieved a total of 0 tweets across 1 pages
[2025-06-10 17:07:34] WARNING: No new tweets found with trust commands. Exiting without error.
[2025-06-10 17:07:34] WARNING: Collection complete!
[2025-06-10 17:07:34] WARNING: - 0 trust assignments processed
[2025-06-10 17:07:34] WARNING: - 2 users in trust network
[2025-06-10 17:07:34] WARNING: - 31 total trust relationships
[2025-06-10 17:17:33] WARNING: === Starting Twitter Trust System Collection ===
[2025-06-10 17:17:33] WARNING: Will collect tweets until reaching previous timestamp: 2025-05-12 06:54:05+00:00
[2025-06-10 17:17:33] WARNING: Retrieving page 1...
[2025-06-10 17:17:44] WARNING: Newest tweet is from: 2025-05-12 06:54:05+00:00
[2025-06-10 17:17:44] WARNING: Reached stop point at tweet from 2025-05-12 06:54:05+00:00
[2025-06-10 17:17:44] WARNING: Retrieved 0 new tweets on page 1
[2025-06-10 17:17:44] WARNING: Stopping pagination as we've reached the stop point
[2025-06-10 17:17:44] WARNING: Retrieved a total of 0 tweets across 1 pages
[2025-06-10 17:17:44] WARNING: No new tweets found with trust commands. Exiting without error.
[2025-06-10 17:17:44] WARNING: Collection complete!
[2025-06-10 17:17:44] WARNING: - 0 trust assignments processed
[2025-06-10 17:17:44] WARNING: - 2 users in trust network
[2025-06-10 17:17:44] WARNING: - 31 total trust relationships
[2025-06-10 17:27:33] WARNING: === Starting Twitter Trust System Collection ===
[2025-06-10 17:27:33] WARNING: Will collect tweets until reaching previous timestamp: 2025-05-12 06:54:05+00:00
[2025-06-10 17:27:33] WARNING: Retrieving page 1...
[2025-06-10 17:27:35] WARNING: Newest tweet is from: 2025-05-12 06:54:05+00:00
[2025-06-10 17:27:35] WARNING: Reached stop point at tweet from 2025-05-12 06:54:05+00:00
[2025-06-10 17:27:35] WARNING: Retrieved 0 new tweets on page 1
[2025-06-10 17:27:35] WARNING: Stopping pagination as we've reached the stop point
[2025-06-10 17:27:35] WARNING: Retrieved a total of 0 tweets across 1 pages
[2025-06-10 17:27:35] WARNING: No new tweets found with trust commands. Exiting without error.
[2025-06-10 17:27:35] WARNING: Collection complete!
[2025-06-10 17:27:35] WARNING: - 0 trust assignments processed
[2025-06-10 17:27:35] WARNING: - 2 users in trust network
[2025-06-10 17:27:35] WARNING: - 31 total trust relationships
[2025-06-10 17:37:33] WARNING: === Starting Twitter Trust System Collection ===
[2025-06-10 17:37:33] WARNING: Will collect tweets until reaching previous timestamp: 2025-05-12 06:54:05+00:00
[2025-06-10 17:37:33] WARNING: Retrieving page 1...
[2025-06-10 17:37:36] WARNING: Newest tweet is from: 2025-05-12 06:54:05+00:00
[2025-06-10 17:37:36] WARNING: Reached stop point at tweet from 2025-05-12 06:54:05+00:00
[2025-06-10 17:37:36] WARNING: Retrieved 0 new tweets on page 1
[2025-06-10 17:37:36] WARNING: Stopping pagination as we've reached the stop point
[2025-06-10 17:37:36] WARNING: Retrieved a total of 0 tweets across 1 pages
[2025-06-10 17:37:36] WARNING: No new tweets found with trust commands. Exiting without error.
[2025-06-10 17:37:36] WARNING: Collection complete!
[2025-06-10 17:37:36] WARNING: - 0 trust assignments processed
[2025-06-10 17:37:36] WARNING: - 2 users in trust network
[2025-06-10 17:37:36] WARNING: - 31 total trust relationships
[2025-06-10 17:47:33] WARNING: === Starting Twitter Trust System Collection ===
[2025-06-10 17:47:33] WARNING: Will collect tweets until reaching previous timestamp: 2025-05-12 06:54:05+00:00
[2025-06-10 17:47:33] WARNING: Retrieving page 1...
[2025-06-10 17:47:37] WARNING: Newest tweet is from: 2025-05-12 06:54:05+00:00
[2025-06-10 17:47:37] WARNING: Reached stop point at tweet from 2025-05-12 06:54:05+00:00
[2025-06-10 17:47:37] WARNING: Retrieved 0 new tweets on page 1
[2025-06-10 17:47:37] WARNING: Stopping pagination as we've reached the stop point
[2025-06-10 17:47:37] WARNING: Retrieved a total of 0 tweets across 1 pages
[2025-06-10 17:47:37] WARNING: No new tweets found with trust commands. Exiting without error.
[2025-06-10 17:47:37] WARNING: Collection complete!
[2025-06-10 17:47:37] WARNING: - 0 trust assignments processed
[2025-06-10 17:47:37] WARNING: - 2 users in trust network
[2025-06-10 17:47:37] WARNING: - 31 total trust relationships
[2025-06-10 17:57:33] WARNING: === Starting Twitter Trust System Collection ===
[2025-06-10 17:57:33] WARNING: Will collect tweets until reaching previous timestamp: 2025-05-12 06:54:05+00:00
[2025-06-10 17:57:33] WARNING: Retrieving page 1...
[2025-06-10 17:57:34] WARNING: Newest tweet is from: 2025-05-12 06:54:05+00:00
[2025-06-10 17:57:34] WARNING: Reached stop point at tweet from 2025-05-12 06:54:05+00:00
[2025-06-10 17:57:34] WARNING: Retrieved 0 new tweets on page 1
[2025-06-10 17:57:34] WARNING: Stopping pagination as we've reached the stop point
[2025-06-10 17:57:34] WARNING: Retrieved a total of 0 tweets across 1 pages
[2025-06-10 17:57:34] WARNING: No new tweets found with trust commands. Exiting without error.
[2025-06-10 17:57:34] WARNING: Collection complete!
[2025-06-10 17:57:34] WARNING: - 0 trust assignments processed
[2025-06-10 17:57:34] WARNING: - 2 users in trust network
[2025-06-10 17:57:34] WARNING: - 31 total trust relationships
[2025-06-10 18:07:33] WARNING: === Starting Twitter Trust System Collection ===
[2025-06-10 18:07:33] WARNING: Will collect tweets until reaching previous timestamp: 2025-05-12 06:54:05+00:00
[2025-06-10 18:07:33] WARNING: Retrieving page 1...
[2025-06-10 18:07:34] WARNING: Newest tweet is from: 2025-05-12 06:54:05+00:00
[2025-06-10 18:07:34] WARNING: Reached stop point at tweet from 2025-05-12 06:54:05+00:00
[2025-06-10 18:07:34] WARNING: Retrieved 0 new tweets on page 1
[2025-06-10 18:07:34] WARNING: Stopping pagination as we've reached the stop point
[2025-06-10 18:07:34] WARNING: Retrieved a total of 0 tweets across 1 pages
[2025-06-10 18:07:34] WARNING: No new tweets found with trust commands. Exiting without error.
[2025-06-10 18:07:34] WARNING: Collection complete!
[2025-06-10 18:07:34] WARNING: - 0 trust assignments processed
[2025-06-10 18:07:34] WARNING: - 2 users in trust network
[2025-06-10 18:07:34] WARNING: - 31 total trust relationships
[2025-06-10 18:17:33] WARNING: === Starting Twitter Trust System Collection ===
[2025-06-10 18:17:33] WARNING: Will collect tweets until reaching previous timestamp: 2025-05-12 06:54:05+00:00
[2025-06-10 18:17:33] WARNING: Retrieving page 1...
[2025-06-10 18:17:34] WARNING: Newest tweet is from: 2025-05-12 06:54:05+00:00
[2025-06-10 18:17:34] WARNING: Reached stop point at tweet from 2025-05-12 06:54:05+00:00
[2025-06-10 18:17:34] WARNING: Retrieved 0 new tweets on page 1
[2025-06-10 18:17:34] WARNING: Stopping pagination as we've reached the stop point
[2025-06-10 18:17:34] WARNING: Retrieved a total of 0 tweets across 1 pages
[2025-06-10 18:17:34] WARNING: No new tweets found with trust commands. Exiting without error.
[2025-06-10 18:17:34] WARNING: Collection complete!
[2025-06-10 18:17:34] WARNING: - 0 trust assignments processed
[2025-06-10 18:17:34] WARNING: - 2 users in trust network
[2025-06-10 18:17:34] WARNING: - 31 total trust relationships
[2025-06-10 18:27:33] WARNING: === Starting Twitter Trust System Collection ===
[2025-06-10 18:27:33] WARNING: Will collect tweets until reaching previous timestamp: 2025-05-12 06:54:05+00:00
[2025-06-10 18:27:33] WARNING: Retrieving page 1...
[2025-06-10 18:27:35] WARNING: Newest tweet is from: 2025-05-12 06:54:05+00:00
[2025-06-10 18:27:35] WARNING: Reached stop point at tweet from 2025-05-12 06:54:05+00:00
[2025-06-10 18:27:35] WARNING: Retrieved 0 new tweets on page 1
[2025-06-10 18:27:35] WARNING: Stopping pagination as we've reached the stop point
[2025-06-10 18:27:35] WARNING: Retrieved a total of 0 tweets across 1 pages
[2025-06-10 18:27:35] WARNING: No new tweets found with trust commands. Exiting without error.
[2025-06-10 18:27:35] WARNING: Collection complete!
[2025-06-10 18:27:35] WARNING: - 0 trust assignments processed
[2025-06-10 18:27:35] WARNING: - 2 users in trust network
[2025-06-10 18:27:35] WARNING: - 31 total trust relationships
[2025-06-10 18:37:33] WARNING: === Starting Twitter Trust System Collection ===
[2025-06-10 18:37:33] WARNING: Will collect tweets until reaching previous timestamp: 2025-05-12 06:54:05+00:00
[2025-06-10 18:37:33] WARNING: Retrieving page 1...
[2025-06-10 18:37:35] WARNING: Newest tweet is from: 2025-05-12 06:54:05+00:00
[2025-06-10 18:37:35] WARNING: Reached stop point at tweet from 2025-05-12 06:54:05+00:00
[2025-06-10 18:37:35] WARNING: Retrieved 0 new tweets on page 1
[2025-06-10 18:37:35] WARNING: Stopping pagination as we've reached the stop point
[2025-06-10 18:37:35] WARNING: Retrieved a total of 0 tweets across 1 pages
[2025-06-10 18:37:35] WARNING: No new tweets found with trust commands. Exiting without error.
[2025-06-10 18:37:35] WARNING: Collection complete!
[2025-06-10 18:37:35] WARNING: - 0 trust assignments processed
[2025-06-10 18:37:35] WARNING: - 2 users in trust network
[2025-06-10 18:37:35] WARNING: - 31 total trust relationships
[2025-06-10 18:47:33] WARNING: === Starting Twitter Trust System Collection ===
[2025-06-10 18:47:33] WARNING: Will collect tweets until reaching previous timestamp: 2025-05-12 06:54:05+00:00
[2025-06-10 18:47:33] WARNING: Retrieving page 1...
[2025-06-10 18:47:34] WARNING: Newest tweet is from: 2025-05-12 06:54:05+00:00
[2025-06-10 18:47:34] WARNING: Reached stop point at tweet from 2025-05-12 06:54:05+00:00
[2025-06-10 18:47:34] WARNING: Retrieved 0 new tweets on page 1
[2025-06-10 18:47:34] WARNING: Stopping pagination as we've reached the stop point
[2025-06-10 18:47:34] WARNING: Retrieved a total of 0 tweets across 1 pages
[2025-06-10 18:47:34] WARNING: No new tweets found with trust commands. Exiting without error.
[2025-06-10 18:47:34] WARNING: Collection complete!
[2025-06-10 18:47:34] WARNING: - 0 trust assignments processed
[2025-06-10 18:47:34] WARNING: - 2 users in trust network
[2025-06-10 18:47:34] WARNING: - 31 total trust relationships
[2025-06-10 18:57:33] WARNING: === Starting Twitter Trust System Collection ===
[2025-06-10 18:57:33] WARNING: Will collect tweets until reaching previous timestamp: 2025-05-12 06:54:05+00:00
[2025-06-10 18:57:33] WARNING: Retrieving page 1...
[2025-06-10 18:57:36] WARNING: Newest tweet is from: 2025-05-12 06:54:05+00:00
[2025-06-10 18:57:36] WARNING: Reached stop point at tweet from 2025-05-12 06:54:05+00:00
[2025-06-10 18:57:36] WARNING: Retrieved 0 new tweets on page 1
[2025-06-10 18:57:36] WARNING: Stopping pagination as we've reached the stop point
[2025-06-10 18:57:36] WARNING: Retrieved a total of 0 tweets across 1 pages
[2025-06-10 18:57:36] WARNING: No new tweets found with trust commands. Exiting without error.
[2025-06-10 18:57:36] WARNING: Collection complete!
[2025-06-10 18:57:36] WARNING: - 0 trust assignments processed
[2025-06-10 18:57:36] WARNING: - 2 users in trust network
[2025-06-10 18:57:36] WARNING: - 31 total trust relationships
[2025-06-10 19:07:33] WARNING: === Starting Twitter Trust System Collection ===
[2025-06-10 19:07:33] WARNING: Will collect tweets until reaching previous timestamp: 2025-05-12 06:54:05+00:00
[2025-06-10 19:07:33] WARNING: Retrieving page 1...
[2025-06-10 19:07:35] WARNING: Newest tweet is from: 2025-05-12 06:54:05+00:00
[2025-06-10 19:07:35] WARNING: Reached stop point at tweet from 2025-05-12 06:54:05+00:00
[2025-06-10 19:07:35] WARNING: Retrieved 0 new tweets on page 1
[2025-06-10 19:07:35] WARNING: Stopping pagination as we've reached the stop point
[2025-06-10 19:07:35] WARNING: Retrieved a total of 0 tweets across 1 pages
[2025-06-10 19:07:35] WARNING: No new tweets found with trust commands. Exiting without error.
[2025-06-10 19:07:35] WARNING: Collection complete!
[2025-06-10 19:07:35] WARNING: - 0 trust assignments processed
[2025-06-10 19:07:35] WARNING: - 2 users in trust network
[2025-06-10 19:07:35] WARNING: - 31 total trust relationships
[2025-06-10 19:17:33] WARNING: === Starting Twitter Trust System Collection ===
[2025-06-10 19:17:33] WARNING: Will collect tweets until reaching previous timestamp: 2025-05-12 06:54:05+00:00
[2025-06-10 19:17:33] WARNING: Retrieving page 1...
[2025-06-10 19:17:34] WARNING: Newest tweet is from: 2025-05-12 06:54:05+00:00
[2025-06-10 19:17:34] WARNING: Reached stop point at tweet from 2025-05-12 06:54:05+00:00
[2025-06-10 19:17:34] WARNING: Retrieved 0 new tweets on page 1
[2025-06-10 19:17:34] WARNING: Stopping pagination as we've reached the stop point
[2025-06-10 19:17:34] WARNING: Retrieved a total of 0 tweets across 1 pages
[2025-06-10 19:17:34] WARNING: No new tweets found with trust commands. Exiting without error.
[2025-06-10 19:17:34] WARNING: Collection complete!
[2025-06-10 19:17:34] WARNING: - 0 trust assignments processed
[2025-06-10 19:17:34] WARNING: - 2 users in trust network
[2025-06-10 19:17:34] WARNING: - 31 total trust relationships
[2025-06-10 19:27:33] WARNING: === Starting Twitter Trust System Collection ===
[2025-06-10 19:27:33] WARNING: Will collect tweets until reaching previous timestamp: 2025-05-12 06:54:05+00:00
[2025-06-10 19:27:33] WARNING: Retrieving page 1...
[2025-06-10 19:27:35] WARNING: Newest tweet is from: 2025-05-12 06:54:05+00:00
[2025-06-10 19:27:35] WARNING: Reached stop point at tweet from 2025-05-12 06:54:05+00:00
[2025-06-10 19:27:35] WARNING: Retrieved 0 new tweets on page 1
[2025-06-10 19:27:35] WARNING: Stopping pagination as we've reached the stop point
[2025-06-10 19:27:35] WARNING: Retrieved a total of 0 tweets across 1 pages
[2025-06-10 19:27:35] WARNING: No new tweets found with trust commands. Exiting without error.
[2025-06-10 19:27:35] WARNING: Collection complete!
[2025-06-10 19:27:35] WARNING: - 0 trust assignments processed
[2025-06-10 19:27:35] WARNING: - 2 users in trust network
[2025-06-10 19:27:35] WARNING: - 31 total trust relationships
[2025-06-10 19:37:33] WARNING: === Starting Twitter Trust System Collection ===
[2025-06-10 19:37:33] WARNING: Will collect tweets until reaching previous timestamp: 2025-05-12 06:54:05+00:00
[2025-06-10 19:37:33] WARNING: Retrieving page 1...
[2025-06-10 19:37:36] WARNING: Newest tweet is from: 2025-05-12 06:54:05+00:00
[2025-06-10 19:37:36] WARNING: Reached stop point at tweet from 2025-05-12 06:54:05+00:00
[2025-06-10 19:37:36] WARNING: Retrieved 0 new tweets on page 1
[2025-06-10 19:37:36] WARNING: Stopping pagination as we've reached the stop point
[2025-06-10 19:37:36] WARNING: Retrieved a total of 0 tweets across 1 pages
[2025-06-10 19:37:36] WARNING: No new tweets found with trust commands. Exiting without error.
[2025-06-10 19:37:36] WARNING: Collection complete!
[2025-06-10 19:37:36] WARNING: - 0 trust assignments processed
[2025-06-10 19:37:36] WARNING: - 2 users in trust network
[2025-06-10 19:37:36] WARNING: - 31 total trust relationships
[2025-06-10 19:47:33] WARNING: === Starting Twitter Trust System Collection ===
[2025-06-10 19:47:33] WARNING: Will collect tweets until reaching previous timestamp: 2025-05-12 06:54:05+00:00
[2025-06-10 19:47:33] WARNING: Retrieving page 1...
[2025-06-10 19:47:35] WARNING: Newest tweet is from: 2025-05-12 06:54:05+00:00
[2025-06-10 19:47:35] WARNING: Reached stop point at tweet from 2025-05-12 06:54:05+00:00
[2025-06-10 19:47:35] WARNING: Retrieved 0 new tweets on page 1
[2025-06-10 19:47:35] WARNING: Stopping pagination as we've reached the stop point
[2025-06-10 19:47:35] WARNING: Retrieved a total of 0 tweets across 1 pages
[2025-06-10 19:47:35] WARNING: No new tweets found with trust commands. Exiting without error.
[2025-06-10 19:47:35] WARNING: Collection complete!
[2025-06-10 19:47:35] WARNING: - 0 trust assignments processed
[2025-06-10 19:47:35] WARNING: - 2 users in trust network
[2025-06-10 19:47:35] WARNING: - 31 total trust relationships
[2025-06-10 19:57:33] WARNING: === Starting Twitter Trust System Collection ===
[2025-06-10 19:57:33] WARNING: Will collect tweets until reaching previous timestamp: 2025-05-12 06:54:05+00:00
[2025-06-10 19:57:33] WARNING: Retrieving page 1...
[2025-06-10 19:57:35] WARNING: Newest tweet is from: 2025-05-12 06:54:05+00:00
[2025-06-10 19:57:35] WARNING: Reached stop point at tweet from 2025-05-12 06:54:05+00:00
[2025-06-10 19:57:35] WARNING: Retrieved 0 new tweets on page 1
[2025-06-10 19:57:35] WARNING: Stopping pagination as we've reached the stop point
[2025-06-10 19:57:35] WARNING: Retrieved a total of 0 tweets across 1 pages
[2025-06-10 19:57:35] WARNING: No new tweets found with trust commands. Exiting without error.
[2025-06-10 19:57:35] WARNING: Collection complete!
[2025-06-10 19:57:35] WARNING: - 0 trust assignments processed
[2025-06-10 19:57:35] WARNING: - 2 users in trust network
[2025-06-10 19:57:35] WARNING: - 31 total trust relationships
[2025-06-10 20:07:33] WARNING: === Starting Twitter Trust System Collection ===
[2025-06-10 20:07:33] WARNING: Will collect tweets until reaching previous timestamp: 2025-05-12 06:54:05+00:00
[2025-06-10 20:07:33] WARNING: Retrieving page 1...
[2025-06-10 20:07:35] WARNING: Newest tweet is from: 2025-05-12 06:54:05+00:00
[2025-06-10 20:07:35] WARNING: Reached stop point at tweet from 2025-05-12 06:54:05+00:00
[2025-06-10 20:07:35] WARNING: Retrieved 0 new tweets on page 1
[2025-06-10 20:07:35] WARNING: Stopping pagination as we've reached the stop point
[2025-06-10 20:07:35] WARNING: Retrieved a total of 0 tweets across 1 pages
[2025-06-10 20:07:35] WARNING: No new tweets found with trust commands. Exiting without error.
[2025-06-10 20:07:35] WARNING: Collection complete!
[2025-06-10 20:07:35] WARNING: - 0 trust assignments processed
[2025-06-10 20:07:35] WARNING: - 2 users in trust network
[2025-06-10 20:07:35] WARNING: - 31 total trust relationships
[2025-06-10 20:17:33] WARNING: === Starting Twitter Trust System Collection ===
[2025-06-10 20:17:33] WARNING: Will collect tweets until reaching previous timestamp: 2025-05-12 06:54:05+00:00
[2025-06-10 20:17:33] WARNING: Retrieving page 1...
[2025-06-10 20:17:35] WARNING: Newest tweet is from: 2025-05-12 06:54:05+00:00
[2025-06-10 20:17:35] WARNING: Reached stop point at tweet from 2025-05-12 06:54:05+00:00
[2025-06-10 20:17:35] WARNING: Retrieved 0 new tweets on page 1
[2025-06-10 20:17:35] WARNING: Stopping pagination as we've reached the stop point
[2025-06-10 20:17:35] WARNING: Retrieved a total of 0 tweets across 1 pages
[2025-06-10 20:17:35] WARNING: No new tweets found with trust commands. Exiting without error.
[2025-06-10 20:17:35] WARNING: Collection complete!
[2025-06-10 20:17:35] WARNING: - 0 trust assignments processed
[2025-06-10 20:17:35] WARNING: - 2 users in trust network
[2025-06-10 20:17:35] WARNING: - 31 total trust relationships
[2025-06-10 20:27:33] WARNING: === Starting Twitter Trust System Collection ===
[2025-06-10 20:27:33] WARNING: Will collect tweets until reaching previous timestamp: 2025-05-12 06:54:05+00:00
[2025-06-10 20:27:33] WARNING: Retrieving page 1...
[2025-06-10 20:27:34] WARNING: Newest tweet is from: 2025-05-12 06:54:05+00:00
[2025-06-10 20:27:34] WARNING: Reached stop point at tweet from 2025-05-12 06:54:05+00:00
[2025-06-10 20:27:34] WARNING: Retrieved 0 new tweets on page 1
[2025-06-10 20:27:34] WARNING: Stopping pagination as we've reached the stop point
[2025-06-10 20:27:34] WARNING: Retrieved a total of 0 tweets across 1 pages
[2025-06-10 20:27:34] WARNING: No new tweets found with trust commands. Exiting without error.
[2025-06-10 20:27:34] WARNING: Collection complete!
[2025-06-10 20:27:34] WARNING: - 0 trust assignments processed
[2025-06-10 20:27:34] WARNING: - 2 users in trust network
[2025-06-10 20:27:34] WARNING: - 31 total trust relationships
[2025-06-10 20:37:33] WARNING: === Starting Twitter Trust System Collection ===
[2025-06-10 20:37:33] WARNING: Will collect tweets until reaching previous timestamp: 2025-05-12 06:54:05+00:00
[2025-06-10 20:37:33] WARNING: Retrieving page 1...
[2025-06-10 20:37:34] WARNING: Newest tweet is from: 2025-05-12 06:54:05+00:00
[2025-06-10 20:37:34] WARNING: Reached stop point at tweet from 2025-05-12 06:54:05+00:00
[2025-06-10 20:37:34] WARNING: Retrieved 0 new tweets on page 1
[2025-06-10 20:37:34] WARNING: Stopping pagination as we've reached the stop point
[2025-06-10 20:37:34] WARNING: Retrieved a total of 0 tweets across 1 pages
[2025-06-10 20:37:34] WARNING: No new tweets found with trust commands. Exiting without error.
[2025-06-10 20:37:34] WARNING: Collection complete!
[2025-06-10 20:37:34] WARNING: - 0 trust assignments processed
[2025-06-10 20:37:34] WARNING: - 2 users in trust network
[2025-06-10 20:37:34] WARNING: - 31 total trust relationships
[2025-06-10 20:47:33] WARNING: === Starting Twitter Trust System Collection ===
[2025-06-10 20:47:33] WARNING: Will collect tweets until reaching previous timestamp: 2025-05-12 06:54:05+00:00
[2025-06-10 20:47:33] WARNING: Retrieving page 1...
[2025-06-10 20:47:35] WARNING: Newest tweet is from: 2025-05-12 06:54:05+00:00
[2025-06-10 20:47:35] WARNING: Reached stop point at tweet from 2025-05-12 06:54:05+00:00
[2025-06-10 20:47:35] WARNING: Retrieved 0 new tweets on page 1
[2025-06-10 20:47:35] WARNING: Stopping pagination as we've reached the stop point
[2025-06-10 20:47:35] WARNING: Retrieved a total of 0 tweets across 1 pages
[2025-06-10 20:47:35] WARNING: No new tweets found with trust commands. Exiting without error.
[2025-06-10 20:47:35] WARNING: Collection complete!
[2025-06-10 20:47:35] WARNING: - 0 trust assignments processed
[2025-06-10 20:47:35] WARNING: - 2 users in trust network
[2025-06-10 20:47:35] WARNING: - 31 total trust relationships
[2025-06-10 20:57:33] WARNING: === Starting Twitter Trust System Collection ===
[2025-06-10 20:57:33] WARNING: Will collect tweets until reaching previous timestamp: 2025-05-12 06:54:05+00:00
[2025-06-10 20:57:33] WARNING: Retrieving page 1...
[2025-06-10 20:57:34] WARNING: Newest tweet is from: 2025-05-12 06:54:05+00:00
[2025-06-10 20:57:34] WARNING: Reached stop point at tweet from 2025-05-12 06:54:05+00:00
[2025-06-10 20:57:34] WARNING: Retrieved 0 new tweets on page 1
[2025-06-10 20:57:34] WARNING: Stopping pagination as we've reached the stop point
[2025-06-10 20:57:34] WARNING: Retrieved a total of 0 tweets across 1 pages
[2025-06-10 20:57:34] WARNING: No new tweets found with trust commands. Exiting without error.
[2025-06-10 20:57:34] WARNING: Collection complete!
[2025-06-10 20:57:34] WARNING: - 0 trust assignments processed
[2025-06-10 20:57:34] WARNING: - 2 users in trust network
[2025-06-10 20:57:34] WARNING: - 31 total trust relationships
[2025-06-10 21:07:33] WARNING: === Starting Twitter Trust System Collection ===
[2025-06-10 21:07:33] WARNING: Will collect tweets until reaching previous timestamp: 2025-05-12 06:54:05+00:00
[2025-06-10 21:07:33] WARNING: Retrieving page 1...
[2025-06-10 21:07:34] WARNING: Newest tweet is from: 2025-05-12 06:54:05+00:00
[2025-06-10 21:07:34] WARNING: Reached stop point at tweet from 2025-05-12 06:54:05+00:00
[2025-06-10 21:07:34] WARNING: Retrieved 0 new tweets on page 1
[2025-06-10 21:07:34] WARNING: Stopping pagination as we've reached the stop point
[2025-06-10 21:07:34] WARNING: Retrieved a total of 0 tweets across 1 pages
[2025-06-10 21:07:34] WARNING: No new tweets found with trust commands. Exiting without error.
[2025-06-10 21:07:34] WARNING: Collection complete!
[2025-06-10 21:07:34] WARNING: - 0 trust assignments processed
[2025-06-10 21:07:34] WARNING: - 2 users in trust network
[2025-06-10 21:07:34] WARNING: - 31 total trust relationships
[2025-06-10 21:17:33] WARNING: === Starting Twitter Trust System Collection ===
[2025-06-10 21:17:33] WARNING: Will collect tweets until reaching previous timestamp: 2025-05-12 06:54:05+00:00
[2025-06-10 21:17:33] WARNING: Retrieving page 1...
[2025-06-10 21:17:34] WARNING: Newest tweet is from: 2025-05-12 06:54:05+00:00
[2025-06-10 21:17:34] WARNING: Reached stop point at tweet from 2025-05-12 06:54:05+00:00
[2025-06-10 21:17:34] WARNING: Retrieved 0 new tweets on page 1
[2025-06-10 21:17:34] WARNING: Stopping pagination as we've reached the stop point
[2025-06-10 21:17:34] WARNING: Retrieved a total of 0 tweets across 1 pages
[2025-06-10 21:17:34] WARNING: No new tweets found with trust commands. Exiting without error.
[2025-06-10 21:17:34] WARNING: Collection complete!
[2025-06-10 21:17:34] WARNING: - 0 trust assignments processed
[2025-06-10 21:17:34] WARNING: - 2 users in trust network
[2025-06-10 21:17:34] WARNING: - 31 total trust relationships
[2025-06-10 21:27:33] WARNING: === Starting Twitter Trust System Collection ===
[2025-06-10 21:27:33] WARNING: Will collect tweets until reaching previous timestamp: 2025-05-12 06:54:05+00:00
[2025-06-10 21:27:33] WARNING: Retrieving page 1...
[2025-06-10 21:27:35] WARNING: Newest tweet is from: 2025-05-12 06:54:05+00:00
[2025-06-10 21:27:35] WARNING: Reached stop point at tweet from 2025-05-12 06:54:05+00:00
[2025-06-10 21:27:35] WARNING: Retrieved 0 new tweets on page 1
[2025-06-10 21:27:35] WARNING: Stopping pagination as we've reached the stop point
[2025-06-10 21:27:35] WARNING: Retrieved a total of 0 tweets across 1 pages
[2025-06-10 21:27:35] WARNING: No new tweets found with trust commands. Exiting without error.
[2025-06-10 21:27:35] WARNING: Collection complete!
[2025-06-10 21:27:35] WARNING: - 0 trust assignments processed
[2025-06-10 21:27:35] WARNING: - 2 users in trust network
[2025-06-10 21:27:35] WARNING: - 31 total trust relationships
[2025-06-10 21:37:33] WARNING: === Starting Twitter Trust System Collection ===
[2025-06-10 21:37:33] WARNING: Will collect tweets until reaching previous timestamp: 2025-05-12 06:54:05+00:00
[2025-06-10 21:37:33] WARNING: Retrieving page 1...
[2025-06-10 21:37:36] WARNING: Newest tweet is from: 2025-05-12 06:54:05+00:00
[2025-06-10 21:37:36] WARNING: Reached stop point at tweet from 2025-05-12 06:54:05+00:00
[2025-06-10 21:37:36] WARNING: Retrieved 0 new tweets on page 1
[2025-06-10 21:37:36] WARNING: Stopping pagination as we've reached the stop point
[2025-06-10 21:37:36] WARNING: Retrieved a total of 0 tweets across 1 pages
[2025-06-10 21:37:36] WARNING: No new tweets found with trust commands. Exiting without error.
[2025-06-10 21:37:36] WARNING: Collection complete!
[2025-06-10 21:37:36] WARNING: - 0 trust assignments processed
[2025-06-10 21:37:36] WARNING: - 2 users in trust network
[2025-06-10 21:37:36] WARNING: - 31 total trust relationships
[2025-06-10 21:47:33] WARNING: === Starting Twitter Trust System Collection ===
[2025-06-10 21:47:33] WARNING: Will collect tweets until reaching previous timestamp: 2025-05-12 06:54:05+00:00
[2025-06-10 21:47:33] WARNING: Retrieving page 1...
[2025-06-10 21:47:37] WARNING: Newest tweet is from: 2025-05-12 06:54:05+00:00
[2025-06-10 21:47:37] WARNING: Reached stop point at tweet from 2025-05-12 06:54:05+00:00
[2025-06-10 21:47:37] WARNING: Retrieved 0 new tweets on page 1
[2025-06-10 21:47:37] WARNING: Stopping pagination as we've reached the stop point
[2025-06-10 21:47:37] WARNING: Retrieved a total of 0 tweets across 1 pages
[2025-06-10 21:47:37] WARNING: No new tweets found with trust commands. Exiting without error.
[2025-06-10 21:47:37] WARNING: Collection complete!
[2025-06-10 21:47:37] WARNING: - 0 trust assignments processed
[2025-06-10 21:47:37] WARNING: - 2 users in trust network
[2025-06-10 21:47:37] WARNING: - 31 total trust relationships
[2025-06-10 21:57:33] WARNING: === Starting Twitter Trust System Collection ===
[2025-06-10 21:57:33] WARNING: Will collect tweets until reaching previous timestamp: 2025-05-12 06:54:05+00:00
[2025-06-10 21:57:33] WARNING: Retrieving page 1...
[2025-06-10 21:57:36] WARNING: Newest tweet is from: 2025-05-12 06:54:05+00:00
[2025-06-10 21:57:36] WARNING: Reached stop point at tweet from 2025-05-12 06:54:05+00:00
[2025-06-10 21:57:36] WARNING: Retrieved 0 new tweets on page 1
[2025-06-10 21:57:36] WARNING: Stopping pagination as we've reached the stop point
[2025-06-10 21:57:36] WARNING: Retrieved a total of 0 tweets across 1 pages
[2025-06-10 21:57:36] WARNING: No new tweets found with trust commands. Exiting without error.
[2025-06-10 21:57:36] WARNING: Collection complete!
[2025-06-10 21:57:36] WARNING: - 0 trust assignments processed
[2025-06-10 21:57:36] WARNING: - 2 users in trust network
[2025-06-10 21:57:36] WARNING: - 31 total trust relationships
[2025-06-10 22:07:33] WARNING: === Starting Twitter Trust System Collection ===
[2025-06-10 22:07:33] WARNING: Will collect tweets until reaching previous timestamp: 2025-05-12 06:54:05+00:00
[2025-06-10 22:07:33] WARNING: Retrieving page 1...
[2025-06-10 22:07:34] WARNING: Newest tweet is from: 2025-05-12 06:54:05+00:00
[2025-06-10 22:07:34] WARNING: Reached stop point at tweet from 2025-05-12 06:54:05+00:00
[2025-06-10 22:07:34] WARNING: Retrieved 0 new tweets on page 1
[2025-06-10 22:07:34] WARNING: Stopping pagination as we've reached the stop point
[2025-06-10 22:07:34] WARNING: Retrieved a total of 0 tweets across 1 pages
[2025-06-10 22:07:34] WARNING: No new tweets found with trust commands. Exiting without error.
[2025-06-10 22:07:34] WARNING: Collection complete!
[2025-06-10 22:07:34] WARNING: - 0 trust assignments processed
[2025-06-10 22:07:34] WARNING: - 2 users in trust network
[2025-06-10 22:07:34] WARNING: - 31 total trust relationships
[2025-06-10 22:17:33] WARNING: === Starting Twitter Trust System Collection ===
[2025-06-10 22:17:33] WARNING: Will collect tweets until reaching previous timestamp: 2025-05-12 06:54:05+00:00
[2025-06-10 22:17:33] WARNING: Retrieving page 1...
[2025-06-10 22:17:35] WARNING: Newest tweet is from: 2025-05-12 06:54:05+00:00
[2025-06-10 22:17:35] WARNING: Reached stop point at tweet from 2025-05-12 06:54:05+00:00
[2025-06-10 22:17:35] WARNING: Retrieved 0 new tweets on page 1
[2025-06-10 22:17:35] WARNING: Stopping pagination as we've reached the stop point
[2025-06-10 22:17:35] WARNING: Retrieved a total of 0 tweets across 1 pages
[2025-06-10 22:17:35] WARNING: No new tweets found with trust commands. Exiting without error.
[2025-06-10 22:17:35] WARNING: Collection complete!
[2025-06-10 22:17:35] WARNING: - 0 trust assignments processed
[2025-06-10 22:17:35] WARNING: - 2 users in trust network
[2025-06-10 22:17:35] WARNING: - 31 total trust relationships
[2025-06-10 22:27:33] WARNING: === Starting Twitter Trust System Collection ===
[2025-06-10 22:27:33] WARNING: Will collect tweets until reaching previous timestamp: 2025-05-12 06:54:05+00:00
[2025-06-10 22:27:33] WARNING: Retrieving page 1...
[2025-06-10 22:27:36] WARNING: Newest tweet is from: 2025-05-12 06:54:05+00:00
[2025-06-10 22:27:36] WARNING: Reached stop point at tweet from 2025-05-12 06:54:05+00:00
[2025-06-10 22:27:36] WARNING: Retrieved 0 new tweets on page 1
[2025-06-10 22:27:36] WARNING: Stopping pagination as we've reached the stop point
[2025-06-10 22:27:36] WARNING: Retrieved a total of 0 tweets across 1 pages
[2025-06-10 22:27:36] WARNING: No new tweets found with trust commands. Exiting without error.
[2025-06-10 22:27:36] WARNING: Collection complete!
[2025-06-10 22:27:36] WARNING: - 0 trust assignments processed
[2025-06-10 22:27:36] WARNING: - 2 users in trust network
[2025-06-10 22:27:36] WARNING: - 31 total trust relationships
[2025-06-10 22:37:33] WARNING: === Starting Twitter Trust System Collection ===
[2025-06-10 22:37:33] WARNING: Will collect tweets until reaching previous timestamp: 2025-05-12 06:54:05+00:00
[2025-06-10 22:37:33] WARNING: Retrieving page 1...
[2025-06-10 22:37:35] WARNING: Newest tweet is from: 2025-05-12 06:54:05+00:00
[2025-06-10 22:37:35] WARNING: Reached stop point at tweet from 2025-05-12 06:54:05+00:00
[2025-06-10 22:37:35] WARNING: Retrieved 0 new tweets on page 1
[2025-06-10 22:37:35] WARNING: Stopping pagination as we've reached the stop point
[2025-06-10 22:37:35] WARNING: Retrieved a total of 0 tweets across 1 pages
[2025-06-10 22:37:35] WARNING: No new tweets found with trust commands. Exiting without error.
[2025-06-10 22:37:35] WARNING: Collection complete!
[2025-06-10 22:37:35] WARNING: - 0 trust assignments processed
[2025-06-10 22:37:35] WARNING: - 2 users in trust network
[2025-06-10 22:37:35] WARNING: - 31 total trust relationships
[2025-06-10 22:47:33] WARNING: === Starting Twitter Trust System Collection ===
[2025-06-10 22:47:33] WARNING: Will collect tweets until reaching previous timestamp: 2025-05-12 06:54:05+00:00
[2025-06-10 22:47:33] WARNING: Retrieving page 1...
[2025-06-10 22:47:35] WARNING: Newest tweet is from: 2025-05-12 06:54:05+00:00
[2025-06-10 22:47:35] WARNING: Reached stop point at tweet from 2025-05-12 06:54:05+00:00
[2025-06-10 22:47:35] WARNING: Retrieved 0 new tweets on page 1
[2025-06-10 22:47:35] WARNING: Stopping pagination as we've reached the stop point
[2025-06-10 22:47:35] WARNING: Retrieved a total of 0 tweets across 1 pages
[2025-06-10 22:47:35] WARNING: No new tweets found with trust commands. Exiting without error.
[2025-06-10 22:47:35] WARNING: Collection complete!
[2025-06-10 22:47:35] WARNING: - 0 trust assignments processed
[2025-06-10 22:47:35] WARNING: - 2 users in trust network
[2025-06-10 22:47:35] WARNING: - 31 total trust relationships
