[2025-05-28 10:21:40] WARNING: === Starting Twitter Trust System Collection ===
[2025-05-28 10:21:40] WARNING: Will collect tweets until reaching previous timestamp: 2025-05-12 06:54:05+00:00
[2025-05-28 10:21:40] WARNING: Retrieving page 1...
[2025-05-28 10:21:42] WARNING: Newest tweet is from: 2025-05-12 06:54:05+00:00
[2025-05-28 10:21:42] WARNING: Reached stop point at tweet from 2025-05-12 06:54:05+00:00
[2025-05-28 10:21:42] WARNING: Retrieved 0 new tweets on page 1
[2025-05-28 10:21:42] WARNING: Stopping pagination as we've reached the stop point
[2025-05-28 10:21:42] WARNING: Retrieved a total of 0 tweets across 1 pages
[2025-05-28 10:21:42] WARNING: No new tweets found with trust commands. Exiting without error.
[2025-05-28 10:21:42] WARNING: Collection complete!
[2025-05-28 10:21:42] WARNING: - 0 trust assignments processed
[2025-05-28 10:21:42] WARNING: - 2 users in trust network
[2025-05-28 10:21:42] WARNING: - 31 total trust relationships
[2025-05-28 10:27:33] WARNING: === Starting Twitter Trust System Collection ===
[2025-05-28 10:27:33] WARNING: Will collect tweets until reaching previous timestamp: 2025-05-12 06:54:05+00:00
[2025-05-28 10:27:33] WARNING: Retrieving page 1...
[2025-05-28 10:27:34] WARNING: Newest tweet is from: 2025-05-12 06:54:05+00:00
[2025-05-28 10:27:34] WARNING: Reached stop point at tweet from 2025-05-12 06:54:05+00:00
[2025-05-28 10:27:34] WARNING: Retrieved 0 new tweets on page 1
[2025-05-28 10:27:34] WARNING: Stopping pagination as we've reached the stop point
[2025-05-28 10:27:34] WARNING: Retrieved a total of 0 tweets across 1 pages
[2025-05-28 10:27:34] WARNING: No new tweets found with trust commands. Exiting without error.
[2025-05-28 10:27:34] WARNING: Collection complete!
[2025-05-28 10:27:34] WARNING: - 0 trust assignments processed
[2025-05-28 10:27:34] WARNING: - 2 users in trust network
[2025-05-28 10:27:34] WARNING: - 31 total trust relationships
