[2025-06-09 04:37:34] WARNING: Reached stop point at tweet from 2025-05-12 06:54:05+00:00
[2025-06-09 04:37:34] WARNING: Retrieved 0 new tweets on page 1
[2025-06-09 04:37:34] WARNING: Stopping pagination as we've reached the stop point
[2025-06-09 04:37:34] WARNING: Retrieved a total of 0 tweets across 1 pages
[2025-06-09 04:37:34] WARNING: No new tweets found with trust commands. Exiting without error.
[2025-06-09 04:37:34] WARNING: Collection complete!
[2025-06-09 04:37:34] WARNING: - 0 trust assignments processed
[2025-06-09 04:37:34] WARNING: - 2 users in trust network
[2025-06-09 04:37:34] WARNING: - 31 total trust relationships
[2025-06-09 04:47:33] WARNING: === Starting Twitter Trust System Collection ===
[2025-06-09 04:47:33] WARNING: Will collect tweets until reaching previous timestamp: 2025-05-12 06:54:05+00:00
[2025-06-09 04:47:33] WARNING: Retrieving page 1...
[2025-06-09 04:47:34] WARNING: Newest tweet is from: 2025-05-12 06:54:05+00:00
[2025-06-09 04:47:34] WARNING: Reached stop point at tweet from 2025-05-12 06:54:05+00:00
[2025-06-09 04:47:34] WARNING: Retrieved 0 new tweets on page 1
[2025-06-09 04:47:34] WARNING: Stopping pagination as we've reached the stop point
[2025-06-09 04:47:34] WARNING: Retrieved a total of 0 tweets across 1 pages
[2025-06-09 04:47:34] WARNING: No new tweets found with trust commands. Exiting without error.
[2025-06-09 04:47:34] WARNING: Collection complete!
[2025-06-09 04:47:34] WARNING: - 0 trust assignments processed
[2025-06-09 04:47:34] WARNING: - 2 users in trust network
[2025-06-09 04:47:34] WARNING: - 31 total trust relationships
[2025-06-09 04:57:33] WARNING: === Starting Twitter Trust System Collection ===
[2025-06-09 04:57:33] WARNING: Will collect tweets until reaching previous timestamp: 2025-05-12 06:54:05+00:00
[2025-06-09 04:57:33] WARNING: Retrieving page 1...
[2025-06-09 04:57:38] WARNING: Newest tweet is from: 2025-05-12 06:54:05+00:00
[2025-06-09 04:57:38] WARNING: Reached stop point at tweet from 2025-05-12 06:54:05+00:00
[2025-06-09 04:57:38] WARNING: Retrieved 0 new tweets on page 1
[2025-06-09 04:57:38] WARNING: Stopping pagination as we've reached the stop point
[2025-06-09 04:57:38] WARNING: Retrieved a total of 0 tweets across 1 pages
[2025-06-09 04:57:38] WARNING: No new tweets found with trust commands. Exiting without error.
[2025-06-09 04:57:38] WARNING: Collection complete!
[2025-06-09 04:57:38] WARNING: - 0 trust assignments processed
[2025-06-09 04:57:38] WARNING: - 2 users in trust network
[2025-06-09 04:57:38] WARNING: - 31 total trust relationships
[2025-06-09 05:07:33] WARNING: === Starting Twitter Trust System Collection ===
[2025-06-09 05:07:33] WARNING: Will collect tweets until reaching previous timestamp: 2025-05-12 06:54:05+00:00
[2025-06-09 05:07:33] WARNING: Retrieving page 1...
[2025-06-09 05:07:36] WARNING: Newest tweet is from: 2025-05-12 06:54:05+00:00
[2025-06-09 05:07:36] WARNING: Reached stop point at tweet from 2025-05-12 06:54:05+00:00
[2025-06-09 05:07:36] WARNING: Retrieved 0 new tweets on page 1
[2025-06-09 05:07:36] WARNING: Stopping pagination as we've reached the stop point
[2025-06-09 05:07:36] WARNING: Retrieved a total of 0 tweets across 1 pages
[2025-06-09 05:07:36] WARNING: No new tweets found with trust commands. Exiting without error.
[2025-06-09 05:07:36] WARNING: Collection complete!
[2025-06-09 05:07:36] WARNING: - 0 trust assignments processed
[2025-06-09 05:07:36] WARNING: - 2 users in trust network
[2025-06-09 05:07:36] WARNING: - 31 total trust relationships
[2025-06-09 05:17:33] WARNING: === Starting Twitter Trust System Collection ===
[2025-06-09 05:17:33] WARNING: Will collect tweets until reaching previous timestamp: 2025-05-12 06:54:05+00:00
[2025-06-09 05:17:33] WARNING: Retrieving page 1...
[2025-06-09 05:17:35] WARNING: Newest tweet is from: 2025-05-12 06:54:05+00:00
[2025-06-09 05:17:35] WARNING: Reached stop point at tweet from 2025-05-12 06:54:05+00:00
[2025-06-09 05:17:35] WARNING: Retrieved 0 new tweets on page 1
[2025-06-09 05:17:35] WARNING: Stopping pagination as we've reached the stop point
[2025-06-09 05:17:35] WARNING: Retrieved a total of 0 tweets across 1 pages
[2025-06-09 05:17:35] WARNING: No new tweets found with trust commands. Exiting without error.
[2025-06-09 05:17:35] WARNING: Collection complete!
[2025-06-09 05:17:35] WARNING: - 0 trust assignments processed
[2025-06-09 05:17:35] WARNING: - 2 users in trust network
[2025-06-09 05:17:35] WARNING: - 31 total trust relationships
[2025-06-09 05:27:33] WARNING: === Starting Twitter Trust System Collection ===
[2025-06-09 05:27:33] WARNING: Will collect tweets until reaching previous timestamp: 2025-05-12 06:54:05+00:00
[2025-06-09 05:27:33] WARNING: Retrieving page 1...
[2025-06-09 05:27:36] WARNING: Newest tweet is from: 2025-05-12 06:54:05+00:00
[2025-06-09 05:27:36] WARNING: Reached stop point at tweet from 2025-05-12 06:54:05+00:00
[2025-06-09 05:27:36] WARNING: Retrieved 0 new tweets on page 1
[2025-06-09 05:27:36] WARNING: Stopping pagination as we've reached the stop point
[2025-06-09 05:27:36] WARNING: Retrieved a total of 0 tweets across 1 pages
[2025-06-09 05:27:36] WARNING: No new tweets found with trust commands. Exiting without error.
[2025-06-09 05:27:36] WARNING: Collection complete!
[2025-06-09 05:27:36] WARNING: - 0 trust assignments processed
[2025-06-09 05:27:36] WARNING: - 2 users in trust network
[2025-06-09 05:27:36] WARNING: - 31 total trust relationships
[2025-06-09 05:37:33] WARNING: === Starting Twitter Trust System Collection ===
[2025-06-09 05:37:33] WARNING: Will collect tweets until reaching previous timestamp: 2025-05-12 06:54:05+00:00
[2025-06-09 05:37:33] WARNING: Retrieving page 1...
[2025-06-09 05:37:35] WARNING: Newest tweet is from: 2025-05-12 06:54:05+00:00
[2025-06-09 05:37:35] WARNING: Reached stop point at tweet from 2025-05-12 06:54:05+00:00
[2025-06-09 05:37:35] WARNING: Retrieved 0 new tweets on page 1
[2025-06-09 05:37:35] WARNING: Stopping pagination as we've reached the stop point
[2025-06-09 05:37:35] WARNING: Retrieved a total of 0 tweets across 1 pages
[2025-06-09 05:37:35] WARNING: No new tweets found with trust commands. Exiting without error.
[2025-06-09 05:37:35] WARNING: Collection complete!
[2025-06-09 05:37:35] WARNING: - 0 trust assignments processed
[2025-06-09 05:37:35] WARNING: - 2 users in trust network
[2025-06-09 05:37:35] WARNING: - 31 total trust relationships
[2025-06-09 05:47:33] WARNING: === Starting Twitter Trust System Collection ===
[2025-06-09 05:47:33] WARNING: Will collect tweets until reaching previous timestamp: 2025-05-12 06:54:05+00:00
[2025-06-09 05:47:33] WARNING: Retrieving page 1...
[2025-06-09 05:47:35] WARNING: Newest tweet is from: 2025-05-12 06:54:05+00:00
[2025-06-09 05:47:35] WARNING: Reached stop point at tweet from 2025-05-12 06:54:05+00:00
[2025-06-09 05:47:35] WARNING: Retrieved 0 new tweets on page 1
[2025-06-09 05:47:35] WARNING: Stopping pagination as we've reached the stop point
[2025-06-09 05:47:35] WARNING: Retrieved a total of 0 tweets across 1 pages
[2025-06-09 05:47:35] WARNING: No new tweets found with trust commands. Exiting without error.
[2025-06-09 05:47:35] WARNING: Collection complete!
[2025-06-09 05:47:35] WARNING: - 0 trust assignments processed
[2025-06-09 05:47:35] WARNING: - 2 users in trust network
[2025-06-09 05:47:35] WARNING: - 31 total trust relationships
[2025-06-09 05:57:33] WARNING: === Starting Twitter Trust System Collection ===
[2025-06-09 05:57:33] WARNING: Will collect tweets until reaching previous timestamp: 2025-05-12 06:54:05+00:00
[2025-06-09 05:57:33] WARNING: Retrieving page 1...
[2025-06-09 05:57:38] WARNING: Newest tweet is from: 2025-05-12 06:54:05+00:00
[2025-06-09 05:57:38] WARNING: Reached stop point at tweet from 2025-05-12 06:54:05+00:00
[2025-06-09 05:57:38] WARNING: Retrieved 0 new tweets on page 1
[2025-06-09 05:57:38] WARNING: Stopping pagination as we've reached the stop point
[2025-06-09 05:57:38] WARNING: Retrieved a total of 0 tweets across 1 pages
[2025-06-09 05:57:38] WARNING: No new tweets found with trust commands. Exiting without error.
[2025-06-09 05:57:38] WARNING: Collection complete!
[2025-06-09 05:57:38] WARNING: - 0 trust assignments processed
[2025-06-09 05:57:38] WARNING: - 2 users in trust network
[2025-06-09 05:57:38] WARNING: - 31 total trust relationships
[2025-06-09 06:07:33] WARNING: === Starting Twitter Trust System Collection ===
[2025-06-09 06:07:33] WARNING: Will collect tweets until reaching previous timestamp: 2025-05-12 06:54:05+00:00
[2025-06-09 06:07:33] WARNING: Retrieving page 1...
[2025-06-09 06:07:35] WARNING: Newest tweet is from: 2025-05-12 06:54:05+00:00
[2025-06-09 06:07:35] WARNING: Reached stop point at tweet from 2025-05-12 06:54:05+00:00
[2025-06-09 06:07:35] WARNING: Retrieved 0 new tweets on page 1
[2025-06-09 06:07:35] WARNING: Stopping pagination as we've reached the stop point
[2025-06-09 06:07:35] WARNING: Retrieved a total of 0 tweets across 1 pages
[2025-06-09 06:07:35] WARNING: No new tweets found with trust commands. Exiting without error.
[2025-06-09 06:07:35] WARNING: Collection complete!
[2025-06-09 06:07:35] WARNING: - 0 trust assignments processed
[2025-06-09 06:07:35] WARNING: - 2 users in trust network
[2025-06-09 06:07:35] WARNING: - 31 total trust relationships
[2025-06-09 06:17:33] WARNING: === Starting Twitter Trust System Collection ===
[2025-06-09 06:17:33] WARNING: Will collect tweets until reaching previous timestamp: 2025-05-12 06:54:05+00:00
[2025-06-09 06:17:33] WARNING: Retrieving page 1...
[2025-06-09 06:17:35] WARNING: Newest tweet is from: 2025-05-12 06:54:05+00:00
[2025-06-09 06:17:35] WARNING: Reached stop point at tweet from 2025-05-12 06:54:05+00:00
[2025-06-09 06:17:35] WARNING: Retrieved 0 new tweets on page 1
[2025-06-09 06:17:35] WARNING: Stopping pagination as we've reached the stop point
[2025-06-09 06:17:35] WARNING: Retrieved a total of 0 tweets across 1 pages
[2025-06-09 06:17:35] WARNING: No new tweets found with trust commands. Exiting without error.
[2025-06-09 06:17:35] WARNING: Collection complete!
[2025-06-09 06:17:35] WARNING: - 0 trust assignments processed
[2025-06-09 06:17:35] WARNING: - 2 users in trust network
[2025-06-09 06:17:35] WARNING: - 31 total trust relationships
[2025-06-09 06:27:33] WARNING: === Starting Twitter Trust System Collection ===
[2025-06-09 06:27:33] WARNING: Will collect tweets until reaching previous timestamp: 2025-05-12 06:54:05+00:00
[2025-06-09 06:27:33] WARNING: Retrieving page 1...
[2025-06-09 06:27:35] WARNING: Newest tweet is from: 2025-05-12 06:54:05+00:00
[2025-06-09 06:27:35] WARNING: Reached stop point at tweet from 2025-05-12 06:54:05+00:00
[2025-06-09 06:27:35] WARNING: Retrieved 0 new tweets on page 1
[2025-06-09 06:27:35] WARNING: Stopping pagination as we've reached the stop point
[2025-06-09 06:27:35] WARNING: Retrieved a total of 0 tweets across 1 pages
[2025-06-09 06:27:35] WARNING: No new tweets found with trust commands. Exiting without error.
[2025-06-09 06:27:35] WARNING: Collection complete!
[2025-06-09 06:27:35] WARNING: - 0 trust assignments processed
[2025-06-09 06:27:35] WARNING: - 2 users in trust network
[2025-06-09 06:27:35] WARNING: - 31 total trust relationships
[2025-06-09 06:37:33] WARNING: === Starting Twitter Trust System Collection ===
[2025-06-09 06:37:33] WARNING: Will collect tweets until reaching previous timestamp: 2025-05-12 06:54:05+00:00
[2025-06-09 06:37:33] WARNING: Retrieving page 1...
[2025-06-09 06:37:41] WARNING: Newest tweet is from: 2025-05-12 06:54:05+00:00
[2025-06-09 06:37:41] WARNING: Reached stop point at tweet from 2025-05-12 06:54:05+00:00
[2025-06-09 06:37:41] WARNING: Retrieved 0 new tweets on page 1
[2025-06-09 06:37:41] WARNING: Stopping pagination as we've reached the stop point
[2025-06-09 06:37:41] WARNING: Retrieved a total of 0 tweets across 1 pages
[2025-06-09 06:37:41] WARNING: No new tweets found with trust commands. Exiting without error.
[2025-06-09 06:37:41] WARNING: Collection complete!
[2025-06-09 06:37:41] WARNING: - 0 trust assignments processed
[2025-06-09 06:37:41] WARNING: - 2 users in trust network
[2025-06-09 06:37:41] WARNING: - 31 total trust relationships
[2025-06-09 06:47:33] WARNING: === Starting Twitter Trust System Collection ===
[2025-06-09 06:47:33] WARNING: Will collect tweets until reaching previous timestamp: 2025-05-12 06:54:05+00:00
[2025-06-09 06:47:33] WARNING: Retrieving page 1...
[2025-06-09 06:47:40] WARNING: Newest tweet is from: 2025-05-12 06:54:05+00:00
[2025-06-09 06:47:40] WARNING: Reached stop point at tweet from 2025-05-12 06:54:05+00:00
[2025-06-09 06:47:40] WARNING: Retrieved 0 new tweets on page 1
[2025-06-09 06:47:40] WARNING: Stopping pagination as we've reached the stop point
[2025-06-09 06:47:40] WARNING: Retrieved a total of 0 tweets across 1 pages
[2025-06-09 06:47:40] WARNING: No new tweets found with trust commands. Exiting without error.
[2025-06-09 06:47:40] WARNING: Collection complete!
[2025-06-09 06:47:40] WARNING: - 0 trust assignments processed
[2025-06-09 06:47:40] WARNING: - 2 users in trust network
[2025-06-09 06:47:40] WARNING: - 31 total trust relationships
[2025-06-09 06:57:33] WARNING: === Starting Twitter Trust System Collection ===
[2025-06-09 06:57:33] WARNING: Will collect tweets until reaching previous timestamp: 2025-05-12 06:54:05+00:00
[2025-06-09 06:57:33] WARNING: Retrieving page 1...
[2025-06-09 06:57:35] WARNING: Newest tweet is from: 2025-05-12 06:54:05+00:00
[2025-06-09 06:57:35] WARNING: Reached stop point at tweet from 2025-05-12 06:54:05+00:00
[2025-06-09 06:57:35] WARNING: Retrieved 0 new tweets on page 1
[2025-06-09 06:57:35] WARNING: Stopping pagination as we've reached the stop point
[2025-06-09 06:57:35] WARNING: Retrieved a total of 0 tweets across 1 pages
[2025-06-09 06:57:35] WARNING: No new tweets found with trust commands. Exiting without error.
[2025-06-09 06:57:35] WARNING: Collection complete!
[2025-06-09 06:57:35] WARNING: - 0 trust assignments processed
[2025-06-09 06:57:35] WARNING: - 2 users in trust network
[2025-06-09 06:57:35] WARNING: - 31 total trust relationships
[2025-06-09 07:07:33] WARNING: === Starting Twitter Trust System Collection ===
[2025-06-09 07:07:33] WARNING: Will collect tweets until reaching previous timestamp: 2025-05-12 06:54:05+00:00
[2025-06-09 07:07:33] WARNING: Retrieving page 1...
[2025-06-09 07:07:35] WARNING: Newest tweet is from: 2025-05-12 06:54:05+00:00
[2025-06-09 07:07:35] WARNING: Reached stop point at tweet from 2025-05-12 06:54:05+00:00
[2025-06-09 07:07:35] WARNING: Retrieved 0 new tweets on page 1
[2025-06-09 07:07:35] WARNING: Stopping pagination as we've reached the stop point
[2025-06-09 07:07:35] WARNING: Retrieved a total of 0 tweets across 1 pages
[2025-06-09 07:07:35] WARNING: No new tweets found with trust commands. Exiting without error.
[2025-06-09 07:07:35] WARNING: Collection complete!
[2025-06-09 07:07:35] WARNING: - 0 trust assignments processed
[2025-06-09 07:07:35] WARNING: - 2 users in trust network
[2025-06-09 07:07:35] WARNING: - 31 total trust relationships
[2025-06-09 07:17:33] WARNING: === Starting Twitter Trust System Collection ===
[2025-06-09 07:17:33] WARNING: Will collect tweets until reaching previous timestamp: 2025-05-12 06:54:05+00:00
[2025-06-09 07:17:33] WARNING: Retrieving page 1...
[2025-06-09 07:17:35] WARNING: Newest tweet is from: 2025-05-12 06:54:05+00:00
[2025-06-09 07:17:35] WARNING: Reached stop point at tweet from 2025-05-12 06:54:05+00:00
[2025-06-09 07:17:35] WARNING: Retrieved 0 new tweets on page 1
[2025-06-09 07:17:35] WARNING: Stopping pagination as we've reached the stop point
[2025-06-09 07:17:35] WARNING: Retrieved a total of 0 tweets across 1 pages
[2025-06-09 07:17:35] WARNING: No new tweets found with trust commands. Exiting without error.
[2025-06-09 07:17:35] WARNING: Collection complete!
[2025-06-09 07:17:35] WARNING: - 0 trust assignments processed
[2025-06-09 07:17:35] WARNING: - 2 users in trust network
[2025-06-09 07:17:35] WARNING: - 31 total trust relationships
[2025-06-09 07:27:33] WARNING: === Starting Twitter Trust System Collection ===
[2025-06-09 07:27:33] WARNING: Will collect tweets until reaching previous timestamp: 2025-05-12 06:54:05+00:00
[2025-06-09 07:27:33] WARNING: Retrieving page 1...
[2025-06-09 07:27:35] WARNING: Newest tweet is from: 2025-05-12 06:54:05+00:00
[2025-06-09 07:27:35] WARNING: Reached stop point at tweet from 2025-05-12 06:54:05+00:00
[2025-06-09 07:27:35] WARNING: Retrieved 0 new tweets on page 1
[2025-06-09 07:27:35] WARNING: Stopping pagination as we've reached the stop point
[2025-06-09 07:27:35] WARNING: Retrieved a total of 0 tweets across 1 pages
[2025-06-09 07:27:35] WARNING: No new tweets found with trust commands. Exiting without error.
[2025-06-09 07:27:35] WARNING: Collection complete!
[2025-06-09 07:27:35] WARNING: - 0 trust assignments processed
[2025-06-09 07:27:35] WARNING: - 2 users in trust network
[2025-06-09 07:27:35] WARNING: - 31 total trust relationships
[2025-06-09 07:37:33] WARNING: === Starting Twitter Trust System Collection ===
[2025-06-09 07:37:33] WARNING: Will collect tweets until reaching previous timestamp: 2025-05-12 06:54:05+00:00
[2025-06-09 07:37:33] WARNING: Retrieving page 1...
[2025-06-09 07:37:35] WARNING: Newest tweet is from: 2025-05-12 06:54:05+00:00
[2025-06-09 07:37:35] WARNING: Reached stop point at tweet from 2025-05-12 06:54:05+00:00
[2025-06-09 07:37:35] WARNING: Retrieved 0 new tweets on page 1
[2025-06-09 07:37:35] WARNING: Stopping pagination as we've reached the stop point
[2025-06-09 07:37:35] WARNING: Retrieved a total of 0 tweets across 1 pages
[2025-06-09 07:37:35] WARNING: No new tweets found with trust commands. Exiting without error.
[2025-06-09 07:37:35] WARNING: Collection complete!
[2025-06-09 07:37:35] WARNING: - 0 trust assignments processed
[2025-06-09 07:37:35] WARNING: - 2 users in trust network
[2025-06-09 07:37:35] WARNING: - 31 total trust relationships
[2025-06-09 07:47:33] WARNING: === Starting Twitter Trust System Collection ===
[2025-06-09 07:47:33] WARNING: Will collect tweets until reaching previous timestamp: 2025-05-12 06:54:05+00:00
[2025-06-09 07:47:33] WARNING: Retrieving page 1...
[2025-06-09 07:47:35] WARNING: Newest tweet is from: 2025-05-12 06:54:05+00:00
[2025-06-09 07:47:35] WARNING: Reached stop point at tweet from 2025-05-12 06:54:05+00:00
[2025-06-09 07:47:35] WARNING: Retrieved 0 new tweets on page 1
[2025-06-09 07:47:35] WARNING: Stopping pagination as we've reached the stop point
[2025-06-09 07:47:35] WARNING: Retrieved a total of 0 tweets across 1 pages
[2025-06-09 07:47:35] WARNING: No new tweets found with trust commands. Exiting without error.
[2025-06-09 07:47:35] WARNING: Collection complete!
[2025-06-09 07:47:35] WARNING: - 0 trust assignments processed
[2025-06-09 07:47:35] WARNING: - 2 users in trust network
[2025-06-09 07:47:35] WARNING: - 31 total trust relationships
[2025-06-09 07:57:34] WARNING: === Starting Twitter Trust System Collection ===
[2025-06-09 07:57:34] WARNING: Will collect tweets until reaching previous timestamp: 2025-05-12 06:54:05+00:00
[2025-06-09 07:57:34] WARNING: Retrieving page 1...
[2025-06-09 07:57:35] WARNING: Newest tweet is from: 2025-05-12 06:54:05+00:00
[2025-06-09 07:57:35] WARNING: Reached stop point at tweet from 2025-05-12 06:54:05+00:00
[2025-06-09 07:57:35] WARNING: Retrieved 0 new tweets on page 1
[2025-06-09 07:57:35] WARNING: Stopping pagination as we've reached the stop point
[2025-06-09 07:57:35] WARNING: Retrieved a total of 0 tweets across 1 pages
[2025-06-09 07:57:35] WARNING: No new tweets found with trust commands. Exiting without error.
[2025-06-09 07:57:35] WARNING: Collection complete!
[2025-06-09 07:57:35] WARNING: - 0 trust assignments processed
[2025-06-09 07:57:35] WARNING: - 2 users in trust network
[2025-06-09 07:57:35] WARNING: - 31 total trust relationships
[2025-06-09 08:07:33] WARNING: === Starting Twitter Trust System Collection ===
[2025-06-09 08:07:33] WARNING: Will collect tweets until reaching previous timestamp: 2025-05-12 06:54:05+00:00
[2025-06-09 08:07:33] WARNING: Retrieving page 1...
[2025-06-09 08:07:35] WARNING: Newest tweet is from: 2025-05-12 06:54:05+00:00
[2025-06-09 08:07:35] WARNING: Reached stop point at tweet from 2025-05-12 06:54:05+00:00
[2025-06-09 08:07:35] WARNING: Retrieved 0 new tweets on page 1
[2025-06-09 08:07:35] WARNING: Stopping pagination as we've reached the stop point
[2025-06-09 08:07:35] WARNING: Retrieved a total of 0 tweets across 1 pages
[2025-06-09 08:07:35] WARNING: No new tweets found with trust commands. Exiting without error.
[2025-06-09 08:07:35] WARNING: Collection complete!
[2025-06-09 08:07:35] WARNING: - 0 trust assignments processed
[2025-06-09 08:07:35] WARNING: - 2 users in trust network
[2025-06-09 08:07:35] WARNING: - 31 total trust relationships
[2025-06-09 08:17:33] WARNING: === Starting Twitter Trust System Collection ===
[2025-06-09 08:17:33] WARNING: Will collect tweets until reaching previous timestamp: 2025-05-12 06:54:05+00:00
[2025-06-09 08:17:33] WARNING: Retrieving page 1...
[2025-06-09 08:17:35] WARNING: Newest tweet is from: 2025-05-12 06:54:05+00:00
[2025-06-09 08:17:35] WARNING: Reached stop point at tweet from 2025-05-12 06:54:05+00:00
[2025-06-09 08:17:35] WARNING: Retrieved 0 new tweets on page 1
[2025-06-09 08:17:35] WARNING: Stopping pagination as we've reached the stop point
[2025-06-09 08:17:35] WARNING: Retrieved a total of 0 tweets across 1 pages
[2025-06-09 08:17:35] WARNING: No new tweets found with trust commands. Exiting without error.
[2025-06-09 08:17:35] WARNING: Collection complete!
[2025-06-09 08:17:35] WARNING: - 0 trust assignments processed
[2025-06-09 08:17:35] WARNING: - 2 users in trust network
[2025-06-09 08:17:35] WARNING: - 31 total trust relationships
[2025-06-09 08:27:33] WARNING: === Starting Twitter Trust System Collection ===
[2025-06-09 08:27:33] WARNING: Will collect tweets until reaching previous timestamp: 2025-05-12 06:54:05+00:00
[2025-06-09 08:27:33] WARNING: Retrieving page 1...
[2025-06-09 08:27:35] WARNING: Newest tweet is from: 2025-05-12 06:54:05+00:00
[2025-06-09 08:27:35] WARNING: Reached stop point at tweet from 2025-05-12 06:54:05+00:00
[2025-06-09 08:27:35] WARNING: Retrieved 0 new tweets on page 1
[2025-06-09 08:27:35] WARNING: Stopping pagination as we've reached the stop point
[2025-06-09 08:27:35] WARNING: Retrieved a total of 0 tweets across 1 pages
[2025-06-09 08:27:35] WARNING: No new tweets found with trust commands. Exiting without error.
[2025-06-09 08:27:35] WARNING: Collection complete!
[2025-06-09 08:27:35] WARNING: - 0 trust assignments processed
[2025-06-09 08:27:35] WARNING: - 2 users in trust network
[2025-06-09 08:27:35] WARNING: - 31 total trust relationships
[2025-06-09 08:37:33] WARNING: === Starting Twitter Trust System Collection ===
[2025-06-09 08:37:33] WARNING: Will collect tweets until reaching previous timestamp: 2025-05-12 06:54:05+00:00
[2025-06-09 08:37:33] WARNING: Retrieving page 1...
[2025-06-09 08:37:35] WARNING: Newest tweet is from: 2025-05-12 06:54:05+00:00
[2025-06-09 08:37:35] WARNING: Reached stop point at tweet from 2025-05-12 06:54:05+00:00
[2025-06-09 08:37:35] WARNING: Retrieved 0 new tweets on page 1
[2025-06-09 08:37:35] WARNING: Stopping pagination as we've reached the stop point
[2025-06-09 08:37:35] WARNING: Retrieved a total of 0 tweets across 1 pages
[2025-06-09 08:37:35] WARNING: No new tweets found with trust commands. Exiting without error.
[2025-06-09 08:37:35] WARNING: Collection complete!
[2025-06-09 08:37:35] WARNING: - 0 trust assignments processed
[2025-06-09 08:37:35] WARNING: - 2 users in trust network
[2025-06-09 08:37:35] WARNING: - 31 total trust relationships
[2025-06-09 08:47:33] WARNING: === Starting Twitter Trust System Collection ===
[2025-06-09 08:47:33] WARNING: Will collect tweets until reaching previous timestamp: 2025-05-12 06:54:05+00:00
[2025-06-09 08:47:33] WARNING: Retrieving page 1...
[2025-06-09 08:47:35] WARNING: Newest tweet is from: 2025-05-12 06:54:05+00:00
[2025-06-09 08:47:35] WARNING: Reached stop point at tweet from 2025-05-12 06:54:05+00:00
[2025-06-09 08:47:35] WARNING: Retrieved 0 new tweets on page 1
[2025-06-09 08:47:35] WARNING: Stopping pagination as we've reached the stop point
[2025-06-09 08:47:35] WARNING: Retrieved a total of 0 tweets across 1 pages
[2025-06-09 08:47:35] WARNING: No new tweets found with trust commands. Exiting without error.
[2025-06-09 08:47:35] WARNING: Collection complete!
[2025-06-09 08:47:35] WARNING: - 0 trust assignments processed
[2025-06-09 08:47:35] WARNING: - 2 users in trust network
[2025-06-09 08:47:35] WARNING: - 31 total trust relationships
[2025-06-09 08:57:33] WARNING: === Starting Twitter Trust System Collection ===
[2025-06-09 08:57:33] WARNING: Will collect tweets until reaching previous timestamp: 2025-05-12 06:54:05+00:00
[2025-06-09 08:57:33] WARNING: Retrieving page 1...
[2025-06-09 08:57:35] WARNING: Newest tweet is from: 2025-05-12 06:54:05+00:00
[2025-06-09 08:57:35] WARNING: Reached stop point at tweet from 2025-05-12 06:54:05+00:00
[2025-06-09 08:57:35] WARNING: Retrieved 0 new tweets on page 1
[2025-06-09 08:57:35] WARNING: Stopping pagination as we've reached the stop point
[2025-06-09 08:57:35] WARNING: Retrieved a total of 0 tweets across 1 pages
[2025-06-09 08:57:35] WARNING: No new tweets found with trust commands. Exiting without error.
[2025-06-09 08:57:35] WARNING: Collection complete!
[2025-06-09 08:57:35] WARNING: - 0 trust assignments processed
[2025-06-09 08:57:35] WARNING: - 2 users in trust network
[2025-06-09 08:57:35] WARNING: - 31 total trust relationships
[2025-06-09 09:07:33] WARNING: === Starting Twitter Trust System Collection ===
[2025-06-09 09:07:33] WARNING: Will collect tweets until reaching previous timestamp: 2025-05-12 06:54:05+00:00
[2025-06-09 09:07:33] WARNING: Retrieving page 1...
[2025-06-09 09:07:35] WARNING: Newest tweet is from: 2025-05-12 06:54:05+00:00
[2025-06-09 09:07:35] WARNING: Reached stop point at tweet from 2025-05-12 06:54:05+00:00
[2025-06-09 09:07:35] WARNING: Retrieved 0 new tweets on page 1
[2025-06-09 09:07:35] WARNING: Stopping pagination as we've reached the stop point
[2025-06-09 09:07:35] WARNING: Retrieved a total of 0 tweets across 1 pages
[2025-06-09 09:07:35] WARNING: No new tweets found with trust commands. Exiting without error.
[2025-06-09 09:07:35] WARNING: Collection complete!
[2025-06-09 09:07:35] WARNING: - 0 trust assignments processed
[2025-06-09 09:07:35] WARNING: - 2 users in trust network
[2025-06-09 09:07:35] WARNING: - 31 total trust relationships
[2025-06-09 09:17:33] WARNING: === Starting Twitter Trust System Collection ===
[2025-06-09 09:17:33] WARNING: Will collect tweets until reaching previous timestamp: 2025-05-12 06:54:05+00:00
[2025-06-09 09:17:33] WARNING: Retrieving page 1...
[2025-06-09 09:17:35] WARNING: Newest tweet is from: 2025-05-12 06:54:05+00:00
[2025-06-09 09:17:35] WARNING: Reached stop point at tweet from 2025-05-12 06:54:05+00:00
[2025-06-09 09:17:35] WARNING: Retrieved 0 new tweets on page 1
[2025-06-09 09:17:35] WARNING: Stopping pagination as we've reached the stop point
[2025-06-09 09:17:35] WARNING: Retrieved a total of 0 tweets across 1 pages
[2025-06-09 09:17:35] WARNING: No new tweets found with trust commands. Exiting without error.
[2025-06-09 09:17:35] WARNING: Collection complete!
[2025-06-09 09:17:35] WARNING: - 0 trust assignments processed
[2025-06-09 09:17:35] WARNING: - 2 users in trust network
[2025-06-09 09:17:35] WARNING: - 31 total trust relationships
[2025-06-09 09:27:33] WARNING: === Starting Twitter Trust System Collection ===
[2025-06-09 09:27:33] WARNING: Will collect tweets until reaching previous timestamp: 2025-05-12 06:54:05+00:00
[2025-06-09 09:27:33] WARNING: Retrieving page 1...
[2025-06-09 09:27:36] WARNING: Newest tweet is from: 2025-05-12 06:54:05+00:00
[2025-06-09 09:27:36] WARNING: Reached stop point at tweet from 2025-05-12 06:54:05+00:00
[2025-06-09 09:27:36] WARNING: Retrieved 0 new tweets on page 1
[2025-06-09 09:27:36] WARNING: Stopping pagination as we've reached the stop point
[2025-06-09 09:27:36] WARNING: Retrieved a total of 0 tweets across 1 pages
[2025-06-09 09:27:36] WARNING: No new tweets found with trust commands. Exiting without error.
[2025-06-09 09:27:36] WARNING: Collection complete!
[2025-06-09 09:27:36] WARNING: - 0 trust assignments processed
[2025-06-09 09:27:36] WARNING: - 2 users in trust network
[2025-06-09 09:27:36] WARNING: - 31 total trust relationships
[2025-06-09 09:37:33] WARNING: === Starting Twitter Trust System Collection ===
[2025-06-09 09:37:33] WARNING: Will collect tweets until reaching previous timestamp: 2025-05-12 06:54:05+00:00
[2025-06-09 09:37:33] WARNING: Retrieving page 1...
[2025-06-09 09:37:35] WARNING: Newest tweet is from: 2025-05-12 06:54:05+00:00
[2025-06-09 09:37:35] WARNING: Reached stop point at tweet from 2025-05-12 06:54:05+00:00
[2025-06-09 09:37:35] WARNING: Retrieved 0 new tweets on page 1
[2025-06-09 09:37:35] WARNING: Stopping pagination as we've reached the stop point
[2025-06-09 09:37:35] WARNING: Retrieved a total of 0 tweets across 1 pages
[2025-06-09 09:37:35] WARNING: No new tweets found with trust commands. Exiting without error.
[2025-06-09 09:37:35] WARNING: Collection complete!
[2025-06-09 09:37:35] WARNING: - 0 trust assignments processed
[2025-06-09 09:37:35] WARNING: - 2 users in trust network
[2025-06-09 09:37:35] WARNING: - 31 total trust relationships
[2025-06-09 09:47:33] WARNING: === Starting Twitter Trust System Collection ===
[2025-06-09 09:47:33] WARNING: Will collect tweets until reaching previous timestamp: 2025-05-12 06:54:05+00:00
[2025-06-09 09:47:33] WARNING: Retrieving page 1...
[2025-06-09 09:47:35] WARNING: Newest tweet is from: 2025-05-12 06:54:05+00:00
[2025-06-09 09:47:35] WARNING: Reached stop point at tweet from 2025-05-12 06:54:05+00:00
[2025-06-09 09:47:35] WARNING: Retrieved 0 new tweets on page 1
[2025-06-09 09:47:35] WARNING: Stopping pagination as we've reached the stop point
[2025-06-09 09:47:35] WARNING: Retrieved a total of 0 tweets across 1 pages
[2025-06-09 09:47:35] WARNING: No new tweets found with trust commands. Exiting without error.
[2025-06-09 09:47:35] WARNING: Collection complete!
[2025-06-09 09:47:35] WARNING: - 0 trust assignments processed
[2025-06-09 09:47:35] WARNING: - 2 users in trust network
[2025-06-09 09:47:35] WARNING: - 31 total trust relationships
[2025-06-09 09:57:33] WARNING: === Starting Twitter Trust System Collection ===
[2025-06-09 09:57:33] WARNING: Will collect tweets until reaching previous timestamp: 2025-05-12 06:54:05+00:00
[2025-06-09 09:57:33] WARNING: Retrieving page 1...
[2025-06-09 09:57:35] WARNING: Newest tweet is from: 2025-05-12 06:54:05+00:00
[2025-06-09 09:57:35] WARNING: Reached stop point at tweet from 2025-05-12 06:54:05+00:00
[2025-06-09 09:57:35] WARNING: Retrieved 0 new tweets on page 1
[2025-06-09 09:57:35] WARNING: Stopping pagination as we've reached the stop point
[2025-06-09 09:57:35] WARNING: Retrieved a total of 0 tweets across 1 pages
[2025-06-09 09:57:35] WARNING: No new tweets found with trust commands. Exiting without error.
[2025-06-09 09:57:35] WARNING: Collection complete!
[2025-06-09 09:57:35] WARNING: - 0 trust assignments processed
[2025-06-09 09:57:35] WARNING: - 2 users in trust network
[2025-06-09 09:57:35] WARNING: - 31 total trust relationships
[2025-06-09 10:07:33] WARNING: === Starting Twitter Trust System Collection ===
[2025-06-09 10:07:33] WARNING: Will collect tweets until reaching previous timestamp: 2025-05-12 06:54:05+00:00
[2025-06-09 10:07:33] WARNING: Retrieving page 1...
[2025-06-09 10:07:35] WARNING: Newest tweet is from: 2025-05-12 06:54:05+00:00
[2025-06-09 10:07:35] WARNING: Reached stop point at tweet from 2025-05-12 06:54:05+00:00
[2025-06-09 10:07:35] WARNING: Retrieved 0 new tweets on page 1
[2025-06-09 10:07:35] WARNING: Stopping pagination as we've reached the stop point
[2025-06-09 10:07:35] WARNING: Retrieved a total of 0 tweets across 1 pages
[2025-06-09 10:07:35] WARNING: No new tweets found with trust commands. Exiting without error.
[2025-06-09 10:07:35] WARNING: Collection complete!
[2025-06-09 10:07:35] WARNING: - 0 trust assignments processed
[2025-06-09 10:07:35] WARNING: - 2 users in trust network
[2025-06-09 10:07:35] WARNING: - 31 total trust relationships
[2025-06-09 10:17:33] WARNING: === Starting Twitter Trust System Collection ===
[2025-06-09 10:17:33] WARNING: Will collect tweets until reaching previous timestamp: 2025-05-12 06:54:05+00:00
[2025-06-09 10:17:33] WARNING: Retrieving page 1...
[2025-06-09 10:17:35] WARNING: Newest tweet is from: 2025-05-12 06:54:05+00:00
[2025-06-09 10:17:35] WARNING: Reached stop point at tweet from 2025-05-12 06:54:05+00:00
[2025-06-09 10:17:35] WARNING: Retrieved 0 new tweets on page 1
[2025-06-09 10:17:35] WARNING: Stopping pagination as we've reached the stop point
[2025-06-09 10:17:35] WARNING: Retrieved a total of 0 tweets across 1 pages
[2025-06-09 10:17:35] WARNING: No new tweets found with trust commands. Exiting without error.
[2025-06-09 10:17:35] WARNING: Collection complete!
[2025-06-09 10:17:35] WARNING: - 0 trust assignments processed
[2025-06-09 10:17:35] WARNING: - 2 users in trust network
[2025-06-09 10:17:35] WARNING: - 31 total trust relationships
[2025-06-09 10:27:34] WARNING: === Starting Twitter Trust System Collection ===
[2025-06-09 10:27:34] WARNING: Will collect tweets until reaching previous timestamp: 2025-05-12 06:54:05+00:00
[2025-06-09 10:27:34] WARNING: Retrieving page 1...
[2025-06-09 10:27:36] WARNING: Newest tweet is from: 2025-05-12 06:54:05+00:00
[2025-06-09 10:27:36] WARNING: Reached stop point at tweet from 2025-05-12 06:54:05+00:00
[2025-06-09 10:27:36] WARNING: Retrieved 0 new tweets on page 1
[2025-06-09 10:27:36] WARNING: Stopping pagination as we've reached the stop point
[2025-06-09 10:27:36] WARNING: Retrieved a total of 0 tweets across 1 pages
[2025-06-09 10:27:36] WARNING: No new tweets found with trust commands. Exiting without error.
[2025-06-09 10:27:36] WARNING: Collection complete!
[2025-06-09 10:27:36] WARNING: - 0 trust assignments processed
[2025-06-09 10:27:36] WARNING: - 2 users in trust network
[2025-06-09 10:27:36] WARNING: - 31 total trust relationships
[2025-06-09 10:37:36] WARNING: === Starting Twitter Trust System Collection ===
[2025-06-09 10:37:36] WARNING: Will collect tweets until reaching previous timestamp: 2025-05-12 06:54:05+00:00
[2025-06-09 10:37:36] WARNING: Retrieving page 1...
[2025-06-09 10:37:39] WARNING: Newest tweet is from: 2025-05-12 06:54:05+00:00
[2025-06-09 10:37:39] WARNING: Reached stop point at tweet from 2025-05-12 06:54:05+00:00
[2025-06-09 10:37:39] WARNING: Retrieved 0 new tweets on page 1
[2025-06-09 10:37:39] WARNING: Stopping pagination as we've reached the stop point
[2025-06-09 10:37:39] WARNING: Retrieved a total of 0 tweets across 1 pages
[2025-06-09 10:37:39] WARNING: No new tweets found with trust commands. Exiting without error.
[2025-06-09 10:37:39] WARNING: Collection complete!
[2025-06-09 10:37:39] WARNING: - 0 trust assignments processed
[2025-06-09 10:37:39] WARNING: - 2 users in trust network
[2025-06-09 10:37:39] WARNING: - 31 total trust relationships
[2025-06-09 10:47:35] WARNING: === Starting Twitter Trust System Collection ===
[2025-06-09 10:47:35] WARNING: Will collect tweets until reaching previous timestamp: 2025-05-12 06:54:05+00:00
[2025-06-09 10:47:35] WARNING: Retrieving page 1...
[2025-06-09 10:47:37] WARNING: Newest tweet is from: 2025-05-12 06:54:05+00:00
[2025-06-09 10:47:37] WARNING: Reached stop point at tweet from 2025-05-12 06:54:05+00:00
[2025-06-09 10:47:37] WARNING: Retrieved 0 new tweets on page 1
[2025-06-09 10:47:37] WARNING: Stopping pagination as we've reached the stop point
[2025-06-09 10:47:37] WARNING: Retrieved a total of 0 tweets across 1 pages
[2025-06-09 10:47:37] WARNING: No new tweets found with trust commands. Exiting without error.
[2025-06-09 10:47:37] WARNING: Collection complete!
[2025-06-09 10:47:37] WARNING: - 0 trust assignments processed
[2025-06-09 10:47:37] WARNING: - 2 users in trust network
[2025-06-09 10:47:37] WARNING: - 31 total trust relationships
[2025-06-09 10:57:35] WARNING: === Starting Twitter Trust System Collection ===
[2025-06-09 10:57:35] WARNING: Will collect tweets until reaching previous timestamp: 2025-05-12 06:54:05+00:00
[2025-06-09 10:57:35] WARNING: Retrieving page 1...
[2025-06-09 10:57:36] WARNING: Newest tweet is from: 2025-05-12 06:54:05+00:00
[2025-06-09 10:57:36] WARNING: Reached stop point at tweet from 2025-05-12 06:54:05+00:00
[2025-06-09 10:57:36] WARNING: Retrieved 0 new tweets on page 1
[2025-06-09 10:57:36] WARNING: Stopping pagination as we've reached the stop point
[2025-06-09 10:57:36] WARNING: Retrieved a total of 0 tweets across 1 pages
[2025-06-09 10:57:36] WARNING: No new tweets found with trust commands. Exiting without error.
[2025-06-09 10:57:36] WARNING: Collection complete!
[2025-06-09 10:57:36] WARNING: - 0 trust assignments processed
[2025-06-09 10:57:36] WARNING: - 2 users in trust network
[2025-06-09 10:57:36] WARNING: - 31 total trust relationships
[2025-06-09 11:07:32] WARNING: === Starting Twitter Trust System Collection ===
[2025-06-09 11:07:32] WARNING: Will collect tweets until reaching previous timestamp: 2025-05-12 06:54:05+00:00
[2025-06-09 11:07:32] WARNING: Retrieving page 1...
[2025-06-09 11:07:34] WARNING: Newest tweet is from: 2025-05-12 06:54:05+00:00
[2025-06-09 11:07:34] WARNING: Reached stop point at tweet from 2025-05-12 06:54:05+00:00
[2025-06-09 11:07:34] WARNING: Retrieved 0 new tweets on page 1
[2025-06-09 11:07:34] WARNING: Stopping pagination as we've reached the stop point
[2025-06-09 11:07:34] WARNING: Retrieved a total of 0 tweets across 1 pages
[2025-06-09 11:07:34] WARNING: No new tweets found with trust commands. Exiting without error.
[2025-06-09 11:07:34] WARNING: Collection complete!
[2025-06-09 11:07:34] WARNING: - 0 trust assignments processed
[2025-06-09 11:07:34] WARNING: - 2 users in trust network
[2025-06-09 11:07:34] WARNING: - 31 total trust relationships
[2025-06-09 11:17:32] WARNING: === Starting Twitter Trust System Collection ===
[2025-06-09 11:17:32] WARNING: Will collect tweets until reaching previous timestamp: 2025-05-12 06:54:05+00:00
[2025-06-09 11:17:32] WARNING: Retrieving page 1...
[2025-06-09 11:17:35] WARNING: Newest tweet is from: 2025-05-12 06:54:05+00:00
[2025-06-09 11:17:35] WARNING: Reached stop point at tweet from 2025-05-12 06:54:05+00:00
[2025-06-09 11:17:35] WARNING: Retrieved 0 new tweets on page 1
[2025-06-09 11:17:35] WARNING: Stopping pagination as we've reached the stop point
[2025-06-09 11:17:35] WARNING: Retrieved a total of 0 tweets across 1 pages
[2025-06-09 11:17:35] WARNING: No new tweets found with trust commands. Exiting without error.
[2025-06-09 11:17:35] WARNING: Collection complete!
[2025-06-09 11:17:35] WARNING: - 0 trust assignments processed
[2025-06-09 11:17:35] WARNING: - 2 users in trust network
[2025-06-09 11:17:35] WARNING: - 31 total trust relationships
[2025-06-09 11:27:32] WARNING: === Starting Twitter Trust System Collection ===
[2025-06-09 11:27:32] WARNING: Will collect tweets until reaching previous timestamp: 2025-05-12 06:54:05+00:00
[2025-06-09 11:27:32] WARNING: Retrieving page 1...
[2025-06-09 11:27:34] WARNING: Newest tweet is from: 2025-05-12 06:54:05+00:00
[2025-06-09 11:27:34] WARNING: Reached stop point at tweet from 2025-05-12 06:54:05+00:00
[2025-06-09 11:27:34] WARNING: Retrieved 0 new tweets on page 1
[2025-06-09 11:27:34] WARNING: Stopping pagination as we've reached the stop point
[2025-06-09 11:27:34] WARNING: Retrieved a total of 0 tweets across 1 pages
[2025-06-09 11:27:34] WARNING: No new tweets found with trust commands. Exiting without error.
[2025-06-09 11:27:34] WARNING: Collection complete!
[2025-06-09 11:27:34] WARNING: - 0 trust assignments processed
[2025-06-09 11:27:34] WARNING: - 2 users in trust network
[2025-06-09 11:27:34] WARNING: - 31 total trust relationships
[2025-06-09 11:37:32] WARNING: === Starting Twitter Trust System Collection ===
[2025-06-09 11:37:32] WARNING: Will collect tweets until reaching previous timestamp: 2025-05-12 06:54:05+00:00
[2025-06-09 11:37:32] WARNING: Retrieving page 1...
[2025-06-09 11:37:34] WARNING: Newest tweet is from: 2025-05-12 06:54:05+00:00
[2025-06-09 11:37:34] WARNING: Reached stop point at tweet from 2025-05-12 06:54:05+00:00
[2025-06-09 11:37:34] WARNING: Retrieved 0 new tweets on page 1
[2025-06-09 11:37:34] WARNING: Stopping pagination as we've reached the stop point
[2025-06-09 11:37:34] WARNING: Retrieved a total of 0 tweets across 1 pages
[2025-06-09 11:37:34] WARNING: No new tweets found with trust commands. Exiting without error.
[2025-06-09 11:37:34] WARNING: Collection complete!
[2025-06-09 11:37:34] WARNING: - 0 trust assignments processed
[2025-06-09 11:37:34] WARNING: - 2 users in trust network
[2025-06-09 11:37:34] WARNING: - 31 total trust relationships
[2025-06-09 11:47:33] WARNING: === Starting Twitter Trust System Collection ===
[2025-06-09 11:47:33] WARNING: Will collect tweets until reaching previous timestamp: 2025-05-12 06:54:05+00:00
[2025-06-09 11:47:33] WARNING: Retrieving page 1...
[2025-06-09 11:47:36] WARNING: Newest tweet is from: 2025-05-12 06:54:05+00:00
[2025-06-09 11:47:36] WARNING: Reached stop point at tweet from 2025-05-12 06:54:05+00:00
[2025-06-09 11:47:36] WARNING: Retrieved 0 new tweets on page 1
[2025-06-09 11:47:36] WARNING: Stopping pagination as we've reached the stop point
[2025-06-09 11:47:36] WARNING: Retrieved a total of 0 tweets across 1 pages
[2025-06-09 11:47:36] WARNING: No new tweets found with trust commands. Exiting without error.
[2025-06-09 11:47:36] WARNING: Collection complete!
[2025-06-09 11:47:36] WARNING: - 0 trust assignments processed
[2025-06-09 11:47:36] WARNING: - 2 users in trust network
[2025-06-09 11:47:36] WARNING: - 31 total trust relationships
[2025-06-09 11:57:32] WARNING: === Starting Twitter Trust System Collection ===
[2025-06-09 11:57:32] WARNING: Will collect tweets until reaching previous timestamp: 2025-05-12 06:54:05+00:00
[2025-06-09 11:57:32] WARNING: Retrieving page 1...
[2025-06-09 11:57:34] WARNING: Newest tweet is from: 2025-05-12 06:54:05+00:00
[2025-06-09 11:57:34] WARNING: Reached stop point at tweet from 2025-05-12 06:54:05+00:00
[2025-06-09 11:57:34] WARNING: Retrieved 0 new tweets on page 1
[2025-06-09 11:57:34] WARNING: Stopping pagination as we've reached the stop point
[2025-06-09 11:57:34] WARNING: Retrieved a total of 0 tweets across 1 pages
[2025-06-09 11:57:34] WARNING: No new tweets found with trust commands. Exiting without error.
[2025-06-09 11:57:34] WARNING: Collection complete!
[2025-06-09 11:57:34] WARNING: - 0 trust assignments processed
[2025-06-09 11:57:34] WARNING: - 2 users in trust network
[2025-06-09 11:57:34] WARNING: - 31 total trust relationships
