[2025-05-15 23:17:34] WARNING: Will collect tweets until reaching previous timestamp: 2025-05-12 06:54:05+00:00
[2025-05-15 23:17:34] WARNING: Retrieving page 1...
[2025-05-15 23:17:35] WARNING: Newest tweet is from: 2025-05-12 06:54:05+00:00
[2025-05-15 23:17:35] WARNING: Reached stop point at tweet from 2025-05-12 06:54:05+00:00
[2025-05-15 23:17:35] WARNING: Retrieved 0 new tweets on page 1
[2025-05-15 23:17:35] WARNING: Stopping pagination as we've reached the stop point
[2025-05-15 23:17:35] WARNING: Retrieved a total of 0 tweets across 1 pages
[2025-05-15 23:17:35] WARNING: No new tweets found with trust commands. Exiting without error.
[2025-05-15 23:17:35] WARNING: Collection complete!
[2025-05-15 23:17:35] WARNING: - 0 trust assignments processed
[2025-05-15 23:17:35] WARNING: - 2 users in trust network
[2025-05-15 23:17:35] WARNING: - 31 total trust relationships
[2025-05-15 23:27:33] WARNING: === Starting Twitter Trust System Collection ===
[2025-05-15 23:27:33] WARNING: Will collect tweets until reaching previous timestamp: 2025-05-12 06:54:05+00:00
[2025-05-15 23:27:33] WARNING: Retrieving page 1...
[2025-05-15 23:27:35] WARNING: Newest tweet is from: 2025-05-12 06:54:05+00:00
[2025-05-15 23:27:35] WARNING: Reached stop point at tweet from 2025-05-12 06:54:05+00:00
[2025-05-15 23:27:35] WARNING: Retrieved 0 new tweets on page 1
[2025-05-15 23:27:35] WARNING: Stopping pagination as we've reached the stop point
[2025-05-15 23:27:35] WARNING: Retrieved a total of 0 tweets across 1 pages
[2025-05-15 23:27:35] WARNING: No new tweets found with trust commands. Exiting without error.
[2025-05-15 23:27:35] WARNING: Collection complete!
[2025-05-15 23:27:35] WARNING: - 0 trust assignments processed
[2025-05-15 23:27:35] WARNING: - 2 users in trust network
[2025-05-15 23:27:35] WARNING: - 31 total trust relationships
[2025-05-15 23:37:34] WARNING: === Starting Twitter Trust System Collection ===
[2025-05-15 23:37:34] WARNING: Will collect tweets until reaching previous timestamp: 2025-05-12 06:54:05+00:00
[2025-05-15 23:37:34] WARNING: Retrieving page 1...
[2025-05-15 23:37:35] WARNING: Newest tweet is from: 2025-05-12 06:54:05+00:00
[2025-05-15 23:37:35] WARNING: Reached stop point at tweet from 2025-05-12 06:54:05+00:00
[2025-05-15 23:37:35] WARNING: Retrieved 0 new tweets on page 1
[2025-05-15 23:37:35] WARNING: Stopping pagination as we've reached the stop point
[2025-05-15 23:37:35] WARNING: Retrieved a total of 0 tweets across 1 pages
[2025-05-15 23:37:35] WARNING: No new tweets found with trust commands. Exiting without error.
[2025-05-15 23:37:35] WARNING: Collection complete!
[2025-05-15 23:37:35] WARNING: - 0 trust assignments processed
[2025-05-15 23:37:35] WARNING: - 2 users in trust network
[2025-05-15 23:37:35] WARNING: - 31 total trust relationships
[2025-05-16 11:16:52] WARNING: === Starting Twitter Trust System Collection ===
[2025-05-16 11:16:52] WARNING: Will collect tweets until reaching previous timestamp: 2025-05-12 06:54:05+00:00
[2025-05-16 11:16:52] WARNING: Retrieving page 1...
[2025-05-16 11:16:54] WARNING: Newest tweet is from: 2025-05-12 06:54:05+00:00
[2025-05-16 11:16:54] WARNING: Reached stop point at tweet from 2025-05-12 06:54:05+00:00
[2025-05-16 11:16:54] WARNING: Retrieved 0 new tweets on page 1
[2025-05-16 11:16:54] WARNING: Stopping pagination as we've reached the stop point
[2025-05-16 11:16:54] WARNING: Retrieved a total of 0 tweets across 1 pages
[2025-05-16 11:16:54] WARNING: No new tweets found with trust commands. Exiting without error.
[2025-05-16 11:16:54] WARNING: Collection complete!
[2025-05-16 11:16:54] WARNING: - 0 trust assignments processed
[2025-05-16 11:16:54] WARNING: - 2 users in trust network
[2025-05-16 11:16:54] WARNING: - 31 total trust relationships
[2025-05-16 11:17:33] WARNING: === Starting Twitter Trust System Collection ===
[2025-05-16 11:17:33] WARNING: Will collect tweets until reaching previous timestamp: 2025-05-12 06:54:05+00:00
[2025-05-16 11:17:33] WARNING: Retrieving page 1...
[2025-05-16 11:17:35] WARNING: Newest tweet is from: 2025-05-12 06:54:05+00:00
[2025-05-16 11:17:35] WARNING: Reached stop point at tweet from 2025-05-12 06:54:05+00:00
[2025-05-16 11:17:35] WARNING: Retrieved 0 new tweets on page 1
[2025-05-16 11:17:35] WARNING: Stopping pagination as we've reached the stop point
[2025-05-16 11:17:35] WARNING: Retrieved a total of 0 tweets across 1 pages
[2025-05-16 11:17:35] WARNING: No new tweets found with trust commands. Exiting without error.
[2025-05-16 11:17:35] WARNING: Collection complete!
[2025-05-16 11:17:35] WARNING: - 0 trust assignments processed
[2025-05-16 11:17:35] WARNING: - 2 users in trust network
[2025-05-16 11:17:35] WARNING: - 31 total trust relationships
[2025-05-16 11:27:33] WARNING: === Starting Twitter Trust System Collection ===
[2025-05-16 11:27:33] WARNING: Will collect tweets until reaching previous timestamp: 2025-05-12 06:54:05+00:00
[2025-05-16 11:27:33] WARNING: Retrieving page 1...
[2025-05-16 11:27:36] WARNING: Newest tweet is from: 2025-05-12 06:54:05+00:00
[2025-05-16 11:27:36] WARNING: Reached stop point at tweet from 2025-05-12 06:54:05+00:00
[2025-05-16 11:27:36] WARNING: Retrieved 0 new tweets on page 1
[2025-05-16 11:27:36] WARNING: Stopping pagination as we've reached the stop point
[2025-05-16 11:27:36] WARNING: Retrieved a total of 0 tweets across 1 pages
[2025-05-16 11:27:36] WARNING: No new tweets found with trust commands. Exiting without error.
[2025-05-16 11:27:36] WARNING: Collection complete!
[2025-05-16 11:27:36] WARNING: - 0 trust assignments processed
[2025-05-16 11:27:36] WARNING: - 2 users in trust network
[2025-05-16 11:27:36] WARNING: - 31 total trust relationships
[2025-05-16 11:37:33] WARNING: === Starting Twitter Trust System Collection ===
[2025-05-16 11:37:33] WARNING: Will collect tweets until reaching previous timestamp: 2025-05-12 06:54:05+00:00
[2025-05-16 11:37:33] WARNING: Retrieving page 1...
[2025-05-16 11:37:36] WARNING: Newest tweet is from: 2025-05-12 06:54:05+00:00
[2025-05-16 11:37:36] WARNING: Reached stop point at tweet from 2025-05-12 06:54:05+00:00
[2025-05-16 11:37:36] WARNING: Retrieved 0 new tweets on page 1
[2025-05-16 11:37:36] WARNING: Stopping pagination as we've reached the stop point
[2025-05-16 11:37:36] WARNING: Retrieved a total of 0 tweets across 1 pages
[2025-05-16 11:37:36] WARNING: No new tweets found with trust commands. Exiting without error.
[2025-05-16 11:37:36] WARNING: Collection complete!
[2025-05-16 11:37:36] WARNING: - 0 trust assignments processed
[2025-05-16 11:37:36] WARNING: - 2 users in trust network
[2025-05-16 11:37:36] WARNING: - 31 total trust relationships
[2025-05-16 11:47:33] WARNING: === Starting Twitter Trust System Collection ===
[2025-05-16 11:47:33] WARNING: Will collect tweets until reaching previous timestamp: 2025-05-12 06:54:05+00:00
[2025-05-16 11:47:33] WARNING: Retrieving page 1...
[2025-05-16 11:47:36] WARNING: Newest tweet is from: 2025-05-12 06:54:05+00:00
[2025-05-16 11:47:36] WARNING: Reached stop point at tweet from 2025-05-12 06:54:05+00:00
[2025-05-16 11:47:36] WARNING: Retrieved 0 new tweets on page 1
[2025-05-16 11:47:36] WARNING: Stopping pagination as we've reached the stop point
[2025-05-16 11:47:36] WARNING: Retrieved a total of 0 tweets across 1 pages
[2025-05-16 11:47:36] WARNING: No new tweets found with trust commands. Exiting without error.
[2025-05-16 11:47:36] WARNING: Collection complete!
[2025-05-16 11:47:36] WARNING: - 0 trust assignments processed
[2025-05-16 11:47:36] WARNING: - 2 users in trust network
[2025-05-16 11:47:36] WARNING: - 31 total trust relationships
[2025-05-16 11:57:33] WARNING: === Starting Twitter Trust System Collection ===
[2025-05-16 11:57:33] WARNING: Will collect tweets until reaching previous timestamp: 2025-05-12 06:54:05+00:00
[2025-05-16 11:57:33] WARNING: Retrieving page 1...
[2025-05-16 11:57:35] WARNING: Newest tweet is from: 2025-05-12 06:54:05+00:00
[2025-05-16 11:57:35] WARNING: Reached stop point at tweet from 2025-05-12 06:54:05+00:00
[2025-05-16 11:57:35] WARNING: Retrieved 0 new tweets on page 1
[2025-05-16 11:57:35] WARNING: Stopping pagination as we've reached the stop point
[2025-05-16 11:57:35] WARNING: Retrieved a total of 0 tweets across 1 pages
[2025-05-16 11:57:35] WARNING: No new tweets found with trust commands. Exiting without error.
[2025-05-16 11:57:35] WARNING: Collection complete!
[2025-05-16 11:57:35] WARNING: - 0 trust assignments processed
[2025-05-16 11:57:35] WARNING: - 2 users in trust network
[2025-05-16 11:57:35] WARNING: - 31 total trust relationships
[2025-05-16 12:07:33] WARNING: === Starting Twitter Trust System Collection ===
[2025-05-16 12:07:33] WARNING: Will collect tweets until reaching previous timestamp: 2025-05-12 06:54:05+00:00
[2025-05-16 12:07:33] WARNING: Retrieving page 1...
[2025-05-16 12:07:35] WARNING: Newest tweet is from: 2025-05-12 06:54:05+00:00
[2025-05-16 12:07:35] WARNING: Reached stop point at tweet from 2025-05-12 06:54:05+00:00
[2025-05-16 12:07:35] WARNING: Retrieved 0 new tweets on page 1
[2025-05-16 12:07:35] WARNING: Stopping pagination as we've reached the stop point
[2025-05-16 12:07:35] WARNING: Retrieved a total of 0 tweets across 1 pages
[2025-05-16 12:07:35] WARNING: No new tweets found with trust commands. Exiting without error.
[2025-05-16 12:07:35] WARNING: Collection complete!
[2025-05-16 12:07:35] WARNING: - 0 trust assignments processed
[2025-05-16 12:07:35] WARNING: - 2 users in trust network
[2025-05-16 12:07:35] WARNING: - 31 total trust relationships
[2025-05-16 12:17:33] WARNING: === Starting Twitter Trust System Collection ===
[2025-05-16 12:17:33] WARNING: Will collect tweets until reaching previous timestamp: 2025-05-12 06:54:05+00:00
[2025-05-16 12:17:33] WARNING: Retrieving page 1...
[2025-05-16 12:17:36] WARNING: Newest tweet is from: 2025-05-12 06:54:05+00:00
[2025-05-16 12:17:36] WARNING: Reached stop point at tweet from 2025-05-12 06:54:05+00:00
[2025-05-16 12:17:36] WARNING: Retrieved 0 new tweets on page 1
[2025-05-16 12:17:36] WARNING: Stopping pagination as we've reached the stop point
[2025-05-16 12:17:36] WARNING: Retrieved a total of 0 tweets across 1 pages
[2025-05-16 12:17:36] WARNING: No new tweets found with trust commands. Exiting without error.
[2025-05-16 12:17:36] WARNING: Collection complete!
[2025-05-16 12:17:36] WARNING: - 0 trust assignments processed
[2025-05-16 12:17:36] WARNING: - 2 users in trust network
[2025-05-16 12:17:36] WARNING: - 31 total trust relationships
[2025-05-16 12:27:33] WARNING: === Starting Twitter Trust System Collection ===
[2025-05-16 12:27:33] WARNING: Will collect tweets until reaching previous timestamp: 2025-05-12 06:54:05+00:00
[2025-05-16 12:27:33] WARNING: Retrieving page 1...
[2025-05-16 12:27:35] WARNING: Newest tweet is from: 2025-05-12 06:54:05+00:00
[2025-05-16 12:27:35] WARNING: Reached stop point at tweet from 2025-05-12 06:54:05+00:00
[2025-05-16 12:27:35] WARNING: Retrieved 0 new tweets on page 1
[2025-05-16 12:27:35] WARNING: Stopping pagination as we've reached the stop point
[2025-05-16 12:27:35] WARNING: Retrieved a total of 0 tweets across 1 pages
[2025-05-16 12:27:35] WARNING: No new tweets found with trust commands. Exiting without error.
[2025-05-16 12:27:35] WARNING: Collection complete!
[2025-05-16 12:27:35] WARNING: - 0 trust assignments processed
[2025-05-16 12:27:35] WARNING: - 2 users in trust network
[2025-05-16 12:27:35] WARNING: - 31 total trust relationships
[2025-05-16 12:37:33] WARNING: === Starting Twitter Trust System Collection ===
[2025-05-16 12:37:33] WARNING: Will collect tweets until reaching previous timestamp: 2025-05-12 06:54:05+00:00
[2025-05-16 12:37:33] WARNING: Retrieving page 1...
[2025-05-16 12:37:35] WARNING: Newest tweet is from: 2025-05-12 06:54:05+00:00
[2025-05-16 12:37:35] WARNING: Reached stop point at tweet from 2025-05-12 06:54:05+00:00
[2025-05-16 12:37:35] WARNING: Retrieved 0 new tweets on page 1
[2025-05-16 12:37:35] WARNING: Stopping pagination as we've reached the stop point
[2025-05-16 12:37:35] WARNING: Retrieved a total of 0 tweets across 1 pages
[2025-05-16 12:37:35] WARNING: No new tweets found with trust commands. Exiting without error.
[2025-05-16 12:37:35] WARNING: Collection complete!
[2025-05-16 12:37:35] WARNING: - 0 trust assignments processed
[2025-05-16 12:37:35] WARNING: - 2 users in trust network
[2025-05-16 12:37:35] WARNING: - 31 total trust relationships
[2025-05-16 12:47:33] WARNING: === Starting Twitter Trust System Collection ===
[2025-05-16 12:47:33] WARNING: Will collect tweets until reaching previous timestamp: 2025-05-12 06:54:05+00:00
[2025-05-16 12:47:33] WARNING: Retrieving page 1...
[2025-05-16 12:47:35] WARNING: Newest tweet is from: 2025-05-12 06:54:05+00:00
[2025-05-16 12:47:35] WARNING: Reached stop point at tweet from 2025-05-12 06:54:05+00:00
[2025-05-16 12:47:35] WARNING: Retrieved 0 new tweets on page 1
[2025-05-16 12:47:35] WARNING: Stopping pagination as we've reached the stop point
[2025-05-16 12:47:35] WARNING: Retrieved a total of 0 tweets across 1 pages
[2025-05-16 12:47:35] WARNING: No new tweets found with trust commands. Exiting without error.
[2025-05-16 12:47:35] WARNING: Collection complete!
[2025-05-16 12:47:35] WARNING: - 0 trust assignments processed
[2025-05-16 12:47:35] WARNING: - 2 users in trust network
[2025-05-16 12:47:35] WARNING: - 31 total trust relationships
[2025-05-16 12:57:33] WARNING: === Starting Twitter Trust System Collection ===
[2025-05-16 12:57:33] WARNING: Will collect tweets until reaching previous timestamp: 2025-05-12 06:54:05+00:00
[2025-05-16 12:57:33] WARNING: Retrieving page 1...
[2025-05-16 12:57:35] WARNING: Newest tweet is from: 2025-05-12 06:54:05+00:00
[2025-05-16 12:57:35] WARNING: Reached stop point at tweet from 2025-05-12 06:54:05+00:00
[2025-05-16 12:57:35] WARNING: Retrieved 0 new tweets on page 1
[2025-05-16 12:57:35] WARNING: Stopping pagination as we've reached the stop point
[2025-05-16 12:57:35] WARNING: Retrieved a total of 0 tweets across 1 pages
[2025-05-16 12:57:35] WARNING: No new tweets found with trust commands. Exiting without error.
[2025-05-16 12:57:35] WARNING: Collection complete!
[2025-05-16 12:57:35] WARNING: - 0 trust assignments processed
[2025-05-16 12:57:35] WARNING: - 2 users in trust network
[2025-05-16 12:57:35] WARNING: - 31 total trust relationships
[2025-05-16 13:07:33] WARNING: === Starting Twitter Trust System Collection ===
[2025-05-16 13:07:33] WARNING: Will collect tweets until reaching previous timestamp: 2025-05-12 06:54:05+00:00
[2025-05-16 13:07:33] WARNING: Retrieving page 1...
[2025-05-16 13:07:35] WARNING: Newest tweet is from: 2025-05-12 06:54:05+00:00
[2025-05-16 13:07:35] WARNING: Reached stop point at tweet from 2025-05-12 06:54:05+00:00
[2025-05-16 13:07:35] WARNING: Retrieved 0 new tweets on page 1
[2025-05-16 13:07:35] WARNING: Stopping pagination as we've reached the stop point
[2025-05-16 13:07:35] WARNING: Retrieved a total of 0 tweets across 1 pages
[2025-05-16 13:07:35] WARNING: No new tweets found with trust commands. Exiting without error.
[2025-05-16 13:07:35] WARNING: Collection complete!
[2025-05-16 13:07:35] WARNING: - 0 trust assignments processed
[2025-05-16 13:07:35] WARNING: - 2 users in trust network
[2025-05-16 13:07:35] WARNING: - 31 total trust relationships
[2025-05-16 13:17:34] WARNING: === Starting Twitter Trust System Collection ===
[2025-05-16 13:17:34] WARNING: Will collect tweets until reaching previous timestamp: 2025-05-12 06:54:05+00:00
[2025-05-16 13:17:34] WARNING: Retrieving page 1...
[2025-05-16 13:17:36] WARNING: Newest tweet is from: 2025-05-12 06:54:05+00:00
[2025-05-16 13:17:36] WARNING: Reached stop point at tweet from 2025-05-12 06:54:05+00:00
[2025-05-16 13:17:36] WARNING: Retrieved 0 new tweets on page 1
[2025-05-16 13:17:36] WARNING: Stopping pagination as we've reached the stop point
[2025-05-16 13:17:36] WARNING: Retrieved a total of 0 tweets across 1 pages
[2025-05-16 13:17:36] WARNING: No new tweets found with trust commands. Exiting without error.
[2025-05-16 13:17:36] WARNING: Collection complete!
[2025-05-16 13:17:36] WARNING: - 0 trust assignments processed
[2025-05-16 13:17:36] WARNING: - 2 users in trust network
[2025-05-16 13:17:36] WARNING: - 31 total trust relationships
[2025-05-16 13:27:33] WARNING: === Starting Twitter Trust System Collection ===
[2025-05-16 13:27:33] WARNING: Will collect tweets until reaching previous timestamp: 2025-05-12 06:54:05+00:00
[2025-05-16 13:27:33] WARNING: Retrieving page 1...
[2025-05-16 13:27:36] WARNING: Newest tweet is from: 2025-05-12 06:54:05+00:00
[2025-05-16 13:27:36] WARNING: Reached stop point at tweet from 2025-05-12 06:54:05+00:00
[2025-05-16 13:27:36] WARNING: Retrieved 0 new tweets on page 1
[2025-05-16 13:27:36] WARNING: Stopping pagination as we've reached the stop point
[2025-05-16 13:27:36] WARNING: Retrieved a total of 0 tweets across 1 pages
[2025-05-16 13:27:36] WARNING: No new tweets found with trust commands. Exiting without error.
[2025-05-16 13:27:36] WARNING: Collection complete!
[2025-05-16 13:27:36] WARNING: - 0 trust assignments processed
[2025-05-16 13:27:36] WARNING: - 2 users in trust network
[2025-05-16 13:27:36] WARNING: - 31 total trust relationships
[2025-05-16 13:37:33] WARNING: === Starting Twitter Trust System Collection ===
[2025-05-16 13:37:33] WARNING: Will collect tweets until reaching previous timestamp: 2025-05-12 06:54:05+00:00
[2025-05-16 13:37:33] WARNING: Retrieving page 1...
[2025-05-16 13:37:35] WARNING: Newest tweet is from: 2025-05-12 06:54:05+00:00
[2025-05-16 13:37:35] WARNING: Reached stop point at tweet from 2025-05-12 06:54:05+00:00
[2025-05-16 13:37:35] WARNING: Retrieved 0 new tweets on page 1
[2025-05-16 13:37:35] WARNING: Stopping pagination as we've reached the stop point
[2025-05-16 13:37:35] WARNING: Retrieved a total of 0 tweets across 1 pages
[2025-05-16 13:37:35] WARNING: No new tweets found with trust commands. Exiting without error.
[2025-05-16 13:37:35] WARNING: Collection complete!
[2025-05-16 13:37:35] WARNING: - 0 trust assignments processed
[2025-05-16 13:37:35] WARNING: - 2 users in trust network
[2025-05-16 13:37:35] WARNING: - 31 total trust relationships
[2025-05-16 13:47:33] WARNING: === Starting Twitter Trust System Collection ===
[2025-05-16 13:47:33] WARNING: Will collect tweets until reaching previous timestamp: 2025-05-12 06:54:05+00:00
[2025-05-16 13:47:33] WARNING: Retrieving page 1...
[2025-05-16 13:47:35] WARNING: Newest tweet is from: 2025-05-12 06:54:05+00:00
[2025-05-16 13:47:35] WARNING: Reached stop point at tweet from 2025-05-12 06:54:05+00:00
[2025-05-16 13:47:35] WARNING: Retrieved 0 new tweets on page 1
[2025-05-16 13:47:35] WARNING: Stopping pagination as we've reached the stop point
[2025-05-16 13:47:35] WARNING: Retrieved a total of 0 tweets across 1 pages
[2025-05-16 13:47:35] WARNING: No new tweets found with trust commands. Exiting without error.
[2025-05-16 13:47:35] WARNING: Collection complete!
[2025-05-16 13:47:35] WARNING: - 0 trust assignments processed
[2025-05-16 13:47:35] WARNING: - 2 users in trust network
[2025-05-16 13:47:35] WARNING: - 31 total trust relationships
[2025-05-16 13:57:33] WARNING: === Starting Twitter Trust System Collection ===
[2025-05-16 13:57:33] WARNING: Will collect tweets until reaching previous timestamp: 2025-05-12 06:54:05+00:00
[2025-05-16 13:57:33] WARNING: Retrieving page 1...
[2025-05-16 13:57:35] WARNING: Newest tweet is from: 2025-05-12 06:54:05+00:00
[2025-05-16 13:57:35] WARNING: Reached stop point at tweet from 2025-05-12 06:54:05+00:00
[2025-05-16 13:57:35] WARNING: Retrieved 0 new tweets on page 1
[2025-05-16 13:57:35] WARNING: Stopping pagination as we've reached the stop point
[2025-05-16 13:57:35] WARNING: Retrieved a total of 0 tweets across 1 pages
[2025-05-16 13:57:35] WARNING: No new tweets found with trust commands. Exiting without error.
[2025-05-16 13:57:35] WARNING: Collection complete!
[2025-05-16 13:57:35] WARNING: - 0 trust assignments processed
[2025-05-16 13:57:35] WARNING: - 2 users in trust network
[2025-05-16 13:57:35] WARNING: - 31 total trust relationships
[2025-05-16 14:07:33] WARNING: === Starting Twitter Trust System Collection ===
[2025-05-16 14:07:33] WARNING: Will collect tweets until reaching previous timestamp: 2025-05-12 06:54:05+00:00
[2025-05-16 14:07:33] WARNING: Retrieving page 1...
[2025-05-16 14:07:35] WARNING: Newest tweet is from: 2025-05-12 06:54:05+00:00
[2025-05-16 14:07:35] WARNING: Reached stop point at tweet from 2025-05-12 06:54:05+00:00
[2025-05-16 14:07:35] WARNING: Retrieved 0 new tweets on page 1
[2025-05-16 14:07:35] WARNING: Stopping pagination as we've reached the stop point
[2025-05-16 14:07:35] WARNING: Retrieved a total of 0 tweets across 1 pages
[2025-05-16 14:07:35] WARNING: No new tweets found with trust commands. Exiting without error.
[2025-05-16 14:07:35] WARNING: Collection complete!
[2025-05-16 14:07:35] WARNING: - 0 trust assignments processed
[2025-05-16 14:07:35] WARNING: - 2 users in trust network
[2025-05-16 14:07:35] WARNING: - 31 total trust relationships
[2025-05-16 14:17:34] WARNING: === Starting Twitter Trust System Collection ===
[2025-05-16 14:17:34] WARNING: Will collect tweets until reaching previous timestamp: 2025-05-12 06:54:05+00:00
[2025-05-16 14:17:34] WARNING: Retrieving page 1...
[2025-05-16 14:17:36] WARNING: Newest tweet is from: 2025-05-12 06:54:05+00:00
[2025-05-16 14:17:36] WARNING: Reached stop point at tweet from 2025-05-12 06:54:05+00:00
[2025-05-16 14:17:36] WARNING: Retrieved 0 new tweets on page 1
[2025-05-16 14:17:36] WARNING: Stopping pagination as we've reached the stop point
[2025-05-16 14:17:36] WARNING: Retrieved a total of 0 tweets across 1 pages
[2025-05-16 14:17:36] WARNING: No new tweets found with trust commands. Exiting without error.
[2025-05-16 14:17:36] WARNING: Collection complete!
[2025-05-16 14:17:36] WARNING: - 0 trust assignments processed
[2025-05-16 14:17:36] WARNING: - 2 users in trust network
[2025-05-16 14:17:36] WARNING: - 31 total trust relationships
[2025-05-16 14:27:33] WARNING: === Starting Twitter Trust System Collection ===
[2025-05-16 14:27:33] WARNING: Will collect tweets until reaching previous timestamp: 2025-05-12 06:54:05+00:00
[2025-05-16 14:27:33] WARNING: Retrieving page 1...
[2025-05-16 14:27:35] WARNING: Newest tweet is from: 2025-05-12 06:54:05+00:00
[2025-05-16 14:27:35] WARNING: Reached stop point at tweet from 2025-05-12 06:54:05+00:00
[2025-05-16 14:27:35] WARNING: Retrieved 0 new tweets on page 1
[2025-05-16 14:27:35] WARNING: Stopping pagination as we've reached the stop point
[2025-05-16 14:27:35] WARNING: Retrieved a total of 0 tweets across 1 pages
[2025-05-16 14:27:35] WARNING: No new tweets found with trust commands. Exiting without error.
[2025-05-16 14:27:35] WARNING: Collection complete!
[2025-05-16 14:27:35] WARNING: - 0 trust assignments processed
[2025-05-16 14:27:35] WARNING: - 2 users in trust network
[2025-05-16 14:27:35] WARNING: - 31 total trust relationships
