[2025-05-30 04:47:33] WARNING: === Starting Twitter Trust System Collection ===
[2025-05-30 04:47:33] WARNING: Will collect tweets until reaching previous timestamp: 2025-05-12 06:54:05+00:00
[2025-05-30 04:47:33] WARNING: Retrieving page 1...
[2025-05-30 04:47:35] WARNING: Newest tweet is from: 2025-05-12 06:54:05+00:00
[2025-05-30 04:47:35] WARNING: Reached stop point at tweet from 2025-05-12 06:54:05+00:00
[2025-05-30 04:47:35] WARNING: Retrieved 0 new tweets on page 1
[2025-05-30 04:47:35] WARNING: Stopping pagination as we've reached the stop point
[2025-05-30 04:47:35] WARNING: Retrieved a total of 0 tweets across 1 pages
[2025-05-30 04:47:35] WARNING: No new tweets found with trust commands. Exiting without error.
[2025-05-30 04:47:35] WARNING: Collection complete!
[2025-05-30 04:47:35] WARNING: - 0 trust assignments processed
[2025-05-30 04:47:35] WARNING: - 2 users in trust network
[2025-05-30 04:47:35] WARNING: - 31 total trust relationships
[2025-05-30 04:57:33] WARNING: === Starting Twitter Trust System Collection ===
[2025-05-30 04:57:33] WARNING: Will collect tweets until reaching previous timestamp: 2025-05-12 06:54:05+00:00
[2025-05-30 04:57:33] WARNING: Retrieving page 1...
[2025-05-30 04:57:35] WARNING: Newest tweet is from: 2025-05-12 06:54:05+00:00
[2025-05-30 04:57:35] WARNING: Reached stop point at tweet from 2025-05-12 06:54:05+00:00
[2025-05-30 04:57:35] WARNING: Retrieved 0 new tweets on page 1
[2025-05-30 04:57:35] WARNING: Stopping pagination as we've reached the stop point
[2025-05-30 04:57:35] WARNING: Retrieved a total of 0 tweets across 1 pages
[2025-05-30 04:57:35] WARNING: No new tweets found with trust commands. Exiting without error.
[2025-05-30 04:57:35] WARNING: Collection complete!
[2025-05-30 04:57:35] WARNING: - 0 trust assignments processed
[2025-05-30 04:57:35] WARNING: - 2 users in trust network
[2025-05-30 04:57:35] WARNING: - 31 total trust relationships
[2025-05-30 05:07:33] WARNING: === Starting Twitter Trust System Collection ===
[2025-05-30 05:07:33] WARNING: Will collect tweets until reaching previous timestamp: 2025-05-12 06:54:05+00:00
[2025-05-30 05:07:33] WARNING: Retrieving page 1...
[2025-05-30 05:07:35] WARNING: Newest tweet is from: 2025-05-12 06:54:05+00:00
[2025-05-30 05:07:35] WARNING: Reached stop point at tweet from 2025-05-12 06:54:05+00:00
[2025-05-30 05:07:35] WARNING: Retrieved 0 new tweets on page 1
[2025-05-30 05:07:35] WARNING: Stopping pagination as we've reached the stop point
[2025-05-30 05:07:35] WARNING: Retrieved a total of 0 tweets across 1 pages
[2025-05-30 05:07:35] WARNING: No new tweets found with trust commands. Exiting without error.
[2025-05-30 05:07:35] WARNING: Collection complete!
[2025-05-30 05:07:35] WARNING: - 0 trust assignments processed
[2025-05-30 05:07:35] WARNING: - 2 users in trust network
[2025-05-30 05:07:35] WARNING: - 31 total trust relationships
[2025-05-30 05:17:33] WARNING: === Starting Twitter Trust System Collection ===
[2025-05-30 05:17:33] WARNING: Will collect tweets until reaching previous timestamp: 2025-05-12 06:54:05+00:00
[2025-05-30 05:17:33] WARNING: Retrieving page 1...
[2025-05-30 05:17:35] WARNING: Newest tweet is from: 2025-05-12 06:54:05+00:00
[2025-05-30 05:17:35] WARNING: Reached stop point at tweet from 2025-05-12 06:54:05+00:00
[2025-05-30 05:17:35] WARNING: Retrieved 0 new tweets on page 1
[2025-05-30 05:17:35] WARNING: Stopping pagination as we've reached the stop point
[2025-05-30 05:17:35] WARNING: Retrieved a total of 0 tweets across 1 pages
[2025-05-30 05:17:35] WARNING: No new tweets found with trust commands. Exiting without error.
[2025-05-30 05:17:35] WARNING: Collection complete!
[2025-05-30 05:17:35] WARNING: - 0 trust assignments processed
[2025-05-30 05:17:35] WARNING: - 2 users in trust network
[2025-05-30 05:17:35] WARNING: - 31 total trust relationships
[2025-05-30 05:27:33] WARNING: === Starting Twitter Trust System Collection ===
[2025-05-30 05:27:33] WARNING: Will collect tweets until reaching previous timestamp: 2025-05-12 06:54:05+00:00
[2025-05-30 05:27:33] WARNING: Retrieving page 1...
[2025-05-30 05:27:35] WARNING: Newest tweet is from: 2025-05-12 06:54:05+00:00
[2025-05-30 05:27:35] WARNING: Reached stop point at tweet from 2025-05-12 06:54:05+00:00
[2025-05-30 05:27:35] WARNING: Retrieved 0 new tweets on page 1
[2025-05-30 05:27:35] WARNING: Stopping pagination as we've reached the stop point
[2025-05-30 05:27:35] WARNING: Retrieved a total of 0 tweets across 1 pages
[2025-05-30 05:27:35] WARNING: No new tweets found with trust commands. Exiting without error.
[2025-05-30 05:27:35] WARNING: Collection complete!
[2025-05-30 05:27:35] WARNING: - 0 trust assignments processed
[2025-05-30 05:27:35] WARNING: - 2 users in trust network
[2025-05-30 05:27:35] WARNING: - 31 total trust relationships
[2025-05-30 05:37:33] WARNING: === Starting Twitter Trust System Collection ===
[2025-05-30 05:37:33] WARNING: Will collect tweets until reaching previous timestamp: 2025-05-12 06:54:05+00:00
[2025-05-30 05:37:33] WARNING: Retrieving page 1...
[2025-05-30 05:37:35] WARNING: Newest tweet is from: 2025-05-12 06:54:05+00:00
[2025-05-30 05:37:35] WARNING: Reached stop point at tweet from 2025-05-12 06:54:05+00:00
[2025-05-30 05:37:35] WARNING: Retrieved 0 new tweets on page 1
[2025-05-30 05:37:35] WARNING: Stopping pagination as we've reached the stop point
[2025-05-30 05:37:35] WARNING: Retrieved a total of 0 tweets across 1 pages
[2025-05-30 05:37:35] WARNING: No new tweets found with trust commands. Exiting without error.
[2025-05-30 05:37:35] WARNING: Collection complete!
[2025-05-30 05:37:35] WARNING: - 0 trust assignments processed
[2025-05-30 05:37:35] WARNING: - 2 users in trust network
[2025-05-30 05:37:35] WARNING: - 31 total trust relationships
[2025-05-30 05:47:33] WARNING: === Starting Twitter Trust System Collection ===
[2025-05-30 05:47:33] WARNING: Will collect tweets until reaching previous timestamp: 2025-05-12 06:54:05+00:00
[2025-05-30 05:47:33] WARNING: Retrieving page 1...
[2025-05-30 05:47:36] WARNING: Newest tweet is from: 2025-05-12 06:54:05+00:00
[2025-05-30 05:47:36] WARNING: Reached stop point at tweet from 2025-05-12 06:54:05+00:00
[2025-05-30 05:47:36] WARNING: Retrieved 0 new tweets on page 1
[2025-05-30 05:47:36] WARNING: Stopping pagination as we've reached the stop point
[2025-05-30 05:47:36] WARNING: Retrieved a total of 0 tweets across 1 pages
[2025-05-30 05:47:36] WARNING: No new tweets found with trust commands. Exiting without error.
[2025-05-30 05:47:36] WARNING: Collection complete!
[2025-05-30 05:47:36] WARNING: - 0 trust assignments processed
[2025-05-30 05:47:36] WARNING: - 2 users in trust network
[2025-05-30 05:47:36] WARNING: - 31 total trust relationships
[2025-05-30 05:57:33] WARNING: === Starting Twitter Trust System Collection ===
[2025-05-30 05:57:33] WARNING: Will collect tweets until reaching previous timestamp: 2025-05-12 06:54:05+00:00
[2025-05-30 05:57:33] WARNING: Retrieving page 1...
[2025-05-30 05:57:35] WARNING: Newest tweet is from: 2025-05-12 06:54:05+00:00
[2025-05-30 05:57:35] WARNING: Reached stop point at tweet from 2025-05-12 06:54:05+00:00
[2025-05-30 05:57:35] WARNING: Retrieved 0 new tweets on page 1
[2025-05-30 05:57:35] WARNING: Stopping pagination as we've reached the stop point
[2025-05-30 05:57:35] WARNING: Retrieved a total of 0 tweets across 1 pages
[2025-05-30 05:57:35] WARNING: No new tweets found with trust commands. Exiting without error.
[2025-05-30 05:57:35] WARNING: Collection complete!
[2025-05-30 05:57:35] WARNING: - 0 trust assignments processed
[2025-05-30 05:57:35] WARNING: - 2 users in trust network
[2025-05-30 05:57:35] WARNING: - 31 total trust relationships
[2025-05-30 06:07:33] WARNING: === Starting Twitter Trust System Collection ===
[2025-05-30 06:07:33] WARNING: Will collect tweets until reaching previous timestamp: 2025-05-12 06:54:05+00:00
[2025-05-30 06:07:33] WARNING: Retrieving page 1...
[2025-05-30 06:07:35] WARNING: Newest tweet is from: 2025-05-12 06:54:05+00:00
[2025-05-30 06:07:35] WARNING: Reached stop point at tweet from 2025-05-12 06:54:05+00:00
[2025-05-30 06:07:35] WARNING: Retrieved 0 new tweets on page 1
[2025-05-30 06:07:35] WARNING: Stopping pagination as we've reached the stop point
[2025-05-30 06:07:35] WARNING: Retrieved a total of 0 tweets across 1 pages
[2025-05-30 06:07:35] WARNING: No new tweets found with trust commands. Exiting without error.
[2025-05-30 06:07:35] WARNING: Collection complete!
[2025-05-30 06:07:35] WARNING: - 0 trust assignments processed
[2025-05-30 06:07:35] WARNING: - 2 users in trust network
[2025-05-30 06:07:35] WARNING: - 31 total trust relationships
[2025-05-30 06:17:33] WARNING: === Starting Twitter Trust System Collection ===
[2025-05-30 06:17:33] WARNING: Will collect tweets until reaching previous timestamp: 2025-05-12 06:54:05+00:00
[2025-05-30 06:17:33] WARNING: Retrieving page 1...
[2025-05-30 06:17:35] WARNING: Newest tweet is from: 2025-05-12 06:54:05+00:00
[2025-05-30 06:17:35] WARNING: Reached stop point at tweet from 2025-05-12 06:54:05+00:00
[2025-05-30 06:17:35] WARNING: Retrieved 0 new tweets on page 1
[2025-05-30 06:17:35] WARNING: Stopping pagination as we've reached the stop point
[2025-05-30 06:17:35] WARNING: Retrieved a total of 0 tweets across 1 pages
[2025-05-30 06:17:35] WARNING: No new tweets found with trust commands. Exiting without error.
[2025-05-30 06:17:35] WARNING: Collection complete!
[2025-05-30 06:17:35] WARNING: - 0 trust assignments processed
[2025-05-30 06:17:35] WARNING: - 2 users in trust network
[2025-05-30 06:17:35] WARNING: - 31 total trust relationships
[2025-05-30 06:27:33] WARNING: === Starting Twitter Trust System Collection ===
[2025-05-30 06:27:33] WARNING: Will collect tweets until reaching previous timestamp: 2025-05-12 06:54:05+00:00
[2025-05-30 06:27:33] WARNING: Retrieving page 1...
[2025-05-30 06:27:35] WARNING: Newest tweet is from: 2025-05-12 06:54:05+00:00
[2025-05-30 06:27:35] WARNING: Reached stop point at tweet from 2025-05-12 06:54:05+00:00
[2025-05-30 06:27:35] WARNING: Retrieved 0 new tweets on page 1
[2025-05-30 06:27:35] WARNING: Stopping pagination as we've reached the stop point
[2025-05-30 06:27:35] WARNING: Retrieved a total of 0 tweets across 1 pages
[2025-05-30 06:27:35] WARNING: No new tweets found with trust commands. Exiting without error.
[2025-05-30 06:27:35] WARNING: Collection complete!
[2025-05-30 06:27:35] WARNING: - 0 trust assignments processed
[2025-05-30 06:27:35] WARNING: - 2 users in trust network
[2025-05-30 06:27:35] WARNING: - 31 total trust relationships
[2025-05-30 06:37:33] WARNING: === Starting Twitter Trust System Collection ===
[2025-05-30 06:37:33] WARNING: Will collect tweets until reaching previous timestamp: 2025-05-12 06:54:05+00:00
[2025-05-30 06:37:33] WARNING: Retrieving page 1...
[2025-05-30 06:37:35] WARNING: Newest tweet is from: 2025-05-12 06:54:05+00:00
[2025-05-30 06:37:35] WARNING: Reached stop point at tweet from 2025-05-12 06:54:05+00:00
[2025-05-30 06:37:35] WARNING: Retrieved 0 new tweets on page 1
[2025-05-30 06:37:35] WARNING: Stopping pagination as we've reached the stop point
[2025-05-30 06:37:35] WARNING: Retrieved a total of 0 tweets across 1 pages
[2025-05-30 06:37:35] WARNING: No new tweets found with trust commands. Exiting without error.
[2025-05-30 06:37:35] WARNING: Collection complete!
[2025-05-30 06:37:35] WARNING: - 0 trust assignments processed
[2025-05-30 06:37:35] WARNING: - 2 users in trust network
[2025-05-30 06:37:35] WARNING: - 31 total trust relationships
[2025-05-30 06:47:33] WARNING: === Starting Twitter Trust System Collection ===
[2025-05-30 06:47:33] WARNING: Will collect tweets until reaching previous timestamp: 2025-05-12 06:54:05+00:00
[2025-05-30 06:47:33] WARNING: Retrieving page 1...
[2025-05-30 06:47:36] WARNING: Newest tweet is from: 2025-05-12 06:54:05+00:00
[2025-05-30 06:47:36] WARNING: Reached stop point at tweet from 2025-05-12 06:54:05+00:00
[2025-05-30 06:47:36] WARNING: Retrieved 0 new tweets on page 1
[2025-05-30 06:47:36] WARNING: Stopping pagination as we've reached the stop point
[2025-05-30 06:47:36] WARNING: Retrieved a total of 0 tweets across 1 pages
[2025-05-30 06:47:36] WARNING: No new tweets found with trust commands. Exiting without error.
[2025-05-30 06:47:36] WARNING: Collection complete!
[2025-05-30 06:47:36] WARNING: - 0 trust assignments processed
[2025-05-30 06:47:36] WARNING: - 2 users in trust network
[2025-05-30 06:47:36] WARNING: - 31 total trust relationships
[2025-05-30 06:57:33] WARNING: === Starting Twitter Trust System Collection ===
[2025-05-30 06:57:33] WARNING: Will collect tweets until reaching previous timestamp: 2025-05-12 06:54:05+00:00
[2025-05-30 06:57:33] WARNING: Retrieving page 1...
[2025-05-30 06:57:35] WARNING: Newest tweet is from: 2025-05-12 06:54:05+00:00
[2025-05-30 06:57:35] WARNING: Reached stop point at tweet from 2025-05-12 06:54:05+00:00
[2025-05-30 06:57:35] WARNING: Retrieved 0 new tweets on page 1
[2025-05-30 06:57:35] WARNING: Stopping pagination as we've reached the stop point
[2025-05-30 06:57:35] WARNING: Retrieved a total of 0 tweets across 1 pages
[2025-05-30 06:57:35] WARNING: No new tweets found with trust commands. Exiting without error.
[2025-05-30 06:57:35] WARNING: Collection complete!
[2025-05-30 06:57:35] WARNING: - 0 trust assignments processed
[2025-05-30 06:57:35] WARNING: - 2 users in trust network
[2025-05-30 06:57:35] WARNING: - 31 total trust relationships
[2025-05-30 07:07:33] WARNING: === Starting Twitter Trust System Collection ===
[2025-05-30 07:07:33] WARNING: Will collect tweets until reaching previous timestamp: 2025-05-12 06:54:05+00:00
[2025-05-30 07:07:33] WARNING: Retrieving page 1...
[2025-05-30 07:07:35] WARNING: Newest tweet is from: 2025-05-12 06:54:05+00:00
[2025-05-30 07:07:35] WARNING: Reached stop point at tweet from 2025-05-12 06:54:05+00:00
[2025-05-30 07:07:35] WARNING: Retrieved 0 new tweets on page 1
[2025-05-30 07:07:35] WARNING: Stopping pagination as we've reached the stop point
[2025-05-30 07:07:35] WARNING: Retrieved a total of 0 tweets across 1 pages
[2025-05-30 07:07:35] WARNING: No new tweets found with trust commands. Exiting without error.
[2025-05-30 07:07:35] WARNING: Collection complete!
[2025-05-30 07:07:35] WARNING: - 0 trust assignments processed
[2025-05-30 07:07:35] WARNING: - 2 users in trust network
[2025-05-30 07:07:35] WARNING: - 31 total trust relationships
[2025-05-30 07:17:34] WARNING: === Starting Twitter Trust System Collection ===
[2025-05-30 07:17:34] WARNING: Will collect tweets until reaching previous timestamp: 2025-05-12 06:54:05+00:00
[2025-05-30 07:17:34] WARNING: Retrieving page 1...
[2025-05-30 07:17:35] WARNING: Newest tweet is from: 2025-05-12 06:54:05+00:00
[2025-05-30 07:17:35] WARNING: Reached stop point at tweet from 2025-05-12 06:54:05+00:00
[2025-05-30 07:17:35] WARNING: Retrieved 0 new tweets on page 1
[2025-05-30 07:17:35] WARNING: Stopping pagination as we've reached the stop point
[2025-05-30 07:17:35] WARNING: Retrieved a total of 0 tweets across 1 pages
[2025-05-30 07:17:35] WARNING: No new tweets found with trust commands. Exiting without error.
[2025-05-30 07:17:35] WARNING: Collection complete!
[2025-05-30 07:17:35] WARNING: - 0 trust assignments processed
[2025-05-30 07:17:35] WARNING: - 2 users in trust network
[2025-05-30 07:17:35] WARNING: - 31 total trust relationships
[2025-05-30 07:27:33] WARNING: === Starting Twitter Trust System Collection ===
[2025-05-30 07:27:33] WARNING: Will collect tweets until reaching previous timestamp: 2025-05-12 06:54:05+00:00
[2025-05-30 07:27:33] WARNING: Retrieving page 1...
[2025-05-30 07:27:35] WARNING: Newest tweet is from: 2025-05-12 06:54:05+00:00
[2025-05-30 07:27:35] WARNING: Reached stop point at tweet from 2025-05-12 06:54:05+00:00
[2025-05-30 07:27:35] WARNING: Retrieved 0 new tweets on page 1
[2025-05-30 07:27:35] WARNING: Stopping pagination as we've reached the stop point
[2025-05-30 07:27:35] WARNING: Retrieved a total of 0 tweets across 1 pages
[2025-05-30 07:27:35] WARNING: No new tweets found with trust commands. Exiting without error.
[2025-05-30 07:27:35] WARNING: Collection complete!
[2025-05-30 07:27:35] WARNING: - 0 trust assignments processed
[2025-05-30 07:27:35] WARNING: - 2 users in trust network
[2025-05-30 07:27:35] WARNING: - 31 total trust relationships
[2025-05-30 07:37:33] WARNING: === Starting Twitter Trust System Collection ===
[2025-05-30 07:37:33] WARNING: Will collect tweets until reaching previous timestamp: 2025-05-12 06:54:05+00:00
[2025-05-30 07:37:33] WARNING: Retrieving page 1...
[2025-05-30 07:37:35] WARNING: Newest tweet is from: 2025-05-12 06:54:05+00:00
[2025-05-30 07:37:35] WARNING: Reached stop point at tweet from 2025-05-12 06:54:05+00:00
[2025-05-30 07:37:35] WARNING: Retrieved 0 new tweets on page 1
[2025-05-30 07:37:35] WARNING: Stopping pagination as we've reached the stop point
[2025-05-30 07:37:35] WARNING: Retrieved a total of 0 tweets across 1 pages
[2025-05-30 07:37:35] WARNING: No new tweets found with trust commands. Exiting without error.
[2025-05-30 07:37:35] WARNING: Collection complete!
[2025-05-30 07:37:35] WARNING: - 0 trust assignments processed
[2025-05-30 07:37:35] WARNING: - 2 users in trust network
[2025-05-30 07:37:35] WARNING: - 31 total trust relationships
[2025-05-30 07:47:33] WARNING: === Starting Twitter Trust System Collection ===
[2025-05-30 07:47:33] WARNING: Will collect tweets until reaching previous timestamp: 2025-05-12 06:54:05+00:00
[2025-05-30 07:47:33] WARNING: Retrieving page 1...
[2025-05-30 07:47:36] WARNING: Newest tweet is from: 2025-05-12 06:54:05+00:00
[2025-05-30 07:47:36] WARNING: Reached stop point at tweet from 2025-05-12 06:54:05+00:00
[2025-05-30 07:47:36] WARNING: Retrieved 0 new tweets on page 1
[2025-05-30 07:47:36] WARNING: Stopping pagination as we've reached the stop point
[2025-05-30 07:47:36] WARNING: Retrieved a total of 0 tweets across 1 pages
[2025-05-30 07:47:36] WARNING: No new tweets found with trust commands. Exiting without error.
[2025-05-30 07:47:36] WARNING: Collection complete!
[2025-05-30 07:47:36] WARNING: - 0 trust assignments processed
[2025-05-30 07:47:36] WARNING: - 2 users in trust network
[2025-05-30 07:47:36] WARNING: - 31 total trust relationships
[2025-05-30 07:57:34] WARNING: === Starting Twitter Trust System Collection ===
[2025-05-30 07:57:34] WARNING: Will collect tweets until reaching previous timestamp: 2025-05-12 06:54:05+00:00
[2025-05-30 07:57:34] WARNING: Retrieving page 1...
[2025-05-30 07:57:36] WARNING: Newest tweet is from: 2025-05-12 06:54:05+00:00
[2025-05-30 07:57:36] WARNING: Reached stop point at tweet from 2025-05-12 06:54:05+00:00
[2025-05-30 07:57:36] WARNING: Retrieved 0 new tweets on page 1
[2025-05-30 07:57:36] WARNING: Stopping pagination as we've reached the stop point
[2025-05-30 07:57:36] WARNING: Retrieved a total of 0 tweets across 1 pages
[2025-05-30 07:57:36] WARNING: No new tweets found with trust commands. Exiting without error.
[2025-05-30 07:57:36] WARNING: Collection complete!
[2025-05-30 07:57:36] WARNING: - 0 trust assignments processed
[2025-05-30 07:57:36] WARNING: - 2 users in trust network
[2025-05-30 07:57:36] WARNING: - 31 total trust relationships
[2025-05-30 08:07:33] WARNING: === Starting Twitter Trust System Collection ===
[2025-05-30 08:07:33] WARNING: Will collect tweets until reaching previous timestamp: 2025-05-12 06:54:05+00:00
[2025-05-30 08:07:33] WARNING: Retrieving page 1...
[2025-05-30 08:07:36] WARNING: Newest tweet is from: 2025-05-12 06:54:05+00:00
[2025-05-30 08:07:36] WARNING: Reached stop point at tweet from 2025-05-12 06:54:05+00:00
[2025-05-30 08:07:36] WARNING: Retrieved 0 new tweets on page 1
[2025-05-30 08:07:36] WARNING: Stopping pagination as we've reached the stop point
[2025-05-30 08:07:36] WARNING: Retrieved a total of 0 tweets across 1 pages
[2025-05-30 08:07:36] WARNING: No new tweets found with trust commands. Exiting without error.
[2025-05-30 08:07:36] WARNING: Collection complete!
[2025-05-30 08:07:36] WARNING: - 0 trust assignments processed
[2025-05-30 08:07:36] WARNING: - 2 users in trust network
[2025-05-30 08:07:36] WARNING: - 31 total trust relationships
[2025-05-30 08:17:33] WARNING: === Starting Twitter Trust System Collection ===
[2025-05-30 08:17:33] WARNING: Will collect tweets until reaching previous timestamp: 2025-05-12 06:54:05+00:00
[2025-05-30 08:17:33] WARNING: Retrieving page 1...
[2025-05-30 08:17:35] WARNING: Newest tweet is from: 2025-05-12 06:54:05+00:00
[2025-05-30 08:17:35] WARNING: Reached stop point at tweet from 2025-05-12 06:54:05+00:00
[2025-05-30 08:17:35] WARNING: Retrieved 0 new tweets on page 1
[2025-05-30 08:17:35] WARNING: Stopping pagination as we've reached the stop point
[2025-05-30 08:17:35] WARNING: Retrieved a total of 0 tweets across 1 pages
[2025-05-30 08:17:35] WARNING: No new tweets found with trust commands. Exiting without error.
[2025-05-30 08:17:35] WARNING: Collection complete!
[2025-05-30 08:17:35] WARNING: - 0 trust assignments processed
[2025-05-30 08:17:35] WARNING: - 2 users in trust network
[2025-05-30 08:17:35] WARNING: - 31 total trust relationships
[2025-05-30 08:27:34] WARNING: === Starting Twitter Trust System Collection ===
[2025-05-30 08:27:34] WARNING: Will collect tweets until reaching previous timestamp: 2025-05-12 06:54:05+00:00
[2025-05-30 08:27:34] WARNING: Retrieving page 1...
[2025-05-30 08:27:38] WARNING: Newest tweet is from: 2025-05-12 06:54:05+00:00
[2025-05-30 08:27:38] WARNING: Reached stop point at tweet from 2025-05-12 06:54:05+00:00
[2025-05-30 08:27:38] WARNING: Retrieved 0 new tweets on page 1
[2025-05-30 08:27:38] WARNING: Stopping pagination as we've reached the stop point
[2025-05-30 08:27:38] WARNING: Retrieved a total of 0 tweets across 1 pages
[2025-05-30 08:27:38] WARNING: No new tweets found with trust commands. Exiting without error.
[2025-05-30 08:27:38] WARNING: Collection complete!
[2025-05-30 08:27:38] WARNING: - 0 trust assignments processed
[2025-05-30 08:27:38] WARNING: - 2 users in trust network
[2025-05-30 08:27:38] WARNING: - 31 total trust relationships
[2025-05-30 08:37:33] WARNING: === Starting Twitter Trust System Collection ===
[2025-05-30 08:37:33] WARNING: Will collect tweets until reaching previous timestamp: 2025-05-12 06:54:05+00:00
[2025-05-30 08:37:33] WARNING: Retrieving page 1...
[2025-05-30 08:37:35] WARNING: Newest tweet is from: 2025-05-12 06:54:05+00:00
[2025-05-30 08:37:35] WARNING: Reached stop point at tweet from 2025-05-12 06:54:05+00:00
[2025-05-30 08:37:35] WARNING: Retrieved 0 new tweets on page 1
[2025-05-30 08:37:35] WARNING: Stopping pagination as we've reached the stop point
[2025-05-30 08:37:35] WARNING: Retrieved a total of 0 tweets across 1 pages
[2025-05-30 08:37:35] WARNING: No new tweets found with trust commands. Exiting without error.
[2025-05-30 08:37:35] WARNING: Collection complete!
[2025-05-30 08:37:35] WARNING: - 0 trust assignments processed
[2025-05-30 08:37:35] WARNING: - 2 users in trust network
[2025-05-30 08:37:35] WARNING: - 31 total trust relationships
[2025-05-30 08:47:33] WARNING: === Starting Twitter Trust System Collection ===
[2025-05-30 08:47:33] WARNING: Will collect tweets until reaching previous timestamp: 2025-05-12 06:54:05+00:00
[2025-05-30 08:47:33] WARNING: Retrieving page 1...
[2025-05-30 08:47:35] WARNING: Newest tweet is from: 2025-05-12 06:54:05+00:00
[2025-05-30 08:47:35] WARNING: Reached stop point at tweet from 2025-05-12 06:54:05+00:00
[2025-05-30 08:47:35] WARNING: Retrieved 0 new tweets on page 1
[2025-05-30 08:47:35] WARNING: Stopping pagination as we've reached the stop point
[2025-05-30 08:47:35] WARNING: Retrieved a total of 0 tweets across 1 pages
[2025-05-30 08:47:35] WARNING: No new tweets found with trust commands. Exiting without error.
[2025-05-30 08:47:35] WARNING: Collection complete!
[2025-05-30 08:47:35] WARNING: - 0 trust assignments processed
[2025-05-30 08:47:35] WARNING: - 2 users in trust network
[2025-05-30 08:47:35] WARNING: - 31 total trust relationships
[2025-05-30 08:57:33] WARNING: === Starting Twitter Trust System Collection ===
[2025-05-30 08:57:33] WARNING: Will collect tweets until reaching previous timestamp: 2025-05-12 06:54:05+00:00
[2025-05-30 08:57:33] WARNING: Retrieving page 1...
[2025-05-30 08:57:35] WARNING: Newest tweet is from: 2025-05-12 06:54:05+00:00
[2025-05-30 08:57:35] WARNING: Reached stop point at tweet from 2025-05-12 06:54:05+00:00
[2025-05-30 08:57:35] WARNING: Retrieved 0 new tweets on page 1
[2025-05-30 08:57:35] WARNING: Stopping pagination as we've reached the stop point
[2025-05-30 08:57:35] WARNING: Retrieved a total of 0 tweets across 1 pages
[2025-05-30 08:57:35] WARNING: No new tweets found with trust commands. Exiting without error.
[2025-05-30 08:57:35] WARNING: Collection complete!
[2025-05-30 08:57:35] WARNING: - 0 trust assignments processed
[2025-05-30 08:57:35] WARNING: - 2 users in trust network
[2025-05-30 08:57:35] WARNING: - 31 total trust relationships
[2025-05-30 09:07:33] WARNING: === Starting Twitter Trust System Collection ===
[2025-05-30 09:07:33] WARNING: Will collect tweets until reaching previous timestamp: 2025-05-12 06:54:05+00:00
[2025-05-30 09:07:33] WARNING: Retrieving page 1...
[2025-05-30 09:07:35] WARNING: Newest tweet is from: 2025-05-12 06:54:05+00:00
[2025-05-30 09:07:35] WARNING: Reached stop point at tweet from 2025-05-12 06:54:05+00:00
[2025-05-30 09:07:35] WARNING: Retrieved 0 new tweets on page 1
[2025-05-30 09:07:35] WARNING: Stopping pagination as we've reached the stop point
[2025-05-30 09:07:35] WARNING: Retrieved a total of 0 tweets across 1 pages
[2025-05-30 09:07:35] WARNING: No new tweets found with trust commands. Exiting without error.
[2025-05-30 09:07:35] WARNING: Collection complete!
[2025-05-30 09:07:35] WARNING: - 0 trust assignments processed
[2025-05-30 09:07:35] WARNING: - 2 users in trust network
[2025-05-30 09:07:35] WARNING: - 31 total trust relationships
[2025-05-30 09:17:33] WARNING: === Starting Twitter Trust System Collection ===
[2025-05-30 09:17:33] WARNING: Will collect tweets until reaching previous timestamp: 2025-05-12 06:54:05+00:00
[2025-05-30 09:17:33] WARNING: Retrieving page 1...
[2025-05-30 09:17:35] WARNING: Newest tweet is from: 2025-05-12 06:54:05+00:00
[2025-05-30 09:17:35] WARNING: Reached stop point at tweet from 2025-05-12 06:54:05+00:00
[2025-05-30 09:17:35] WARNING: Retrieved 0 new tweets on page 1
[2025-05-30 09:17:35] WARNING: Stopping pagination as we've reached the stop point
[2025-05-30 09:17:35] WARNING: Retrieved a total of 0 tweets across 1 pages
[2025-05-30 09:17:35] WARNING: No new tweets found with trust commands. Exiting without error.
[2025-05-30 09:17:35] WARNING: Collection complete!
[2025-05-30 09:17:35] WARNING: - 0 trust assignments processed
[2025-05-30 09:17:35] WARNING: - 2 users in trust network
[2025-05-30 09:17:35] WARNING: - 31 total trust relationships
[2025-05-30 09:27:33] WARNING: === Starting Twitter Trust System Collection ===
[2025-05-30 09:27:33] WARNING: Will collect tweets until reaching previous timestamp: 2025-05-12 06:54:05+00:00
[2025-05-30 09:27:33] WARNING: Retrieving page 1...
[2025-05-30 09:27:35] WARNING: Newest tweet is from: 2025-05-12 06:54:05+00:00
[2025-05-30 09:27:35] WARNING: Reached stop point at tweet from 2025-05-12 06:54:05+00:00
[2025-05-30 09:27:35] WARNING: Retrieved 0 new tweets on page 1
[2025-05-30 09:27:35] WARNING: Stopping pagination as we've reached the stop point
[2025-05-30 09:27:35] WARNING: Retrieved a total of 0 tweets across 1 pages
[2025-05-30 09:27:35] WARNING: No new tweets found with trust commands. Exiting without error.
[2025-05-30 09:27:35] WARNING: Collection complete!
[2025-05-30 09:27:35] WARNING: - 0 trust assignments processed
[2025-05-30 09:27:35] WARNING: - 2 users in trust network
[2025-05-30 09:27:35] WARNING: - 31 total trust relationships
[2025-05-30 09:37:33] WARNING: === Starting Twitter Trust System Collection ===
[2025-05-30 09:37:33] WARNING: Will collect tweets until reaching previous timestamp: 2025-05-12 06:54:05+00:00
[2025-05-30 09:37:33] WARNING: Retrieving page 1...
[2025-05-30 09:37:42] WARNING: Newest tweet is from: 2025-05-12 06:54:05+00:00
[2025-05-30 09:37:42] WARNING: Reached stop point at tweet from 2025-05-12 06:54:05+00:00
[2025-05-30 09:37:42] WARNING: Retrieved 0 new tweets on page 1
[2025-05-30 09:37:42] WARNING: Stopping pagination as we've reached the stop point
[2025-05-30 09:37:42] WARNING: Retrieved a total of 0 tweets across 1 pages
[2025-05-30 09:37:42] WARNING: No new tweets found with trust commands. Exiting without error.
[2025-05-30 09:37:42] WARNING: Collection complete!
[2025-05-30 09:37:42] WARNING: - 0 trust assignments processed
[2025-05-30 09:37:42] WARNING: - 2 users in trust network
[2025-05-30 09:37:42] WARNING: - 31 total trust relationships
[2025-05-30 09:47:33] WARNING: === Starting Twitter Trust System Collection ===
[2025-05-30 09:47:33] WARNING: Will collect tweets until reaching previous timestamp: 2025-05-12 06:54:05+00:00
[2025-05-30 09:47:33] WARNING: Retrieving page 1...
[2025-05-30 09:47:35] WARNING: Newest tweet is from: 2025-05-12 06:54:05+00:00
[2025-05-30 09:47:35] WARNING: Reached stop point at tweet from 2025-05-12 06:54:05+00:00
[2025-05-30 09:47:35] WARNING: Retrieved 0 new tweets on page 1
[2025-05-30 09:47:35] WARNING: Stopping pagination as we've reached the stop point
[2025-05-30 09:47:35] WARNING: Retrieved a total of 0 tweets across 1 pages
[2025-05-30 09:47:35] WARNING: No new tweets found with trust commands. Exiting without error.
[2025-05-30 09:47:35] WARNING: Collection complete!
[2025-05-30 09:47:35] WARNING: - 0 trust assignments processed
[2025-05-30 09:47:35] WARNING: - 2 users in trust network
[2025-05-30 09:47:35] WARNING: - 31 total trust relationships
[2025-05-30 09:57:33] WARNING: === Starting Twitter Trust System Collection ===
[2025-05-30 09:57:33] WARNING: Will collect tweets until reaching previous timestamp: 2025-05-12 06:54:05+00:00
[2025-05-30 09:57:33] WARNING: Retrieving page 1...
[2025-05-30 09:57:35] WARNING: Newest tweet is from: 2025-05-12 06:54:05+00:00
[2025-05-30 09:57:35] WARNING: Reached stop point at tweet from 2025-05-12 06:54:05+00:00
[2025-05-30 09:57:35] WARNING: Retrieved 0 new tweets on page 1
[2025-05-30 09:57:35] WARNING: Stopping pagination as we've reached the stop point
[2025-05-30 09:57:35] WARNING: Retrieved a total of 0 tweets across 1 pages
[2025-05-30 09:57:35] WARNING: No new tweets found with trust commands. Exiting without error.
[2025-05-30 09:57:35] WARNING: Collection complete!
[2025-05-30 09:57:35] WARNING: - 0 trust assignments processed
[2025-05-30 09:57:35] WARNING: - 2 users in trust network
[2025-05-30 09:57:35] WARNING: - 31 total trust relationships
[2025-05-30 10:07:33] WARNING: === Starting Twitter Trust System Collection ===
[2025-05-30 10:07:33] WARNING: Will collect tweets until reaching previous timestamp: 2025-05-12 06:54:05+00:00
[2025-05-30 10:07:33] WARNING: Retrieving page 1...
[2025-05-30 10:07:35] WARNING: Newest tweet is from: 2025-05-12 06:54:05+00:00
[2025-05-30 10:07:35] WARNING: Reached stop point at tweet from 2025-05-12 06:54:05+00:00
[2025-05-30 10:07:35] WARNING: Retrieved 0 new tweets on page 1
[2025-05-30 10:07:35] WARNING: Stopping pagination as we've reached the stop point
[2025-05-30 10:07:35] WARNING: Retrieved a total of 0 tweets across 1 pages
[2025-05-30 10:07:35] WARNING: No new tweets found with trust commands. Exiting without error.
[2025-05-30 10:07:35] WARNING: Collection complete!
[2025-05-30 10:07:35] WARNING: - 0 trust assignments processed
[2025-05-30 10:07:35] WARNING: - 2 users in trust network
[2025-05-30 10:07:35] WARNING: - 31 total trust relationships
[2025-05-30 10:17:33] WARNING: === Starting Twitter Trust System Collection ===
[2025-05-30 10:17:33] WARNING: Will collect tweets until reaching previous timestamp: 2025-05-12 06:54:05+00:00
[2025-05-30 10:17:33] WARNING: Retrieving page 1...
[2025-05-30 10:17:35] WARNING: Newest tweet is from: 2025-05-12 06:54:05+00:00
[2025-05-30 10:17:35] WARNING: Reached stop point at tweet from 2025-05-12 06:54:05+00:00
[2025-05-30 10:17:35] WARNING: Retrieved 0 new tweets on page 1
[2025-05-30 10:17:35] WARNING: Stopping pagination as we've reached the stop point
[2025-05-30 10:17:35] WARNING: Retrieved a total of 0 tweets across 1 pages
[2025-05-30 10:17:35] WARNING: No new tweets found with trust commands. Exiting without error.
[2025-05-30 10:17:35] WARNING: Collection complete!
[2025-05-30 10:17:35] WARNING: - 0 trust assignments processed
[2025-05-30 10:17:35] WARNING: - 2 users in trust network
[2025-05-30 10:17:35] WARNING: - 31 total trust relationships
[2025-05-30 10:27:33] WARNING: === Starting Twitter Trust System Collection ===
[2025-05-30 10:27:33] WARNING: Will collect tweets until reaching previous timestamp: 2025-05-12 06:54:05+00:00
[2025-05-30 10:27:33] WARNING: Retrieving page 1...
[2025-05-30 10:27:35] WARNING: Newest tweet is from: 2025-05-12 06:54:05+00:00
[2025-05-30 10:27:35] WARNING: Reached stop point at tweet from 2025-05-12 06:54:05+00:00
[2025-05-30 10:27:35] WARNING: Retrieved 0 new tweets on page 1
[2025-05-30 10:27:35] WARNING: Stopping pagination as we've reached the stop point
[2025-05-30 10:27:35] WARNING: Retrieved a total of 0 tweets across 1 pages
[2025-05-30 10:27:35] WARNING: No new tweets found with trust commands. Exiting without error.
[2025-05-30 10:27:35] WARNING: Collection complete!
[2025-05-30 10:27:35] WARNING: - 0 trust assignments processed
[2025-05-30 10:27:35] WARNING: - 2 users in trust network
[2025-05-30 10:27:35] WARNING: - 31 total trust relationships
[2025-05-30 10:37:32] WARNING: === Starting Twitter Trust System Collection ===
[2025-05-30 10:37:32] WARNING: Will collect tweets until reaching previous timestamp: 2025-05-12 06:54:05+00:00
[2025-05-30 10:37:32] WARNING: Retrieving page 1...
[2025-05-30 10:37:34] WARNING: Newest tweet is from: 2025-05-12 06:54:05+00:00
[2025-05-30 10:37:34] WARNING: Reached stop point at tweet from 2025-05-12 06:54:05+00:00
[2025-05-30 10:37:34] WARNING: Retrieved 0 new tweets on page 1
[2025-05-30 10:37:34] WARNING: Stopping pagination as we've reached the stop point
[2025-05-30 10:37:34] WARNING: Retrieved a total of 0 tweets across 1 pages
[2025-05-30 10:37:34] WARNING: No new tweets found with trust commands. Exiting without error.
[2025-05-30 10:37:34] WARNING: Collection complete!
[2025-05-30 10:37:34] WARNING: - 0 trust assignments processed
[2025-05-30 10:37:34] WARNING: - 2 users in trust network
[2025-05-30 10:37:34] WARNING: - 31 total trust relationships
[2025-05-30 10:47:32] WARNING: === Starting Twitter Trust System Collection ===
[2025-05-30 10:47:32] WARNING: Will collect tweets until reaching previous timestamp: 2025-05-12 06:54:05+00:00
[2025-05-30 10:47:32] WARNING: Retrieving page 1...
[2025-05-30 10:47:34] WARNING: Newest tweet is from: 2025-05-12 06:54:05+00:00
[2025-05-30 10:47:34] WARNING: Reached stop point at tweet from 2025-05-12 06:54:05+00:00
[2025-05-30 10:47:34] WARNING: Retrieved 0 new tweets on page 1
[2025-05-30 10:47:34] WARNING: Stopping pagination as we've reached the stop point
[2025-05-30 10:47:34] WARNING: Retrieved a total of 0 tweets across 1 pages
[2025-05-30 10:47:34] WARNING: No new tweets found with trust commands. Exiting without error.
[2025-05-30 10:47:34] WARNING: Collection complete!
[2025-05-30 10:47:34] WARNING: - 0 trust assignments processed
[2025-05-30 10:47:34] WARNING: - 2 users in trust network
[2025-05-30 10:47:34] WARNING: - 31 total trust relationships
[2025-05-30 10:57:33] WARNING: === Starting Twitter Trust System Collection ===
[2025-05-30 10:57:33] WARNING: Will collect tweets until reaching previous timestamp: 2025-05-12 06:54:05+00:00
[2025-05-30 10:57:33] WARNING: Retrieving page 1...
[2025-05-30 10:57:35] WARNING: Newest tweet is from: 2025-05-12 06:54:05+00:00
[2025-05-30 10:57:35] WARNING: Reached stop point at tweet from 2025-05-12 06:54:05+00:00
[2025-05-30 10:57:35] WARNING: Retrieved 0 new tweets on page 1
[2025-05-30 10:57:35] WARNING: Stopping pagination as we've reached the stop point
[2025-05-30 10:57:35] WARNING: Retrieved a total of 0 tweets across 1 pages
[2025-05-30 10:57:35] WARNING: No new tweets found with trust commands. Exiting without error.
[2025-05-30 10:57:35] WARNING: Collection complete!
[2025-05-30 10:57:35] WARNING: - 0 trust assignments processed
[2025-05-30 10:57:35] WARNING: - 2 users in trust network
[2025-05-30 10:57:35] WARNING: - 31 total trust relationships
[2025-05-30 11:07:32] WARNING: === Starting Twitter Trust System Collection ===
[2025-05-30 11:07:32] WARNING: Will collect tweets until reaching previous timestamp: 2025-05-12 06:54:05+00:00
[2025-05-30 11:07:32] WARNING: Retrieving page 1...
[2025-05-30 11:07:34] WARNING: Newest tweet is from: 2025-05-12 06:54:05+00:00
[2025-05-30 11:07:34] WARNING: Reached stop point at tweet from 2025-05-12 06:54:05+00:00
[2025-05-30 11:07:34] WARNING: Retrieved 0 new tweets on page 1
[2025-05-30 11:07:34] WARNING: Stopping pagination as we've reached the stop point
[2025-05-30 11:07:34] WARNING: Retrieved a total of 0 tweets across 1 pages
[2025-05-30 11:07:34] WARNING: No new tweets found with trust commands. Exiting without error.
[2025-05-30 11:07:34] WARNING: Collection complete!
[2025-05-30 11:07:34] WARNING: - 0 trust assignments processed
[2025-05-30 11:07:34] WARNING: - 2 users in trust network
[2025-05-30 11:07:34] WARNING: - 31 total trust relationships
[2025-05-30 11:17:32] WARNING: === Starting Twitter Trust System Collection ===
[2025-05-30 11:17:32] WARNING: Will collect tweets until reaching previous timestamp: 2025-05-12 06:54:05+00:00
[2025-05-30 11:17:32] WARNING: Retrieving page 1...
[2025-05-30 11:17:34] WARNING: Newest tweet is from: 2025-05-12 06:54:05+00:00
[2025-05-30 11:17:34] WARNING: Reached stop point at tweet from 2025-05-12 06:54:05+00:00
[2025-05-30 11:17:34] WARNING: Retrieved 0 new tweets on page 1
[2025-05-30 11:17:34] WARNING: Stopping pagination as we've reached the stop point
[2025-05-30 11:17:34] WARNING: Retrieved a total of 0 tweets across 1 pages
[2025-05-30 11:17:34] WARNING: No new tweets found with trust commands. Exiting without error.
[2025-05-30 11:17:34] WARNING: Collection complete!
[2025-05-30 11:17:34] WARNING: - 0 trust assignments processed
[2025-05-30 11:17:34] WARNING: - 2 users in trust network
[2025-05-30 11:17:34] WARNING: - 31 total trust relationships
[2025-05-30 11:27:32] WARNING: === Starting Twitter Trust System Collection ===
[2025-05-30 11:27:32] WARNING: Will collect tweets until reaching previous timestamp: 2025-05-12 06:54:05+00:00
[2025-05-30 11:27:32] WARNING: Retrieving page 1...
[2025-05-30 11:27:34] WARNING: Newest tweet is from: 2025-05-12 06:54:05+00:00
[2025-05-30 11:27:34] WARNING: Reached stop point at tweet from 2025-05-12 06:54:05+00:00
[2025-05-30 11:27:34] WARNING: Retrieved 0 new tweets on page 1
[2025-05-30 11:27:34] WARNING: Stopping pagination as we've reached the stop point
[2025-05-30 11:27:34] WARNING: Retrieved a total of 0 tweets across 1 pages
[2025-05-30 11:27:34] WARNING: No new tweets found with trust commands. Exiting without error.
[2025-05-30 11:27:34] WARNING: Collection complete!
[2025-05-30 11:27:34] WARNING: - 0 trust assignments processed
[2025-05-30 11:27:34] WARNING: - 2 users in trust network
[2025-05-30 11:27:34] WARNING: - 31 total trust relationships
[2025-05-30 11:37:32] WARNING: === Starting Twitter Trust System Collection ===
[2025-05-30 11:37:32] WARNING: Will collect tweets until reaching previous timestamp: 2025-05-12 06:54:05+00:00
[2025-05-30 11:37:32] WARNING: Retrieving page 1...
[2025-05-30 11:37:34] WARNING: Newest tweet is from: 2025-05-12 06:54:05+00:00
[2025-05-30 11:37:34] WARNING: Reached stop point at tweet from 2025-05-12 06:54:05+00:00
[2025-05-30 11:37:34] WARNING: Retrieved 0 new tweets on page 1
[2025-05-30 11:37:34] WARNING: Stopping pagination as we've reached the stop point
[2025-05-30 11:37:34] WARNING: Retrieved a total of 0 tweets across 1 pages
[2025-05-30 11:37:34] WARNING: No new tweets found with trust commands. Exiting without error.
[2025-05-30 11:37:34] WARNING: Collection complete!
[2025-05-30 11:37:34] WARNING: - 0 trust assignments processed
[2025-05-30 11:37:34] WARNING: - 2 users in trust network
[2025-05-30 11:37:34] WARNING: - 31 total trust relationships
[2025-05-30 11:47:32] WARNING: === Starting Twitter Trust System Collection ===
[2025-05-30 11:47:32] WARNING: Will collect tweets until reaching previous timestamp: 2025-05-12 06:54:05+00:00
[2025-05-30 11:47:32] WARNING: Retrieving page 1...
[2025-05-30 11:47:35] WARNING: Newest tweet is from: 2025-05-12 06:54:05+00:00
[2025-05-30 11:47:35] WARNING: Reached stop point at tweet from 2025-05-12 06:54:05+00:00
[2025-05-30 11:47:35] WARNING: Retrieved 0 new tweets on page 1
[2025-05-30 11:47:35] WARNING: Stopping pagination as we've reached the stop point
[2025-05-30 11:47:35] WARNING: Retrieved a total of 0 tweets across 1 pages
[2025-05-30 11:47:35] WARNING: No new tweets found with trust commands. Exiting without error.
[2025-05-30 11:47:35] WARNING: Collection complete!
[2025-05-30 11:47:35] WARNING: - 0 trust assignments processed
[2025-05-30 11:47:35] WARNING: - 2 users in trust network
[2025-05-30 11:47:35] WARNING: - 31 total trust relationships
[2025-05-30 11:57:33] WARNING: === Starting Twitter Trust System Collection ===
[2025-05-30 11:57:33] WARNING: Will collect tweets until reaching previous timestamp: 2025-05-12 06:54:05+00:00
[2025-05-30 11:57:33] WARNING: Retrieving page 1...
[2025-05-30 11:57:35] WARNING: Newest tweet is from: 2025-05-12 06:54:05+00:00
[2025-05-30 11:57:35] WARNING: Reached stop point at tweet from 2025-05-12 06:54:05+00:00
[2025-05-30 11:57:35] WARNING: Retrieved 0 new tweets on page 1
[2025-05-30 11:57:35] WARNING: Stopping pagination as we've reached the stop point
[2025-05-30 11:57:35] WARNING: Retrieved a total of 0 tweets across 1 pages
[2025-05-30 11:57:35] WARNING: No new tweets found with trust commands. Exiting without error.
[2025-05-30 11:57:35] WARNING: Collection complete!
[2025-05-30 11:57:35] WARNING: - 0 trust assignments processed
[2025-05-30 11:57:35] WARNING: - 2 users in trust network
[2025-05-30 11:57:35] WARNING: - 31 total trust relationships
[2025-05-30 18:55:18] WARNING: === Starting Twitter Trust System Collection ===
[2025-05-30 18:55:18] WARNING: Will collect tweets until reaching previous timestamp: 2025-05-12 06:54:05+00:00
[2025-05-30 18:55:18] WARNING: Retrieving page 1...
[2025-05-30 18:55:20] WARNING: Newest tweet is from: 2025-05-12 06:54:05+00:00
[2025-05-30 18:55:20] WARNING: Reached stop point at tweet from 2025-05-12 06:54:05+00:00
[2025-05-30 18:55:20] WARNING: Retrieved 0 new tweets on page 1
[2025-05-30 18:55:20] WARNING: Stopping pagination as we've reached the stop point
[2025-05-30 18:55:20] WARNING: Retrieved a total of 0 tweets across 1 pages
[2025-05-30 18:55:20] WARNING: No new tweets found with trust commands. Exiting without error.
[2025-05-30 18:55:20] WARNING: Collection complete!
[2025-05-30 18:55:20] WARNING: - 0 trust assignments processed
[2025-05-30 18:55:20] WARNING: - 2 users in trust network
[2025-05-30 18:55:20] WARNING: - 31 total trust relationships
[2025-05-30 18:57:33] WARNING: === Starting Twitter Trust System Collection ===
[2025-05-30 18:57:33] WARNING: Will collect tweets until reaching previous timestamp: 2025-05-12 06:54:05+00:00
[2025-05-30 18:57:33] WARNING: Retrieving page 1...
[2025-05-30 18:57:54] WARNING: Error retrieving page 1: Expecting value: line 1 column 1 (char 0)
[2025-05-30 18:57:54] WARNING: Retrieved a total of 0 tweets across 1 pages
[2025-05-30 18:57:54] WARNING: No new tweets found with trust commands. Exiting without error.
[2025-05-30 18:57:54] WARNING: Collection complete!
[2025-05-30 18:57:54] WARNING: - 0 trust assignments processed
[2025-05-30 18:57:54] WARNING: - 2 users in trust network
[2025-05-30 18:57:54] WARNING: - 31 total trust relationships
[2025-05-30 19:07:33] WARNING: === Starting Twitter Trust System Collection ===
[2025-05-30 19:07:33] WARNING: Will collect tweets until reaching previous timestamp: 2025-05-12 06:54:05+00:00
[2025-05-30 19:07:33] WARNING: Retrieving page 1...
[2025-05-30 19:07:45] WARNING: Newest tweet is from: 2025-05-12 06:54:05+00:00
[2025-05-30 19:07:45] WARNING: Reached stop point at tweet from 2025-05-12 06:54:05+00:00
[2025-05-30 19:07:45] WARNING: Retrieved 0 new tweets on page 1
[2025-05-30 19:07:45] WARNING: Stopping pagination as we've reached the stop point
[2025-05-30 19:07:45] WARNING: Retrieved a total of 0 tweets across 1 pages
[2025-05-30 19:07:45] WARNING: No new tweets found with trust commands. Exiting without error.
[2025-05-30 19:07:45] WARNING: Collection complete!
[2025-05-30 19:07:45] WARNING: - 0 trust assignments processed
[2025-05-30 19:07:45] WARNING: - 2 users in trust network
[2025-05-30 19:07:45] WARNING: - 31 total trust relationships
[2025-05-30 19:17:33] WARNING: === Starting Twitter Trust System Collection ===
[2025-05-30 19:17:33] WARNING: Will collect tweets until reaching previous timestamp: 2025-05-12 06:54:05+00:00
[2025-05-30 19:17:33] WARNING: Retrieving page 1...
[2025-05-30 19:17:35] WARNING: Newest tweet is from: 2025-05-12 06:54:05+00:00
[2025-05-30 19:17:35] WARNING: Reached stop point at tweet from 2025-05-12 06:54:05+00:00
[2025-05-30 19:17:35] WARNING: Retrieved 0 new tweets on page 1
[2025-05-30 19:17:35] WARNING: Stopping pagination as we've reached the stop point
[2025-05-30 19:17:35] WARNING: Retrieved a total of 0 tweets across 1 pages
[2025-05-30 19:17:35] WARNING: No new tweets found with trust commands. Exiting without error.
[2025-05-30 19:17:35] WARNING: Collection complete!
[2025-05-30 19:17:35] WARNING: - 0 trust assignments processed
[2025-05-30 19:17:35] WARNING: - 2 users in trust network
[2025-05-30 19:17:35] WARNING: - 31 total trust relationships
[2025-05-30 19:27:34] WARNING: === Starting Twitter Trust System Collection ===
[2025-05-30 19:27:34] WARNING: Will collect tweets until reaching previous timestamp: 2025-05-12 06:54:05+00:00
[2025-05-30 19:27:34] WARNING: Retrieving page 1...
[2025-05-30 19:27:35] WARNING: Newest tweet is from: 2025-05-12 06:54:05+00:00
[2025-05-30 19:27:35] WARNING: Reached stop point at tweet from 2025-05-12 06:54:05+00:00
[2025-05-30 19:27:35] WARNING: Retrieved 0 new tweets on page 1
[2025-05-30 19:27:35] WARNING: Stopping pagination as we've reached the stop point
[2025-05-30 19:27:35] WARNING: Retrieved a total of 0 tweets across 1 pages
[2025-05-30 19:27:35] WARNING: No new tweets found with trust commands. Exiting without error.
[2025-05-30 19:27:35] WARNING: Collection complete!
[2025-05-30 19:27:35] WARNING: - 0 trust assignments processed
[2025-05-30 19:27:35] WARNING: - 2 users in trust network
[2025-05-30 19:27:35] WARNING: - 31 total trust relationships
