[2025-05-31 18:17:35] WARNING: - 31 total trust relationships
[2025-05-31 18:27:33] WARNING: === Starting Twitter Trust System Collection ===
[2025-05-31 18:27:33] WARNING: Will collect tweets until reaching previous timestamp: 2025-05-12 06:54:05+00:00
[2025-05-31 18:27:33] WARNING: Retrieving page 1...
[2025-05-31 18:27:35] WARNING: Newest tweet is from: 2025-05-12 06:54:05+00:00
[2025-05-31 18:27:35] WARNING: Reached stop point at tweet from 2025-05-12 06:54:05+00:00
[2025-05-31 18:27:35] WARNING: Retrieved 0 new tweets on page 1
[2025-05-31 18:27:35] WARNING: Stopping pagination as we've reached the stop point
[2025-05-31 18:27:35] WARNING: Retrieved a total of 0 tweets across 1 pages
[2025-05-31 18:27:35] WARNING: No new tweets found with trust commands. Exiting without error.
[2025-05-31 18:27:35] WARNING: Collection complete!
[2025-05-31 18:27:35] WARNING: - 0 trust assignments processed
[2025-05-31 18:27:35] WARNING: - 2 users in trust network
[2025-05-31 18:27:35] WARNING: - 31 total trust relationships
[2025-05-31 18:37:34] WARNING: === Starting Twitter Trust System Collection ===
[2025-05-31 18:37:34] WARNING: Will collect tweets until reaching previous timestamp: 2025-05-12 06:54:05+00:00
[2025-05-31 18:37:34] WARNING: Retrieving page 1...
[2025-05-31 18:37:37] WARNING: Newest tweet is from: 2025-05-12 06:54:05+00:00
[2025-05-31 18:37:37] WARNING: Reached stop point at tweet from 2025-05-12 06:54:05+00:00
[2025-05-31 18:37:37] WARNING: Retrieved 0 new tweets on page 1
[2025-05-31 18:37:37] WARNING: Stopping pagination as we've reached the stop point
[2025-05-31 18:37:37] WARNING: Retrieved a total of 0 tweets across 1 pages
[2025-05-31 18:37:37] WARNING: No new tweets found with trust commands. Exiting without error.
[2025-05-31 18:37:37] WARNING: Collection complete!
[2025-05-31 18:37:37] WARNING: - 0 trust assignments processed
[2025-05-31 18:37:37] WARNING: - 2 users in trust network
[2025-05-31 18:37:37] WARNING: - 31 total trust relationships
[2025-05-31 18:47:33] WARNING: === Starting Twitter Trust System Collection ===
[2025-05-31 18:47:33] WARNING: Will collect tweets until reaching previous timestamp: 2025-05-12 06:54:05+00:00
[2025-05-31 18:47:33] WARNING: Retrieving page 1...
[2025-05-31 18:47:35] WARNING: Newest tweet is from: 2025-05-12 06:54:05+00:00
[2025-05-31 18:47:35] WARNING: Reached stop point at tweet from 2025-05-12 06:54:05+00:00
[2025-05-31 18:47:35] WARNING: Retrieved 0 new tweets on page 1
[2025-05-31 18:47:35] WARNING: Stopping pagination as we've reached the stop point
[2025-05-31 18:47:35] WARNING: Retrieved a total of 0 tweets across 1 pages
[2025-05-31 18:47:35] WARNING: No new tweets found with trust commands. Exiting without error.
[2025-05-31 18:47:35] WARNING: Collection complete!
[2025-05-31 18:47:35] WARNING: - 0 trust assignments processed
[2025-05-31 18:47:35] WARNING: - 2 users in trust network
[2025-05-31 18:47:35] WARNING: - 31 total trust relationships
[2025-05-31 18:57:33] WARNING: === Starting Twitter Trust System Collection ===
[2025-05-31 18:57:33] WARNING: Will collect tweets until reaching previous timestamp: 2025-05-12 06:54:05+00:00
[2025-05-31 18:57:33] WARNING: Retrieving page 1...
[2025-05-31 18:57:35] WARNING: Newest tweet is from: 2025-05-12 06:54:05+00:00
[2025-05-31 18:57:35] WARNING: Reached stop point at tweet from 2025-05-12 06:54:05+00:00
[2025-05-31 18:57:35] WARNING: Retrieved 0 new tweets on page 1
[2025-05-31 18:57:35] WARNING: Stopping pagination as we've reached the stop point
[2025-05-31 18:57:35] WARNING: Retrieved a total of 0 tweets across 1 pages
[2025-05-31 18:57:35] WARNING: No new tweets found with trust commands. Exiting without error.
[2025-05-31 18:57:35] WARNING: Collection complete!
[2025-05-31 18:57:35] WARNING: - 0 trust assignments processed
[2025-05-31 18:57:35] WARNING: - 2 users in trust network
[2025-05-31 18:57:35] WARNING: - 31 total trust relationships
[2025-05-31 19:07:33] WARNING: === Starting Twitter Trust System Collection ===
[2025-05-31 19:07:33] WARNING: Will collect tweets until reaching previous timestamp: 2025-05-12 06:54:05+00:00
[2025-05-31 19:07:33] WARNING: Retrieving page 1...
[2025-05-31 19:07:35] WARNING: Newest tweet is from: 2025-05-12 06:54:05+00:00
[2025-05-31 19:07:35] WARNING: Reached stop point at tweet from 2025-05-12 06:54:05+00:00
[2025-05-31 19:07:35] WARNING: Retrieved 0 new tweets on page 1
[2025-05-31 19:07:35] WARNING: Stopping pagination as we've reached the stop point
[2025-05-31 19:07:35] WARNING: Retrieved a total of 0 tweets across 1 pages
[2025-05-31 19:07:35] WARNING: No new tweets found with trust commands. Exiting without error.
[2025-05-31 19:07:35] WARNING: Collection complete!
[2025-05-31 19:07:35] WARNING: - 0 trust assignments processed
[2025-05-31 19:07:35] WARNING: - 2 users in trust network
[2025-05-31 19:07:35] WARNING: - 31 total trust relationships
[2025-05-31 19:17:33] WARNING: === Starting Twitter Trust System Collection ===
[2025-05-31 19:17:33] WARNING: Will collect tweets until reaching previous timestamp: 2025-05-12 06:54:05+00:00
[2025-05-31 19:17:33] WARNING: Retrieving page 1...
[2025-05-31 19:17:35] WARNING: Newest tweet is from: 2025-05-12 06:54:05+00:00
[2025-05-31 19:17:35] WARNING: Reached stop point at tweet from 2025-05-12 06:54:05+00:00
[2025-05-31 19:17:35] WARNING: Retrieved 0 new tweets on page 1
[2025-05-31 19:17:35] WARNING: Stopping pagination as we've reached the stop point
[2025-05-31 19:17:35] WARNING: Retrieved a total of 0 tweets across 1 pages
[2025-05-31 19:17:35] WARNING: No new tweets found with trust commands. Exiting without error.
[2025-05-31 19:17:35] WARNING: Collection complete!
[2025-05-31 19:17:35] WARNING: - 0 trust assignments processed
[2025-05-31 19:17:35] WARNING: - 2 users in trust network
[2025-05-31 19:17:35] WARNING: - 31 total trust relationships
[2025-05-31 19:27:33] WARNING: === Starting Twitter Trust System Collection ===
[2025-05-31 19:27:33] WARNING: Will collect tweets until reaching previous timestamp: 2025-05-12 06:54:05+00:00
[2025-05-31 19:27:33] WARNING: Retrieving page 1...
[2025-05-31 19:27:35] WARNING: Newest tweet is from: 2025-05-12 06:54:05+00:00
[2025-05-31 19:27:35] WARNING: Reached stop point at tweet from 2025-05-12 06:54:05+00:00
[2025-05-31 19:27:35] WARNING: Retrieved 0 new tweets on page 1
[2025-05-31 19:27:35] WARNING: Stopping pagination as we've reached the stop point
[2025-05-31 19:27:35] WARNING: Retrieved a total of 0 tweets across 1 pages
[2025-05-31 19:27:35] WARNING: No new tweets found with trust commands. Exiting without error.
[2025-05-31 19:27:35] WARNING: Collection complete!
[2025-05-31 19:27:35] WARNING: - 0 trust assignments processed
[2025-05-31 19:27:35] WARNING: - 2 users in trust network
[2025-05-31 19:27:35] WARNING: - 31 total trust relationships
[2025-05-31 19:37:33] WARNING: === Starting Twitter Trust System Collection ===
[2025-05-31 19:37:33] WARNING: Will collect tweets until reaching previous timestamp: 2025-05-12 06:54:05+00:00
[2025-05-31 19:37:33] WARNING: Retrieving page 1...
[2025-05-31 19:37:35] WARNING: Newest tweet is from: 2025-05-12 06:54:05+00:00
[2025-05-31 19:37:35] WARNING: Reached stop point at tweet from 2025-05-12 06:54:05+00:00
[2025-05-31 19:37:35] WARNING: Retrieved 0 new tweets on page 1
[2025-05-31 19:37:35] WARNING: Stopping pagination as we've reached the stop point
[2025-05-31 19:37:35] WARNING: Retrieved a total of 0 tweets across 1 pages
[2025-05-31 19:37:35] WARNING: No new tweets found with trust commands. Exiting without error.
[2025-05-31 19:37:35] WARNING: Collection complete!
[2025-05-31 19:37:35] WARNING: - 0 trust assignments processed
[2025-05-31 19:37:35] WARNING: - 2 users in trust network
[2025-05-31 19:37:35] WARNING: - 31 total trust relationships
[2025-05-31 19:47:32] WARNING: === Starting Twitter Trust System Collection ===
[2025-05-31 19:47:32] WARNING: Will collect tweets until reaching previous timestamp: 2025-05-12 06:54:05+00:00
[2025-05-31 19:47:32] WARNING: Retrieving page 1...
[2025-05-31 19:47:35] WARNING: Newest tweet is from: 2025-05-12 06:54:05+00:00
[2025-05-31 19:47:35] WARNING: Reached stop point at tweet from 2025-05-12 06:54:05+00:00
[2025-05-31 19:47:35] WARNING: Retrieved 0 new tweets on page 1
[2025-05-31 19:47:35] WARNING: Stopping pagination as we've reached the stop point
[2025-05-31 19:47:35] WARNING: Retrieved a total of 0 tweets across 1 pages
[2025-05-31 19:47:35] WARNING: No new tweets found with trust commands. Exiting without error.
[2025-05-31 19:47:35] WARNING: Collection complete!
[2025-05-31 19:47:35] WARNING: - 0 trust assignments processed
[2025-05-31 19:47:35] WARNING: - 2 users in trust network
[2025-05-31 19:47:35] WARNING: - 31 total trust relationships
[2025-05-31 19:57:33] WARNING: === Starting Twitter Trust System Collection ===
[2025-05-31 19:57:33] WARNING: Will collect tweets until reaching previous timestamp: 2025-05-12 06:54:05+00:00
[2025-05-31 19:57:33] WARNING: Retrieving page 1...
[2025-05-31 19:57:34] WARNING: Newest tweet is from: 2025-05-12 06:54:05+00:00
[2025-05-31 19:57:34] WARNING: Reached stop point at tweet from 2025-05-12 06:54:05+00:00
[2025-05-31 19:57:34] WARNING: Retrieved 0 new tweets on page 1
[2025-05-31 19:57:34] WARNING: Stopping pagination as we've reached the stop point
[2025-05-31 19:57:34] WARNING: Retrieved a total of 0 tweets across 1 pages
[2025-05-31 19:57:34] WARNING: No new tweets found with trust commands. Exiting without error.
[2025-05-31 19:57:34] WARNING: Collection complete!
[2025-05-31 19:57:34] WARNING: - 0 trust assignments processed
[2025-05-31 19:57:34] WARNING: - 2 users in trust network
[2025-05-31 19:57:34] WARNING: - 31 total trust relationships
[2025-05-31 20:07:32] WARNING: === Starting Twitter Trust System Collection ===
[2025-05-31 20:07:32] WARNING: Will collect tweets until reaching previous timestamp: 2025-05-12 06:54:05+00:00
[2025-05-31 20:07:32] WARNING: Retrieving page 1...
[2025-05-31 20:07:34] WARNING: Newest tweet is from: 2025-05-12 06:54:05+00:00
[2025-05-31 20:07:34] WARNING: Reached stop point at tweet from 2025-05-12 06:54:05+00:00
[2025-05-31 20:07:34] WARNING: Retrieved 0 new tweets on page 1
[2025-05-31 20:07:34] WARNING: Stopping pagination as we've reached the stop point
[2025-05-31 20:07:34] WARNING: Retrieved a total of 0 tweets across 1 pages
[2025-05-31 20:07:34] WARNING: No new tweets found with trust commands. Exiting without error.
[2025-05-31 20:07:34] WARNING: Collection complete!
[2025-05-31 20:07:34] WARNING: - 0 trust assignments processed
[2025-05-31 20:07:34] WARNING: - 2 users in trust network
[2025-05-31 20:07:34] WARNING: - 31 total trust relationships
[2025-05-31 20:17:32] WARNING: === Starting Twitter Trust System Collection ===
[2025-05-31 20:17:32] WARNING: Will collect tweets until reaching previous timestamp: 2025-05-12 06:54:05+00:00
[2025-05-31 20:17:32] WARNING: Retrieving page 1...
[2025-05-31 20:17:34] WARNING: Newest tweet is from: 2025-05-12 06:54:05+00:00
[2025-05-31 20:17:34] WARNING: Reached stop point at tweet from 2025-05-12 06:54:05+00:00
[2025-05-31 20:17:34] WARNING: Retrieved 0 new tweets on page 1
[2025-05-31 20:17:34] WARNING: Stopping pagination as we've reached the stop point
[2025-05-31 20:17:34] WARNING: Retrieved a total of 0 tweets across 1 pages
[2025-05-31 20:17:34] WARNING: No new tweets found with trust commands. Exiting without error.
[2025-05-31 20:17:34] WARNING: Collection complete!
[2025-05-31 20:17:34] WARNING: - 0 trust assignments processed
[2025-05-31 20:17:34] WARNING: - 2 users in trust network
[2025-05-31 20:17:34] WARNING: - 31 total trust relationships
[2025-05-31 20:27:32] WARNING: === Starting Twitter Trust System Collection ===
[2025-05-31 20:27:32] WARNING: Will collect tweets until reaching previous timestamp: 2025-05-12 06:54:05+00:00
[2025-05-31 20:27:32] WARNING: Retrieving page 1...
[2025-05-31 20:27:34] WARNING: Newest tweet is from: 2025-05-12 06:54:05+00:00
[2025-05-31 20:27:34] WARNING: Reached stop point at tweet from 2025-05-12 06:54:05+00:00
[2025-05-31 20:27:34] WARNING: Retrieved 0 new tweets on page 1
[2025-05-31 20:27:34] WARNING: Stopping pagination as we've reached the stop point
[2025-05-31 20:27:34] WARNING: Retrieved a total of 0 tweets across 1 pages
[2025-05-31 20:27:34] WARNING: No new tweets found with trust commands. Exiting without error.
[2025-05-31 20:27:34] WARNING: Collection complete!
[2025-05-31 20:27:34] WARNING: - 0 trust assignments processed
[2025-05-31 20:27:34] WARNING: - 2 users in trust network
[2025-05-31 20:27:34] WARNING: - 31 total trust relationships
[2025-05-31 20:37:32] WARNING: === Starting Twitter Trust System Collection ===
[2025-05-31 20:37:32] WARNING: Will collect tweets until reaching previous timestamp: 2025-05-12 06:54:05+00:00
[2025-05-31 20:37:32] WARNING: Retrieving page 1...
[2025-05-31 20:37:34] WARNING: Newest tweet is from: 2025-05-12 06:54:05+00:00
[2025-05-31 20:37:34] WARNING: Reached stop point at tweet from 2025-05-12 06:54:05+00:00
[2025-05-31 20:37:34] WARNING: Retrieved 0 new tweets on page 1
[2025-05-31 20:37:34] WARNING: Stopping pagination as we've reached the stop point
[2025-05-31 20:37:34] WARNING: Retrieved a total of 0 tweets across 1 pages
[2025-05-31 20:37:34] WARNING: No new tweets found with trust commands. Exiting without error.
[2025-05-31 20:37:34] WARNING: Collection complete!
[2025-05-31 20:37:34] WARNING: - 0 trust assignments processed
[2025-05-31 20:37:34] WARNING: - 2 users in trust network
[2025-05-31 20:37:34] WARNING: - 31 total trust relationships
[2025-05-31 20:47:33] WARNING: === Starting Twitter Trust System Collection ===
[2025-05-31 20:47:33] WARNING: Will collect tweets until reaching previous timestamp: 2025-05-12 06:54:05+00:00
[2025-05-31 20:47:33] WARNING: Retrieving page 1...
[2025-05-31 20:47:34] WARNING: Newest tweet is from: 2025-05-12 06:54:05+00:00
[2025-05-31 20:47:34] WARNING: Reached stop point at tweet from 2025-05-12 06:54:05+00:00
[2025-05-31 20:47:34] WARNING: Retrieved 0 new tweets on page 1
[2025-05-31 20:47:34] WARNING: Stopping pagination as we've reached the stop point
[2025-05-31 20:47:34] WARNING: Retrieved a total of 0 tweets across 1 pages
[2025-05-31 20:47:34] WARNING: No new tweets found with trust commands. Exiting without error.
[2025-05-31 20:47:34] WARNING: Collection complete!
[2025-05-31 20:47:34] WARNING: - 0 trust assignments processed
[2025-05-31 20:47:34] WARNING: - 2 users in trust network
[2025-05-31 20:47:34] WARNING: - 31 total trust relationships
[2025-05-31 20:57:32] WARNING: === Starting Twitter Trust System Collection ===
[2025-05-31 20:57:32] WARNING: Will collect tweets until reaching previous timestamp: 2025-05-12 06:54:05+00:00
[2025-05-31 20:57:32] WARNING: Retrieving page 1...
[2025-05-31 20:57:34] WARNING: Newest tweet is from: 2025-05-12 06:54:05+00:00
[2025-05-31 20:57:34] WARNING: Reached stop point at tweet from 2025-05-12 06:54:05+00:00
[2025-05-31 20:57:34] WARNING: Retrieved 0 new tweets on page 1
[2025-05-31 20:57:34] WARNING: Stopping pagination as we've reached the stop point
[2025-05-31 20:57:34] WARNING: Retrieved a total of 0 tweets across 1 pages
[2025-05-31 20:57:34] WARNING: No new tweets found with trust commands. Exiting without error.
[2025-05-31 20:57:34] WARNING: Collection complete!
[2025-05-31 20:57:34] WARNING: - 0 trust assignments processed
[2025-05-31 20:57:34] WARNING: - 2 users in trust network
[2025-05-31 20:57:34] WARNING: - 31 total trust relationships
[2025-05-31 21:07:33] WARNING: === Starting Twitter Trust System Collection ===
[2025-05-31 21:07:33] WARNING: Will collect tweets until reaching previous timestamp: 2025-05-12 06:54:05+00:00
[2025-05-31 21:07:33] WARNING: Retrieving page 1...
[2025-05-31 21:07:34] WARNING: Newest tweet is from: 2025-05-12 06:54:05+00:00
[2025-05-31 21:07:34] WARNING: Reached stop point at tweet from 2025-05-12 06:54:05+00:00
[2025-05-31 21:07:34] WARNING: Retrieved 0 new tweets on page 1
[2025-05-31 21:07:34] WARNING: Stopping pagination as we've reached the stop point
[2025-05-31 21:07:34] WARNING: Retrieved a total of 0 tweets across 1 pages
[2025-05-31 21:07:34] WARNING: No new tweets found with trust commands. Exiting without error.
[2025-05-31 21:07:34] WARNING: Collection complete!
[2025-05-31 21:07:34] WARNING: - 0 trust assignments processed
[2025-05-31 21:07:34] WARNING: - 2 users in trust network
[2025-05-31 21:07:34] WARNING: - 31 total trust relationships
[2025-05-31 21:17:32] WARNING: === Starting Twitter Trust System Collection ===
[2025-05-31 21:17:33] WARNING: Will collect tweets until reaching previous timestamp: 2025-05-12 06:54:05+00:00
[2025-05-31 21:17:33] WARNING: Retrieving page 1...
[2025-05-31 21:17:34] WARNING: Newest tweet is from: 2025-05-12 06:54:05+00:00
[2025-05-31 21:17:34] WARNING: Reached stop point at tweet from 2025-05-12 06:54:05+00:00
[2025-05-31 21:17:34] WARNING: Retrieved 0 new tweets on page 1
[2025-05-31 21:17:34] WARNING: Stopping pagination as we've reached the stop point
[2025-05-31 21:17:34] WARNING: Retrieved a total of 0 tweets across 1 pages
[2025-05-31 21:17:34] WARNING: No new tweets found with trust commands. Exiting without error.
[2025-05-31 21:17:34] WARNING: Collection complete!
[2025-05-31 21:17:34] WARNING: - 0 trust assignments processed
[2025-05-31 21:17:34] WARNING: - 2 users in trust network
[2025-05-31 21:17:34] WARNING: - 31 total trust relationships
[2025-05-31 21:27:33] WARNING: === Starting Twitter Trust System Collection ===
[2025-05-31 21:27:33] WARNING: Will collect tweets until reaching previous timestamp: 2025-05-12 06:54:05+00:00
[2025-05-31 21:27:33] WARNING: Retrieving page 1...
[2025-05-31 21:27:34] WARNING: Newest tweet is from: 2025-05-12 06:54:05+00:00
[2025-05-31 21:27:34] WARNING: Reached stop point at tweet from 2025-05-12 06:54:05+00:00
[2025-05-31 21:27:34] WARNING: Retrieved 0 new tweets on page 1
[2025-05-31 21:27:34] WARNING: Stopping pagination as we've reached the stop point
[2025-05-31 21:27:34] WARNING: Retrieved a total of 0 tweets across 1 pages
[2025-05-31 21:27:34] WARNING: No new tweets found with trust commands. Exiting without error.
[2025-05-31 21:27:34] WARNING: Collection complete!
[2025-05-31 21:27:34] WARNING: - 0 trust assignments processed
[2025-05-31 21:27:34] WARNING: - 2 users in trust network
[2025-05-31 21:27:34] WARNING: - 31 total trust relationships
[2025-05-31 21:37:32] WARNING: === Starting Twitter Trust System Collection ===
[2025-05-31 21:37:32] WARNING: Will collect tweets until reaching previous timestamp: 2025-05-12 06:54:05+00:00
[2025-05-31 21:37:32] WARNING: Retrieving page 1...
[2025-05-31 21:37:34] WARNING: Newest tweet is from: 2025-05-12 06:54:05+00:00
[2025-05-31 21:37:34] WARNING: Reached stop point at tweet from 2025-05-12 06:54:05+00:00
[2025-05-31 21:37:34] WARNING: Retrieved 0 new tweets on page 1
[2025-05-31 21:37:34] WARNING: Stopping pagination as we've reached the stop point
[2025-05-31 21:37:34] WARNING: Retrieved a total of 0 tweets across 1 pages
[2025-05-31 21:37:34] WARNING: No new tweets found with trust commands. Exiting without error.
[2025-05-31 21:37:34] WARNING: Collection complete!
[2025-05-31 21:37:34] WARNING: - 0 trust assignments processed
[2025-05-31 21:37:34] WARNING: - 2 users in trust network
[2025-05-31 21:37:34] WARNING: - 31 total trust relationships
[2025-05-31 21:47:32] WARNING: === Starting Twitter Trust System Collection ===
[2025-05-31 21:47:32] WARNING: Will collect tweets until reaching previous timestamp: 2025-05-12 06:54:05+00:00
[2025-05-31 21:47:32] WARNING: Retrieving page 1...
[2025-05-31 21:47:36] WARNING: Newest tweet is from: 2025-05-12 06:54:05+00:00
[2025-05-31 21:47:36] WARNING: Reached stop point at tweet from 2025-05-12 06:54:05+00:00
[2025-05-31 21:47:36] WARNING: Retrieved 0 new tweets on page 1
[2025-05-31 21:47:36] WARNING: Stopping pagination as we've reached the stop point
[2025-05-31 21:47:36] WARNING: Retrieved a total of 0 tweets across 1 pages
[2025-05-31 21:47:36] WARNING: No new tweets found with trust commands. Exiting without error.
[2025-05-31 21:47:36] WARNING: Collection complete!
[2025-05-31 21:47:36] WARNING: - 0 trust assignments processed
[2025-05-31 21:47:36] WARNING: - 2 users in trust network
[2025-05-31 21:47:36] WARNING: - 31 total trust relationships
[2025-05-31 21:57:33] WARNING: === Starting Twitter Trust System Collection ===
[2025-05-31 21:57:33] WARNING: Will collect tweets until reaching previous timestamp: 2025-05-12 06:54:05+00:00
[2025-05-31 21:57:33] WARNING: Retrieving page 1...
[2025-05-31 21:57:34] WARNING: Newest tweet is from: 2025-05-12 06:54:05+00:00
[2025-05-31 21:57:34] WARNING: Reached stop point at tweet from 2025-05-12 06:54:05+00:00
[2025-05-31 21:57:34] WARNING: Retrieved 0 new tweets on page 1
[2025-05-31 21:57:34] WARNING: Stopping pagination as we've reached the stop point
[2025-05-31 21:57:34] WARNING: Retrieved a total of 0 tweets across 1 pages
[2025-05-31 21:57:34] WARNING: No new tweets found with trust commands. Exiting without error.
[2025-05-31 21:57:34] WARNING: Collection complete!
[2025-05-31 21:57:34] WARNING: - 0 trust assignments processed
[2025-05-31 21:57:34] WARNING: - 2 users in trust network
[2025-05-31 21:57:34] WARNING: - 31 total trust relationships
[2025-05-31 22:07:33] WARNING: === Starting Twitter Trust System Collection ===
[2025-05-31 22:07:33] WARNING: Will collect tweets until reaching previous timestamp: 2025-05-12 06:54:05+00:00
[2025-05-31 22:07:33] WARNING: Retrieving page 1...
[2025-05-31 22:07:34] WARNING: Newest tweet is from: 2025-05-12 06:54:05+00:00
[2025-05-31 22:07:34] WARNING: Reached stop point at tweet from 2025-05-12 06:54:05+00:00
[2025-05-31 22:07:34] WARNING: Retrieved 0 new tweets on page 1
[2025-05-31 22:07:34] WARNING: Stopping pagination as we've reached the stop point
[2025-05-31 22:07:34] WARNING: Retrieved a total of 0 tweets across 1 pages
[2025-05-31 22:07:34] WARNING: No new tweets found with trust commands. Exiting without error.
[2025-05-31 22:07:34] WARNING: Collection complete!
[2025-05-31 22:07:34] WARNING: - 0 trust assignments processed
[2025-05-31 22:07:34] WARNING: - 2 users in trust network
[2025-05-31 22:07:34] WARNING: - 31 total trust relationships
[2025-05-31 22:17:33] WARNING: === Starting Twitter Trust System Collection ===
[2025-05-31 22:17:33] WARNING: Will collect tweets until reaching previous timestamp: 2025-05-12 06:54:05+00:00
[2025-05-31 22:17:33] WARNING: Retrieving page 1...
[2025-05-31 22:17:34] WARNING: Newest tweet is from: 2025-05-12 06:54:05+00:00
[2025-05-31 22:17:34] WARNING: Reached stop point at tweet from 2025-05-12 06:54:05+00:00
[2025-05-31 22:17:34] WARNING: Retrieved 0 new tweets on page 1
[2025-05-31 22:17:34] WARNING: Stopping pagination as we've reached the stop point
[2025-05-31 22:17:34] WARNING: Retrieved a total of 0 tweets across 1 pages
[2025-05-31 22:17:34] WARNING: No new tweets found with trust commands. Exiting without error.
[2025-05-31 22:17:34] WARNING: Collection complete!
[2025-05-31 22:17:34] WARNING: - 0 trust assignments processed
[2025-05-31 22:17:34] WARNING: - 2 users in trust network
[2025-05-31 22:17:34] WARNING: - 31 total trust relationships
[2025-05-31 22:27:33] WARNING: === Starting Twitter Trust System Collection ===
[2025-05-31 22:27:33] WARNING: Will collect tweets until reaching previous timestamp: 2025-05-12 06:54:05+00:00
[2025-05-31 22:27:33] WARNING: Retrieving page 1...
[2025-05-31 22:27:34] WARNING: Newest tweet is from: 2025-05-12 06:54:05+00:00
[2025-05-31 22:27:34] WARNING: Reached stop point at tweet from 2025-05-12 06:54:05+00:00
[2025-05-31 22:27:34] WARNING: Retrieved 0 new tweets on page 1
[2025-05-31 22:27:34] WARNING: Stopping pagination as we've reached the stop point
[2025-05-31 22:27:34] WARNING: Retrieved a total of 0 tweets across 1 pages
[2025-05-31 22:27:34] WARNING: No new tweets found with trust commands. Exiting without error.
[2025-05-31 22:27:34] WARNING: Collection complete!
[2025-05-31 22:27:34] WARNING: - 0 trust assignments processed
[2025-05-31 22:27:34] WARNING: - 2 users in trust network
[2025-05-31 22:27:34] WARNING: - 31 total trust relationships
[2025-05-31 22:37:33] WARNING: === Starting Twitter Trust System Collection ===
[2025-05-31 22:37:33] WARNING: Will collect tweets until reaching previous timestamp: 2025-05-12 06:54:05+00:00
[2025-05-31 22:37:33] WARNING: Retrieving page 1...
[2025-05-31 22:37:34] WARNING: Newest tweet is from: 2025-05-12 06:54:05+00:00
[2025-05-31 22:37:34] WARNING: Reached stop point at tweet from 2025-05-12 06:54:05+00:00
[2025-05-31 22:37:34] WARNING: Retrieved 0 new tweets on page 1
[2025-05-31 22:37:34] WARNING: Stopping pagination as we've reached the stop point
[2025-05-31 22:37:34] WARNING: Retrieved a total of 0 tweets across 1 pages
[2025-05-31 22:37:34] WARNING: No new tweets found with trust commands. Exiting without error.
[2025-05-31 22:37:34] WARNING: Collection complete!
[2025-05-31 22:37:34] WARNING: - 0 trust assignments processed
[2025-05-31 22:37:34] WARNING: - 2 users in trust network
[2025-05-31 22:37:34] WARNING: - 31 total trust relationships
[2025-05-31 22:47:33] WARNING: === Starting Twitter Trust System Collection ===
[2025-05-31 22:47:33] WARNING: Will collect tweets until reaching previous timestamp: 2025-05-12 06:54:05+00:00
[2025-05-31 22:47:33] WARNING: Retrieving page 1...
[2025-05-31 22:47:34] WARNING: Newest tweet is from: 2025-05-12 06:54:05+00:00
[2025-05-31 22:47:34] WARNING: Reached stop point at tweet from 2025-05-12 06:54:05+00:00
[2025-05-31 22:47:34] WARNING: Retrieved 0 new tweets on page 1
[2025-05-31 22:47:34] WARNING: Stopping pagination as we've reached the stop point
[2025-05-31 22:47:34] WARNING: Retrieved a total of 0 tweets across 1 pages
[2025-05-31 22:47:34] WARNING: No new tweets found with trust commands. Exiting without error.
[2025-05-31 22:47:34] WARNING: Collection complete!
[2025-05-31 22:47:34] WARNING: - 0 trust assignments processed
[2025-05-31 22:47:34] WARNING: - 2 users in trust network
[2025-05-31 22:47:34] WARNING: - 31 total trust relationships
[2025-05-31 22:57:33] WARNING: === Starting Twitter Trust System Collection ===
[2025-05-31 22:57:33] WARNING: Will collect tweets until reaching previous timestamp: 2025-05-12 06:54:05+00:00
[2025-05-31 22:57:33] WARNING: Retrieving page 1...
[2025-05-31 22:57:34] WARNING: Newest tweet is from: 2025-05-12 06:54:05+00:00
[2025-05-31 22:57:34] WARNING: Reached stop point at tweet from 2025-05-12 06:54:05+00:00
[2025-05-31 22:57:34] WARNING: Retrieved 0 new tweets on page 1
[2025-05-31 22:57:34] WARNING: Stopping pagination as we've reached the stop point
[2025-05-31 22:57:34] WARNING: Retrieved a total of 0 tweets across 1 pages
[2025-05-31 22:57:34] WARNING: No new tweets found with trust commands. Exiting without error.
[2025-05-31 22:57:34] WARNING: Collection complete!
[2025-05-31 22:57:34] WARNING: - 0 trust assignments processed
[2025-05-31 22:57:34] WARNING: - 2 users in trust network
[2025-05-31 22:57:34] WARNING: - 31 total trust relationships
[2025-05-31 23:07:33] WARNING: === Starting Twitter Trust System Collection ===
[2025-05-31 23:07:33] WARNING: Will collect tweets until reaching previous timestamp: 2025-05-12 06:54:05+00:00
[2025-05-31 23:07:33] WARNING: Retrieving page 1...
[2025-05-31 23:07:34] WARNING: Newest tweet is from: 2025-05-12 06:54:05+00:00
[2025-05-31 23:07:34] WARNING: Reached stop point at tweet from 2025-05-12 06:54:05+00:00
[2025-05-31 23:07:34] WARNING: Retrieved 0 new tweets on page 1
[2025-05-31 23:07:34] WARNING: Stopping pagination as we've reached the stop point
[2025-05-31 23:07:34] WARNING: Retrieved a total of 0 tweets across 1 pages
[2025-05-31 23:07:34] WARNING: No new tweets found with trust commands. Exiting without error.
[2025-05-31 23:07:34] WARNING: Collection complete!
[2025-05-31 23:07:34] WARNING: - 0 trust assignments processed
[2025-05-31 23:07:34] WARNING: - 2 users in trust network
[2025-05-31 23:07:34] WARNING: - 31 total trust relationships
[2025-05-31 23:17:33] WARNING: === Starting Twitter Trust System Collection ===
[2025-05-31 23:17:33] WARNING: Will collect tweets until reaching previous timestamp: 2025-05-12 06:54:05+00:00
[2025-05-31 23:17:33] WARNING: Retrieving page 1...
[2025-05-31 23:17:34] WARNING: Newest tweet is from: 2025-05-12 06:54:05+00:00
[2025-05-31 23:17:34] WARNING: Reached stop point at tweet from 2025-05-12 06:54:05+00:00
[2025-05-31 23:17:34] WARNING: Retrieved 0 new tweets on page 1
[2025-05-31 23:17:34] WARNING: Stopping pagination as we've reached the stop point
[2025-05-31 23:17:34] WARNING: Retrieved a total of 0 tweets across 1 pages
[2025-05-31 23:17:34] WARNING: No new tweets found with trust commands. Exiting without error.
[2025-05-31 23:17:34] WARNING: Collection complete!
[2025-05-31 23:17:34] WARNING: - 0 trust assignments processed
[2025-05-31 23:17:34] WARNING: - 2 users in trust network
[2025-05-31 23:17:34] WARNING: - 31 total trust relationships
[2025-05-31 23:27:33] WARNING: === Starting Twitter Trust System Collection ===
[2025-05-31 23:27:33] WARNING: Will collect tweets until reaching previous timestamp: 2025-05-12 06:54:05+00:00
[2025-05-31 23:27:33] WARNING: Retrieving page 1...
[2025-05-31 23:27:34] WARNING: Newest tweet is from: 2025-05-12 06:54:05+00:00
[2025-05-31 23:27:34] WARNING: Reached stop point at tweet from 2025-05-12 06:54:05+00:00
[2025-05-31 23:27:34] WARNING: Retrieved 0 new tweets on page 1
[2025-05-31 23:27:34] WARNING: Stopping pagination as we've reached the stop point
[2025-05-31 23:27:34] WARNING: Retrieved a total of 0 tweets across 1 pages
[2025-05-31 23:27:34] WARNING: No new tweets found with trust commands. Exiting without error.
[2025-05-31 23:27:34] WARNING: Collection complete!
[2025-05-31 23:27:34] WARNING: - 0 trust assignments processed
[2025-05-31 23:27:34] WARNING: - 2 users in trust network
[2025-05-31 23:27:34] WARNING: - 31 total trust relationships
[2025-05-31 23:37:33] WARNING: === Starting Twitter Trust System Collection ===
[2025-05-31 23:37:33] WARNING: Will collect tweets until reaching previous timestamp: 2025-05-12 06:54:05+00:00
[2025-05-31 23:37:33] WARNING: Retrieving page 1...
[2025-05-31 23:37:34] WARNING: Newest tweet is from: 2025-05-12 06:54:05+00:00
[2025-05-31 23:37:34] WARNING: Reached stop point at tweet from 2025-05-12 06:54:05+00:00
[2025-05-31 23:37:34] WARNING: Retrieved 0 new tweets on page 1
[2025-05-31 23:37:34] WARNING: Stopping pagination as we've reached the stop point
[2025-05-31 23:37:34] WARNING: Retrieved a total of 0 tweets across 1 pages
[2025-05-31 23:37:34] WARNING: No new tweets found with trust commands. Exiting without error.
[2025-05-31 23:37:34] WARNING: Collection complete!
[2025-05-31 23:37:34] WARNING: - 0 trust assignments processed
[2025-05-31 23:37:34] WARNING: - 2 users in trust network
[2025-05-31 23:37:34] WARNING: - 31 total trust relationships
[2025-05-31 23:47:33] WARNING: === Starting Twitter Trust System Collection ===
[2025-05-31 23:47:33] WARNING: Will collect tweets until reaching previous timestamp: 2025-05-12 06:54:05+00:00
[2025-05-31 23:47:33] WARNING: Retrieving page 1...
[2025-05-31 23:47:35] WARNING: Newest tweet is from: 2025-05-12 06:54:05+00:00
[2025-05-31 23:47:35] WARNING: Reached stop point at tweet from 2025-05-12 06:54:05+00:00
[2025-05-31 23:47:35] WARNING: Retrieved 0 new tweets on page 1
[2025-05-31 23:47:35] WARNING: Stopping pagination as we've reached the stop point
[2025-05-31 23:47:35] WARNING: Retrieved a total of 0 tweets across 1 pages
[2025-05-31 23:47:35] WARNING: No new tweets found with trust commands. Exiting without error.
[2025-05-31 23:47:35] WARNING: Collection complete!
[2025-05-31 23:47:35] WARNING: - 0 trust assignments processed
[2025-05-31 23:47:35] WARNING: - 2 users in trust network
[2025-05-31 23:47:35] WARNING: - 31 total trust relationships
[2025-05-31 23:57:33] WARNING: === Starting Twitter Trust System Collection ===
[2025-05-31 23:57:33] WARNING: Will collect tweets until reaching previous timestamp: 2025-05-12 06:54:05+00:00
[2025-05-31 23:57:33] WARNING: Retrieving page 1...
[2025-05-31 23:57:34] WARNING: Newest tweet is from: 2025-05-12 06:54:05+00:00
[2025-05-31 23:57:34] WARNING: Reached stop point at tweet from 2025-05-12 06:54:05+00:00
[2025-05-31 23:57:34] WARNING: Retrieved 0 new tweets on page 1
[2025-05-31 23:57:34] WARNING: Stopping pagination as we've reached the stop point
[2025-05-31 23:57:34] WARNING: Retrieved a total of 0 tweets across 1 pages
[2025-05-31 23:57:34] WARNING: No new tweets found with trust commands. Exiting without error.
[2025-05-31 23:57:34] WARNING: Collection complete!
[2025-05-31 23:57:34] WARNING: - 0 trust assignments processed
[2025-05-31 23:57:34] WARNING: - 2 users in trust network
[2025-05-31 23:57:34] WARNING: - 31 total trust relationships
[2025-06-01 00:07:33] WARNING: === Starting Twitter Trust System Collection ===
[2025-06-01 00:07:33] WARNING: Will collect tweets until reaching previous timestamp: 2025-05-12 06:54:05+00:00
[2025-06-01 00:07:33] WARNING: Retrieving page 1...
[2025-06-01 00:07:35] WARNING: Newest tweet is from: 2025-05-12 06:54:05+00:00
[2025-06-01 00:07:35] WARNING: Reached stop point at tweet from 2025-05-12 06:54:05+00:00
[2025-06-01 00:07:35] WARNING: Retrieved 0 new tweets on page 1
[2025-06-01 00:07:35] WARNING: Stopping pagination as we've reached the stop point
[2025-06-01 00:07:35] WARNING: Retrieved a total of 0 tweets across 1 pages
[2025-06-01 00:07:35] WARNING: No new tweets found with trust commands. Exiting without error.
[2025-06-01 00:07:35] WARNING: Collection complete!
[2025-06-01 00:07:35] WARNING: - 0 trust assignments processed
[2025-06-01 00:07:35] WARNING: - 2 users in trust network
[2025-06-01 00:07:35] WARNING: - 31 total trust relationships
[2025-06-01 00:17:33] WARNING: === Starting Twitter Trust System Collection ===
[2025-06-01 00:17:33] WARNING: Will collect tweets until reaching previous timestamp: 2025-05-12 06:54:05+00:00
[2025-06-01 00:17:33] WARNING: Retrieving page 1...
[2025-06-01 00:17:34] WARNING: Newest tweet is from: 2025-05-12 06:54:05+00:00
[2025-06-01 00:17:34] WARNING: Reached stop point at tweet from 2025-05-12 06:54:05+00:00
[2025-06-01 00:17:34] WARNING: Retrieved 0 new tweets on page 1
[2025-06-01 00:17:34] WARNING: Stopping pagination as we've reached the stop point
[2025-06-01 00:17:34] WARNING: Retrieved a total of 0 tweets across 1 pages
[2025-06-01 00:17:34] WARNING: No new tweets found with trust commands. Exiting without error.
[2025-06-01 00:17:34] WARNING: Collection complete!
[2025-06-01 00:17:34] WARNING: - 0 trust assignments processed
[2025-06-01 00:17:34] WARNING: - 2 users in trust network
[2025-06-01 00:17:34] WARNING: - 31 total trust relationships
