[2025-05-22 15:37:36] WARNING: Reached stop point at tweet from 2025-05-12 06:54:05+00:00
[2025-05-22 15:37:36] WARNING: Retrieved 0 new tweets on page 1
[2025-05-22 15:37:36] WARNING: Stopping pagination as we've reached the stop point
[2025-05-22 15:37:36] WARNING: Retrieved a total of 0 tweets across 1 pages
[2025-05-22 15:37:36] WARNING: No new tweets found with trust commands. Exiting without error.
[2025-05-22 15:37:36] WARNING: Collection complete!
[2025-05-22 15:37:36] WARNING: - 0 trust assignments processed
[2025-05-22 15:37:36] WARNING: - 2 users in trust network
[2025-05-22 15:37:36] WARNING: - 31 total trust relationships
[2025-05-22 15:47:36] WARNING: === Starting Twitter Trust System Collection ===
[2025-05-22 15:47:36] WARNING: Will collect tweets until reaching previous timestamp: 2025-05-12 06:54:05+00:00
[2025-05-22 15:47:36] WARNING: Retrieving page 1...
[2025-05-22 15:47:38] WARNING: Newest tweet is from: 2025-05-12 06:54:05+00:00
[2025-05-22 15:47:38] WARNING: Reached stop point at tweet from 2025-05-12 06:54:05+00:00
[2025-05-22 15:47:38] WARNING: Retrieved 0 new tweets on page 1
[2025-05-22 15:47:38] WARNING: Stopping pagination as we've reached the stop point
[2025-05-22 15:47:38] WARNING: Retrieved a total of 0 tweets across 1 pages
[2025-05-22 15:47:38] WARNING: No new tweets found with trust commands. Exiting without error.
[2025-05-22 15:47:38] WARNING: Collection complete!
[2025-05-22 15:47:38] WARNING: - 0 trust assignments processed
[2025-05-22 15:47:38] WARNING: - 2 users in trust network
[2025-05-22 15:47:38] WARNING: - 31 total trust relationships
[2025-05-22 15:57:35] WARNING: === Starting Twitter Trust System Collection ===
[2025-05-22 15:57:35] WARNING: Will collect tweets until reaching previous timestamp: 2025-05-12 06:54:05+00:00
[2025-05-22 15:57:35] WARNING: Retrieving page 1...
[2025-05-22 15:57:37] WARNING: Newest tweet is from: 2025-05-12 06:54:05+00:00
[2025-05-22 15:57:37] WARNING: Reached stop point at tweet from 2025-05-12 06:54:05+00:00
[2025-05-22 15:57:37] WARNING: Retrieved 0 new tweets on page 1
[2025-05-22 15:57:37] WARNING: Stopping pagination as we've reached the stop point
[2025-05-22 15:57:37] WARNING: Retrieved a total of 0 tweets across 1 pages
[2025-05-22 15:57:37] WARNING: No new tweets found with trust commands. Exiting without error.
[2025-05-22 15:57:37] WARNING: Collection complete!
[2025-05-22 15:57:37] WARNING: - 0 trust assignments processed
[2025-05-22 15:57:37] WARNING: - 2 users in trust network
[2025-05-22 15:57:37] WARNING: - 31 total trust relationships
[2025-05-22 16:07:35] WARNING: === Starting Twitter Trust System Collection ===
[2025-05-22 16:07:35] WARNING: Will collect tweets until reaching previous timestamp: 2025-05-12 06:54:05+00:00
[2025-05-22 16:07:35] WARNING: Retrieving page 1...
[2025-05-22 16:07:37] WARNING: Newest tweet is from: 2025-05-12 06:54:05+00:00
[2025-05-22 16:07:37] WARNING: Reached stop point at tweet from 2025-05-12 06:54:05+00:00
[2025-05-22 16:07:37] WARNING: Retrieved 0 new tweets on page 1
[2025-05-22 16:07:37] WARNING: Stopping pagination as we've reached the stop point
[2025-05-22 16:07:37] WARNING: Retrieved a total of 0 tweets across 1 pages
[2025-05-22 16:07:37] WARNING: No new tweets found with trust commands. Exiting without error.
[2025-05-22 16:07:37] WARNING: Collection complete!
[2025-05-22 16:07:37] WARNING: - 0 trust assignments processed
[2025-05-22 16:07:37] WARNING: - 2 users in trust network
[2025-05-22 16:07:37] WARNING: - 31 total trust relationships
[2025-05-22 16:17:36] WARNING: === Starting Twitter Trust System Collection ===
[2025-05-22 16:17:36] WARNING: Will collect tweets until reaching previous timestamp: 2025-05-12 06:54:05+00:00
[2025-05-22 16:17:36] WARNING: Retrieving page 1...
[2025-05-22 16:17:38] WARNING: Newest tweet is from: 2025-05-12 06:54:05+00:00
[2025-05-22 16:17:38] WARNING: Reached stop point at tweet from 2025-05-12 06:54:05+00:00
[2025-05-22 16:17:38] WARNING: Retrieved 0 new tweets on page 1
[2025-05-22 16:17:38] WARNING: Stopping pagination as we've reached the stop point
[2025-05-22 16:17:38] WARNING: Retrieved a total of 0 tweets across 1 pages
[2025-05-22 16:17:38] WARNING: No new tweets found with trust commands. Exiting without error.
[2025-05-22 16:17:38] WARNING: Collection complete!
[2025-05-22 16:17:38] WARNING: - 0 trust assignments processed
[2025-05-22 16:17:38] WARNING: - 2 users in trust network
[2025-05-22 16:17:38] WARNING: - 31 total trust relationships
[2025-05-22 16:27:38] WARNING: === Starting Twitter Trust System Collection ===
[2025-05-22 16:27:38] WARNING: Will collect tweets until reaching previous timestamp: 2025-05-12 06:54:05+00:00
[2025-05-22 16:27:38] WARNING: Retrieving page 1...
[2025-05-22 16:27:40] WARNING: Newest tweet is from: 2025-05-12 06:54:05+00:00
[2025-05-22 16:27:40] WARNING: Reached stop point at tweet from 2025-05-12 06:54:05+00:00
[2025-05-22 16:27:40] WARNING: Retrieved 0 new tweets on page 1
[2025-05-22 16:27:40] WARNING: Stopping pagination as we've reached the stop point
[2025-05-22 16:27:40] WARNING: Retrieved a total of 0 tweets across 1 pages
[2025-05-22 16:27:40] WARNING: No new tweets found with trust commands. Exiting without error.
[2025-05-22 16:27:40] WARNING: Collection complete!
[2025-05-22 16:27:40] WARNING: - 0 trust assignments processed
[2025-05-22 16:27:40] WARNING: - 2 users in trust network
[2025-05-22 16:27:40] WARNING: - 31 total trust relationships
[2025-05-22 16:37:37] WARNING: === Starting Twitter Trust System Collection ===
[2025-05-22 16:37:37] WARNING: Will collect tweets until reaching previous timestamp: 2025-05-12 06:54:05+00:00
[2025-05-22 16:37:37] WARNING: Retrieving page 1...
[2025-05-22 16:37:39] WARNING: Newest tweet is from: 2025-05-12 06:54:05+00:00
[2025-05-22 16:37:39] WARNING: Reached stop point at tweet from 2025-05-12 06:54:05+00:00
[2025-05-22 16:37:39] WARNING: Retrieved 0 new tweets on page 1
[2025-05-22 16:37:39] WARNING: Stopping pagination as we've reached the stop point
[2025-05-22 16:37:39] WARNING: Retrieved a total of 0 tweets across 1 pages
[2025-05-22 16:37:39] WARNING: No new tweets found with trust commands. Exiting without error.
[2025-05-22 16:37:39] WARNING: Collection complete!
[2025-05-22 16:37:39] WARNING: - 0 trust assignments processed
[2025-05-22 16:37:39] WARNING: - 2 users in trust network
[2025-05-22 16:37:39] WARNING: - 31 total trust relationships
[2025-05-22 16:47:35] WARNING: === Starting Twitter Trust System Collection ===
[2025-05-22 16:47:35] WARNING: Will collect tweets until reaching previous timestamp: 2025-05-12 06:54:05+00:00
[2025-05-22 16:47:35] WARNING: Retrieving page 1...
[2025-05-22 16:47:37] WARNING: Newest tweet is from: 2025-05-12 06:54:05+00:00
[2025-05-22 16:47:37] WARNING: Reached stop point at tweet from 2025-05-12 06:54:05+00:00
[2025-05-22 16:47:37] WARNING: Retrieved 0 new tweets on page 1
[2025-05-22 16:47:37] WARNING: Stopping pagination as we've reached the stop point
[2025-05-22 16:47:37] WARNING: Retrieved a total of 0 tweets across 1 pages
[2025-05-22 16:47:37] WARNING: No new tweets found with trust commands. Exiting without error.
[2025-05-22 16:47:37] WARNING: Collection complete!
[2025-05-22 16:47:37] WARNING: - 0 trust assignments processed
[2025-05-22 16:47:37] WARNING: - 2 users in trust network
[2025-05-22 16:47:37] WARNING: - 31 total trust relationships
[2025-05-22 16:57:36] WARNING: === Starting Twitter Trust System Collection ===
[2025-05-22 16:57:36] WARNING: Will collect tweets until reaching previous timestamp: 2025-05-12 06:54:05+00:00
[2025-05-22 16:57:36] WARNING: Retrieving page 1...
[2025-05-22 16:57:38] WARNING: Newest tweet is from: 2025-05-12 06:54:05+00:00
[2025-05-22 16:57:38] WARNING: Reached stop point at tweet from 2025-05-12 06:54:05+00:00
[2025-05-22 16:57:38] WARNING: Retrieved 0 new tweets on page 1
[2025-05-22 16:57:38] WARNING: Stopping pagination as we've reached the stop point
[2025-05-22 16:57:38] WARNING: Retrieved a total of 0 tweets across 1 pages
[2025-05-22 16:57:38] WARNING: No new tweets found with trust commands. Exiting without error.
[2025-05-22 16:57:38] WARNING: Collection complete!
[2025-05-22 16:57:38] WARNING: - 0 trust assignments processed
[2025-05-22 16:57:38] WARNING: - 2 users in trust network
[2025-05-22 16:57:38] WARNING: - 31 total trust relationships
[2025-05-22 17:07:36] WARNING: === Starting Twitter Trust System Collection ===
[2025-05-22 17:07:36] WARNING: Will collect tweets until reaching previous timestamp: 2025-05-12 06:54:05+00:00
[2025-05-22 17:07:36] WARNING: Retrieving page 1...
[2025-05-22 17:07:37] WARNING: Newest tweet is from: 2025-05-12 06:54:05+00:00
[2025-05-22 17:07:37] WARNING: Reached stop point at tweet from 2025-05-12 06:54:05+00:00
[2025-05-22 17:07:37] WARNING: Retrieved 0 new tweets on page 1
[2025-05-22 17:07:37] WARNING: Stopping pagination as we've reached the stop point
[2025-05-22 17:07:37] WARNING: Retrieved a total of 0 tweets across 1 pages
[2025-05-22 17:07:37] WARNING: No new tweets found with trust commands. Exiting without error.
[2025-05-22 17:07:37] WARNING: Collection complete!
[2025-05-22 17:07:37] WARNING: - 0 trust assignments processed
[2025-05-22 17:07:37] WARNING: - 2 users in trust network
[2025-05-22 17:07:37] WARNING: - 31 total trust relationships
[2025-05-22 17:17:37] WARNING: === Starting Twitter Trust System Collection ===
[2025-05-22 17:17:37] WARNING: Will collect tweets until reaching previous timestamp: 2025-05-12 06:54:05+00:00
[2025-05-22 17:17:37] WARNING: Retrieving page 1...
[2025-05-22 17:17:38] WARNING: Newest tweet is from: 2025-05-12 06:54:05+00:00
[2025-05-22 17:17:38] WARNING: Reached stop point at tweet from 2025-05-12 06:54:05+00:00
[2025-05-22 17:17:38] WARNING: Retrieved 0 new tweets on page 1
[2025-05-22 17:17:38] WARNING: Stopping pagination as we've reached the stop point
[2025-05-22 17:17:38] WARNING: Retrieved a total of 0 tweets across 1 pages
[2025-05-22 17:17:38] WARNING: No new tweets found with trust commands. Exiting without error.
[2025-05-22 17:17:38] WARNING: Collection complete!
[2025-05-22 17:17:38] WARNING: - 0 trust assignments processed
[2025-05-22 17:17:38] WARNING: - 2 users in trust network
[2025-05-22 17:17:38] WARNING: - 31 total trust relationships
[2025-05-22 17:27:40] WARNING: === Starting Twitter Trust System Collection ===
[2025-05-22 17:27:40] WARNING: Will collect tweets until reaching previous timestamp: 2025-05-12 06:54:05+00:00
[2025-05-22 17:27:40] WARNING: Retrieving page 1...
[2025-05-22 17:27:41] WARNING: Newest tweet is from: 2025-05-12 06:54:05+00:00
[2025-05-22 17:27:41] WARNING: Reached stop point at tweet from 2025-05-12 06:54:05+00:00
[2025-05-22 17:27:41] WARNING: Retrieved 0 new tweets on page 1
[2025-05-22 17:27:41] WARNING: Stopping pagination as we've reached the stop point
[2025-05-22 17:27:41] WARNING: Retrieved a total of 0 tweets across 1 pages
[2025-05-22 17:27:41] WARNING: No new tweets found with trust commands. Exiting without error.
[2025-05-22 17:27:41] WARNING: Collection complete!
[2025-05-22 17:27:41] WARNING: - 0 trust assignments processed
[2025-05-22 17:27:41] WARNING: - 2 users in trust network
[2025-05-22 17:27:41] WARNING: - 31 total trust relationships
[2025-05-22 17:37:35] WARNING: === Starting Twitter Trust System Collection ===
[2025-05-22 17:37:35] WARNING: Will collect tweets until reaching previous timestamp: 2025-05-12 06:54:05+00:00
[2025-05-22 17:37:35] WARNING: Retrieving page 1...
[2025-05-22 17:37:38] WARNING: Newest tweet is from: 2025-05-12 06:54:05+00:00
[2025-05-22 17:37:38] WARNING: Reached stop point at tweet from 2025-05-12 06:54:05+00:00
[2025-05-22 17:37:38] WARNING: Retrieved 0 new tweets on page 1
[2025-05-22 17:37:38] WARNING: Stopping pagination as we've reached the stop point
[2025-05-22 17:37:38] WARNING: Retrieved a total of 0 tweets across 1 pages
[2025-05-22 17:37:38] WARNING: No new tweets found with trust commands. Exiting without error.
[2025-05-22 17:37:38] WARNING: Collection complete!
[2025-05-22 17:37:38] WARNING: - 0 trust assignments processed
[2025-05-22 17:37:38] WARNING: - 2 users in trust network
[2025-05-22 17:37:38] WARNING: - 31 total trust relationships
[2025-05-22 17:47:36] WARNING: === Starting Twitter Trust System Collection ===
[2025-05-22 17:47:36] WARNING: Will collect tweets until reaching previous timestamp: 2025-05-12 06:54:05+00:00
[2025-05-22 17:47:36] WARNING: Retrieving page 1...
[2025-05-22 17:47:38] WARNING: Newest tweet is from: 2025-05-12 06:54:05+00:00
[2025-05-22 17:47:38] WARNING: Reached stop point at tweet from 2025-05-12 06:54:05+00:00
[2025-05-22 17:47:38] WARNING: Retrieved 0 new tweets on page 1
[2025-05-22 17:47:38] WARNING: Stopping pagination as we've reached the stop point
[2025-05-22 17:47:38] WARNING: Retrieved a total of 0 tweets across 1 pages
[2025-05-22 17:47:38] WARNING: No new tweets found with trust commands. Exiting without error.
[2025-05-22 17:47:38] WARNING: Collection complete!
[2025-05-22 17:47:38] WARNING: - 0 trust assignments processed
[2025-05-22 17:47:38] WARNING: - 2 users in trust network
[2025-05-22 17:47:38] WARNING: - 31 total trust relationships
[2025-05-22 17:57:34] WARNING: === Starting Twitter Trust System Collection ===
[2025-05-22 17:57:34] WARNING: Will collect tweets until reaching previous timestamp: 2025-05-12 06:54:05+00:00
[2025-05-22 17:57:34] WARNING: Retrieving page 1...
[2025-05-22 17:57:36] WARNING: Newest tweet is from: 2025-05-12 06:54:05+00:00
[2025-05-22 17:57:36] WARNING: Reached stop point at tweet from 2025-05-12 06:54:05+00:00
[2025-05-22 17:57:36] WARNING: Retrieved 0 new tweets on page 1
[2025-05-22 17:57:36] WARNING: Stopping pagination as we've reached the stop point
[2025-05-22 17:57:36] WARNING: Retrieved a total of 0 tweets across 1 pages
[2025-05-22 17:57:36] WARNING: No new tweets found with trust commands. Exiting without error.
[2025-05-22 17:57:36] WARNING: Collection complete!
[2025-05-22 17:57:36] WARNING: - 0 trust assignments processed
[2025-05-22 17:57:36] WARNING: - 2 users in trust network
[2025-05-22 17:57:36] WARNING: - 31 total trust relationships
[2025-05-22 18:08:07] WARNING: === Starting Twitter Trust System Collection ===
[2025-05-22 18:08:07] WARNING: Will collect tweets until reaching previous timestamp: 2025-05-12 06:54:05+00:00
[2025-05-22 18:08:07] WARNING: Retrieving page 1...
[2025-05-22 18:08:09] WARNING: Newest tweet is from: 2025-05-12 06:54:05+00:00
[2025-05-22 18:08:09] WARNING: Reached stop point at tweet from 2025-05-12 06:54:05+00:00
[2025-05-22 18:08:09] WARNING: Retrieved 0 new tweets on page 1
[2025-05-22 18:08:09] WARNING: Stopping pagination as we've reached the stop point
[2025-05-22 18:08:09] WARNING: Retrieved a total of 0 tweets across 1 pages
[2025-05-22 18:08:09] WARNING: No new tweets found with trust commands. Exiting without error.
[2025-05-22 18:08:09] WARNING: Collection complete!
[2025-05-22 18:08:09] WARNING: - 0 trust assignments processed
[2025-05-22 18:08:09] WARNING: - 2 users in trust network
[2025-05-22 18:08:09] WARNING: - 31 total trust relationships
[2025-05-22 18:17:37] WARNING: === Starting Twitter Trust System Collection ===
[2025-05-22 18:17:37] WARNING: Will collect tweets until reaching previous timestamp: 2025-05-12 06:54:05+00:00
[2025-05-22 18:17:37] WARNING: Retrieving page 1...
[2025-05-22 18:17:39] WARNING: Newest tweet is from: 2025-05-12 06:54:05+00:00
[2025-05-22 18:17:39] WARNING: Reached stop point at tweet from 2025-05-12 06:54:05+00:00
[2025-05-22 18:17:39] WARNING: Retrieved 0 new tweets on page 1
[2025-05-22 18:17:39] WARNING: Stopping pagination as we've reached the stop point
[2025-05-22 18:17:39] WARNING: Retrieved a total of 0 tweets across 1 pages
[2025-05-22 18:17:39] WARNING: No new tweets found with trust commands. Exiting without error.
[2025-05-22 18:17:39] WARNING: Collection complete!
[2025-05-22 18:17:39] WARNING: - 0 trust assignments processed
[2025-05-22 18:17:39] WARNING: - 2 users in trust network
[2025-05-22 18:17:39] WARNING: - 31 total trust relationships
[2025-05-22 18:27:39] WARNING: === Starting Twitter Trust System Collection ===
[2025-05-22 18:27:39] WARNING: Will collect tweets until reaching previous timestamp: 2025-05-12 06:54:05+00:00
[2025-05-22 18:27:39] WARNING: Retrieving page 1...
[2025-05-22 18:27:41] WARNING: Newest tweet is from: 2025-05-12 06:54:05+00:00
[2025-05-22 18:27:41] WARNING: Reached stop point at tweet from 2025-05-12 06:54:05+00:00
[2025-05-22 18:27:41] WARNING: Retrieved 0 new tweets on page 1
[2025-05-22 18:27:41] WARNING: Stopping pagination as we've reached the stop point
[2025-05-22 18:27:41] WARNING: Retrieved a total of 0 tweets across 1 pages
[2025-05-22 18:27:41] WARNING: No new tweets found with trust commands. Exiting without error.
[2025-05-22 18:27:41] WARNING: Collection complete!
[2025-05-22 18:27:41] WARNING: - 0 trust assignments processed
[2025-05-22 18:27:41] WARNING: - 2 users in trust network
[2025-05-22 18:27:41] WARNING: - 31 total trust relationships
[2025-05-22 18:37:44] WARNING: === Starting Twitter Trust System Collection ===
[2025-05-22 18:37:44] WARNING: Will collect tweets until reaching previous timestamp: 2025-05-12 06:54:05+00:00
[2025-05-22 18:37:44] WARNING: Retrieving page 1...
[2025-05-22 18:37:47] WARNING: Newest tweet is from: 2025-05-12 06:54:05+00:00
[2025-05-22 18:37:47] WARNING: Reached stop point at tweet from 2025-05-12 06:54:05+00:00
[2025-05-22 18:37:47] WARNING: Retrieved 0 new tweets on page 1
[2025-05-22 18:37:47] WARNING: Stopping pagination as we've reached the stop point
[2025-05-22 18:37:47] WARNING: Retrieved a total of 0 tweets across 1 pages
[2025-05-22 18:37:47] WARNING: No new tweets found with trust commands. Exiting without error.
[2025-05-22 18:37:47] WARNING: Collection complete!
[2025-05-22 18:37:47] WARNING: - 0 trust assignments processed
[2025-05-22 18:37:47] WARNING: - 2 users in trust network
[2025-05-22 18:37:47] WARNING: - 31 total trust relationships
[2025-05-22 18:47:43] WARNING: === Starting Twitter Trust System Collection ===
[2025-05-22 18:47:43] WARNING: Will collect tweets until reaching previous timestamp: 2025-05-12 06:54:05+00:00
[2025-05-22 18:47:43] WARNING: Retrieving page 1...
[2025-05-22 18:47:44] WARNING: Newest tweet is from: 2025-05-12 06:54:05+00:00
[2025-05-22 18:47:44] WARNING: Reached stop point at tweet from 2025-05-12 06:54:05+00:00
[2025-05-22 18:47:44] WARNING: Retrieved 0 new tweets on page 1
[2025-05-22 18:47:44] WARNING: Stopping pagination as we've reached the stop point
[2025-05-22 18:47:44] WARNING: Retrieved a total of 0 tweets across 1 pages
[2025-05-22 18:47:44] WARNING: No new tweets found with trust commands. Exiting without error.
[2025-05-22 18:47:44] WARNING: Collection complete!
[2025-05-22 18:47:44] WARNING: - 0 trust assignments processed
[2025-05-22 18:47:44] WARNING: - 2 users in trust network
[2025-05-22 18:47:44] WARNING: - 31 total trust relationships
[2025-05-22 18:57:36] WARNING: === Starting Twitter Trust System Collection ===
[2025-05-22 18:57:36] WARNING: Will collect tweets until reaching previous timestamp: 2025-05-12 06:54:05+00:00
[2025-05-22 18:57:36] WARNING: Retrieving page 1...
[2025-05-22 18:57:38] WARNING: Newest tweet is from: 2025-05-12 06:54:05+00:00
[2025-05-22 18:57:38] WARNING: Reached stop point at tweet from 2025-05-12 06:54:05+00:00
[2025-05-22 18:57:38] WARNING: Retrieved 0 new tweets on page 1
[2025-05-22 18:57:38] WARNING: Stopping pagination as we've reached the stop point
[2025-05-22 18:57:38] WARNING: Retrieved a total of 0 tweets across 1 pages
[2025-05-22 18:57:38] WARNING: No new tweets found with trust commands. Exiting without error.
[2025-05-22 18:57:38] WARNING: Collection complete!
[2025-05-22 18:57:38] WARNING: - 0 trust assignments processed
[2025-05-22 18:57:38] WARNING: - 2 users in trust network
[2025-05-22 18:57:38] WARNING: - 31 total trust relationships
[2025-05-22 19:07:37] WARNING: === Starting Twitter Trust System Collection ===
[2025-05-22 19:07:37] WARNING: Will collect tweets until reaching previous timestamp: 2025-05-12 06:54:05+00:00
[2025-05-22 19:07:37] WARNING: Retrieving page 1...
[2025-05-22 19:07:39] WARNING: Newest tweet is from: 2025-05-12 06:54:05+00:00
[2025-05-22 19:07:39] WARNING: Reached stop point at tweet from 2025-05-12 06:54:05+00:00
[2025-05-22 19:07:39] WARNING: Retrieved 0 new tweets on page 1
[2025-05-22 19:07:39] WARNING: Stopping pagination as we've reached the stop point
[2025-05-22 19:07:39] WARNING: Retrieved a total of 0 tweets across 1 pages
[2025-05-22 19:07:39] WARNING: No new tweets found with trust commands. Exiting without error.
[2025-05-22 19:07:39] WARNING: Collection complete!
[2025-05-22 19:07:39] WARNING: - 0 trust assignments processed
[2025-05-22 19:07:39] WARNING: - 2 users in trust network
[2025-05-22 19:07:39] WARNING: - 31 total trust relationships
[2025-05-22 19:17:36] WARNING: === Starting Twitter Trust System Collection ===
[2025-05-22 19:17:36] WARNING: Will collect tweets until reaching previous timestamp: 2025-05-12 06:54:05+00:00
[2025-05-22 19:17:36] WARNING: Retrieving page 1...
[2025-05-22 19:17:38] WARNING: Newest tweet is from: 2025-05-12 06:54:05+00:00
[2025-05-22 19:17:38] WARNING: Reached stop point at tweet from 2025-05-12 06:54:05+00:00
[2025-05-22 19:17:38] WARNING: Retrieved 0 new tweets on page 1
[2025-05-22 19:17:38] WARNING: Stopping pagination as we've reached the stop point
[2025-05-22 19:17:38] WARNING: Retrieved a total of 0 tweets across 1 pages
[2025-05-22 19:17:38] WARNING: No new tweets found with trust commands. Exiting without error.
[2025-05-22 19:17:38] WARNING: Collection complete!
[2025-05-22 19:17:38] WARNING: - 0 trust assignments processed
[2025-05-22 19:17:38] WARNING: - 2 users in trust network
[2025-05-22 19:17:38] WARNING: - 31 total trust relationships
[2025-05-22 19:27:41] WARNING: === Starting Twitter Trust System Collection ===
[2025-05-22 19:27:41] WARNING: Will collect tweets until reaching previous timestamp: 2025-05-12 06:54:05+00:00
[2025-05-22 19:27:41] WARNING: Retrieving page 1...
[2025-05-22 19:27:43] WARNING: Newest tweet is from: 2025-05-12 06:54:05+00:00
[2025-05-22 19:27:43] WARNING: Reached stop point at tweet from 2025-05-12 06:54:05+00:00
[2025-05-22 19:27:43] WARNING: Retrieved 0 new tweets on page 1
[2025-05-22 19:27:43] WARNING: Stopping pagination as we've reached the stop point
[2025-05-22 19:27:43] WARNING: Retrieved a total of 0 tweets across 1 pages
[2025-05-22 19:27:43] WARNING: No new tweets found with trust commands. Exiting without error.
[2025-05-22 19:27:43] WARNING: Collection complete!
[2025-05-22 19:27:43] WARNING: - 0 trust assignments processed
[2025-05-22 19:27:43] WARNING: - 2 users in trust network
[2025-05-22 19:27:43] WARNING: - 31 total trust relationships
[2025-05-22 19:37:39] WARNING: === Starting Twitter Trust System Collection ===
[2025-05-22 19:37:39] WARNING: Will collect tweets until reaching previous timestamp: 2025-05-12 06:54:05+00:00
[2025-05-22 19:37:39] WARNING: Retrieving page 1...
[2025-05-22 19:37:44] WARNING: Newest tweet is from: 2025-05-12 06:54:05+00:00
[2025-05-22 19:37:44] WARNING: Reached stop point at tweet from 2025-05-12 06:54:05+00:00
[2025-05-22 19:37:44] WARNING: Retrieved 0 new tweets on page 1
[2025-05-22 19:37:44] WARNING: Stopping pagination as we've reached the stop point
[2025-05-22 19:37:44] WARNING: Retrieved a total of 0 tweets across 1 pages
[2025-05-22 19:37:44] WARNING: No new tweets found with trust commands. Exiting without error.
[2025-05-22 19:37:44] WARNING: Collection complete!
[2025-05-22 19:37:44] WARNING: - 0 trust assignments processed
[2025-05-22 19:37:44] WARNING: - 2 users in trust network
[2025-05-22 19:37:44] WARNING: - 31 total trust relationships
[2025-05-22 19:47:34] WARNING: === Starting Twitter Trust System Collection ===
[2025-05-22 19:47:34] WARNING: Will collect tweets until reaching previous timestamp: 2025-05-12 06:54:05+00:00
[2025-05-22 19:47:34] WARNING: Retrieving page 1...
[2025-05-22 19:47:35] WARNING: Newest tweet is from: 2025-05-12 06:54:05+00:00
[2025-05-22 19:47:35] WARNING: Reached stop point at tweet from 2025-05-12 06:54:05+00:00
[2025-05-22 19:47:35] WARNING: Retrieved 0 new tweets on page 1
[2025-05-22 19:47:35] WARNING: Stopping pagination as we've reached the stop point
[2025-05-22 19:47:35] WARNING: Retrieved a total of 0 tweets across 1 pages
[2025-05-22 19:47:35] WARNING: No new tweets found with trust commands. Exiting without error.
[2025-05-22 19:47:35] WARNING: Collection complete!
[2025-05-22 19:47:35] WARNING: - 0 trust assignments processed
[2025-05-22 19:47:35] WARNING: - 2 users in trust network
[2025-05-22 19:47:35] WARNING: - 31 total trust relationships
[2025-05-22 19:57:34] WARNING: === Starting Twitter Trust System Collection ===
[2025-05-22 19:57:34] WARNING: Will collect tweets until reaching previous timestamp: 2025-05-12 06:54:05+00:00
[2025-05-22 19:57:34] WARNING: Retrieving page 1...
[2025-05-22 19:57:38] WARNING: Newest tweet is from: 2025-05-12 06:54:05+00:00
[2025-05-22 19:57:38] WARNING: Reached stop point at tweet from 2025-05-12 06:54:05+00:00
[2025-05-22 19:57:38] WARNING: Retrieved 0 new tweets on page 1
[2025-05-22 19:57:38] WARNING: Stopping pagination as we've reached the stop point
[2025-05-22 19:57:38] WARNING: Retrieved a total of 0 tweets across 1 pages
[2025-05-22 19:57:38] WARNING: No new tweets found with trust commands. Exiting without error.
[2025-05-22 19:57:38] WARNING: Collection complete!
[2025-05-22 19:57:38] WARNING: - 0 trust assignments processed
[2025-05-22 19:57:38] WARNING: - 2 users in trust network
[2025-05-22 19:57:38] WARNING: - 31 total trust relationships
[2025-05-22 20:07:34] WARNING: === Starting Twitter Trust System Collection ===
[2025-05-22 20:07:34] WARNING: Will collect tweets until reaching previous timestamp: 2025-05-12 06:54:05+00:00
[2025-05-22 20:07:34] WARNING: Retrieving page 1...
[2025-05-22 20:07:37] WARNING: Newest tweet is from: 2025-05-12 06:54:05+00:00
[2025-05-22 20:07:37] WARNING: Reached stop point at tweet from 2025-05-12 06:54:05+00:00
[2025-05-22 20:07:37] WARNING: Retrieved 0 new tweets on page 1
[2025-05-22 20:07:37] WARNING: Stopping pagination as we've reached the stop point
[2025-05-22 20:07:37] WARNING: Retrieved a total of 0 tweets across 1 pages
[2025-05-22 20:07:37] WARNING: No new tweets found with trust commands. Exiting without error.
[2025-05-22 20:07:37] WARNING: Collection complete!
[2025-05-22 20:07:37] WARNING: - 0 trust assignments processed
[2025-05-22 20:07:37] WARNING: - 2 users in trust network
[2025-05-22 20:07:37] WARNING: - 31 total trust relationships
[2025-05-22 20:17:33] WARNING: === Starting Twitter Trust System Collection ===
[2025-05-22 20:17:33] WARNING: Will collect tweets until reaching previous timestamp: 2025-05-12 06:54:05+00:00
[2025-05-22 20:17:33] WARNING: Retrieving page 1...
[2025-05-22 20:17:35] WARNING: Newest tweet is from: 2025-05-12 06:54:05+00:00
[2025-05-22 20:17:35] WARNING: Reached stop point at tweet from 2025-05-12 06:54:05+00:00
[2025-05-22 20:17:35] WARNING: Retrieved 0 new tweets on page 1
[2025-05-22 20:17:35] WARNING: Stopping pagination as we've reached the stop point
[2025-05-22 20:17:35] WARNING: Retrieved a total of 0 tweets across 1 pages
[2025-05-22 20:17:35] WARNING: No new tweets found with trust commands. Exiting without error.
[2025-05-22 20:17:35] WARNING: Collection complete!
[2025-05-22 20:17:35] WARNING: - 0 trust assignments processed
[2025-05-22 20:17:35] WARNING: - 2 users in trust network
[2025-05-22 20:17:35] WARNING: - 31 total trust relationships
[2025-05-22 20:27:33] WARNING: === Starting Twitter Trust System Collection ===
[2025-05-22 20:27:33] WARNING: Will collect tweets until reaching previous timestamp: 2025-05-12 06:54:05+00:00
[2025-05-22 20:27:33] WARNING: Retrieving page 1...
[2025-05-22 20:27:35] WARNING: Newest tweet is from: 2025-05-12 06:54:05+00:00
[2025-05-22 20:27:35] WARNING: Reached stop point at tweet from 2025-05-12 06:54:05+00:00
[2025-05-22 20:27:35] WARNING: Retrieved 0 new tweets on page 1
[2025-05-22 20:27:35] WARNING: Stopping pagination as we've reached the stop point
[2025-05-22 20:27:35] WARNING: Retrieved a total of 0 tweets across 1 pages
[2025-05-22 20:27:35] WARNING: No new tweets found with trust commands. Exiting without error.
[2025-05-22 20:27:35] WARNING: Collection complete!
[2025-05-22 20:27:35] WARNING: - 0 trust assignments processed
[2025-05-22 20:27:35] WARNING: - 2 users in trust network
[2025-05-22 20:27:35] WARNING: - 31 total trust relationships
[2025-05-22 20:37:34] WARNING: === Starting Twitter Trust System Collection ===
[2025-05-22 20:37:34] WARNING: Will collect tweets until reaching previous timestamp: 2025-05-12 06:54:05+00:00
[2025-05-22 20:37:34] WARNING: Retrieving page 1...
[2025-05-22 20:37:35] WARNING: Newest tweet is from: 2025-05-12 06:54:05+00:00
[2025-05-22 20:37:35] WARNING: Reached stop point at tweet from 2025-05-12 06:54:05+00:00
[2025-05-22 20:37:35] WARNING: Retrieved 0 new tweets on page 1
[2025-05-22 20:37:35] WARNING: Stopping pagination as we've reached the stop point
[2025-05-22 20:37:35] WARNING: Retrieved a total of 0 tweets across 1 pages
[2025-05-22 20:37:35] WARNING: No new tweets found with trust commands. Exiting without error.
[2025-05-22 20:37:35] WARNING: Collection complete!
[2025-05-22 20:37:35] WARNING: - 0 trust assignments processed
[2025-05-22 20:37:35] WARNING: - 2 users in trust network
[2025-05-22 20:37:35] WARNING: - 31 total trust relationships
[2025-05-22 20:47:33] WARNING: === Starting Twitter Trust System Collection ===
[2025-05-22 20:47:33] WARNING: Will collect tweets until reaching previous timestamp: 2025-05-12 06:54:05+00:00
[2025-05-22 20:47:33] WARNING: Retrieving page 1...
[2025-05-22 20:47:35] WARNING: Newest tweet is from: 2025-05-12 06:54:05+00:00
[2025-05-22 20:47:35] WARNING: Reached stop point at tweet from 2025-05-12 06:54:05+00:00
[2025-05-22 20:47:35] WARNING: Retrieved 0 new tweets on page 1
[2025-05-22 20:47:35] WARNING: Stopping pagination as we've reached the stop point
[2025-05-22 20:47:35] WARNING: Retrieved a total of 0 tweets across 1 pages
[2025-05-22 20:47:35] WARNING: No new tweets found with trust commands. Exiting without error.
[2025-05-22 20:47:35] WARNING: Collection complete!
[2025-05-22 20:47:35] WARNING: - 0 trust assignments processed
[2025-05-22 20:47:35] WARNING: - 2 users in trust network
[2025-05-22 20:47:35] WARNING: - 31 total trust relationships
[2025-05-22 20:57:34] WARNING: === Starting Twitter Trust System Collection ===
[2025-05-22 20:57:34] WARNING: Will collect tweets until reaching previous timestamp: 2025-05-12 06:54:05+00:00
[2025-05-22 20:57:34] WARNING: Retrieving page 1...
[2025-05-22 20:57:36] WARNING: Newest tweet is from: 2025-05-12 06:54:05+00:00
[2025-05-22 20:57:36] WARNING: Reached stop point at tweet from 2025-05-12 06:54:05+00:00
[2025-05-22 20:57:36] WARNING: Retrieved 0 new tweets on page 1
[2025-05-22 20:57:36] WARNING: Stopping pagination as we've reached the stop point
[2025-05-22 20:57:36] WARNING: Retrieved a total of 0 tweets across 1 pages
[2025-05-22 20:57:36] WARNING: No new tweets found with trust commands. Exiting without error.
[2025-05-22 20:57:36] WARNING: Collection complete!
[2025-05-22 20:57:36] WARNING: - 0 trust assignments processed
[2025-05-22 20:57:36] WARNING: - 2 users in trust network
[2025-05-22 20:57:36] WARNING: - 31 total trust relationships
[2025-05-22 21:07:35] WARNING: === Starting Twitter Trust System Collection ===
[2025-05-22 21:07:35] WARNING: Will collect tweets until reaching previous timestamp: 2025-05-12 06:54:05+00:00
[2025-05-22 21:07:35] WARNING: Retrieving page 1...
[2025-05-22 21:07:37] WARNING: Newest tweet is from: 2025-05-12 06:54:05+00:00
[2025-05-22 21:07:37] WARNING: Reached stop point at tweet from 2025-05-12 06:54:05+00:00
[2025-05-22 21:07:37] WARNING: Retrieved 0 new tweets on page 1
[2025-05-22 21:07:37] WARNING: Stopping pagination as we've reached the stop point
[2025-05-22 21:07:37] WARNING: Retrieved a total of 0 tweets across 1 pages
[2025-05-22 21:07:37] WARNING: No new tweets found with trust commands. Exiting without error.
[2025-05-22 21:07:37] WARNING: Collection complete!
[2025-05-22 21:07:37] WARNING: - 0 trust assignments processed
[2025-05-22 21:07:37] WARNING: - 2 users in trust network
[2025-05-22 21:07:37] WARNING: - 31 total trust relationships
[2025-05-22 21:17:34] WARNING: === Starting Twitter Trust System Collection ===
[2025-05-22 21:17:34] WARNING: Will collect tweets until reaching previous timestamp: 2025-05-12 06:54:05+00:00
[2025-05-22 21:17:34] WARNING: Retrieving page 1...
[2025-05-22 21:17:36] WARNING: Newest tweet is from: 2025-05-12 06:54:05+00:00
[2025-05-22 21:17:36] WARNING: Reached stop point at tweet from 2025-05-12 06:54:05+00:00
[2025-05-22 21:17:36] WARNING: Retrieved 0 new tweets on page 1
[2025-05-22 21:17:36] WARNING: Stopping pagination as we've reached the stop point
[2025-05-22 21:17:36] WARNING: Retrieved a total of 0 tweets across 1 pages
[2025-05-22 21:17:36] WARNING: No new tweets found with trust commands. Exiting without error.
[2025-05-22 21:17:36] WARNING: Collection complete!
[2025-05-22 21:17:36] WARNING: - 0 trust assignments processed
[2025-05-22 21:17:36] WARNING: - 2 users in trust network
[2025-05-22 21:17:36] WARNING: - 31 total trust relationships
[2025-05-22 21:27:35] WARNING: === Starting Twitter Trust System Collection ===
[2025-05-22 21:27:35] WARNING: Will collect tweets until reaching previous timestamp: 2025-05-12 06:54:05+00:00
[2025-05-22 21:27:35] WARNING: Retrieving page 1...
[2025-05-22 21:27:36] WARNING: Newest tweet is from: 2025-05-12 06:54:05+00:00
[2025-05-22 21:27:36] WARNING: Reached stop point at tweet from 2025-05-12 06:54:05+00:00
[2025-05-22 21:27:36] WARNING: Retrieved 0 new tweets on page 1
[2025-05-22 21:27:36] WARNING: Stopping pagination as we've reached the stop point
[2025-05-22 21:27:36] WARNING: Retrieved a total of 0 tweets across 1 pages
[2025-05-22 21:27:36] WARNING: No new tweets found with trust commands. Exiting without error.
[2025-05-22 21:27:36] WARNING: Collection complete!
[2025-05-22 21:27:36] WARNING: - 0 trust assignments processed
[2025-05-22 21:27:36] WARNING: - 2 users in trust network
[2025-05-22 21:27:36] WARNING: - 31 total trust relationships
[2025-05-22 21:37:33] WARNING: === Starting Twitter Trust System Collection ===
[2025-05-22 21:37:33] WARNING: Will collect tweets until reaching previous timestamp: 2025-05-12 06:54:05+00:00
[2025-05-22 21:37:33] WARNING: Retrieving page 1...
[2025-05-22 21:37:35] WARNING: Newest tweet is from: 2025-05-12 06:54:05+00:00
[2025-05-22 21:37:35] WARNING: Reached stop point at tweet from 2025-05-12 06:54:05+00:00
[2025-05-22 21:37:35] WARNING: Retrieved 0 new tweets on page 1
[2025-05-22 21:37:35] WARNING: Stopping pagination as we've reached the stop point
[2025-05-22 21:37:35] WARNING: Retrieved a total of 0 tweets across 1 pages
[2025-05-22 21:37:35] WARNING: No new tweets found with trust commands. Exiting without error.
[2025-05-22 21:37:35] WARNING: Collection complete!
[2025-05-22 21:37:35] WARNING: - 0 trust assignments processed
[2025-05-22 21:37:35] WARNING: - 2 users in trust network
[2025-05-22 21:37:35] WARNING: - 31 total trust relationships
[2025-05-22 21:47:35] WARNING: === Starting Twitter Trust System Collection ===
[2025-05-22 21:47:35] WARNING: Will collect tweets until reaching previous timestamp: 2025-05-12 06:54:05+00:00
[2025-05-22 21:47:35] WARNING: Retrieving page 1...
[2025-05-22 21:47:41] WARNING: Newest tweet is from: 2025-05-12 06:54:05+00:00
[2025-05-22 21:47:41] WARNING: Reached stop point at tweet from 2025-05-12 06:54:05+00:00
[2025-05-22 21:47:41] WARNING: Retrieved 0 new tweets on page 1
[2025-05-22 21:47:41] WARNING: Stopping pagination as we've reached the stop point
[2025-05-22 21:47:41] WARNING: Retrieved a total of 0 tweets across 1 pages
[2025-05-22 21:47:41] WARNING: No new tweets found with trust commands. Exiting without error.
[2025-05-22 21:47:41] WARNING: Collection complete!
[2025-05-22 21:47:41] WARNING: - 0 trust assignments processed
[2025-05-22 21:47:41] WARNING: - 2 users in trust network
[2025-05-22 21:47:41] WARNING: - 31 total trust relationships
[2025-05-22 21:57:33] WARNING: === Starting Twitter Trust System Collection ===
[2025-05-22 21:57:33] WARNING: Will collect tweets until reaching previous timestamp: 2025-05-12 06:54:05+00:00
[2025-05-22 21:57:33] WARNING: Retrieving page 1...
[2025-05-22 21:57:35] WARNING: Newest tweet is from: 2025-05-12 06:54:05+00:00
[2025-05-22 21:57:35] WARNING: Reached stop point at tweet from 2025-05-12 06:54:05+00:00
[2025-05-22 21:57:35] WARNING: Retrieved 0 new tweets on page 1
[2025-05-22 21:57:35] WARNING: Stopping pagination as we've reached the stop point
[2025-05-22 21:57:35] WARNING: Retrieved a total of 0 tweets across 1 pages
[2025-05-22 21:57:35] WARNING: No new tweets found with trust commands. Exiting without error.
[2025-05-22 21:57:35] WARNING: Collection complete!
[2025-05-22 21:57:35] WARNING: - 0 trust assignments processed
[2025-05-22 21:57:35] WARNING: - 2 users in trust network
[2025-05-22 21:57:35] WARNING: - 31 total trust relationships
[2025-05-22 22:07:35] WARNING: === Starting Twitter Trust System Collection ===
[2025-05-22 22:07:35] WARNING: Will collect tweets until reaching previous timestamp: 2025-05-12 06:54:05+00:00
[2025-05-22 22:07:35] WARNING: Retrieving page 1...
[2025-05-22 22:07:38] WARNING: Newest tweet is from: 2025-05-12 06:54:05+00:00
[2025-05-22 22:07:38] WARNING: Reached stop point at tweet from 2025-05-12 06:54:05+00:00
[2025-05-22 22:07:38] WARNING: Retrieved 0 new tweets on page 1
[2025-05-22 22:07:38] WARNING: Stopping pagination as we've reached the stop point
[2025-05-22 22:07:38] WARNING: Retrieved a total of 0 tweets across 1 pages
[2025-05-22 22:07:38] WARNING: No new tweets found with trust commands. Exiting without error.
[2025-05-22 22:07:38] WARNING: Collection complete!
[2025-05-22 22:07:38] WARNING: - 0 trust assignments processed
[2025-05-22 22:07:38] WARNING: - 2 users in trust network
[2025-05-22 22:07:38] WARNING: - 31 total trust relationships
[2025-05-22 22:17:35] WARNING: === Starting Twitter Trust System Collection ===
[2025-05-22 22:17:35] WARNING: Will collect tweets until reaching previous timestamp: 2025-05-12 06:54:05+00:00
[2025-05-22 22:17:35] WARNING: Retrieving page 1...
[2025-05-22 22:17:37] WARNING: Newest tweet is from: 2025-05-12 06:54:05+00:00
[2025-05-22 22:17:37] WARNING: Reached stop point at tweet from 2025-05-12 06:54:05+00:00
[2025-05-22 22:17:37] WARNING: Retrieved 0 new tweets on page 1
[2025-05-22 22:17:37] WARNING: Stopping pagination as we've reached the stop point
[2025-05-22 22:17:37] WARNING: Retrieved a total of 0 tweets across 1 pages
[2025-05-22 22:17:37] WARNING: No new tweets found with trust commands. Exiting without error.
[2025-05-22 22:17:37] WARNING: Collection complete!
[2025-05-22 22:17:37] WARNING: - 0 trust assignments processed
[2025-05-22 22:17:37] WARNING: - 2 users in trust network
[2025-05-22 22:17:37] WARNING: - 31 total trust relationships
[2025-05-22 22:27:34] WARNING: === Starting Twitter Trust System Collection ===
[2025-05-22 22:27:34] WARNING: Will collect tweets until reaching previous timestamp: 2025-05-12 06:54:05+00:00
[2025-05-22 22:27:34] WARNING: Retrieving page 1...
[2025-05-22 22:27:36] WARNING: Newest tweet is from: 2025-05-12 06:54:05+00:00
[2025-05-22 22:27:36] WARNING: Reached stop point at tweet from 2025-05-12 06:54:05+00:00
[2025-05-22 22:27:36] WARNING: Retrieved 0 new tweets on page 1
[2025-05-22 22:27:36] WARNING: Stopping pagination as we've reached the stop point
[2025-05-22 22:27:36] WARNING: Retrieved a total of 0 tweets across 1 pages
[2025-05-22 22:27:36] WARNING: No new tweets found with trust commands. Exiting without error.
[2025-05-22 22:27:36] WARNING: Collection complete!
[2025-05-22 22:27:36] WARNING: - 0 trust assignments processed
[2025-05-22 22:27:36] WARNING: - 2 users in trust network
[2025-05-22 22:27:36] WARNING: - 31 total trust relationships
[2025-05-22 22:57:34] WARNING: === Starting Twitter Trust System Collection ===
[2025-05-22 22:57:34] WARNING: Will collect tweets until reaching previous timestamp: 2025-05-12 06:54:05+00:00
[2025-05-22 22:57:34] WARNING: Retrieving page 1...
[2025-05-22 22:57:36] WARNING: Newest tweet is from: 2025-05-12 06:54:05+00:00
[2025-05-22 22:57:36] WARNING: Reached stop point at tweet from 2025-05-12 06:54:05+00:00
[2025-05-22 22:57:36] WARNING: Retrieved 0 new tweets on page 1
[2025-05-22 22:57:36] WARNING: Stopping pagination as we've reached the stop point
[2025-05-22 22:57:36] WARNING: Retrieved a total of 0 tweets across 1 pages
[2025-05-22 22:57:36] WARNING: No new tweets found with trust commands. Exiting without error.
[2025-05-22 22:57:36] WARNING: Collection complete!
[2025-05-22 22:57:36] WARNING: - 0 trust assignments processed
[2025-05-22 22:57:36] WARNING: - 2 users in trust network
[2025-05-22 22:57:36] WARNING: - 31 total trust relationships
[2025-05-22 23:07:40] WARNING: === Starting Twitter Trust System Collection ===
[2025-05-22 23:07:40] WARNING: Will collect tweets until reaching previous timestamp: 2025-05-12 06:54:05+00:00
[2025-05-22 23:07:40] WARNING: Retrieving page 1...
[2025-05-22 23:07:42] WARNING: Newest tweet is from: 2025-05-12 06:54:05+00:00
[2025-05-22 23:07:42] WARNING: Reached stop point at tweet from 2025-05-12 06:54:05+00:00
[2025-05-22 23:07:42] WARNING: Retrieved 0 new tweets on page 1
[2025-05-22 23:07:42] WARNING: Stopping pagination as we've reached the stop point
[2025-05-22 23:07:42] WARNING: Retrieved a total of 0 tweets across 1 pages
[2025-05-22 23:07:42] WARNING: No new tweets found with trust commands. Exiting without error.
[2025-05-22 23:07:42] WARNING: Collection complete!
[2025-05-22 23:07:42] WARNING: - 0 trust assignments processed
[2025-05-22 23:07:42] WARNING: - 2 users in trust network
[2025-05-22 23:07:42] WARNING: - 31 total trust relationships
[2025-05-22 23:17:33] WARNING: === Starting Twitter Trust System Collection ===
[2025-05-22 23:17:33] WARNING: Will collect tweets until reaching previous timestamp: 2025-05-12 06:54:05+00:00
[2025-05-22 23:17:33] WARNING: Retrieving page 1...
[2025-05-22 23:17:33] WARNING: Error retrieving page 1: [Errno 11001] getaddrinfo failed
[2025-05-22 23:17:33] WARNING: Retrieved a total of 0 tweets across 1 pages
[2025-05-22 23:17:33] WARNING: No new tweets found with trust commands. Exiting without error.
[2025-05-22 23:17:33] WARNING: Collection complete!
[2025-05-22 23:17:33] WARNING: - 0 trust assignments processed
[2025-05-22 23:17:33] WARNING: - 2 users in trust network
[2025-05-22 23:17:33] WARNING: - 31 total trust relationships
[2025-05-22 23:27:35] WARNING: === Starting Twitter Trust System Collection ===
[2025-05-22 23:27:35] WARNING: Will collect tweets until reaching previous timestamp: 2025-05-12 06:54:05+00:00
[2025-05-22 23:27:35] WARNING: Retrieving page 1...
[2025-05-22 23:27:35] WARNING: Error retrieving page 1: [Errno 11001] getaddrinfo failed
[2025-05-22 23:27:35] WARNING: Retrieved a total of 0 tweets across 1 pages
[2025-05-22 23:27:35] WARNING: No new tweets found with trust commands. Exiting without error.
[2025-05-22 23:27:35] WARNING: Collection complete!
[2025-05-22 23:27:35] WARNING: - 0 trust assignments processed
[2025-05-22 23:27:35] WARNING: - 2 users in trust network
[2025-05-22 23:27:35] WARNING: - 31 total trust relationships
[2025-05-22 23:37:33] WARNING: === Starting Twitter Trust System Collection ===
[2025-05-22 23:37:33] WARNING: Will collect tweets until reaching previous timestamp: 2025-05-12 06:54:05+00:00
[2025-05-22 23:37:33] WARNING: Retrieving page 1...
[2025-05-22 23:37:33] WARNING: Error retrieving page 1: [Errno 11001] getaddrinfo failed
[2025-05-22 23:37:33] WARNING: Retrieved a total of 0 tweets across 1 pages
[2025-05-22 23:37:33] WARNING: No new tweets found with trust commands. Exiting without error.
[2025-05-22 23:37:33] WARNING: Collection complete!
[2025-05-22 23:37:33] WARNING: - 0 trust assignments processed
[2025-05-22 23:37:33] WARNING: - 2 users in trust network
[2025-05-22 23:37:33] WARNING: - 31 total trust relationships
[2025-05-22 23:50:46] WARNING: === Starting Twitter Trust System Collection ===
[2025-05-22 23:50:46] WARNING: Will collect tweets until reaching previous timestamp: 2025-05-12 06:54:05+00:00
[2025-05-22 23:50:46] WARNING: Retrieving page 1...
[2025-05-22 23:50:48] WARNING: Newest tweet is from: 2025-05-12 06:54:05+00:00
[2025-05-22 23:50:48] WARNING: Reached stop point at tweet from 2025-05-12 06:54:05+00:00
[2025-05-22 23:50:48] WARNING: Retrieved 0 new tweets on page 1
[2025-05-22 23:50:48] WARNING: Stopping pagination as we've reached the stop point
[2025-05-22 23:50:48] WARNING: Retrieved a total of 0 tweets across 1 pages
[2025-05-22 23:50:48] WARNING: No new tweets found with trust commands. Exiting without error.
[2025-05-22 23:50:48] WARNING: Collection complete!
[2025-05-22 23:50:48] WARNING: - 0 trust assignments processed
[2025-05-22 23:50:48] WARNING: - 2 users in trust network
[2025-05-22 23:50:48] WARNING: - 31 total trust relationships
[2025-05-22 23:57:34] WARNING: === Starting Twitter Trust System Collection ===
[2025-05-22 23:57:34] WARNING: Will collect tweets until reaching previous timestamp: 2025-05-12 06:54:05+00:00
[2025-05-22 23:57:34] WARNING: Retrieving page 1...
[2025-05-22 23:57:35] WARNING: Newest tweet is from: 2025-05-12 06:54:05+00:00
[2025-05-22 23:57:35] WARNING: Reached stop point at tweet from 2025-05-12 06:54:05+00:00
[2025-05-22 23:57:35] WARNING: Retrieved 0 new tweets on page 1
[2025-05-22 23:57:35] WARNING: Stopping pagination as we've reached the stop point
[2025-05-22 23:57:35] WARNING: Retrieved a total of 0 tweets across 1 pages
[2025-05-22 23:57:35] WARNING: No new tweets found with trust commands. Exiting without error.
[2025-05-22 23:57:35] WARNING: Collection complete!
[2025-05-22 23:57:35] WARNING: - 0 trust assignments processed
[2025-05-22 23:57:35] WARNING: - 2 users in trust network
[2025-05-22 23:57:35] WARNING: - 31 total trust relationships
