[2025-05-22 07:07:37] WARNING: Reached stop point at tweet from 2025-05-12 06:54:05+00:00
[2025-05-22 07:07:37] WARNING: Retrieved 0 new tweets on page 1
[2025-05-22 07:07:37] WARNING: Stopping pagination as we've reached the stop point
[2025-05-22 07:07:37] WARNING: Retrieved a total of 0 tweets across 1 pages
[2025-05-22 07:07:37] WARNING: No new tweets found with trust commands. Exiting without error.
[2025-05-22 07:07:37] WARNING: Collection complete!
[2025-05-22 07:07:37] WARNING: - 0 trust assignments processed
[2025-05-22 07:07:37] WARNING: - 2 users in trust network
[2025-05-22 07:07:37] WARNING: - 31 total trust relationships
[2025-05-22 07:17:36] WARNING: === Starting Twitter Trust System Collection ===
[2025-05-22 07:17:36] WARNING: Will collect tweets until reaching previous timestamp: 2025-05-12 06:54:05+00:00
[2025-05-22 07:17:36] WARNING: Retrieving page 1...
[2025-05-22 07:17:37] WARNING: Newest tweet is from: 2025-05-12 06:54:05+00:00
[2025-05-22 07:17:37] WARNING: Reached stop point at tweet from 2025-05-12 06:54:05+00:00
[2025-05-22 07:17:37] WARNING: Retrieved 0 new tweets on page 1
[2025-05-22 07:17:37] WARNING: Stopping pagination as we've reached the stop point
[2025-05-22 07:17:37] WARNING: Retrieved a total of 0 tweets across 1 pages
[2025-05-22 07:17:37] WARNING: No new tweets found with trust commands. Exiting without error.
[2025-05-22 07:17:37] WARNING: Collection complete!
[2025-05-22 07:17:37] WARNING: - 0 trust assignments processed
[2025-05-22 07:17:37] WARNING: - 2 users in trust network
[2025-05-22 07:17:37] WARNING: - 31 total trust relationships
[2025-05-22 07:27:40] WARNING: === Starting Twitter Trust System Collection ===
[2025-05-22 07:27:40] WARNING: Will collect tweets until reaching previous timestamp: 2025-05-12 06:54:05+00:00
[2025-05-22 07:27:40] WARNING: Retrieving page 1...
[2025-05-22 07:27:43] WARNING: Newest tweet is from: 2025-05-12 06:54:05+00:00
[2025-05-22 07:27:43] WARNING: Reached stop point at tweet from 2025-05-12 06:54:05+00:00
[2025-05-22 07:27:43] WARNING: Retrieved 0 new tweets on page 1
[2025-05-22 07:27:43] WARNING: Stopping pagination as we've reached the stop point
[2025-05-22 07:27:43] WARNING: Retrieved a total of 0 tweets across 1 pages
[2025-05-22 07:27:43] WARNING: No new tweets found with trust commands. Exiting without error.
[2025-05-22 07:27:43] WARNING: Collection complete!
[2025-05-22 07:27:43] WARNING: - 0 trust assignments processed
[2025-05-22 07:27:43] WARNING: - 2 users in trust network
[2025-05-22 07:27:43] WARNING: - 31 total trust relationships
[2025-05-22 07:37:39] WARNING: === Starting Twitter Trust System Collection ===
[2025-05-22 07:37:39] WARNING: Will collect tweets until reaching previous timestamp: 2025-05-12 06:54:05+00:00
[2025-05-22 07:37:39] WARNING: Retrieving page 1...
[2025-05-22 07:37:41] WARNING: Newest tweet is from: 2025-05-12 06:54:05+00:00
[2025-05-22 07:37:41] WARNING: Reached stop point at tweet from 2025-05-12 06:54:05+00:00
[2025-05-22 07:37:41] WARNING: Retrieved 0 new tweets on page 1
[2025-05-22 07:37:41] WARNING: Stopping pagination as we've reached the stop point
[2025-05-22 07:37:41] WARNING: Retrieved a total of 0 tweets across 1 pages
[2025-05-22 07:37:41] WARNING: No new tweets found with trust commands. Exiting without error.
[2025-05-22 07:37:41] WARNING: Collection complete!
[2025-05-22 07:37:41] WARNING: - 0 trust assignments processed
[2025-05-22 07:37:41] WARNING: - 2 users in trust network
[2025-05-22 07:37:41] WARNING: - 31 total trust relationships
[2025-05-22 07:47:37] WARNING: === Starting Twitter Trust System Collection ===
[2025-05-22 07:47:37] WARNING: Will collect tweets until reaching previous timestamp: 2025-05-12 06:54:05+00:00
[2025-05-22 07:47:37] WARNING: Retrieving page 1...
[2025-05-22 07:47:39] WARNING: Newest tweet is from: 2025-05-12 06:54:05+00:00
[2025-05-22 07:47:39] WARNING: Reached stop point at tweet from 2025-05-12 06:54:05+00:00
[2025-05-22 07:47:39] WARNING: Retrieved 0 new tweets on page 1
[2025-05-22 07:47:39] WARNING: Stopping pagination as we've reached the stop point
[2025-05-22 07:47:39] WARNING: Retrieved a total of 0 tweets across 1 pages
[2025-05-22 07:47:39] WARNING: No new tweets found with trust commands. Exiting without error.
[2025-05-22 07:47:39] WARNING: Collection complete!
[2025-05-22 07:47:39] WARNING: - 0 trust assignments processed
[2025-05-22 07:47:39] WARNING: - 2 users in trust network
[2025-05-22 07:47:39] WARNING: - 31 total trust relationships
[2025-05-22 07:57:37] WARNING: === Starting Twitter Trust System Collection ===
[2025-05-22 07:57:37] WARNING: Will collect tweets until reaching previous timestamp: 2025-05-12 06:54:05+00:00
[2025-05-22 07:57:37] WARNING: Retrieving page 1...
[2025-05-22 07:57:39] WARNING: Newest tweet is from: 2025-05-12 06:54:05+00:00
[2025-05-22 07:57:39] WARNING: Reached stop point at tweet from 2025-05-12 06:54:05+00:00
[2025-05-22 07:57:39] WARNING: Retrieved 0 new tweets on page 1
[2025-05-22 07:57:39] WARNING: Stopping pagination as we've reached the stop point
[2025-05-22 07:57:39] WARNING: Retrieved a total of 0 tweets across 1 pages
[2025-05-22 07:57:39] WARNING: No new tweets found with trust commands. Exiting without error.
[2025-05-22 07:57:39] WARNING: Collection complete!
[2025-05-22 07:57:39] WARNING: - 0 trust assignments processed
[2025-05-22 07:57:39] WARNING: - 2 users in trust network
[2025-05-22 07:57:39] WARNING: - 31 total trust relationships
[2025-05-22 08:07:36] WARNING: === Starting Twitter Trust System Collection ===
[2025-05-22 08:07:36] WARNING: Will collect tweets until reaching previous timestamp: 2025-05-12 06:54:05+00:00
[2025-05-22 08:07:36] WARNING: Retrieving page 1...
[2025-05-22 08:07:37] WARNING: Newest tweet is from: 2025-05-12 06:54:05+00:00
[2025-05-22 08:07:37] WARNING: Reached stop point at tweet from 2025-05-12 06:54:05+00:00
[2025-05-22 08:07:37] WARNING: Retrieved 0 new tweets on page 1
[2025-05-22 08:07:37] WARNING: Stopping pagination as we've reached the stop point
[2025-05-22 08:07:37] WARNING: Retrieved a total of 0 tweets across 1 pages
[2025-05-22 08:07:37] WARNING: No new tweets found with trust commands. Exiting without error.
[2025-05-22 08:07:37] WARNING: Collection complete!
[2025-05-22 08:07:37] WARNING: - 0 trust assignments processed
[2025-05-22 08:07:37] WARNING: - 2 users in trust network
[2025-05-22 08:07:37] WARNING: - 31 total trust relationships
[2025-05-22 08:17:37] WARNING: === Starting Twitter Trust System Collection ===
[2025-05-22 08:17:37] WARNING: Will collect tweets until reaching previous timestamp: 2025-05-12 06:54:05+00:00
[2025-05-22 08:17:37] WARNING: Retrieving page 1...
[2025-05-22 08:17:40] WARNING: Newest tweet is from: 2025-05-12 06:54:05+00:00
[2025-05-22 08:17:40] WARNING: Reached stop point at tweet from 2025-05-12 06:54:05+00:00
[2025-05-22 08:17:40] WARNING: Retrieved 0 new tweets on page 1
[2025-05-22 08:17:40] WARNING: Stopping pagination as we've reached the stop point
[2025-05-22 08:17:40] WARNING: Retrieved a total of 0 tweets across 1 pages
[2025-05-22 08:17:40] WARNING: No new tweets found with trust commands. Exiting without error.
[2025-05-22 08:17:40] WARNING: Collection complete!
[2025-05-22 08:17:40] WARNING: - 0 trust assignments processed
[2025-05-22 08:17:40] WARNING: - 2 users in trust network
[2025-05-22 08:17:40] WARNING: - 31 total trust relationships
[2025-05-22 08:27:37] WARNING: === Starting Twitter Trust System Collection ===
[2025-05-22 08:27:37] WARNING: Will collect tweets until reaching previous timestamp: 2025-05-12 06:54:05+00:00
[2025-05-22 08:27:37] WARNING: Retrieving page 1...
[2025-05-22 08:27:40] WARNING: Newest tweet is from: 2025-05-12 06:54:05+00:00
[2025-05-22 08:27:40] WARNING: Reached stop point at tweet from 2025-05-12 06:54:05+00:00
[2025-05-22 08:27:40] WARNING: Retrieved 0 new tweets on page 1
[2025-05-22 08:27:40] WARNING: Stopping pagination as we've reached the stop point
[2025-05-22 08:27:40] WARNING: Retrieved a total of 0 tweets across 1 pages
[2025-05-22 08:27:40] WARNING: No new tweets found with trust commands. Exiting without error.
[2025-05-22 08:27:40] WARNING: Collection complete!
[2025-05-22 08:27:40] WARNING: - 0 trust assignments processed
[2025-05-22 08:27:40] WARNING: - 2 users in trust network
[2025-05-22 08:27:40] WARNING: - 31 total trust relationships
[2025-05-22 08:37:37] WARNING: === Starting Twitter Trust System Collection ===
[2025-05-22 08:37:37] WARNING: Will collect tweets until reaching previous timestamp: 2025-05-12 06:54:05+00:00
[2025-05-22 08:37:37] WARNING: Retrieving page 1...
[2025-05-22 08:37:39] WARNING: Newest tweet is from: 2025-05-12 06:54:05+00:00
[2025-05-22 08:37:39] WARNING: Reached stop point at tweet from 2025-05-12 06:54:05+00:00
[2025-05-22 08:37:39] WARNING: Retrieved 0 new tweets on page 1
[2025-05-22 08:37:39] WARNING: Stopping pagination as we've reached the stop point
[2025-05-22 08:37:39] WARNING: Retrieved a total of 0 tweets across 1 pages
[2025-05-22 08:37:39] WARNING: No new tweets found with trust commands. Exiting without error.
[2025-05-22 08:37:39] WARNING: Collection complete!
[2025-05-22 08:37:39] WARNING: - 0 trust assignments processed
[2025-05-22 08:37:39] WARNING: - 2 users in trust network
[2025-05-22 08:37:39] WARNING: - 31 total trust relationships
[2025-05-22 08:47:36] WARNING: === Starting Twitter Trust System Collection ===
[2025-05-22 08:47:36] WARNING: Will collect tweets until reaching previous timestamp: 2025-05-12 06:54:05+00:00
[2025-05-22 08:47:36] WARNING: Retrieving page 1...
[2025-05-22 08:47:38] WARNING: Newest tweet is from: 2025-05-12 06:54:05+00:00
[2025-05-22 08:47:38] WARNING: Reached stop point at tweet from 2025-05-12 06:54:05+00:00
[2025-05-22 08:47:38] WARNING: Retrieved 0 new tweets on page 1
[2025-05-22 08:47:38] WARNING: Stopping pagination as we've reached the stop point
[2025-05-22 08:47:38] WARNING: Retrieved a total of 0 tweets across 1 pages
[2025-05-22 08:47:38] WARNING: No new tweets found with trust commands. Exiting without error.
[2025-05-22 08:47:38] WARNING: Collection complete!
[2025-05-22 08:47:38] WARNING: - 0 trust assignments processed
[2025-05-22 08:47:38] WARNING: - 2 users in trust network
[2025-05-22 08:47:38] WARNING: - 31 total trust relationships
[2025-05-22 08:57:37] WARNING: === Starting Twitter Trust System Collection ===
[2025-05-22 08:57:37] WARNING: Will collect tweets until reaching previous timestamp: 2025-05-12 06:54:05+00:00
[2025-05-22 08:57:37] WARNING: Retrieving page 1...
[2025-05-22 08:57:40] WARNING: Newest tweet is from: 2025-05-12 06:54:05+00:00
[2025-05-22 08:57:40] WARNING: Reached stop point at tweet from 2025-05-12 06:54:05+00:00
[2025-05-22 08:57:40] WARNING: Retrieved 0 new tweets on page 1
[2025-05-22 08:57:40] WARNING: Stopping pagination as we've reached the stop point
[2025-05-22 08:57:40] WARNING: Retrieved a total of 0 tweets across 1 pages
[2025-05-22 08:57:40] WARNING: No new tweets found with trust commands. Exiting without error.
[2025-05-22 08:57:40] WARNING: Collection complete!
[2025-05-22 08:57:40] WARNING: - 0 trust assignments processed
[2025-05-22 08:57:40] WARNING: - 2 users in trust network
[2025-05-22 08:57:40] WARNING: - 31 total trust relationships
[2025-05-22 09:07:37] WARNING: === Starting Twitter Trust System Collection ===
[2025-05-22 09:07:37] WARNING: Will collect tweets until reaching previous timestamp: 2025-05-12 06:54:05+00:00
[2025-05-22 09:07:37] WARNING: Retrieving page 1...
[2025-05-22 09:07:39] WARNING: Newest tweet is from: 2025-05-12 06:54:05+00:00
[2025-05-22 09:07:39] WARNING: Reached stop point at tweet from 2025-05-12 06:54:05+00:00
[2025-05-22 09:07:39] WARNING: Retrieved 0 new tweets on page 1
[2025-05-22 09:07:39] WARNING: Stopping pagination as we've reached the stop point
[2025-05-22 09:07:39] WARNING: Retrieved a total of 0 tweets across 1 pages
[2025-05-22 09:07:39] WARNING: No new tweets found with trust commands. Exiting without error.
[2025-05-22 09:07:39] WARNING: Collection complete!
[2025-05-22 09:07:39] WARNING: - 0 trust assignments processed
[2025-05-22 09:07:39] WARNING: - 2 users in trust network
[2025-05-22 09:07:39] WARNING: - 31 total trust relationships
[2025-05-22 09:17:36] WARNING: === Starting Twitter Trust System Collection ===
[2025-05-22 09:17:36] WARNING: Will collect tweets until reaching previous timestamp: 2025-05-12 06:54:05+00:00
[2025-05-22 09:17:36] WARNING: Retrieving page 1...
[2025-05-22 09:17:39] WARNING: Newest tweet is from: 2025-05-12 06:54:05+00:00
[2025-05-22 09:17:39] WARNING: Reached stop point at tweet from 2025-05-12 06:54:05+00:00
[2025-05-22 09:17:39] WARNING: Retrieved 0 new tweets on page 1
[2025-05-22 09:17:39] WARNING: Stopping pagination as we've reached the stop point
[2025-05-22 09:17:39] WARNING: Retrieved a total of 0 tweets across 1 pages
[2025-05-22 09:17:39] WARNING: No new tweets found with trust commands. Exiting without error.
[2025-05-22 09:17:39] WARNING: Collection complete!
[2025-05-22 09:17:39] WARNING: - 0 trust assignments processed
[2025-05-22 09:17:39] WARNING: - 2 users in trust network
[2025-05-22 09:17:39] WARNING: - 31 total trust relationships
[2025-05-22 09:27:36] WARNING: === Starting Twitter Trust System Collection ===
[2025-05-22 09:27:36] WARNING: Will collect tweets until reaching previous timestamp: 2025-05-12 06:54:05+00:00
[2025-05-22 09:27:36] WARNING: Retrieving page 1...
[2025-05-22 09:27:37] WARNING: Newest tweet is from: 2025-05-12 06:54:05+00:00
[2025-05-22 09:27:37] WARNING: Reached stop point at tweet from 2025-05-12 06:54:05+00:00
[2025-05-22 09:27:37] WARNING: Retrieved 0 new tweets on page 1
[2025-05-22 09:27:37] WARNING: Stopping pagination as we've reached the stop point
[2025-05-22 09:27:37] WARNING: Retrieved a total of 0 tweets across 1 pages
[2025-05-22 09:27:37] WARNING: No new tweets found with trust commands. Exiting without error.
[2025-05-22 09:27:37] WARNING: Collection complete!
[2025-05-22 09:27:37] WARNING: - 0 trust assignments processed
[2025-05-22 09:27:37] WARNING: - 2 users in trust network
[2025-05-22 09:27:37] WARNING: - 31 total trust relationships
[2025-05-22 09:37:36] WARNING: === Starting Twitter Trust System Collection ===
[2025-05-22 09:37:36] WARNING: Will collect tweets until reaching previous timestamp: 2025-05-12 06:54:05+00:00
[2025-05-22 09:37:36] WARNING: Retrieving page 1...
[2025-05-22 09:37:37] WARNING: Newest tweet is from: 2025-05-12 06:54:05+00:00
[2025-05-22 09:37:37] WARNING: Reached stop point at tweet from 2025-05-12 06:54:05+00:00
[2025-05-22 09:37:37] WARNING: Retrieved 0 new tweets on page 1
[2025-05-22 09:37:37] WARNING: Stopping pagination as we've reached the stop point
[2025-05-22 09:37:37] WARNING: Retrieved a total of 0 tweets across 1 pages
[2025-05-22 09:37:37] WARNING: No new tweets found with trust commands. Exiting without error.
[2025-05-22 09:37:37] WARNING: Collection complete!
[2025-05-22 09:37:37] WARNING: - 0 trust assignments processed
[2025-05-22 09:37:37] WARNING: - 2 users in trust network
[2025-05-22 09:37:37] WARNING: - 31 total trust relationships
[2025-05-22 09:47:37] WARNING: === Starting Twitter Trust System Collection ===
[2025-05-22 09:47:37] WARNING: Will collect tweets until reaching previous timestamp: 2025-05-12 06:54:05+00:00
[2025-05-22 09:47:37] WARNING: Retrieving page 1...
[2025-05-22 09:47:40] WARNING: Newest tweet is from: 2025-05-12 06:54:05+00:00
[2025-05-22 09:47:40] WARNING: Reached stop point at tweet from 2025-05-12 06:54:05+00:00
[2025-05-22 09:47:40] WARNING: Retrieved 0 new tweets on page 1
[2025-05-22 09:47:40] WARNING: Stopping pagination as we've reached the stop point
[2025-05-22 09:47:40] WARNING: Retrieved a total of 0 tweets across 1 pages
[2025-05-22 09:47:40] WARNING: No new tweets found with trust commands. Exiting without error.
[2025-05-22 09:47:40] WARNING: Collection complete!
[2025-05-22 09:47:40] WARNING: - 0 trust assignments processed
[2025-05-22 09:47:40] WARNING: - 2 users in trust network
[2025-05-22 09:47:40] WARNING: - 31 total trust relationships
[2025-05-22 09:57:38] WARNING: === Starting Twitter Trust System Collection ===
[2025-05-22 09:57:38] WARNING: Will collect tweets until reaching previous timestamp: 2025-05-12 06:54:05+00:00
[2025-05-22 09:57:38] WARNING: Retrieving page 1...
[2025-05-22 09:57:39] WARNING: Newest tweet is from: 2025-05-12 06:54:05+00:00
[2025-05-22 09:57:39] WARNING: Reached stop point at tweet from 2025-05-12 06:54:05+00:00
[2025-05-22 09:57:39] WARNING: Retrieved 0 new tweets on page 1
[2025-05-22 09:57:39] WARNING: Stopping pagination as we've reached the stop point
[2025-05-22 09:57:39] WARNING: Retrieved a total of 0 tweets across 1 pages
[2025-05-22 09:57:39] WARNING: No new tweets found with trust commands. Exiting without error.
[2025-05-22 09:57:39] WARNING: Collection complete!
[2025-05-22 09:57:39] WARNING: - 0 trust assignments processed
[2025-05-22 09:57:39] WARNING: - 2 users in trust network
[2025-05-22 09:57:39] WARNING: - 31 total trust relationships
[2025-05-22 10:07:38] WARNING: === Starting Twitter Trust System Collection ===
[2025-05-22 10:07:38] WARNING: Will collect tweets until reaching previous timestamp: 2025-05-12 06:54:05+00:00
[2025-05-22 10:07:38] WARNING: Retrieving page 1...
[2025-05-22 10:07:40] WARNING: Newest tweet is from: 2025-05-12 06:54:05+00:00
[2025-05-22 10:07:40] WARNING: Reached stop point at tweet from 2025-05-12 06:54:05+00:00
[2025-05-22 10:07:40] WARNING: Retrieved 0 new tweets on page 1
[2025-05-22 10:07:40] WARNING: Stopping pagination as we've reached the stop point
[2025-05-22 10:07:40] WARNING: Retrieved a total of 0 tweets across 1 pages
[2025-05-22 10:07:40] WARNING: No new tweets found with trust commands. Exiting without error.
[2025-05-22 10:07:40] WARNING: Collection complete!
[2025-05-22 10:07:40] WARNING: - 0 trust assignments processed
[2025-05-22 10:07:40] WARNING: - 2 users in trust network
[2025-05-22 10:07:40] WARNING: - 31 total trust relationships
[2025-05-22 10:17:36] WARNING: === Starting Twitter Trust System Collection ===
[2025-05-22 10:17:36] WARNING: Will collect tweets until reaching previous timestamp: 2025-05-12 06:54:05+00:00
[2025-05-22 10:17:36] WARNING: Retrieving page 1...
[2025-05-22 10:17:40] WARNING: Newest tweet is from: 2025-05-12 06:54:05+00:00
[2025-05-22 10:17:40] WARNING: Reached stop point at tweet from 2025-05-12 06:54:05+00:00
[2025-05-22 10:17:40] WARNING: Retrieved 0 new tweets on page 1
[2025-05-22 10:17:40] WARNING: Stopping pagination as we've reached the stop point
[2025-05-22 10:17:40] WARNING: Retrieved a total of 0 tweets across 1 pages
[2025-05-22 10:17:40] WARNING: No new tweets found with trust commands. Exiting without error.
[2025-05-22 10:17:40] WARNING: Collection complete!
[2025-05-22 10:17:40] WARNING: - 0 trust assignments processed
[2025-05-22 10:17:40] WARNING: - 2 users in trust network
[2025-05-22 10:17:40] WARNING: - 31 total trust relationships
[2025-05-22 10:27:37] WARNING: === Starting Twitter Trust System Collection ===
[2025-05-22 10:27:37] WARNING: Will collect tweets until reaching previous timestamp: 2025-05-12 06:54:05+00:00
[2025-05-22 10:27:37] WARNING: Retrieving page 1...
[2025-05-22 10:27:38] WARNING: Newest tweet is from: 2025-05-12 06:54:05+00:00
[2025-05-22 10:27:38] WARNING: Reached stop point at tweet from 2025-05-12 06:54:05+00:00
[2025-05-22 10:27:38] WARNING: Retrieved 0 new tweets on page 1
[2025-05-22 10:27:38] WARNING: Stopping pagination as we've reached the stop point
[2025-05-22 10:27:38] WARNING: Retrieved a total of 0 tweets across 1 pages
[2025-05-22 10:27:38] WARNING: No new tweets found with trust commands. Exiting without error.
[2025-05-22 10:27:38] WARNING: Collection complete!
[2025-05-22 10:27:38] WARNING: - 0 trust assignments processed
[2025-05-22 10:27:38] WARNING: - 2 users in trust network
[2025-05-22 10:27:38] WARNING: - 31 total trust relationships
[2025-05-22 10:37:36] WARNING: === Starting Twitter Trust System Collection ===
[2025-05-22 10:37:36] WARNING: Will collect tweets until reaching previous timestamp: 2025-05-12 06:54:05+00:00
[2025-05-22 10:37:36] WARNING: Retrieving page 1...
[2025-05-22 10:37:38] WARNING: Newest tweet is from: 2025-05-12 06:54:05+00:00
[2025-05-22 10:37:38] WARNING: Reached stop point at tweet from 2025-05-12 06:54:05+00:00
[2025-05-22 10:37:38] WARNING: Retrieved 0 new tweets on page 1
[2025-05-22 10:37:38] WARNING: Stopping pagination as we've reached the stop point
[2025-05-22 10:37:38] WARNING: Retrieved a total of 0 tweets across 1 pages
[2025-05-22 10:37:38] WARNING: No new tweets found with trust commands. Exiting without error.
[2025-05-22 10:37:38] WARNING: Collection complete!
[2025-05-22 10:37:38] WARNING: - 0 trust assignments processed
[2025-05-22 10:37:38] WARNING: - 2 users in trust network
[2025-05-22 10:37:38] WARNING: - 31 total trust relationships
[2025-05-22 10:47:37] WARNING: === Starting Twitter Trust System Collection ===
[2025-05-22 10:47:37] WARNING: Will collect tweets until reaching previous timestamp: 2025-05-12 06:54:05+00:00
[2025-05-22 10:47:37] WARNING: Retrieving page 1...
[2025-05-22 10:47:39] WARNING: Newest tweet is from: 2025-05-12 06:54:05+00:00
[2025-05-22 10:47:39] WARNING: Reached stop point at tweet from 2025-05-12 06:54:05+00:00
[2025-05-22 10:47:39] WARNING: Retrieved 0 new tweets on page 1
[2025-05-22 10:47:39] WARNING: Stopping pagination as we've reached the stop point
[2025-05-22 10:47:39] WARNING: Retrieved a total of 0 tweets across 1 pages
[2025-05-22 10:47:39] WARNING: No new tweets found with trust commands. Exiting without error.
[2025-05-22 10:47:39] WARNING: Collection complete!
[2025-05-22 10:47:39] WARNING: - 0 trust assignments processed
[2025-05-22 10:47:39] WARNING: - 2 users in trust network
[2025-05-22 10:47:39] WARNING: - 31 total trust relationships
[2025-05-22 10:57:35] WARNING: === Starting Twitter Trust System Collection ===
[2025-05-22 10:57:35] WARNING: Will collect tweets until reaching previous timestamp: 2025-05-12 06:54:05+00:00
[2025-05-22 10:57:35] WARNING: Retrieving page 1...
[2025-05-22 10:57:37] WARNING: Newest tweet is from: 2025-05-12 06:54:05+00:00
[2025-05-22 10:57:37] WARNING: Reached stop point at tweet from 2025-05-12 06:54:05+00:00
[2025-05-22 10:57:37] WARNING: Retrieved 0 new tweets on page 1
[2025-05-22 10:57:37] WARNING: Stopping pagination as we've reached the stop point
[2025-05-22 10:57:37] WARNING: Retrieved a total of 0 tweets across 1 pages
[2025-05-22 10:57:37] WARNING: No new tweets found with trust commands. Exiting without error.
[2025-05-22 10:57:37] WARNING: Collection complete!
[2025-05-22 10:57:37] WARNING: - 0 trust assignments processed
[2025-05-22 10:57:37] WARNING: - 2 users in trust network
[2025-05-22 10:57:37] WARNING: - 31 total trust relationships
[2025-05-22 11:07:36] WARNING: === Starting Twitter Trust System Collection ===
[2025-05-22 11:07:36] WARNING: Will collect tweets until reaching previous timestamp: 2025-05-12 06:54:05+00:00
[2025-05-22 11:07:36] WARNING: Retrieving page 1...
[2025-05-22 11:07:38] WARNING: Newest tweet is from: 2025-05-12 06:54:05+00:00
[2025-05-22 11:07:38] WARNING: Reached stop point at tweet from 2025-05-12 06:54:05+00:00
[2025-05-22 11:07:38] WARNING: Retrieved 0 new tweets on page 1
[2025-05-22 11:07:38] WARNING: Stopping pagination as we've reached the stop point
[2025-05-22 11:07:38] WARNING: Retrieved a total of 0 tweets across 1 pages
[2025-05-22 11:07:38] WARNING: No new tweets found with trust commands. Exiting without error.
[2025-05-22 11:07:38] WARNING: Collection complete!
[2025-05-22 11:07:38] WARNING: - 0 trust assignments processed
[2025-05-22 11:07:38] WARNING: - 2 users in trust network
[2025-05-22 11:07:38] WARNING: - 31 total trust relationships
[2025-05-22 11:17:36] WARNING: === Starting Twitter Trust System Collection ===
[2025-05-22 11:17:36] WARNING: Will collect tweets until reaching previous timestamp: 2025-05-12 06:54:05+00:00
[2025-05-22 11:17:36] WARNING: Retrieving page 1...
[2025-05-22 11:17:38] WARNING: Newest tweet is from: 2025-05-12 06:54:05+00:00
[2025-05-22 11:17:38] WARNING: Reached stop point at tweet from 2025-05-12 06:54:05+00:00
[2025-05-22 11:17:38] WARNING: Retrieved 0 new tweets on page 1
[2025-05-22 11:17:38] WARNING: Stopping pagination as we've reached the stop point
[2025-05-22 11:17:38] WARNING: Retrieved a total of 0 tweets across 1 pages
[2025-05-22 11:17:38] WARNING: No new tweets found with trust commands. Exiting without error.
[2025-05-22 11:17:38] WARNING: Collection complete!
[2025-05-22 11:17:38] WARNING: - 0 trust assignments processed
[2025-05-22 11:17:38] WARNING: - 2 users in trust network
[2025-05-22 11:17:38] WARNING: - 31 total trust relationships
