[2025-06-10 06:37:35] WARNING: - 0 trust assignments processed
[2025-06-10 06:37:35] WARNING: - 2 users in trust network
[2025-06-10 06:37:35] WARNING: - 31 total trust relationships
[2025-06-10 06:47:33] WARNING: === Starting Twitter Trust System Collection ===
[2025-06-10 06:47:33] WARNING: Will collect tweets until reaching previous timestamp: 2025-05-12 06:54:05+00:00
[2025-06-10 06:47:33] WARNING: Retrieving page 1...
[2025-06-10 06:47:35] WARNING: Newest tweet is from: 2025-05-12 06:54:05+00:00
[2025-06-10 06:47:35] WARNING: Reached stop point at tweet from 2025-05-12 06:54:05+00:00
[2025-06-10 06:47:35] WARNING: Retrieved 0 new tweets on page 1
[2025-06-10 06:47:35] WARNING: Stopping pagination as we've reached the stop point
[2025-06-10 06:47:35] WARNING: Retrieved a total of 0 tweets across 1 pages
[2025-06-10 06:47:35] WARNING: No new tweets found with trust commands. Exiting without error.
[2025-06-10 06:47:35] WARNING: Collection complete!
[2025-06-10 06:47:35] WARNING: - 0 trust assignments processed
[2025-06-10 06:47:35] WARNING: - 2 users in trust network
[2025-06-10 06:47:35] WARNING: - 31 total trust relationships
[2025-06-10 06:57:33] WARNING: === Starting Twitter Trust System Collection ===
[2025-06-10 06:57:33] WARNING: Will collect tweets until reaching previous timestamp: 2025-05-12 06:54:05+00:00
[2025-06-10 06:57:33] WARNING: Retrieving page 1...
[2025-06-10 06:57:35] WARNING: Newest tweet is from: 2025-05-12 06:54:05+00:00
[2025-06-10 06:57:35] WARNING: Reached stop point at tweet from 2025-05-12 06:54:05+00:00
[2025-06-10 06:57:35] WARNING: Retrieved 0 new tweets on page 1
[2025-06-10 06:57:35] WARNING: Stopping pagination as we've reached the stop point
[2025-06-10 06:57:35] WARNING: Retrieved a total of 0 tweets across 1 pages
[2025-06-10 06:57:35] WARNING: No new tweets found with trust commands. Exiting without error.
[2025-06-10 06:57:35] WARNING: Collection complete!
[2025-06-10 06:57:35] WARNING: - 0 trust assignments processed
[2025-06-10 06:57:35] WARNING: - 2 users in trust network
[2025-06-10 06:57:35] WARNING: - 31 total trust relationships
[2025-06-10 07:07:33] WARNING: === Starting Twitter Trust System Collection ===
[2025-06-10 07:07:33] WARNING: Will collect tweets until reaching previous timestamp: 2025-05-12 06:54:05+00:00
[2025-06-10 07:07:33] WARNING: Retrieving page 1...
[2025-06-10 07:07:35] WARNING: Newest tweet is from: 2025-05-12 06:54:05+00:00
[2025-06-10 07:07:35] WARNING: Reached stop point at tweet from 2025-05-12 06:54:05+00:00
[2025-06-10 07:07:35] WARNING: Retrieved 0 new tweets on page 1
[2025-06-10 07:07:35] WARNING: Stopping pagination as we've reached the stop point
[2025-06-10 07:07:35] WARNING: Retrieved a total of 0 tweets across 1 pages
[2025-06-10 07:07:35] WARNING: No new tweets found with trust commands. Exiting without error.
[2025-06-10 07:07:35] WARNING: Collection complete!
[2025-06-10 07:07:35] WARNING: - 0 trust assignments processed
[2025-06-10 07:07:35] WARNING: - 2 users in trust network
[2025-06-10 07:07:35] WARNING: - 31 total trust relationships
[2025-06-10 07:17:33] WARNING: === Starting Twitter Trust System Collection ===
[2025-06-10 07:17:33] WARNING: Will collect tweets until reaching previous timestamp: 2025-05-12 06:54:05+00:00
[2025-06-10 07:17:33] WARNING: Retrieving page 1...
[2025-06-10 07:17:36] WARNING: Newest tweet is from: 2025-05-12 06:54:05+00:00
[2025-06-10 07:17:36] WARNING: Reached stop point at tweet from 2025-05-12 06:54:05+00:00
[2025-06-10 07:17:36] WARNING: Retrieved 0 new tweets on page 1
[2025-06-10 07:17:36] WARNING: Stopping pagination as we've reached the stop point
[2025-06-10 07:17:36] WARNING: Retrieved a total of 0 tweets across 1 pages
[2025-06-10 07:17:36] WARNING: No new tweets found with trust commands. Exiting without error.
[2025-06-10 07:17:36] WARNING: Collection complete!
[2025-06-10 07:17:36] WARNING: - 0 trust assignments processed
[2025-06-10 07:17:36] WARNING: - 2 users in trust network
[2025-06-10 07:17:36] WARNING: - 31 total trust relationships
[2025-06-10 07:27:33] WARNING: === Starting Twitter Trust System Collection ===
[2025-06-10 07:27:33] WARNING: Will collect tweets until reaching previous timestamp: 2025-05-12 06:54:05+00:00
[2025-06-10 07:27:33] WARNING: Retrieving page 1...
[2025-06-10 07:27:36] WARNING: Newest tweet is from: 2025-05-12 06:54:05+00:00
[2025-06-10 07:27:36] WARNING: Reached stop point at tweet from 2025-05-12 06:54:05+00:00
[2025-06-10 07:27:36] WARNING: Retrieved 0 new tweets on page 1
[2025-06-10 07:27:36] WARNING: Stopping pagination as we've reached the stop point
[2025-06-10 07:27:36] WARNING: Retrieved a total of 0 tweets across 1 pages
[2025-06-10 07:27:36] WARNING: No new tweets found with trust commands. Exiting without error.
[2025-06-10 07:27:36] WARNING: Collection complete!
[2025-06-10 07:27:36] WARNING: - 0 trust assignments processed
[2025-06-10 07:27:36] WARNING: - 2 users in trust network
[2025-06-10 07:27:36] WARNING: - 31 total trust relationships
[2025-06-10 07:37:33] WARNING: === Starting Twitter Trust System Collection ===
[2025-06-10 07:37:33] WARNING: Will collect tweets until reaching previous timestamp: 2025-05-12 06:54:05+00:00
[2025-06-10 07:37:33] WARNING: Retrieving page 1...
[2025-06-10 07:37:35] WARNING: Newest tweet is from: 2025-05-12 06:54:05+00:00
[2025-06-10 07:37:35] WARNING: Reached stop point at tweet from 2025-05-12 06:54:05+00:00
[2025-06-10 07:37:35] WARNING: Retrieved 0 new tweets on page 1
[2025-06-10 07:37:35] WARNING: Stopping pagination as we've reached the stop point
[2025-06-10 07:37:35] WARNING: Retrieved a total of 0 tweets across 1 pages
[2025-06-10 07:37:35] WARNING: No new tweets found with trust commands. Exiting without error.
[2025-06-10 07:37:35] WARNING: Collection complete!
[2025-06-10 07:37:35] WARNING: - 0 trust assignments processed
[2025-06-10 07:37:35] WARNING: - 2 users in trust network
[2025-06-10 07:37:35] WARNING: - 31 total trust relationships
[2025-06-10 07:47:34] WARNING: === Starting Twitter Trust System Collection ===
[2025-06-10 07:47:34] WARNING: Will collect tweets until reaching previous timestamp: 2025-05-12 06:54:05+00:00
[2025-06-10 07:47:34] WARNING: Retrieving page 1...
[2025-06-10 07:47:35] WARNING: Newest tweet is from: 2025-05-12 06:54:05+00:00
[2025-06-10 07:47:35] WARNING: Reached stop point at tweet from 2025-05-12 06:54:05+00:00
[2025-06-10 07:47:35] WARNING: Retrieved 0 new tweets on page 1
[2025-06-10 07:47:35] WARNING: Stopping pagination as we've reached the stop point
[2025-06-10 07:47:35] WARNING: Retrieved a total of 0 tweets across 1 pages
[2025-06-10 07:47:35] WARNING: No new tweets found with trust commands. Exiting without error.
[2025-06-10 07:47:35] WARNING: Collection complete!
[2025-06-10 07:47:35] WARNING: - 0 trust assignments processed
[2025-06-10 07:47:35] WARNING: - 2 users in trust network
[2025-06-10 07:47:35] WARNING: - 31 total trust relationships
[2025-06-10 07:57:34] WARNING: === Starting Twitter Trust System Collection ===
[2025-06-10 07:57:34] WARNING: Will collect tweets until reaching previous timestamp: 2025-05-12 06:54:05+00:00
[2025-06-10 07:57:34] WARNING: Retrieving page 1...
[2025-06-10 07:57:37] WARNING: Newest tweet is from: 2025-05-12 06:54:05+00:00
[2025-06-10 07:57:37] WARNING: Reached stop point at tweet from 2025-05-12 06:54:05+00:00
[2025-06-10 07:57:37] WARNING: Retrieved 0 new tweets on page 1
[2025-06-10 07:57:37] WARNING: Stopping pagination as we've reached the stop point
[2025-06-10 07:57:37] WARNING: Retrieved a total of 0 tweets across 1 pages
[2025-06-10 07:57:37] WARNING: No new tweets found with trust commands. Exiting without error.
[2025-06-10 07:57:37] WARNING: Collection complete!
[2025-06-10 07:57:37] WARNING: - 0 trust assignments processed
[2025-06-10 07:57:37] WARNING: - 2 users in trust network
[2025-06-10 07:57:37] WARNING: - 31 total trust relationships
[2025-06-10 08:07:33] WARNING: === Starting Twitter Trust System Collection ===
[2025-06-10 08:07:33] WARNING: Will collect tweets until reaching previous timestamp: 2025-05-12 06:54:05+00:00
[2025-06-10 08:07:33] WARNING: Retrieving page 1...
[2025-06-10 08:07:35] WARNING: Newest tweet is from: 2025-05-12 06:54:05+00:00
[2025-06-10 08:07:35] WARNING: Reached stop point at tweet from 2025-05-12 06:54:05+00:00
[2025-06-10 08:07:35] WARNING: Retrieved 0 new tweets on page 1
[2025-06-10 08:07:35] WARNING: Stopping pagination as we've reached the stop point
[2025-06-10 08:07:35] WARNING: Retrieved a total of 0 tweets across 1 pages
[2025-06-10 08:07:35] WARNING: No new tweets found with trust commands. Exiting without error.
[2025-06-10 08:07:35] WARNING: Collection complete!
[2025-06-10 08:07:35] WARNING: - 0 trust assignments processed
[2025-06-10 08:07:35] WARNING: - 2 users in trust network
[2025-06-10 08:07:35] WARNING: - 31 total trust relationships
[2025-06-10 08:17:33] WARNING: === Starting Twitter Trust System Collection ===
[2025-06-10 08:17:33] WARNING: Will collect tweets until reaching previous timestamp: 2025-05-12 06:54:05+00:00
[2025-06-10 08:17:33] WARNING: Retrieving page 1...
[2025-06-10 08:17:35] WARNING: Newest tweet is from: 2025-05-12 06:54:05+00:00
[2025-06-10 08:17:35] WARNING: Reached stop point at tweet from 2025-05-12 06:54:05+00:00
[2025-06-10 08:17:35] WARNING: Retrieved 0 new tweets on page 1
[2025-06-10 08:17:35] WARNING: Stopping pagination as we've reached the stop point
[2025-06-10 08:17:35] WARNING: Retrieved a total of 0 tweets across 1 pages
[2025-06-10 08:17:35] WARNING: No new tweets found with trust commands. Exiting without error.
[2025-06-10 08:17:35] WARNING: Collection complete!
[2025-06-10 08:17:35] WARNING: - 0 trust assignments processed
[2025-06-10 08:17:35] WARNING: - 2 users in trust network
[2025-06-10 08:17:35] WARNING: - 31 total trust relationships
[2025-06-10 08:27:33] WARNING: === Starting Twitter Trust System Collection ===
[2025-06-10 08:27:33] WARNING: Will collect tweets until reaching previous timestamp: 2025-05-12 06:54:05+00:00
[2025-06-10 08:27:33] WARNING: Retrieving page 1...
[2025-06-10 08:27:36] WARNING: Newest tweet is from: 2025-05-12 06:54:05+00:00
[2025-06-10 08:27:36] WARNING: Reached stop point at tweet from 2025-05-12 06:54:05+00:00
[2025-06-10 08:27:36] WARNING: Retrieved 0 new tweets on page 1
[2025-06-10 08:27:36] WARNING: Stopping pagination as we've reached the stop point
[2025-06-10 08:27:36] WARNING: Retrieved a total of 0 tweets across 1 pages
[2025-06-10 08:27:36] WARNING: No new tweets found with trust commands. Exiting without error.
[2025-06-10 08:27:36] WARNING: Collection complete!
[2025-06-10 08:27:36] WARNING: - 0 trust assignments processed
[2025-06-10 08:27:36] WARNING: - 2 users in trust network
[2025-06-10 08:27:36] WARNING: - 31 total trust relationships
[2025-06-10 08:37:33] WARNING: === Starting Twitter Trust System Collection ===
[2025-06-10 08:37:33] WARNING: Will collect tweets until reaching previous timestamp: 2025-05-12 06:54:05+00:00
[2025-06-10 08:37:33] WARNING: Retrieving page 1...
[2025-06-10 08:37:36] WARNING: Newest tweet is from: 2025-05-12 06:54:05+00:00
[2025-06-10 08:37:36] WARNING: Reached stop point at tweet from 2025-05-12 06:54:05+00:00
[2025-06-10 08:37:36] WARNING: Retrieved 0 new tweets on page 1
[2025-06-10 08:37:36] WARNING: Stopping pagination as we've reached the stop point
[2025-06-10 08:37:36] WARNING: Retrieved a total of 0 tweets across 1 pages
[2025-06-10 08:37:36] WARNING: No new tweets found with trust commands. Exiting without error.
[2025-06-10 08:37:36] WARNING: Collection complete!
[2025-06-10 08:37:36] WARNING: - 0 trust assignments processed
[2025-06-10 08:37:36] WARNING: - 2 users in trust network
[2025-06-10 08:37:36] WARNING: - 31 total trust relationships
[2025-06-10 08:47:33] WARNING: === Starting Twitter Trust System Collection ===
[2025-06-10 08:47:33] WARNING: Will collect tweets until reaching previous timestamp: 2025-05-12 06:54:05+00:00
[2025-06-10 08:47:33] WARNING: Retrieving page 1...
[2025-06-10 08:47:35] WARNING: Newest tweet is from: 2025-05-12 06:54:05+00:00
[2025-06-10 08:47:35] WARNING: Reached stop point at tweet from 2025-05-12 06:54:05+00:00
[2025-06-10 08:47:35] WARNING: Retrieved 0 new tweets on page 1
[2025-06-10 08:47:35] WARNING: Stopping pagination as we've reached the stop point
[2025-06-10 08:47:35] WARNING: Retrieved a total of 0 tweets across 1 pages
[2025-06-10 08:47:35] WARNING: No new tweets found with trust commands. Exiting without error.
[2025-06-10 08:47:35] WARNING: Collection complete!
[2025-06-10 08:47:35] WARNING: - 0 trust assignments processed
[2025-06-10 08:47:35] WARNING: - 2 users in trust network
[2025-06-10 08:47:35] WARNING: - 31 total trust relationships
[2025-06-10 08:57:35] WARNING: === Starting Twitter Trust System Collection ===
[2025-06-10 08:57:35] WARNING: Will collect tweets until reaching previous timestamp: 2025-05-12 06:54:05+00:00
[2025-06-10 08:57:35] WARNING: Retrieving page 1...
[2025-06-10 08:57:37] WARNING: Newest tweet is from: 2025-05-12 06:54:05+00:00
[2025-06-10 08:57:37] WARNING: Reached stop point at tweet from 2025-05-12 06:54:05+00:00
[2025-06-10 08:57:37] WARNING: Retrieved 0 new tweets on page 1
[2025-06-10 08:57:37] WARNING: Stopping pagination as we've reached the stop point
[2025-06-10 08:57:37] WARNING: Retrieved a total of 0 tweets across 1 pages
[2025-06-10 08:57:37] WARNING: No new tweets found with trust commands. Exiting without error.
[2025-06-10 08:57:37] WARNING: Collection complete!
[2025-06-10 08:57:37] WARNING: - 0 trust assignments processed
[2025-06-10 08:57:37] WARNING: - 2 users in trust network
[2025-06-10 08:57:37] WARNING: - 31 total trust relationships
[2025-06-10 09:07:34] WARNING: === Starting Twitter Trust System Collection ===
[2025-06-10 09:07:34] WARNING: Will collect tweets until reaching previous timestamp: 2025-05-12 06:54:05+00:00
[2025-06-10 09:07:34] WARNING: Retrieving page 1...
[2025-06-10 09:07:37] WARNING: Newest tweet is from: 2025-05-12 06:54:05+00:00
[2025-06-10 09:07:37] WARNING: Reached stop point at tweet from 2025-05-12 06:54:05+00:00
[2025-06-10 09:07:37] WARNING: Retrieved 0 new tweets on page 1
[2025-06-10 09:07:37] WARNING: Stopping pagination as we've reached the stop point
[2025-06-10 09:07:37] WARNING: Retrieved a total of 0 tweets across 1 pages
[2025-06-10 09:07:37] WARNING: No new tweets found with trust commands. Exiting without error.
[2025-06-10 09:07:37] WARNING: Collection complete!
[2025-06-10 09:07:37] WARNING: - 0 trust assignments processed
[2025-06-10 09:07:37] WARNING: - 2 users in trust network
[2025-06-10 09:07:37] WARNING: - 31 total trust relationships
[2025-06-10 09:17:33] WARNING: === Starting Twitter Trust System Collection ===
[2025-06-10 09:17:33] WARNING: Will collect tweets until reaching previous timestamp: 2025-05-12 06:54:05+00:00
[2025-06-10 09:17:33] WARNING: Retrieving page 1...
[2025-06-10 09:17:35] WARNING: Newest tweet is from: 2025-05-12 06:54:05+00:00
[2025-06-10 09:17:35] WARNING: Reached stop point at tweet from 2025-05-12 06:54:05+00:00
[2025-06-10 09:17:35] WARNING: Retrieved 0 new tweets on page 1
[2025-06-10 09:17:35] WARNING: Stopping pagination as we've reached the stop point
[2025-06-10 09:17:35] WARNING: Retrieved a total of 0 tweets across 1 pages
[2025-06-10 09:17:35] WARNING: No new tweets found with trust commands. Exiting without error.
[2025-06-10 09:17:35] WARNING: Collection complete!
[2025-06-10 09:17:35] WARNING: - 0 trust assignments processed
[2025-06-10 09:17:35] WARNING: - 2 users in trust network
[2025-06-10 09:17:35] WARNING: - 31 total trust relationships
[2025-06-10 09:27:32] WARNING: === Starting Twitter Trust System Collection ===
[2025-06-10 09:27:32] WARNING: Will collect tweets until reaching previous timestamp: 2025-05-12 06:54:05+00:00
[2025-06-10 09:27:32] WARNING: Retrieving page 1...
[2025-06-10 09:27:34] WARNING: Newest tweet is from: 2025-05-12 06:54:05+00:00
[2025-06-10 09:27:34] WARNING: Reached stop point at tweet from 2025-05-12 06:54:05+00:00
[2025-06-10 09:27:34] WARNING: Retrieved 0 new tweets on page 1
[2025-06-10 09:27:34] WARNING: Stopping pagination as we've reached the stop point
[2025-06-10 09:27:34] WARNING: Retrieved a total of 0 tweets across 1 pages
[2025-06-10 09:27:34] WARNING: No new tweets found with trust commands. Exiting without error.
[2025-06-10 09:27:34] WARNING: Collection complete!
[2025-06-10 09:27:34] WARNING: - 0 trust assignments processed
[2025-06-10 09:27:34] WARNING: - 2 users in trust network
[2025-06-10 09:27:34] WARNING: - 31 total trust relationships
[2025-06-10 09:37:32] WARNING: === Starting Twitter Trust System Collection ===
[2025-06-10 09:37:32] WARNING: Will collect tweets until reaching previous timestamp: 2025-05-12 06:54:05+00:00
[2025-06-10 09:37:32] WARNING: Retrieving page 1...
[2025-06-10 09:37:35] WARNING: Newest tweet is from: 2025-05-12 06:54:05+00:00
[2025-06-10 09:37:35] WARNING: Reached stop point at tweet from 2025-05-12 06:54:05+00:00
[2025-06-10 09:37:35] WARNING: Retrieved 0 new tweets on page 1
[2025-06-10 09:37:35] WARNING: Stopping pagination as we've reached the stop point
[2025-06-10 09:37:35] WARNING: Retrieved a total of 0 tweets across 1 pages
[2025-06-10 09:37:35] WARNING: No new tweets found with trust commands. Exiting without error.
[2025-06-10 09:37:35] WARNING: Collection complete!
[2025-06-10 09:37:35] WARNING: - 0 trust assignments processed
[2025-06-10 09:37:35] WARNING: - 2 users in trust network
[2025-06-10 09:37:35] WARNING: - 31 total trust relationships
[2025-06-10 09:47:32] WARNING: === Starting Twitter Trust System Collection ===
[2025-06-10 09:47:32] WARNING: Will collect tweets until reaching previous timestamp: 2025-05-12 06:54:05+00:00
[2025-06-10 09:47:32] WARNING: Retrieving page 1...
[2025-06-10 09:47:34] WARNING: Newest tweet is from: 2025-05-12 06:54:05+00:00
[2025-06-10 09:47:34] WARNING: Reached stop point at tweet from 2025-05-12 06:54:05+00:00
[2025-06-10 09:47:34] WARNING: Retrieved 0 new tweets on page 1
[2025-06-10 09:47:34] WARNING: Stopping pagination as we've reached the stop point
[2025-06-10 09:47:34] WARNING: Retrieved a total of 0 tweets across 1 pages
[2025-06-10 09:47:34] WARNING: No new tweets found with trust commands. Exiting without error.
[2025-06-10 09:47:34] WARNING: Collection complete!
[2025-06-10 09:47:34] WARNING: - 0 trust assignments processed
[2025-06-10 09:47:34] WARNING: - 2 users in trust network
[2025-06-10 09:47:34] WARNING: - 31 total trust relationships
[2025-06-10 09:57:32] WARNING: === Starting Twitter Trust System Collection ===
[2025-06-10 09:57:32] WARNING: Will collect tweets until reaching previous timestamp: 2025-05-12 06:54:05+00:00
[2025-06-10 09:57:32] WARNING: Retrieving page 1...
[2025-06-10 09:57:34] WARNING: Newest tweet is from: 2025-05-12 06:54:05+00:00
[2025-06-10 09:57:34] WARNING: Reached stop point at tweet from 2025-05-12 06:54:05+00:00
[2025-06-10 09:57:34] WARNING: Retrieved 0 new tweets on page 1
[2025-06-10 09:57:34] WARNING: Stopping pagination as we've reached the stop point
[2025-06-10 09:57:34] WARNING: Retrieved a total of 0 tweets across 1 pages
[2025-06-10 09:57:34] WARNING: No new tweets found with trust commands. Exiting without error.
[2025-06-10 09:57:34] WARNING: Collection complete!
[2025-06-10 09:57:34] WARNING: - 0 trust assignments processed
[2025-06-10 09:57:34] WARNING: - 2 users in trust network
[2025-06-10 09:57:34] WARNING: - 31 total trust relationships
[2025-06-10 10:07:32] WARNING: === Starting Twitter Trust System Collection ===
[2025-06-10 10:07:32] WARNING: Will collect tweets until reaching previous timestamp: 2025-05-12 06:54:05+00:00
[2025-06-10 10:07:32] WARNING: Retrieving page 1...
[2025-06-10 10:07:34] WARNING: Newest tweet is from: 2025-05-12 06:54:05+00:00
[2025-06-10 10:07:34] WARNING: Reached stop point at tweet from 2025-05-12 06:54:05+00:00
[2025-06-10 10:07:34] WARNING: Retrieved 0 new tweets on page 1
[2025-06-10 10:07:34] WARNING: Stopping pagination as we've reached the stop point
[2025-06-10 10:07:34] WARNING: Retrieved a total of 0 tweets across 1 pages
[2025-06-10 10:07:34] WARNING: No new tweets found with trust commands. Exiting without error.
[2025-06-10 10:07:34] WARNING: Collection complete!
[2025-06-10 10:07:34] WARNING: - 0 trust assignments processed
[2025-06-10 10:07:34] WARNING: - 2 users in trust network
[2025-06-10 10:07:34] WARNING: - 31 total trust relationships
[2025-06-10 10:17:33] WARNING: === Starting Twitter Trust System Collection ===
[2025-06-10 10:17:33] WARNING: Will collect tweets until reaching previous timestamp: 2025-05-12 06:54:05+00:00
[2025-06-10 10:17:33] WARNING: Retrieving page 1...
[2025-06-10 10:17:36] WARNING: Newest tweet is from: 2025-05-12 06:54:05+00:00
[2025-06-10 10:17:36] WARNING: Reached stop point at tweet from 2025-05-12 06:54:05+00:00
[2025-06-10 10:17:36] WARNING: Retrieved 0 new tweets on page 1
[2025-06-10 10:17:36] WARNING: Stopping pagination as we've reached the stop point
[2025-06-10 10:17:36] WARNING: Retrieved a total of 0 tweets across 1 pages
[2025-06-10 10:17:36] WARNING: No new tweets found with trust commands. Exiting without error.
[2025-06-10 10:17:36] WARNING: Collection complete!
[2025-06-10 10:17:36] WARNING: - 0 trust assignments processed
[2025-06-10 10:17:36] WARNING: - 2 users in trust network
[2025-06-10 10:17:36] WARNING: - 31 total trust relationships
[2025-06-10 10:27:32] WARNING: === Starting Twitter Trust System Collection ===
[2025-06-10 10:27:32] WARNING: Will collect tweets until reaching previous timestamp: 2025-05-12 06:54:05+00:00
[2025-06-10 10:27:32] WARNING: Retrieving page 1...
[2025-06-10 10:27:34] WARNING: Newest tweet is from: 2025-05-12 06:54:05+00:00
[2025-06-10 10:27:34] WARNING: Reached stop point at tweet from 2025-05-12 06:54:05+00:00
[2025-06-10 10:27:34] WARNING: Retrieved 0 new tweets on page 1
[2025-06-10 10:27:34] WARNING: Stopping pagination as we've reached the stop point
[2025-06-10 10:27:34] WARNING: Retrieved a total of 0 tweets across 1 pages
[2025-06-10 10:27:34] WARNING: No new tweets found with trust commands. Exiting without error.
[2025-06-10 10:27:34] WARNING: Collection complete!
[2025-06-10 10:27:34] WARNING: - 0 trust assignments processed
[2025-06-10 10:27:34] WARNING: - 2 users in trust network
[2025-06-10 10:27:34] WARNING: - 31 total trust relationships
[2025-06-10 10:37:32] WARNING: === Starting Twitter Trust System Collection ===
[2025-06-10 10:37:32] WARNING: Will collect tweets until reaching previous timestamp: 2025-05-12 06:54:05+00:00
[2025-06-10 10:37:32] WARNING: Retrieving page 1...
[2025-06-10 10:37:35] WARNING: Newest tweet is from: 2025-05-12 06:54:05+00:00
[2025-06-10 10:37:35] WARNING: Reached stop point at tweet from 2025-05-12 06:54:05+00:00
[2025-06-10 10:37:35] WARNING: Retrieved 0 new tweets on page 1
[2025-06-10 10:37:35] WARNING: Stopping pagination as we've reached the stop point
[2025-06-10 10:37:35] WARNING: Retrieved a total of 0 tweets across 1 pages
[2025-06-10 10:37:35] WARNING: No new tweets found with trust commands. Exiting without error.
[2025-06-10 10:37:35] WARNING: Collection complete!
[2025-06-10 10:37:35] WARNING: - 0 trust assignments processed
[2025-06-10 10:37:35] WARNING: - 2 users in trust network
[2025-06-10 10:37:35] WARNING: - 31 total trust relationships
[2025-06-10 10:47:33] WARNING: === Starting Twitter Trust System Collection ===
[2025-06-10 10:47:33] WARNING: Will collect tweets until reaching previous timestamp: 2025-05-12 06:54:05+00:00
[2025-06-10 10:47:33] WARNING: Retrieving page 1...
[2025-06-10 10:47:34] WARNING: Newest tweet is from: 2025-05-12 06:54:05+00:00
[2025-06-10 10:47:34] WARNING: Reached stop point at tweet from 2025-05-12 06:54:05+00:00
[2025-06-10 10:47:34] WARNING: Retrieved 0 new tweets on page 1
[2025-06-10 10:47:34] WARNING: Stopping pagination as we've reached the stop point
[2025-06-10 10:47:34] WARNING: Retrieved a total of 0 tweets across 1 pages
[2025-06-10 10:47:34] WARNING: No new tweets found with trust commands. Exiting without error.
[2025-06-10 10:47:34] WARNING: Collection complete!
[2025-06-10 10:47:34] WARNING: - 0 trust assignments processed
[2025-06-10 10:47:34] WARNING: - 2 users in trust network
[2025-06-10 10:47:34] WARNING: - 31 total trust relationships
[2025-06-10 10:57:33] WARNING: === Starting Twitter Trust System Collection ===
[2025-06-10 10:57:33] WARNING: Will collect tweets until reaching previous timestamp: 2025-05-12 06:54:05+00:00
[2025-06-10 10:57:33] WARNING: Retrieving page 1...
[2025-06-10 10:57:35] WARNING: Newest tweet is from: 2025-05-12 06:54:05+00:00
[2025-06-10 10:57:35] WARNING: Reached stop point at tweet from 2025-05-12 06:54:05+00:00
[2025-06-10 10:57:35] WARNING: Retrieved 0 new tweets on page 1
[2025-06-10 10:57:35] WARNING: Stopping pagination as we've reached the stop point
[2025-06-10 10:57:35] WARNING: Retrieved a total of 0 tweets across 1 pages
[2025-06-10 10:57:35] WARNING: No new tweets found with trust commands. Exiting without error.
[2025-06-10 10:57:35] WARNING: Collection complete!
[2025-06-10 10:57:35] WARNING: - 0 trust assignments processed
[2025-06-10 10:57:35] WARNING: - 2 users in trust network
[2025-06-10 10:57:35] WARNING: - 31 total trust relationships
[2025-06-10 11:07:33] WARNING: === Starting Twitter Trust System Collection ===
[2025-06-10 11:07:33] WARNING: Will collect tweets until reaching previous timestamp: 2025-05-12 06:54:05+00:00
[2025-06-10 11:07:33] WARNING: Retrieving page 1...
[2025-06-10 11:07:36] WARNING: Newest tweet is from: 2025-05-12 06:54:05+00:00
[2025-06-10 11:07:36] WARNING: Reached stop point at tweet from 2025-05-12 06:54:05+00:00
[2025-06-10 11:07:36] WARNING: Retrieved 0 new tweets on page 1
[2025-06-10 11:07:36] WARNING: Stopping pagination as we've reached the stop point
[2025-06-10 11:07:36] WARNING: Retrieved a total of 0 tweets across 1 pages
[2025-06-10 11:07:36] WARNING: No new tweets found with trust commands. Exiting without error.
[2025-06-10 11:07:36] WARNING: Collection complete!
[2025-06-10 11:07:36] WARNING: - 0 trust assignments processed
[2025-06-10 11:07:36] WARNING: - 2 users in trust network
[2025-06-10 11:07:36] WARNING: - 31 total trust relationships
[2025-06-10 11:17:33] WARNING: === Starting Twitter Trust System Collection ===
[2025-06-10 11:17:33] WARNING: Will collect tweets until reaching previous timestamp: 2025-05-12 06:54:05+00:00
[2025-06-10 11:17:33] WARNING: Retrieving page 1...
[2025-06-10 11:17:34] WARNING: Newest tweet is from: 2025-05-12 06:54:05+00:00
[2025-06-10 11:17:34] WARNING: Reached stop point at tweet from 2025-05-12 06:54:05+00:00
[2025-06-10 11:17:34] WARNING: Retrieved 0 new tweets on page 1
[2025-06-10 11:17:34] WARNING: Stopping pagination as we've reached the stop point
[2025-06-10 11:17:34] WARNING: Retrieved a total of 0 tweets across 1 pages
[2025-06-10 11:17:34] WARNING: No new tweets found with trust commands. Exiting without error.
[2025-06-10 11:17:34] WARNING: Collection complete!
[2025-06-10 11:17:34] WARNING: - 0 trust assignments processed
[2025-06-10 11:17:34] WARNING: - 2 users in trust network
[2025-06-10 11:17:34] WARNING: - 31 total trust relationships
