[2025-06-14 04:17:33] WARNING: Will collect tweets until reaching previous timestamp: 2025-05-12 06:54:05+00:00
[2025-06-14 04:17:33] WARNING: Retrieving page 1...
[2025-06-14 04:17:37] WARNING: Newest tweet is from: 2025-05-12 06:54:05+00:00
[2025-06-14 04:17:37] WARNING: Reached stop point at tweet from 2025-05-12 06:54:05+00:00
[2025-06-14 04:17:37] WARNING: Retrieved 0 new tweets on page 1
[2025-06-14 04:17:37] WARNING: Stopping pagination as we've reached the stop point
[2025-06-14 04:17:37] WARNING: Retrieved a total of 0 tweets across 1 pages
[2025-06-14 04:17:37] WARNING: No new tweets found with trust commands. Exiting without error.
[2025-06-14 04:17:37] WARNING: Collection complete!
[2025-06-14 04:17:37] WARNING: - 0 trust assignments processed
[2025-06-14 04:17:37] WARNING: - 2 users in trust network
[2025-06-14 04:17:37] WARNING: - 31 total trust relationships
[2025-06-14 04:27:33] WARNING: === Starting Twitter Trust System Collection ===
[2025-06-14 04:27:33] WARNING: Will collect tweets until reaching previous timestamp: 2025-05-12 06:54:05+00:00
[2025-06-14 04:27:33] WARNING: Retrieving page 1...
[2025-06-14 04:27:35] WARNING: Newest tweet is from: 2025-05-12 06:54:05+00:00
[2025-06-14 04:27:35] WARNING: Reached stop point at tweet from 2025-05-12 06:54:05+00:00
[2025-06-14 04:27:35] WARNING: Retrieved 0 new tweets on page 1
[2025-06-14 04:27:35] WARNING: Stopping pagination as we've reached the stop point
[2025-06-14 04:27:35] WARNING: Retrieved a total of 0 tweets across 1 pages
[2025-06-14 04:27:35] WARNING: No new tweets found with trust commands. Exiting without error.
[2025-06-14 04:27:35] WARNING: Collection complete!
[2025-06-14 04:27:35] WARNING: - 0 trust assignments processed
[2025-06-14 04:27:35] WARNING: - 2 users in trust network
[2025-06-14 04:27:35] WARNING: - 31 total trust relationships
[2025-06-14 04:37:33] WARNING: === Starting Twitter Trust System Collection ===
[2025-06-14 04:37:33] WARNING: Will collect tweets until reaching previous timestamp: 2025-05-12 06:54:05+00:00
[2025-06-14 04:37:33] WARNING: Retrieving page 1...
[2025-06-14 04:37:35] WARNING: Newest tweet is from: 2025-05-12 06:54:05+00:00
[2025-06-14 04:37:35] WARNING: Reached stop point at tweet from 2025-05-12 06:54:05+00:00
[2025-06-14 04:37:35] WARNING: Retrieved 0 new tweets on page 1
[2025-06-14 04:37:35] WARNING: Stopping pagination as we've reached the stop point
[2025-06-14 04:37:35] WARNING: Retrieved a total of 0 tweets across 1 pages
[2025-06-14 04:37:35] WARNING: No new tweets found with trust commands. Exiting without error.
[2025-06-14 04:37:35] WARNING: Collection complete!
[2025-06-14 04:37:35] WARNING: - 0 trust assignments processed
[2025-06-14 04:37:35] WARNING: - 2 users in trust network
[2025-06-14 04:37:35] WARNING: - 31 total trust relationships
[2025-06-14 04:47:33] WARNING: === Starting Twitter Trust System Collection ===
[2025-06-14 04:47:33] WARNING: Will collect tweets until reaching previous timestamp: 2025-05-12 06:54:05+00:00
[2025-06-14 04:47:33] WARNING: Retrieving page 1...
[2025-06-14 04:47:35] WARNING: Newest tweet is from: 2025-05-12 06:54:05+00:00
[2025-06-14 04:47:35] WARNING: Reached stop point at tweet from 2025-05-12 06:54:05+00:00
[2025-06-14 04:47:35] WARNING: Retrieved 0 new tweets on page 1
[2025-06-14 04:47:35] WARNING: Stopping pagination as we've reached the stop point
[2025-06-14 04:47:35] WARNING: Retrieved a total of 0 tweets across 1 pages
[2025-06-14 04:47:35] WARNING: No new tweets found with trust commands. Exiting without error.
[2025-06-14 04:47:35] WARNING: Collection complete!
[2025-06-14 04:47:35] WARNING: - 0 trust assignments processed
[2025-06-14 04:47:35] WARNING: - 2 users in trust network
[2025-06-14 04:47:35] WARNING: - 31 total trust relationships
[2025-06-14 04:57:33] WARNING: === Starting Twitter Trust System Collection ===
[2025-06-14 04:57:33] WARNING: Will collect tweets until reaching previous timestamp: 2025-05-12 06:54:05+00:00
[2025-06-14 04:57:33] WARNING: Retrieving page 1...
[2025-06-14 04:57:35] WARNING: Newest tweet is from: 2025-05-12 06:54:05+00:00
[2025-06-14 04:57:35] WARNING: Reached stop point at tweet from 2025-05-12 06:54:05+00:00
[2025-06-14 04:57:35] WARNING: Retrieved 0 new tweets on page 1
[2025-06-14 04:57:35] WARNING: Stopping pagination as we've reached the stop point
[2025-06-14 04:57:35] WARNING: Retrieved a total of 0 tweets across 1 pages
[2025-06-14 04:57:35] WARNING: No new tweets found with trust commands. Exiting without error.
[2025-06-14 04:57:35] WARNING: Collection complete!
[2025-06-14 04:57:35] WARNING: - 0 trust assignments processed
[2025-06-14 04:57:35] WARNING: - 2 users in trust network
[2025-06-14 04:57:35] WARNING: - 31 total trust relationships
[2025-06-14 05:07:33] WARNING: === Starting Twitter Trust System Collection ===
[2025-06-14 05:07:33] WARNING: Will collect tweets until reaching previous timestamp: 2025-05-12 06:54:05+00:00
[2025-06-14 05:07:33] WARNING: Retrieving page 1...
[2025-06-14 05:07:35] WARNING: Newest tweet is from: 2025-05-12 06:54:05+00:00
[2025-06-14 05:07:35] WARNING: Reached stop point at tweet from 2025-05-12 06:54:05+00:00
[2025-06-14 05:07:35] WARNING: Retrieved 0 new tweets on page 1
[2025-06-14 05:07:35] WARNING: Stopping pagination as we've reached the stop point
[2025-06-14 05:07:35] WARNING: Retrieved a total of 0 tweets across 1 pages
[2025-06-14 05:07:35] WARNING: No new tweets found with trust commands. Exiting without error.
[2025-06-14 05:07:35] WARNING: Collection complete!
[2025-06-14 05:07:35] WARNING: - 0 trust assignments processed
[2025-06-14 05:07:35] WARNING: - 2 users in trust network
[2025-06-14 05:07:35] WARNING: - 31 total trust relationships
[2025-06-14 05:17:33] WARNING: === Starting Twitter Trust System Collection ===
[2025-06-14 05:17:33] WARNING: Will collect tweets until reaching previous timestamp: 2025-05-12 06:54:05+00:00
[2025-06-14 05:17:33] WARNING: Retrieving page 1...
[2025-06-14 05:17:35] WARNING: Newest tweet is from: 2025-05-12 06:54:05+00:00
[2025-06-14 05:17:35] WARNING: Reached stop point at tweet from 2025-05-12 06:54:05+00:00
[2025-06-14 05:17:35] WARNING: Retrieved 0 new tweets on page 1
[2025-06-14 05:17:35] WARNING: Stopping pagination as we've reached the stop point
[2025-06-14 05:17:35] WARNING: Retrieved a total of 0 tweets across 1 pages
[2025-06-14 05:17:35] WARNING: No new tweets found with trust commands. Exiting without error.
[2025-06-14 05:17:35] WARNING: Collection complete!
[2025-06-14 05:17:35] WARNING: - 0 trust assignments processed
[2025-06-14 05:17:35] WARNING: - 2 users in trust network
[2025-06-14 05:17:35] WARNING: - 31 total trust relationships
[2025-06-14 05:27:33] WARNING: === Starting Twitter Trust System Collection ===
[2025-06-14 05:27:33] WARNING: Will collect tweets until reaching previous timestamp: 2025-05-12 06:54:05+00:00
[2025-06-14 05:27:33] WARNING: Retrieving page 1...
[2025-06-14 05:27:36] WARNING: Newest tweet is from: 2025-05-12 06:54:05+00:00
[2025-06-14 05:27:36] WARNING: Reached stop point at tweet from 2025-05-12 06:54:05+00:00
[2025-06-14 05:27:36] WARNING: Retrieved 0 new tweets on page 1
[2025-06-14 05:27:36] WARNING: Stopping pagination as we've reached the stop point
[2025-06-14 05:27:36] WARNING: Retrieved a total of 0 tweets across 1 pages
[2025-06-14 05:27:36] WARNING: No new tweets found with trust commands. Exiting without error.
[2025-06-14 05:27:36] WARNING: Collection complete!
[2025-06-14 05:27:36] WARNING: - 0 trust assignments processed
[2025-06-14 05:27:36] WARNING: - 2 users in trust network
[2025-06-14 05:27:36] WARNING: - 31 total trust relationships
[2025-06-14 05:37:32] WARNING: === Starting Twitter Trust System Collection ===
[2025-06-14 05:37:32] WARNING: Will collect tweets until reaching previous timestamp: 2025-05-12 06:54:05+00:00
[2025-06-14 05:37:32] WARNING: Retrieving page 1...
[2025-06-14 05:37:34] WARNING: Newest tweet is from: 2025-05-12 06:54:05+00:00
[2025-06-14 05:37:34] WARNING: Reached stop point at tweet from 2025-05-12 06:54:05+00:00
[2025-06-14 05:37:34] WARNING: Retrieved 0 new tweets on page 1
[2025-06-14 05:37:34] WARNING: Stopping pagination as we've reached the stop point
[2025-06-14 05:37:34] WARNING: Retrieved a total of 0 tweets across 1 pages
[2025-06-14 05:37:34] WARNING: No new tweets found with trust commands. Exiting without error.
[2025-06-14 05:37:34] WARNING: Collection complete!
[2025-06-14 05:37:34] WARNING: - 0 trust assignments processed
[2025-06-14 05:37:34] WARNING: - 2 users in trust network
[2025-06-14 05:37:34] WARNING: - 31 total trust relationships
[2025-06-14 05:47:32] WARNING: === Starting Twitter Trust System Collection ===
[2025-06-14 05:47:32] WARNING: Will collect tweets until reaching previous timestamp: 2025-05-12 06:54:05+00:00
[2025-06-14 05:47:32] WARNING: Retrieving page 1...
[2025-06-14 05:47:39] WARNING: Newest tweet is from: 2025-05-12 06:54:05+00:00
[2025-06-14 05:47:39] WARNING: Reached stop point at tweet from 2025-05-12 06:54:05+00:00
[2025-06-14 05:47:39] WARNING: Retrieved 0 new tweets on page 1
[2025-06-14 05:47:39] WARNING: Stopping pagination as we've reached the stop point
[2025-06-14 05:47:39] WARNING: Retrieved a total of 0 tweets across 1 pages
[2025-06-14 05:47:39] WARNING: No new tweets found with trust commands. Exiting without error.
[2025-06-14 05:47:39] WARNING: Collection complete!
[2025-06-14 05:47:39] WARNING: - 0 trust assignments processed
[2025-06-14 05:47:39] WARNING: - 2 users in trust network
[2025-06-14 05:47:39] WARNING: - 31 total trust relationships
[2025-06-14 05:57:32] WARNING: === Starting Twitter Trust System Collection ===
[2025-06-14 05:57:32] WARNING: Will collect tweets until reaching previous timestamp: 2025-05-12 06:54:05+00:00
[2025-06-14 05:57:32] WARNING: Retrieving page 1...
[2025-06-14 05:57:36] WARNING: Newest tweet is from: 2025-05-12 06:54:05+00:00
[2025-06-14 05:57:36] WARNING: Reached stop point at tweet from 2025-05-12 06:54:05+00:00
[2025-06-14 05:57:36] WARNING: Retrieved 0 new tweets on page 1
[2025-06-14 05:57:36] WARNING: Stopping pagination as we've reached the stop point
[2025-06-14 05:57:36] WARNING: Retrieved a total of 0 tweets across 1 pages
[2025-06-14 05:57:36] WARNING: No new tweets found with trust commands. Exiting without error.
[2025-06-14 05:57:36] WARNING: Collection complete!
[2025-06-14 05:57:36] WARNING: - 0 trust assignments processed
[2025-06-14 05:57:36] WARNING: - 2 users in trust network
[2025-06-14 05:57:36] WARNING: - 31 total trust relationships
[2025-06-14 06:07:32] WARNING: === Starting Twitter Trust System Collection ===
[2025-06-14 06:07:32] WARNING: Will collect tweets until reaching previous timestamp: 2025-05-12 06:54:05+00:00
[2025-06-14 06:07:32] WARNING: Retrieving page 1...
[2025-06-14 06:07:36] WARNING: Newest tweet is from: 2025-05-12 06:54:05+00:00
[2025-06-14 06:07:36] WARNING: Reached stop point at tweet from 2025-05-12 06:54:05+00:00
[2025-06-14 06:07:36] WARNING: Retrieved 0 new tweets on page 1
[2025-06-14 06:07:36] WARNING: Stopping pagination as we've reached the stop point
[2025-06-14 06:07:36] WARNING: Retrieved a total of 0 tweets across 1 pages
[2025-06-14 06:07:36] WARNING: No new tweets found with trust commands. Exiting without error.
[2025-06-14 06:07:36] WARNING: Collection complete!
[2025-06-14 06:07:36] WARNING: - 0 trust assignments processed
[2025-06-14 06:07:36] WARNING: - 2 users in trust network
[2025-06-14 06:07:36] WARNING: - 31 total trust relationships
[2025-06-14 06:17:32] WARNING: === Starting Twitter Trust System Collection ===
[2025-06-14 06:17:32] WARNING: Will collect tweets until reaching previous timestamp: 2025-05-12 06:54:05+00:00
[2025-06-14 06:17:32] WARNING: Retrieving page 1...
[2025-06-14 06:17:34] WARNING: Newest tweet is from: 2025-05-12 06:54:05+00:00
[2025-06-14 06:17:34] WARNING: Reached stop point at tweet from 2025-05-12 06:54:05+00:00
[2025-06-14 06:17:34] WARNING: Retrieved 0 new tweets on page 1
[2025-06-14 06:17:34] WARNING: Stopping pagination as we've reached the stop point
[2025-06-14 06:17:34] WARNING: Retrieved a total of 0 tweets across 1 pages
[2025-06-14 06:17:34] WARNING: No new tweets found with trust commands. Exiting without error.
[2025-06-14 06:17:34] WARNING: Collection complete!
[2025-06-14 06:17:34] WARNING: - 0 trust assignments processed
[2025-06-14 06:17:34] WARNING: - 2 users in trust network
[2025-06-14 06:17:34] WARNING: - 31 total trust relationships
[2025-06-14 06:27:32] WARNING: === Starting Twitter Trust System Collection ===
[2025-06-14 06:27:32] WARNING: Will collect tweets until reaching previous timestamp: 2025-05-12 06:54:05+00:00
[2025-06-14 06:27:32] WARNING: Retrieving page 1...
[2025-06-14 06:27:34] WARNING: Newest tweet is from: 2025-05-12 06:54:05+00:00
[2025-06-14 06:27:34] WARNING: Reached stop point at tweet from 2025-05-12 06:54:05+00:00
[2025-06-14 06:27:34] WARNING: Retrieved 0 new tweets on page 1
[2025-06-14 06:27:34] WARNING: Stopping pagination as we've reached the stop point
[2025-06-14 06:27:34] WARNING: Retrieved a total of 0 tweets across 1 pages
[2025-06-14 06:27:34] WARNING: No new tweets found with trust commands. Exiting without error.
[2025-06-14 06:27:34] WARNING: Collection complete!
[2025-06-14 06:27:34] WARNING: - 0 trust assignments processed
[2025-06-14 06:27:34] WARNING: - 2 users in trust network
[2025-06-14 06:27:34] WARNING: - 31 total trust relationships
[2025-06-14 06:37:32] WARNING: === Starting Twitter Trust System Collection ===
[2025-06-14 06:37:32] WARNING: Will collect tweets until reaching previous timestamp: 2025-05-12 06:54:05+00:00
[2025-06-14 06:37:32] WARNING: Retrieving page 1...
[2025-06-14 06:37:38] WARNING: Newest tweet is from: 2025-05-12 06:54:05+00:00
[2025-06-14 06:37:38] WARNING: Reached stop point at tweet from 2025-05-12 06:54:05+00:00
[2025-06-14 06:37:38] WARNING: Retrieved 0 new tweets on page 1
[2025-06-14 06:37:38] WARNING: Stopping pagination as we've reached the stop point
[2025-06-14 06:37:38] WARNING: Retrieved a total of 0 tweets across 1 pages
[2025-06-14 06:37:38] WARNING: No new tweets found with trust commands. Exiting without error.
[2025-06-14 06:37:38] WARNING: Collection complete!
[2025-06-14 06:37:38] WARNING: - 0 trust assignments processed
[2025-06-14 06:37:38] WARNING: - 2 users in trust network
[2025-06-14 06:37:38] WARNING: - 31 total trust relationships
[2025-06-14 06:47:32] WARNING: === Starting Twitter Trust System Collection ===
[2025-06-14 06:47:32] WARNING: Will collect tweets until reaching previous timestamp: 2025-05-12 06:54:05+00:00
[2025-06-14 06:47:32] WARNING: Retrieving page 1...
[2025-06-14 06:47:34] WARNING: Newest tweet is from: 2025-05-12 06:54:05+00:00
[2025-06-14 06:47:34] WARNING: Reached stop point at tweet from 2025-05-12 06:54:05+00:00
[2025-06-14 06:47:34] WARNING: Retrieved 0 new tweets on page 1
[2025-06-14 06:47:34] WARNING: Stopping pagination as we've reached the stop point
[2025-06-14 06:47:34] WARNING: Retrieved a total of 0 tweets across 1 pages
[2025-06-14 06:47:34] WARNING: No new tweets found with trust commands. Exiting without error.
[2025-06-14 06:47:34] WARNING: Collection complete!
[2025-06-14 06:47:34] WARNING: - 0 trust assignments processed
[2025-06-14 06:47:34] WARNING: - 2 users in trust network
[2025-06-14 06:47:34] WARNING: - 31 total trust relationships
[2025-06-14 06:57:32] WARNING: === Starting Twitter Trust System Collection ===
[2025-06-14 06:57:32] WARNING: Will collect tweets until reaching previous timestamp: 2025-05-12 06:54:05+00:00
[2025-06-14 06:57:32] WARNING: Retrieving page 1...
[2025-06-14 06:57:36] WARNING: Newest tweet is from: 2025-05-12 06:54:05+00:00
[2025-06-14 06:57:36] WARNING: Reached stop point at tweet from 2025-05-12 06:54:05+00:00
[2025-06-14 06:57:36] WARNING: Retrieved 0 new tweets on page 1
[2025-06-14 06:57:36] WARNING: Stopping pagination as we've reached the stop point
[2025-06-14 06:57:36] WARNING: Retrieved a total of 0 tweets across 1 pages
[2025-06-14 06:57:36] WARNING: No new tweets found with trust commands. Exiting without error.
[2025-06-14 06:57:36] WARNING: Collection complete!
[2025-06-14 06:57:36] WARNING: - 0 trust assignments processed
[2025-06-14 06:57:36] WARNING: - 2 users in trust network
[2025-06-14 06:57:36] WARNING: - 31 total trust relationships
[2025-06-14 07:07:32] WARNING: === Starting Twitter Trust System Collection ===
[2025-06-14 07:07:32] WARNING: Will collect tweets until reaching previous timestamp: 2025-05-12 06:54:05+00:00
[2025-06-14 07:07:32] WARNING: Retrieving page 1...
[2025-06-14 07:07:37] WARNING: Newest tweet is from: 2025-05-12 06:54:05+00:00
[2025-06-14 07:07:37] WARNING: Reached stop point at tweet from 2025-05-12 06:54:05+00:00
[2025-06-14 07:07:37] WARNING: Retrieved 0 new tweets on page 1
[2025-06-14 07:07:37] WARNING: Stopping pagination as we've reached the stop point
[2025-06-14 07:07:37] WARNING: Retrieved a total of 0 tweets across 1 pages
[2025-06-14 07:07:37] WARNING: No new tweets found with trust commands. Exiting without error.
[2025-06-14 07:07:37] WARNING: Collection complete!
[2025-06-14 07:07:37] WARNING: - 0 trust assignments processed
[2025-06-14 07:07:37] WARNING: - 2 users in trust network
[2025-06-14 07:07:37] WARNING: - 31 total trust relationships
[2025-06-14 07:17:32] WARNING: === Starting Twitter Trust System Collection ===
[2025-06-14 07:17:32] WARNING: Will collect tweets until reaching previous timestamp: 2025-05-12 06:54:05+00:00
[2025-06-14 07:17:32] WARNING: Retrieving page 1...
[2025-06-14 07:17:34] WARNING: Newest tweet is from: 2025-05-12 06:54:05+00:00
[2025-06-14 07:17:34] WARNING: Reached stop point at tweet from 2025-05-12 06:54:05+00:00
[2025-06-14 07:17:34] WARNING: Retrieved 0 new tweets on page 1
[2025-06-14 07:17:34] WARNING: Stopping pagination as we've reached the stop point
[2025-06-14 07:17:34] WARNING: Retrieved a total of 0 tweets across 1 pages
[2025-06-14 07:17:34] WARNING: No new tweets found with trust commands. Exiting without error.
[2025-06-14 07:17:34] WARNING: Collection complete!
[2025-06-14 07:17:34] WARNING: - 0 trust assignments processed
[2025-06-14 07:17:34] WARNING: - 2 users in trust network
[2025-06-14 07:17:34] WARNING: - 31 total trust relationships
[2025-06-14 07:27:32] WARNING: === Starting Twitter Trust System Collection ===
[2025-06-14 07:27:32] WARNING: Will collect tweets until reaching previous timestamp: 2025-05-12 06:54:05+00:00
[2025-06-14 07:27:32] WARNING: Retrieving page 1...
[2025-06-14 07:27:38] WARNING: Newest tweet is from: 2025-05-12 06:54:05+00:00
[2025-06-14 07:27:38] WARNING: Reached stop point at tweet from 2025-05-12 06:54:05+00:00
[2025-06-14 07:27:38] WARNING: Retrieved 0 new tweets on page 1
[2025-06-14 07:27:38] WARNING: Stopping pagination as we've reached the stop point
[2025-06-14 07:27:38] WARNING: Retrieved a total of 0 tweets across 1 pages
[2025-06-14 07:27:38] WARNING: No new tweets found with trust commands. Exiting without error.
[2025-06-14 07:27:38] WARNING: Collection complete!
[2025-06-14 07:27:38] WARNING: - 0 trust assignments processed
[2025-06-14 07:27:38] WARNING: - 2 users in trust network
[2025-06-14 07:27:38] WARNING: - 31 total trust relationships
[2025-06-14 07:37:32] WARNING: === Starting Twitter Trust System Collection ===
[2025-06-14 07:37:32] WARNING: Will collect tweets until reaching previous timestamp: 2025-05-12 06:54:05+00:00
[2025-06-14 07:37:32] WARNING: Retrieving page 1...
[2025-06-14 07:37:35] WARNING: Newest tweet is from: 2025-05-12 06:54:05+00:00
[2025-06-14 07:37:35] WARNING: Reached stop point at tweet from 2025-05-12 06:54:05+00:00
[2025-06-14 07:37:35] WARNING: Retrieved 0 new tweets on page 1
[2025-06-14 07:37:35] WARNING: Stopping pagination as we've reached the stop point
[2025-06-14 07:37:35] WARNING: Retrieved a total of 0 tweets across 1 pages
[2025-06-14 07:37:35] WARNING: No new tweets found with trust commands. Exiting without error.
[2025-06-14 07:37:35] WARNING: Collection complete!
[2025-06-14 07:37:35] WARNING: - 0 trust assignments processed
[2025-06-14 07:37:35] WARNING: - 2 users in trust network
[2025-06-14 07:37:35] WARNING: - 31 total trust relationships
[2025-06-14 07:47:32] WARNING: === Starting Twitter Trust System Collection ===
[2025-06-14 07:47:32] WARNING: Will collect tweets until reaching previous timestamp: 2025-05-12 06:54:05+00:00
[2025-06-14 07:47:32] WARNING: Retrieving page 1...
[2025-06-14 07:47:36] WARNING: Newest tweet is from: 2025-05-12 06:54:05+00:00
[2025-06-14 07:47:36] WARNING: Reached stop point at tweet from 2025-05-12 06:54:05+00:00
[2025-06-14 07:47:36] WARNING: Retrieved 0 new tweets on page 1
[2025-06-14 07:47:36] WARNING: Stopping pagination as we've reached the stop point
[2025-06-14 07:47:36] WARNING: Retrieved a total of 0 tweets across 1 pages
[2025-06-14 07:47:36] WARNING: No new tweets found with trust commands. Exiting without error.
[2025-06-14 07:47:36] WARNING: Collection complete!
[2025-06-14 07:47:36] WARNING: - 0 trust assignments processed
[2025-06-14 07:47:36] WARNING: - 2 users in trust network
[2025-06-14 07:47:36] WARNING: - 31 total trust relationships
[2025-06-14 07:57:32] WARNING: === Starting Twitter Trust System Collection ===
[2025-06-14 07:57:32] WARNING: Will collect tweets until reaching previous timestamp: 2025-05-12 06:54:05+00:00
[2025-06-14 07:57:32] WARNING: Retrieving page 1...
[2025-06-14 07:57:36] WARNING: Newest tweet is from: 2025-05-12 06:54:05+00:00
[2025-06-14 07:57:36] WARNING: Reached stop point at tweet from 2025-05-12 06:54:05+00:00
[2025-06-14 07:57:36] WARNING: Retrieved 0 new tweets on page 1
[2025-06-14 07:57:36] WARNING: Stopping pagination as we've reached the stop point
[2025-06-14 07:57:36] WARNING: Retrieved a total of 0 tweets across 1 pages
[2025-06-14 07:57:36] WARNING: No new tweets found with trust commands. Exiting without error.
[2025-06-14 07:57:36] WARNING: Collection complete!
[2025-06-14 07:57:36] WARNING: - 0 trust assignments processed
[2025-06-14 07:57:36] WARNING: - 2 users in trust network
[2025-06-14 07:57:36] WARNING: - 31 total trust relationships
[2025-06-14 08:07:33] WARNING: === Starting Twitter Trust System Collection ===
[2025-06-14 08:07:33] WARNING: Will collect tweets until reaching previous timestamp: 2025-05-12 06:54:05+00:00
[2025-06-14 08:07:33] WARNING: Retrieving page 1...
[2025-06-14 08:07:35] WARNING: Newest tweet is from: 2025-05-12 06:54:05+00:00
[2025-06-14 08:07:35] WARNING: Reached stop point at tweet from 2025-05-12 06:54:05+00:00
[2025-06-14 08:07:35] WARNING: Retrieved 0 new tweets on page 1
[2025-06-14 08:07:35] WARNING: Stopping pagination as we've reached the stop point
[2025-06-14 08:07:35] WARNING: Retrieved a total of 0 tweets across 1 pages
[2025-06-14 08:07:35] WARNING: No new tweets found with trust commands. Exiting without error.
[2025-06-14 08:07:35] WARNING: Collection complete!
[2025-06-14 08:07:35] WARNING: - 0 trust assignments processed
[2025-06-14 08:07:35] WARNING: - 2 users in trust network
[2025-06-14 08:07:35] WARNING: - 31 total trust relationships
[2025-06-14 08:17:32] WARNING: === Starting Twitter Trust System Collection ===
[2025-06-14 08:17:32] WARNING: Will collect tweets until reaching previous timestamp: 2025-05-12 06:54:05+00:00
[2025-06-14 08:17:32] WARNING: Retrieving page 1...
[2025-06-14 08:17:34] WARNING: Newest tweet is from: 2025-05-12 06:54:05+00:00
[2025-06-14 08:17:34] WARNING: Reached stop point at tweet from 2025-05-12 06:54:05+00:00
[2025-06-14 08:17:34] WARNING: Retrieved 0 new tweets on page 1
[2025-06-14 08:17:34] WARNING: Stopping pagination as we've reached the stop point
[2025-06-14 08:17:34] WARNING: Retrieved a total of 0 tweets across 1 pages
[2025-06-14 08:17:34] WARNING: No new tweets found with trust commands. Exiting without error.
[2025-06-14 08:17:34] WARNING: Collection complete!
[2025-06-14 08:17:34] WARNING: - 0 trust assignments processed
[2025-06-14 08:17:34] WARNING: - 2 users in trust network
[2025-06-14 08:17:34] WARNING: - 31 total trust relationships
[2025-06-14 08:27:32] WARNING: === Starting Twitter Trust System Collection ===
[2025-06-14 08:27:32] WARNING: Will collect tweets until reaching previous timestamp: 2025-05-12 06:54:05+00:00
[2025-06-14 08:27:32] WARNING: Retrieving page 1...
[2025-06-14 08:27:34] WARNING: Newest tweet is from: 2025-05-12 06:54:05+00:00
[2025-06-14 08:27:34] WARNING: Reached stop point at tweet from 2025-05-12 06:54:05+00:00
[2025-06-14 08:27:34] WARNING: Retrieved 0 new tweets on page 1
[2025-06-14 08:27:34] WARNING: Stopping pagination as we've reached the stop point
[2025-06-14 08:27:34] WARNING: Retrieved a total of 0 tweets across 1 pages
[2025-06-14 08:27:34] WARNING: No new tweets found with trust commands. Exiting without error.
[2025-06-14 08:27:34] WARNING: Collection complete!
[2025-06-14 08:27:34] WARNING: - 0 trust assignments processed
[2025-06-14 08:27:34] WARNING: - 2 users in trust network
[2025-06-14 08:27:34] WARNING: - 31 total trust relationships
[2025-06-14 08:37:32] WARNING: === Starting Twitter Trust System Collection ===
[2025-06-14 08:37:32] WARNING: Will collect tweets until reaching previous timestamp: 2025-05-12 06:54:05+00:00
[2025-06-14 08:37:32] WARNING: Retrieving page 1...
[2025-06-14 08:37:35] WARNING: Newest tweet is from: 2025-05-12 06:54:05+00:00
[2025-06-14 08:37:35] WARNING: Reached stop point at tweet from 2025-05-12 06:54:05+00:00
[2025-06-14 08:37:35] WARNING: Retrieved 0 new tweets on page 1
[2025-06-14 08:37:35] WARNING: Stopping pagination as we've reached the stop point
[2025-06-14 08:37:35] WARNING: Retrieved a total of 0 tweets across 1 pages
[2025-06-14 08:37:35] WARNING: No new tweets found with trust commands. Exiting without error.
[2025-06-14 08:37:35] WARNING: Collection complete!
[2025-06-14 08:37:35] WARNING: - 0 trust assignments processed
[2025-06-14 08:37:35] WARNING: - 2 users in trust network
[2025-06-14 08:37:35] WARNING: - 31 total trust relationships
[2025-06-14 08:47:32] WARNING: === Starting Twitter Trust System Collection ===
[2025-06-14 08:47:32] WARNING: Will collect tweets until reaching previous timestamp: 2025-05-12 06:54:05+00:00
[2025-06-14 08:47:32] WARNING: Retrieving page 1...
[2025-06-14 08:47:36] WARNING: Newest tweet is from: 2025-05-12 06:54:05+00:00
[2025-06-14 08:47:36] WARNING: Reached stop point at tweet from 2025-05-12 06:54:05+00:00
[2025-06-14 08:47:36] WARNING: Retrieved 0 new tweets on page 1
[2025-06-14 08:47:36] WARNING: Stopping pagination as we've reached the stop point
[2025-06-14 08:47:36] WARNING: Retrieved a total of 0 tweets across 1 pages
[2025-06-14 08:47:36] WARNING: No new tweets found with trust commands. Exiting without error.
[2025-06-14 08:47:36] WARNING: Collection complete!
[2025-06-14 08:47:36] WARNING: - 0 trust assignments processed
[2025-06-14 08:47:36] WARNING: - 2 users in trust network
[2025-06-14 08:47:36] WARNING: - 31 total trust relationships
[2025-06-14 08:57:32] WARNING: === Starting Twitter Trust System Collection ===
[2025-06-14 08:57:32] WARNING: Will collect tweets until reaching previous timestamp: 2025-05-12 06:54:05+00:00
[2025-06-14 08:57:32] WARNING: Retrieving page 1...
[2025-06-14 08:57:34] WARNING: Newest tweet is from: 2025-05-12 06:54:05+00:00
[2025-06-14 08:57:34] WARNING: Reached stop point at tweet from 2025-05-12 06:54:05+00:00
[2025-06-14 08:57:34] WARNING: Retrieved 0 new tweets on page 1
[2025-06-14 08:57:34] WARNING: Stopping pagination as we've reached the stop point
[2025-06-14 08:57:34] WARNING: Retrieved a total of 0 tweets across 1 pages
[2025-06-14 08:57:34] WARNING: No new tweets found with trust commands. Exiting without error.
[2025-06-14 08:57:34] WARNING: Collection complete!
[2025-06-14 08:57:34] WARNING: - 0 trust assignments processed
[2025-06-14 08:57:34] WARNING: - 2 users in trust network
[2025-06-14 08:57:34] WARNING: - 31 total trust relationships
[2025-06-14 09:07:33] WARNING: === Starting Twitter Trust System Collection ===
[2025-06-14 09:07:33] WARNING: Will collect tweets until reaching previous timestamp: 2025-05-12 06:54:05+00:00
[2025-06-14 09:07:33] WARNING: Retrieving page 1...
[2025-06-14 09:07:34] WARNING: Newest tweet is from: 2025-05-12 06:54:05+00:00
[2025-06-14 09:07:34] WARNING: Reached stop point at tweet from 2025-05-12 06:54:05+00:00
[2025-06-14 09:07:34] WARNING: Retrieved 0 new tweets on page 1
[2025-06-14 09:07:34] WARNING: Stopping pagination as we've reached the stop point
[2025-06-14 09:07:34] WARNING: Retrieved a total of 0 tweets across 1 pages
[2025-06-14 09:07:34] WARNING: No new tweets found with trust commands. Exiting without error.
[2025-06-14 09:07:34] WARNING: Collection complete!
[2025-06-14 09:07:34] WARNING: - 0 trust assignments processed
[2025-06-14 09:07:34] WARNING: - 2 users in trust network
[2025-06-14 09:07:34] WARNING: - 31 total trust relationships
[2025-06-14 09:17:33] WARNING: === Starting Twitter Trust System Collection ===
[2025-06-14 09:17:33] WARNING: Will collect tweets until reaching previous timestamp: 2025-05-12 06:54:05+00:00
[2025-06-14 09:17:33] WARNING: Retrieving page 1...
[2025-06-14 09:17:34] WARNING: Newest tweet is from: 2025-05-12 06:54:05+00:00
[2025-06-14 09:17:34] WARNING: Reached stop point at tweet from 2025-05-12 06:54:05+00:00
[2025-06-14 09:17:34] WARNING: Retrieved 0 new tweets on page 1
[2025-06-14 09:17:34] WARNING: Stopping pagination as we've reached the stop point
[2025-06-14 09:17:34] WARNING: Retrieved a total of 0 tweets across 1 pages
[2025-06-14 09:17:34] WARNING: No new tweets found with trust commands. Exiting without error.
[2025-06-14 09:17:34] WARNING: Collection complete!
[2025-06-14 09:17:34] WARNING: - 0 trust assignments processed
[2025-06-14 09:17:34] WARNING: - 2 users in trust network
[2025-06-14 09:17:34] WARNING: - 31 total trust relationships
