[2025-05-21 05:37:38] WARNING: Reached stop point at tweet from 2025-05-12 06:54:05+00:00
[2025-05-21 05:37:38] WARNING: Retrieved 0 new tweets on page 1
[2025-05-21 05:37:38] WARNING: Stopping pagination as we've reached the stop point
[2025-05-21 05:37:38] WARNING: Retrieved a total of 0 tweets across 1 pages
[2025-05-21 05:37:38] WARNING: No new tweets found with trust commands. Exiting without error.
[2025-05-21 05:37:38] WARNING: Collection complete!
[2025-05-21 05:37:38] WARNING: - 0 trust assignments processed
[2025-05-21 05:37:38] WARNING: - 2 users in trust network
[2025-05-21 05:37:38] WARNING: - 31 total trust relationships
[2025-05-21 05:47:35] WARNING: === Starting Twitter Trust System Collection ===
[2025-05-21 05:47:35] WARNING: Will collect tweets until reaching previous timestamp: 2025-05-12 06:54:05+00:00
[2025-05-21 05:47:35] WARNING: Retrieving page 1...
[2025-05-21 05:47:37] WARNING: Newest tweet is from: 2025-05-12 06:54:05+00:00
[2025-05-21 05:47:37] WARNING: Reached stop point at tweet from 2025-05-12 06:54:05+00:00
[2025-05-21 05:47:37] WARNING: Retrieved 0 new tweets on page 1
[2025-05-21 05:47:37] WARNING: Stopping pagination as we've reached the stop point
[2025-05-21 05:47:37] WARNING: Retrieved a total of 0 tweets across 1 pages
[2025-05-21 05:47:37] WARNING: No new tweets found with trust commands. Exiting without error.
[2025-05-21 05:47:37] WARNING: Collection complete!
[2025-05-21 05:47:37] WARNING: - 0 trust assignments processed
[2025-05-21 05:47:37] WARNING: - 2 users in trust network
[2025-05-21 05:47:37] WARNING: - 31 total trust relationships
[2025-05-21 05:57:35] WARNING: === Starting Twitter Trust System Collection ===
[2025-05-21 05:57:35] WARNING: Will collect tweets until reaching previous timestamp: 2025-05-12 06:54:05+00:00
[2025-05-21 05:57:35] WARNING: Retrieving page 1...
[2025-05-21 05:57:37] WARNING: Newest tweet is from: 2025-05-12 06:54:05+00:00
[2025-05-21 05:57:37] WARNING: Reached stop point at tweet from 2025-05-12 06:54:05+00:00
[2025-05-21 05:57:37] WARNING: Retrieved 0 new tweets on page 1
[2025-05-21 05:57:37] WARNING: Stopping pagination as we've reached the stop point
[2025-05-21 05:57:37] WARNING: Retrieved a total of 0 tweets across 1 pages
[2025-05-21 05:57:37] WARNING: No new tweets found with trust commands. Exiting without error.
[2025-05-21 05:57:37] WARNING: Collection complete!
[2025-05-21 05:57:37] WARNING: - 0 trust assignments processed
[2025-05-21 05:57:37] WARNING: - 2 users in trust network
[2025-05-21 05:57:37] WARNING: - 31 total trust relationships
[2025-05-21 06:07:36] WARNING: === Starting Twitter Trust System Collection ===
[2025-05-21 06:07:36] WARNING: Will collect tweets until reaching previous timestamp: 2025-05-12 06:54:05+00:00
[2025-05-21 06:07:36] WARNING: Retrieving page 1...
[2025-05-21 06:07:38] WARNING: Newest tweet is from: 2025-05-12 06:54:05+00:00
[2025-05-21 06:07:38] WARNING: Reached stop point at tweet from 2025-05-12 06:54:05+00:00
[2025-05-21 06:07:38] WARNING: Retrieved 0 new tweets on page 1
[2025-05-21 06:07:38] WARNING: Stopping pagination as we've reached the stop point
[2025-05-21 06:07:38] WARNING: Retrieved a total of 0 tweets across 1 pages
[2025-05-21 06:07:38] WARNING: No new tweets found with trust commands. Exiting without error.
[2025-05-21 06:07:38] WARNING: Collection complete!
[2025-05-21 06:07:38] WARNING: - 0 trust assignments processed
[2025-05-21 06:07:38] WARNING: - 2 users in trust network
[2025-05-21 06:07:38] WARNING: - 31 total trust relationships
[2025-05-21 06:17:35] WARNING: === Starting Twitter Trust System Collection ===
[2025-05-21 06:17:35] WARNING: Will collect tweets until reaching previous timestamp: 2025-05-12 06:54:05+00:00
[2025-05-21 06:17:35] WARNING: Retrieving page 1...
[2025-05-21 06:17:37] WARNING: Newest tweet is from: 2025-05-12 06:54:05+00:00
[2025-05-21 06:17:37] WARNING: Reached stop point at tweet from 2025-05-12 06:54:05+00:00
[2025-05-21 06:17:37] WARNING: Retrieved 0 new tweets on page 1
[2025-05-21 06:17:37] WARNING: Stopping pagination as we've reached the stop point
[2025-05-21 06:17:37] WARNING: Retrieved a total of 0 tweets across 1 pages
[2025-05-21 06:17:37] WARNING: No new tweets found with trust commands. Exiting without error.
[2025-05-21 06:17:37] WARNING: Collection complete!
[2025-05-21 06:17:37] WARNING: - 0 trust assignments processed
[2025-05-21 06:17:37] WARNING: - 2 users in trust network
[2025-05-21 06:17:37] WARNING: - 31 total trust relationships
[2025-05-21 06:27:36] WARNING: === Starting Twitter Trust System Collection ===
[2025-05-21 06:27:36] WARNING: Will collect tweets until reaching previous timestamp: 2025-05-12 06:54:05+00:00
[2025-05-21 06:27:36] WARNING: Retrieving page 1...
[2025-05-21 06:27:39] WARNING: Newest tweet is from: 2025-05-12 06:54:05+00:00
[2025-05-21 06:27:39] WARNING: Reached stop point at tweet from 2025-05-12 06:54:05+00:00
[2025-05-21 06:27:39] WARNING: Retrieved 0 new tweets on page 1
[2025-05-21 06:27:39] WARNING: Stopping pagination as we've reached the stop point
[2025-05-21 06:27:39] WARNING: Retrieved a total of 0 tweets across 1 pages
[2025-05-21 06:27:39] WARNING: No new tweets found with trust commands. Exiting without error.
[2025-05-21 06:27:39] WARNING: Collection complete!
[2025-05-21 06:27:39] WARNING: - 0 trust assignments processed
[2025-05-21 06:27:39] WARNING: - 2 users in trust network
[2025-05-21 06:27:39] WARNING: - 31 total trust relationships
[2025-05-21 06:37:34] WARNING: === Starting Twitter Trust System Collection ===
[2025-05-21 06:37:34] WARNING: Will collect tweets until reaching previous timestamp: 2025-05-12 06:54:05+00:00
[2025-05-21 06:37:34] WARNING: Retrieving page 1...
[2025-05-21 06:37:36] WARNING: Newest tweet is from: 2025-05-12 06:54:05+00:00
[2025-05-21 06:37:36] WARNING: Reached stop point at tweet from 2025-05-12 06:54:05+00:00
[2025-05-21 06:37:36] WARNING: Retrieved 0 new tweets on page 1
[2025-05-21 06:37:36] WARNING: Stopping pagination as we've reached the stop point
[2025-05-21 06:37:36] WARNING: Retrieved a total of 0 tweets across 1 pages
[2025-05-21 06:37:36] WARNING: No new tweets found with trust commands. Exiting without error.
[2025-05-21 06:37:36] WARNING: Collection complete!
[2025-05-21 06:37:36] WARNING: - 0 trust assignments processed
[2025-05-21 06:37:36] WARNING: - 2 users in trust network
[2025-05-21 06:37:36] WARNING: - 31 total trust relationships
[2025-05-21 06:47:34] WARNING: === Starting Twitter Trust System Collection ===
[2025-05-21 06:47:34] WARNING: Will collect tweets until reaching previous timestamp: 2025-05-12 06:54:05+00:00
[2025-05-21 06:47:34] WARNING: Retrieving page 1...
[2025-05-21 06:47:36] WARNING: Newest tweet is from: 2025-05-12 06:54:05+00:00
[2025-05-21 06:47:36] WARNING: Reached stop point at tweet from 2025-05-12 06:54:05+00:00
[2025-05-21 06:47:36] WARNING: Retrieved 0 new tweets on page 1
[2025-05-21 06:47:36] WARNING: Stopping pagination as we've reached the stop point
[2025-05-21 06:47:36] WARNING: Retrieved a total of 0 tweets across 1 pages
[2025-05-21 06:47:36] WARNING: No new tweets found with trust commands. Exiting without error.
[2025-05-21 06:47:36] WARNING: Collection complete!
[2025-05-21 06:47:36] WARNING: - 0 trust assignments processed
[2025-05-21 06:47:36] WARNING: - 2 users in trust network
[2025-05-21 06:47:36] WARNING: - 31 total trust relationships
[2025-05-21 06:57:35] WARNING: === Starting Twitter Trust System Collection ===
[2025-05-21 06:57:35] WARNING: Will collect tweets until reaching previous timestamp: 2025-05-12 06:54:05+00:00
[2025-05-21 06:57:35] WARNING: Retrieving page 1...
[2025-05-21 06:57:38] WARNING: Newest tweet is from: 2025-05-12 06:54:05+00:00
[2025-05-21 06:57:38] WARNING: Reached stop point at tweet from 2025-05-12 06:54:05+00:00
[2025-05-21 06:57:38] WARNING: Retrieved 0 new tweets on page 1
[2025-05-21 06:57:38] WARNING: Stopping pagination as we've reached the stop point
[2025-05-21 06:57:38] WARNING: Retrieved a total of 0 tweets across 1 pages
[2025-05-21 06:57:38] WARNING: No new tweets found with trust commands. Exiting without error.
[2025-05-21 06:57:38] WARNING: Collection complete!
[2025-05-21 06:57:38] WARNING: - 0 trust assignments processed
[2025-05-21 06:57:38] WARNING: - 2 users in trust network
[2025-05-21 06:57:38] WARNING: - 31 total trust relationships
[2025-05-21 07:07:35] WARNING: === Starting Twitter Trust System Collection ===
[2025-05-21 07:07:35] WARNING: Will collect tweets until reaching previous timestamp: 2025-05-12 06:54:05+00:00
[2025-05-21 07:07:35] WARNING: Retrieving page 1...
[2025-05-21 07:07:36] WARNING: Newest tweet is from: 2025-05-12 06:54:05+00:00
[2025-05-21 07:07:36] WARNING: Reached stop point at tweet from 2025-05-12 06:54:05+00:00
[2025-05-21 07:07:36] WARNING: Retrieved 0 new tweets on page 1
[2025-05-21 07:07:36] WARNING: Stopping pagination as we've reached the stop point
[2025-05-21 07:07:36] WARNING: Retrieved a total of 0 tweets across 1 pages
[2025-05-21 07:07:36] WARNING: No new tweets found with trust commands. Exiting without error.
[2025-05-21 07:07:36] WARNING: Collection complete!
[2025-05-21 07:07:36] WARNING: - 0 trust assignments processed
[2025-05-21 07:07:36] WARNING: - 2 users in trust network
[2025-05-21 07:07:36] WARNING: - 31 total trust relationships
[2025-05-21 07:17:35] WARNING: === Starting Twitter Trust System Collection ===
[2025-05-21 07:17:35] WARNING: Will collect tweets until reaching previous timestamp: 2025-05-12 06:54:05+00:00
[2025-05-21 07:17:35] WARNING: Retrieving page 1...
[2025-05-21 07:17:37] WARNING: Newest tweet is from: 2025-05-12 06:54:05+00:00
[2025-05-21 07:17:37] WARNING: Reached stop point at tweet from 2025-05-12 06:54:05+00:00
[2025-05-21 07:17:37] WARNING: Retrieved 0 new tweets on page 1
[2025-05-21 07:17:37] WARNING: Stopping pagination as we've reached the stop point
[2025-05-21 07:17:37] WARNING: Retrieved a total of 0 tweets across 1 pages
[2025-05-21 07:17:37] WARNING: No new tweets found with trust commands. Exiting without error.
[2025-05-21 07:17:37] WARNING: Collection complete!
[2025-05-21 07:17:37] WARNING: - 0 trust assignments processed
[2025-05-21 07:17:37] WARNING: - 2 users in trust network
[2025-05-21 07:17:37] WARNING: - 31 total trust relationships
[2025-05-21 07:27:35] WARNING: === Starting Twitter Trust System Collection ===
[2025-05-21 07:27:35] WARNING: Will collect tweets until reaching previous timestamp: 2025-05-12 06:54:05+00:00
[2025-05-21 07:27:35] WARNING: Retrieving page 1...
[2025-05-21 07:27:36] WARNING: Newest tweet is from: 2025-05-12 06:54:05+00:00
[2025-05-21 07:27:36] WARNING: Reached stop point at tweet from 2025-05-12 06:54:05+00:00
[2025-05-21 07:27:36] WARNING: Retrieved 0 new tweets on page 1
[2025-05-21 07:27:36] WARNING: Stopping pagination as we've reached the stop point
[2025-05-21 07:27:36] WARNING: Retrieved a total of 0 tweets across 1 pages
[2025-05-21 07:27:36] WARNING: No new tweets found with trust commands. Exiting without error.
[2025-05-21 07:27:36] WARNING: Collection complete!
[2025-05-21 07:27:36] WARNING: - 0 trust assignments processed
[2025-05-21 07:27:36] WARNING: - 2 users in trust network
[2025-05-21 07:27:36] WARNING: - 31 total trust relationships
[2025-05-21 07:37:35] WARNING: === Starting Twitter Trust System Collection ===
[2025-05-21 07:37:35] WARNING: Will collect tweets until reaching previous timestamp: 2025-05-12 06:54:05+00:00
[2025-05-21 07:37:35] WARNING: Retrieving page 1...
[2025-05-21 07:37:37] WARNING: Newest tweet is from: 2025-05-12 06:54:05+00:00
[2025-05-21 07:37:37] WARNING: Reached stop point at tweet from 2025-05-12 06:54:05+00:00
[2025-05-21 07:37:37] WARNING: Retrieved 0 new tweets on page 1
[2025-05-21 07:37:37] WARNING: Stopping pagination as we've reached the stop point
[2025-05-21 07:37:37] WARNING: Retrieved a total of 0 tweets across 1 pages
[2025-05-21 07:37:37] WARNING: No new tweets found with trust commands. Exiting without error.
[2025-05-21 07:37:37] WARNING: Collection complete!
[2025-05-21 07:37:37] WARNING: - 0 trust assignments processed
[2025-05-21 07:37:37] WARNING: - 2 users in trust network
[2025-05-21 07:37:37] WARNING: - 31 total trust relationships
[2025-05-21 07:47:35] WARNING: === Starting Twitter Trust System Collection ===
[2025-05-21 07:47:35] WARNING: Will collect tweets until reaching previous timestamp: 2025-05-12 06:54:05+00:00
[2025-05-21 07:47:35] WARNING: Retrieving page 1...
[2025-05-21 07:47:37] WARNING: Newest tweet is from: 2025-05-12 06:54:05+00:00
[2025-05-21 07:47:37] WARNING: Reached stop point at tweet from 2025-05-12 06:54:05+00:00
[2025-05-21 07:47:37] WARNING: Retrieved 0 new tweets on page 1
[2025-05-21 07:47:37] WARNING: Stopping pagination as we've reached the stop point
[2025-05-21 07:47:37] WARNING: Retrieved a total of 0 tweets across 1 pages
[2025-05-21 07:47:37] WARNING: No new tweets found with trust commands. Exiting without error.
[2025-05-21 07:47:37] WARNING: Collection complete!
[2025-05-21 07:47:37] WARNING: - 0 trust assignments processed
[2025-05-21 07:47:37] WARNING: - 2 users in trust network
[2025-05-21 07:47:37] WARNING: - 31 total trust relationships
[2025-05-21 07:57:40] WARNING: === Starting Twitter Trust System Collection ===
[2025-05-21 07:57:40] WARNING: Will collect tweets until reaching previous timestamp: 2025-05-12 06:54:05+00:00
[2025-05-21 07:57:40] WARNING: Retrieving page 1...
[2025-05-21 07:57:43] WARNING: Newest tweet is from: 2025-05-12 06:54:05+00:00
[2025-05-21 07:57:43] WARNING: Reached stop point at tweet from 2025-05-12 06:54:05+00:00
[2025-05-21 07:57:43] WARNING: Retrieved 0 new tweets on page 1
[2025-05-21 07:57:43] WARNING: Stopping pagination as we've reached the stop point
[2025-05-21 07:57:43] WARNING: Retrieved a total of 0 tweets across 1 pages
[2025-05-21 07:57:43] WARNING: No new tweets found with trust commands. Exiting without error.
[2025-05-21 07:57:43] WARNING: Collection complete!
[2025-05-21 07:57:43] WARNING: - 0 trust assignments processed
[2025-05-21 07:57:43] WARNING: - 2 users in trust network
[2025-05-21 07:57:43] WARNING: - 31 total trust relationships
[2025-05-21 08:07:36] WARNING: === Starting Twitter Trust System Collection ===
[2025-05-21 08:07:36] WARNING: Will collect tweets until reaching previous timestamp: 2025-05-12 06:54:05+00:00
[2025-05-21 08:07:36] WARNING: Retrieving page 1...
[2025-05-21 08:07:37] WARNING: Newest tweet is from: 2025-05-12 06:54:05+00:00
[2025-05-21 08:07:37] WARNING: Reached stop point at tweet from 2025-05-12 06:54:05+00:00
[2025-05-21 08:07:37] WARNING: Retrieved 0 new tweets on page 1
[2025-05-21 08:07:37] WARNING: Stopping pagination as we've reached the stop point
[2025-05-21 08:07:37] WARNING: Retrieved a total of 0 tweets across 1 pages
[2025-05-21 08:07:37] WARNING: No new tweets found with trust commands. Exiting without error.
[2025-05-21 08:07:37] WARNING: Collection complete!
[2025-05-21 08:07:37] WARNING: - 0 trust assignments processed
[2025-05-21 08:07:37] WARNING: - 2 users in trust network
[2025-05-21 08:07:37] WARNING: - 31 total trust relationships
[2025-05-21 08:17:35] WARNING: === Starting Twitter Trust System Collection ===
[2025-05-21 08:17:35] WARNING: Will collect tweets until reaching previous timestamp: 2025-05-12 06:54:05+00:00
[2025-05-21 08:17:35] WARNING: Retrieving page 1...
[2025-05-21 08:17:37] WARNING: Newest tweet is from: 2025-05-12 06:54:05+00:00
[2025-05-21 08:17:37] WARNING: Reached stop point at tweet from 2025-05-12 06:54:05+00:00
[2025-05-21 08:17:37] WARNING: Retrieved 0 new tweets on page 1
[2025-05-21 08:17:37] WARNING: Stopping pagination as we've reached the stop point
[2025-05-21 08:17:37] WARNING: Retrieved a total of 0 tweets across 1 pages
[2025-05-21 08:17:37] WARNING: No new tweets found with trust commands. Exiting without error.
[2025-05-21 08:17:37] WARNING: Collection complete!
[2025-05-21 08:17:37] WARNING: - 0 trust assignments processed
[2025-05-21 08:17:37] WARNING: - 2 users in trust network
[2025-05-21 08:17:37] WARNING: - 31 total trust relationships
[2025-05-21 08:27:40] WARNING: === Starting Twitter Trust System Collection ===
[2025-05-21 08:27:40] WARNING: Will collect tweets until reaching previous timestamp: 2025-05-12 06:54:05+00:00
[2025-05-21 08:27:40] WARNING: Retrieving page 1...
[2025-05-21 08:27:42] WARNING: Newest tweet is from: 2025-05-12 06:54:05+00:00
[2025-05-21 08:27:42] WARNING: Reached stop point at tweet from 2025-05-12 06:54:05+00:00
[2025-05-21 08:27:42] WARNING: Retrieved 0 new tweets on page 1
[2025-05-21 08:27:42] WARNING: Stopping pagination as we've reached the stop point
[2025-05-21 08:27:42] WARNING: Retrieved a total of 0 tweets across 1 pages
[2025-05-21 08:27:42] WARNING: No new tweets found with trust commands. Exiting without error.
[2025-05-21 08:27:42] WARNING: Collection complete!
[2025-05-21 08:27:42] WARNING: - 0 trust assignments processed
[2025-05-21 08:27:42] WARNING: - 2 users in trust network
[2025-05-21 08:27:42] WARNING: - 31 total trust relationships
[2025-05-21 08:37:38] WARNING: === Starting Twitter Trust System Collection ===
[2025-05-21 08:37:38] WARNING: Will collect tweets until reaching previous timestamp: 2025-05-12 06:54:05+00:00
[2025-05-21 08:37:38] WARNING: Retrieving page 1...
[2025-05-21 08:37:40] WARNING: Newest tweet is from: 2025-05-12 06:54:05+00:00
[2025-05-21 08:37:40] WARNING: Reached stop point at tweet from 2025-05-12 06:54:05+00:00
[2025-05-21 08:37:40] WARNING: Retrieved 0 new tweets on page 1
[2025-05-21 08:37:40] WARNING: Stopping pagination as we've reached the stop point
[2025-05-21 08:37:40] WARNING: Retrieved a total of 0 tweets across 1 pages
[2025-05-21 08:37:40] WARNING: No new tweets found with trust commands. Exiting without error.
[2025-05-21 08:37:40] WARNING: Collection complete!
[2025-05-21 08:37:40] WARNING: - 0 trust assignments processed
[2025-05-21 08:37:40] WARNING: - 2 users in trust network
[2025-05-21 08:37:40] WARNING: - 31 total trust relationships
[2025-05-21 08:47:36] WARNING: === Starting Twitter Trust System Collection ===
[2025-05-21 08:47:36] WARNING: Will collect tweets until reaching previous timestamp: 2025-05-12 06:54:05+00:00
[2025-05-21 08:47:36] WARNING: Retrieving page 1...
[2025-05-21 08:47:37] WARNING: Newest tweet is from: 2025-05-12 06:54:05+00:00
[2025-05-21 08:47:37] WARNING: Reached stop point at tweet from 2025-05-12 06:54:05+00:00
[2025-05-21 08:47:37] WARNING: Retrieved 0 new tweets on page 1
[2025-05-21 08:47:37] WARNING: Stopping pagination as we've reached the stop point
[2025-05-21 08:47:37] WARNING: Retrieved a total of 0 tweets across 1 pages
[2025-05-21 08:47:37] WARNING: No new tweets found with trust commands. Exiting without error.
[2025-05-21 08:47:37] WARNING: Collection complete!
[2025-05-21 08:47:37] WARNING: - 0 trust assignments processed
[2025-05-21 08:47:37] WARNING: - 2 users in trust network
[2025-05-21 08:47:37] WARNING: - 31 total trust relationships
[2025-05-21 08:57:33] WARNING: === Starting Twitter Trust System Collection ===
[2025-05-21 08:57:33] WARNING: Will collect tweets until reaching previous timestamp: 2025-05-12 06:54:05+00:00
[2025-05-21 08:57:33] WARNING: Retrieving page 1...
[2025-05-21 08:57:35] WARNING: Newest tweet is from: 2025-05-12 06:54:05+00:00
[2025-05-21 08:57:35] WARNING: Reached stop point at tweet from 2025-05-12 06:54:05+00:00
[2025-05-21 08:57:35] WARNING: Retrieved 0 new tweets on page 1
[2025-05-21 08:57:35] WARNING: Stopping pagination as we've reached the stop point
[2025-05-21 08:57:35] WARNING: Retrieved a total of 0 tweets across 1 pages
[2025-05-21 08:57:35] WARNING: No new tweets found with trust commands. Exiting without error.
[2025-05-21 08:57:35] WARNING: Collection complete!
[2025-05-21 08:57:35] WARNING: - 0 trust assignments processed
[2025-05-21 08:57:35] WARNING: - 2 users in trust network
[2025-05-21 08:57:35] WARNING: - 31 total trust relationships
[2025-05-21 09:07:35] WARNING: === Starting Twitter Trust System Collection ===
[2025-05-21 09:07:35] WARNING: Will collect tweets until reaching previous timestamp: 2025-05-12 06:54:05+00:00
[2025-05-21 09:07:35] WARNING: Retrieving page 1...
[2025-05-21 09:07:37] WARNING: Newest tweet is from: 2025-05-12 06:54:05+00:00
[2025-05-21 09:07:37] WARNING: Reached stop point at tweet from 2025-05-12 06:54:05+00:00
[2025-05-21 09:07:37] WARNING: Retrieved 0 new tweets on page 1
[2025-05-21 09:07:37] WARNING: Stopping pagination as we've reached the stop point
[2025-05-21 09:07:37] WARNING: Retrieved a total of 0 tweets across 1 pages
[2025-05-21 09:07:37] WARNING: No new tweets found with trust commands. Exiting without error.
[2025-05-21 09:07:37] WARNING: Collection complete!
[2025-05-21 09:07:37] WARNING: - 0 trust assignments processed
[2025-05-21 09:07:37] WARNING: - 2 users in trust network
[2025-05-21 09:07:37] WARNING: - 31 total trust relationships
[2025-05-21 09:17:40] WARNING: === Starting Twitter Trust System Collection ===
[2025-05-21 09:17:40] WARNING: Will collect tweets until reaching previous timestamp: 2025-05-12 06:54:05+00:00
[2025-05-21 09:17:40] WARNING: Retrieving page 1...
[2025-05-21 09:17:42] WARNING: Newest tweet is from: 2025-05-12 06:54:05+00:00
[2025-05-21 09:17:42] WARNING: Reached stop point at tweet from 2025-05-12 06:54:05+00:00
[2025-05-21 09:17:42] WARNING: Retrieved 0 new tweets on page 1
[2025-05-21 09:17:42] WARNING: Stopping pagination as we've reached the stop point
[2025-05-21 09:17:42] WARNING: Retrieved a total of 0 tweets across 1 pages
[2025-05-21 09:17:42] WARNING: No new tweets found with trust commands. Exiting without error.
[2025-05-21 09:17:42] WARNING: Collection complete!
[2025-05-21 09:17:42] WARNING: - 0 trust assignments processed
[2025-05-21 09:17:42] WARNING: - 2 users in trust network
[2025-05-21 09:17:42] WARNING: - 31 total trust relationships
[2025-05-21 09:27:36] WARNING: === Starting Twitter Trust System Collection ===
[2025-05-21 09:27:36] WARNING: Will collect tweets until reaching previous timestamp: 2025-05-12 06:54:05+00:00
[2025-05-21 09:27:36] WARNING: Retrieving page 1...
[2025-05-21 09:27:37] WARNING: Newest tweet is from: 2025-05-12 06:54:05+00:00
[2025-05-21 09:27:37] WARNING: Reached stop point at tweet from 2025-05-12 06:54:05+00:00
[2025-05-21 09:27:37] WARNING: Retrieved 0 new tweets on page 1
[2025-05-21 09:27:37] WARNING: Stopping pagination as we've reached the stop point
[2025-05-21 09:27:37] WARNING: Retrieved a total of 0 tweets across 1 pages
[2025-05-21 09:27:37] WARNING: No new tweets found with trust commands. Exiting without error.
[2025-05-21 09:27:37] WARNING: Collection complete!
[2025-05-21 09:27:37] WARNING: - 0 trust assignments processed
[2025-05-21 09:27:37] WARNING: - 2 users in trust network
[2025-05-21 09:27:37] WARNING: - 31 total trust relationships
[2025-05-21 09:37:36] WARNING: === Starting Twitter Trust System Collection ===
[2025-05-21 09:37:36] WARNING: Will collect tweets until reaching previous timestamp: 2025-05-12 06:54:05+00:00
[2025-05-21 09:37:36] WARNING: Retrieving page 1...
[2025-05-21 09:37:39] WARNING: Newest tweet is from: 2025-05-12 06:54:05+00:00
[2025-05-21 09:37:39] WARNING: Reached stop point at tweet from 2025-05-12 06:54:05+00:00
[2025-05-21 09:37:39] WARNING: Retrieved 0 new tweets on page 1
[2025-05-21 09:37:39] WARNING: Stopping pagination as we've reached the stop point
[2025-05-21 09:37:39] WARNING: Retrieved a total of 0 tweets across 1 pages
[2025-05-21 09:37:39] WARNING: No new tweets found with trust commands. Exiting without error.
[2025-05-21 09:37:39] WARNING: Collection complete!
[2025-05-21 09:37:39] WARNING: - 0 trust assignments processed
[2025-05-21 09:37:39] WARNING: - 2 users in trust network
[2025-05-21 09:37:39] WARNING: - 31 total trust relationships
[2025-05-21 09:47:36] WARNING: === Starting Twitter Trust System Collection ===
[2025-05-21 09:47:36] WARNING: Will collect tweets until reaching previous timestamp: 2025-05-12 06:54:05+00:00
[2025-05-21 09:47:36] WARNING: Retrieving page 1...
[2025-05-21 09:47:38] WARNING: Newest tweet is from: 2025-05-12 06:54:05+00:00
[2025-05-21 09:47:38] WARNING: Reached stop point at tweet from 2025-05-12 06:54:05+00:00
[2025-05-21 09:47:38] WARNING: Retrieved 0 new tweets on page 1
[2025-05-21 09:47:38] WARNING: Stopping pagination as we've reached the stop point
[2025-05-21 09:47:38] WARNING: Retrieved a total of 0 tweets across 1 pages
[2025-05-21 09:47:38] WARNING: No new tweets found with trust commands. Exiting without error.
[2025-05-21 09:47:38] WARNING: Collection complete!
[2025-05-21 09:47:38] WARNING: - 0 trust assignments processed
[2025-05-21 09:47:38] WARNING: - 2 users in trust network
[2025-05-21 09:47:38] WARNING: - 31 total trust relationships
[2025-05-21 09:57:36] WARNING: === Starting Twitter Trust System Collection ===
[2025-05-21 09:57:36] WARNING: Will collect tweets until reaching previous timestamp: 2025-05-12 06:54:05+00:00
[2025-05-21 09:57:36] WARNING: Retrieving page 1...
[2025-05-21 09:57:38] WARNING: Newest tweet is from: 2025-05-12 06:54:05+00:00
[2025-05-21 09:57:38] WARNING: Reached stop point at tweet from 2025-05-12 06:54:05+00:00
[2025-05-21 09:57:38] WARNING: Retrieved 0 new tweets on page 1
[2025-05-21 09:57:38] WARNING: Stopping pagination as we've reached the stop point
[2025-05-21 09:57:38] WARNING: Retrieved a total of 0 tweets across 1 pages
[2025-05-21 09:57:38] WARNING: No new tweets found with trust commands. Exiting without error.
[2025-05-21 09:57:38] WARNING: Collection complete!
[2025-05-21 09:57:38] WARNING: - 0 trust assignments processed
[2025-05-21 09:57:38] WARNING: - 2 users in trust network
[2025-05-21 09:57:38] WARNING: - 31 total trust relationships
[2025-05-21 10:07:35] WARNING: === Starting Twitter Trust System Collection ===
[2025-05-21 10:07:35] WARNING: Will collect tweets until reaching previous timestamp: 2025-05-12 06:54:05+00:00
[2025-05-21 10:07:35] WARNING: Retrieving page 1...
[2025-05-21 10:07:41] WARNING: Newest tweet is from: 2025-05-12 06:54:05+00:00
[2025-05-21 10:07:41] WARNING: Reached stop point at tweet from 2025-05-12 06:54:05+00:00
[2025-05-21 10:07:41] WARNING: Retrieved 0 new tweets on page 1
[2025-05-21 10:07:41] WARNING: Stopping pagination as we've reached the stop point
[2025-05-21 10:07:41] WARNING: Retrieved a total of 0 tweets across 1 pages
[2025-05-21 10:07:41] WARNING: No new tweets found with trust commands. Exiting without error.
[2025-05-21 10:07:41] WARNING: Collection complete!
[2025-05-21 10:07:41] WARNING: - 0 trust assignments processed
[2025-05-21 10:07:41] WARNING: - 2 users in trust network
[2025-05-21 10:07:41] WARNING: - 31 total trust relationships
