[2025-05-26 09:27:45] WARNING: Stopping pagination as we've reached the stop point
[2025-05-26 09:27:45] WARNING: Retrieved a total of 0 tweets across 1 pages
[2025-05-26 09:27:45] WARNING: No new tweets found with trust commands. Exiting without error.
[2025-05-26 09:27:45] WARNING: Collection complete!
[2025-05-26 09:27:45] WARNING: - 0 trust assignments processed
[2025-05-26 09:27:45] WARNING: - 2 users in trust network
[2025-05-26 09:27:45] WARNING: - 31 total trust relationships
[2025-05-26 09:37:33] WARNING: === Starting Twitter Trust System Collection ===
[2025-05-26 09:37:33] WARNING: Will collect tweets until reaching previous timestamp: 2025-05-12 06:54:05+00:00
[2025-05-26 09:37:33] WARNING: Retrieving page 1...
[2025-05-26 09:37:52] WARNING: Newest tweet is from: 2025-05-12 06:54:05+00:00
[2025-05-26 09:37:52] WARNING: Reached stop point at tweet from 2025-05-12 06:54:05+00:00
[2025-05-26 09:37:52] WARNING: Retrieved 0 new tweets on page 1
[2025-05-26 09:37:52] WARNING: Stopping pagination as we've reached the stop point
[2025-05-26 09:37:52] WARNING: Retrieved a total of 0 tweets across 1 pages
[2025-05-26 09:37:52] WARNING: No new tweets found with trust commands. Exiting without error.
[2025-05-26 09:37:52] WARNING: Collection complete!
[2025-05-26 09:37:52] WARNING: - 0 trust assignments processed
[2025-05-26 09:37:52] WARNING: - 2 users in trust network
[2025-05-26 09:37:52] WARNING: - 31 total trust relationships
[2025-05-26 09:47:34] WARNING: === Starting Twitter Trust System Collection ===
[2025-05-26 09:47:34] WARNING: Will collect tweets until reaching previous timestamp: 2025-05-12 06:54:05+00:00
[2025-05-26 09:47:34] WARNING: Retrieving page 1...
[2025-05-26 09:47:36] WARNING: Newest tweet is from: 2025-05-12 06:54:05+00:00
[2025-05-26 09:47:36] WARNING: Reached stop point at tweet from 2025-05-12 06:54:05+00:00
[2025-05-26 09:47:36] WARNING: Retrieved 0 new tweets on page 1
[2025-05-26 09:47:36] WARNING: Stopping pagination as we've reached the stop point
[2025-05-26 09:47:36] WARNING: Retrieved a total of 0 tweets across 1 pages
[2025-05-26 09:47:36] WARNING: No new tweets found with trust commands. Exiting without error.
[2025-05-26 09:47:36] WARNING: Collection complete!
[2025-05-26 09:47:36] WARNING: - 0 trust assignments processed
[2025-05-26 09:47:36] WARNING: - 2 users in trust network
[2025-05-26 09:47:36] WARNING: - 31 total trust relationships
[2025-05-26 09:57:33] WARNING: === Starting Twitter Trust System Collection ===
[2025-05-26 09:57:33] WARNING: Will collect tweets until reaching previous timestamp: 2025-05-12 06:54:05+00:00
[2025-05-26 09:57:33] WARNING: Retrieving page 1...
[2025-05-26 09:57:35] WARNING: Newest tweet is from: 2025-05-12 06:54:05+00:00
[2025-05-26 09:57:35] WARNING: Reached stop point at tweet from 2025-05-12 06:54:05+00:00
[2025-05-26 09:57:35] WARNING: Retrieved 0 new tweets on page 1
[2025-05-26 09:57:35] WARNING: Stopping pagination as we've reached the stop point
[2025-05-26 09:57:35] WARNING: Retrieved a total of 0 tweets across 1 pages
[2025-05-26 09:57:35] WARNING: No new tweets found with trust commands. Exiting without error.
[2025-05-26 09:57:35] WARNING: Collection complete!
[2025-05-26 09:57:35] WARNING: - 0 trust assignments processed
[2025-05-26 09:57:35] WARNING: - 2 users in trust network
[2025-05-26 09:57:35] WARNING: - 31 total trust relationships
[2025-05-26 10:07:33] WARNING: === Starting Twitter Trust System Collection ===
[2025-05-26 10:07:33] WARNING: Will collect tweets until reaching previous timestamp: 2025-05-12 06:54:05+00:00
[2025-05-26 10:07:33] WARNING: Retrieving page 1...
[2025-05-26 10:07:35] WARNING: Newest tweet is from: 2025-05-12 06:54:05+00:00
[2025-05-26 10:07:35] WARNING: Reached stop point at tweet from 2025-05-12 06:54:05+00:00
[2025-05-26 10:07:35] WARNING: Retrieved 0 new tweets on page 1
[2025-05-26 10:07:35] WARNING: Stopping pagination as we've reached the stop point
[2025-05-26 10:07:35] WARNING: Retrieved a total of 0 tweets across 1 pages
[2025-05-26 10:07:35] WARNING: No new tweets found with trust commands. Exiting without error.
[2025-05-26 10:07:35] WARNING: Collection complete!
[2025-05-26 10:07:35] WARNING: - 0 trust assignments processed
[2025-05-26 10:07:35] WARNING: - 2 users in trust network
[2025-05-26 10:07:35] WARNING: - 31 total trust relationships
[2025-05-26 10:17:33] WARNING: === Starting Twitter Trust System Collection ===
[2025-05-26 10:17:33] WARNING: Will collect tweets until reaching previous timestamp: 2025-05-12 06:54:05+00:00
[2025-05-26 10:17:33] WARNING: Retrieving page 1...
[2025-05-26 10:17:35] WARNING: Newest tweet is from: 2025-05-12 06:54:05+00:00
[2025-05-26 10:17:35] WARNING: Reached stop point at tweet from 2025-05-12 06:54:05+00:00
[2025-05-26 10:17:35] WARNING: Retrieved 0 new tweets on page 1
[2025-05-26 10:17:35] WARNING: Stopping pagination as we've reached the stop point
[2025-05-26 10:17:35] WARNING: Retrieved a total of 0 tweets across 1 pages
[2025-05-26 10:17:35] WARNING: No new tweets found with trust commands. Exiting without error.
[2025-05-26 10:17:35] WARNING: Collection complete!
[2025-05-26 10:17:35] WARNING: - 0 trust assignments processed
[2025-05-26 10:17:35] WARNING: - 2 users in trust network
[2025-05-26 10:17:35] WARNING: - 31 total trust relationships
[2025-05-26 10:27:33] WARNING: === Starting Twitter Trust System Collection ===
[2025-05-26 10:27:33] WARNING: Will collect tweets until reaching previous timestamp: 2025-05-12 06:54:05+00:00
[2025-05-26 10:27:33] WARNING: Retrieving page 1...
[2025-05-26 10:27:36] WARNING: Newest tweet is from: 2025-05-12 06:54:05+00:00
[2025-05-26 10:27:36] WARNING: Reached stop point at tweet from 2025-05-12 06:54:05+00:00
[2025-05-26 10:27:36] WARNING: Retrieved 0 new tweets on page 1
[2025-05-26 10:27:36] WARNING: Stopping pagination as we've reached the stop point
[2025-05-26 10:27:36] WARNING: Retrieved a total of 0 tweets across 1 pages
[2025-05-26 10:27:36] WARNING: No new tweets found with trust commands. Exiting without error.
[2025-05-26 10:27:36] WARNING: Collection complete!
[2025-05-26 10:27:36] WARNING: - 0 trust assignments processed
[2025-05-26 10:27:36] WARNING: - 2 users in trust network
[2025-05-26 10:27:36] WARNING: - 31 total trust relationships
[2025-05-26 10:37:34] WARNING: === Starting Twitter Trust System Collection ===
[2025-05-26 10:37:34] WARNING: Will collect tweets until reaching previous timestamp: 2025-05-12 06:54:05+00:00
[2025-05-26 10:37:34] WARNING: Retrieving page 1...
[2025-05-26 10:37:35] WARNING: Newest tweet is from: 2025-05-12 06:54:05+00:00
[2025-05-26 10:37:35] WARNING: Reached stop point at tweet from 2025-05-12 06:54:05+00:00
[2025-05-26 10:37:35] WARNING: Retrieved 0 new tweets on page 1
[2025-05-26 10:37:35] WARNING: Stopping pagination as we've reached the stop point
[2025-05-26 10:37:35] WARNING: Retrieved a total of 0 tweets across 1 pages
[2025-05-26 10:37:35] WARNING: No new tweets found with trust commands. Exiting without error.
[2025-05-26 10:37:35] WARNING: Collection complete!
[2025-05-26 10:37:35] WARNING: - 0 trust assignments processed
[2025-05-26 10:37:35] WARNING: - 2 users in trust network
[2025-05-26 10:37:35] WARNING: - 31 total trust relationships
[2025-05-26 10:47:33] WARNING: === Starting Twitter Trust System Collection ===
[2025-05-26 10:47:33] WARNING: Will collect tweets until reaching previous timestamp: 2025-05-12 06:54:05+00:00
[2025-05-26 10:47:33] WARNING: Retrieving page 1...
[2025-05-26 10:47:35] WARNING: Newest tweet is from: 2025-05-12 06:54:05+00:00
[2025-05-26 10:47:35] WARNING: Reached stop point at tweet from 2025-05-12 06:54:05+00:00
[2025-05-26 10:47:35] WARNING: Retrieved 0 new tweets on page 1
[2025-05-26 10:47:35] WARNING: Stopping pagination as we've reached the stop point
[2025-05-26 10:47:35] WARNING: Retrieved a total of 0 tweets across 1 pages
[2025-05-26 10:47:35] WARNING: No new tweets found with trust commands. Exiting without error.
[2025-05-26 10:47:35] WARNING: Collection complete!
[2025-05-26 10:47:35] WARNING: - 0 trust assignments processed
[2025-05-26 10:47:35] WARNING: - 2 users in trust network
[2025-05-26 10:47:35] WARNING: - 31 total trust relationships
[2025-05-26 10:57:34] WARNING: === Starting Twitter Trust System Collection ===
[2025-05-26 10:57:34] WARNING: Will collect tweets until reaching previous timestamp: 2025-05-12 06:54:05+00:00
[2025-05-26 10:57:34] WARNING: Retrieving page 1...
[2025-05-26 10:57:36] WARNING: Newest tweet is from: 2025-05-12 06:54:05+00:00
[2025-05-26 10:57:36] WARNING: Reached stop point at tweet from 2025-05-12 06:54:05+00:00
[2025-05-26 10:57:36] WARNING: Retrieved 0 new tweets on page 1
[2025-05-26 10:57:36] WARNING: Stopping pagination as we've reached the stop point
[2025-05-26 10:57:36] WARNING: Retrieved a total of 0 tweets across 1 pages
[2025-05-26 10:57:36] WARNING: No new tweets found with trust commands. Exiting without error.
[2025-05-26 10:57:36] WARNING: Collection complete!
[2025-05-26 10:57:36] WARNING: - 0 trust assignments processed
[2025-05-26 10:57:36] WARNING: - 2 users in trust network
[2025-05-26 10:57:36] WARNING: - 31 total trust relationships
[2025-05-26 11:07:33] WARNING: === Starting Twitter Trust System Collection ===
[2025-05-26 11:07:33] WARNING: Will collect tweets until reaching previous timestamp: 2025-05-12 06:54:05+00:00
[2025-05-26 11:07:33] WARNING: Retrieving page 1...
[2025-05-26 11:07:35] WARNING: Newest tweet is from: 2025-05-12 06:54:05+00:00
[2025-05-26 11:07:35] WARNING: Reached stop point at tweet from 2025-05-12 06:54:05+00:00
[2025-05-26 11:07:36] WARNING: Retrieved 0 new tweets on page 1
[2025-05-26 11:07:36] WARNING: Stopping pagination as we've reached the stop point
[2025-05-26 11:07:36] WARNING: Retrieved a total of 0 tweets across 1 pages
[2025-05-26 11:07:36] WARNING: No new tweets found with trust commands. Exiting without error.
[2025-05-26 11:07:36] WARNING: Collection complete!
[2025-05-26 11:07:36] WARNING: - 0 trust assignments processed
[2025-05-26 11:07:36] WARNING: - 2 users in trust network
[2025-05-26 11:07:36] WARNING: - 31 total trust relationships
[2025-05-26 11:17:33] WARNING: === Starting Twitter Trust System Collection ===
[2025-05-26 11:17:33] WARNING: Will collect tweets until reaching previous timestamp: 2025-05-12 06:54:05+00:00
[2025-05-26 11:17:33] WARNING: Retrieving page 1...
[2025-05-26 11:17:35] WARNING: Newest tweet is from: 2025-05-12 06:54:05+00:00
[2025-05-26 11:17:35] WARNING: Reached stop point at tweet from 2025-05-12 06:54:05+00:00
[2025-05-26 11:17:35] WARNING: Retrieved 0 new tweets on page 1
[2025-05-26 11:17:35] WARNING: Stopping pagination as we've reached the stop point
[2025-05-26 11:17:35] WARNING: Retrieved a total of 0 tweets across 1 pages
[2025-05-26 11:17:35] WARNING: No new tweets found with trust commands. Exiting without error.
[2025-05-26 11:17:35] WARNING: Collection complete!
[2025-05-26 11:17:35] WARNING: - 0 trust assignments processed
[2025-05-26 11:17:35] WARNING: - 2 users in trust network
[2025-05-26 11:17:35] WARNING: - 31 total trust relationships
[2025-05-26 11:27:33] WARNING: === Starting Twitter Trust System Collection ===
[2025-05-26 11:27:33] WARNING: Will collect tweets until reaching previous timestamp: 2025-05-12 06:54:05+00:00
[2025-05-26 11:27:33] WARNING: Retrieving page 1...
[2025-05-26 11:27:36] WARNING: Newest tweet is from: 2025-05-12 06:54:05+00:00
[2025-05-26 11:27:36] WARNING: Reached stop point at tweet from 2025-05-12 06:54:05+00:00
[2025-05-26 11:27:36] WARNING: Retrieved 0 new tweets on page 1
[2025-05-26 11:27:36] WARNING: Stopping pagination as we've reached the stop point
[2025-05-26 11:27:36] WARNING: Retrieved a total of 0 tweets across 1 pages
[2025-05-26 11:27:36] WARNING: No new tweets found with trust commands. Exiting without error.
[2025-05-26 11:27:36] WARNING: Collection complete!
[2025-05-26 11:27:36] WARNING: - 0 trust assignments processed
[2025-05-26 11:27:36] WARNING: - 2 users in trust network
[2025-05-26 11:27:36] WARNING: - 31 total trust relationships
[2025-05-26 11:37:33] WARNING: === Starting Twitter Trust System Collection ===
[2025-05-26 11:37:33] WARNING: Will collect tweets until reaching previous timestamp: 2025-05-12 06:54:05+00:00
[2025-05-26 11:37:33] WARNING: Retrieving page 1...
[2025-05-26 11:37:35] WARNING: Newest tweet is from: 2025-05-12 06:54:05+00:00
[2025-05-26 11:37:35] WARNING: Reached stop point at tweet from 2025-05-12 06:54:05+00:00
[2025-05-26 11:37:35] WARNING: Retrieved 0 new tweets on page 1
[2025-05-26 11:37:35] WARNING: Stopping pagination as we've reached the stop point
[2025-05-26 11:37:35] WARNING: Retrieved a total of 0 tweets across 1 pages
[2025-05-26 11:37:35] WARNING: No new tweets found with trust commands. Exiting without error.
[2025-05-26 11:37:35] WARNING: Collection complete!
[2025-05-26 11:37:35] WARNING: - 0 trust assignments processed
[2025-05-26 11:37:35] WARNING: - 2 users in trust network
[2025-05-26 11:37:35] WARNING: - 31 total trust relationships
[2025-05-26 11:47:33] WARNING: === Starting Twitter Trust System Collection ===
[2025-05-26 11:47:33] WARNING: Will collect tweets until reaching previous timestamp: 2025-05-12 06:54:05+00:00
[2025-05-26 11:47:33] WARNING: Retrieving page 1...
[2025-05-26 11:47:35] WARNING: Newest tweet is from: 2025-05-12 06:54:05+00:00
[2025-05-26 11:47:35] WARNING: Reached stop point at tweet from 2025-05-12 06:54:05+00:00
[2025-05-26 11:47:35] WARNING: Retrieved 0 new tweets on page 1
[2025-05-26 11:47:35] WARNING: Stopping pagination as we've reached the stop point
[2025-05-26 11:47:35] WARNING: Retrieved a total of 0 tweets across 1 pages
[2025-05-26 11:47:35] WARNING: No new tweets found with trust commands. Exiting without error.
[2025-05-26 11:47:35] WARNING: Collection complete!
[2025-05-26 11:47:35] WARNING: - 0 trust assignments processed
[2025-05-26 11:47:35] WARNING: - 2 users in trust network
[2025-05-26 11:47:35] WARNING: - 31 total trust relationships
[2025-05-26 11:57:33] WARNING: === Starting Twitter Trust System Collection ===
[2025-05-26 11:57:33] WARNING: Will collect tweets until reaching previous timestamp: 2025-05-12 06:54:05+00:00
[2025-05-26 11:57:33] WARNING: Retrieving page 1...
[2025-05-26 11:57:35] WARNING: Newest tweet is from: 2025-05-12 06:54:05+00:00
[2025-05-26 11:57:35] WARNING: Reached stop point at tweet from 2025-05-12 06:54:05+00:00
[2025-05-26 11:57:35] WARNING: Retrieved 0 new tweets on page 1
[2025-05-26 11:57:35] WARNING: Stopping pagination as we've reached the stop point
[2025-05-26 11:57:35] WARNING: Retrieved a total of 0 tweets across 1 pages
[2025-05-26 11:57:35] WARNING: No new tweets found with trust commands. Exiting without error.
[2025-05-26 11:57:35] WARNING: Collection complete!
[2025-05-26 11:57:35] WARNING: - 0 trust assignments processed
[2025-05-26 11:57:35] WARNING: - 2 users in trust network
[2025-05-26 11:57:35] WARNING: - 31 total trust relationships
[2025-05-26 12:07:33] WARNING: === Starting Twitter Trust System Collection ===
[2025-05-26 12:07:33] WARNING: Will collect tweets until reaching previous timestamp: 2025-05-12 06:54:05+00:00
[2025-05-26 12:07:33] WARNING: Retrieving page 1...
[2025-05-26 12:07:36] WARNING: Newest tweet is from: 2025-05-12 06:54:05+00:00
[2025-05-26 12:07:36] WARNING: Reached stop point at tweet from 2025-05-12 06:54:05+00:00
[2025-05-26 12:07:36] WARNING: Retrieved 0 new tweets on page 1
[2025-05-26 12:07:36] WARNING: Stopping pagination as we've reached the stop point
[2025-05-26 12:07:36] WARNING: Retrieved a total of 0 tweets across 1 pages
[2025-05-26 12:07:36] WARNING: No new tweets found with trust commands. Exiting without error.
[2025-05-26 12:07:36] WARNING: Collection complete!
[2025-05-26 12:07:36] WARNING: - 0 trust assignments processed
[2025-05-26 12:07:36] WARNING: - 2 users in trust network
[2025-05-26 12:07:36] WARNING: - 31 total trust relationships
[2025-05-26 12:17:33] WARNING: === Starting Twitter Trust System Collection ===
[2025-05-26 12:17:33] WARNING: Will collect tweets until reaching previous timestamp: 2025-05-12 06:54:05+00:00
[2025-05-26 12:17:33] WARNING: Retrieving page 1...
[2025-05-26 12:17:35] WARNING: Newest tweet is from: 2025-05-12 06:54:05+00:00
[2025-05-26 12:17:35] WARNING: Reached stop point at tweet from 2025-05-12 06:54:05+00:00
[2025-05-26 12:17:35] WARNING: Retrieved 0 new tweets on page 1
[2025-05-26 12:17:35] WARNING: Stopping pagination as we've reached the stop point
[2025-05-26 12:17:35] WARNING: Retrieved a total of 0 tweets across 1 pages
[2025-05-26 12:17:35] WARNING: No new tweets found with trust commands. Exiting without error.
[2025-05-26 12:17:35] WARNING: Collection complete!
[2025-05-26 12:17:35] WARNING: - 0 trust assignments processed
[2025-05-26 12:17:35] WARNING: - 2 users in trust network
[2025-05-26 12:17:35] WARNING: - 31 total trust relationships
[2025-05-26 12:27:33] WARNING: === Starting Twitter Trust System Collection ===
[2025-05-26 12:27:33] WARNING: Will collect tweets until reaching previous timestamp: 2025-05-12 06:54:05+00:00
[2025-05-26 12:27:33] WARNING: Retrieving page 1...
[2025-05-26 12:27:35] WARNING: Newest tweet is from: 2025-05-12 06:54:05+00:00
[2025-05-26 12:27:35] WARNING: Reached stop point at tweet from 2025-05-12 06:54:05+00:00
[2025-05-26 12:27:35] WARNING: Retrieved 0 new tweets on page 1
[2025-05-26 12:27:35] WARNING: Stopping pagination as we've reached the stop point
[2025-05-26 12:27:35] WARNING: Retrieved a total of 0 tweets across 1 pages
[2025-05-26 12:27:35] WARNING: No new tweets found with trust commands. Exiting without error.
[2025-05-26 12:27:35] WARNING: Collection complete!
[2025-05-26 12:27:35] WARNING: - 0 trust assignments processed
[2025-05-26 12:27:35] WARNING: - 2 users in trust network
[2025-05-26 12:27:35] WARNING: - 31 total trust relationships
[2025-05-26 12:37:34] WARNING: === Starting Twitter Trust System Collection ===
[2025-05-26 12:37:34] WARNING: Will collect tweets until reaching previous timestamp: 2025-05-12 06:54:05+00:00
[2025-05-26 12:37:34] WARNING: Retrieving page 1...
[2025-05-26 12:37:35] WARNING: Newest tweet is from: 2025-05-12 06:54:05+00:00
[2025-05-26 12:37:35] WARNING: Reached stop point at tweet from 2025-05-12 06:54:05+00:00
[2025-05-26 12:37:35] WARNING: Retrieved 0 new tweets on page 1
[2025-05-26 12:37:35] WARNING: Stopping pagination as we've reached the stop point
[2025-05-26 12:37:35] WARNING: Retrieved a total of 0 tweets across 1 pages
[2025-05-26 12:37:35] WARNING: No new tweets found with trust commands. Exiting without error.
[2025-05-26 12:37:35] WARNING: Collection complete!
[2025-05-26 12:37:35] WARNING: - 0 trust assignments processed
[2025-05-26 12:37:35] WARNING: - 2 users in trust network
[2025-05-26 12:37:35] WARNING: - 31 total trust relationships
[2025-05-26 12:47:33] WARNING: === Starting Twitter Trust System Collection ===
[2025-05-26 12:47:33] WARNING: Will collect tweets until reaching previous timestamp: 2025-05-12 06:54:05+00:00
[2025-05-26 12:47:33] WARNING: Retrieving page 1...
[2025-05-26 12:47:35] WARNING: Newest tweet is from: 2025-05-12 06:54:05+00:00
[2025-05-26 12:47:35] WARNING: Reached stop point at tweet from 2025-05-12 06:54:05+00:00
[2025-05-26 12:47:35] WARNING: Retrieved 0 new tweets on page 1
[2025-05-26 12:47:35] WARNING: Stopping pagination as we've reached the stop point
[2025-05-26 12:47:35] WARNING: Retrieved a total of 0 tweets across 1 pages
[2025-05-26 12:47:35] WARNING: No new tweets found with trust commands. Exiting without error.
[2025-05-26 12:47:35] WARNING: Collection complete!
[2025-05-26 12:47:35] WARNING: - 0 trust assignments processed
[2025-05-26 12:47:35] WARNING: - 2 users in trust network
[2025-05-26 12:47:35] WARNING: - 31 total trust relationships
[2025-05-26 12:57:33] WARNING: === Starting Twitter Trust System Collection ===
[2025-05-26 12:57:33] WARNING: Will collect tweets until reaching previous timestamp: 2025-05-12 06:54:05+00:00
[2025-05-26 12:57:33] WARNING: Retrieving page 1...
[2025-05-26 12:57:35] WARNING: Newest tweet is from: 2025-05-12 06:54:05+00:00
[2025-05-26 12:57:35] WARNING: Reached stop point at tweet from 2025-05-12 06:54:05+00:00
[2025-05-26 12:57:35] WARNING: Retrieved 0 new tweets on page 1
[2025-05-26 12:57:35] WARNING: Stopping pagination as we've reached the stop point
[2025-05-26 12:57:35] WARNING: Retrieved a total of 0 tweets across 1 pages
[2025-05-26 12:57:35] WARNING: No new tweets found with trust commands. Exiting without error.
[2025-05-26 12:57:35] WARNING: Collection complete!
[2025-05-26 12:57:35] WARNING: - 0 trust assignments processed
[2025-05-26 12:57:35] WARNING: - 2 users in trust network
[2025-05-26 12:57:35] WARNING: - 31 total trust relationships
[2025-05-26 13:07:33] WARNING: === Starting Twitter Trust System Collection ===
[2025-05-26 13:07:33] WARNING: Will collect tweets until reaching previous timestamp: 2025-05-12 06:54:05+00:00
[2025-05-26 13:07:33] WARNING: Retrieving page 1...
[2025-05-26 13:07:35] WARNING: Newest tweet is from: 2025-05-12 06:54:05+00:00
[2025-05-26 13:07:35] WARNING: Reached stop point at tweet from 2025-05-12 06:54:05+00:00
[2025-05-26 13:07:35] WARNING: Retrieved 0 new tweets on page 1
[2025-05-26 13:07:35] WARNING: Stopping pagination as we've reached the stop point
[2025-05-26 13:07:35] WARNING: Retrieved a total of 0 tweets across 1 pages
[2025-05-26 13:07:35] WARNING: No new tweets found with trust commands. Exiting without error.
[2025-05-26 13:07:35] WARNING: Collection complete!
[2025-05-26 13:07:35] WARNING: - 0 trust assignments processed
[2025-05-26 13:07:35] WARNING: - 2 users in trust network
[2025-05-26 13:07:35] WARNING: - 31 total trust relationships
[2025-05-26 13:17:33] WARNING: === Starting Twitter Trust System Collection ===
[2025-05-26 13:17:33] WARNING: Will collect tweets until reaching previous timestamp: 2025-05-12 06:54:05+00:00
[2025-05-26 13:17:33] WARNING: Retrieving page 1...
[2025-05-26 13:17:35] WARNING: Newest tweet is from: 2025-05-12 06:54:05+00:00
[2025-05-26 13:17:35] WARNING: Reached stop point at tweet from 2025-05-12 06:54:05+00:00
[2025-05-26 13:17:35] WARNING: Retrieved 0 new tweets on page 1
[2025-05-26 13:17:35] WARNING: Stopping pagination as we've reached the stop point
[2025-05-26 13:17:35] WARNING: Retrieved a total of 0 tweets across 1 pages
[2025-05-26 13:17:35] WARNING: No new tweets found with trust commands. Exiting without error.
[2025-05-26 13:17:35] WARNING: Collection complete!
[2025-05-26 13:17:35] WARNING: - 0 trust assignments processed
[2025-05-26 13:17:35] WARNING: - 2 users in trust network
[2025-05-26 13:17:35] WARNING: - 31 total trust relationships
[2025-05-26 13:27:33] WARNING: === Starting Twitter Trust System Collection ===
[2025-05-26 13:27:33] WARNING: Will collect tweets until reaching previous timestamp: 2025-05-12 06:54:05+00:00
[2025-05-26 13:27:33] WARNING: Retrieving page 1...
[2025-05-26 13:27:35] WARNING: Newest tweet is from: 2025-05-12 06:54:05+00:00
[2025-05-26 13:27:35] WARNING: Reached stop point at tweet from 2025-05-12 06:54:05+00:00
[2025-05-26 13:27:35] WARNING: Retrieved 0 new tweets on page 1
[2025-05-26 13:27:35] WARNING: Stopping pagination as we've reached the stop point
[2025-05-26 13:27:35] WARNING: Retrieved a total of 0 tweets across 1 pages
[2025-05-26 13:27:35] WARNING: No new tweets found with trust commands. Exiting without error.
[2025-05-26 13:27:35] WARNING: Collection complete!
[2025-05-26 13:27:35] WARNING: - 0 trust assignments processed
[2025-05-26 13:27:35] WARNING: - 2 users in trust network
[2025-05-26 13:27:35] WARNING: - 31 total trust relationships
[2025-05-26 13:37:33] WARNING: === Starting Twitter Trust System Collection ===
[2025-05-26 13:37:33] WARNING: Will collect tweets until reaching previous timestamp: 2025-05-12 06:54:05+00:00
[2025-05-26 13:37:33] WARNING: Retrieving page 1...
[2025-05-26 13:37:35] WARNING: Newest tweet is from: 2025-05-12 06:54:05+00:00
[2025-05-26 13:37:35] WARNING: Reached stop point at tweet from 2025-05-12 06:54:05+00:00
[2025-05-26 13:37:35] WARNING: Retrieved 0 new tweets on page 1
[2025-05-26 13:37:35] WARNING: Stopping pagination as we've reached the stop point
[2025-05-26 13:37:35] WARNING: Retrieved a total of 0 tweets across 1 pages
[2025-05-26 13:37:35] WARNING: No new tweets found with trust commands. Exiting without error.
[2025-05-26 13:37:35] WARNING: Collection complete!
[2025-05-26 13:37:35] WARNING: - 0 trust assignments processed
[2025-05-26 13:37:35] WARNING: - 2 users in trust network
[2025-05-26 13:37:35] WARNING: - 31 total trust relationships
[2025-05-26 13:47:33] WARNING: === Starting Twitter Trust System Collection ===
[2025-05-26 13:47:33] WARNING: Will collect tweets until reaching previous timestamp: 2025-05-12 06:54:05+00:00
[2025-05-26 13:47:33] WARNING: Retrieving page 1...
[2025-05-26 13:47:35] WARNING: Newest tweet is from: 2025-05-12 06:54:05+00:00
[2025-05-26 13:47:35] WARNING: Reached stop point at tweet from 2025-05-12 06:54:05+00:00
[2025-05-26 13:47:35] WARNING: Retrieved 0 new tweets on page 1
[2025-05-26 13:47:35] WARNING: Stopping pagination as we've reached the stop point
[2025-05-26 13:47:35] WARNING: Retrieved a total of 0 tweets across 1 pages
[2025-05-26 13:47:35] WARNING: No new tweets found with trust commands. Exiting without error.
[2025-05-26 13:47:35] WARNING: Collection complete!
[2025-05-26 13:47:35] WARNING: - 0 trust assignments processed
[2025-05-26 13:47:35] WARNING: - 2 users in trust network
[2025-05-26 13:47:35] WARNING: - 31 total trust relationships
[2025-05-26 13:57:33] WARNING: === Starting Twitter Trust System Collection ===
[2025-05-26 13:57:33] WARNING: Will collect tweets until reaching previous timestamp: 2025-05-12 06:54:05+00:00
[2025-05-26 13:57:33] WARNING: Retrieving page 1...
[2025-05-26 13:57:35] WARNING: Newest tweet is from: 2025-05-12 06:54:05+00:00
[2025-05-26 13:57:35] WARNING: Reached stop point at tweet from 2025-05-12 06:54:05+00:00
[2025-05-26 13:57:35] WARNING: Retrieved 0 new tweets on page 1
[2025-05-26 13:57:35] WARNING: Stopping pagination as we've reached the stop point
[2025-05-26 13:57:35] WARNING: Retrieved a total of 0 tweets across 1 pages
[2025-05-26 13:57:35] WARNING: No new tweets found with trust commands. Exiting without error.
[2025-05-26 13:57:35] WARNING: Collection complete!
[2025-05-26 13:57:35] WARNING: - 0 trust assignments processed
[2025-05-26 13:57:35] WARNING: - 2 users in trust network
[2025-05-26 13:57:35] WARNING: - 31 total trust relationships
[2025-05-26 14:07:33] WARNING: === Starting Twitter Trust System Collection ===
[2025-05-26 14:07:33] WARNING: Will collect tweets until reaching previous timestamp: 2025-05-12 06:54:05+00:00
[2025-05-26 14:07:33] WARNING: Retrieving page 1...
[2025-05-26 14:07:35] WARNING: Newest tweet is from: 2025-05-12 06:54:05+00:00
[2025-05-26 14:07:35] WARNING: Reached stop point at tweet from 2025-05-12 06:54:05+00:00
[2025-05-26 14:07:35] WARNING: Retrieved 0 new tweets on page 1
[2025-05-26 14:07:35] WARNING: Stopping pagination as we've reached the stop point
[2025-05-26 14:07:35] WARNING: Retrieved a total of 0 tweets across 1 pages
[2025-05-26 14:07:35] WARNING: No new tweets found with trust commands. Exiting without error.
[2025-05-26 14:07:35] WARNING: Collection complete!
[2025-05-26 14:07:35] WARNING: - 0 trust assignments processed
[2025-05-26 14:07:35] WARNING: - 2 users in trust network
[2025-05-26 14:07:35] WARNING: - 31 total trust relationships
[2025-05-26 14:17:33] WARNING: === Starting Twitter Trust System Collection ===
[2025-05-26 14:17:33] WARNING: Will collect tweets until reaching previous timestamp: 2025-05-12 06:54:05+00:00
[2025-05-26 14:17:33] WARNING: Retrieving page 1...
[2025-05-26 14:17:35] WARNING: Newest tweet is from: 2025-05-12 06:54:05+00:00
[2025-05-26 14:17:35] WARNING: Reached stop point at tweet from 2025-05-12 06:54:05+00:00
[2025-05-26 14:17:35] WARNING: Retrieved 0 new tweets on page 1
[2025-05-26 14:17:35] WARNING: Stopping pagination as we've reached the stop point
[2025-05-26 14:17:35] WARNING: Retrieved a total of 0 tweets across 1 pages
[2025-05-26 14:17:35] WARNING: No new tweets found with trust commands. Exiting without error.
[2025-05-26 14:17:35] WARNING: Collection complete!
[2025-05-26 14:17:35] WARNING: - 0 trust assignments processed
[2025-05-26 14:17:35] WARNING: - 2 users in trust network
[2025-05-26 14:17:35] WARNING: - 31 total trust relationships
[2025-05-26 14:27:33] WARNING: === Starting Twitter Trust System Collection ===
[2025-05-26 14:27:33] WARNING: Will collect tweets until reaching previous timestamp: 2025-05-12 06:54:05+00:00
[2025-05-26 14:27:33] WARNING: Retrieving page 1...
[2025-05-26 14:27:35] WARNING: Newest tweet is from: 2025-05-12 06:54:05+00:00
[2025-05-26 14:27:35] WARNING: Reached stop point at tweet from 2025-05-12 06:54:05+00:00
[2025-05-26 14:27:35] WARNING: Retrieved 0 new tweets on page 1
[2025-05-26 14:27:35] WARNING: Stopping pagination as we've reached the stop point
[2025-05-26 14:27:35] WARNING: Retrieved a total of 0 tweets across 1 pages
[2025-05-26 14:27:35] WARNING: No new tweets found with trust commands. Exiting without error.
[2025-05-26 14:27:35] WARNING: Collection complete!
[2025-05-26 14:27:35] WARNING: - 0 trust assignments processed
[2025-05-26 14:27:35] WARNING: - 2 users in trust network
[2025-05-26 14:27:35] WARNING: - 31 total trust relationships
[2025-05-26 14:37:33] WARNING: === Starting Twitter Trust System Collection ===
[2025-05-26 14:37:33] WARNING: Will collect tweets until reaching previous timestamp: 2025-05-12 06:54:05+00:00
[2025-05-26 14:37:33] WARNING: Retrieving page 1...
[2025-05-26 14:37:35] WARNING: Newest tweet is from: 2025-05-12 06:54:05+00:00
[2025-05-26 14:37:35] WARNING: Reached stop point at tweet from 2025-05-12 06:54:05+00:00
[2025-05-26 14:37:35] WARNING: Retrieved 0 new tweets on page 1
[2025-05-26 14:37:35] WARNING: Stopping pagination as we've reached the stop point
[2025-05-26 14:37:35] WARNING: Retrieved a total of 0 tweets across 1 pages
[2025-05-26 14:37:35] WARNING: No new tweets found with trust commands. Exiting without error.
[2025-05-26 14:37:35] WARNING: Collection complete!
[2025-05-26 14:37:35] WARNING: - 0 trust assignments processed
[2025-05-26 14:37:35] WARNING: - 2 users in trust network
[2025-05-26 14:37:35] WARNING: - 31 total trust relationships
[2025-05-26 14:47:33] WARNING: === Starting Twitter Trust System Collection ===
[2025-05-26 14:47:33] WARNING: Will collect tweets until reaching previous timestamp: 2025-05-12 06:54:05+00:00
[2025-05-26 14:47:33] WARNING: Retrieving page 1...
[2025-05-26 14:47:35] WARNING: Newest tweet is from: 2025-05-12 06:54:05+00:00
[2025-05-26 14:47:35] WARNING: Reached stop point at tweet from 2025-05-12 06:54:05+00:00
[2025-05-26 14:47:35] WARNING: Retrieved 0 new tweets on page 1
[2025-05-26 14:47:35] WARNING: Stopping pagination as we've reached the stop point
[2025-05-26 14:47:35] WARNING: Retrieved a total of 0 tweets across 1 pages
[2025-05-26 14:47:35] WARNING: No new tweets found with trust commands. Exiting without error.
[2025-05-26 14:47:35] WARNING: Collection complete!
[2025-05-26 14:47:35] WARNING: - 0 trust assignments processed
[2025-05-26 14:47:35] WARNING: - 2 users in trust network
[2025-05-26 14:47:35] WARNING: - 31 total trust relationships
[2025-05-26 14:57:33] WARNING: === Starting Twitter Trust System Collection ===
[2025-05-26 14:57:33] WARNING: Will collect tweets until reaching previous timestamp: 2025-05-12 06:54:05+00:00
[2025-05-26 14:57:33] WARNING: Retrieving page 1...
[2025-05-26 14:57:35] WARNING: Newest tweet is from: 2025-05-12 06:54:05+00:00
[2025-05-26 14:57:35] WARNING: Reached stop point at tweet from 2025-05-12 06:54:05+00:00
[2025-05-26 14:57:35] WARNING: Retrieved 0 new tweets on page 1
[2025-05-26 14:57:35] WARNING: Stopping pagination as we've reached the stop point
[2025-05-26 14:57:35] WARNING: Retrieved a total of 0 tweets across 1 pages
[2025-05-26 14:57:35] WARNING: No new tweets found with trust commands. Exiting without error.
[2025-05-26 14:57:35] WARNING: Collection complete!
[2025-05-26 14:57:35] WARNING: - 0 trust assignments processed
[2025-05-26 14:57:35] WARNING: - 2 users in trust network
[2025-05-26 14:57:35] WARNING: - 31 total trust relationships
[2025-05-26 15:07:33] WARNING: === Starting Twitter Trust System Collection ===
[2025-05-26 15:07:33] WARNING: Will collect tweets until reaching previous timestamp: 2025-05-12 06:54:05+00:00
[2025-05-26 15:07:33] WARNING: Retrieving page 1...
[2025-05-26 15:07:35] WARNING: Newest tweet is from: 2025-05-12 06:54:05+00:00
[2025-05-26 15:07:35] WARNING: Reached stop point at tweet from 2025-05-12 06:54:05+00:00
[2025-05-26 15:07:35] WARNING: Retrieved 0 new tweets on page 1
[2025-05-26 15:07:35] WARNING: Stopping pagination as we've reached the stop point
[2025-05-26 15:07:35] WARNING: Retrieved a total of 0 tweets across 1 pages
[2025-05-26 15:07:35] WARNING: No new tweets found with trust commands. Exiting without error.
[2025-05-26 15:07:35] WARNING: Collection complete!
[2025-05-26 15:07:35] WARNING: - 0 trust assignments processed
[2025-05-26 15:07:35] WARNING: - 2 users in trust network
[2025-05-26 15:07:35] WARNING: - 31 total trust relationships
[2025-05-26 15:17:33] WARNING: === Starting Twitter Trust System Collection ===
[2025-05-26 15:17:33] WARNING: Will collect tweets until reaching previous timestamp: 2025-05-12 06:54:05+00:00
[2025-05-26 15:17:33] WARNING: Retrieving page 1...
[2025-05-26 15:17:35] WARNING: Newest tweet is from: 2025-05-12 06:54:05+00:00
[2025-05-26 15:17:35] WARNING: Reached stop point at tweet from 2025-05-12 06:54:05+00:00
[2025-05-26 15:17:35] WARNING: Retrieved 0 new tweets on page 1
[2025-05-26 15:17:35] WARNING: Stopping pagination as we've reached the stop point
[2025-05-26 15:17:35] WARNING: Retrieved a total of 0 tweets across 1 pages
[2025-05-26 15:17:35] WARNING: No new tweets found with trust commands. Exiting without error.
[2025-05-26 15:17:35] WARNING: Collection complete!
[2025-05-26 15:17:35] WARNING: - 0 trust assignments processed
[2025-05-26 15:17:35] WARNING: - 2 users in trust network
[2025-05-26 15:17:35] WARNING: - 31 total trust relationships
[2025-05-26 15:27:33] WARNING: === Starting Twitter Trust System Collection ===
[2025-05-26 15:27:33] WARNING: Will collect tweets until reaching previous timestamp: 2025-05-12 06:54:05+00:00
[2025-05-26 15:27:33] WARNING: Retrieving page 1...
[2025-05-26 15:27:35] WARNING: Newest tweet is from: 2025-05-12 06:54:05+00:00
[2025-05-26 15:27:35] WARNING: Reached stop point at tweet from 2025-05-12 06:54:05+00:00
[2025-05-26 15:27:35] WARNING: Retrieved 0 new tweets on page 1
[2025-05-26 15:27:35] WARNING: Stopping pagination as we've reached the stop point
[2025-05-26 15:27:35] WARNING: Retrieved a total of 0 tweets across 1 pages
[2025-05-26 15:27:35] WARNING: No new tweets found with trust commands. Exiting without error.
[2025-05-26 15:27:35] WARNING: Collection complete!
[2025-05-26 15:27:35] WARNING: - 0 trust assignments processed
[2025-05-26 15:27:35] WARNING: - 2 users in trust network
[2025-05-26 15:27:35] WARNING: - 31 total trust relationships
