[2025-05-17 11:47:33] WARNING: Will collect tweets until reaching previous timestamp: 2025-05-12 06:54:05+00:00
[2025-05-17 11:47:33] WARNING: Retrieving page 1...
[2025-05-17 11:47:34] WARNING: Newest tweet is from: 2025-05-12 06:54:05+00:00
[2025-05-17 11:47:34] WARNING: Reached stop point at tweet from 2025-05-12 06:54:05+00:00
[2025-05-17 11:47:34] WARNING: Retrieved 0 new tweets on page 1
[2025-05-17 11:47:34] WARNING: Stopping pagination as we've reached the stop point
[2025-05-17 11:47:34] WARNING: Retrieved a total of 0 tweets across 1 pages
[2025-05-17 11:47:34] WARNING: No new tweets found with trust commands. Exiting without error.
[2025-05-17 11:47:34] WARNING: Collection complete!
[2025-05-17 11:47:34] WARNING: - 0 trust assignments processed
[2025-05-17 11:47:34] WARNING: - 2 users in trust network
[2025-05-17 11:47:34] WARNING: - 31 total trust relationships
[2025-05-17 11:57:33] WARNING: === Starting Twitter Trust System Collection ===
[2025-05-17 11:57:33] WARNING: Will collect tweets until reaching previous timestamp: 2025-05-12 06:54:05+00:00
[2025-05-17 11:57:33] WARNING: Retrieving page 1...
[2025-05-17 11:57:35] WARNING: Newest tweet is from: 2025-05-12 06:54:05+00:00
[2025-05-17 11:57:35] WARNING: Reached stop point at tweet from 2025-05-12 06:54:05+00:00
[2025-05-17 11:57:35] WARNING: Retrieved 0 new tweets on page 1
[2025-05-17 11:57:35] WARNING: Stopping pagination as we've reached the stop point
[2025-05-17 11:57:35] WARNING: Retrieved a total of 0 tweets across 1 pages
[2025-05-17 11:57:35] WARNING: No new tweets found with trust commands. Exiting without error.
[2025-05-17 11:57:35] WARNING: Collection complete!
[2025-05-17 11:57:35] WARNING: - 0 trust assignments processed
[2025-05-17 11:57:35] WARNING: - 2 users in trust network
[2025-05-17 11:57:35] WARNING: - 31 total trust relationships
[2025-05-17 12:07:33] WARNING: === Starting Twitter Trust System Collection ===
[2025-05-17 12:07:33] WARNING: Will collect tweets until reaching previous timestamp: 2025-05-12 06:54:05+00:00
[2025-05-17 12:07:33] WARNING: Retrieving page 1...
[2025-05-17 12:07:34] WARNING: Newest tweet is from: 2025-05-12 06:54:05+00:00
[2025-05-17 12:07:34] WARNING: Reached stop point at tweet from 2025-05-12 06:54:05+00:00
[2025-05-17 12:07:34] WARNING: Retrieved 0 new tweets on page 1
[2025-05-17 12:07:34] WARNING: Stopping pagination as we've reached the stop point
[2025-05-17 12:07:34] WARNING: Retrieved a total of 0 tweets across 1 pages
[2025-05-17 12:07:34] WARNING: No new tweets found with trust commands. Exiting without error.
[2025-05-17 12:07:34] WARNING: Collection complete!
[2025-05-17 12:07:34] WARNING: - 0 trust assignments processed
[2025-05-17 12:07:34] WARNING: - 2 users in trust network
[2025-05-17 12:07:34] WARNING: - 31 total trust relationships
[2025-05-17 12:17:33] WARNING: === Starting Twitter Trust System Collection ===
[2025-05-17 12:17:33] WARNING: Will collect tweets until reaching previous timestamp: 2025-05-12 06:54:05+00:00
[2025-05-17 12:17:33] WARNING: Retrieving page 1...
[2025-05-17 12:17:34] WARNING: Newest tweet is from: 2025-05-12 06:54:05+00:00
[2025-05-17 12:17:34] WARNING: Reached stop point at tweet from 2025-05-12 06:54:05+00:00
[2025-05-17 12:17:34] WARNING: Retrieved 0 new tweets on page 1
[2025-05-17 12:17:34] WARNING: Stopping pagination as we've reached the stop point
[2025-05-17 12:17:34] WARNING: Retrieved a total of 0 tweets across 1 pages
[2025-05-17 12:17:34] WARNING: No new tweets found with trust commands. Exiting without error.
[2025-05-17 12:17:34] WARNING: Collection complete!
[2025-05-17 12:17:34] WARNING: - 0 trust assignments processed
[2025-05-17 12:17:34] WARNING: - 2 users in trust network
[2025-05-17 12:17:34] WARNING: - 31 total trust relationships
[2025-05-17 12:27:33] WARNING: === Starting Twitter Trust System Collection ===
[2025-05-17 12:27:33] WARNING: Will collect tweets until reaching previous timestamp: 2025-05-12 06:54:05+00:00
[2025-05-17 12:27:33] WARNING: Retrieving page 1...
[2025-05-17 12:27:35] WARNING: Newest tweet is from: 2025-05-12 06:54:05+00:00
[2025-05-17 12:27:35] WARNING: Reached stop point at tweet from 2025-05-12 06:54:05+00:00
[2025-05-17 12:27:35] WARNING: Retrieved 0 new tweets on page 1
[2025-05-17 12:27:35] WARNING: Stopping pagination as we've reached the stop point
[2025-05-17 12:27:35] WARNING: Retrieved a total of 0 tweets across 1 pages
[2025-05-17 12:27:35] WARNING: No new tweets found with trust commands. Exiting without error.
[2025-05-17 12:27:35] WARNING: Collection complete!
[2025-05-17 12:27:35] WARNING: - 0 trust assignments processed
[2025-05-17 12:27:35] WARNING: - 2 users in trust network
[2025-05-17 12:27:35] WARNING: - 31 total trust relationships
[2025-05-17 12:37:33] WARNING: === Starting Twitter Trust System Collection ===
[2025-05-17 12:37:33] WARNING: Will collect tweets until reaching previous timestamp: 2025-05-12 06:54:05+00:00
[2025-05-17 12:37:33] WARNING: Retrieving page 1...
[2025-05-17 12:37:34] WARNING: Newest tweet is from: 2025-05-12 06:54:05+00:00
[2025-05-17 12:37:34] WARNING: Reached stop point at tweet from 2025-05-12 06:54:05+00:00
[2025-05-17 12:37:34] WARNING: Retrieved 0 new tweets on page 1
[2025-05-17 12:37:34] WARNING: Stopping pagination as we've reached the stop point
[2025-05-17 12:37:34] WARNING: Retrieved a total of 0 tweets across 1 pages
[2025-05-17 12:37:34] WARNING: No new tweets found with trust commands. Exiting without error.
[2025-05-17 12:37:34] WARNING: Collection complete!
[2025-05-17 12:37:34] WARNING: - 0 trust assignments processed
[2025-05-17 12:37:34] WARNING: - 2 users in trust network
[2025-05-17 12:37:34] WARNING: - 31 total trust relationships
[2025-05-17 12:47:33] WARNING: === Starting Twitter Trust System Collection ===
[2025-05-17 12:47:33] WARNING: Will collect tweets until reaching previous timestamp: 2025-05-12 06:54:05+00:00
[2025-05-17 12:47:33] WARNING: Retrieving page 1...
[2025-05-17 12:47:34] WARNING: Newest tweet is from: 2025-05-12 06:54:05+00:00
[2025-05-17 12:47:34] WARNING: Reached stop point at tweet from 2025-05-12 06:54:05+00:00
[2025-05-17 12:47:34] WARNING: Retrieved 0 new tweets on page 1
[2025-05-17 12:47:34] WARNING: Stopping pagination as we've reached the stop point
[2025-05-17 12:47:34] WARNING: Retrieved a total of 0 tweets across 1 pages
[2025-05-17 12:47:34] WARNING: No new tweets found with trust commands. Exiting without error.
[2025-05-17 12:47:34] WARNING: Collection complete!
[2025-05-17 12:47:34] WARNING: - 0 trust assignments processed
[2025-05-17 12:47:34] WARNING: - 2 users in trust network
[2025-05-17 12:47:34] WARNING: - 31 total trust relationships
[2025-05-17 12:57:33] WARNING: === Starting Twitter Trust System Collection ===
[2025-05-17 12:57:33] WARNING: Will collect tweets until reaching previous timestamp: 2025-05-12 06:54:05+00:00
[2025-05-17 12:57:33] WARNING: Retrieving page 1...
[2025-05-17 12:57:35] WARNING: Newest tweet is from: 2025-05-12 06:54:05+00:00
[2025-05-17 12:57:35] WARNING: Reached stop point at tweet from 2025-05-12 06:54:05+00:00
[2025-05-17 12:57:35] WARNING: Retrieved 0 new tweets on page 1
[2025-05-17 12:57:35] WARNING: Stopping pagination as we've reached the stop point
[2025-05-17 12:57:35] WARNING: Retrieved a total of 0 tweets across 1 pages
[2025-05-17 12:57:35] WARNING: No new tweets found with trust commands. Exiting without error.
[2025-05-17 12:57:35] WARNING: Collection complete!
[2025-05-17 12:57:35] WARNING: - 0 trust assignments processed
[2025-05-17 12:57:35] WARNING: - 2 users in trust network
[2025-05-17 12:57:35] WARNING: - 31 total trust relationships
[2025-05-17 13:07:33] WARNING: === Starting Twitter Trust System Collection ===
[2025-05-17 13:07:33] WARNING: Will collect tweets until reaching previous timestamp: 2025-05-12 06:54:05+00:00
[2025-05-17 13:07:33] WARNING: Retrieving page 1...
[2025-05-17 13:07:35] WARNING: Newest tweet is from: 2025-05-12 06:54:05+00:00
[2025-05-17 13:07:35] WARNING: Reached stop point at tweet from 2025-05-12 06:54:05+00:00
[2025-05-17 13:07:35] WARNING: Retrieved 0 new tweets on page 1
[2025-05-17 13:07:35] WARNING: Stopping pagination as we've reached the stop point
[2025-05-17 13:07:35] WARNING: Retrieved a total of 0 tweets across 1 pages
[2025-05-17 13:07:35] WARNING: No new tweets found with trust commands. Exiting without error.
[2025-05-17 13:07:35] WARNING: Collection complete!
[2025-05-17 13:07:35] WARNING: - 0 trust assignments processed
[2025-05-17 13:07:35] WARNING: - 2 users in trust network
[2025-05-17 13:07:35] WARNING: - 31 total trust relationships
[2025-05-17 13:17:33] WARNING: === Starting Twitter Trust System Collection ===
[2025-05-17 13:17:33] WARNING: Will collect tweets until reaching previous timestamp: 2025-05-12 06:54:05+00:00
[2025-05-17 13:17:33] WARNING: Retrieving page 1...
[2025-05-17 13:17:34] WARNING: Newest tweet is from: 2025-05-12 06:54:05+00:00
[2025-05-17 13:17:34] WARNING: Reached stop point at tweet from 2025-05-12 06:54:05+00:00
[2025-05-17 13:17:34] WARNING: Retrieved 0 new tweets on page 1
[2025-05-17 13:17:34] WARNING: Stopping pagination as we've reached the stop point
[2025-05-17 13:17:34] WARNING: Retrieved a total of 0 tweets across 1 pages
[2025-05-17 13:17:34] WARNING: No new tweets found with trust commands. Exiting without error.
[2025-05-17 13:17:34] WARNING: Collection complete!
[2025-05-17 13:17:34] WARNING: - 0 trust assignments processed
[2025-05-17 13:17:34] WARNING: - 2 users in trust network
[2025-05-17 13:17:34] WARNING: - 31 total trust relationships
[2025-05-17 13:27:33] WARNING: === Starting Twitter Trust System Collection ===
[2025-05-17 13:27:33] WARNING: Will collect tweets until reaching previous timestamp: 2025-05-12 06:54:05+00:00
[2025-05-17 13:27:33] WARNING: Retrieving page 1...
[2025-05-17 13:27:36] WARNING: Newest tweet is from: 2025-05-12 06:54:05+00:00
[2025-05-17 13:27:36] WARNING: Reached stop point at tweet from 2025-05-12 06:54:05+00:00
[2025-05-17 13:27:36] WARNING: Retrieved 0 new tweets on page 1
[2025-05-17 13:27:36] WARNING: Stopping pagination as we've reached the stop point
[2025-05-17 13:27:36] WARNING: Retrieved a total of 0 tweets across 1 pages
[2025-05-17 13:27:36] WARNING: No new tweets found with trust commands. Exiting without error.
[2025-05-17 13:27:36] WARNING: Collection complete!
[2025-05-17 13:27:36] WARNING: - 0 trust assignments processed
[2025-05-17 13:27:36] WARNING: - 2 users in trust network
[2025-05-17 13:27:36] WARNING: - 31 total trust relationships
[2025-05-17 14:05:03] WARNING: === Starting Twitter Trust System Collection ===
[2025-05-17 14:05:03] WARNING: Will collect tweets until reaching previous timestamp: 2025-05-12 06:54:05+00:00
[2025-05-17 14:05:03] WARNING: Retrieving page 1...
[2025-05-17 14:05:08] WARNING: Newest tweet is from: 2025-05-12 06:54:05+00:00
[2025-05-17 14:05:08] WARNING: Reached stop point at tweet from 2025-05-12 06:54:05+00:00
[2025-05-17 14:05:08] WARNING: Retrieved 0 new tweets on page 1
[2025-05-17 14:05:08] WARNING: Stopping pagination as we've reached the stop point
[2025-05-17 14:05:08] WARNING: Retrieved a total of 0 tweets across 1 pages
[2025-05-17 14:05:08] WARNING: No new tweets found with trust commands. Exiting without error.
[2025-05-17 14:05:08] WARNING: Collection complete!
[2025-05-17 14:05:08] WARNING: - 0 trust assignments processed
[2025-05-17 14:05:08] WARNING: - 2 users in trust network
[2025-05-17 14:05:08] WARNING: - 31 total trust relationships
[2025-05-17 14:07:33] WARNING: === Starting Twitter Trust System Collection ===
[2025-05-17 14:07:33] WARNING: Will collect tweets until reaching previous timestamp: 2025-05-12 06:54:05+00:00
[2025-05-17 14:07:33] WARNING: Retrieving page 1...
[2025-05-17 14:07:36] WARNING: Newest tweet is from: 2025-05-12 06:54:05+00:00
[2025-05-17 14:07:36] WARNING: Reached stop point at tweet from 2025-05-12 06:54:05+00:00
[2025-05-17 14:07:36] WARNING: Retrieved 0 new tweets on page 1
[2025-05-17 14:07:36] WARNING: Stopping pagination as we've reached the stop point
[2025-05-17 14:07:36] WARNING: Retrieved a total of 0 tweets across 1 pages
[2025-05-17 14:07:36] WARNING: No new tweets found with trust commands. Exiting without error.
[2025-05-17 14:07:36] WARNING: Collection complete!
[2025-05-17 14:07:36] WARNING: - 0 trust assignments processed
[2025-05-17 14:07:36] WARNING: - 2 users in trust network
[2025-05-17 14:07:36] WARNING: - 31 total trust relationships
[2025-05-17 14:17:33] WARNING: === Starting Twitter Trust System Collection ===
[2025-05-17 14:17:33] WARNING: Will collect tweets until reaching previous timestamp: 2025-05-12 06:54:05+00:00
[2025-05-17 14:17:33] WARNING: Retrieving page 1...
[2025-05-17 14:17:34] WARNING: Newest tweet is from: 2025-05-12 06:54:05+00:00
[2025-05-17 14:17:34] WARNING: Reached stop point at tweet from 2025-05-12 06:54:05+00:00
[2025-05-17 14:17:34] WARNING: Retrieved 0 new tweets on page 1
[2025-05-17 14:17:34] WARNING: Stopping pagination as we've reached the stop point
[2025-05-17 14:17:34] WARNING: Retrieved a total of 0 tweets across 1 pages
[2025-05-17 14:17:34] WARNING: No new tweets found with trust commands. Exiting without error.
[2025-05-17 14:17:34] WARNING: Collection complete!
[2025-05-17 14:17:34] WARNING: - 0 trust assignments processed
[2025-05-17 14:17:34] WARNING: - 2 users in trust network
[2025-05-17 14:17:34] WARNING: - 31 total trust relationships
[2025-05-17 14:27:33] WARNING: === Starting Twitter Trust System Collection ===
[2025-05-17 14:27:33] WARNING: Will collect tweets until reaching previous timestamp: 2025-05-12 06:54:05+00:00
[2025-05-17 14:27:33] WARNING: Retrieving page 1...
[2025-05-17 14:27:35] WARNING: Newest tweet is from: 2025-05-12 06:54:05+00:00
[2025-05-17 14:27:35] WARNING: Reached stop point at tweet from 2025-05-12 06:54:05+00:00
[2025-05-17 14:27:35] WARNING: Retrieved 0 new tweets on page 1
[2025-05-17 14:27:35] WARNING: Stopping pagination as we've reached the stop point
[2025-05-17 14:27:35] WARNING: Retrieved a total of 0 tweets across 1 pages
[2025-05-17 14:27:35] WARNING: No new tweets found with trust commands. Exiting without error.
[2025-05-17 14:27:35] WARNING: Collection complete!
[2025-05-17 14:27:35] WARNING: - 0 trust assignments processed
[2025-05-17 14:27:35] WARNING: - 2 users in trust network
[2025-05-17 14:27:35] WARNING: - 31 total trust relationships
[2025-05-17 14:37:33] WARNING: === Starting Twitter Trust System Collection ===
[2025-05-17 14:37:33] WARNING: Will collect tweets until reaching previous timestamp: 2025-05-12 06:54:05+00:00
[2025-05-17 14:37:33] WARNING: Retrieving page 1...
[2025-05-17 14:37:34] WARNING: Newest tweet is from: 2025-05-12 06:54:05+00:00
[2025-05-17 14:37:34] WARNING: Reached stop point at tweet from 2025-05-12 06:54:05+00:00
[2025-05-17 14:37:34] WARNING: Retrieved 0 new tweets on page 1
[2025-05-17 14:37:34] WARNING: Stopping pagination as we've reached the stop point
[2025-05-17 14:37:34] WARNING: Retrieved a total of 0 tweets across 1 pages
[2025-05-17 14:37:34] WARNING: No new tweets found with trust commands. Exiting without error.
[2025-05-17 14:37:34] WARNING: Collection complete!
[2025-05-17 14:37:34] WARNING: - 0 trust assignments processed
[2025-05-17 14:37:34] WARNING: - 2 users in trust network
[2025-05-17 14:37:34] WARNING: - 31 total trust relationships
[2025-05-17 14:47:33] WARNING: === Starting Twitter Trust System Collection ===
[2025-05-17 14:47:33] WARNING: Will collect tweets until reaching previous timestamp: 2025-05-12 06:54:05+00:00
[2025-05-17 14:47:33] WARNING: Retrieving page 1...
[2025-05-17 14:47:34] WARNING: Newest tweet is from: 2025-05-12 06:54:05+00:00
[2025-05-17 14:47:34] WARNING: Reached stop point at tweet from 2025-05-12 06:54:05+00:00
[2025-05-17 14:47:34] WARNING: Retrieved 0 new tweets on page 1
[2025-05-17 14:47:34] WARNING: Stopping pagination as we've reached the stop point
[2025-05-17 14:47:34] WARNING: Retrieved a total of 0 tweets across 1 pages
[2025-05-17 14:47:34] WARNING: No new tweets found with trust commands. Exiting without error.
[2025-05-17 14:47:34] WARNING: Collection complete!
[2025-05-17 14:47:34] WARNING: - 0 trust assignments processed
[2025-05-17 14:47:34] WARNING: - 2 users in trust network
[2025-05-17 14:47:34] WARNING: - 31 total trust relationships
[2025-05-17 14:57:33] WARNING: === Starting Twitter Trust System Collection ===
[2025-05-17 14:57:33] WARNING: Will collect tweets until reaching previous timestamp: 2025-05-12 06:54:05+00:00
[2025-05-17 14:57:33] WARNING: Retrieving page 1...
[2025-05-17 14:57:34] WARNING: Newest tweet is from: 2025-05-12 06:54:05+00:00
[2025-05-17 14:57:34] WARNING: Reached stop point at tweet from 2025-05-12 06:54:05+00:00
[2025-05-17 14:57:34] WARNING: Retrieved 0 new tweets on page 1
[2025-05-17 14:57:34] WARNING: Stopping pagination as we've reached the stop point
[2025-05-17 14:57:34] WARNING: Retrieved a total of 0 tweets across 1 pages
[2025-05-17 14:57:34] WARNING: No new tweets found with trust commands. Exiting without error.
[2025-05-17 14:57:34] WARNING: Collection complete!
[2025-05-17 14:57:34] WARNING: - 0 trust assignments processed
[2025-05-17 14:57:34] WARNING: - 2 users in trust network
[2025-05-17 14:57:34] WARNING: - 31 total trust relationships
[2025-05-17 15:35:31] WARNING: === Starting Twitter Trust System Collection ===
[2025-05-17 15:35:31] WARNING: Will collect tweets until reaching previous timestamp: 2025-05-12 06:54:05+00:00
[2025-05-17 15:35:31] WARNING: Retrieving page 1...
[2025-05-17 15:35:32] WARNING: Newest tweet is from: 2025-05-12 06:54:05+00:00
[2025-05-17 15:35:32] WARNING: Reached stop point at tweet from 2025-05-12 06:54:05+00:00
[2025-05-17 15:35:32] WARNING: Retrieved 0 new tweets on page 1
[2025-05-17 15:35:32] WARNING: Stopping pagination as we've reached the stop point
[2025-05-17 15:35:32] WARNING: Retrieved a total of 0 tweets across 1 pages
[2025-05-17 15:35:32] WARNING: No new tweets found with trust commands. Exiting without error.
[2025-05-17 15:35:32] WARNING: Collection complete!
[2025-05-17 15:35:32] WARNING: - 0 trust assignments processed
[2025-05-17 15:35:32] WARNING: - 2 users in trust network
[2025-05-17 15:35:32] WARNING: - 31 total trust relationships
[2025-05-17 15:37:33] WARNING: === Starting Twitter Trust System Collection ===
[2025-05-17 15:37:33] WARNING: Will collect tweets until reaching previous timestamp: 2025-05-12 06:54:05+00:00
[2025-05-17 15:37:33] WARNING: Retrieving page 1...
[2025-05-17 15:37:35] WARNING: Newest tweet is from: 2025-05-12 06:54:05+00:00
[2025-05-17 15:37:35] WARNING: Reached stop point at tweet from 2025-05-12 06:54:05+00:00
[2025-05-17 15:37:35] WARNING: Retrieved 0 new tweets on page 1
[2025-05-17 15:37:35] WARNING: Stopping pagination as we've reached the stop point
[2025-05-17 15:37:35] WARNING: Retrieved a total of 0 tweets across 1 pages
[2025-05-17 15:37:35] WARNING: No new tweets found with trust commands. Exiting without error.
[2025-05-17 15:37:35] WARNING: Collection complete!
[2025-05-17 15:37:35] WARNING: - 0 trust assignments processed
[2025-05-17 15:37:35] WARNING: - 2 users in trust network
[2025-05-17 15:37:35] WARNING: - 31 total trust relationships
[2025-05-17 15:47:33] WARNING: === Starting Twitter Trust System Collection ===
[2025-05-17 15:47:33] WARNING: Will collect tweets until reaching previous timestamp: 2025-05-12 06:54:05+00:00
[2025-05-17 15:47:33] WARNING: Retrieving page 1...
[2025-05-17 15:47:35] WARNING: Newest tweet is from: 2025-05-12 06:54:05+00:00
[2025-05-17 15:47:35] WARNING: Reached stop point at tweet from 2025-05-12 06:54:05+00:00
[2025-05-17 15:47:35] WARNING: Retrieved 0 new tweets on page 1
[2025-05-17 15:47:35] WARNING: Stopping pagination as we've reached the stop point
[2025-05-17 15:47:35] WARNING: Retrieved a total of 0 tweets across 1 pages
[2025-05-17 15:47:35] WARNING: No new tweets found with trust commands. Exiting without error.
[2025-05-17 15:47:35] WARNING: Collection complete!
[2025-05-17 15:47:35] WARNING: - 0 trust assignments processed
[2025-05-17 15:47:35] WARNING: - 2 users in trust network
[2025-05-17 15:47:35] WARNING: - 31 total trust relationships
[2025-05-17 15:57:33] WARNING: === Starting Twitter Trust System Collection ===
[2025-05-17 15:57:33] WARNING: Will collect tweets until reaching previous timestamp: 2025-05-12 06:54:05+00:00
[2025-05-17 15:57:33] WARNING: Retrieving page 1...
[2025-05-17 15:57:34] WARNING: Newest tweet is from: 2025-05-12 06:54:05+00:00
[2025-05-17 15:57:34] WARNING: Reached stop point at tweet from 2025-05-12 06:54:05+00:00
[2025-05-17 15:57:34] WARNING: Retrieved 0 new tweets on page 1
[2025-05-17 15:57:34] WARNING: Stopping pagination as we've reached the stop point
[2025-05-17 15:57:34] WARNING: Retrieved a total of 0 tweets across 1 pages
[2025-05-17 15:57:34] WARNING: No new tweets found with trust commands. Exiting without error.
[2025-05-17 15:57:34] WARNING: Collection complete!
[2025-05-17 15:57:34] WARNING: - 0 trust assignments processed
[2025-05-17 15:57:34] WARNING: - 2 users in trust network
[2025-05-17 15:57:34] WARNING: - 31 total trust relationships
[2025-05-17 16:07:33] WARNING: === Starting Twitter Trust System Collection ===
[2025-05-17 16:07:33] WARNING: Will collect tweets until reaching previous timestamp: 2025-05-12 06:54:05+00:00
[2025-05-17 16:07:33] WARNING: Retrieving page 1...
[2025-05-17 16:07:36] WARNING: Newest tweet is from: 2025-05-12 06:54:05+00:00
[2025-05-17 16:07:36] WARNING: Reached stop point at tweet from 2025-05-12 06:54:05+00:00
[2025-05-17 16:07:36] WARNING: Retrieved 0 new tweets on page 1
[2025-05-17 16:07:36] WARNING: Stopping pagination as we've reached the stop point
[2025-05-17 16:07:36] WARNING: Retrieved a total of 0 tweets across 1 pages
[2025-05-17 16:07:36] WARNING: No new tweets found with trust commands. Exiting without error.
[2025-05-17 16:07:36] WARNING: Collection complete!
[2025-05-17 16:07:36] WARNING: - 0 trust assignments processed
[2025-05-17 16:07:36] WARNING: - 2 users in trust network
[2025-05-17 16:07:36] WARNING: - 31 total trust relationships
[2025-05-17 16:17:33] WARNING: === Starting Twitter Trust System Collection ===
[2025-05-17 16:17:33] WARNING: Will collect tweets until reaching previous timestamp: 2025-05-12 06:54:05+00:00
[2025-05-17 16:17:33] WARNING: Retrieving page 1...
[2025-05-17 16:17:34] WARNING: Newest tweet is from: 2025-05-12 06:54:05+00:00
[2025-05-17 16:17:34] WARNING: Reached stop point at tweet from 2025-05-12 06:54:05+00:00
[2025-05-17 16:17:34] WARNING: Retrieved 0 new tweets on page 1
[2025-05-17 16:17:34] WARNING: Stopping pagination as we've reached the stop point
[2025-05-17 16:17:34] WARNING: Retrieved a total of 0 tweets across 1 pages
[2025-05-17 16:17:34] WARNING: No new tweets found with trust commands. Exiting without error.
[2025-05-17 16:17:34] WARNING: Collection complete!
[2025-05-17 16:17:34] WARNING: - 0 trust assignments processed
[2025-05-17 16:17:34] WARNING: - 2 users in trust network
[2025-05-17 16:17:34] WARNING: - 31 total trust relationships
[2025-05-17 16:27:33] WARNING: === Starting Twitter Trust System Collection ===
[2025-05-17 16:27:33] WARNING: Will collect tweets until reaching previous timestamp: 2025-05-12 06:54:05+00:00
[2025-05-17 16:27:33] WARNING: Retrieving page 1...
[2025-05-17 16:27:35] WARNING: Newest tweet is from: 2025-05-12 06:54:05+00:00
[2025-05-17 16:27:35] WARNING: Reached stop point at tweet from 2025-05-12 06:54:05+00:00
[2025-05-17 16:27:35] WARNING: Retrieved 0 new tweets on page 1
[2025-05-17 16:27:35] WARNING: Stopping pagination as we've reached the stop point
[2025-05-17 16:27:35] WARNING: Retrieved a total of 0 tweets across 1 pages
[2025-05-17 16:27:35] WARNING: No new tweets found with trust commands. Exiting without error.
[2025-05-17 16:27:35] WARNING: Collection complete!
[2025-05-17 16:27:35] WARNING: - 0 trust assignments processed
[2025-05-17 16:27:35] WARNING: - 2 users in trust network
[2025-05-17 16:27:35] WARNING: - 31 total trust relationships
[2025-05-17 16:37:33] WARNING: === Starting Twitter Trust System Collection ===
[2025-05-17 16:37:33] WARNING: Will collect tweets until reaching previous timestamp: 2025-05-12 06:54:05+00:00
[2025-05-17 16:37:33] WARNING: Retrieving page 1...
[2025-05-17 16:37:34] WARNING: Newest tweet is from: 2025-05-12 06:54:05+00:00
[2025-05-17 16:37:34] WARNING: Reached stop point at tweet from 2025-05-12 06:54:05+00:00
[2025-05-17 16:37:34] WARNING: Retrieved 0 new tweets on page 1
[2025-05-17 16:37:34] WARNING: Stopping pagination as we've reached the stop point
[2025-05-17 16:37:34] WARNING: Retrieved a total of 0 tweets across 1 pages
[2025-05-17 16:37:34] WARNING: No new tweets found with trust commands. Exiting without error.
[2025-05-17 16:37:34] WARNING: Collection complete!
[2025-05-17 16:37:34] WARNING: - 0 trust assignments processed
[2025-05-17 16:37:34] WARNING: - 2 users in trust network
[2025-05-17 16:37:34] WARNING: - 31 total trust relationships
[2025-05-17 16:47:33] WARNING: === Starting Twitter Trust System Collection ===
[2025-05-17 16:47:33] WARNING: Will collect tweets until reaching previous timestamp: 2025-05-12 06:54:05+00:00
[2025-05-17 16:47:33] WARNING: Retrieving page 1...
[2025-05-17 16:47:36] WARNING: Newest tweet is from: 2025-05-12 06:54:05+00:00
[2025-05-17 16:47:36] WARNING: Reached stop point at tweet from 2025-05-12 06:54:05+00:00
[2025-05-17 16:47:36] WARNING: Retrieved 0 new tweets on page 1
[2025-05-17 16:47:36] WARNING: Stopping pagination as we've reached the stop point
[2025-05-17 16:47:36] WARNING: Retrieved a total of 0 tweets across 1 pages
[2025-05-17 16:47:36] WARNING: No new tweets found with trust commands. Exiting without error.
[2025-05-17 16:47:36] WARNING: Collection complete!
[2025-05-17 16:47:36] WARNING: - 0 trust assignments processed
[2025-05-17 16:47:36] WARNING: - 2 users in trust network
[2025-05-17 16:47:36] WARNING: - 31 total trust relationships
[2025-05-17 16:57:33] WARNING: === Starting Twitter Trust System Collection ===
[2025-05-17 16:57:33] WARNING: Will collect tweets until reaching previous timestamp: 2025-05-12 06:54:05+00:00
[2025-05-17 16:57:33] WARNING: Retrieving page 1...
[2025-05-17 16:57:34] WARNING: Newest tweet is from: 2025-05-12 06:54:05+00:00
[2025-05-17 16:57:34] WARNING: Reached stop point at tweet from 2025-05-12 06:54:05+00:00
[2025-05-17 16:57:34] WARNING: Retrieved 0 new tweets on page 1
[2025-05-17 16:57:34] WARNING: Stopping pagination as we've reached the stop point
[2025-05-17 16:57:34] WARNING: Retrieved a total of 0 tweets across 1 pages
[2025-05-17 16:57:34] WARNING: No new tweets found with trust commands. Exiting without error.
[2025-05-17 16:57:34] WARNING: Collection complete!
[2025-05-17 16:57:34] WARNING: - 0 trust assignments processed
[2025-05-17 16:57:34] WARNING: - 2 users in trust network
[2025-05-17 16:57:34] WARNING: - 31 total trust relationships
[2025-05-17 17:07:33] WARNING: === Starting Twitter Trust System Collection ===
[2025-05-17 17:07:33] WARNING: Will collect tweets until reaching previous timestamp: 2025-05-12 06:54:05+00:00
[2025-05-17 17:07:33] WARNING: Retrieving page 1...
[2025-05-17 17:07:35] WARNING: Newest tweet is from: 2025-05-12 06:54:05+00:00
[2025-05-17 17:07:35] WARNING: Reached stop point at tweet from 2025-05-12 06:54:05+00:00
[2025-05-17 17:07:35] WARNING: Retrieved 0 new tweets on page 1
[2025-05-17 17:07:35] WARNING: Stopping pagination as we've reached the stop point
[2025-05-17 17:07:35] WARNING: Retrieved a total of 0 tweets across 1 pages
[2025-05-17 17:07:35] WARNING: No new tweets found with trust commands. Exiting without error.
[2025-05-17 17:07:35] WARNING: Collection complete!
[2025-05-17 17:07:35] WARNING: - 0 trust assignments processed
[2025-05-17 17:07:35] WARNING: - 2 users in trust network
[2025-05-17 17:07:35] WARNING: - 31 total trust relationships
[2025-05-17 17:17:33] WARNING: === Starting Twitter Trust System Collection ===
[2025-05-17 17:17:33] WARNING: Will collect tweets until reaching previous timestamp: 2025-05-12 06:54:05+00:00
[2025-05-17 17:17:33] WARNING: Retrieving page 1...
[2025-05-17 17:17:35] WARNING: Newest tweet is from: 2025-05-12 06:54:05+00:00
[2025-05-17 17:17:35] WARNING: Reached stop point at tweet from 2025-05-12 06:54:05+00:00
[2025-05-17 17:17:35] WARNING: Retrieved 0 new tweets on page 1
[2025-05-17 17:17:35] WARNING: Stopping pagination as we've reached the stop point
[2025-05-17 17:17:35] WARNING: Retrieved a total of 0 tweets across 1 pages
[2025-05-17 17:17:35] WARNING: No new tweets found with trust commands. Exiting without error.
[2025-05-17 17:17:35] WARNING: Collection complete!
[2025-05-17 17:17:35] WARNING: - 0 trust assignments processed
[2025-05-17 17:17:35] WARNING: - 2 users in trust network
[2025-05-17 17:17:35] WARNING: - 31 total trust relationships
[2025-05-17 21:10:07] WARNING: === Starting Twitter Trust System Collection ===
[2025-05-17 21:10:07] WARNING: Will collect tweets until reaching previous timestamp: 2025-05-12 06:54:05+00:00
[2025-05-17 21:10:07] WARNING: Retrieving page 1...
[2025-05-17 21:10:12] WARNING: Newest tweet is from: 2025-05-12 06:54:05+00:00
[2025-05-17 21:10:12] WARNING: Reached stop point at tweet from 2025-05-12 06:54:05+00:00
[2025-05-17 21:10:12] WARNING: Retrieved 0 new tweets on page 1
[2025-05-17 21:10:12] WARNING: Stopping pagination as we've reached the stop point
[2025-05-17 21:10:12] WARNING: Retrieved a total of 0 tweets across 1 pages
[2025-05-17 21:10:12] WARNING: No new tweets found with trust commands. Exiting without error.
[2025-05-17 21:10:12] WARNING: Collection complete!
[2025-05-17 21:10:12] WARNING: - 0 trust assignments processed
[2025-05-17 21:10:12] WARNING: - 2 users in trust network
[2025-05-17 21:10:12] WARNING: - 31 total trust relationships
[2025-05-17 21:17:33] WARNING: === Starting Twitter Trust System Collection ===
[2025-05-17 21:17:33] WARNING: Will collect tweets until reaching previous timestamp: 2025-05-12 06:54:05+00:00
[2025-05-17 21:17:33] WARNING: Retrieving page 1...
[2025-05-17 21:17:34] WARNING: Newest tweet is from: 2025-05-12 06:54:05+00:00
[2025-05-17 21:17:34] WARNING: Reached stop point at tweet from 2025-05-12 06:54:05+00:00
[2025-05-17 21:17:34] WARNING: Retrieved 0 new tweets on page 1
[2025-05-17 21:17:34] WARNING: Stopping pagination as we've reached the stop point
[2025-05-17 21:17:34] WARNING: Retrieved a total of 0 tweets across 1 pages
[2025-05-17 21:17:34] WARNING: No new tweets found with trust commands. Exiting without error.
[2025-05-17 21:17:34] WARNING: Collection complete!
[2025-05-17 21:17:34] WARNING: - 0 trust assignments processed
[2025-05-17 21:17:34] WARNING: - 2 users in trust network
[2025-05-17 21:17:34] WARNING: - 31 total trust relationships
[2025-05-17 21:27:33] WARNING: === Starting Twitter Trust System Collection ===
[2025-05-17 21:27:33] WARNING: Will collect tweets until reaching previous timestamp: 2025-05-12 06:54:05+00:00
[2025-05-17 21:27:33] WARNING: Retrieving page 1...
[2025-05-17 21:27:35] WARNING: Newest tweet is from: 2025-05-12 06:54:05+00:00
[2025-05-17 21:27:35] WARNING: Reached stop point at tweet from 2025-05-12 06:54:05+00:00
[2025-05-17 21:27:35] WARNING: Retrieved 0 new tweets on page 1
[2025-05-17 21:27:35] WARNING: Stopping pagination as we've reached the stop point
[2025-05-17 21:27:35] WARNING: Retrieved a total of 0 tweets across 1 pages
[2025-05-17 21:27:35] WARNING: No new tweets found with trust commands. Exiting without error.
[2025-05-17 21:27:35] WARNING: Collection complete!
[2025-05-17 21:27:35] WARNING: - 0 trust assignments processed
[2025-05-17 21:27:35] WARNING: - 2 users in trust network
[2025-05-17 21:27:35] WARNING: - 31 total trust relationships
