[2025-05-21 05:37:38] WARNING: Reached stop point at tweet from 2025-05-12 06:54:05+00:00
[2025-05-21 05:37:38] WARNING: Retrieved 0 new tweets on page 1
[2025-05-21 05:37:38] WARNING: Stopping pagination as we've reached the stop point
[2025-05-21 05:37:38] WARNING: Retrieved a total of 0 tweets across 1 pages
[2025-05-21 05:37:38] WARNING: No new tweets found with trust commands. Exiting without error.
[2025-05-21 05:37:38] WARNING: Collection complete!
[2025-05-21 05:37:38] WARNING: - 0 trust assignments processed
[2025-05-21 05:37:38] WARNING: - 2 users in trust network
[2025-05-21 05:37:38] WARNING: - 31 total trust relationships
[2025-05-21 05:47:35] WARNING: === Starting Twitter Trust System Collection ===
[2025-05-21 05:47:35] WARNING: Will collect tweets until reaching previous timestamp: 2025-05-12 06:54:05+00:00
[2025-05-21 05:47:35] WARNING: Retrieving page 1...
[2025-05-21 05:47:37] WARNING: Newest tweet is from: 2025-05-12 06:54:05+00:00
[2025-05-21 05:47:37] WARNING: Reached stop point at tweet from 2025-05-12 06:54:05+00:00
[2025-05-21 05:47:37] WARNING: Retrieved 0 new tweets on page 1
[2025-05-21 05:47:37] WARNING: Stopping pagination as we've reached the stop point
[2025-05-21 05:47:37] WARNING: Retrieved a total of 0 tweets across 1 pages
[2025-05-21 05:47:37] WARNING: No new tweets found with trust commands. Exiting without error.
[2025-05-21 05:47:37] WARNING: Collection complete!
[2025-05-21 05:47:37] WARNING: - 0 trust assignments processed
[2025-05-21 05:47:37] WARNING: - 2 users in trust network
[2025-05-21 05:47:37] WARNING: - 31 total trust relationships
[2025-05-21 05:57:35] WARNING: === Starting Twitter Trust System Collection ===
[2025-05-21 05:57:35] WARNING: Will collect tweets until reaching previous timestamp: 2025-05-12 06:54:05+00:00
[2025-05-21 05:57:35] WARNING: Retrieving page 1...
[2025-05-21 05:57:37] WARNING: Newest tweet is from: 2025-05-12 06:54:05+00:00
[2025-05-21 05:57:37] WARNING: Reached stop point at tweet from 2025-05-12 06:54:05+00:00
[2025-05-21 05:57:37] WARNING: Retrieved 0 new tweets on page 1
[2025-05-21 05:57:37] WARNING: Stopping pagination as we've reached the stop point
[2025-05-21 05:57:37] WARNING: Retrieved a total of 0 tweets across 1 pages
[2025-05-21 05:57:37] WARNING: No new tweets found with trust commands. Exiting without error.
[2025-05-21 05:57:37] WARNING: Collection complete!
[2025-05-21 05:57:37] WARNING: - 0 trust assignments processed
[2025-05-21 05:57:37] WARNING: - 2 users in trust network
[2025-05-21 05:57:37] WARNING: - 31 total trust relationships
[2025-05-21 06:07:36] WARNING: === Starting Twitter Trust System Collection ===
[2025-05-21 06:07:36] WARNING: Will collect tweets until reaching previous timestamp: 2025-05-12 06:54:05+00:00
[2025-05-21 06:07:36] WARNING: Retrieving page 1...
[2025-05-21 06:07:38] WARNING: Newest tweet is from: 2025-05-12 06:54:05+00:00
[2025-05-21 06:07:38] WARNING: Reached stop point at tweet from 2025-05-12 06:54:05+00:00
[2025-05-21 06:07:38] WARNING: Retrieved 0 new tweets on page 1
[2025-05-21 06:07:38] WARNING: Stopping pagination as we've reached the stop point
[2025-05-21 06:07:38] WARNING: Retrieved a total of 0 tweets across 1 pages
[2025-05-21 06:07:38] WARNING: No new tweets found with trust commands. Exiting without error.
[2025-05-21 06:07:38] WARNING: Collection complete!
[2025-05-21 06:07:38] WARNING: - 0 trust assignments processed
[2025-05-21 06:07:38] WARNING: - 2 users in trust network
[2025-05-21 06:07:38] WARNING: - 31 total trust relationships
[2025-05-21 06:17:35] WARNING: === Starting Twitter Trust System Collection ===
[2025-05-21 06:17:35] WARNING: Will collect tweets until reaching previous timestamp: 2025-05-12 06:54:05+00:00
[2025-05-21 06:17:35] WARNING: Retrieving page 1...
[2025-05-21 06:17:37] WARNING: Newest tweet is from: 2025-05-12 06:54:05+00:00
[2025-05-21 06:17:37] WARNING: Reached stop point at tweet from 2025-05-12 06:54:05+00:00
[2025-05-21 06:17:37] WARNING: Retrieved 0 new tweets on page 1
[2025-05-21 06:17:37] WARNING: Stopping pagination as we've reached the stop point
[2025-05-21 06:17:37] WARNING: Retrieved a total of 0 tweets across 1 pages
[2025-05-21 06:17:37] WARNING: No new tweets found with trust commands. Exiting without error.
[2025-05-21 06:17:37] WARNING: Collection complete!
[2025-05-21 06:17:37] WARNING: - 0 trust assignments processed
[2025-05-21 06:17:37] WARNING: - 2 users in trust network
[2025-05-21 06:17:37] WARNING: - 31 total trust relationships
[2025-05-21 06:27:36] WARNING: === Starting Twitter Trust System Collection ===
[2025-05-21 06:27:36] WARNING: Will collect tweets until reaching previous timestamp: 2025-05-12 06:54:05+00:00
[2025-05-21 06:27:36] WARNING: Retrieving page 1...
[2025-05-21 06:27:39] WARNING: Newest tweet is from: 2025-05-12 06:54:05+00:00
[2025-05-21 06:27:39] WARNING: Reached stop point at tweet from 2025-05-12 06:54:05+00:00
[2025-05-21 06:27:39] WARNING: Retrieved 0 new tweets on page 1
[2025-05-21 06:27:39] WARNING: Stopping pagination as we've reached the stop point
[2025-05-21 06:27:39] WARNING: Retrieved a total of 0 tweets across 1 pages
[2025-05-21 06:27:39] WARNING: No new tweets found with trust commands. Exiting without error.
[2025-05-21 06:27:39] WARNING: Collection complete!
[2025-05-21 06:27:39] WARNING: - 0 trust assignments processed
[2025-05-21 06:27:39] WARNING: - 2 users in trust network
[2025-05-21 06:27:39] WARNING: - 31 total trust relationships
[2025-05-21 06:37:34] WARNING: === Starting Twitter Trust System Collection ===
[2025-05-21 06:37:34] WARNING: Will collect tweets until reaching previous timestamp: 2025-05-12 06:54:05+00:00
[2025-05-21 06:37:34] WARNING: Retrieving page 1...
[2025-05-21 06:37:36] WARNING: Newest tweet is from: 2025-05-12 06:54:05+00:00
[2025-05-21 06:37:36] WARNING: Reached stop point at tweet from 2025-05-12 06:54:05+00:00
[2025-05-21 06:37:36] WARNING: Retrieved 0 new tweets on page 1
[2025-05-21 06:37:36] WARNING: Stopping pagination as we've reached the stop point
[2025-05-21 06:37:36] WARNING: Retrieved a total of 0 tweets across 1 pages
[2025-05-21 06:37:36] WARNING: No new tweets found with trust commands. Exiting without error.
[2025-05-21 06:37:36] WARNING: Collection complete!
[2025-05-21 06:37:36] WARNING: - 0 trust assignments processed
[2025-05-21 06:37:36] WARNING: - 2 users in trust network
[2025-05-21 06:37:36] WARNING: - 31 total trust relationships
[2025-05-21 06:47:34] WARNING: === Starting Twitter Trust System Collection ===
[2025-05-21 06:47:34] WARNING: Will collect tweets until reaching previous timestamp: 2025-05-12 06:54:05+00:00
[2025-05-21 06:47:34] WARNING: Retrieving page 1...
[2025-05-21 06:47:36] WARNING: Newest tweet is from: 2025-05-12 06:54:05+00:00
[2025-05-21 06:47:36] WARNING: Reached stop point at tweet from 2025-05-12 06:54:05+00:00
[2025-05-21 06:47:36] WARNING: Retrieved 0 new tweets on page 1
[2025-05-21 06:47:36] WARNING: Stopping pagination as we've reached the stop point
[2025-05-21 06:47:36] WARNING: Retrieved a total of 0 tweets across 1 pages
[2025-05-21 06:47:36] WARNING: No new tweets found with trust commands. Exiting without error.
[2025-05-21 06:47:36] WARNING: Collection complete!
[2025-05-21 06:47:36] WARNING: - 0 trust assignments processed
[2025-05-21 06:47:36] WARNING: - 2 users in trust network
[2025-05-21 06:47:36] WARNING: - 31 total trust relationships
[2025-05-21 06:57:35] WARNING: === Starting Twitter Trust System Collection ===
[2025-05-21 06:57:35] WARNING: Will collect tweets until reaching previous timestamp: 2025-05-12 06:54:05+00:00
[2025-05-21 06:57:35] WARNING: Retrieving page 1...
[2025-05-21 06:57:38] WARNING: Newest tweet is from: 2025-05-12 06:54:05+00:00
[2025-05-21 06:57:38] WARNING: Reached stop point at tweet from 2025-05-12 06:54:05+00:00
[2025-05-21 06:57:38] WARNING: Retrieved 0 new tweets on page 1
[2025-05-21 06:57:38] WARNING: Stopping pagination as we've reached the stop point
[2025-05-21 06:57:38] WARNING: Retrieved a total of 0 tweets across 1 pages
[2025-05-21 06:57:38] WARNING: No new tweets found with trust commands. Exiting without error.
[2025-05-21 06:57:38] WARNING: Collection complete!
[2025-05-21 06:57:38] WARNING: - 0 trust assignments processed
[2025-05-21 06:57:38] WARNING: - 2 users in trust network
[2025-05-21 06:57:38] WARNING: - 31 total trust relationships
