[2025-06-09 13:07:36] WARNING: Reached stop point at tweet from 2025-05-12 06:54:05+00:00
[2025-06-09 13:07:36] WARNING: Retrieved 0 new tweets on page 1
[2025-06-09 13:07:36] WARNING: Stopping pagination as we've reached the stop point
[2025-06-09 13:07:36] WARNING: Retrieved a total of 0 tweets across 1 pages
[2025-06-09 13:07:36] WARNING: No new tweets found with trust commands. Exiting without error.
[2025-06-09 13:07:36] WARNING: Collection complete!
[2025-06-09 13:07:36] WARNING: - 0 trust assignments processed
[2025-06-09 13:07:36] WARNING: - 2 users in trust network
[2025-06-09 13:07:36] WARNING: - 31 total trust relationships
[2025-06-09 13:17:32] WARNING: === Starting Twitter Trust System Collection ===
[2025-06-09 13:17:32] WARNING: Will collect tweets until reaching previous timestamp: 2025-05-12 06:54:05+00:00
[2025-06-09 13:17:32] WARNING: Retrieving page 1...
[2025-06-09 13:17:34] WARNING: Newest tweet is from: 2025-05-12 06:54:05+00:00
[2025-06-09 13:17:34] WARNING: Reached stop point at tweet from 2025-05-12 06:54:05+00:00
[2025-06-09 13:17:34] WARNING: Retrieved 0 new tweets on page 1
[2025-06-09 13:17:34] WARNING: Stopping pagination as we've reached the stop point
[2025-06-09 13:17:34] WARNING: Retrieved a total of 0 tweets across 1 pages
[2025-06-09 13:17:34] WARNING: No new tweets found with trust commands. Exiting without error.
[2025-06-09 13:17:34] WARNING: Collection complete!
[2025-06-09 13:17:34] WARNING: - 0 trust assignments processed
[2025-06-09 13:17:34] WARNING: - 2 users in trust network
[2025-06-09 13:17:34] WARNING: - 31 total trust relationships
[2025-06-09 13:27:32] WARNING: === Starting Twitter Trust System Collection ===
[2025-06-09 13:27:32] WARNING: Will collect tweets until reaching previous timestamp: 2025-05-12 06:54:05+00:00
[2025-06-09 13:27:32] WARNING: Retrieving page 1...
[2025-06-09 13:27:34] WARNING: Newest tweet is from: 2025-05-12 06:54:05+00:00
[2025-06-09 13:27:34] WARNING: Reached stop point at tweet from 2025-05-12 06:54:05+00:00
[2025-06-09 13:27:34] WARNING: Retrieved 0 new tweets on page 1
[2025-06-09 13:27:34] WARNING: Stopping pagination as we've reached the stop point
[2025-06-09 13:27:34] WARNING: Retrieved a total of 0 tweets across 1 pages
[2025-06-09 13:27:34] WARNING: No new tweets found with trust commands. Exiting without error.
[2025-06-09 13:27:34] WARNING: Collection complete!
[2025-06-09 13:27:34] WARNING: - 0 trust assignments processed
[2025-06-09 13:27:34] WARNING: - 2 users in trust network
[2025-06-09 13:27:34] WARNING: - 31 total trust relationships
[2025-06-09 13:37:32] WARNING: === Starting Twitter Trust System Collection ===
[2025-06-09 13:37:32] WARNING: Will collect tweets until reaching previous timestamp: 2025-05-12 06:54:05+00:00
[2025-06-09 13:37:32] WARNING: Retrieving page 1...
[2025-06-09 13:37:34] WARNING: Newest tweet is from: 2025-05-12 06:54:05+00:00
[2025-06-09 13:37:34] WARNING: Reached stop point at tweet from 2025-05-12 06:54:05+00:00
[2025-06-09 13:37:34] WARNING: Retrieved 0 new tweets on page 1
[2025-06-09 13:37:34] WARNING: Stopping pagination as we've reached the stop point
[2025-06-09 13:37:34] WARNING: Retrieved a total of 0 tweets across 1 pages
[2025-06-09 13:37:34] WARNING: No new tweets found with trust commands. Exiting without error.
[2025-06-09 13:37:34] WARNING: Collection complete!
[2025-06-09 13:37:34] WARNING: - 0 trust assignments processed
[2025-06-09 13:37:34] WARNING: - 2 users in trust network
[2025-06-09 13:37:34] WARNING: - 31 total trust relationships
[2025-06-09 13:47:33] WARNING: === Starting Twitter Trust System Collection ===
[2025-06-09 13:47:33] WARNING: Will collect tweets until reaching previous timestamp: 2025-05-12 06:54:05+00:00
[2025-06-09 13:47:33] WARNING: Retrieving page 1...
[2025-06-09 13:47:35] WARNING: Newest tweet is from: 2025-05-12 06:54:05+00:00
[2025-06-09 13:47:35] WARNING: Reached stop point at tweet from 2025-05-12 06:54:05+00:00
[2025-06-09 13:47:35] WARNING: Retrieved 0 new tweets on page 1
[2025-06-09 13:47:35] WARNING: Stopping pagination as we've reached the stop point
[2025-06-09 13:47:35] WARNING: Retrieved a total of 0 tweets across 1 pages
[2025-06-09 13:47:35] WARNING: No new tweets found with trust commands. Exiting without error.
[2025-06-09 13:47:35] WARNING: Collection complete!
[2025-06-09 13:47:35] WARNING: - 0 trust assignments processed
[2025-06-09 13:47:35] WARNING: - 2 users in trust network
[2025-06-09 13:47:35] WARNING: - 31 total trust relationships
[2025-06-09 13:57:35] WARNING: === Starting Twitter Trust System Collection ===
[2025-06-09 13:57:35] WARNING: Will collect tweets until reaching previous timestamp: 2025-05-12 06:54:05+00:00
[2025-06-09 13:57:35] WARNING: Retrieving page 1...
[2025-06-09 13:57:37] WARNING: Newest tweet is from: 2025-05-12 06:54:05+00:00
[2025-06-09 13:57:37] WARNING: Reached stop point at tweet from 2025-05-12 06:54:05+00:00
[2025-06-09 13:57:37] WARNING: Retrieved 0 new tweets on page 1
[2025-06-09 13:57:37] WARNING: Stopping pagination as we've reached the stop point
[2025-06-09 13:57:37] WARNING: Retrieved a total of 0 tweets across 1 pages
[2025-06-09 13:57:37] WARNING: No new tweets found with trust commands. Exiting without error.
[2025-06-09 13:57:37] WARNING: Collection complete!
[2025-06-09 13:57:37] WARNING: - 0 trust assignments processed
[2025-06-09 13:57:37] WARNING: - 2 users in trust network
[2025-06-09 13:57:37] WARNING: - 31 total trust relationships
[2025-06-09 14:07:37] WARNING: === Starting Twitter Trust System Collection ===
[2025-06-09 14:07:37] WARNING: Will collect tweets until reaching previous timestamp: 2025-05-12 06:54:05+00:00
[2025-06-09 14:07:37] WARNING: Retrieving page 1...
[2025-06-09 14:07:38] WARNING: Newest tweet is from: 2025-05-12 06:54:05+00:00
[2025-06-09 14:07:38] WARNING: Reached stop point at tweet from 2025-05-12 06:54:05+00:00
[2025-06-09 14:07:38] WARNING: Retrieved 0 new tweets on page 1
[2025-06-09 14:07:38] WARNING: Stopping pagination as we've reached the stop point
[2025-06-09 14:07:38] WARNING: Retrieved a total of 0 tweets across 1 pages
[2025-06-09 14:07:38] WARNING: No new tweets found with trust commands. Exiting without error.
[2025-06-09 14:07:38] WARNING: Collection complete!
[2025-06-09 14:07:38] WARNING: - 0 trust assignments processed
[2025-06-09 14:07:38] WARNING: - 2 users in trust network
[2025-06-09 14:07:38] WARNING: - 31 total trust relationships
[2025-06-09 14:17:33] WARNING: === Starting Twitter Trust System Collection ===
[2025-06-09 14:17:33] WARNING: Will collect tweets until reaching previous timestamp: 2025-05-12 06:54:05+00:00
[2025-06-09 14:17:33] WARNING: Retrieving page 1...
[2025-06-09 14:17:34] WARNING: Newest tweet is from: 2025-05-12 06:54:05+00:00
[2025-06-09 14:17:34] WARNING: Reached stop point at tweet from 2025-05-12 06:54:05+00:00
[2025-06-09 14:17:34] WARNING: Retrieved 0 new tweets on page 1
[2025-06-09 14:17:34] WARNING: Stopping pagination as we've reached the stop point
[2025-06-09 14:17:34] WARNING: Retrieved a total of 0 tweets across 1 pages
[2025-06-09 14:17:34] WARNING: No new tweets found with trust commands. Exiting without error.
[2025-06-09 14:17:34] WARNING: Collection complete!
[2025-06-09 14:17:34] WARNING: - 0 trust assignments processed
[2025-06-09 14:17:34] WARNING: - 2 users in trust network
[2025-06-09 14:17:34] WARNING: - 31 total trust relationships
[2025-06-09 14:27:33] WARNING: === Starting Twitter Trust System Collection ===
[2025-06-09 14:27:33] WARNING: Will collect tweets until reaching previous timestamp: 2025-05-12 06:54:05+00:00
[2025-06-09 14:27:33] WARNING: Retrieving page 1...
[2025-06-09 14:27:34] WARNING: Newest tweet is from: 2025-05-12 06:54:05+00:00
[2025-06-09 14:27:34] WARNING: Reached stop point at tweet from 2025-05-12 06:54:05+00:00
[2025-06-09 14:27:34] WARNING: Retrieved 0 new tweets on page 1
[2025-06-09 14:27:34] WARNING: Stopping pagination as we've reached the stop point
[2025-06-09 14:27:34] WARNING: Retrieved a total of 0 tweets across 1 pages
[2025-06-09 14:27:34] WARNING: No new tweets found with trust commands. Exiting without error.
[2025-06-09 14:27:34] WARNING: Collection complete!
[2025-06-09 14:27:34] WARNING: - 0 trust assignments processed
[2025-06-09 14:27:34] WARNING: - 2 users in trust network
[2025-06-09 14:27:34] WARNING: - 31 total trust relationships
[2025-06-09 14:37:32] WARNING: === Starting Twitter Trust System Collection ===
[2025-06-09 14:37:32] WARNING: Will collect tweets until reaching previous timestamp: 2025-05-12 06:54:05+00:00
[2025-06-09 14:37:32] WARNING: Retrieving page 1...
[2025-06-09 14:37:36] WARNING: Newest tweet is from: 2025-05-12 06:54:05+00:00
[2025-06-09 14:37:36] WARNING: Reached stop point at tweet from 2025-05-12 06:54:05+00:00
[2025-06-09 14:37:36] WARNING: Retrieved 0 new tweets on page 1
[2025-06-09 14:37:36] WARNING: Stopping pagination as we've reached the stop point
[2025-06-09 14:37:36] WARNING: Retrieved a total of 0 tweets across 1 pages
[2025-06-09 14:37:36] WARNING: No new tweets found with trust commands. Exiting without error.
[2025-06-09 14:37:36] WARNING: Collection complete!
[2025-06-09 14:37:36] WARNING: - 0 trust assignments processed
[2025-06-09 14:37:36] WARNING: - 2 users in trust network
[2025-06-09 14:37:36] WARNING: - 31 total trust relationships
[2025-06-09 14:47:32] WARNING: === Starting Twitter Trust System Collection ===
[2025-06-09 14:47:32] WARNING: Will collect tweets until reaching previous timestamp: 2025-05-12 06:54:05+00:00
[2025-06-09 14:47:32] WARNING: Retrieving page 1...
[2025-06-09 14:47:37] WARNING: Newest tweet is from: 2025-05-12 06:54:05+00:00
[2025-06-09 14:47:37] WARNING: Reached stop point at tweet from 2025-05-12 06:54:05+00:00
[2025-06-09 14:47:37] WARNING: Retrieved 0 new tweets on page 1
[2025-06-09 14:47:37] WARNING: Stopping pagination as we've reached the stop point
[2025-06-09 14:47:37] WARNING: Retrieved a total of 0 tweets across 1 pages
[2025-06-09 14:47:37] WARNING: No new tweets found with trust commands. Exiting without error.
[2025-06-09 14:47:37] WARNING: Collection complete!
[2025-06-09 14:47:37] WARNING: - 0 trust assignments processed
[2025-06-09 14:47:37] WARNING: - 2 users in trust network
[2025-06-09 14:47:37] WARNING: - 31 total trust relationships
[2025-06-09 14:57:32] WARNING: === Starting Twitter Trust System Collection ===
[2025-06-09 14:57:32] WARNING: Will collect tweets until reaching previous timestamp: 2025-05-12 06:54:05+00:00
[2025-06-09 14:57:32] WARNING: Retrieving page 1...
[2025-06-09 14:57:34] WARNING: Newest tweet is from: 2025-05-12 06:54:05+00:00
[2025-06-09 14:57:34] WARNING: Reached stop point at tweet from 2025-05-12 06:54:05+00:00
[2025-06-09 14:57:34] WARNING: Retrieved 0 new tweets on page 1
[2025-06-09 14:57:34] WARNING: Stopping pagination as we've reached the stop point
[2025-06-09 14:57:34] WARNING: Retrieved a total of 0 tweets across 1 pages
[2025-06-09 14:57:34] WARNING: No new tweets found with trust commands. Exiting without error.
[2025-06-09 14:57:34] WARNING: Collection complete!
[2025-06-09 14:57:34] WARNING: - 0 trust assignments processed
[2025-06-09 14:57:34] WARNING: - 2 users in trust network
[2025-06-09 14:57:34] WARNING: - 31 total trust relationships
