[2025-06-13 19:47:34] WARNING: Will collect tweets until reaching previous timestamp: 2025-05-12 06:54:05+00:00
[2025-06-13 19:47:34] WARNING: Retrieving page 1...
[2025-06-13 19:47:35] WARNING: Newest tweet is from: 2025-05-12 06:54:05+00:00
[2025-06-13 19:47:35] WARNING: Reached stop point at tweet from 2025-05-12 06:54:05+00:00
[2025-06-13 19:47:35] WARNING: Retrieved 0 new tweets on page 1
[2025-06-13 19:47:35] WARNING: Stopping pagination as we've reached the stop point
[2025-06-13 19:47:35] WARNING: Retrieved a total of 0 tweets across 1 pages
[2025-06-13 19:47:35] WARNING: No new tweets found with trust commands. Exiting without error.
[2025-06-13 19:47:35] WARNING: Collection complete!
[2025-06-13 19:47:35] WARNING: - 0 trust assignments processed
[2025-06-13 19:47:35] WARNING: - 2 users in trust network
[2025-06-13 19:47:35] WARNING: - 31 total trust relationships
[2025-06-13 19:57:34] WARNING: === Starting Twitter Trust System Collection ===
[2025-06-13 19:57:34] WARNING: Will collect tweets until reaching previous timestamp: 2025-05-12 06:54:05+00:00
[2025-06-13 19:57:34] WARNING: Retrieving page 1...
[2025-06-13 19:57:35] WARNING: Newest tweet is from: 2025-05-12 06:54:05+00:00
[2025-06-13 19:57:35] WARNING: Reached stop point at tweet from 2025-05-12 06:54:05+00:00
[2025-06-13 19:57:35] WARNING: Retrieved 0 new tweets on page 1
[2025-06-13 19:57:35] WARNING: Stopping pagination as we've reached the stop point
[2025-06-13 19:57:35] WARNING: Retrieved a total of 0 tweets across 1 pages
[2025-06-13 19:57:35] WARNING: No new tweets found with trust commands. Exiting without error.
[2025-06-13 19:57:35] WARNING: Collection complete!
[2025-06-13 19:57:35] WARNING: - 0 trust assignments processed
[2025-06-13 19:57:35] WARNING: - 2 users in trust network
[2025-06-13 19:57:35] WARNING: - 31 total trust relationships
[2025-06-13 20:07:34] WARNING: === Starting Twitter Trust System Collection ===
[2025-06-13 20:07:34] WARNING: Will collect tweets until reaching previous timestamp: 2025-05-12 06:54:05+00:00
[2025-06-13 20:07:34] WARNING: Retrieving page 1...
[2025-06-13 20:07:35] WARNING: Newest tweet is from: 2025-05-12 06:54:05+00:00
[2025-06-13 20:07:35] WARNING: Reached stop point at tweet from 2025-05-12 06:54:05+00:00
[2025-06-13 20:07:35] WARNING: Retrieved 0 new tweets on page 1
[2025-06-13 20:07:35] WARNING: Stopping pagination as we've reached the stop point
[2025-06-13 20:07:35] WARNING: Retrieved a total of 0 tweets across 1 pages
[2025-06-13 20:07:35] WARNING: No new tweets found with trust commands. Exiting without error.
[2025-06-13 20:07:35] WARNING: Collection complete!
[2025-06-13 20:07:35] WARNING: - 0 trust assignments processed
[2025-06-13 20:07:35] WARNING: - 2 users in trust network
[2025-06-13 20:07:35] WARNING: - 31 total trust relationships
[2025-06-13 20:17:33] WARNING: === Starting Twitter Trust System Collection ===
[2025-06-13 20:17:33] WARNING: Will collect tweets until reaching previous timestamp: 2025-05-12 06:54:05+00:00
[2025-06-13 20:17:33] WARNING: Retrieving page 1...
[2025-06-13 20:17:35] WARNING: Newest tweet is from: 2025-05-12 06:54:05+00:00
[2025-06-13 20:17:35] WARNING: Reached stop point at tweet from 2025-05-12 06:54:05+00:00
[2025-06-13 20:17:35] WARNING: Retrieved 0 new tweets on page 1
[2025-06-13 20:17:35] WARNING: Stopping pagination as we've reached the stop point
[2025-06-13 20:17:35] WARNING: Retrieved a total of 0 tweets across 1 pages
[2025-06-13 20:17:35] WARNING: No new tweets found with trust commands. Exiting without error.
[2025-06-13 20:17:35] WARNING: Collection complete!
[2025-06-13 20:17:35] WARNING: - 0 trust assignments processed
[2025-06-13 20:17:35] WARNING: - 2 users in trust network
[2025-06-13 20:17:35] WARNING: - 31 total trust relationships
[2025-06-13 20:27:33] WARNING: === Starting Twitter Trust System Collection ===
[2025-06-13 20:27:33] WARNING: Will collect tweets until reaching previous timestamp: 2025-05-12 06:54:05+00:00
[2025-06-13 20:27:33] WARNING: Retrieving page 1...
[2025-06-13 20:27:35] WARNING: Newest tweet is from: 2025-05-12 06:54:05+00:00
[2025-06-13 20:27:35] WARNING: Reached stop point at tweet from 2025-05-12 06:54:05+00:00
[2025-06-13 20:27:35] WARNING: Retrieved 0 new tweets on page 1
[2025-06-13 20:27:35] WARNING: Stopping pagination as we've reached the stop point
[2025-06-13 20:27:35] WARNING: Retrieved a total of 0 tweets across 1 pages
[2025-06-13 20:27:35] WARNING: No new tweets found with trust commands. Exiting without error.
[2025-06-13 20:27:35] WARNING: Collection complete!
[2025-06-13 20:27:35] WARNING: - 0 trust assignments processed
[2025-06-13 20:27:35] WARNING: - 2 users in trust network
[2025-06-13 20:27:35] WARNING: - 31 total trust relationships
[2025-06-13 20:37:33] WARNING: === Starting Twitter Trust System Collection ===
[2025-06-13 20:37:33] WARNING: Will collect tweets until reaching previous timestamp: 2025-05-12 06:54:05+00:00
[2025-06-13 20:37:33] WARNING: Retrieving page 1...
[2025-06-13 20:37:35] WARNING: Newest tweet is from: 2025-05-12 06:54:05+00:00
[2025-06-13 20:37:35] WARNING: Reached stop point at tweet from 2025-05-12 06:54:05+00:00
[2025-06-13 20:37:35] WARNING: Retrieved 0 new tweets on page 1
[2025-06-13 20:37:35] WARNING: Stopping pagination as we've reached the stop point
[2025-06-13 20:37:35] WARNING: Retrieved a total of 0 tweets across 1 pages
[2025-06-13 20:37:35] WARNING: No new tweets found with trust commands. Exiting without error.
[2025-06-13 20:37:35] WARNING: Collection complete!
[2025-06-13 20:37:35] WARNING: - 0 trust assignments processed
[2025-06-13 20:37:35] WARNING: - 2 users in trust network
[2025-06-13 20:37:35] WARNING: - 31 total trust relationships
[2025-06-13 20:47:33] WARNING: === Starting Twitter Trust System Collection ===
[2025-06-13 20:47:33] WARNING: Will collect tweets until reaching previous timestamp: 2025-05-12 06:54:05+00:00
[2025-06-13 20:47:33] WARNING: Retrieving page 1...
[2025-06-13 20:47:35] WARNING: Newest tweet is from: 2025-05-12 06:54:05+00:00
[2025-06-13 20:47:35] WARNING: Reached stop point at tweet from 2025-05-12 06:54:05+00:00
[2025-06-13 20:47:35] WARNING: Retrieved 0 new tweets on page 1
[2025-06-13 20:47:35] WARNING: Stopping pagination as we've reached the stop point
[2025-06-13 20:47:35] WARNING: Retrieved a total of 0 tweets across 1 pages
[2025-06-13 20:47:35] WARNING: No new tweets found with trust commands. Exiting without error.
[2025-06-13 20:47:35] WARNING: Collection complete!
[2025-06-13 20:47:35] WARNING: - 0 trust assignments processed
[2025-06-13 20:47:35] WARNING: - 2 users in trust network
[2025-06-13 20:47:35] WARNING: - 31 total trust relationships
[2025-06-13 20:57:33] WARNING: === Starting Twitter Trust System Collection ===
[2025-06-13 20:57:33] WARNING: Will collect tweets until reaching previous timestamp: 2025-05-12 06:54:05+00:00
[2025-06-13 20:57:33] WARNING: Retrieving page 1...
[2025-06-13 20:57:35] WARNING: Newest tweet is from: 2025-05-12 06:54:05+00:00
[2025-06-13 20:57:35] WARNING: Reached stop point at tweet from 2025-05-12 06:54:05+00:00
[2025-06-13 20:57:35] WARNING: Retrieved 0 new tweets on page 1
[2025-06-13 20:57:35] WARNING: Stopping pagination as we've reached the stop point
[2025-06-13 20:57:35] WARNING: Retrieved a total of 0 tweets across 1 pages
[2025-06-13 20:57:35] WARNING: No new tweets found with trust commands. Exiting without error.
[2025-06-13 20:57:35] WARNING: Collection complete!
[2025-06-13 20:57:35] WARNING: - 0 trust assignments processed
[2025-06-13 20:57:35] WARNING: - 2 users in trust network
[2025-06-13 20:57:35] WARNING: - 31 total trust relationships
