[2025-06-13 11:27:33] WARNING: Will collect tweets until reaching previous timestamp: 2025-05-12 06:54:05+00:00
[2025-06-13 11:27:33] WARNING: Retrieving page 1...
[2025-06-13 11:27:35] WARNING: Newest tweet is from: 2025-05-12 06:54:05+00:00
[2025-06-13 11:27:35] WARNING: Reached stop point at tweet from 2025-05-12 06:54:05+00:00
[2025-06-13 11:27:35] WARNING: Retrieved 0 new tweets on page 1
[2025-06-13 11:27:35] WARNING: Stopping pagination as we've reached the stop point
[2025-06-13 11:27:35] WARNING: Retrieved a total of 0 tweets across 1 pages
[2025-06-13 11:27:35] WARNING: No new tweets found with trust commands. Exiting without error.
[2025-06-13 11:27:35] WARNING: Collection complete!
[2025-06-13 11:27:35] WARNING: - 0 trust assignments processed
[2025-06-13 11:27:35] WARNING: - 2 users in trust network
[2025-06-13 11:27:35] WARNING: - 31 total trust relationships
[2025-06-13 11:37:33] WARNING: === Starting Twitter Trust System Collection ===
[2025-06-13 11:37:33] WARNING: Will collect tweets until reaching previous timestamp: 2025-05-12 06:54:05+00:00
[2025-06-13 11:37:33] WARNING: Retrieving page 1...
[2025-06-13 11:37:36] WARNING: Newest tweet is from: 2025-05-12 06:54:05+00:00
[2025-06-13 11:37:36] WARNING: Reached stop point at tweet from 2025-05-12 06:54:05+00:00
[2025-06-13 11:37:36] WARNING: Retrieved 0 new tweets on page 1
[2025-06-13 11:37:36] WARNING: Stopping pagination as we've reached the stop point
[2025-06-13 11:37:36] WARNING: Retrieved a total of 0 tweets across 1 pages
[2025-06-13 11:37:36] WARNING: No new tweets found with trust commands. Exiting without error.
[2025-06-13 11:37:36] WARNING: Collection complete!
[2025-06-13 11:37:36] WARNING: - 0 trust assignments processed
[2025-06-13 11:37:36] WARNING: - 2 users in trust network
[2025-06-13 11:37:36] WARNING: - 31 total trust relationships
[2025-06-13 11:47:33] WARNING: === Starting Twitter Trust System Collection ===
[2025-06-13 11:47:33] WARNING: Will collect tweets until reaching previous timestamp: 2025-05-12 06:54:05+00:00
[2025-06-13 11:47:33] WARNING: Retrieving page 1...
[2025-06-13 11:47:35] WARNING: Newest tweet is from: 2025-05-12 06:54:05+00:00
[2025-06-13 11:47:35] WARNING: Reached stop point at tweet from 2025-05-12 06:54:05+00:00
[2025-06-13 11:47:35] WARNING: Retrieved 0 new tweets on page 1
[2025-06-13 11:47:35] WARNING: Stopping pagination as we've reached the stop point
[2025-06-13 11:47:35] WARNING: Retrieved a total of 0 tweets across 1 pages
[2025-06-13 11:47:35] WARNING: No new tweets found with trust commands. Exiting without error.
[2025-06-13 11:47:35] WARNING: Collection complete!
[2025-06-13 11:47:35] WARNING: - 0 trust assignments processed
[2025-06-13 11:47:35] WARNING: - 2 users in trust network
[2025-06-13 11:47:35] WARNING: - 31 total trust relationships
[2025-06-13 11:57:33] WARNING: === Starting Twitter Trust System Collection ===
[2025-06-13 11:57:33] WARNING: Will collect tweets until reaching previous timestamp: 2025-05-12 06:54:05+00:00
[2025-06-13 11:57:33] WARNING: Retrieving page 1...
[2025-06-13 11:57:35] WARNING: Newest tweet is from: 2025-05-12 06:54:05+00:00
[2025-06-13 11:57:35] WARNING: Reached stop point at tweet from 2025-05-12 06:54:05+00:00
[2025-06-13 11:57:35] WARNING: Retrieved 0 new tweets on page 1
[2025-06-13 11:57:35] WARNING: Stopping pagination as we've reached the stop point
[2025-06-13 11:57:35] WARNING: Retrieved a total of 0 tweets across 1 pages
[2025-06-13 11:57:35] WARNING: No new tweets found with trust commands. Exiting without error.
[2025-06-13 11:57:35] WARNING: Collection complete!
[2025-06-13 11:57:35] WARNING: - 0 trust assignments processed
[2025-06-13 11:57:35] WARNING: - 2 users in trust network
[2025-06-13 11:57:35] WARNING: - 31 total trust relationships
[2025-06-13 12:07:33] WARNING: === Starting Twitter Trust System Collection ===
[2025-06-13 12:07:33] WARNING: Will collect tweets until reaching previous timestamp: 2025-05-12 06:54:05+00:00
[2025-06-13 12:07:33] WARNING: Retrieving page 1...
[2025-06-13 12:07:36] WARNING: Newest tweet is from: 2025-05-12 06:54:05+00:00
[2025-06-13 12:07:36] WARNING: Reached stop point at tweet from 2025-05-12 06:54:05+00:00
[2025-06-13 12:07:36] WARNING: Retrieved 0 new tweets on page 1
[2025-06-13 12:07:36] WARNING: Stopping pagination as we've reached the stop point
[2025-06-13 12:07:36] WARNING: Retrieved a total of 0 tweets across 1 pages
[2025-06-13 12:07:36] WARNING: No new tweets found with trust commands. Exiting without error.
[2025-06-13 12:07:36] WARNING: Collection complete!
[2025-06-13 12:07:36] WARNING: - 0 trust assignments processed
[2025-06-13 12:07:36] WARNING: - 2 users in trust network
[2025-06-13 12:07:36] WARNING: - 31 total trust relationships
[2025-06-13 12:17:33] WARNING: === Starting Twitter Trust System Collection ===
[2025-06-13 12:17:33] WARNING: Will collect tweets until reaching previous timestamp: 2025-05-12 06:54:05+00:00
[2025-06-13 12:17:33] WARNING: Retrieving page 1...
[2025-06-13 12:17:36] WARNING: Newest tweet is from: 2025-05-12 06:54:05+00:00
[2025-06-13 12:17:36] WARNING: Reached stop point at tweet from 2025-05-12 06:54:05+00:00
[2025-06-13 12:17:36] WARNING: Retrieved 0 new tweets on page 1
[2025-06-13 12:17:36] WARNING: Stopping pagination as we've reached the stop point
[2025-06-13 12:17:36] WARNING: Retrieved a total of 0 tweets across 1 pages
[2025-06-13 12:17:36] WARNING: No new tweets found with trust commands. Exiting without error.
[2025-06-13 12:17:36] WARNING: Collection complete!
[2025-06-13 12:17:36] WARNING: - 0 trust assignments processed
[2025-06-13 12:17:36] WARNING: - 2 users in trust network
[2025-06-13 12:17:36] WARNING: - 31 total trust relationships
[2025-06-13 12:27:33] WARNING: === Starting Twitter Trust System Collection ===
[2025-06-13 12:27:33] WARNING: Will collect tweets until reaching previous timestamp: 2025-05-12 06:54:05+00:00
[2025-06-13 12:27:33] WARNING: Retrieving page 1...
[2025-06-13 12:27:35] WARNING: Newest tweet is from: 2025-05-12 06:54:05+00:00
[2025-06-13 12:27:35] WARNING: Reached stop point at tweet from 2025-05-12 06:54:05+00:00
[2025-06-13 12:27:35] WARNING: Retrieved 0 new tweets on page 1
[2025-06-13 12:27:35] WARNING: Stopping pagination as we've reached the stop point
[2025-06-13 12:27:35] WARNING: Retrieved a total of 0 tweets across 1 pages
[2025-06-13 12:27:35] WARNING: No new tweets found with trust commands. Exiting without error.
[2025-06-13 12:27:35] WARNING: Collection complete!
[2025-06-13 12:27:35] WARNING: - 0 trust assignments processed
[2025-06-13 12:27:35] WARNING: - 2 users in trust network
[2025-06-13 12:27:35] WARNING: - 31 total trust relationships
[2025-06-13 12:37:33] WARNING: === Starting Twitter Trust System Collection ===
[2025-06-13 12:37:33] WARNING: Will collect tweets until reaching previous timestamp: 2025-05-12 06:54:05+00:00
[2025-06-13 12:37:33] WARNING: Retrieving page 1...
[2025-06-13 12:37:35] WARNING: Newest tweet is from: 2025-05-12 06:54:05+00:00
[2025-06-13 12:37:35] WARNING: Reached stop point at tweet from 2025-05-12 06:54:05+00:00
[2025-06-13 12:37:35] WARNING: Retrieved 0 new tweets on page 1
[2025-06-13 12:37:35] WARNING: Stopping pagination as we've reached the stop point
[2025-06-13 12:37:35] WARNING: Retrieved a total of 0 tweets across 1 pages
[2025-06-13 12:37:35] WARNING: No new tweets found with trust commands. Exiting without error.
[2025-06-13 12:37:35] WARNING: Collection complete!
[2025-06-13 12:37:35] WARNING: - 0 trust assignments processed
[2025-06-13 12:37:35] WARNING: - 2 users in trust network
[2025-06-13 12:37:35] WARNING: - 31 total trust relationships
[2025-06-13 12:47:33] WARNING: === Starting Twitter Trust System Collection ===
[2025-06-13 12:47:33] WARNING: Will collect tweets until reaching previous timestamp: 2025-05-12 06:54:05+00:00
[2025-06-13 12:47:33] WARNING: Retrieving page 1...
[2025-06-13 12:47:35] WARNING: Newest tweet is from: 2025-05-12 06:54:05+00:00
[2025-06-13 12:47:35] WARNING: Reached stop point at tweet from 2025-05-12 06:54:05+00:00
[2025-06-13 12:47:35] WARNING: Retrieved 0 new tweets on page 1
[2025-06-13 12:47:35] WARNING: Stopping pagination as we've reached the stop point
[2025-06-13 12:47:35] WARNING: Retrieved a total of 0 tweets across 1 pages
[2025-06-13 12:47:35] WARNING: No new tweets found with trust commands. Exiting without error.
[2025-06-13 12:47:35] WARNING: Collection complete!
[2025-06-13 12:47:35] WARNING: - 0 trust assignments processed
[2025-06-13 12:47:35] WARNING: - 2 users in trust network
[2025-06-13 12:47:35] WARNING: - 31 total trust relationships
[2025-06-13 12:57:33] WARNING: === Starting Twitter Trust System Collection ===
[2025-06-13 12:57:33] WARNING: Will collect tweets until reaching previous timestamp: 2025-05-12 06:54:05+00:00
[2025-06-13 12:57:33] WARNING: Retrieving page 1...
[2025-06-13 12:57:36] WARNING: Newest tweet is from: 2025-05-12 06:54:05+00:00
[2025-06-13 12:57:36] WARNING: Reached stop point at tweet from 2025-05-12 06:54:05+00:00
[2025-06-13 12:57:36] WARNING: Retrieved 0 new tweets on page 1
[2025-06-13 12:57:36] WARNING: Stopping pagination as we've reached the stop point
[2025-06-13 12:57:36] WARNING: Retrieved a total of 0 tweets across 1 pages
[2025-06-13 12:57:36] WARNING: No new tweets found with trust commands. Exiting without error.
[2025-06-13 12:57:36] WARNING: Collection complete!
[2025-06-13 12:57:36] WARNING: - 0 trust assignments processed
[2025-06-13 12:57:36] WARNING: - 2 users in trust network
[2025-06-13 12:57:36] WARNING: - 31 total trust relationships
[2025-06-13 13:07:33] WARNING: === Starting Twitter Trust System Collection ===
[2025-06-13 13:07:33] WARNING: Will collect tweets until reaching previous timestamp: 2025-05-12 06:54:05+00:00
[2025-06-13 13:07:33] WARNING: Retrieving page 1...
[2025-06-13 13:07:36] WARNING: Newest tweet is from: 2025-05-12 06:54:05+00:00
[2025-06-13 13:07:36] WARNING: Reached stop point at tweet from 2025-05-12 06:54:05+00:00
[2025-06-13 13:07:36] WARNING: Retrieved 0 new tweets on page 1
[2025-06-13 13:07:36] WARNING: Stopping pagination as we've reached the stop point
[2025-06-13 13:07:36] WARNING: Retrieved a total of 0 tweets across 1 pages
[2025-06-13 13:07:36] WARNING: No new tweets found with trust commands. Exiting without error.
[2025-06-13 13:07:36] WARNING: Collection complete!
[2025-06-13 13:07:36] WARNING: - 0 trust assignments processed
[2025-06-13 13:07:36] WARNING: - 2 users in trust network
[2025-06-13 13:07:36] WARNING: - 31 total trust relationships
[2025-06-13 13:17:33] WARNING: === Starting Twitter Trust System Collection ===
[2025-06-13 13:17:33] WARNING: Will collect tweets until reaching previous timestamp: 2025-05-12 06:54:05+00:00
[2025-06-13 13:17:33] WARNING: Retrieving page 1...
[2025-06-13 13:17:35] WARNING: Newest tweet is from: 2025-05-12 06:54:05+00:00
[2025-06-13 13:17:35] WARNING: Reached stop point at tweet from 2025-05-12 06:54:05+00:00
[2025-06-13 13:17:35] WARNING: Retrieved 0 new tweets on page 1
[2025-06-13 13:17:35] WARNING: Stopping pagination as we've reached the stop point
[2025-06-13 13:17:35] WARNING: Retrieved a total of 0 tweets across 1 pages
[2025-06-13 13:17:35] WARNING: No new tweets found with trust commands. Exiting without error.
[2025-06-13 13:17:35] WARNING: Collection complete!
[2025-06-13 13:17:35] WARNING: - 0 trust assignments processed
[2025-06-13 13:17:35] WARNING: - 2 users in trust network
[2025-06-13 13:17:35] WARNING: - 31 total trust relationships
[2025-06-13 13:27:33] WARNING: === Starting Twitter Trust System Collection ===
[2025-06-13 13:27:33] WARNING: Will collect tweets until reaching previous timestamp: 2025-05-12 06:54:05+00:00
[2025-06-13 13:27:33] WARNING: Retrieving page 1...
[2025-06-13 13:27:36] WARNING: Newest tweet is from: 2025-05-12 06:54:05+00:00
[2025-06-13 13:27:36] WARNING: Reached stop point at tweet from 2025-05-12 06:54:05+00:00
[2025-06-13 13:27:36] WARNING: Retrieved 0 new tweets on page 1
[2025-06-13 13:27:36] WARNING: Stopping pagination as we've reached the stop point
[2025-06-13 13:27:36] WARNING: Retrieved a total of 0 tweets across 1 pages
[2025-06-13 13:27:36] WARNING: No new tweets found with trust commands. Exiting without error.
[2025-06-13 13:27:36] WARNING: Collection complete!
[2025-06-13 13:27:36] WARNING: - 0 trust assignments processed
[2025-06-13 13:27:36] WARNING: - 2 users in trust network
[2025-06-13 13:27:36] WARNING: - 31 total trust relationships
[2025-06-13 13:37:33] WARNING: === Starting Twitter Trust System Collection ===
[2025-06-13 13:37:33] WARNING: Will collect tweets until reaching previous timestamp: 2025-05-12 06:54:05+00:00
[2025-06-13 13:37:33] WARNING: Retrieving page 1...
[2025-06-13 13:37:37] WARNING: Newest tweet is from: 2025-05-12 06:54:05+00:00
[2025-06-13 13:37:37] WARNING: Reached stop point at tweet from 2025-05-12 06:54:05+00:00
[2025-06-13 13:37:37] WARNING: Retrieved 0 new tweets on page 1
[2025-06-13 13:37:37] WARNING: Stopping pagination as we've reached the stop point
[2025-06-13 13:37:37] WARNING: Retrieved a total of 0 tweets across 1 pages
[2025-06-13 13:37:37] WARNING: No new tweets found with trust commands. Exiting without error.
[2025-06-13 13:37:37] WARNING: Collection complete!
[2025-06-13 13:37:37] WARNING: - 0 trust assignments processed
[2025-06-13 13:37:37] WARNING: - 2 users in trust network
[2025-06-13 13:37:37] WARNING: - 31 total trust relationships
[2025-06-13 13:47:33] WARNING: === Starting Twitter Trust System Collection ===
[2025-06-13 13:47:33] WARNING: Will collect tweets until reaching previous timestamp: 2025-05-12 06:54:05+00:00
[2025-06-13 13:47:33] WARNING: Retrieving page 1...
[2025-06-13 13:47:37] WARNING: Newest tweet is from: 2025-05-12 06:54:05+00:00
[2025-06-13 13:47:37] WARNING: Reached stop point at tweet from 2025-05-12 06:54:05+00:00
[2025-06-13 13:47:37] WARNING: Retrieved 0 new tweets on page 1
[2025-06-13 13:47:37] WARNING: Stopping pagination as we've reached the stop point
[2025-06-13 13:47:37] WARNING: Retrieved a total of 0 tweets across 1 pages
[2025-06-13 13:47:37] WARNING: No new tweets found with trust commands. Exiting without error.
[2025-06-13 13:47:37] WARNING: Collection complete!
[2025-06-13 13:47:37] WARNING: - 0 trust assignments processed
[2025-06-13 13:47:37] WARNING: - 2 users in trust network
[2025-06-13 13:47:37] WARNING: - 31 total trust relationships
[2025-06-13 13:57:33] WARNING: === Starting Twitter Trust System Collection ===
[2025-06-13 13:57:33] WARNING: Will collect tweets until reaching previous timestamp: 2025-05-12 06:54:05+00:00
[2025-06-13 13:57:33] WARNING: Retrieving page 1...
[2025-06-13 13:57:35] WARNING: Newest tweet is from: 2025-05-12 06:54:05+00:00
[2025-06-13 13:57:35] WARNING: Reached stop point at tweet from 2025-05-12 06:54:05+00:00
[2025-06-13 13:57:35] WARNING: Retrieved 0 new tweets on page 1
[2025-06-13 13:57:35] WARNING: Stopping pagination as we've reached the stop point
[2025-06-13 13:57:35] WARNING: Retrieved a total of 0 tweets across 1 pages
[2025-06-13 13:57:35] WARNING: No new tweets found with trust commands. Exiting without error.
[2025-06-13 13:57:35] WARNING: Collection complete!
[2025-06-13 13:57:35] WARNING: - 0 trust assignments processed
[2025-06-13 13:57:35] WARNING: - 2 users in trust network
[2025-06-13 13:57:35] WARNING: - 31 total trust relationships
[2025-06-13 14:07:33] WARNING: === Starting Twitter Trust System Collection ===
[2025-06-13 14:07:33] WARNING: Will collect tweets until reaching previous timestamp: 2025-05-12 06:54:05+00:00
[2025-06-13 14:07:33] WARNING: Retrieving page 1...
[2025-06-13 14:07:35] WARNING: Newest tweet is from: 2025-05-12 06:54:05+00:00
[2025-06-13 14:07:35] WARNING: Reached stop point at tweet from 2025-05-12 06:54:05+00:00
[2025-06-13 14:07:35] WARNING: Retrieved 0 new tweets on page 1
[2025-06-13 14:07:35] WARNING: Stopping pagination as we've reached the stop point
[2025-06-13 14:07:35] WARNING: Retrieved a total of 0 tweets across 1 pages
[2025-06-13 14:07:35] WARNING: No new tweets found with trust commands. Exiting without error.
[2025-06-13 14:07:35] WARNING: Collection complete!
[2025-06-13 14:07:35] WARNING: - 0 trust assignments processed
[2025-06-13 14:07:35] WARNING: - 2 users in trust network
[2025-06-13 14:07:35] WARNING: - 31 total trust relationships
[2025-06-13 14:17:33] WARNING: === Starting Twitter Trust System Collection ===
[2025-06-13 14:17:33] WARNING: Will collect tweets until reaching previous timestamp: 2025-05-12 06:54:05+00:00
[2025-06-13 14:17:33] WARNING: Retrieving page 1...
[2025-06-13 14:17:35] WARNING: Newest tweet is from: 2025-05-12 06:54:05+00:00
[2025-06-13 14:17:35] WARNING: Reached stop point at tweet from 2025-05-12 06:54:05+00:00
[2025-06-13 14:17:35] WARNING: Retrieved 0 new tweets on page 1
[2025-06-13 14:17:35] WARNING: Stopping pagination as we've reached the stop point
[2025-06-13 14:17:35] WARNING: Retrieved a total of 0 tweets across 1 pages
[2025-06-13 14:17:35] WARNING: No new tweets found with trust commands. Exiting without error.
[2025-06-13 14:17:35] WARNING: Collection complete!
[2025-06-13 14:17:35] WARNING: - 0 trust assignments processed
[2025-06-13 14:17:35] WARNING: - 2 users in trust network
[2025-06-13 14:17:35] WARNING: - 31 total trust relationships
[2025-06-13 14:27:33] WARNING: === Starting Twitter Trust System Collection ===
[2025-06-13 14:27:33] WARNING: Will collect tweets until reaching previous timestamp: 2025-05-12 06:54:05+00:00
[2025-06-13 14:27:33] WARNING: Retrieving page 1...
[2025-06-13 14:27:35] WARNING: Newest tweet is from: 2025-05-12 06:54:05+00:00
[2025-06-13 14:27:35] WARNING: Reached stop point at tweet from 2025-05-12 06:54:05+00:00
[2025-06-13 14:27:35] WARNING: Retrieved 0 new tweets on page 1
[2025-06-13 14:27:35] WARNING: Stopping pagination as we've reached the stop point
[2025-06-13 14:27:35] WARNING: Retrieved a total of 0 tweets across 1 pages
[2025-06-13 14:27:35] WARNING: No new tweets found with trust commands. Exiting without error.
[2025-06-13 14:27:35] WARNING: Collection complete!
[2025-06-13 14:27:35] WARNING: - 0 trust assignments processed
[2025-06-13 14:27:35] WARNING: - 2 users in trust network
[2025-06-13 14:27:35] WARNING: - 31 total trust relationships
[2025-06-13 14:37:34] WARNING: === Starting Twitter Trust System Collection ===
[2025-06-13 14:37:34] WARNING: Will collect tweets until reaching previous timestamp: 2025-05-12 06:54:05+00:00
[2025-06-13 14:37:34] WARNING: Retrieving page 1...
[2025-06-13 14:37:36] WARNING: Newest tweet is from: 2025-05-12 06:54:05+00:00
[2025-06-13 14:37:36] WARNING: Reached stop point at tweet from 2025-05-12 06:54:05+00:00
[2025-06-13 14:37:36] WARNING: Retrieved 0 new tweets on page 1
[2025-06-13 14:37:36] WARNING: Stopping pagination as we've reached the stop point
[2025-06-13 14:37:36] WARNING: Retrieved a total of 0 tweets across 1 pages
[2025-06-13 14:37:36] WARNING: No new tweets found with trust commands. Exiting without error.
[2025-06-13 14:37:36] WARNING: Collection complete!
[2025-06-13 14:37:36] WARNING: - 0 trust assignments processed
[2025-06-13 14:37:36] WARNING: - 2 users in trust network
[2025-06-13 14:37:36] WARNING: - 31 total trust relationships
[2025-06-13 14:47:33] WARNING: === Starting Twitter Trust System Collection ===
[2025-06-13 14:47:34] WARNING: Will collect tweets until reaching previous timestamp: 2025-05-12 06:54:05+00:00
[2025-06-13 14:47:34] WARNING: Retrieving page 1...
[2025-06-13 14:47:35] WARNING: Newest tweet is from: 2025-05-12 06:54:05+00:00
[2025-06-13 14:47:35] WARNING: Reached stop point at tweet from 2025-05-12 06:54:05+00:00
[2025-06-13 14:47:35] WARNING: Retrieved 0 new tweets on page 1
[2025-06-13 14:47:35] WARNING: Stopping pagination as we've reached the stop point
[2025-06-13 14:47:35] WARNING: Retrieved a total of 0 tweets across 1 pages
[2025-06-13 14:47:35] WARNING: No new tweets found with trust commands. Exiting without error.
[2025-06-13 14:47:35] WARNING: Collection complete!
[2025-06-13 14:47:35] WARNING: - 0 trust assignments processed
[2025-06-13 14:47:35] WARNING: - 2 users in trust network
[2025-06-13 14:47:35] WARNING: - 31 total trust relationships
[2025-06-13 14:57:34] WARNING: === Starting Twitter Trust System Collection ===
[2025-06-13 14:57:34] WARNING: Will collect tweets until reaching previous timestamp: 2025-05-12 06:54:05+00:00
[2025-06-13 14:57:34] WARNING: Retrieving page 1...
[2025-06-13 14:57:36] WARNING: Newest tweet is from: 2025-05-12 06:54:05+00:00
[2025-06-13 14:57:36] WARNING: Reached stop point at tweet from 2025-05-12 06:54:05+00:00
[2025-06-13 14:57:36] WARNING: Retrieved 0 new tweets on page 1
[2025-06-13 14:57:36] WARNING: Stopping pagination as we've reached the stop point
[2025-06-13 14:57:36] WARNING: Retrieved a total of 0 tweets across 1 pages
[2025-06-13 14:57:36] WARNING: No new tweets found with trust commands. Exiting without error.
[2025-06-13 14:57:36] WARNING: Collection complete!
[2025-06-13 14:57:36] WARNING: - 0 trust assignments processed
[2025-06-13 14:57:36] WARNING: - 2 users in trust network
[2025-06-13 14:57:36] WARNING: - 31 total trust relationships
[2025-06-13 15:07:34] WARNING: === Starting Twitter Trust System Collection ===
[2025-06-13 15:07:34] WARNING: Will collect tweets until reaching previous timestamp: 2025-05-12 06:54:05+00:00
[2025-06-13 15:07:34] WARNING: Retrieving page 1...
[2025-06-13 15:07:35] WARNING: Newest tweet is from: 2025-05-12 06:54:05+00:00
[2025-06-13 15:07:35] WARNING: Reached stop point at tweet from 2025-05-12 06:54:05+00:00
[2025-06-13 15:07:35] WARNING: Retrieved 0 new tweets on page 1
[2025-06-13 15:07:35] WARNING: Stopping pagination as we've reached the stop point
[2025-06-13 15:07:35] WARNING: Retrieved a total of 0 tweets across 1 pages
[2025-06-13 15:07:35] WARNING: No new tweets found with trust commands. Exiting without error.
[2025-06-13 15:07:35] WARNING: Collection complete!
[2025-06-13 15:07:35] WARNING: - 0 trust assignments processed
[2025-06-13 15:07:35] WARNING: - 2 users in trust network
[2025-06-13 15:07:35] WARNING: - 31 total trust relationships
[2025-06-13 15:17:34] WARNING: === Starting Twitter Trust System Collection ===
[2025-06-13 15:17:34] WARNING: Will collect tweets until reaching previous timestamp: 2025-05-12 06:54:05+00:00
[2025-06-13 15:17:34] WARNING: Retrieving page 1...
[2025-06-13 15:17:37] WARNING: Newest tweet is from: 2025-05-12 06:54:05+00:00
[2025-06-13 15:17:37] WARNING: Reached stop point at tweet from 2025-05-12 06:54:05+00:00
[2025-06-13 15:17:37] WARNING: Retrieved 0 new tweets on page 1
[2025-06-13 15:17:37] WARNING: Stopping pagination as we've reached the stop point
[2025-06-13 15:17:37] WARNING: Retrieved a total of 0 tweets across 1 pages
[2025-06-13 15:17:37] WARNING: No new tweets found with trust commands. Exiting without error.
[2025-06-13 15:17:37] WARNING: Collection complete!
[2025-06-13 15:17:37] WARNING: - 0 trust assignments processed
[2025-06-13 15:17:37] WARNING: - 2 users in trust network
[2025-06-13 15:17:37] WARNING: - 31 total trust relationships
[2025-06-13 15:27:34] WARNING: === Starting Twitter Trust System Collection ===
[2025-06-13 15:27:34] WARNING: Will collect tweets until reaching previous timestamp: 2025-05-12 06:54:05+00:00
[2025-06-13 15:27:34] WARNING: Retrieving page 1...
[2025-06-13 15:27:35] WARNING: Newest tweet is from: 2025-05-12 06:54:05+00:00
[2025-06-13 15:27:35] WARNING: Reached stop point at tweet from 2025-05-12 06:54:05+00:00
[2025-06-13 15:27:35] WARNING: Retrieved 0 new tweets on page 1
[2025-06-13 15:27:35] WARNING: Stopping pagination as we've reached the stop point
[2025-06-13 15:27:35] WARNING: Retrieved a total of 0 tweets across 1 pages
[2025-06-13 15:27:35] WARNING: No new tweets found with trust commands. Exiting without error.
[2025-06-13 15:27:35] WARNING: Collection complete!
[2025-06-13 15:27:35] WARNING: - 0 trust assignments processed
[2025-06-13 15:27:35] WARNING: - 2 users in trust network
[2025-06-13 15:27:35] WARNING: - 31 total trust relationships
[2025-06-13 15:37:34] WARNING: === Starting Twitter Trust System Collection ===
[2025-06-13 15:37:34] WARNING: Will collect tweets until reaching previous timestamp: 2025-05-12 06:54:05+00:00
[2025-06-13 15:37:34] WARNING: Retrieving page 1...
[2025-06-13 15:37:35] WARNING: Newest tweet is from: 2025-05-12 06:54:05+00:00
[2025-06-13 15:37:35] WARNING: Reached stop point at tweet from 2025-05-12 06:54:05+00:00
[2025-06-13 15:37:35] WARNING: Retrieved 0 new tweets on page 1
[2025-06-13 15:37:35] WARNING: Stopping pagination as we've reached the stop point
[2025-06-13 15:37:35] WARNING: Retrieved a total of 0 tweets across 1 pages
[2025-06-13 15:37:35] WARNING: No new tweets found with trust commands. Exiting without error.
[2025-06-13 15:37:35] WARNING: Collection complete!
[2025-06-13 15:37:35] WARNING: - 0 trust assignments processed
[2025-06-13 15:37:35] WARNING: - 2 users in trust network
[2025-06-13 15:37:35] WARNING: - 31 total trust relationships
[2025-06-13 15:47:34] WARNING: === Starting Twitter Trust System Collection ===
[2025-06-13 15:47:34] WARNING: Will collect tweets until reaching previous timestamp: 2025-05-12 06:54:05+00:00
[2025-06-13 15:47:34] WARNING: Retrieving page 1...
[2025-06-13 15:47:35] WARNING: Newest tweet is from: 2025-05-12 06:54:05+00:00
[2025-06-13 15:47:35] WARNING: Reached stop point at tweet from 2025-05-12 06:54:05+00:00
[2025-06-13 15:47:35] WARNING: Retrieved 0 new tweets on page 1
[2025-06-13 15:47:35] WARNING: Stopping pagination as we've reached the stop point
[2025-06-13 15:47:35] WARNING: Retrieved a total of 0 tweets across 1 pages
[2025-06-13 15:47:35] WARNING: No new tweets found with trust commands. Exiting without error.
[2025-06-13 15:47:35] WARNING: Collection complete!
[2025-06-13 15:47:35] WARNING: - 0 trust assignments processed
[2025-06-13 15:47:35] WARNING: - 2 users in trust network
[2025-06-13 15:47:35] WARNING: - 31 total trust relationships
[2025-06-13 15:57:34] WARNING: === Starting Twitter Trust System Collection ===
[2025-06-13 15:57:34] WARNING: Will collect tweets until reaching previous timestamp: 2025-05-12 06:54:05+00:00
[2025-06-13 15:57:34] WARNING: Retrieving page 1...
[2025-06-13 15:57:35] WARNING: Newest tweet is from: 2025-05-12 06:54:05+00:00
[2025-06-13 15:57:35] WARNING: Reached stop point at tweet from 2025-05-12 06:54:05+00:00
[2025-06-13 15:57:35] WARNING: Retrieved 0 new tweets on page 1
[2025-06-13 15:57:35] WARNING: Stopping pagination as we've reached the stop point
[2025-06-13 15:57:35] WARNING: Retrieved a total of 0 tweets across 1 pages
[2025-06-13 15:57:35] WARNING: No new tweets found with trust commands. Exiting without error.
[2025-06-13 15:57:35] WARNING: Collection complete!
[2025-06-13 15:57:35] WARNING: - 0 trust assignments processed
[2025-06-13 15:57:35] WARNING: - 2 users in trust network
[2025-06-13 15:57:35] WARNING: - 31 total trust relationships
[2025-06-13 16:07:34] WARNING: === Starting Twitter Trust System Collection ===
[2025-06-13 16:07:34] WARNING: Will collect tweets until reaching previous timestamp: 2025-05-12 06:54:05+00:00
[2025-06-13 16:07:34] WARNING: Retrieving page 1...
[2025-06-13 16:07:36] WARNING: Newest tweet is from: 2025-05-12 06:54:05+00:00
[2025-06-13 16:07:36] WARNING: Reached stop point at tweet from 2025-05-12 06:54:05+00:00
[2025-06-13 16:07:36] WARNING: Retrieved 0 new tweets on page 1
[2025-06-13 16:07:36] WARNING: Stopping pagination as we've reached the stop point
[2025-06-13 16:07:36] WARNING: Retrieved a total of 0 tweets across 1 pages
[2025-06-13 16:07:36] WARNING: No new tweets found with trust commands. Exiting without error.
[2025-06-13 16:07:36] WARNING: Collection complete!
[2025-06-13 16:07:36] WARNING: - 0 trust assignments processed
[2025-06-13 16:07:36] WARNING: - 2 users in trust network
[2025-06-13 16:07:36] WARNING: - 31 total trust relationships
[2025-06-13 16:17:34] WARNING: === Starting Twitter Trust System Collection ===
[2025-06-13 16:17:34] WARNING: Will collect tweets until reaching previous timestamp: 2025-05-12 06:54:05+00:00
[2025-06-13 16:17:34] WARNING: Retrieving page 1...
[2025-06-13 16:17:35] WARNING: Newest tweet is from: 2025-05-12 06:54:05+00:00
[2025-06-13 16:17:35] WARNING: Reached stop point at tweet from 2025-05-12 06:54:05+00:00
[2025-06-13 16:17:35] WARNING: Retrieved 0 new tweets on page 1
[2025-06-13 16:17:35] WARNING: Stopping pagination as we've reached the stop point
[2025-06-13 16:17:35] WARNING: Retrieved a total of 0 tweets across 1 pages
[2025-06-13 16:17:35] WARNING: No new tweets found with trust commands. Exiting without error.
[2025-06-13 16:17:35] WARNING: Collection complete!
[2025-06-13 16:17:35] WARNING: - 0 trust assignments processed
[2025-06-13 16:17:35] WARNING: - 2 users in trust network
[2025-06-13 16:17:35] WARNING: - 31 total trust relationships
[2025-06-13 16:27:34] WARNING: === Starting Twitter Trust System Collection ===
[2025-06-13 16:27:34] WARNING: Will collect tweets until reaching previous timestamp: 2025-05-12 06:54:05+00:00
[2025-06-13 16:27:34] WARNING: Retrieving page 1...
[2025-06-13 16:27:35] WARNING: Newest tweet is from: 2025-05-12 06:54:05+00:00
[2025-06-13 16:27:35] WARNING: Reached stop point at tweet from 2025-05-12 06:54:05+00:00
[2025-06-13 16:27:35] WARNING: Retrieved 0 new tweets on page 1
[2025-06-13 16:27:35] WARNING: Stopping pagination as we've reached the stop point
[2025-06-13 16:27:35] WARNING: Retrieved a total of 0 tweets across 1 pages
[2025-06-13 16:27:35] WARNING: No new tweets found with trust commands. Exiting without error.
[2025-06-13 16:27:35] WARNING: Collection complete!
[2025-06-13 16:27:35] WARNING: - 0 trust assignments processed
[2025-06-13 16:27:35] WARNING: - 2 users in trust network
[2025-06-13 16:27:35] WARNING: - 31 total trust relationships
[2025-06-13 16:37:34] WARNING: === Starting Twitter Trust System Collection ===
[2025-06-13 16:37:34] WARNING: Will collect tweets until reaching previous timestamp: 2025-05-12 06:54:05+00:00
[2025-06-13 16:37:34] WARNING: Retrieving page 1...
[2025-06-13 16:37:36] WARNING: Newest tweet is from: 2025-05-12 06:54:05+00:00
[2025-06-13 16:37:36] WARNING: Reached stop point at tweet from 2025-05-12 06:54:05+00:00
[2025-06-13 16:37:36] WARNING: Retrieved 0 new tweets on page 1
[2025-06-13 16:37:36] WARNING: Stopping pagination as we've reached the stop point
[2025-06-13 16:37:36] WARNING: Retrieved a total of 0 tweets across 1 pages
[2025-06-13 16:37:36] WARNING: No new tweets found with trust commands. Exiting without error.
[2025-06-13 16:37:36] WARNING: Collection complete!
[2025-06-13 16:37:36] WARNING: - 0 trust assignments processed
[2025-06-13 16:37:36] WARNING: - 2 users in trust network
[2025-06-13 16:37:36] WARNING: - 31 total trust relationships
[2025-06-13 16:47:34] WARNING: === Starting Twitter Trust System Collection ===
[2025-06-13 16:47:34] WARNING: Will collect tweets until reaching previous timestamp: 2025-05-12 06:54:05+00:00
[2025-06-13 16:47:34] WARNING: Retrieving page 1...
[2025-06-13 16:47:35] WARNING: Newest tweet is from: 2025-05-12 06:54:05+00:00
[2025-06-13 16:47:35] WARNING: Reached stop point at tweet from 2025-05-12 06:54:05+00:00
[2025-06-13 16:47:35] WARNING: Retrieved 0 new tweets on page 1
[2025-06-13 16:47:35] WARNING: Stopping pagination as we've reached the stop point
[2025-06-13 16:47:35] WARNING: Retrieved a total of 0 tweets across 1 pages
[2025-06-13 16:47:35] WARNING: No new tweets found with trust commands. Exiting without error.
[2025-06-13 16:47:35] WARNING: Collection complete!
[2025-06-13 16:47:35] WARNING: - 0 trust assignments processed
[2025-06-13 16:47:35] WARNING: - 2 users in trust network
[2025-06-13 16:47:35] WARNING: - 31 total trust relationships
[2025-06-13 16:57:34] WARNING: === Starting Twitter Trust System Collection ===
[2025-06-13 16:57:34] WARNING: Will collect tweets until reaching previous timestamp: 2025-05-12 06:54:05+00:00
[2025-06-13 16:57:34] WARNING: Retrieving page 1...
[2025-06-13 16:57:35] WARNING: Newest tweet is from: 2025-05-12 06:54:05+00:00
[2025-06-13 16:57:35] WARNING: Reached stop point at tweet from 2025-05-12 06:54:05+00:00
[2025-06-13 16:57:35] WARNING: Retrieved 0 new tweets on page 1
[2025-06-13 16:57:35] WARNING: Stopping pagination as we've reached the stop point
[2025-06-13 16:57:35] WARNING: Retrieved a total of 0 tweets across 1 pages
[2025-06-13 16:57:35] WARNING: No new tweets found with trust commands. Exiting without error.
[2025-06-13 16:57:35] WARNING: Collection complete!
[2025-06-13 16:57:35] WARNING: - 0 trust assignments processed
[2025-06-13 16:57:35] WARNING: - 2 users in trust network
[2025-06-13 16:57:35] WARNING: - 31 total trust relationships
[2025-06-13 17:07:34] WARNING: === Starting Twitter Trust System Collection ===
[2025-06-13 17:07:34] WARNING: Will collect tweets until reaching previous timestamp: 2025-05-12 06:54:05+00:00
[2025-06-13 17:07:34] WARNING: Retrieving page 1...
[2025-06-13 17:07:36] WARNING: Newest tweet is from: 2025-05-12 06:54:05+00:00
[2025-06-13 17:07:36] WARNING: Reached stop point at tweet from 2025-05-12 06:54:05+00:00
[2025-06-13 17:07:36] WARNING: Retrieved 0 new tweets on page 1
[2025-06-13 17:07:36] WARNING: Stopping pagination as we've reached the stop point
[2025-06-13 17:07:36] WARNING: Retrieved a total of 0 tweets across 1 pages
[2025-06-13 17:07:36] WARNING: No new tweets found with trust commands. Exiting without error.
[2025-06-13 17:07:36] WARNING: Collection complete!
[2025-06-13 17:07:36] WARNING: - 0 trust assignments processed
[2025-06-13 17:07:36] WARNING: - 2 users in trust network
[2025-06-13 17:07:36] WARNING: - 31 total trust relationships
[2025-06-13 17:17:34] WARNING: === Starting Twitter Trust System Collection ===
[2025-06-13 17:17:34] WARNING: Will collect tweets until reaching previous timestamp: 2025-05-12 06:54:05+00:00
[2025-06-13 17:17:34] WARNING: Retrieving page 1...
[2025-06-13 17:17:35] WARNING: Newest tweet is from: 2025-05-12 06:54:05+00:00
[2025-06-13 17:17:35] WARNING: Reached stop point at tweet from 2025-05-12 06:54:05+00:00
[2025-06-13 17:17:35] WARNING: Retrieved 0 new tweets on page 1
[2025-06-13 17:17:35] WARNING: Stopping pagination as we've reached the stop point
[2025-06-13 17:17:35] WARNING: Retrieved a total of 0 tweets across 1 pages
[2025-06-13 17:17:35] WARNING: No new tweets found with trust commands. Exiting without error.
[2025-06-13 17:17:35] WARNING: Collection complete!
[2025-06-13 17:17:35] WARNING: - 0 trust assignments processed
[2025-06-13 17:17:35] WARNING: - 2 users in trust network
[2025-06-13 17:17:35] WARNING: - 31 total trust relationships
[2025-06-13 17:27:34] WARNING: === Starting Twitter Trust System Collection ===
[2025-06-13 17:27:34] WARNING: Will collect tweets until reaching previous timestamp: 2025-05-12 06:54:05+00:00
[2025-06-13 17:27:34] WARNING: Retrieving page 1...
[2025-06-13 17:27:35] WARNING: Newest tweet is from: 2025-05-12 06:54:05+00:00
[2025-06-13 17:27:35] WARNING: Reached stop point at tweet from 2025-05-12 06:54:05+00:00
[2025-06-13 17:27:35] WARNING: Retrieved 0 new tweets on page 1
[2025-06-13 17:27:35] WARNING: Stopping pagination as we've reached the stop point
[2025-06-13 17:27:35] WARNING: Retrieved a total of 0 tweets across 1 pages
[2025-06-13 17:27:35] WARNING: No new tweets found with trust commands. Exiting without error.
[2025-06-13 17:27:35] WARNING: Collection complete!
[2025-06-13 17:27:35] WARNING: - 0 trust assignments processed
[2025-06-13 17:27:35] WARNING: - 2 users in trust network
[2025-06-13 17:27:35] WARNING: - 31 total trust relationships
