[2025-06-03 08:27:33] WARNING: === Starting Twitter Trust System Collection ===
[2025-06-03 08:27:33] WARNING: Will collect tweets until reaching previous timestamp: 2025-05-12 06:54:05+00:00
[2025-06-03 08:27:33] WARNING: Retrieving page 1...
[2025-06-03 08:27:35] WARNING: Newest tweet is from: 2025-05-12 06:54:05+00:00
[2025-06-03 08:27:35] WARNING: Reached stop point at tweet from 2025-05-12 06:54:05+00:00
[2025-06-03 08:27:35] WARNING: Retrieved 0 new tweets on page 1
[2025-06-03 08:27:35] WARNING: Stopping pagination as we've reached the stop point
[2025-06-03 08:27:35] WARNING: Retrieved a total of 0 tweets across 1 pages
[2025-06-03 08:27:35] WARNING: No new tweets found with trust commands. Exiting without error.
[2025-06-03 08:27:35] WARNING: Collection complete!
[2025-06-03 08:27:35] WARNING: - 0 trust assignments processed
[2025-06-03 08:27:35] WARNING: - 2 users in trust network
[2025-06-03 08:27:35] WARNING: - 31 total trust relationships
[2025-06-03 08:37:33] WARNING: === Starting Twitter Trust System Collection ===
[2025-06-03 08:37:33] WARNING: Will collect tweets until reaching previous timestamp: 2025-05-12 06:54:05+00:00
[2025-06-03 08:37:33] WARNING: Retrieving page 1...
[2025-06-03 08:37:35] WARNING: Newest tweet is from: 2025-05-12 06:54:05+00:00
[2025-06-03 08:37:35] WARNING: Reached stop point at tweet from 2025-05-12 06:54:05+00:00
[2025-06-03 08:37:35] WARNING: Retrieved 0 new tweets on page 1
[2025-06-03 08:37:35] WARNING: Stopping pagination as we've reached the stop point
[2025-06-03 08:37:35] WARNING: Retrieved a total of 0 tweets across 1 pages
[2025-06-03 08:37:35] WARNING: No new tweets found with trust commands. Exiting without error.
[2025-06-03 08:37:35] WARNING: Collection complete!
[2025-06-03 08:37:35] WARNING: - 0 trust assignments processed
[2025-06-03 08:37:35] WARNING: - 2 users in trust network
[2025-06-03 08:37:35] WARNING: - 31 total trust relationships
[2025-06-03 08:47:34] WARNING: === Starting Twitter Trust System Collection ===
[2025-06-03 08:47:34] WARNING: Will collect tweets until reaching previous timestamp: 2025-05-12 06:54:05+00:00
[2025-06-03 08:47:34] WARNING: Retrieving page 1...
[2025-06-03 08:47:35] WARNING: Newest tweet is from: 2025-05-12 06:54:05+00:00
[2025-06-03 08:47:35] WARNING: Reached stop point at tweet from 2025-05-12 06:54:05+00:00
[2025-06-03 08:47:35] WARNING: Retrieved 0 new tweets on page 1
[2025-06-03 08:47:35] WARNING: Stopping pagination as we've reached the stop point
[2025-06-03 08:47:35] WARNING: Retrieved a total of 0 tweets across 1 pages
[2025-06-03 08:47:35] WARNING: No new tweets found with trust commands. Exiting without error.
[2025-06-03 08:47:35] WARNING: Collection complete!
[2025-06-03 08:47:35] WARNING: - 0 trust assignments processed
[2025-06-03 08:47:35] WARNING: - 2 users in trust network
[2025-06-03 08:47:35] WARNING: - 31 total trust relationships
[2025-06-03 08:57:34] WARNING: === Starting Twitter Trust System Collection ===
[2025-06-03 08:57:34] WARNING: Will collect tweets until reaching previous timestamp: 2025-05-12 06:54:05+00:00
[2025-06-03 08:57:34] WARNING: Retrieving page 1...
[2025-06-03 08:57:36] WARNING: Newest tweet is from: 2025-05-12 06:54:05+00:00
[2025-06-03 08:57:36] WARNING: Reached stop point at tweet from 2025-05-12 06:54:05+00:00
[2025-06-03 08:57:36] WARNING: Retrieved 0 new tweets on page 1
[2025-06-03 08:57:36] WARNING: Stopping pagination as we've reached the stop point
[2025-06-03 08:57:36] WARNING: Retrieved a total of 0 tweets across 1 pages
[2025-06-03 08:57:36] WARNING: No new tweets found with trust commands. Exiting without error.
[2025-06-03 08:57:36] WARNING: Collection complete!
[2025-06-03 08:57:36] WARNING: - 0 trust assignments processed
[2025-06-03 08:57:36] WARNING: - 2 users in trust network
[2025-06-03 08:57:36] WARNING: - 31 total trust relationships
[2025-06-03 09:07:33] WARNING: === Starting Twitter Trust System Collection ===
[2025-06-03 09:07:33] WARNING: Will collect tweets until reaching previous timestamp: 2025-05-12 06:54:05+00:00
[2025-06-03 09:07:33] WARNING: Retrieving page 1...
[2025-06-03 09:07:35] WARNING: Newest tweet is from: 2025-05-12 06:54:05+00:00
[2025-06-03 09:07:35] WARNING: Reached stop point at tweet from 2025-05-12 06:54:05+00:00
[2025-06-03 09:07:35] WARNING: Retrieved 0 new tweets on page 1
[2025-06-03 09:07:35] WARNING: Stopping pagination as we've reached the stop point
[2025-06-03 09:07:35] WARNING: Retrieved a total of 0 tweets across 1 pages
[2025-06-03 09:07:35] WARNING: No new tweets found with trust commands. Exiting without error.
[2025-06-03 09:07:35] WARNING: Collection complete!
[2025-06-03 09:07:35] WARNING: - 0 trust assignments processed
[2025-06-03 09:07:35] WARNING: - 2 users in trust network
[2025-06-03 09:07:35] WARNING: - 31 total trust relationships
[2025-06-03 09:17:33] WARNING: === Starting Twitter Trust System Collection ===
[2025-06-03 09:17:33] WARNING: Will collect tweets until reaching previous timestamp: 2025-05-12 06:54:05+00:00
[2025-06-03 09:17:33] WARNING: Retrieving page 1...
[2025-06-03 09:17:37] WARNING: Newest tweet is from: 2025-05-12 06:54:05+00:00
[2025-06-03 09:17:37] WARNING: Reached stop point at tweet from 2025-05-12 06:54:05+00:00
[2025-06-03 09:17:37] WARNING: Retrieved 0 new tweets on page 1
[2025-06-03 09:17:37] WARNING: Stopping pagination as we've reached the stop point
[2025-06-03 09:17:37] WARNING: Retrieved a total of 0 tweets across 1 pages
[2025-06-03 09:17:37] WARNING: No new tweets found with trust commands. Exiting without error.
[2025-06-03 09:17:37] WARNING: Collection complete!
[2025-06-03 09:17:37] WARNING: - 0 trust assignments processed
[2025-06-03 09:17:37] WARNING: - 2 users in trust network
[2025-06-03 09:17:37] WARNING: - 31 total trust relationships
[2025-06-03 09:27:33] WARNING: === Starting Twitter Trust System Collection ===
[2025-06-03 09:27:33] WARNING: Will collect tweets until reaching previous timestamp: 2025-05-12 06:54:05+00:00
[2025-06-03 09:27:33] WARNING: Retrieving page 1...
[2025-06-03 09:27:35] WARNING: Newest tweet is from: 2025-05-12 06:54:05+00:00
[2025-06-03 09:27:35] WARNING: Reached stop point at tweet from 2025-05-12 06:54:05+00:00
[2025-06-03 09:27:35] WARNING: Retrieved 0 new tweets on page 1
[2025-06-03 09:27:35] WARNING: Stopping pagination as we've reached the stop point
[2025-06-03 09:27:35] WARNING: Retrieved a total of 0 tweets across 1 pages
[2025-06-03 09:27:35] WARNING: No new tweets found with trust commands. Exiting without error.
[2025-06-03 09:27:35] WARNING: Collection complete!
[2025-06-03 09:27:35] WARNING: - 0 trust assignments processed
[2025-06-03 09:27:35] WARNING: - 2 users in trust network
[2025-06-03 09:27:35] WARNING: - 31 total trust relationships
[2025-06-03 09:37:33] WARNING: === Starting Twitter Trust System Collection ===
[2025-06-03 09:37:33] WARNING: Will collect tweets until reaching previous timestamp: 2025-05-12 06:54:05+00:00
[2025-06-03 09:37:33] WARNING: Retrieving page 1...
[2025-06-03 09:37:35] WARNING: Newest tweet is from: 2025-05-12 06:54:05+00:00
[2025-06-03 09:37:35] WARNING: Reached stop point at tweet from 2025-05-12 06:54:05+00:00
[2025-06-03 09:37:35] WARNING: Retrieved 0 new tweets on page 1
[2025-06-03 09:37:35] WARNING: Stopping pagination as we've reached the stop point
[2025-06-03 09:37:35] WARNING: Retrieved a total of 0 tweets across 1 pages
[2025-06-03 09:37:35] WARNING: No new tweets found with trust commands. Exiting without error.
[2025-06-03 09:37:35] WARNING: Collection complete!
[2025-06-03 09:37:35] WARNING: - 0 trust assignments processed
[2025-06-03 09:37:35] WARNING: - 2 users in trust network
[2025-06-03 09:37:35] WARNING: - 31 total trust relationships
[2025-06-03 09:47:33] WARNING: === Starting Twitter Trust System Collection ===
[2025-06-03 09:47:33] WARNING: Will collect tweets until reaching previous timestamp: 2025-05-12 06:54:05+00:00
[2025-06-03 09:47:33] WARNING: Retrieving page 1...
[2025-06-03 09:47:35] WARNING: Newest tweet is from: 2025-05-12 06:54:05+00:00
[2025-06-03 09:47:35] WARNING: Reached stop point at tweet from 2025-05-12 06:54:05+00:00
[2025-06-03 09:47:35] WARNING: Retrieved 0 new tweets on page 1
[2025-06-03 09:47:35] WARNING: Stopping pagination as we've reached the stop point
[2025-06-03 09:47:35] WARNING: Retrieved a total of 0 tweets across 1 pages
[2025-06-03 09:47:35] WARNING: No new tweets found with trust commands. Exiting without error.
[2025-06-03 09:47:35] WARNING: Collection complete!
[2025-06-03 09:47:35] WARNING: - 0 trust assignments processed
[2025-06-03 09:47:35] WARNING: - 2 users in trust network
[2025-06-03 09:47:35] WARNING: - 31 total trust relationships
[2025-06-03 09:57:33] WARNING: === Starting Twitter Trust System Collection ===
[2025-06-03 09:57:33] WARNING: Will collect tweets until reaching previous timestamp: 2025-05-12 06:54:05+00:00
[2025-06-03 09:57:33] WARNING: Retrieving page 1...
[2025-06-03 09:57:35] WARNING: Newest tweet is from: 2025-05-12 06:54:05+00:00
[2025-06-03 09:57:35] WARNING: Reached stop point at tweet from 2025-05-12 06:54:05+00:00
[2025-06-03 09:57:35] WARNING: Retrieved 0 new tweets on page 1
[2025-06-03 09:57:35] WARNING: Stopping pagination as we've reached the stop point
[2025-06-03 09:57:35] WARNING: Retrieved a total of 0 tweets across 1 pages
[2025-06-03 09:57:35] WARNING: No new tweets found with trust commands. Exiting without error.
[2025-06-03 09:57:35] WARNING: Collection complete!
[2025-06-03 09:57:35] WARNING: - 0 trust assignments processed
[2025-06-03 09:57:35] WARNING: - 2 users in trust network
[2025-06-03 09:57:35] WARNING: - 31 total trust relationships
[2025-06-03 10:07:33] WARNING: === Starting Twitter Trust System Collection ===
[2025-06-03 10:07:33] WARNING: Will collect tweets until reaching previous timestamp: 2025-05-12 06:54:05+00:00
[2025-06-03 10:07:33] WARNING: Retrieving page 1...
[2025-06-03 10:07:35] WARNING: Newest tweet is from: 2025-05-12 06:54:05+00:00
[2025-06-03 10:07:35] WARNING: Reached stop point at tweet from 2025-05-12 06:54:05+00:00
[2025-06-03 10:07:35] WARNING: Retrieved 0 new tweets on page 1
[2025-06-03 10:07:35] WARNING: Stopping pagination as we've reached the stop point
[2025-06-03 10:07:35] WARNING: Retrieved a total of 0 tweets across 1 pages
[2025-06-03 10:07:35] WARNING: No new tweets found with trust commands. Exiting without error.
[2025-06-03 10:07:35] WARNING: Collection complete!
[2025-06-03 10:07:35] WARNING: - 0 trust assignments processed
[2025-06-03 10:07:35] WARNING: - 2 users in trust network
[2025-06-03 10:07:35] WARNING: - 31 total trust relationships
[2025-06-03 10:17:34] WARNING: === Starting Twitter Trust System Collection ===
[2025-06-03 10:17:34] WARNING: Will collect tweets until reaching previous timestamp: 2025-05-12 06:54:05+00:00
[2025-06-03 10:17:34] WARNING: Retrieving page 1...
[2025-06-03 10:17:36] WARNING: Newest tweet is from: 2025-05-12 06:54:05+00:00
[2025-06-03 10:17:36] WARNING: Reached stop point at tweet from 2025-05-12 06:54:05+00:00
[2025-06-03 10:17:36] WARNING: Retrieved 0 new tweets on page 1
[2025-06-03 10:17:36] WARNING: Stopping pagination as we've reached the stop point
[2025-06-03 10:17:36] WARNING: Retrieved a total of 0 tweets across 1 pages
[2025-06-03 10:17:36] WARNING: No new tweets found with trust commands. Exiting without error.
[2025-06-03 10:17:36] WARNING: Collection complete!
[2025-06-03 10:17:36] WARNING: - 0 trust assignments processed
[2025-06-03 10:17:36] WARNING: - 2 users in trust network
[2025-06-03 10:17:36] WARNING: - 31 total trust relationships
[2025-06-03 10:27:33] WARNING: === Starting Twitter Trust System Collection ===
[2025-06-03 10:27:33] WARNING: Will collect tweets until reaching previous timestamp: 2025-05-12 06:54:05+00:00
[2025-06-03 10:27:33] WARNING: Retrieving page 1...
[2025-06-03 10:27:36] WARNING: Newest tweet is from: 2025-05-12 06:54:05+00:00
[2025-06-03 10:27:36] WARNING: Reached stop point at tweet from 2025-05-12 06:54:05+00:00
[2025-06-03 10:27:36] WARNING: Retrieved 0 new tweets on page 1
[2025-06-03 10:27:36] WARNING: Stopping pagination as we've reached the stop point
[2025-06-03 10:27:36] WARNING: Retrieved a total of 0 tweets across 1 pages
[2025-06-03 10:27:36] WARNING: No new tweets found with trust commands. Exiting without error.
[2025-06-03 10:27:36] WARNING: Collection complete!
[2025-06-03 10:27:36] WARNING: - 0 trust assignments processed
[2025-06-03 10:27:36] WARNING: - 2 users in trust network
[2025-06-03 10:27:36] WARNING: - 31 total trust relationships
[2025-06-03 10:44:04] WARNING: === Starting Twitter Trust System Collection ===
[2025-06-03 10:44:04] WARNING: Will collect tweets until reaching previous timestamp: 2025-05-12 06:54:05+00:00
[2025-06-03 10:44:04] WARNING: Retrieving page 1...
[2025-06-03 10:44:06] WARNING: Newest tweet is from: 2025-05-12 06:54:05+00:00
[2025-06-03 10:44:06] WARNING: Reached stop point at tweet from 2025-05-12 06:54:05+00:00
[2025-06-03 10:44:06] WARNING: Retrieved 0 new tweets on page 1
[2025-06-03 10:44:06] WARNING: Stopping pagination as we've reached the stop point
[2025-06-03 10:44:06] WARNING: Retrieved a total of 0 tweets across 1 pages
[2025-06-03 10:44:06] WARNING: No new tweets found with trust commands. Exiting without error.
[2025-06-03 10:44:06] WARNING: Collection complete!
[2025-06-03 10:44:06] WARNING: - 0 trust assignments processed
[2025-06-03 10:44:06] WARNING: - 2 users in trust network
[2025-06-03 10:44:06] WARNING: - 31 total trust relationships
[2025-06-03 10:48:08] WARNING: === Starting Twitter Trust System Collection ===
[2025-06-03 10:48:08] WARNING: Will collect tweets until reaching previous timestamp: 2025-05-12 06:54:05+00:00
[2025-06-03 10:48:08] WARNING: Retrieving page 1...
[2025-06-03 10:48:10] WARNING: Newest tweet is from: 2025-05-12 06:54:05+00:00
[2025-06-03 10:48:10] WARNING: Reached stop point at tweet from 2025-05-12 06:54:05+00:00
[2025-06-03 10:48:10] WARNING: Retrieved 0 new tweets on page 1
[2025-06-03 10:48:10] WARNING: Stopping pagination as we've reached the stop point
[2025-06-03 10:48:10] WARNING: Retrieved a total of 0 tweets across 1 pages
[2025-06-03 10:48:10] WARNING: No new tweets found with trust commands. Exiting without error.
[2025-06-03 10:48:10] WARNING: Collection complete!
[2025-06-03 10:48:10] WARNING: - 0 trust assignments processed
[2025-06-03 10:48:10] WARNING: - 2 users in trust network
[2025-06-03 10:48:10] WARNING: - 31 total trust relationships
[2025-06-03 10:57:33] WARNING: === Starting Twitter Trust System Collection ===
[2025-06-03 10:57:33] WARNING: Will collect tweets until reaching previous timestamp: 2025-05-12 06:54:05+00:00
[2025-06-03 10:57:33] WARNING: Retrieving page 1...
[2025-06-03 10:57:35] WARNING: Newest tweet is from: 2025-05-12 06:54:05+00:00
[2025-06-03 10:57:35] WARNING: Reached stop point at tweet from 2025-05-12 06:54:05+00:00
[2025-06-03 10:57:35] WARNING: Retrieved 0 new tweets on page 1
[2025-06-03 10:57:35] WARNING: Stopping pagination as we've reached the stop point
[2025-06-03 10:57:35] WARNING: Retrieved a total of 0 tweets across 1 pages
[2025-06-03 10:57:35] WARNING: No new tweets found with trust commands. Exiting without error.
[2025-06-03 10:57:35] WARNING: Collection complete!
[2025-06-03 10:57:35] WARNING: - 0 trust assignments processed
[2025-06-03 10:57:35] WARNING: - 2 users in trust network
[2025-06-03 10:57:35] WARNING: - 31 total trust relationships
[2025-06-03 11:07:33] WARNING: === Starting Twitter Trust System Collection ===
[2025-06-03 11:07:33] WARNING: Will collect tweets until reaching previous timestamp: 2025-05-12 06:54:05+00:00
[2025-06-03 11:07:33] WARNING: Retrieving page 1...
[2025-06-03 11:07:36] WARNING: Newest tweet is from: 2025-05-12 06:54:05+00:00
[2025-06-03 11:07:36] WARNING: Reached stop point at tweet from 2025-05-12 06:54:05+00:00
[2025-06-03 11:07:36] WARNING: Retrieved 0 new tweets on page 1
[2025-06-03 11:07:36] WARNING: Stopping pagination as we've reached the stop point
[2025-06-03 11:07:36] WARNING: Retrieved a total of 0 tweets across 1 pages
[2025-06-03 11:07:36] WARNING: No new tweets found with trust commands. Exiting without error.
[2025-06-03 11:07:36] WARNING: Collection complete!
[2025-06-03 11:07:36] WARNING: - 0 trust assignments processed
[2025-06-03 11:07:36] WARNING: - 2 users in trust network
[2025-06-03 11:07:36] WARNING: - 31 total trust relationships
[2025-06-03 11:17:33] WARNING: === Starting Twitter Trust System Collection ===
[2025-06-03 11:17:33] WARNING: Will collect tweets until reaching previous timestamp: 2025-05-12 06:54:05+00:00
[2025-06-03 11:17:33] WARNING: Retrieving page 1...
[2025-06-03 11:17:35] WARNING: Newest tweet is from: 2025-05-12 06:54:05+00:00
[2025-06-03 11:17:35] WARNING: Reached stop point at tweet from 2025-05-12 06:54:05+00:00
[2025-06-03 11:17:35] WARNING: Retrieved 0 new tweets on page 1
[2025-06-03 11:17:35] WARNING: Stopping pagination as we've reached the stop point
[2025-06-03 11:17:35] WARNING: Retrieved a total of 0 tweets across 1 pages
[2025-06-03 11:17:35] WARNING: No new tweets found with trust commands. Exiting without error.
[2025-06-03 11:17:35] WARNING: Collection complete!
[2025-06-03 11:17:35] WARNING: - 0 trust assignments processed
[2025-06-03 11:17:35] WARNING: - 2 users in trust network
[2025-06-03 11:17:35] WARNING: - 31 total trust relationships
[2025-06-03 11:27:33] WARNING: === Starting Twitter Trust System Collection ===
[2025-06-03 11:27:33] WARNING: Will collect tweets until reaching previous timestamp: 2025-05-12 06:54:05+00:00
[2025-06-03 11:27:33] WARNING: Retrieving page 1...
[2025-06-03 11:27:35] WARNING: Newest tweet is from: 2025-05-12 06:54:05+00:00
[2025-06-03 11:27:35] WARNING: Reached stop point at tweet from 2025-05-12 06:54:05+00:00
[2025-06-03 11:27:35] WARNING: Retrieved 0 new tweets on page 1
[2025-06-03 11:27:35] WARNING: Stopping pagination as we've reached the stop point
[2025-06-03 11:27:35] WARNING: Retrieved a total of 0 tweets across 1 pages
[2025-06-03 11:27:35] WARNING: No new tweets found with trust commands. Exiting without error.
[2025-06-03 11:27:35] WARNING: Collection complete!
[2025-06-03 11:27:35] WARNING: - 0 trust assignments processed
[2025-06-03 11:27:35] WARNING: - 2 users in trust network
[2025-06-03 11:27:35] WARNING: - 31 total trust relationships
[2025-06-03 11:37:33] WARNING: === Starting Twitter Trust System Collection ===
[2025-06-03 11:37:33] WARNING: Will collect tweets until reaching previous timestamp: 2025-05-12 06:54:05+00:00
[2025-06-03 11:37:33] WARNING: Retrieving page 1...
[2025-06-03 11:37:35] WARNING: Newest tweet is from: 2025-05-12 06:54:05+00:00
[2025-06-03 11:37:35] WARNING: Reached stop point at tweet from 2025-05-12 06:54:05+00:00
[2025-06-03 11:37:35] WARNING: Retrieved 0 new tweets on page 1
[2025-06-03 11:37:35] WARNING: Stopping pagination as we've reached the stop point
[2025-06-03 11:37:35] WARNING: Retrieved a total of 0 tweets across 1 pages
[2025-06-03 11:37:36] WARNING: No new tweets found with trust commands. Exiting without error.
[2025-06-03 11:37:36] WARNING: Collection complete!
[2025-06-03 11:37:36] WARNING: - 0 trust assignments processed
[2025-06-03 11:37:36] WARNING: - 2 users in trust network
[2025-06-03 11:37:36] WARNING: - 31 total trust relationships
[2025-06-03 11:47:41] WARNING: === Starting Twitter Trust System Collection ===
[2025-06-03 11:47:41] WARNING: Will collect tweets until reaching previous timestamp: 2025-05-12 06:54:05+00:00
[2025-06-03 11:47:41] WARNING: Retrieving page 1...
[2025-06-03 11:47:43] WARNING: Newest tweet is from: 2025-05-12 06:54:05+00:00
[2025-06-03 11:47:43] WARNING: Reached stop point at tweet from 2025-05-12 06:54:05+00:00
[2025-06-03 11:47:43] WARNING: Retrieved 0 new tweets on page 1
[2025-06-03 11:47:43] WARNING: Stopping pagination as we've reached the stop point
[2025-06-03 11:47:43] WARNING: Retrieved a total of 0 tweets across 1 pages
[2025-06-03 11:47:43] WARNING: No new tweets found with trust commands. Exiting without error.
[2025-06-03 11:47:43] WARNING: Collection complete!
[2025-06-03 11:47:43] WARNING: - 0 trust assignments processed
[2025-06-03 11:47:43] WARNING: - 2 users in trust network
[2025-06-03 11:47:43] WARNING: - 31 total trust relationships
[2025-06-03 11:57:35] WARNING: === Starting Twitter Trust System Collection ===
[2025-06-03 11:57:35] WARNING: Will collect tweets until reaching previous timestamp: 2025-05-12 06:54:05+00:00
[2025-06-03 11:57:35] WARNING: Retrieving page 1...
[2025-06-03 11:57:36] WARNING: Newest tweet is from: 2025-05-12 06:54:05+00:00
[2025-06-03 11:57:36] WARNING: Reached stop point at tweet from 2025-05-12 06:54:05+00:00
[2025-06-03 11:57:36] WARNING: Retrieved 0 new tweets on page 1
[2025-06-03 11:57:36] WARNING: Stopping pagination as we've reached the stop point
[2025-06-03 11:57:36] WARNING: Retrieved a total of 0 tweets across 1 pages
[2025-06-03 11:57:36] WARNING: No new tweets found with trust commands. Exiting without error.
[2025-06-03 11:57:36] WARNING: Collection complete!
[2025-06-03 11:57:36] WARNING: - 0 trust assignments processed
[2025-06-03 11:57:36] WARNING: - 2 users in trust network
[2025-06-03 11:57:36] WARNING: - 31 total trust relationships
[2025-06-03 12:07:34] WARNING: === Starting Twitter Trust System Collection ===
[2025-06-03 12:07:34] WARNING: Will collect tweets until reaching previous timestamp: 2025-05-12 06:54:05+00:00
[2025-06-03 12:07:34] WARNING: Retrieving page 1...
[2025-06-03 12:07:36] WARNING: Newest tweet is from: 2025-05-12 06:54:05+00:00
[2025-06-03 12:07:36] WARNING: Reached stop point at tweet from 2025-05-12 06:54:05+00:00
[2025-06-03 12:07:36] WARNING: Retrieved 0 new tweets on page 1
[2025-06-03 12:07:36] WARNING: Stopping pagination as we've reached the stop point
[2025-06-03 12:07:36] WARNING: Retrieved a total of 0 tweets across 1 pages
[2025-06-03 12:07:36] WARNING: No new tweets found with trust commands. Exiting without error.
[2025-06-03 12:07:36] WARNING: Collection complete!
[2025-06-03 12:07:36] WARNING: - 0 trust assignments processed
[2025-06-03 12:07:36] WARNING: - 2 users in trust network
[2025-06-03 12:07:36] WARNING: - 31 total trust relationships
[2025-06-03 12:17:34] WARNING: === Starting Twitter Trust System Collection ===
[2025-06-03 12:17:34] WARNING: Will collect tweets until reaching previous timestamp: 2025-05-12 06:54:05+00:00
[2025-06-03 12:17:34] WARNING: Retrieving page 1...
[2025-06-03 12:17:35] WARNING: Newest tweet is from: 2025-05-12 06:54:05+00:00
[2025-06-03 12:17:35] WARNING: Reached stop point at tweet from 2025-05-12 06:54:05+00:00
[2025-06-03 12:17:35] WARNING: Retrieved 0 new tweets on page 1
[2025-06-03 12:17:35] WARNING: Stopping pagination as we've reached the stop point
[2025-06-03 12:17:35] WARNING: Retrieved a total of 0 tweets across 1 pages
[2025-06-03 12:17:35] WARNING: No new tweets found with trust commands. Exiting without error.
[2025-06-03 12:17:35] WARNING: Collection complete!
[2025-06-03 12:17:35] WARNING: - 0 trust assignments processed
[2025-06-03 12:17:35] WARNING: - 2 users in trust network
[2025-06-03 12:17:35] WARNING: - 31 total trust relationships
[2025-06-03 12:27:33] WARNING: === Starting Twitter Trust System Collection ===
[2025-06-03 12:27:33] WARNING: Will collect tweets until reaching previous timestamp: 2025-05-12 06:54:05+00:00
[2025-06-03 12:27:33] WARNING: Retrieving page 1...
[2025-06-03 12:27:35] WARNING: Newest tweet is from: 2025-05-12 06:54:05+00:00
[2025-06-03 12:27:35] WARNING: Reached stop point at tweet from 2025-05-12 06:54:05+00:00
[2025-06-03 12:27:35] WARNING: Retrieved 0 new tweets on page 1
[2025-06-03 12:27:35] WARNING: Stopping pagination as we've reached the stop point
[2025-06-03 12:27:35] WARNING: Retrieved a total of 0 tweets across 1 pages
[2025-06-03 12:27:35] WARNING: No new tweets found with trust commands. Exiting without error.
[2025-06-03 12:27:35] WARNING: Collection complete!
[2025-06-03 12:27:35] WARNING: - 0 trust assignments processed
[2025-06-03 12:27:35] WARNING: - 2 users in trust network
[2025-06-03 12:27:35] WARNING: - 31 total trust relationships
[2025-06-03 12:37:33] WARNING: === Starting Twitter Trust System Collection ===
[2025-06-03 12:37:33] WARNING: Will collect tweets until reaching previous timestamp: 2025-05-12 06:54:05+00:00
[2025-06-03 12:37:33] WARNING: Retrieving page 1...
[2025-06-03 12:37:35] WARNING: Newest tweet is from: 2025-05-12 06:54:05+00:00
[2025-06-03 12:37:35] WARNING: Reached stop point at tweet from 2025-05-12 06:54:05+00:00
[2025-06-03 12:37:35] WARNING: Retrieved 0 new tweets on page 1
[2025-06-03 12:37:35] WARNING: Stopping pagination as we've reached the stop point
[2025-06-03 12:37:35] WARNING: Retrieved a total of 0 tweets across 1 pages
[2025-06-03 12:37:35] WARNING: No new tweets found with trust commands. Exiting without error.
[2025-06-03 12:37:35] WARNING: Collection complete!
[2025-06-03 12:37:35] WARNING: - 0 trust assignments processed
[2025-06-03 12:37:35] WARNING: - 2 users in trust network
[2025-06-03 12:37:35] WARNING: - 31 total trust relationships
[2025-06-03 12:47:34] WARNING: === Starting Twitter Trust System Collection ===
[2025-06-03 12:47:34] WARNING: Will collect tweets until reaching previous timestamp: 2025-05-12 06:54:05+00:00
[2025-06-03 12:47:34] WARNING: Retrieving page 1...
[2025-06-03 12:47:39] WARNING: Newest tweet is from: 2025-05-12 06:54:05+00:00
[2025-06-03 12:47:39] WARNING: Reached stop point at tweet from 2025-05-12 06:54:05+00:00
[2025-06-03 12:47:39] WARNING: Retrieved 0 new tweets on page 1
[2025-06-03 12:47:39] WARNING: Stopping pagination as we've reached the stop point
[2025-06-03 12:47:39] WARNING: Retrieved a total of 0 tweets across 1 pages
[2025-06-03 12:47:39] WARNING: No new tweets found with trust commands. Exiting without error.
[2025-06-03 12:47:39] WARNING: Collection complete!
[2025-06-03 12:47:39] WARNING: - 0 trust assignments processed
[2025-06-03 12:47:39] WARNING: - 2 users in trust network
[2025-06-03 12:47:39] WARNING: - 31 total trust relationships
[2025-06-03 12:57:37] WARNING: === Starting Twitter Trust System Collection ===
[2025-06-03 12:57:37] WARNING: Will collect tweets until reaching previous timestamp: 2025-05-12 06:54:05+00:00
[2025-06-03 12:57:37] WARNING: Retrieving page 1...
[2025-06-03 12:57:38] WARNING: Newest tweet is from: 2025-05-12 06:54:05+00:00
[2025-06-03 12:57:38] WARNING: Reached stop point at tweet from 2025-05-12 06:54:05+00:00
[2025-06-03 12:57:38] WARNING: Retrieved 0 new tweets on page 1
[2025-06-03 12:57:38] WARNING: Stopping pagination as we've reached the stop point
[2025-06-03 12:57:38] WARNING: Retrieved a total of 0 tweets across 1 pages
[2025-06-03 12:57:38] WARNING: No new tweets found with trust commands. Exiting without error.
[2025-06-03 12:57:38] WARNING: Collection complete!
[2025-06-03 12:57:38] WARNING: - 0 trust assignments processed
[2025-06-03 12:57:38] WARNING: - 2 users in trust network
[2025-06-03 12:57:38] WARNING: - 31 total trust relationships
[2025-06-03 13:07:34] WARNING: === Starting Twitter Trust System Collection ===
[2025-06-03 13:07:34] WARNING: Will collect tweets until reaching previous timestamp: 2025-05-12 06:54:05+00:00
[2025-06-03 13:07:34] WARNING: Retrieving page 1...
[2025-06-03 13:07:36] WARNING: Newest tweet is from: 2025-05-12 06:54:05+00:00
[2025-06-03 13:07:36] WARNING: Reached stop point at tweet from 2025-05-12 06:54:05+00:00
[2025-06-03 13:07:36] WARNING: Retrieved 0 new tweets on page 1
[2025-06-03 13:07:36] WARNING: Stopping pagination as we've reached the stop point
[2025-06-03 13:07:36] WARNING: Retrieved a total of 0 tweets across 1 pages
[2025-06-03 13:07:36] WARNING: No new tweets found with trust commands. Exiting without error.
[2025-06-03 13:07:36] WARNING: Collection complete!
[2025-06-03 13:07:36] WARNING: - 0 trust assignments processed
[2025-06-03 13:07:36] WARNING: - 2 users in trust network
[2025-06-03 13:07:36] WARNING: - 31 total trust relationships
[2025-06-03 13:17:34] WARNING: === Starting Twitter Trust System Collection ===
[2025-06-03 13:17:34] WARNING: Will collect tweets until reaching previous timestamp: 2025-05-12 06:54:05+00:00
[2025-06-03 13:17:34] WARNING: Retrieving page 1...
[2025-06-03 13:17:36] WARNING: Newest tweet is from: 2025-05-12 06:54:05+00:00
[2025-06-03 13:17:36] WARNING: Reached stop point at tweet from 2025-05-12 06:54:05+00:00
[2025-06-03 13:17:36] WARNING: Retrieved 0 new tweets on page 1
[2025-06-03 13:17:36] WARNING: Stopping pagination as we've reached the stop point
[2025-06-03 13:17:36] WARNING: Retrieved a total of 0 tweets across 1 pages
[2025-06-03 13:17:36] WARNING: No new tweets found with trust commands. Exiting without error.
[2025-06-03 13:17:36] WARNING: Collection complete!
[2025-06-03 13:17:36] WARNING: - 0 trust assignments processed
[2025-06-03 13:17:36] WARNING: - 2 users in trust network
[2025-06-03 13:17:36] WARNING: - 31 total trust relationships
[2025-06-03 13:27:33] WARNING: === Starting Twitter Trust System Collection ===
[2025-06-03 13:27:33] WARNING: Will collect tweets until reaching previous timestamp: 2025-05-12 06:54:05+00:00
[2025-06-03 13:27:33] WARNING: Retrieving page 1...
[2025-06-03 13:27:36] WARNING: Newest tweet is from: 2025-05-12 06:54:05+00:00
[2025-06-03 13:27:36] WARNING: Reached stop point at tweet from 2025-05-12 06:54:05+00:00
[2025-06-03 13:27:36] WARNING: Retrieved 0 new tweets on page 1
[2025-06-03 13:27:36] WARNING: Stopping pagination as we've reached the stop point
[2025-06-03 13:27:36] WARNING: Retrieved a total of 0 tweets across 1 pages
[2025-06-03 13:27:36] WARNING: No new tweets found with trust commands. Exiting without error.
[2025-06-03 13:27:36] WARNING: Collection complete!
[2025-06-03 13:27:36] WARNING: - 0 trust assignments processed
[2025-06-03 13:27:36] WARNING: - 2 users in trust network
[2025-06-03 13:27:36] WARNING: - 31 total trust relationships
[2025-06-03 13:37:33] WARNING: === Starting Twitter Trust System Collection ===
[2025-06-03 13:37:33] WARNING: Will collect tweets until reaching previous timestamp: 2025-05-12 06:54:05+00:00
[2025-06-03 13:37:33] WARNING: Retrieving page 1...
[2025-06-03 13:37:37] WARNING: Newest tweet is from: 2025-05-12 06:54:05+00:00
[2025-06-03 13:37:37] WARNING: Reached stop point at tweet from 2025-05-12 06:54:05+00:00
[2025-06-03 13:37:37] WARNING: Retrieved 0 new tweets on page 1
[2025-06-03 13:37:37] WARNING: Stopping pagination as we've reached the stop point
[2025-06-03 13:37:37] WARNING: Retrieved a total of 0 tweets across 1 pages
[2025-06-03 13:37:37] WARNING: No new tweets found with trust commands. Exiting without error.
[2025-06-03 13:37:37] WARNING: Collection complete!
[2025-06-03 13:37:37] WARNING: - 0 trust assignments processed
[2025-06-03 13:37:37] WARNING: - 2 users in trust network
[2025-06-03 13:37:37] WARNING: - 31 total trust relationships
[2025-06-03 13:47:35] WARNING: === Starting Twitter Trust System Collection ===
[2025-06-03 13:47:35] WARNING: Will collect tweets until reaching previous timestamp: 2025-05-12 06:54:05+00:00
[2025-06-03 13:47:35] WARNING: Retrieving page 1...
[2025-06-03 13:47:38] WARNING: Newest tweet is from: 2025-05-12 06:54:05+00:00
[2025-06-03 13:47:38] WARNING: Reached stop point at tweet from 2025-05-12 06:54:05+00:00
[2025-06-03 13:47:38] WARNING: Retrieved 0 new tweets on page 1
[2025-06-03 13:47:38] WARNING: Stopping pagination as we've reached the stop point
[2025-06-03 13:47:38] WARNING: Retrieved a total of 0 tweets across 1 pages
[2025-06-03 13:47:38] WARNING: No new tweets found with trust commands. Exiting without error.
[2025-06-03 13:47:38] WARNING: Collection complete!
[2025-06-03 13:47:38] WARNING: - 0 trust assignments processed
[2025-06-03 13:47:38] WARNING: - 2 users in trust network
[2025-06-03 13:47:38] WARNING: - 31 total trust relationships
[2025-06-03 13:57:35] WARNING: === Starting Twitter Trust System Collection ===
[2025-06-03 13:57:35] WARNING: Will collect tweets until reaching previous timestamp: 2025-05-12 06:54:05+00:00
[2025-06-03 13:57:35] WARNING: Retrieving page 1...
[2025-06-03 13:57:36] WARNING: Newest tweet is from: 2025-05-12 06:54:05+00:00
[2025-06-03 13:57:36] WARNING: Reached stop point at tweet from 2025-05-12 06:54:05+00:00
[2025-06-03 13:57:36] WARNING: Retrieved 0 new tweets on page 1
[2025-06-03 13:57:36] WARNING: Stopping pagination as we've reached the stop point
[2025-06-03 13:57:36] WARNING: Retrieved a total of 0 tweets across 1 pages
[2025-06-03 13:57:36] WARNING: No new tweets found with trust commands. Exiting without error.
[2025-06-03 13:57:36] WARNING: Collection complete!
[2025-06-03 13:57:36] WARNING: - 0 trust assignments processed
[2025-06-03 13:57:36] WARNING: - 2 users in trust network
[2025-06-03 13:57:36] WARNING: - 31 total trust relationships
[2025-06-03 14:07:34] WARNING: === Starting Twitter Trust System Collection ===
[2025-06-03 14:07:34] WARNING: Will collect tweets until reaching previous timestamp: 2025-05-12 06:54:05+00:00
[2025-06-03 14:07:34] WARNING: Retrieving page 1...
[2025-06-03 14:07:35] WARNING: Newest tweet is from: 2025-05-12 06:54:05+00:00
[2025-06-03 14:07:35] WARNING: Reached stop point at tweet from 2025-05-12 06:54:05+00:00
[2025-06-03 14:07:35] WARNING: Retrieved 0 new tweets on page 1
[2025-06-03 14:07:35] WARNING: Stopping pagination as we've reached the stop point
[2025-06-03 14:07:35] WARNING: Retrieved a total of 0 tweets across 1 pages
[2025-06-03 14:07:35] WARNING: No new tweets found with trust commands. Exiting without error.
[2025-06-03 14:07:35] WARNING: Collection complete!
[2025-06-03 14:07:35] WARNING: - 0 trust assignments processed
[2025-06-03 14:07:35] WARNING: - 2 users in trust network
[2025-06-03 14:07:35] WARNING: - 31 total trust relationships
