[2025-06-02 19:17:33] WARNING: === Starting Twitter Trust System Collection ===
[2025-06-02 19:17:33] WARNING: Will collect tweets until reaching previous timestamp: 2025-05-12 06:54:05+00:00
[2025-06-02 19:17:33] WARNING: Retrieving page 1...
[2025-06-02 19:17:35] WARNING: Newest tweet is from: 2025-05-12 06:54:05+00:00
[2025-06-02 19:17:35] WARNING: Reached stop point at tweet from 2025-05-12 06:54:05+00:00
[2025-06-02 19:17:35] WARNING: Retrieved 0 new tweets on page 1
[2025-06-02 19:17:35] WARNING: Stopping pagination as we've reached the stop point
[2025-06-02 19:17:35] WARNING: Retrieved a total of 0 tweets across 1 pages
[2025-06-02 19:17:35] WARNING: No new tweets found with trust commands. Exiting without error.
[2025-06-02 19:17:35] WARNING: Collection complete!
[2025-06-02 19:17:35] WARNING: - 0 trust assignments processed
[2025-06-02 19:17:35] WARNING: - 2 users in trust network
[2025-06-02 19:17:35] WARNING: - 31 total trust relationships
[2025-06-02 19:27:33] WARNING: === Starting Twitter Trust System Collection ===
[2025-06-02 19:27:33] WARNING: Will collect tweets until reaching previous timestamp: 2025-05-12 06:54:05+00:00
[2025-06-02 19:27:33] WARNING: Retrieving page 1...
[2025-06-02 19:27:35] WARNING: Newest tweet is from: 2025-05-12 06:54:05+00:00
[2025-06-02 19:27:35] WARNING: Reached stop point at tweet from 2025-05-12 06:54:05+00:00
[2025-06-02 19:27:35] WARNING: Retrieved 0 new tweets on page 1
[2025-06-02 19:27:35] WARNING: Stopping pagination as we've reached the stop point
[2025-06-02 19:27:35] WARNING: Retrieved a total of 0 tweets across 1 pages
[2025-06-02 19:27:35] WARNING: No new tweets found with trust commands. Exiting without error.
[2025-06-02 19:27:35] WARNING: Collection complete!
[2025-06-02 19:27:35] WARNING: - 0 trust assignments processed
[2025-06-02 19:27:35] WARNING: - 2 users in trust network
[2025-06-02 19:27:35] WARNING: - 31 total trust relationships
[2025-06-02 19:37:33] WARNING: === Starting Twitter Trust System Collection ===
[2025-06-02 19:37:33] WARNING: Will collect tweets until reaching previous timestamp: 2025-05-12 06:54:05+00:00
[2025-06-02 19:37:33] WARNING: Retrieving page 1...
[2025-06-02 19:37:35] WARNING: Newest tweet is from: 2025-05-12 06:54:05+00:00
[2025-06-02 19:37:35] WARNING: Reached stop point at tweet from 2025-05-12 06:54:05+00:00
[2025-06-02 19:37:35] WARNING: Retrieved 0 new tweets on page 1
[2025-06-02 19:37:35] WARNING: Stopping pagination as we've reached the stop point
[2025-06-02 19:37:35] WARNING: Retrieved a total of 0 tweets across 1 pages
[2025-06-02 19:37:35] WARNING: No new tweets found with trust commands. Exiting without error.
[2025-06-02 19:37:35] WARNING: Collection complete!
[2025-06-02 19:37:35] WARNING: - 0 trust assignments processed
[2025-06-02 19:37:35] WARNING: - 2 users in trust network
[2025-06-02 19:37:35] WARNING: - 31 total trust relationships
[2025-06-02 19:47:33] WARNING: === Starting Twitter Trust System Collection ===
[2025-06-02 19:47:33] WARNING: Will collect tweets until reaching previous timestamp: 2025-05-12 06:54:05+00:00
[2025-06-02 19:47:33] WARNING: Retrieving page 1...
[2025-06-02 19:47:35] WARNING: Newest tweet is from: 2025-05-12 06:54:05+00:00
[2025-06-02 19:47:35] WARNING: Reached stop point at tweet from 2025-05-12 06:54:05+00:00
[2025-06-02 19:47:35] WARNING: Retrieved 0 new tweets on page 1
[2025-06-02 19:47:35] WARNING: Stopping pagination as we've reached the stop point
[2025-06-02 19:47:35] WARNING: Retrieved a total of 0 tweets across 1 pages
[2025-06-02 19:47:35] WARNING: No new tweets found with trust commands. Exiting without error.
[2025-06-02 19:47:35] WARNING: Collection complete!
[2025-06-02 19:47:35] WARNING: - 0 trust assignments processed
[2025-06-02 19:47:35] WARNING: - 2 users in trust network
[2025-06-02 19:47:35] WARNING: - 31 total trust relationships
[2025-06-02 19:57:36] WARNING: === Starting Twitter Trust System Collection ===
[2025-06-02 19:57:36] WARNING: Will collect tweets until reaching previous timestamp: 2025-05-12 06:54:05+00:00
[2025-06-02 19:57:36] WARNING: Retrieving page 1...
[2025-06-02 19:57:37] WARNING: Newest tweet is from: 2025-05-12 06:54:05+00:00
[2025-06-02 19:57:37] WARNING: Reached stop point at tweet from 2025-05-12 06:54:05+00:00
[2025-06-02 19:57:37] WARNING: Retrieved 0 new tweets on page 1
[2025-06-02 19:57:37] WARNING: Stopping pagination as we've reached the stop point
[2025-06-02 19:57:37] WARNING: Retrieved a total of 0 tweets across 1 pages
[2025-06-02 19:57:37] WARNING: No new tweets found with trust commands. Exiting without error.
[2025-06-02 19:57:37] WARNING: Collection complete!
[2025-06-02 19:57:37] WARNING: - 0 trust assignments processed
[2025-06-02 19:57:37] WARNING: - 2 users in trust network
[2025-06-02 19:57:37] WARNING: - 31 total trust relationships
[2025-06-02 20:07:33] WARNING: === Starting Twitter Trust System Collection ===
[2025-06-02 20:07:33] WARNING: Will collect tweets until reaching previous timestamp: 2025-05-12 06:54:05+00:00
[2025-06-02 20:07:33] WARNING: Retrieving page 1...
[2025-06-02 20:07:35] WARNING: Newest tweet is from: 2025-05-12 06:54:05+00:00
[2025-06-02 20:07:35] WARNING: Reached stop point at tweet from 2025-05-12 06:54:05+00:00
[2025-06-02 20:07:35] WARNING: Retrieved 0 new tweets on page 1
[2025-06-02 20:07:35] WARNING: Stopping pagination as we've reached the stop point
[2025-06-02 20:07:35] WARNING: Retrieved a total of 0 tweets across 1 pages
[2025-06-02 20:07:35] WARNING: No new tweets found with trust commands. Exiting without error.
[2025-06-02 20:07:35] WARNING: Collection complete!
[2025-06-02 20:07:35] WARNING: - 0 trust assignments processed
[2025-06-02 20:07:35] WARNING: - 2 users in trust network
[2025-06-02 20:07:35] WARNING: - 31 total trust relationships
[2025-06-02 20:17:34] WARNING: === Starting Twitter Trust System Collection ===
[2025-06-02 20:17:34] WARNING: Will collect tweets until reaching previous timestamp: 2025-05-12 06:54:05+00:00
[2025-06-02 20:17:34] WARNING: Retrieving page 1...
[2025-06-02 20:17:36] WARNING: Newest tweet is from: 2025-05-12 06:54:05+00:00
[2025-06-02 20:17:36] WARNING: Reached stop point at tweet from 2025-05-12 06:54:05+00:00
[2025-06-02 20:17:36] WARNING: Retrieved 0 new tweets on page 1
[2025-06-02 20:17:36] WARNING: Stopping pagination as we've reached the stop point
[2025-06-02 20:17:36] WARNING: Retrieved a total of 0 tweets across 1 pages
[2025-06-02 20:17:36] WARNING: No new tweets found with trust commands. Exiting without error.
[2025-06-02 20:17:36] WARNING: Collection complete!
[2025-06-02 20:17:36] WARNING: - 0 trust assignments processed
[2025-06-02 20:17:36] WARNING: - 2 users in trust network
[2025-06-02 20:17:36] WARNING: - 31 total trust relationships
[2025-06-02 20:27:35] WARNING: === Starting Twitter Trust System Collection ===
[2025-06-02 20:27:35] WARNING: Will collect tweets until reaching previous timestamp: 2025-05-12 06:54:05+00:00
[2025-06-02 20:27:35] WARNING: Retrieving page 1...
[2025-06-02 20:27:37] WARNING: Newest tweet is from: 2025-05-12 06:54:05+00:00
[2025-06-02 20:27:37] WARNING: Reached stop point at tweet from 2025-05-12 06:54:05+00:00
[2025-06-02 20:27:37] WARNING: Retrieved 0 new tweets on page 1
[2025-06-02 20:27:37] WARNING: Stopping pagination as we've reached the stop point
[2025-06-02 20:27:37] WARNING: Retrieved a total of 0 tweets across 1 pages
[2025-06-02 20:27:37] WARNING: No new tweets found with trust commands. Exiting without error.
[2025-06-02 20:27:37] WARNING: Collection complete!
[2025-06-02 20:27:37] WARNING: - 0 trust assignments processed
[2025-06-02 20:27:37] WARNING: - 2 users in trust network
[2025-06-02 20:27:37] WARNING: - 31 total trust relationships
[2025-06-02 20:37:33] WARNING: === Starting Twitter Trust System Collection ===
[2025-06-02 20:37:33] WARNING: Will collect tweets until reaching previous timestamp: 2025-05-12 06:54:05+00:00
[2025-06-02 20:37:33] WARNING: Retrieving page 1...
[2025-06-02 20:37:36] WARNING: Newest tweet is from: 2025-05-12 06:54:05+00:00
[2025-06-02 20:37:36] WARNING: Reached stop point at tweet from 2025-05-12 06:54:05+00:00
[2025-06-02 20:37:36] WARNING: Retrieved 0 new tweets on page 1
[2025-06-02 20:37:36] WARNING: Stopping pagination as we've reached the stop point
[2025-06-02 20:37:36] WARNING: Retrieved a total of 0 tweets across 1 pages
[2025-06-02 20:37:36] WARNING: No new tweets found with trust commands. Exiting without error.
[2025-06-02 20:37:36] WARNING: Collection complete!
[2025-06-02 20:37:36] WARNING: - 0 trust assignments processed
[2025-06-02 20:37:36] WARNING: - 2 users in trust network
[2025-06-02 20:37:36] WARNING: - 31 total trust relationships
[2025-06-02 20:47:34] WARNING: === Starting Twitter Trust System Collection ===
[2025-06-02 20:47:34] WARNING: Will collect tweets until reaching previous timestamp: 2025-05-12 06:54:05+00:00
[2025-06-02 20:47:34] WARNING: Retrieving page 1...
[2025-06-02 20:47:36] WARNING: Newest tweet is from: 2025-05-12 06:54:05+00:00
[2025-06-02 20:47:36] WARNING: Reached stop point at tweet from 2025-05-12 06:54:05+00:00
[2025-06-02 20:47:36] WARNING: Retrieved 0 new tweets on page 1
[2025-06-02 20:47:36] WARNING: Stopping pagination as we've reached the stop point
[2025-06-02 20:47:36] WARNING: Retrieved a total of 0 tweets across 1 pages
[2025-06-02 20:47:36] WARNING: No new tweets found with trust commands. Exiting without error.
[2025-06-02 20:47:36] WARNING: Collection complete!
[2025-06-02 20:47:36] WARNING: - 0 trust assignments processed
[2025-06-02 20:47:36] WARNING: - 2 users in trust network
[2025-06-02 20:47:36] WARNING: - 31 total trust relationships
[2025-06-02 20:57:34] WARNING: === Starting Twitter Trust System Collection ===
[2025-06-02 20:57:34] WARNING: Will collect tweets until reaching previous timestamp: 2025-05-12 06:54:05+00:00
[2025-06-02 20:57:34] WARNING: Retrieving page 1...
[2025-06-02 20:57:35] WARNING: Newest tweet is from: 2025-05-12 06:54:05+00:00
[2025-06-02 20:57:35] WARNING: Reached stop point at tweet from 2025-05-12 06:54:05+00:00
[2025-06-02 20:57:35] WARNING: Retrieved 0 new tweets on page 1
[2025-06-02 20:57:35] WARNING: Stopping pagination as we've reached the stop point
[2025-06-02 20:57:35] WARNING: Retrieved a total of 0 tweets across 1 pages
[2025-06-02 20:57:35] WARNING: No new tweets found with trust commands. Exiting without error.
[2025-06-02 20:57:35] WARNING: Collection complete!
[2025-06-02 20:57:35] WARNING: - 0 trust assignments processed
[2025-06-02 20:57:35] WARNING: - 2 users in trust network
[2025-06-02 20:57:35] WARNING: - 31 total trust relationships
[2025-06-02 21:07:34] WARNING: === Starting Twitter Trust System Collection ===
[2025-06-02 21:07:34] WARNING: Will collect tweets until reaching previous timestamp: 2025-05-12 06:54:05+00:00
[2025-06-02 21:07:34] WARNING: Retrieving page 1...
[2025-06-02 21:07:37] WARNING: Newest tweet is from: 2025-05-12 06:54:05+00:00
[2025-06-02 21:07:37] WARNING: Reached stop point at tweet from 2025-05-12 06:54:05+00:00
[2025-06-02 21:07:37] WARNING: Retrieved 0 new tweets on page 1
[2025-06-02 21:07:37] WARNING: Stopping pagination as we've reached the stop point
[2025-06-02 21:07:37] WARNING: Retrieved a total of 0 tweets across 1 pages
[2025-06-02 21:07:37] WARNING: No new tweets found with trust commands. Exiting without error.
[2025-06-02 21:07:37] WARNING: Collection complete!
[2025-06-02 21:07:37] WARNING: - 0 trust assignments processed
[2025-06-02 21:07:37] WARNING: - 2 users in trust network
[2025-06-02 21:07:37] WARNING: - 31 total trust relationships
[2025-06-02 21:17:34] WARNING: === Starting Twitter Trust System Collection ===
[2025-06-02 21:17:34] WARNING: Will collect tweets until reaching previous timestamp: 2025-05-12 06:54:05+00:00
[2025-06-02 21:17:34] WARNING: Retrieving page 1...
[2025-06-02 21:17:36] WARNING: Newest tweet is from: 2025-05-12 06:54:05+00:00
[2025-06-02 21:17:36] WARNING: Reached stop point at tweet from 2025-05-12 06:54:05+00:00
[2025-06-02 21:17:36] WARNING: Retrieved 0 new tweets on page 1
[2025-06-02 21:17:36] WARNING: Stopping pagination as we've reached the stop point
[2025-06-02 21:17:36] WARNING: Retrieved a total of 0 tweets across 1 pages
[2025-06-02 21:17:36] WARNING: No new tweets found with trust commands. Exiting without error.
[2025-06-02 21:17:36] WARNING: Collection complete!
[2025-06-02 21:17:36] WARNING: - 0 trust assignments processed
[2025-06-02 21:17:36] WARNING: - 2 users in trust network
[2025-06-02 21:17:36] WARNING: - 31 total trust relationships
[2025-06-02 21:27:33] WARNING: === Starting Twitter Trust System Collection ===
[2025-06-02 21:27:33] WARNING: Will collect tweets until reaching previous timestamp: 2025-05-12 06:54:05+00:00
[2025-06-02 21:27:33] WARNING: Retrieving page 1...
[2025-06-02 21:27:35] WARNING: Newest tweet is from: 2025-05-12 06:54:05+00:00
[2025-06-02 21:27:35] WARNING: Reached stop point at tweet from 2025-05-12 06:54:05+00:00
[2025-06-02 21:27:35] WARNING: Retrieved 0 new tweets on page 1
[2025-06-02 21:27:35] WARNING: Stopping pagination as we've reached the stop point
[2025-06-02 21:27:35] WARNING: Retrieved a total of 0 tweets across 1 pages
[2025-06-02 21:27:35] WARNING: No new tweets found with trust commands. Exiting without error.
[2025-06-02 21:27:35] WARNING: Collection complete!
[2025-06-02 21:27:35] WARNING: - 0 trust assignments processed
[2025-06-02 21:27:35] WARNING: - 2 users in trust network
[2025-06-02 21:27:35] WARNING: - 31 total trust relationships
[2025-06-02 21:37:33] WARNING: === Starting Twitter Trust System Collection ===
[2025-06-02 21:37:33] WARNING: Will collect tweets until reaching previous timestamp: 2025-05-12 06:54:05+00:00
[2025-06-02 21:37:33] WARNING: Retrieving page 1...
[2025-06-02 21:37:35] WARNING: Newest tweet is from: 2025-05-12 06:54:05+00:00
[2025-06-02 21:37:35] WARNING: Reached stop point at tweet from 2025-05-12 06:54:05+00:00
[2025-06-02 21:37:35] WARNING: Retrieved 0 new tweets on page 1
[2025-06-02 21:37:35] WARNING: Stopping pagination as we've reached the stop point
[2025-06-02 21:37:35] WARNING: Retrieved a total of 0 tweets across 1 pages
[2025-06-02 21:37:35] WARNING: No new tweets found with trust commands. Exiting without error.
[2025-06-02 21:37:35] WARNING: Collection complete!
[2025-06-02 21:37:35] WARNING: - 0 trust assignments processed
[2025-06-02 21:37:35] WARNING: - 2 users in trust network
[2025-06-02 21:37:35] WARNING: - 31 total trust relationships
[2025-06-02 21:47:34] WARNING: === Starting Twitter Trust System Collection ===
[2025-06-02 21:47:34] WARNING: Will collect tweets until reaching previous timestamp: 2025-05-12 06:54:05+00:00
[2025-06-02 21:47:34] WARNING: Retrieving page 1...
[2025-06-02 21:47:36] WARNING: Newest tweet is from: 2025-05-12 06:54:05+00:00
[2025-06-02 21:47:36] WARNING: Reached stop point at tweet from 2025-05-12 06:54:05+00:00
[2025-06-02 21:47:36] WARNING: Retrieved 0 new tweets on page 1
[2025-06-02 21:47:36] WARNING: Stopping pagination as we've reached the stop point
[2025-06-02 21:47:36] WARNING: Retrieved a total of 0 tweets across 1 pages
[2025-06-02 21:47:36] WARNING: No new tweets found with trust commands. Exiting without error.
[2025-06-02 21:47:36] WARNING: Collection complete!
[2025-06-02 21:47:36] WARNING: - 0 trust assignments processed
[2025-06-02 21:47:36] WARNING: - 2 users in trust network
[2025-06-02 21:47:36] WARNING: - 31 total trust relationships
[2025-06-02 22:54:43] WARNING: === Starting Twitter Trust System Collection ===
[2025-06-02 22:54:43] WARNING: Will collect tweets until reaching previous timestamp: 2025-05-12 06:54:05+00:00
[2025-06-02 22:54:43] WARNING: Retrieving page 1...
[2025-06-02 22:54:46] WARNING: Newest tweet is from: 2025-05-12 06:54:05+00:00
[2025-06-02 22:54:46] WARNING: Reached stop point at tweet from 2025-05-12 06:54:05+00:00
[2025-06-02 22:54:46] WARNING: Retrieved 0 new tweets on page 1
[2025-06-02 22:54:46] WARNING: Stopping pagination as we've reached the stop point
[2025-06-02 22:54:46] WARNING: Retrieved a total of 0 tweets across 1 pages
[2025-06-02 22:54:46] WARNING: No new tweets found with trust commands. Exiting without error.
[2025-06-02 22:54:46] WARNING: Collection complete!
[2025-06-02 22:54:46] WARNING: - 0 trust assignments processed
[2025-06-02 22:54:46] WARNING: - 2 users in trust network
[2025-06-02 22:54:46] WARNING: - 31 total trust relationships
[2025-06-02 22:57:35] WARNING: === Starting Twitter Trust System Collection ===
[2025-06-02 22:57:35] WARNING: Will collect tweets until reaching previous timestamp: 2025-05-12 06:54:05+00:00
[2025-06-02 22:57:35] WARNING: Retrieving page 1...
[2025-06-02 22:57:36] WARNING: Newest tweet is from: 2025-05-12 06:54:05+00:00
[2025-06-02 22:57:36] WARNING: Reached stop point at tweet from 2025-05-12 06:54:05+00:00
[2025-06-02 22:57:36] WARNING: Retrieved 0 new tweets on page 1
[2025-06-02 22:57:36] WARNING: Stopping pagination as we've reached the stop point
[2025-06-02 22:57:36] WARNING: Retrieved a total of 0 tweets across 1 pages
[2025-06-02 22:57:36] WARNING: No new tweets found with trust commands. Exiting without error.
[2025-06-02 22:57:36] WARNING: Collection complete!
[2025-06-02 22:57:36] WARNING: - 0 trust assignments processed
[2025-06-02 22:57:36] WARNING: - 2 users in trust network
[2025-06-02 22:57:36] WARNING: - 31 total trust relationships
[2025-06-02 23:07:34] WARNING: === Starting Twitter Trust System Collection ===
[2025-06-02 23:07:34] WARNING: Will collect tweets until reaching previous timestamp: 2025-05-12 06:54:05+00:00
[2025-06-02 23:07:34] WARNING: Retrieving page 1...
[2025-06-02 23:07:37] WARNING: Newest tweet is from: 2025-05-12 06:54:05+00:00
[2025-06-02 23:07:37] WARNING: Reached stop point at tweet from 2025-05-12 06:54:05+00:00
[2025-06-02 23:07:37] WARNING: Retrieved 0 new tweets on page 1
[2025-06-02 23:07:37] WARNING: Stopping pagination as we've reached the stop point
[2025-06-02 23:07:37] WARNING: Retrieved a total of 0 tweets across 1 pages
[2025-06-02 23:07:37] WARNING: No new tweets found with trust commands. Exiting without error.
[2025-06-02 23:07:37] WARNING: Collection complete!
[2025-06-02 23:07:37] WARNING: - 0 trust assignments processed
[2025-06-02 23:07:37] WARNING: - 2 users in trust network
[2025-06-02 23:07:37] WARNING: - 31 total trust relationships
[2025-06-02 23:17:34] WARNING: === Starting Twitter Trust System Collection ===
[2025-06-02 23:17:34] WARNING: Will collect tweets until reaching previous timestamp: 2025-05-12 06:54:05+00:00
[2025-06-02 23:17:34] WARNING: Retrieving page 1...
[2025-06-02 23:17:36] WARNING: Newest tweet is from: 2025-05-12 06:54:05+00:00
[2025-06-02 23:17:36] WARNING: Reached stop point at tweet from 2025-05-12 06:54:05+00:00
[2025-06-02 23:17:36] WARNING: Retrieved 0 new tweets on page 1
[2025-06-02 23:17:36] WARNING: Stopping pagination as we've reached the stop point
[2025-06-02 23:17:36] WARNING: Retrieved a total of 0 tweets across 1 pages
[2025-06-02 23:17:36] WARNING: No new tweets found with trust commands. Exiting without error.
[2025-06-02 23:17:36] WARNING: Collection complete!
[2025-06-02 23:17:36] WARNING: - 0 trust assignments processed
[2025-06-02 23:17:36] WARNING: - 2 users in trust network
[2025-06-02 23:17:36] WARNING: - 31 total trust relationships
[2025-06-02 23:27:36] WARNING: === Starting Twitter Trust System Collection ===
[2025-06-02 23:27:36] WARNING: Will collect tweets until reaching previous timestamp: 2025-05-12 06:54:05+00:00
[2025-06-02 23:27:36] WARNING: Retrieving page 1...
[2025-06-02 23:27:38] WARNING: Newest tweet is from: 2025-05-12 06:54:05+00:00
[2025-06-02 23:27:38] WARNING: Reached stop point at tweet from 2025-05-12 06:54:05+00:00
[2025-06-02 23:27:38] WARNING: Retrieved 0 new tweets on page 1
[2025-06-02 23:27:38] WARNING: Stopping pagination as we've reached the stop point
[2025-06-02 23:27:38] WARNING: Retrieved a total of 0 tweets across 1 pages
[2025-06-02 23:27:38] WARNING: No new tweets found with trust commands. Exiting without error.
[2025-06-02 23:27:38] WARNING: Collection complete!
[2025-06-02 23:27:38] WARNING: - 0 trust assignments processed
[2025-06-02 23:27:38] WARNING: - 2 users in trust network
[2025-06-02 23:27:38] WARNING: - 31 total trust relationships
[2025-06-02 23:37:34] WARNING: === Starting Twitter Trust System Collection ===
[2025-06-02 23:37:34] WARNING: Will collect tweets until reaching previous timestamp: 2025-05-12 06:54:05+00:00
[2025-06-02 23:37:34] WARNING: Retrieving page 1...
[2025-06-02 23:37:36] WARNING: Newest tweet is from: 2025-05-12 06:54:05+00:00
[2025-06-02 23:37:36] WARNING: Reached stop point at tweet from 2025-05-12 06:54:05+00:00
[2025-06-02 23:37:36] WARNING: Retrieved 0 new tweets on page 1
[2025-06-02 23:37:36] WARNING: Stopping pagination as we've reached the stop point
[2025-06-02 23:37:36] WARNING: Retrieved a total of 0 tweets across 1 pages
[2025-06-02 23:37:36] WARNING: No new tweets found with trust commands. Exiting without error.
[2025-06-02 23:37:36] WARNING: Collection complete!
[2025-06-02 23:37:36] WARNING: - 0 trust assignments processed
[2025-06-02 23:37:36] WARNING: - 2 users in trust network
[2025-06-02 23:37:36] WARNING: - 31 total trust relationships
[2025-06-02 23:47:34] WARNING: === Starting Twitter Trust System Collection ===
[2025-06-02 23:47:34] WARNING: Will collect tweets until reaching previous timestamp: 2025-05-12 06:54:05+00:00
[2025-06-02 23:47:34] WARNING: Retrieving page 1...
[2025-06-02 23:47:36] WARNING: Newest tweet is from: 2025-05-12 06:54:05+00:00
[2025-06-02 23:47:36] WARNING: Reached stop point at tweet from 2025-05-12 06:54:05+00:00
[2025-06-02 23:47:36] WARNING: Retrieved 0 new tweets on page 1
[2025-06-02 23:47:36] WARNING: Stopping pagination as we've reached the stop point
[2025-06-02 23:47:36] WARNING: Retrieved a total of 0 tweets across 1 pages
[2025-06-02 23:47:36] WARNING: No new tweets found with trust commands. Exiting without error.
[2025-06-02 23:47:36] WARNING: Collection complete!
[2025-06-02 23:47:36] WARNING: - 0 trust assignments processed
[2025-06-02 23:47:36] WARNING: - 2 users in trust network
[2025-06-02 23:47:36] WARNING: - 31 total trust relationships
[2025-06-02 23:57:35] WARNING: === Starting Twitter Trust System Collection ===
[2025-06-02 23:57:35] WARNING: Will collect tweets until reaching previous timestamp: 2025-05-12 06:54:05+00:00
[2025-06-02 23:57:35] WARNING: Retrieving page 1...
[2025-06-02 23:57:37] WARNING: Newest tweet is from: 2025-05-12 06:54:05+00:00
[2025-06-02 23:57:37] WARNING: Reached stop point at tweet from 2025-05-12 06:54:05+00:00
[2025-06-02 23:57:37] WARNING: Retrieved 0 new tweets on page 1
[2025-06-02 23:57:37] WARNING: Stopping pagination as we've reached the stop point
[2025-06-02 23:57:37] WARNING: Retrieved a total of 0 tweets across 1 pages
[2025-06-02 23:57:37] WARNING: No new tweets found with trust commands. Exiting without error.
[2025-06-02 23:57:37] WARNING: Collection complete!
[2025-06-02 23:57:37] WARNING: - 0 trust assignments processed
[2025-06-02 23:57:37] WARNING: - 2 users in trust network
[2025-06-02 23:57:37] WARNING: - 31 total trust relationships
[2025-06-03 00:07:34] WARNING: === Starting Twitter Trust System Collection ===
[2025-06-03 00:07:34] WARNING: Will collect tweets until reaching previous timestamp: 2025-05-12 06:54:05+00:00
[2025-06-03 00:07:34] WARNING: Retrieving page 1...
[2025-06-03 00:07:36] WARNING: Newest tweet is from: 2025-05-12 06:54:05+00:00
[2025-06-03 00:07:36] WARNING: Reached stop point at tweet from 2025-05-12 06:54:05+00:00
[2025-06-03 00:07:36] WARNING: Retrieved 0 new tweets on page 1
[2025-06-03 00:07:36] WARNING: Stopping pagination as we've reached the stop point
[2025-06-03 00:07:36] WARNING: Retrieved a total of 0 tweets across 1 pages
[2025-06-03 00:07:36] WARNING: No new tweets found with trust commands. Exiting without error.
[2025-06-03 00:07:36] WARNING: Collection complete!
[2025-06-03 00:07:36] WARNING: - 0 trust assignments processed
[2025-06-03 00:07:36] WARNING: - 2 users in trust network
[2025-06-03 00:07:36] WARNING: - 31 total trust relationships
[2025-06-03 00:17:33] WARNING: === Starting Twitter Trust System Collection ===
[2025-06-03 00:17:33] WARNING: Will collect tweets until reaching previous timestamp: 2025-05-12 06:54:05+00:00
[2025-06-03 00:17:33] WARNING: Retrieving page 1...
[2025-06-03 00:17:34] WARNING: Newest tweet is from: 2025-05-12 06:54:05+00:00
[2025-06-03 00:17:34] WARNING: Reached stop point at tweet from 2025-05-12 06:54:05+00:00
[2025-06-03 00:17:34] WARNING: Retrieved 0 new tweets on page 1
[2025-06-03 00:17:34] WARNING: Stopping pagination as we've reached the stop point
[2025-06-03 00:17:34] WARNING: Retrieved a total of 0 tweets across 1 pages
[2025-06-03 00:17:34] WARNING: No new tweets found with trust commands. Exiting without error.
[2025-06-03 00:17:34] WARNING: Collection complete!
[2025-06-03 00:17:34] WARNING: - 0 trust assignments processed
[2025-06-03 00:17:34] WARNING: - 2 users in trust network
[2025-06-03 00:17:34] WARNING: - 31 total trust relationships
[2025-06-03 00:27:35] WARNING: === Starting Twitter Trust System Collection ===
[2025-06-03 00:27:35] WARNING: Will collect tweets until reaching previous timestamp: 2025-05-12 06:54:05+00:00
[2025-06-03 00:27:35] WARNING: Retrieving page 1...
[2025-06-03 00:27:38] WARNING: Newest tweet is from: 2025-05-12 06:54:05+00:00
[2025-06-03 00:27:38] WARNING: Reached stop point at tweet from 2025-05-12 06:54:05+00:00
[2025-06-03 00:27:38] WARNING: Retrieved 0 new tweets on page 1
[2025-06-03 00:27:38] WARNING: Stopping pagination as we've reached the stop point
[2025-06-03 00:27:38] WARNING: Retrieved a total of 0 tweets across 1 pages
[2025-06-03 00:27:38] WARNING: No new tweets found with trust commands. Exiting without error.
[2025-06-03 00:27:38] WARNING: Collection complete!
[2025-06-03 00:27:38] WARNING: - 0 trust assignments processed
[2025-06-03 00:27:38] WARNING: - 2 users in trust network
[2025-06-03 00:27:38] WARNING: - 31 total trust relationships
[2025-06-03 00:37:33] WARNING: === Starting Twitter Trust System Collection ===
[2025-06-03 00:37:33] WARNING: Will collect tweets until reaching previous timestamp: 2025-05-12 06:54:05+00:00
[2025-06-03 00:37:33] WARNING: Retrieving page 1...
[2025-06-03 00:37:35] WARNING: Newest tweet is from: 2025-05-12 06:54:05+00:00
[2025-06-03 00:37:35] WARNING: Reached stop point at tweet from 2025-05-12 06:54:05+00:00
[2025-06-03 00:37:35] WARNING: Retrieved 0 new tweets on page 1
[2025-06-03 00:37:35] WARNING: Stopping pagination as we've reached the stop point
[2025-06-03 00:37:35] WARNING: Retrieved a total of 0 tweets across 1 pages
[2025-06-03 00:37:35] WARNING: No new tweets found with trust commands. Exiting without error.
[2025-06-03 00:37:35] WARNING: Collection complete!
[2025-06-03 00:37:35] WARNING: - 0 trust assignments processed
[2025-06-03 00:37:35] WARNING: - 2 users in trust network
[2025-06-03 00:37:35] WARNING: - 31 total trust relationships
[2025-06-03 00:47:33] WARNING: === Starting Twitter Trust System Collection ===
[2025-06-03 00:47:33] WARNING: Will collect tweets until reaching previous timestamp: 2025-05-12 06:54:05+00:00
[2025-06-03 00:47:33] WARNING: Retrieving page 1...
[2025-06-03 00:47:34] WARNING: Newest tweet is from: 2025-05-12 06:54:05+00:00
[2025-06-03 00:47:34] WARNING: Reached stop point at tweet from 2025-05-12 06:54:05+00:00
[2025-06-03 00:47:34] WARNING: Retrieved 0 new tweets on page 1
[2025-06-03 00:47:34] WARNING: Stopping pagination as we've reached the stop point
[2025-06-03 00:47:34] WARNING: Retrieved a total of 0 tweets across 1 pages
[2025-06-03 00:47:34] WARNING: No new tweets found with trust commands. Exiting without error.
[2025-06-03 00:47:34] WARNING: Collection complete!
[2025-06-03 00:47:34] WARNING: - 0 trust assignments processed
[2025-06-03 00:47:34] WARNING: - 2 users in trust network
[2025-06-03 00:47:34] WARNING: - 31 total trust relationships
[2025-06-03 00:57:34] WARNING: === Starting Twitter Trust System Collection ===
[2025-06-03 00:57:34] WARNING: Will collect tweets until reaching previous timestamp: 2025-05-12 06:54:05+00:00
[2025-06-03 00:57:34] WARNING: Retrieving page 1...
[2025-06-03 00:57:35] WARNING: Newest tweet is from: 2025-05-12 06:54:05+00:00
[2025-06-03 00:57:35] WARNING: Reached stop point at tweet from 2025-05-12 06:54:05+00:00
[2025-06-03 00:57:35] WARNING: Retrieved 0 new tweets on page 1
[2025-06-03 00:57:35] WARNING: Stopping pagination as we've reached the stop point
[2025-06-03 00:57:35] WARNING: Retrieved a total of 0 tweets across 1 pages
[2025-06-03 00:57:35] WARNING: No new tweets found with trust commands. Exiting without error.
[2025-06-03 00:57:35] WARNING: Collection complete!
[2025-06-03 00:57:35] WARNING: - 0 trust assignments processed
[2025-06-03 00:57:35] WARNING: - 2 users in trust network
[2025-06-03 00:57:35] WARNING: - 31 total trust relationships
[2025-06-03 01:07:33] WARNING: === Starting Twitter Trust System Collection ===
[2025-06-03 01:07:33] WARNING: Will collect tweets until reaching previous timestamp: 2025-05-12 06:54:05+00:00
[2025-06-03 01:07:33] WARNING: Retrieving page 1...
[2025-06-03 01:07:35] WARNING: Newest tweet is from: 2025-05-12 06:54:05+00:00
[2025-06-03 01:07:35] WARNING: Reached stop point at tweet from 2025-05-12 06:54:05+00:00
[2025-06-03 01:07:35] WARNING: Retrieved 0 new tweets on page 1
[2025-06-03 01:07:35] WARNING: Stopping pagination as we've reached the stop point
[2025-06-03 01:07:35] WARNING: Retrieved a total of 0 tweets across 1 pages
[2025-06-03 01:07:35] WARNING: No new tweets found with trust commands. Exiting without error.
[2025-06-03 01:07:35] WARNING: Collection complete!
[2025-06-03 01:07:35] WARNING: - 0 trust assignments processed
[2025-06-03 01:07:35] WARNING: - 2 users in trust network
[2025-06-03 01:07:35] WARNING: - 31 total trust relationships
[2025-06-03 01:17:34] WARNING: === Starting Twitter Trust System Collection ===
[2025-06-03 01:17:34] WARNING: Will collect tweets until reaching previous timestamp: 2025-05-12 06:54:05+00:00
[2025-06-03 01:17:34] WARNING: Retrieving page 1...
[2025-06-03 01:17:36] WARNING: Newest tweet is from: 2025-05-12 06:54:05+00:00
[2025-06-03 01:17:36] WARNING: Reached stop point at tweet from 2025-05-12 06:54:05+00:00
[2025-06-03 01:17:36] WARNING: Retrieved 0 new tweets on page 1
[2025-06-03 01:17:36] WARNING: Stopping pagination as we've reached the stop point
[2025-06-03 01:17:36] WARNING: Retrieved a total of 0 tweets across 1 pages
[2025-06-03 01:17:36] WARNING: No new tweets found with trust commands. Exiting without error.
[2025-06-03 01:17:36] WARNING: Collection complete!
[2025-06-03 01:17:36] WARNING: - 0 trust assignments processed
[2025-06-03 01:17:36] WARNING: - 2 users in trust network
[2025-06-03 01:17:36] WARNING: - 31 total trust relationships
[2025-06-03 01:27:34] WARNING: === Starting Twitter Trust System Collection ===
[2025-06-03 01:27:34] WARNING: Will collect tweets until reaching previous timestamp: 2025-05-12 06:54:05+00:00
[2025-06-03 01:27:34] WARNING: Retrieving page 1...
[2025-06-03 01:27:35] WARNING: Newest tweet is from: 2025-05-12 06:54:05+00:00
[2025-06-03 01:27:35] WARNING: Reached stop point at tweet from 2025-05-12 06:54:05+00:00
[2025-06-03 01:27:35] WARNING: Retrieved 0 new tweets on page 1
[2025-06-03 01:27:35] WARNING: Stopping pagination as we've reached the stop point
[2025-06-03 01:27:35] WARNING: Retrieved a total of 0 tweets across 1 pages
[2025-06-03 01:27:35] WARNING: No new tweets found with trust commands. Exiting without error.
[2025-06-03 01:27:35] WARNING: Collection complete!
[2025-06-03 01:27:35] WARNING: - 0 trust assignments processed
[2025-06-03 01:27:35] WARNING: - 2 users in trust network
[2025-06-03 01:27:35] WARNING: - 31 total trust relationships
[2025-06-03 01:37:34] WARNING: === Starting Twitter Trust System Collection ===
[2025-06-03 01:37:34] WARNING: Will collect tweets until reaching previous timestamp: 2025-05-12 06:54:05+00:00
[2025-06-03 01:37:34] WARNING: Retrieving page 1...
[2025-06-03 01:37:35] WARNING: Newest tweet is from: 2025-05-12 06:54:05+00:00
[2025-06-03 01:37:35] WARNING: Reached stop point at tweet from 2025-05-12 06:54:05+00:00
[2025-06-03 01:37:35] WARNING: Retrieved 0 new tweets on page 1
[2025-06-03 01:37:35] WARNING: Stopping pagination as we've reached the stop point
[2025-06-03 01:37:35] WARNING: Retrieved a total of 0 tweets across 1 pages
[2025-06-03 01:37:35] WARNING: No new tweets found with trust commands. Exiting without error.
[2025-06-03 01:37:35] WARNING: Collection complete!
[2025-06-03 01:37:35] WARNING: - 0 trust assignments processed
[2025-06-03 01:37:35] WARNING: - 2 users in trust network
[2025-06-03 01:37:35] WARNING: - 31 total trust relationships
[2025-06-03 05:42:37] WARNING: === Starting Twitter Trust System Collection ===
[2025-06-03 05:42:37] WARNING: Will collect tweets until reaching previous timestamp: 2025-05-12 06:54:05+00:00
[2025-06-03 05:42:37] WARNING: Retrieving page 1...
[2025-06-03 05:42:39] WARNING: Newest tweet is from: 2025-05-12 06:54:05+00:00
[2025-06-03 05:42:39] WARNING: Reached stop point at tweet from 2025-05-12 06:54:05+00:00
[2025-06-03 05:42:39] WARNING: Retrieved 0 new tweets on page 1
[2025-06-03 05:42:39] WARNING: Stopping pagination as we've reached the stop point
[2025-06-03 05:42:39] WARNING: Retrieved a total of 0 tweets across 1 pages
[2025-06-03 05:42:39] WARNING: No new tweets found with trust commands. Exiting without error.
[2025-06-03 05:42:39] WARNING: Collection complete!
[2025-06-03 05:42:39] WARNING: - 0 trust assignments processed
[2025-06-03 05:42:39] WARNING: - 2 users in trust network
[2025-06-03 05:42:39] WARNING: - 31 total trust relationships
[2025-06-03 05:47:38] WARNING: === Starting Twitter Trust System Collection ===
[2025-06-03 05:47:38] WARNING: Will collect tweets until reaching previous timestamp: 2025-05-12 06:54:05+00:00
[2025-06-03 05:47:38] WARNING: Retrieving page 1...
[2025-06-03 05:47:39] WARNING: Newest tweet is from: 2025-05-12 06:54:05+00:00
[2025-06-03 05:47:39] WARNING: Reached stop point at tweet from 2025-05-12 06:54:05+00:00
[2025-06-03 05:47:39] WARNING: Retrieved 0 new tweets on page 1
[2025-06-03 05:47:39] WARNING: Stopping pagination as we've reached the stop point
[2025-06-03 05:47:39] WARNING: Retrieved a total of 0 tweets across 1 pages
[2025-06-03 05:47:39] WARNING: No new tweets found with trust commands. Exiting without error.
[2025-06-03 05:47:39] WARNING: Collection complete!
[2025-06-03 05:47:39] WARNING: - 0 trust assignments processed
[2025-06-03 05:47:39] WARNING: - 2 users in trust network
[2025-06-03 05:47:39] WARNING: - 31 total trust relationships
[2025-06-03 05:57:33] WARNING: === Starting Twitter Trust System Collection ===
[2025-06-03 05:57:33] WARNING: Will collect tweets until reaching previous timestamp: 2025-05-12 06:54:05+00:00
[2025-06-03 05:57:33] WARNING: Retrieving page 1...
[2025-06-03 05:57:35] WARNING: Newest tweet is from: 2025-05-12 06:54:05+00:00
[2025-06-03 05:57:35] WARNING: Reached stop point at tweet from 2025-05-12 06:54:05+00:00
[2025-06-03 05:57:35] WARNING: Retrieved 0 new tweets on page 1
[2025-06-03 05:57:35] WARNING: Stopping pagination as we've reached the stop point
[2025-06-03 05:57:35] WARNING: Retrieved a total of 0 tweets across 1 pages
[2025-06-03 05:57:35] WARNING: No new tweets found with trust commands. Exiting without error.
[2025-06-03 05:57:35] WARNING: Collection complete!
[2025-06-03 05:57:35] WARNING: - 0 trust assignments processed
[2025-06-03 05:57:35] WARNING: - 2 users in trust network
[2025-06-03 05:57:35] WARNING: - 31 total trust relationships
[2025-06-03 06:07:33] WARNING: === Starting Twitter Trust System Collection ===
[2025-06-03 06:07:33] WARNING: Will collect tweets until reaching previous timestamp: 2025-05-12 06:54:05+00:00
[2025-06-03 06:07:33] WARNING: Retrieving page 1...
[2025-06-03 06:07:35] WARNING: Newest tweet is from: 2025-05-12 06:54:05+00:00
[2025-06-03 06:07:35] WARNING: Reached stop point at tweet from 2025-05-12 06:54:05+00:00
[2025-06-03 06:07:35] WARNING: Retrieved 0 new tweets on page 1
[2025-06-03 06:07:35] WARNING: Stopping pagination as we've reached the stop point
[2025-06-03 06:07:35] WARNING: Retrieved a total of 0 tweets across 1 pages
[2025-06-03 06:07:35] WARNING: No new tweets found with trust commands. Exiting without error.
[2025-06-03 06:07:35] WARNING: Collection complete!
[2025-06-03 06:07:35] WARNING: - 0 trust assignments processed
[2025-06-03 06:07:35] WARNING: - 2 users in trust network
[2025-06-03 06:07:35] WARNING: - 31 total trust relationships
[2025-06-03 06:17:34] WARNING: === Starting Twitter Trust System Collection ===
[2025-06-03 06:17:34] WARNING: Will collect tweets until reaching previous timestamp: 2025-05-12 06:54:05+00:00
[2025-06-03 06:17:34] WARNING: Retrieving page 1...
[2025-06-03 06:17:37] WARNING: Newest tweet is from: 2025-05-12 06:54:05+00:00
[2025-06-03 06:17:37] WARNING: Reached stop point at tweet from 2025-05-12 06:54:05+00:00
[2025-06-03 06:17:37] WARNING: Retrieved 0 new tweets on page 1
[2025-06-03 06:17:37] WARNING: Stopping pagination as we've reached the stop point
[2025-06-03 06:17:37] WARNING: Retrieved a total of 0 tweets across 1 pages
[2025-06-03 06:17:37] WARNING: No new tweets found with trust commands. Exiting without error.
[2025-06-03 06:17:37] WARNING: Collection complete!
[2025-06-03 06:17:37] WARNING: - 0 trust assignments processed
[2025-06-03 06:17:37] WARNING: - 2 users in trust network
[2025-06-03 06:17:37] WARNING: - 31 total trust relationships
[2025-06-03 06:27:35] WARNING: === Starting Twitter Trust System Collection ===
[2025-06-03 06:27:35] WARNING: Will collect tweets until reaching previous timestamp: 2025-05-12 06:54:05+00:00
[2025-06-03 06:27:35] WARNING: Retrieving page 1...
[2025-06-03 06:27:36] WARNING: Newest tweet is from: 2025-05-12 06:54:05+00:00
[2025-06-03 06:27:36] WARNING: Reached stop point at tweet from 2025-05-12 06:54:05+00:00
[2025-06-03 06:27:36] WARNING: Retrieved 0 new tweets on page 1
[2025-06-03 06:27:36] WARNING: Stopping pagination as we've reached the stop point
[2025-06-03 06:27:36] WARNING: Retrieved a total of 0 tweets across 1 pages
[2025-06-03 06:27:36] WARNING: No new tweets found with trust commands. Exiting without error.
[2025-06-03 06:27:36] WARNING: Collection complete!
[2025-06-03 06:27:36] WARNING: - 0 trust assignments processed
[2025-06-03 06:27:36] WARNING: - 2 users in trust network
[2025-06-03 06:27:36] WARNING: - 31 total trust relationships
[2025-06-03 06:37:34] WARNING: === Starting Twitter Trust System Collection ===
[2025-06-03 06:37:34] WARNING: Will collect tweets until reaching previous timestamp: 2025-05-12 06:54:05+00:00
[2025-06-03 06:37:34] WARNING: Retrieving page 1...
[2025-06-03 06:37:36] WARNING: Newest tweet is from: 2025-05-12 06:54:05+00:00
[2025-06-03 06:37:36] WARNING: Reached stop point at tweet from 2025-05-12 06:54:05+00:00
[2025-06-03 06:37:36] WARNING: Retrieved 0 new tweets on page 1
[2025-06-03 06:37:36] WARNING: Stopping pagination as we've reached the stop point
[2025-06-03 06:37:36] WARNING: Retrieved a total of 0 tweets across 1 pages
[2025-06-03 06:37:36] WARNING: No new tweets found with trust commands. Exiting without error.
[2025-06-03 06:37:36] WARNING: Collection complete!
[2025-06-03 06:37:36] WARNING: - 0 trust assignments processed
[2025-06-03 06:37:36] WARNING: - 2 users in trust network
[2025-06-03 06:37:36] WARNING: - 31 total trust relationships
[2025-06-03 06:47:41] WARNING: === Starting Twitter Trust System Collection ===
[2025-06-03 06:47:41] WARNING: Will collect tweets until reaching previous timestamp: 2025-05-12 06:54:05+00:00
[2025-06-03 06:47:41] WARNING: Retrieving page 1...
[2025-06-03 06:47:43] WARNING: Newest tweet is from: 2025-05-12 06:54:05+00:00
[2025-06-03 06:47:43] WARNING: Reached stop point at tweet from 2025-05-12 06:54:05+00:00
[2025-06-03 06:47:43] WARNING: Retrieved 0 new tweets on page 1
[2025-06-03 06:47:43] WARNING: Stopping pagination as we've reached the stop point
[2025-06-03 06:47:43] WARNING: Retrieved a total of 0 tweets across 1 pages
[2025-06-03 06:47:43] WARNING: No new tweets found with trust commands. Exiting without error.
[2025-06-03 06:47:43] WARNING: Collection complete!
[2025-06-03 06:47:43] WARNING: - 0 trust assignments processed
[2025-06-03 06:47:43] WARNING: - 2 users in trust network
[2025-06-03 06:47:43] WARNING: - 31 total trust relationships
[2025-06-03 06:57:33] WARNING: === Starting Twitter Trust System Collection ===
[2025-06-03 06:57:33] WARNING: Will collect tweets until reaching previous timestamp: 2025-05-12 06:54:05+00:00
[2025-06-03 06:57:33] WARNING: Retrieving page 1...
[2025-06-03 06:57:35] WARNING: Newest tweet is from: 2025-05-12 06:54:05+00:00
[2025-06-03 06:57:35] WARNING: Reached stop point at tweet from 2025-05-12 06:54:05+00:00
[2025-06-03 06:57:35] WARNING: Retrieved 0 new tweets on page 1
[2025-06-03 06:57:35] WARNING: Stopping pagination as we've reached the stop point
[2025-06-03 06:57:35] WARNING: Retrieved a total of 0 tweets across 1 pages
[2025-06-03 06:57:35] WARNING: No new tweets found with trust commands. Exiting without error.
[2025-06-03 06:57:35] WARNING: Collection complete!
[2025-06-03 06:57:35] WARNING: - 0 trust assignments processed
[2025-06-03 06:57:35] WARNING: - 2 users in trust network
[2025-06-03 06:57:35] WARNING: - 31 total trust relationships
[2025-06-03 07:07:34] WARNING: === Starting Twitter Trust System Collection ===
[2025-06-03 07:07:34] WARNING: Will collect tweets until reaching previous timestamp: 2025-05-12 06:54:05+00:00
[2025-06-03 07:07:34] WARNING: Retrieving page 1...
[2025-06-03 07:07:36] WARNING: Newest tweet is from: 2025-05-12 06:54:05+00:00
[2025-06-03 07:07:36] WARNING: Reached stop point at tweet from 2025-05-12 06:54:05+00:00
[2025-06-03 07:07:36] WARNING: Retrieved 0 new tweets on page 1
[2025-06-03 07:07:36] WARNING: Stopping pagination as we've reached the stop point
[2025-06-03 07:07:36] WARNING: Retrieved a total of 0 tweets across 1 pages
[2025-06-03 07:07:36] WARNING: No new tweets found with trust commands. Exiting without error.
[2025-06-03 07:07:36] WARNING: Collection complete!
[2025-06-03 07:07:36] WARNING: - 0 trust assignments processed
[2025-06-03 07:07:36] WARNING: - 2 users in trust network
[2025-06-03 07:07:36] WARNING: - 31 total trust relationships
[2025-06-03 07:17:35] WARNING: === Starting Twitter Trust System Collection ===
[2025-06-03 07:17:35] WARNING: Will collect tweets until reaching previous timestamp: 2025-05-12 06:54:05+00:00
[2025-06-03 07:17:35] WARNING: Retrieving page 1...
[2025-06-03 07:17:37] WARNING: Newest tweet is from: 2025-05-12 06:54:05+00:00
[2025-06-03 07:17:37] WARNING: Reached stop point at tweet from 2025-05-12 06:54:05+00:00
[2025-06-03 07:17:37] WARNING: Retrieved 0 new tweets on page 1
[2025-06-03 07:17:37] WARNING: Stopping pagination as we've reached the stop point
[2025-06-03 07:17:37] WARNING: Retrieved a total of 0 tweets across 1 pages
[2025-06-03 07:17:37] WARNING: No new tweets found with trust commands. Exiting without error.
[2025-06-03 07:17:37] WARNING: Collection complete!
[2025-06-03 07:17:37] WARNING: - 0 trust assignments processed
[2025-06-03 07:17:37] WARNING: - 2 users in trust network
[2025-06-03 07:17:37] WARNING: - 31 total trust relationships
