[2025-06-07 01:37:33] WARNING: Will collect tweets until reaching previous timestamp: 2025-05-12 06:54:05+00:00
[2025-06-07 01:37:33] WARNING: Retrieving page 1...
[2025-06-07 01:37:35] WARNING: Newest tweet is from: 2025-05-12 06:54:05+00:00
[2025-06-07 01:37:35] WARNING: Reached stop point at tweet from 2025-05-12 06:54:05+00:00
[2025-06-07 01:37:35] WARNING: Retrieved 0 new tweets on page 1
[2025-06-07 01:37:35] WARNING: Stopping pagination as we've reached the stop point
[2025-06-07 01:37:35] WARNING: Retrieved a total of 0 tweets across 1 pages
[2025-06-07 01:37:35] WARNING: No new tweets found with trust commands. Exiting without error.
[2025-06-07 01:37:35] WARNING: Collection complete!
[2025-06-07 01:37:35] WARNING: - 0 trust assignments processed
[2025-06-07 01:37:35] WARNING: - 2 users in trust network
[2025-06-07 01:37:35] WARNING: - 31 total trust relationships
[2025-06-07 01:47:33] WARNING: === Starting Twitter Trust System Collection ===
[2025-06-07 01:47:33] WARNING: Will collect tweets until reaching previous timestamp: 2025-05-12 06:54:05+00:00
[2025-06-07 01:47:33] WARNING: Retrieving page 1...
[2025-06-07 01:47:36] WARNING: Newest tweet is from: 2025-05-12 06:54:05+00:00
[2025-06-07 01:47:36] WARNING: Reached stop point at tweet from 2025-05-12 06:54:05+00:00
[2025-06-07 01:47:36] WARNING: Retrieved 0 new tweets on page 1
[2025-06-07 01:47:36] WARNING: Stopping pagination as we've reached the stop point
[2025-06-07 01:47:36] WARNING: Retrieved a total of 0 tweets across 1 pages
[2025-06-07 01:47:36] WARNING: No new tweets found with trust commands. Exiting without error.
[2025-06-07 01:47:36] WARNING: Collection complete!
[2025-06-07 01:47:36] WARNING: - 0 trust assignments processed
[2025-06-07 01:47:36] WARNING: - 2 users in trust network
[2025-06-07 01:47:36] WARNING: - 31 total trust relationships
[2025-06-07 01:57:33] WARNING: === Starting Twitter Trust System Collection ===
[2025-06-07 01:57:33] WARNING: Will collect tweets until reaching previous timestamp: 2025-05-12 06:54:05+00:00
[2025-06-07 01:57:33] WARNING: Retrieving page 1...
[2025-06-07 01:57:35] WARNING: Newest tweet is from: 2025-05-12 06:54:05+00:00
[2025-06-07 01:57:35] WARNING: Reached stop point at tweet from 2025-05-12 06:54:05+00:00
[2025-06-07 01:57:35] WARNING: Retrieved 0 new tweets on page 1
[2025-06-07 01:57:35] WARNING: Stopping pagination as we've reached the stop point
[2025-06-07 01:57:35] WARNING: Retrieved a total of 0 tweets across 1 pages
[2025-06-07 01:57:35] WARNING: No new tweets found with trust commands. Exiting without error.
[2025-06-07 01:57:35] WARNING: Collection complete!
[2025-06-07 01:57:35] WARNING: - 0 trust assignments processed
[2025-06-07 01:57:35] WARNING: - 2 users in trust network
[2025-06-07 01:57:35] WARNING: - 31 total trust relationships
[2025-06-07 02:07:33] WARNING: === Starting Twitter Trust System Collection ===
[2025-06-07 02:07:33] WARNING: Will collect tweets until reaching previous timestamp: 2025-05-12 06:54:05+00:00
[2025-06-07 02:07:33] WARNING: Retrieving page 1...
[2025-06-07 02:07:35] WARNING: Newest tweet is from: 2025-05-12 06:54:05+00:00
[2025-06-07 02:07:35] WARNING: Reached stop point at tweet from 2025-05-12 06:54:05+00:00
[2025-06-07 02:07:35] WARNING: Retrieved 0 new tweets on page 1
[2025-06-07 02:07:35] WARNING: Stopping pagination as we've reached the stop point
[2025-06-07 02:07:35] WARNING: Retrieved a total of 0 tweets across 1 pages
[2025-06-07 02:07:35] WARNING: No new tweets found with trust commands. Exiting without error.
[2025-06-07 02:07:35] WARNING: Collection complete!
[2025-06-07 02:07:35] WARNING: - 0 trust assignments processed
[2025-06-07 02:07:35] WARNING: - 2 users in trust network
[2025-06-07 02:07:35] WARNING: - 31 total trust relationships
[2025-06-07 02:17:33] WARNING: === Starting Twitter Trust System Collection ===
[2025-06-07 02:17:33] WARNING: Will collect tweets until reaching previous timestamp: 2025-05-12 06:54:05+00:00
[2025-06-07 02:17:33] WARNING: Retrieving page 1...
[2025-06-07 02:17:35] WARNING: Newest tweet is from: 2025-05-12 06:54:05+00:00
[2025-06-07 02:17:35] WARNING: Reached stop point at tweet from 2025-05-12 06:54:05+00:00
[2025-06-07 02:17:35] WARNING: Retrieved 0 new tweets on page 1
[2025-06-07 02:17:35] WARNING: Stopping pagination as we've reached the stop point
[2025-06-07 02:17:35] WARNING: Retrieved a total of 0 tweets across 1 pages
[2025-06-07 02:17:35] WARNING: No new tweets found with trust commands. Exiting without error.
[2025-06-07 02:17:35] WARNING: Collection complete!
[2025-06-07 02:17:35] WARNING: - 0 trust assignments processed
[2025-06-07 02:17:35] WARNING: - 2 users in trust network
[2025-06-07 02:17:35] WARNING: - 31 total trust relationships
[2025-06-07 02:27:34] WARNING: === Starting Twitter Trust System Collection ===
[2025-06-07 02:27:34] WARNING: Will collect tweets until reaching previous timestamp: 2025-05-12 06:54:05+00:00
[2025-06-07 02:27:34] WARNING: Retrieving page 1...
[2025-06-07 02:27:35] WARNING: Newest tweet is from: 2025-05-12 06:54:05+00:00
[2025-06-07 02:27:35] WARNING: Reached stop point at tweet from 2025-05-12 06:54:05+00:00
[2025-06-07 02:27:35] WARNING: Retrieved 0 new tweets on page 1
[2025-06-07 02:27:35] WARNING: Stopping pagination as we've reached the stop point
[2025-06-07 02:27:35] WARNING: Retrieved a total of 0 tweets across 1 pages
[2025-06-07 02:27:35] WARNING: No new tweets found with trust commands. Exiting without error.
[2025-06-07 02:27:35] WARNING: Collection complete!
[2025-06-07 02:27:35] WARNING: - 0 trust assignments processed
[2025-06-07 02:27:35] WARNING: - 2 users in trust network
[2025-06-07 02:27:35] WARNING: - 31 total trust relationships
[2025-06-07 02:37:33] WARNING: === Starting Twitter Trust System Collection ===
[2025-06-07 02:37:33] WARNING: Will collect tweets until reaching previous timestamp: 2025-05-12 06:54:05+00:00
[2025-06-07 02:37:33] WARNING: Retrieving page 1...
[2025-06-07 02:37:35] WARNING: Newest tweet is from: 2025-05-12 06:54:05+00:00
[2025-06-07 02:37:35] WARNING: Reached stop point at tweet from 2025-05-12 06:54:05+00:00
[2025-06-07 02:37:35] WARNING: Retrieved 0 new tweets on page 1
[2025-06-07 02:37:35] WARNING: Stopping pagination as we've reached the stop point
[2025-06-07 02:37:35] WARNING: Retrieved a total of 0 tweets across 1 pages
[2025-06-07 02:37:35] WARNING: No new tweets found with trust commands. Exiting without error.
[2025-06-07 02:37:35] WARNING: Collection complete!
[2025-06-07 02:37:35] WARNING: - 0 trust assignments processed
[2025-06-07 02:37:35] WARNING: - 2 users in trust network
[2025-06-07 02:37:35] WARNING: - 31 total trust relationships
[2025-06-07 02:47:33] WARNING: === Starting Twitter Trust System Collection ===
[2025-06-07 02:47:33] WARNING: Will collect tweets until reaching previous timestamp: 2025-05-12 06:54:05+00:00
[2025-06-07 02:47:33] WARNING: Retrieving page 1...
[2025-06-07 02:47:36] WARNING: Newest tweet is from: 2025-05-12 06:54:05+00:00
[2025-06-07 02:47:36] WARNING: Reached stop point at tweet from 2025-05-12 06:54:05+00:00
[2025-06-07 02:47:36] WARNING: Retrieved 0 new tweets on page 1
[2025-06-07 02:47:36] WARNING: Stopping pagination as we've reached the stop point
[2025-06-07 02:47:36] WARNING: Retrieved a total of 0 tweets across 1 pages
[2025-06-07 02:47:36] WARNING: No new tweets found with trust commands. Exiting without error.
[2025-06-07 02:47:36] WARNING: Collection complete!
[2025-06-07 02:47:36] WARNING: - 0 trust assignments processed
[2025-06-07 02:47:36] WARNING: - 2 users in trust network
[2025-06-07 02:47:36] WARNING: - 31 total trust relationships
[2025-06-07 02:57:33] WARNING: === Starting Twitter Trust System Collection ===
[2025-06-07 02:57:33] WARNING: Will collect tweets until reaching previous timestamp: 2025-05-12 06:54:05+00:00
[2025-06-07 02:57:33] WARNING: Retrieving page 1...
[2025-06-07 02:57:36] WARNING: Newest tweet is from: 2025-05-12 06:54:05+00:00
[2025-06-07 02:57:36] WARNING: Reached stop point at tweet from 2025-05-12 06:54:05+00:00
[2025-06-07 02:57:36] WARNING: Retrieved 0 new tweets on page 1
[2025-06-07 02:57:36] WARNING: Stopping pagination as we've reached the stop point
[2025-06-07 02:57:36] WARNING: Retrieved a total of 0 tweets across 1 pages
[2025-06-07 02:57:36] WARNING: No new tweets found with trust commands. Exiting without error.
[2025-06-07 02:57:36] WARNING: Collection complete!
[2025-06-07 02:57:36] WARNING: - 0 trust assignments processed
[2025-06-07 02:57:36] WARNING: - 2 users in trust network
[2025-06-07 02:57:36] WARNING: - 31 total trust relationships
[2025-06-07 03:07:34] WARNING: === Starting Twitter Trust System Collection ===
[2025-06-07 03:07:34] WARNING: Will collect tweets until reaching previous timestamp: 2025-05-12 06:54:05+00:00
[2025-06-07 03:07:34] WARNING: Retrieving page 1...
[2025-06-07 03:07:35] WARNING: Newest tweet is from: 2025-05-12 06:54:05+00:00
[2025-06-07 03:07:35] WARNING: Reached stop point at tweet from 2025-05-12 06:54:05+00:00
[2025-06-07 03:07:35] WARNING: Retrieved 0 new tweets on page 1
[2025-06-07 03:07:35] WARNING: Stopping pagination as we've reached the stop point
[2025-06-07 03:07:35] WARNING: Retrieved a total of 0 tweets across 1 pages
[2025-06-07 03:07:35] WARNING: No new tweets found with trust commands. Exiting without error.
[2025-06-07 03:07:35] WARNING: Collection complete!
[2025-06-07 03:07:35] WARNING: - 0 trust assignments processed
[2025-06-07 03:07:35] WARNING: - 2 users in trust network
[2025-06-07 03:07:35] WARNING: - 31 total trust relationships
[2025-06-07 03:17:34] WARNING: === Starting Twitter Trust System Collection ===
[2025-06-07 03:17:34] WARNING: Will collect tweets until reaching previous timestamp: 2025-05-12 06:54:05+00:00
[2025-06-07 03:17:34] WARNING: Retrieving page 1...
[2025-06-07 03:17:36] WARNING: Newest tweet is from: 2025-05-12 06:54:05+00:00
[2025-06-07 03:17:36] WARNING: Reached stop point at tweet from 2025-05-12 06:54:05+00:00
[2025-06-07 03:17:36] WARNING: Retrieved 0 new tweets on page 1
[2025-06-07 03:17:36] WARNING: Stopping pagination as we've reached the stop point
[2025-06-07 03:17:36] WARNING: Retrieved a total of 0 tweets across 1 pages
[2025-06-07 03:17:36] WARNING: No new tweets found with trust commands. Exiting without error.
[2025-06-07 03:17:36] WARNING: Collection complete!
[2025-06-07 03:17:36] WARNING: - 0 trust assignments processed
[2025-06-07 03:17:36] WARNING: - 2 users in trust network
[2025-06-07 03:17:36] WARNING: - 31 total trust relationships
[2025-06-07 03:27:34] WARNING: === Starting Twitter Trust System Collection ===
[2025-06-07 03:27:34] WARNING: Will collect tweets until reaching previous timestamp: 2025-05-12 06:54:05+00:00
[2025-06-07 03:27:34] WARNING: Retrieving page 1...
[2025-06-07 03:27:36] WARNING: Newest tweet is from: 2025-05-12 06:54:05+00:00
[2025-06-07 03:27:36] WARNING: Reached stop point at tweet from 2025-05-12 06:54:05+00:00
[2025-06-07 03:27:36] WARNING: Retrieved 0 new tweets on page 1
[2025-06-07 03:27:36] WARNING: Stopping pagination as we've reached the stop point
[2025-06-07 03:27:36] WARNING: Retrieved a total of 0 tweets across 1 pages
[2025-06-07 03:27:36] WARNING: No new tweets found with trust commands. Exiting without error.
[2025-06-07 03:27:36] WARNING: Collection complete!
[2025-06-07 03:27:36] WARNING: - 0 trust assignments processed
[2025-06-07 03:27:36] WARNING: - 2 users in trust network
[2025-06-07 03:27:36] WARNING: - 31 total trust relationships
[2025-06-07 03:37:34] WARNING: === Starting Twitter Trust System Collection ===
[2025-06-07 03:37:34] WARNING: Will collect tweets until reaching previous timestamp: 2025-05-12 06:54:05+00:00
[2025-06-07 03:37:34] WARNING: Retrieving page 1...
[2025-06-07 03:37:35] WARNING: Newest tweet is from: 2025-05-12 06:54:05+00:00
[2025-06-07 03:37:35] WARNING: Reached stop point at tweet from 2025-05-12 06:54:05+00:00
[2025-06-07 03:37:35] WARNING: Retrieved 0 new tweets on page 1
[2025-06-07 03:37:35] WARNING: Stopping pagination as we've reached the stop point
[2025-06-07 03:37:35] WARNING: Retrieved a total of 0 tweets across 1 pages
[2025-06-07 03:37:35] WARNING: No new tweets found with trust commands. Exiting without error.
[2025-06-07 03:37:35] WARNING: Collection complete!
[2025-06-07 03:37:35] WARNING: - 0 trust assignments processed
[2025-06-07 03:37:35] WARNING: - 2 users in trust network
[2025-06-07 03:37:35] WARNING: - 31 total trust relationships
[2025-06-07 03:47:33] WARNING: === Starting Twitter Trust System Collection ===
[2025-06-07 03:47:33] WARNING: Will collect tweets until reaching previous timestamp: 2025-05-12 06:54:05+00:00
[2025-06-07 03:47:33] WARNING: Retrieving page 1...
[2025-06-07 03:47:35] WARNING: Newest tweet is from: 2025-05-12 06:54:05+00:00
[2025-06-07 03:47:35] WARNING: Reached stop point at tweet from 2025-05-12 06:54:05+00:00
[2025-06-07 03:47:35] WARNING: Retrieved 0 new tweets on page 1
[2025-06-07 03:47:35] WARNING: Stopping pagination as we've reached the stop point
[2025-06-07 03:47:35] WARNING: Retrieved a total of 0 tweets across 1 pages
[2025-06-07 03:47:35] WARNING: No new tweets found with trust commands. Exiting without error.
[2025-06-07 03:47:35] WARNING: Collection complete!
[2025-06-07 03:47:35] WARNING: - 0 trust assignments processed
[2025-06-07 03:47:35] WARNING: - 2 users in trust network
[2025-06-07 03:47:35] WARNING: - 31 total trust relationships
[2025-06-07 03:57:33] WARNING: === Starting Twitter Trust System Collection ===
[2025-06-07 03:57:33] WARNING: Will collect tweets until reaching previous timestamp: 2025-05-12 06:54:05+00:00
[2025-06-07 03:57:33] WARNING: Retrieving page 1...
[2025-06-07 03:57:35] WARNING: Newest tweet is from: 2025-05-12 06:54:05+00:00
[2025-06-07 03:57:35] WARNING: Reached stop point at tweet from 2025-05-12 06:54:05+00:00
[2025-06-07 03:57:35] WARNING: Retrieved 0 new tweets on page 1
[2025-06-07 03:57:35] WARNING: Stopping pagination as we've reached the stop point
[2025-06-07 03:57:35] WARNING: Retrieved a total of 0 tweets across 1 pages
[2025-06-07 03:57:35] WARNING: No new tweets found with trust commands. Exiting without error.
[2025-06-07 03:57:35] WARNING: Collection complete!
[2025-06-07 03:57:35] WARNING: - 0 trust assignments processed
[2025-06-07 03:57:35] WARNING: - 2 users in trust network
[2025-06-07 03:57:35] WARNING: - 31 total trust relationships
[2025-06-07 04:07:34] WARNING: === Starting Twitter Trust System Collection ===
[2025-06-07 04:07:34] WARNING: Will collect tweets until reaching previous timestamp: 2025-05-12 06:54:05+00:00
[2025-06-07 04:07:34] WARNING: Retrieving page 1...
[2025-06-07 04:07:37] WARNING: Newest tweet is from: 2025-05-12 06:54:05+00:00
[2025-06-07 04:07:37] WARNING: Reached stop point at tweet from 2025-05-12 06:54:05+00:00
[2025-06-07 04:07:37] WARNING: Retrieved 0 new tweets on page 1
[2025-06-07 04:07:37] WARNING: Stopping pagination as we've reached the stop point
[2025-06-07 04:07:37] WARNING: Retrieved a total of 0 tweets across 1 pages
[2025-06-07 04:07:37] WARNING: No new tweets found with trust commands. Exiting without error.
[2025-06-07 04:07:37] WARNING: Collection complete!
[2025-06-07 04:07:37] WARNING: - 0 trust assignments processed
[2025-06-07 04:07:37] WARNING: - 2 users in trust network
[2025-06-07 04:07:37] WARNING: - 31 total trust relationships
[2025-06-07 04:17:33] WARNING: === Starting Twitter Trust System Collection ===
[2025-06-07 04:17:33] WARNING: Will collect tweets until reaching previous timestamp: 2025-05-12 06:54:05+00:00
[2025-06-07 04:17:33] WARNING: Retrieving page 1...
[2025-06-07 04:17:35] WARNING: Newest tweet is from: 2025-05-12 06:54:05+00:00
[2025-06-07 04:17:35] WARNING: Reached stop point at tweet from 2025-05-12 06:54:05+00:00
[2025-06-07 04:17:35] WARNING: Retrieved 0 new tweets on page 1
[2025-06-07 04:17:35] WARNING: Stopping pagination as we've reached the stop point
[2025-06-07 04:17:35] WARNING: Retrieved a total of 0 tweets across 1 pages
[2025-06-07 04:17:35] WARNING: No new tweets found with trust commands. Exiting without error.
[2025-06-07 04:17:35] WARNING: Collection complete!
[2025-06-07 04:17:35] WARNING: - 0 trust assignments processed
[2025-06-07 04:17:35] WARNING: - 2 users in trust network
[2025-06-07 04:17:35] WARNING: - 31 total trust relationships
[2025-06-07 04:27:34] WARNING: === Starting Twitter Trust System Collection ===
[2025-06-07 04:27:34] WARNING: Will collect tweets until reaching previous timestamp: 2025-05-12 06:54:05+00:00
[2025-06-07 04:27:34] WARNING: Retrieving page 1...
[2025-06-07 04:27:36] WARNING: Newest tweet is from: 2025-05-12 06:54:05+00:00
[2025-06-07 04:27:36] WARNING: Reached stop point at tweet from 2025-05-12 06:54:05+00:00
[2025-06-07 04:27:36] WARNING: Retrieved 0 new tweets on page 1
[2025-06-07 04:27:36] WARNING: Stopping pagination as we've reached the stop point
[2025-06-07 04:27:36] WARNING: Retrieved a total of 0 tweets across 1 pages
[2025-06-07 04:27:36] WARNING: No new tweets found with trust commands. Exiting without error.
[2025-06-07 04:27:36] WARNING: Collection complete!
[2025-06-07 04:27:36] WARNING: - 0 trust assignments processed
[2025-06-07 04:27:36] WARNING: - 2 users in trust network
[2025-06-07 04:27:36] WARNING: - 31 total trust relationships
[2025-06-07 04:37:33] WARNING: === Starting Twitter Trust System Collection ===
[2025-06-07 04:37:33] WARNING: Will collect tweets until reaching previous timestamp: 2025-05-12 06:54:05+00:00
[2025-06-07 04:37:33] WARNING: Retrieving page 1...
[2025-06-07 04:37:35] WARNING: Newest tweet is from: 2025-05-12 06:54:05+00:00
[2025-06-07 04:37:35] WARNING: Reached stop point at tweet from 2025-05-12 06:54:05+00:00
[2025-06-07 04:37:35] WARNING: Retrieved 0 new tweets on page 1
[2025-06-07 04:37:35] WARNING: Stopping pagination as we've reached the stop point
[2025-06-07 04:37:35] WARNING: Retrieved a total of 0 tweets across 1 pages
[2025-06-07 04:37:35] WARNING: No new tweets found with trust commands. Exiting without error.
[2025-06-07 04:37:35] WARNING: Collection complete!
[2025-06-07 04:37:35] WARNING: - 0 trust assignments processed
[2025-06-07 04:37:35] WARNING: - 2 users in trust network
[2025-06-07 04:37:35] WARNING: - 31 total trust relationships
[2025-06-07 04:47:33] WARNING: === Starting Twitter Trust System Collection ===
[2025-06-07 04:47:33] WARNING: Will collect tweets until reaching previous timestamp: 2025-05-12 06:54:05+00:00
[2025-06-07 04:47:33] WARNING: Retrieving page 1...
[2025-06-07 04:47:35] WARNING: Newest tweet is from: 2025-05-12 06:54:05+00:00
[2025-06-07 04:47:35] WARNING: Reached stop point at tweet from 2025-05-12 06:54:05+00:00
[2025-06-07 04:47:35] WARNING: Retrieved 0 new tweets on page 1
[2025-06-07 04:47:35] WARNING: Stopping pagination as we've reached the stop point
[2025-06-07 04:47:35] WARNING: Retrieved a total of 0 tweets across 1 pages
[2025-06-07 04:47:35] WARNING: No new tweets found with trust commands. Exiting without error.
[2025-06-07 04:47:35] WARNING: Collection complete!
[2025-06-07 04:47:35] WARNING: - 0 trust assignments processed
[2025-06-07 04:47:35] WARNING: - 2 users in trust network
[2025-06-07 04:47:35] WARNING: - 31 total trust relationships
[2025-06-07 04:57:33] WARNING: === Starting Twitter Trust System Collection ===
[2025-06-07 04:57:33] WARNING: Will collect tweets until reaching previous timestamp: 2025-05-12 06:54:05+00:00
[2025-06-07 04:57:33] WARNING: Retrieving page 1...
[2025-06-07 04:57:35] WARNING: Newest tweet is from: 2025-05-12 06:54:05+00:00
[2025-06-07 04:57:35] WARNING: Reached stop point at tweet from 2025-05-12 06:54:05+00:00
[2025-06-07 04:57:35] WARNING: Retrieved 0 new tweets on page 1
[2025-06-07 04:57:35] WARNING: Stopping pagination as we've reached the stop point
[2025-06-07 04:57:35] WARNING: Retrieved a total of 0 tweets across 1 pages
[2025-06-07 04:57:35] WARNING: No new tweets found with trust commands. Exiting without error.
[2025-06-07 04:57:35] WARNING: Collection complete!
[2025-06-07 04:57:35] WARNING: - 0 trust assignments processed
[2025-06-07 04:57:35] WARNING: - 2 users in trust network
[2025-06-07 04:57:35] WARNING: - 31 total trust relationships
[2025-06-07 05:07:34] WARNING: === Starting Twitter Trust System Collection ===
[2025-06-07 05:07:34] WARNING: Will collect tweets until reaching previous timestamp: 2025-05-12 06:54:05+00:00
[2025-06-07 05:07:34] WARNING: Retrieving page 1...
[2025-06-07 05:07:38] WARNING: Newest tweet is from: 2025-05-12 06:54:05+00:00
[2025-06-07 05:07:38] WARNING: Reached stop point at tweet from 2025-05-12 06:54:05+00:00
[2025-06-07 05:07:38] WARNING: Retrieved 0 new tweets on page 1
[2025-06-07 05:07:38] WARNING: Stopping pagination as we've reached the stop point
[2025-06-07 05:07:38] WARNING: Retrieved a total of 0 tweets across 1 pages
[2025-06-07 05:07:38] WARNING: No new tweets found with trust commands. Exiting without error.
[2025-06-07 05:07:38] WARNING: Collection complete!
[2025-06-07 05:07:38] WARNING: - 0 trust assignments processed
[2025-06-07 05:07:38] WARNING: - 2 users in trust network
[2025-06-07 05:07:38] WARNING: - 31 total trust relationships
[2025-06-07 05:17:34] WARNING: === Starting Twitter Trust System Collection ===
[2025-06-07 05:17:34] WARNING: Will collect tweets until reaching previous timestamp: 2025-05-12 06:54:05+00:00
[2025-06-07 05:17:34] WARNING: Retrieving page 1...
[2025-06-07 05:17:35] WARNING: Newest tweet is from: 2025-05-12 06:54:05+00:00
[2025-06-07 05:17:35] WARNING: Reached stop point at tweet from 2025-05-12 06:54:05+00:00
[2025-06-07 05:17:35] WARNING: Retrieved 0 new tweets on page 1
[2025-06-07 05:17:35] WARNING: Stopping pagination as we've reached the stop point
[2025-06-07 05:17:35] WARNING: Retrieved a total of 0 tweets across 1 pages
[2025-06-07 05:17:35] WARNING: No new tweets found with trust commands. Exiting without error.
[2025-06-07 05:17:35] WARNING: Collection complete!
[2025-06-07 05:17:35] WARNING: - 0 trust assignments processed
[2025-06-07 05:17:35] WARNING: - 2 users in trust network
[2025-06-07 05:17:35] WARNING: - 31 total trust relationships
[2025-06-07 05:27:33] WARNING: === Starting Twitter Trust System Collection ===
[2025-06-07 05:27:33] WARNING: Will collect tweets until reaching previous timestamp: 2025-05-12 06:54:05+00:00
[2025-06-07 05:27:33] WARNING: Retrieving page 1...
[2025-06-07 05:27:35] WARNING: Newest tweet is from: 2025-05-12 06:54:05+00:00
[2025-06-07 05:27:35] WARNING: Reached stop point at tweet from 2025-05-12 06:54:05+00:00
[2025-06-07 05:27:35] WARNING: Retrieved 0 new tweets on page 1
[2025-06-07 05:27:35] WARNING: Stopping pagination as we've reached the stop point
[2025-06-07 05:27:35] WARNING: Retrieved a total of 0 tweets across 1 pages
[2025-06-07 05:27:35] WARNING: No new tweets found with trust commands. Exiting without error.
[2025-06-07 05:27:35] WARNING: Collection complete!
[2025-06-07 05:27:35] WARNING: - 0 trust assignments processed
[2025-06-07 05:27:35] WARNING: - 2 users in trust network
[2025-06-07 05:27:35] WARNING: - 31 total trust relationships
[2025-06-07 05:37:33] WARNING: === Starting Twitter Trust System Collection ===
[2025-06-07 05:37:33] WARNING: Will collect tweets until reaching previous timestamp: 2025-05-12 06:54:05+00:00
[2025-06-07 05:37:33] WARNING: Retrieving page 1...
[2025-06-07 05:37:35] WARNING: Newest tweet is from: 2025-05-12 06:54:05+00:00
[2025-06-07 05:37:35] WARNING: Reached stop point at tweet from 2025-05-12 06:54:05+00:00
[2025-06-07 05:37:35] WARNING: Retrieved 0 new tweets on page 1
[2025-06-07 05:37:35] WARNING: Stopping pagination as we've reached the stop point
[2025-06-07 05:37:35] WARNING: Retrieved a total of 0 tweets across 1 pages
[2025-06-07 05:37:35] WARNING: No new tweets found with trust commands. Exiting without error.
[2025-06-07 05:37:35] WARNING: Collection complete!
[2025-06-07 05:37:35] WARNING: - 0 trust assignments processed
[2025-06-07 05:37:35] WARNING: - 2 users in trust network
[2025-06-07 05:37:35] WARNING: - 31 total trust relationships
[2025-06-07 05:47:33] WARNING: === Starting Twitter Trust System Collection ===
[2025-06-07 05:47:33] WARNING: Will collect tweets until reaching previous timestamp: 2025-05-12 06:54:05+00:00
[2025-06-07 05:47:33] WARNING: Retrieving page 1...
[2025-06-07 05:47:35] WARNING: Newest tweet is from: 2025-05-12 06:54:05+00:00
[2025-06-07 05:47:35] WARNING: Reached stop point at tweet from 2025-05-12 06:54:05+00:00
[2025-06-07 05:47:35] WARNING: Retrieved 0 new tweets on page 1
[2025-06-07 05:47:35] WARNING: Stopping pagination as we've reached the stop point
[2025-06-07 05:47:35] WARNING: Retrieved a total of 0 tweets across 1 pages
[2025-06-07 05:47:35] WARNING: No new tweets found with trust commands. Exiting without error.
[2025-06-07 05:47:35] WARNING: Collection complete!
[2025-06-07 05:47:35] WARNING: - 0 trust assignments processed
[2025-06-07 05:47:35] WARNING: - 2 users in trust network
[2025-06-07 05:47:35] WARNING: - 31 total trust relationships
[2025-06-07 05:57:33] WARNING: === Starting Twitter Trust System Collection ===
[2025-06-07 05:57:33] WARNING: Will collect tweets until reaching previous timestamp: 2025-05-12 06:54:05+00:00
[2025-06-07 05:57:33] WARNING: Retrieving page 1...
[2025-06-07 05:57:35] WARNING: Newest tweet is from: 2025-05-12 06:54:05+00:00
[2025-06-07 05:57:35] WARNING: Reached stop point at tweet from 2025-05-12 06:54:05+00:00
[2025-06-07 05:57:35] WARNING: Retrieved 0 new tweets on page 1
[2025-06-07 05:57:35] WARNING: Stopping pagination as we've reached the stop point
[2025-06-07 05:57:35] WARNING: Retrieved a total of 0 tweets across 1 pages
[2025-06-07 05:57:35] WARNING: No new tweets found with trust commands. Exiting without error.
[2025-06-07 05:57:35] WARNING: Collection complete!
[2025-06-07 05:57:35] WARNING: - 0 trust assignments processed
[2025-06-07 05:57:35] WARNING: - 2 users in trust network
[2025-06-07 05:57:35] WARNING: - 31 total trust relationships
[2025-06-07 06:07:34] WARNING: === Starting Twitter Trust System Collection ===
[2025-06-07 06:07:34] WARNING: Will collect tweets until reaching previous timestamp: 2025-05-12 06:54:05+00:00
[2025-06-07 06:07:34] WARNING: Retrieving page 1...
[2025-06-07 06:07:35] WARNING: Newest tweet is from: 2025-05-12 06:54:05+00:00
[2025-06-07 06:07:35] WARNING: Reached stop point at tweet from 2025-05-12 06:54:05+00:00
[2025-06-07 06:07:35] WARNING: Retrieved 0 new tweets on page 1
[2025-06-07 06:07:35] WARNING: Stopping pagination as we've reached the stop point
[2025-06-07 06:07:35] WARNING: Retrieved a total of 0 tweets across 1 pages
[2025-06-07 06:07:35] WARNING: No new tweets found with trust commands. Exiting without error.
[2025-06-07 06:07:35] WARNING: Collection complete!
[2025-06-07 06:07:35] WARNING: - 0 trust assignments processed
[2025-06-07 06:07:35] WARNING: - 2 users in trust network
[2025-06-07 06:07:35] WARNING: - 31 total trust relationships
[2025-06-07 06:17:34] WARNING: === Starting Twitter Trust System Collection ===
[2025-06-07 06:17:34] WARNING: Will collect tweets until reaching previous timestamp: 2025-05-12 06:54:05+00:00
[2025-06-07 06:17:34] WARNING: Retrieving page 1...
[2025-06-07 06:17:35] WARNING: Newest tweet is from: 2025-05-12 06:54:05+00:00
[2025-06-07 06:17:35] WARNING: Reached stop point at tweet from 2025-05-12 06:54:05+00:00
[2025-06-07 06:17:35] WARNING: Retrieved 0 new tweets on page 1
[2025-06-07 06:17:35] WARNING: Stopping pagination as we've reached the stop point
[2025-06-07 06:17:35] WARNING: Retrieved a total of 0 tweets across 1 pages
[2025-06-07 06:17:35] WARNING: No new tweets found with trust commands. Exiting without error.
[2025-06-07 06:17:35] WARNING: Collection complete!
[2025-06-07 06:17:35] WARNING: - 0 trust assignments processed
[2025-06-07 06:17:35] WARNING: - 2 users in trust network
[2025-06-07 06:17:35] WARNING: - 31 total trust relationships
[2025-06-07 06:27:33] WARNING: === Starting Twitter Trust System Collection ===
[2025-06-07 06:27:33] WARNING: Will collect tweets until reaching previous timestamp: 2025-05-12 06:54:05+00:00
[2025-06-07 06:27:33] WARNING: Retrieving page 1...
[2025-06-07 06:27:35] WARNING: Newest tweet is from: 2025-05-12 06:54:05+00:00
[2025-06-07 06:27:35] WARNING: Reached stop point at tweet from 2025-05-12 06:54:05+00:00
[2025-06-07 06:27:35] WARNING: Retrieved 0 new tweets on page 1
[2025-06-07 06:27:35] WARNING: Stopping pagination as we've reached the stop point
[2025-06-07 06:27:35] WARNING: Retrieved a total of 0 tweets across 1 pages
[2025-06-07 06:27:35] WARNING: No new tweets found with trust commands. Exiting without error.
[2025-06-07 06:27:35] WARNING: Collection complete!
[2025-06-07 06:27:35] WARNING: - 0 trust assignments processed
[2025-06-07 06:27:35] WARNING: - 2 users in trust network
[2025-06-07 06:27:35] WARNING: - 31 total trust relationships
[2025-06-07 06:37:32] WARNING: === Starting Twitter Trust System Collection ===
[2025-06-07 06:37:32] WARNING: Will collect tweets until reaching previous timestamp: 2025-05-12 06:54:05+00:00
[2025-06-07 06:37:32] WARNING: Retrieving page 1...
[2025-06-07 06:37:36] WARNING: Newest tweet is from: 2025-05-12 06:54:05+00:00
[2025-06-07 06:37:36] WARNING: Reached stop point at tweet from 2025-05-12 06:54:05+00:00
[2025-06-07 06:37:36] WARNING: Retrieved 0 new tweets on page 1
[2025-06-07 06:37:36] WARNING: Stopping pagination as we've reached the stop point
[2025-06-07 06:37:36] WARNING: Retrieved a total of 0 tweets across 1 pages
[2025-06-07 06:37:36] WARNING: No new tweets found with trust commands. Exiting without error.
[2025-06-07 06:37:36] WARNING: Collection complete!
[2025-06-07 06:37:36] WARNING: - 0 trust assignments processed
[2025-06-07 06:37:36] WARNING: - 2 users in trust network
[2025-06-07 06:37:36] WARNING: - 31 total trust relationships
[2025-06-07 06:47:32] WARNING: === Starting Twitter Trust System Collection ===
[2025-06-07 06:47:32] WARNING: Will collect tweets until reaching previous timestamp: 2025-05-12 06:54:05+00:00
[2025-06-07 06:47:32] WARNING: Retrieving page 1...
[2025-06-07 06:47:34] WARNING: Newest tweet is from: 2025-05-12 06:54:05+00:00
[2025-06-07 06:47:34] WARNING: Reached stop point at tweet from 2025-05-12 06:54:05+00:00
[2025-06-07 06:47:34] WARNING: Retrieved 0 new tweets on page 1
[2025-06-07 06:47:34] WARNING: Stopping pagination as we've reached the stop point
[2025-06-07 06:47:34] WARNING: Retrieved a total of 0 tweets across 1 pages
[2025-06-07 06:47:34] WARNING: No new tweets found with trust commands. Exiting without error.
[2025-06-07 06:47:34] WARNING: Collection complete!
[2025-06-07 06:47:34] WARNING: - 0 trust assignments processed
[2025-06-07 06:47:34] WARNING: - 2 users in trust network
[2025-06-07 06:47:34] WARNING: - 31 total trust relationships
[2025-06-07 06:57:32] WARNING: === Starting Twitter Trust System Collection ===
[2025-06-07 06:57:32] WARNING: Will collect tweets until reaching previous timestamp: 2025-05-12 06:54:05+00:00
[2025-06-07 06:57:32] WARNING: Retrieving page 1...
[2025-06-07 06:57:34] WARNING: Newest tweet is from: 2025-05-12 06:54:05+00:00
[2025-06-07 06:57:34] WARNING: Reached stop point at tweet from 2025-05-12 06:54:05+00:00
[2025-06-07 06:57:34] WARNING: Retrieved 0 new tweets on page 1
[2025-06-07 06:57:34] WARNING: Stopping pagination as we've reached the stop point
[2025-06-07 06:57:34] WARNING: Retrieved a total of 0 tweets across 1 pages
[2025-06-07 06:57:34] WARNING: No new tweets found with trust commands. Exiting without error.
[2025-06-07 06:57:34] WARNING: Collection complete!
[2025-06-07 06:57:34] WARNING: - 0 trust assignments processed
[2025-06-07 06:57:34] WARNING: - 2 users in trust network
[2025-06-07 06:57:34] WARNING: - 31 total trust relationships
[2025-06-07 07:07:32] WARNING: === Starting Twitter Trust System Collection ===
[2025-06-07 07:07:32] WARNING: Will collect tweets until reaching previous timestamp: 2025-05-12 06:54:05+00:00
[2025-06-07 07:07:32] WARNING: Retrieving page 1...
[2025-06-07 07:07:34] WARNING: Newest tweet is from: 2025-05-12 06:54:05+00:00
[2025-06-07 07:07:34] WARNING: Reached stop point at tweet from 2025-05-12 06:54:05+00:00
[2025-06-07 07:07:34] WARNING: Retrieved 0 new tweets on page 1
[2025-06-07 07:07:34] WARNING: Stopping pagination as we've reached the stop point
[2025-06-07 07:07:34] WARNING: Retrieved a total of 0 tweets across 1 pages
[2025-06-07 07:07:34] WARNING: No new tweets found with trust commands. Exiting without error.
[2025-06-07 07:07:34] WARNING: Collection complete!
[2025-06-07 07:07:34] WARNING: - 0 trust assignments processed
[2025-06-07 07:07:34] WARNING: - 2 users in trust network
[2025-06-07 07:07:34] WARNING: - 31 total trust relationships
[2025-06-07 07:17:32] WARNING: === Starting Twitter Trust System Collection ===
[2025-06-07 07:17:32] WARNING: Will collect tweets until reaching previous timestamp: 2025-05-12 06:54:05+00:00
[2025-06-07 07:17:32] WARNING: Retrieving page 1...
[2025-06-07 07:17:34] WARNING: Newest tweet is from: 2025-05-12 06:54:05+00:00
[2025-06-07 07:17:34] WARNING: Reached stop point at tweet from 2025-05-12 06:54:05+00:00
[2025-06-07 07:17:34] WARNING: Retrieved 0 new tweets on page 1
[2025-06-07 07:17:34] WARNING: Stopping pagination as we've reached the stop point
[2025-06-07 07:17:34] WARNING: Retrieved a total of 0 tweets across 1 pages
[2025-06-07 07:17:34] WARNING: No new tweets found with trust commands. Exiting without error.
[2025-06-07 07:17:34] WARNING: Collection complete!
[2025-06-07 07:17:34] WARNING: - 0 trust assignments processed
[2025-06-07 07:17:34] WARNING: - 2 users in trust network
[2025-06-07 07:17:34] WARNING: - 31 total trust relationships
[2025-06-07 07:27:32] WARNING: === Starting Twitter Trust System Collection ===
[2025-06-07 07:27:32] WARNING: Will collect tweets until reaching previous timestamp: 2025-05-12 06:54:05+00:00
[2025-06-07 07:27:32] WARNING: Retrieving page 1...
[2025-06-07 07:27:35] WARNING: Newest tweet is from: 2025-05-12 06:54:05+00:00
[2025-06-07 07:27:35] WARNING: Reached stop point at tweet from 2025-05-12 06:54:05+00:00
[2025-06-07 07:27:35] WARNING: Retrieved 0 new tweets on page 1
[2025-06-07 07:27:35] WARNING: Stopping pagination as we've reached the stop point
[2025-06-07 07:27:35] WARNING: Retrieved a total of 0 tweets across 1 pages
[2025-06-07 07:27:35] WARNING: No new tweets found with trust commands. Exiting without error.
[2025-06-07 07:27:35] WARNING: Collection complete!
[2025-06-07 07:27:35] WARNING: - 0 trust assignments processed
[2025-06-07 07:27:35] WARNING: - 2 users in trust network
[2025-06-07 07:27:35] WARNING: - 31 total trust relationships
[2025-06-07 07:37:32] WARNING: === Starting Twitter Trust System Collection ===
[2025-06-07 07:37:32] WARNING: Will collect tweets until reaching previous timestamp: 2025-05-12 06:54:05+00:00
[2025-06-07 07:37:32] WARNING: Retrieving page 1...
[2025-06-07 07:37:34] WARNING: Newest tweet is from: 2025-05-12 06:54:05+00:00
[2025-06-07 07:37:34] WARNING: Reached stop point at tweet from 2025-05-12 06:54:05+00:00
[2025-06-07 07:37:34] WARNING: Retrieved 0 new tweets on page 1
[2025-06-07 07:37:34] WARNING: Stopping pagination as we've reached the stop point
[2025-06-07 07:37:34] WARNING: Retrieved a total of 0 tweets across 1 pages
[2025-06-07 07:37:34] WARNING: No new tweets found with trust commands. Exiting without error.
[2025-06-07 07:37:34] WARNING: Collection complete!
[2025-06-07 07:37:34] WARNING: - 0 trust assignments processed
[2025-06-07 07:37:34] WARNING: - 2 users in trust network
[2025-06-07 07:37:34] WARNING: - 31 total trust relationships
[2025-06-07 07:47:34] WARNING: === Starting Twitter Trust System Collection ===
[2025-06-07 07:47:34] WARNING: Will collect tweets until reaching previous timestamp: 2025-05-12 06:54:05+00:00
[2025-06-07 07:47:34] WARNING: Retrieving page 1...
[2025-06-07 07:47:36] WARNING: Newest tweet is from: 2025-05-12 06:54:05+00:00
[2025-06-07 07:47:36] WARNING: Reached stop point at tweet from 2025-05-12 06:54:05+00:00
[2025-06-07 07:47:36] WARNING: Retrieved 0 new tweets on page 1
[2025-06-07 07:47:36] WARNING: Stopping pagination as we've reached the stop point
[2025-06-07 07:47:36] WARNING: Retrieved a total of 0 tweets across 1 pages
[2025-06-07 07:47:36] WARNING: No new tweets found with trust commands. Exiting without error.
[2025-06-07 07:47:36] WARNING: Collection complete!
[2025-06-07 07:47:36] WARNING: - 0 trust assignments processed
[2025-06-07 07:47:36] WARNING: - 2 users in trust network
[2025-06-07 07:47:36] WARNING: - 31 total trust relationships
[2025-06-07 07:57:33] WARNING: === Starting Twitter Trust System Collection ===
[2025-06-07 07:57:33] WARNING: Will collect tweets until reaching previous timestamp: 2025-05-12 06:54:05+00:00
[2025-06-07 07:57:33] WARNING: Retrieving page 1...
[2025-06-07 07:57:34] WARNING: Newest tweet is from: 2025-05-12 06:54:05+00:00
[2025-06-07 07:57:34] WARNING: Reached stop point at tweet from 2025-05-12 06:54:05+00:00
[2025-06-07 07:57:34] WARNING: Retrieved 0 new tweets on page 1
[2025-06-07 07:57:34] WARNING: Stopping pagination as we've reached the stop point
[2025-06-07 07:57:34] WARNING: Retrieved a total of 0 tweets across 1 pages
[2025-06-07 07:57:34] WARNING: No new tweets found with trust commands. Exiting without error.
[2025-06-07 07:57:34] WARNING: Collection complete!
[2025-06-07 07:57:34] WARNING: - 0 trust assignments processed
[2025-06-07 07:57:34] WARNING: - 2 users in trust network
[2025-06-07 07:57:34] WARNING: - 31 total trust relationships
