[2025-05-20 16:17:35] WARNING: Reached stop point at tweet from 2025-05-12 06:54:05+00:00
[2025-05-20 16:17:35] WARNING: Retrieved 0 new tweets on page 1
[2025-05-20 16:17:35] WARNING: Stopping pagination as we've reached the stop point
[2025-05-20 16:17:35] WARNING: Retrieved a total of 0 tweets across 1 pages
[2025-05-20 16:17:35] WARNING: No new tweets found with trust commands. Exiting without error.
[2025-05-20 16:17:35] WARNING: Collection complete!
[2025-05-20 16:17:35] WARNING: - 0 trust assignments processed
[2025-05-20 16:17:35] WARNING: - 2 users in trust network
[2025-05-20 16:17:35] WARNING: - 31 total trust relationships
[2025-05-20 16:27:33] WARNING: === Starting Twitter Trust System Collection ===
[2025-05-20 16:27:33] WARNING: Will collect tweets until reaching previous timestamp: 2025-05-12 06:54:05+00:00
[2025-05-20 16:27:33] WARNING: Retrieving page 1...
[2025-05-20 16:27:34] WARNING: Newest tweet is from: 2025-05-12 06:54:05+00:00
[2025-05-20 16:27:34] WARNING: Reached stop point at tweet from 2025-05-12 06:54:05+00:00
[2025-05-20 16:27:34] WARNING: Retrieved 0 new tweets on page 1
[2025-05-20 16:27:34] WARNING: Stopping pagination as we've reached the stop point
[2025-05-20 16:27:34] WARNING: Retrieved a total of 0 tweets across 1 pages
[2025-05-20 16:27:34] WARNING: No new tweets found with trust commands. Exiting without error.
[2025-05-20 16:27:34] WARNING: Collection complete!
[2025-05-20 16:27:34] WARNING: - 0 trust assignments processed
[2025-05-20 16:27:34] WARNING: - 2 users in trust network
[2025-05-20 16:27:34] WARNING: - 31 total trust relationships
[2025-05-20 16:37:33] WARNING: === Starting Twitter Trust System Collection ===
[2025-05-20 16:37:33] WARNING: Will collect tweets until reaching previous timestamp: 2025-05-12 06:54:05+00:00
[2025-05-20 16:37:33] WARNING: Retrieving page 1...
[2025-05-20 16:37:38] WARNING: Newest tweet is from: 2025-05-12 06:54:05+00:00
[2025-05-20 16:37:38] WARNING: Reached stop point at tweet from 2025-05-12 06:54:05+00:00
[2025-05-20 16:37:38] WARNING: Retrieved 0 new tweets on page 1
[2025-05-20 16:37:38] WARNING: Stopping pagination as we've reached the stop point
[2025-05-20 16:37:38] WARNING: Retrieved a total of 0 tweets across 1 pages
[2025-05-20 16:37:38] WARNING: No new tweets found with trust commands. Exiting without error.
[2025-05-20 16:37:38] WARNING: Collection complete!
[2025-05-20 16:37:38] WARNING: - 0 trust assignments processed
[2025-05-20 16:37:38] WARNING: - 2 users in trust network
[2025-05-20 16:37:38] WARNING: - 31 total trust relationships
[2025-05-20 16:47:33] WARNING: === Starting Twitter Trust System Collection ===
[2025-05-20 16:47:33] WARNING: Will collect tweets until reaching previous timestamp: 2025-05-12 06:54:05+00:00
[2025-05-20 16:47:33] WARNING: Retrieving page 1...
[2025-05-20 16:47:35] WARNING: Newest tweet is from: 2025-05-12 06:54:05+00:00
[2025-05-20 16:47:35] WARNING: Reached stop point at tweet from 2025-05-12 06:54:05+00:00
[2025-05-20 16:47:35] WARNING: Retrieved 0 new tweets on page 1
[2025-05-20 16:47:35] WARNING: Stopping pagination as we've reached the stop point
[2025-05-20 16:47:35] WARNING: Retrieved a total of 0 tweets across 1 pages
[2025-05-20 16:47:35] WARNING: No new tweets found with trust commands. Exiting without error.
[2025-05-20 16:47:35] WARNING: Collection complete!
[2025-05-20 16:47:35] WARNING: - 0 trust assignments processed
[2025-05-20 16:47:35] WARNING: - 2 users in trust network
[2025-05-20 16:47:35] WARNING: - 31 total trust relationships
[2025-05-20 16:57:34] WARNING: === Starting Twitter Trust System Collection ===
[2025-05-20 16:57:34] WARNING: Will collect tweets until reaching previous timestamp: 2025-05-12 06:54:05+00:00
[2025-05-20 16:57:34] WARNING: Retrieving page 1...
[2025-05-20 16:57:36] WARNING: Newest tweet is from: 2025-05-12 06:54:05+00:00
[2025-05-20 16:57:36] WARNING: Reached stop point at tweet from 2025-05-12 06:54:05+00:00
[2025-05-20 16:57:36] WARNING: Retrieved 0 new tweets on page 1
[2025-05-20 16:57:36] WARNING: Stopping pagination as we've reached the stop point
[2025-05-20 16:57:36] WARNING: Retrieved a total of 0 tweets across 1 pages
[2025-05-20 16:57:36] WARNING: No new tweets found with trust commands. Exiting without error.
[2025-05-20 16:57:36] WARNING: Collection complete!
[2025-05-20 16:57:36] WARNING: - 0 trust assignments processed
[2025-05-20 16:57:36] WARNING: - 2 users in trust network
[2025-05-20 16:57:36] WARNING: - 31 total trust relationships
[2025-05-20 17:07:33] WARNING: === Starting Twitter Trust System Collection ===
[2025-05-20 17:07:33] WARNING: Will collect tweets until reaching previous timestamp: 2025-05-12 06:54:05+00:00
[2025-05-20 17:07:33] WARNING: Retrieving page 1...
[2025-05-20 17:07:35] WARNING: Newest tweet is from: 2025-05-12 06:54:05+00:00
[2025-05-20 17:07:35] WARNING: Reached stop point at tweet from 2025-05-12 06:54:05+00:00
[2025-05-20 17:07:35] WARNING: Retrieved 0 new tweets on page 1
[2025-05-20 17:07:35] WARNING: Stopping pagination as we've reached the stop point
[2025-05-20 17:07:35] WARNING: Retrieved a total of 0 tweets across 1 pages
[2025-05-20 17:07:35] WARNING: No new tweets found with trust commands. Exiting without error.
[2025-05-20 17:07:35] WARNING: Collection complete!
[2025-05-20 17:07:35] WARNING: - 0 trust assignments processed
[2025-05-20 17:07:35] WARNING: - 2 users in trust network
[2025-05-20 17:07:35] WARNING: - 31 total trust relationships
[2025-05-20 17:17:34] WARNING: === Starting Twitter Trust System Collection ===
[2025-05-20 17:17:34] WARNING: Will collect tweets until reaching previous timestamp: 2025-05-12 06:54:05+00:00
[2025-05-20 17:17:34] WARNING: Retrieving page 1...
[2025-05-20 17:17:36] WARNING: Newest tweet is from: 2025-05-12 06:54:05+00:00
[2025-05-20 17:17:36] WARNING: Reached stop point at tweet from 2025-05-12 06:54:05+00:00
[2025-05-20 17:17:36] WARNING: Retrieved 0 new tweets on page 1
[2025-05-20 17:17:36] WARNING: Stopping pagination as we've reached the stop point
[2025-05-20 17:17:36] WARNING: Retrieved a total of 0 tweets across 1 pages
[2025-05-20 17:17:36] WARNING: No new tweets found with trust commands. Exiting without error.
[2025-05-20 17:17:36] WARNING: Collection complete!
[2025-05-20 17:17:36] WARNING: - 0 trust assignments processed
[2025-05-20 17:17:36] WARNING: - 2 users in trust network
[2025-05-20 17:17:36] WARNING: - 31 total trust relationships
[2025-05-20 17:27:34] WARNING: === Starting Twitter Trust System Collection ===
[2025-05-20 17:27:34] WARNING: Will collect tweets until reaching previous timestamp: 2025-05-12 06:54:05+00:00
[2025-05-20 17:27:34] WARNING: Retrieving page 1...
[2025-05-20 17:27:36] WARNING: Newest tweet is from: 2025-05-12 06:54:05+00:00
[2025-05-20 17:27:36] WARNING: Reached stop point at tweet from 2025-05-12 06:54:05+00:00
[2025-05-20 17:27:36] WARNING: Retrieved 0 new tweets on page 1
[2025-05-20 17:27:36] WARNING: Stopping pagination as we've reached the stop point
[2025-05-20 17:27:36] WARNING: Retrieved a total of 0 tweets across 1 pages
[2025-05-20 17:27:36] WARNING: No new tweets found with trust commands. Exiting without error.
[2025-05-20 17:27:36] WARNING: Collection complete!
[2025-05-20 17:27:36] WARNING: - 0 trust assignments processed
[2025-05-20 17:27:36] WARNING: - 2 users in trust network
[2025-05-20 17:27:36] WARNING: - 31 total trust relationships
[2025-05-20 17:37:34] WARNING: === Starting Twitter Trust System Collection ===
[2025-05-20 17:37:34] WARNING: Will collect tweets until reaching previous timestamp: 2025-05-12 06:54:05+00:00
[2025-05-20 17:37:34] WARNING: Retrieving page 1...
[2025-05-20 17:37:36] WARNING: Newest tweet is from: 2025-05-12 06:54:05+00:00
[2025-05-20 17:37:36] WARNING: Reached stop point at tweet from 2025-05-12 06:54:05+00:00
[2025-05-20 17:37:36] WARNING: Retrieved 0 new tweets on page 1
[2025-05-20 17:37:36] WARNING: Stopping pagination as we've reached the stop point
[2025-05-20 17:37:36] WARNING: Retrieved a total of 0 tweets across 1 pages
[2025-05-20 17:37:36] WARNING: No new tweets found with trust commands. Exiting without error.
[2025-05-20 17:37:36] WARNING: Collection complete!
[2025-05-20 17:37:36] WARNING: - 0 trust assignments processed
[2025-05-20 17:37:36] WARNING: - 2 users in trust network
[2025-05-20 17:37:36] WARNING: - 31 total trust relationships
[2025-05-20 17:47:35] WARNING: === Starting Twitter Trust System Collection ===
[2025-05-20 17:47:35] WARNING: Will collect tweets until reaching previous timestamp: 2025-05-12 06:54:05+00:00
[2025-05-20 17:47:35] WARNING: Retrieving page 1...
[2025-05-20 17:47:36] WARNING: Newest tweet is from: 2025-05-12 06:54:05+00:00
[2025-05-20 17:47:36] WARNING: Reached stop point at tweet from 2025-05-12 06:54:05+00:00
[2025-05-20 17:47:36] WARNING: Retrieved 0 new tweets on page 1
[2025-05-20 17:47:36] WARNING: Stopping pagination as we've reached the stop point
[2025-05-20 17:47:36] WARNING: Retrieved a total of 0 tweets across 1 pages
[2025-05-20 17:47:36] WARNING: No new tweets found with trust commands. Exiting without error.
[2025-05-20 17:47:36] WARNING: Collection complete!
[2025-05-20 17:47:36] WARNING: - 0 trust assignments processed
[2025-05-20 17:47:36] WARNING: - 2 users in trust network
[2025-05-20 17:47:36] WARNING: - 31 total trust relationships
[2025-05-20 17:57:35] WARNING: === Starting Twitter Trust System Collection ===
[2025-05-20 17:57:35] WARNING: Will collect tweets until reaching previous timestamp: 2025-05-12 06:54:05+00:00
[2025-05-20 17:57:35] WARNING: Retrieving page 1...
[2025-05-20 17:57:36] WARNING: Newest tweet is from: 2025-05-12 06:54:05+00:00
[2025-05-20 17:57:36] WARNING: Reached stop point at tweet from 2025-05-12 06:54:05+00:00
[2025-05-20 17:57:36] WARNING: Retrieved 0 new tweets on page 1
[2025-05-20 17:57:36] WARNING: Stopping pagination as we've reached the stop point
[2025-05-20 17:57:36] WARNING: Retrieved a total of 0 tweets across 1 pages
[2025-05-20 17:57:36] WARNING: No new tweets found with trust commands. Exiting without error.
[2025-05-20 17:57:36] WARNING: Collection complete!
[2025-05-20 17:57:36] WARNING: - 0 trust assignments processed
[2025-05-20 17:57:36] WARNING: - 2 users in trust network
[2025-05-20 17:57:36] WARNING: - 31 total trust relationships
[2025-05-20 18:07:35] WARNING: === Starting Twitter Trust System Collection ===
[2025-05-20 18:07:35] WARNING: Will collect tweets until reaching previous timestamp: 2025-05-12 06:54:05+00:00
[2025-05-20 18:07:35] WARNING: Retrieving page 1...
[2025-05-20 18:07:36] WARNING: Newest tweet is from: 2025-05-12 06:54:05+00:00
[2025-05-20 18:07:36] WARNING: Reached stop point at tweet from 2025-05-12 06:54:05+00:00
[2025-05-20 18:07:36] WARNING: Retrieved 0 new tweets on page 1
[2025-05-20 18:07:36] WARNING: Stopping pagination as we've reached the stop point
[2025-05-20 18:07:36] WARNING: Retrieved a total of 0 tweets across 1 pages
[2025-05-20 18:07:36] WARNING: No new tweets found with trust commands. Exiting without error.
[2025-05-20 18:07:36] WARNING: Collection complete!
[2025-05-20 18:07:36] WARNING: - 0 trust assignments processed
[2025-05-20 18:07:36] WARNING: - 2 users in trust network
[2025-05-20 18:07:36] WARNING: - 31 total trust relationships
[2025-05-20 18:17:35] WARNING: === Starting Twitter Trust System Collection ===
[2025-05-20 18:17:35] WARNING: Will collect tweets until reaching previous timestamp: 2025-05-12 06:54:05+00:00
[2025-05-20 18:17:35] WARNING: Retrieving page 1...
[2025-05-20 18:17:37] WARNING: Newest tweet is from: 2025-05-12 06:54:05+00:00
[2025-05-20 18:17:37] WARNING: Reached stop point at tweet from 2025-05-12 06:54:05+00:00
[2025-05-20 18:17:37] WARNING: Retrieved 0 new tweets on page 1
[2025-05-20 18:17:37] WARNING: Stopping pagination as we've reached the stop point
[2025-05-20 18:17:37] WARNING: Retrieved a total of 0 tweets across 1 pages
[2025-05-20 18:17:37] WARNING: No new tweets found with trust commands. Exiting without error.
[2025-05-20 18:17:37] WARNING: Collection complete!
[2025-05-20 18:17:37] WARNING: - 0 trust assignments processed
[2025-05-20 18:17:37] WARNING: - 2 users in trust network
[2025-05-20 18:17:37] WARNING: - 31 total trust relationships
[2025-05-20 18:27:34] WARNING: === Starting Twitter Trust System Collection ===
[2025-05-20 18:27:34] WARNING: Will collect tweets until reaching previous timestamp: 2025-05-12 06:54:05+00:00
[2025-05-20 18:27:34] WARNING: Retrieving page 1...
[2025-05-20 18:27:36] WARNING: Newest tweet is from: 2025-05-12 06:54:05+00:00
[2025-05-20 18:27:36] WARNING: Reached stop point at tweet from 2025-05-12 06:54:05+00:00
[2025-05-20 18:27:36] WARNING: Retrieved 0 new tweets on page 1
[2025-05-20 18:27:36] WARNING: Stopping pagination as we've reached the stop point
[2025-05-20 18:27:36] WARNING: Retrieved a total of 0 tweets across 1 pages
[2025-05-20 18:27:36] WARNING: No new tweets found with trust commands. Exiting without error.
[2025-05-20 18:27:36] WARNING: Collection complete!
[2025-05-20 18:27:36] WARNING: - 0 trust assignments processed
[2025-05-20 18:27:36] WARNING: - 2 users in trust network
[2025-05-20 18:27:36] WARNING: - 31 total trust relationships
[2025-05-20 18:37:35] WARNING: === Starting Twitter Trust System Collection ===
[2025-05-20 18:37:35] WARNING: Will collect tweets until reaching previous timestamp: 2025-05-12 06:54:05+00:00
[2025-05-20 18:37:35] WARNING: Retrieving page 1...
[2025-05-20 18:37:36] WARNING: Newest tweet is from: 2025-05-12 06:54:05+00:00
[2025-05-20 18:37:36] WARNING: Reached stop point at tweet from 2025-05-12 06:54:05+00:00
[2025-05-20 18:37:36] WARNING: Retrieved 0 new tweets on page 1
[2025-05-20 18:37:36] WARNING: Stopping pagination as we've reached the stop point
[2025-05-20 18:37:36] WARNING: Retrieved a total of 0 tweets across 1 pages
[2025-05-20 18:37:36] WARNING: No new tweets found with trust commands. Exiting without error.
[2025-05-20 18:37:36] WARNING: Collection complete!
[2025-05-20 18:37:36] WARNING: - 0 trust assignments processed
[2025-05-20 18:37:36] WARNING: - 2 users in trust network
[2025-05-20 18:37:36] WARNING: - 31 total trust relationships
[2025-05-20 18:47:34] WARNING: === Starting Twitter Trust System Collection ===
[2025-05-20 18:47:34] WARNING: Will collect tweets until reaching previous timestamp: 2025-05-12 06:54:05+00:00
[2025-05-20 18:47:34] WARNING: Retrieving page 1...
[2025-05-20 18:47:37] WARNING: Newest tweet is from: 2025-05-12 06:54:05+00:00
[2025-05-20 18:47:37] WARNING: Reached stop point at tweet from 2025-05-12 06:54:05+00:00
[2025-05-20 18:47:37] WARNING: Retrieved 0 new tweets on page 1
[2025-05-20 18:47:37] WARNING: Stopping pagination as we've reached the stop point
[2025-05-20 18:47:37] WARNING: Retrieved a total of 0 tweets across 1 pages
[2025-05-20 18:47:37] WARNING: No new tweets found with trust commands. Exiting without error.
[2025-05-20 18:47:37] WARNING: Collection complete!
[2025-05-20 18:47:37] WARNING: - 0 trust assignments processed
[2025-05-20 18:47:37] WARNING: - 2 users in trust network
[2025-05-20 18:47:37] WARNING: - 31 total trust relationships
[2025-05-20 18:57:35] WARNING: === Starting Twitter Trust System Collection ===
[2025-05-20 18:57:35] WARNING: Will collect tweets until reaching previous timestamp: 2025-05-12 06:54:05+00:00
[2025-05-20 18:57:35] WARNING: Retrieving page 1...
[2025-05-20 18:57:37] WARNING: Newest tweet is from: 2025-05-12 06:54:05+00:00
[2025-05-20 18:57:37] WARNING: Reached stop point at tweet from 2025-05-12 06:54:05+00:00
[2025-05-20 18:57:37] WARNING: Retrieved 0 new tweets on page 1
[2025-05-20 18:57:37] WARNING: Stopping pagination as we've reached the stop point
[2025-05-20 18:57:37] WARNING: Retrieved a total of 0 tweets across 1 pages
[2025-05-20 18:57:37] WARNING: No new tweets found with trust commands. Exiting without error.
[2025-05-20 18:57:37] WARNING: Collection complete!
[2025-05-20 18:57:37] WARNING: - 0 trust assignments processed
[2025-05-20 18:57:37] WARNING: - 2 users in trust network
[2025-05-20 18:57:37] WARNING: - 31 total trust relationships
[2025-05-20 19:07:34] WARNING: === Starting Twitter Trust System Collection ===
[2025-05-20 19:07:34] WARNING: Will collect tweets until reaching previous timestamp: 2025-05-12 06:54:05+00:00
[2025-05-20 19:07:34] WARNING: Retrieving page 1...
[2025-05-20 19:07:37] WARNING: Newest tweet is from: 2025-05-12 06:54:05+00:00
[2025-05-20 19:07:37] WARNING: Reached stop point at tweet from 2025-05-12 06:54:05+00:00
[2025-05-20 19:07:37] WARNING: Retrieved 0 new tweets on page 1
[2025-05-20 19:07:37] WARNING: Stopping pagination as we've reached the stop point
[2025-05-20 19:07:37] WARNING: Retrieved a total of 0 tweets across 1 pages
[2025-05-20 19:07:37] WARNING: No new tweets found with trust commands. Exiting without error.
[2025-05-20 19:07:37] WARNING: Collection complete!
[2025-05-20 19:07:37] WARNING: - 0 trust assignments processed
[2025-05-20 19:07:37] WARNING: - 2 users in trust network
[2025-05-20 19:07:37] WARNING: - 31 total trust relationships
[2025-05-20 19:17:34] WARNING: === Starting Twitter Trust System Collection ===
[2025-05-20 19:17:34] WARNING: Will collect tweets until reaching previous timestamp: 2025-05-12 06:54:05+00:00
[2025-05-20 19:17:34] WARNING: Retrieving page 1...
[2025-05-20 19:17:35] WARNING: Newest tweet is from: 2025-05-12 06:54:05+00:00
[2025-05-20 19:17:35] WARNING: Reached stop point at tweet from 2025-05-12 06:54:05+00:00
[2025-05-20 19:17:35] WARNING: Retrieved 0 new tweets on page 1
[2025-05-20 19:17:35] WARNING: Stopping pagination as we've reached the stop point
[2025-05-20 19:17:35] WARNING: Retrieved a total of 0 tweets across 1 pages
[2025-05-20 19:17:35] WARNING: No new tweets found with trust commands. Exiting without error.
[2025-05-20 19:17:35] WARNING: Collection complete!
[2025-05-20 19:17:35] WARNING: - 0 trust assignments processed
[2025-05-20 19:17:35] WARNING: - 2 users in trust network
[2025-05-20 19:17:35] WARNING: - 31 total trust relationships
[2025-05-20 19:27:33] WARNING: === Starting Twitter Trust System Collection ===
[2025-05-20 19:27:33] WARNING: Will collect tweets until reaching previous timestamp: 2025-05-12 06:54:05+00:00
[2025-05-20 19:27:33] WARNING: Retrieving page 1...
[2025-05-20 19:27:35] WARNING: Newest tweet is from: 2025-05-12 06:54:05+00:00
[2025-05-20 19:27:35] WARNING: Reached stop point at tweet from 2025-05-12 06:54:05+00:00
[2025-05-20 19:27:35] WARNING: Retrieved 0 new tweets on page 1
[2025-05-20 19:27:35] WARNING: Stopping pagination as we've reached the stop point
[2025-05-20 19:27:35] WARNING: Retrieved a total of 0 tweets across 1 pages
[2025-05-20 19:27:35] WARNING: No new tweets found with trust commands. Exiting without error.
[2025-05-20 19:27:35] WARNING: Collection complete!
[2025-05-20 19:27:35] WARNING: - 0 trust assignments processed
[2025-05-20 19:27:35] WARNING: - 2 users in trust network
[2025-05-20 19:27:35] WARNING: - 31 total trust relationships
[2025-05-20 19:37:33] WARNING: === Starting Twitter Trust System Collection ===
[2025-05-20 19:37:33] WARNING: Will collect tweets until reaching previous timestamp: 2025-05-12 06:54:05+00:00
[2025-05-20 19:37:33] WARNING: Retrieving page 1...
[2025-05-20 19:37:34] WARNING: Newest tweet is from: 2025-05-12 06:54:05+00:00
[2025-05-20 19:37:34] WARNING: Reached stop point at tweet from 2025-05-12 06:54:05+00:00
[2025-05-20 19:37:34] WARNING: Retrieved 0 new tweets on page 1
[2025-05-20 19:37:34] WARNING: Stopping pagination as we've reached the stop point
[2025-05-20 19:37:34] WARNING: Retrieved a total of 0 tweets across 1 pages
[2025-05-20 19:37:34] WARNING: No new tweets found with trust commands. Exiting without error.
[2025-05-20 19:37:34] WARNING: Collection complete!
[2025-05-20 19:37:34] WARNING: - 0 trust assignments processed
[2025-05-20 19:37:34] WARNING: - 2 users in trust network
[2025-05-20 19:37:34] WARNING: - 31 total trust relationships
[2025-05-20 19:47:34] WARNING: === Starting Twitter Trust System Collection ===
[2025-05-20 19:47:34] WARNING: Will collect tweets until reaching previous timestamp: 2025-05-12 06:54:05+00:00
[2025-05-20 19:47:34] WARNING: Retrieving page 1...
[2025-05-20 19:47:35] WARNING: Newest tweet is from: 2025-05-12 06:54:05+00:00
[2025-05-20 19:47:35] WARNING: Reached stop point at tweet from 2025-05-12 06:54:05+00:00
[2025-05-20 19:47:35] WARNING: Retrieved 0 new tweets on page 1
[2025-05-20 19:47:35] WARNING: Stopping pagination as we've reached the stop point
[2025-05-20 19:47:35] WARNING: Retrieved a total of 0 tweets across 1 pages
[2025-05-20 19:47:35] WARNING: No new tweets found with trust commands. Exiting without error.
[2025-05-20 19:47:35] WARNING: Collection complete!
[2025-05-20 19:47:35] WARNING: - 0 trust assignments processed
[2025-05-20 19:47:35] WARNING: - 2 users in trust network
[2025-05-20 19:47:35] WARNING: - 31 total trust relationships
[2025-05-20 23:11:32] WARNING: === Starting Twitter Trust System Collection ===
[2025-05-20 23:11:32] WARNING: Will collect tweets until reaching previous timestamp: 2025-05-12 06:54:05+00:00
[2025-05-20 23:11:32] WARNING: Retrieving page 1...
[2025-05-20 23:11:34] WARNING: Newest tweet is from: 2025-05-12 06:54:05+00:00
[2025-05-20 23:11:34] WARNING: Reached stop point at tweet from 2025-05-12 06:54:05+00:00
[2025-05-20 23:11:34] WARNING: Retrieved 0 new tweets on page 1
[2025-05-20 23:11:34] WARNING: Stopping pagination as we've reached the stop point
[2025-05-20 23:11:34] WARNING: Retrieved a total of 0 tweets across 1 pages
[2025-05-20 23:11:34] WARNING: No new tweets found with trust commands. Exiting without error.
[2025-05-20 23:11:34] WARNING: Collection complete!
[2025-05-20 23:11:34] WARNING: - 0 trust assignments processed
[2025-05-20 23:11:34] WARNING: - 2 users in trust network
[2025-05-20 23:11:34] WARNING: - 31 total trust relationships
[2025-05-20 23:17:33] WARNING: === Starting Twitter Trust System Collection ===
[2025-05-20 23:17:33] WARNING: Will collect tweets until reaching previous timestamp: 2025-05-12 06:54:05+00:00
[2025-05-20 23:17:33] WARNING: Retrieving page 1...
[2025-05-20 23:17:38] WARNING: Newest tweet is from: 2025-05-12 06:54:05+00:00
[2025-05-20 23:17:38] WARNING: Reached stop point at tweet from 2025-05-12 06:54:05+00:00
[2025-05-20 23:17:38] WARNING: Retrieved 0 new tweets on page 1
[2025-05-20 23:17:38] WARNING: Stopping pagination as we've reached the stop point
[2025-05-20 23:17:38] WARNING: Retrieved a total of 0 tweets across 1 pages
[2025-05-20 23:17:38] WARNING: No new tweets found with trust commands. Exiting without error.
[2025-05-20 23:17:38] WARNING: Collection complete!
[2025-05-20 23:17:38] WARNING: - 0 trust assignments processed
[2025-05-20 23:17:38] WARNING: - 2 users in trust network
[2025-05-20 23:17:38] WARNING: - 31 total trust relationships
[2025-05-20 23:27:35] WARNING: === Starting Twitter Trust System Collection ===
[2025-05-20 23:27:35] WARNING: Will collect tweets until reaching previous timestamp: 2025-05-12 06:54:05+00:00
[2025-05-20 23:27:35] WARNING: Retrieving page 1...
[2025-05-20 23:27:38] WARNING: Newest tweet is from: 2025-05-12 06:54:05+00:00
[2025-05-20 23:27:38] WARNING: Reached stop point at tweet from 2025-05-12 06:54:05+00:00
[2025-05-20 23:27:38] WARNING: Retrieved 0 new tweets on page 1
[2025-05-20 23:27:38] WARNING: Stopping pagination as we've reached the stop point
[2025-05-20 23:27:38] WARNING: Retrieved a total of 0 tweets across 1 pages
[2025-05-20 23:27:38] WARNING: No new tweets found with trust commands. Exiting without error.
[2025-05-20 23:27:38] WARNING: Collection complete!
[2025-05-20 23:27:38] WARNING: - 0 trust assignments processed
[2025-05-20 23:27:38] WARNING: - 2 users in trust network
[2025-05-20 23:27:38] WARNING: - 31 total trust relationships
[2025-05-20 23:37:34] WARNING: === Starting Twitter Trust System Collection ===
[2025-05-20 23:37:34] WARNING: Will collect tweets until reaching previous timestamp: 2025-05-12 06:54:05+00:00
[2025-05-20 23:37:34] WARNING: Retrieving page 1...
[2025-05-20 23:37:36] WARNING: Newest tweet is from: 2025-05-12 06:54:05+00:00
[2025-05-20 23:37:36] WARNING: Reached stop point at tweet from 2025-05-12 06:54:05+00:00
[2025-05-20 23:37:36] WARNING: Retrieved 0 new tweets on page 1
[2025-05-20 23:37:36] WARNING: Stopping pagination as we've reached the stop point
[2025-05-20 23:37:36] WARNING: Retrieved a total of 0 tweets across 1 pages
[2025-05-20 23:37:36] WARNING: No new tweets found with trust commands. Exiting without error.
[2025-05-20 23:37:36] WARNING: Collection complete!
[2025-05-20 23:37:36] WARNING: - 0 trust assignments processed
[2025-05-20 23:37:36] WARNING: - 2 users in trust network
[2025-05-20 23:37:36] WARNING: - 31 total trust relationships
[2025-05-20 23:47:34] WARNING: === Starting Twitter Trust System Collection ===
[2025-05-20 23:47:34] WARNING: Will collect tweets until reaching previous timestamp: 2025-05-12 06:54:05+00:00
[2025-05-20 23:47:34] WARNING: Retrieving page 1...
[2025-05-20 23:47:57] WARNING: Newest tweet is from: 2025-05-12 06:54:05+00:00
[2025-05-20 23:47:57] WARNING: Reached stop point at tweet from 2025-05-12 06:54:05+00:00
[2025-05-20 23:47:57] WARNING: Retrieved 0 new tweets on page 1
[2025-05-20 23:47:57] WARNING: Stopping pagination as we've reached the stop point
[2025-05-20 23:47:57] WARNING: Retrieved a total of 0 tweets across 1 pages
[2025-05-20 23:47:57] WARNING: No new tweets found with trust commands. Exiting without error.
[2025-05-20 23:47:57] WARNING: Collection complete!
[2025-05-20 23:47:57] WARNING: - 0 trust assignments processed
[2025-05-20 23:47:57] WARNING: - 2 users in trust network
[2025-05-20 23:47:57] WARNING: - 31 total trust relationships
[2025-05-20 23:57:33] WARNING: === Starting Twitter Trust System Collection ===
[2025-05-20 23:57:33] WARNING: Will collect tweets until reaching previous timestamp: 2025-05-12 06:54:05+00:00
[2025-05-20 23:57:33] WARNING: Retrieving page 1...
[2025-05-20 23:57:35] WARNING: Newest tweet is from: 2025-05-12 06:54:05+00:00
[2025-05-20 23:57:35] WARNING: Reached stop point at tweet from 2025-05-12 06:54:05+00:00
[2025-05-20 23:57:35] WARNING: Retrieved 0 new tweets on page 1
[2025-05-20 23:57:35] WARNING: Stopping pagination as we've reached the stop point
[2025-05-20 23:57:35] WARNING: Retrieved a total of 0 tweets across 1 pages
[2025-05-20 23:57:35] WARNING: No new tweets found with trust commands. Exiting without error.
[2025-05-20 23:57:35] WARNING: Collection complete!
[2025-05-20 23:57:35] WARNING: - 0 trust assignments processed
[2025-05-20 23:57:35] WARNING: - 2 users in trust network
[2025-05-20 23:57:35] WARNING: - 31 total trust relationships
[2025-05-21 00:07:34] WARNING: === Starting Twitter Trust System Collection ===
[2025-05-21 00:07:34] WARNING: Will collect tweets until reaching previous timestamp: 2025-05-12 06:54:05+00:00
[2025-05-21 00:07:34] WARNING: Retrieving page 1...
[2025-05-21 00:07:35] WARNING: Newest tweet is from: 2025-05-12 06:54:05+00:00
[2025-05-21 00:07:35] WARNING: Reached stop point at tweet from 2025-05-12 06:54:05+00:00
[2025-05-21 00:07:35] WARNING: Retrieved 0 new tweets on page 1
[2025-05-21 00:07:35] WARNING: Stopping pagination as we've reached the stop point
[2025-05-21 00:07:35] WARNING: Retrieved a total of 0 tweets across 1 pages
[2025-05-21 00:07:35] WARNING: No new tweets found with trust commands. Exiting without error.
[2025-05-21 00:07:35] WARNING: Collection complete!
[2025-05-21 00:07:35] WARNING: - 0 trust assignments processed
[2025-05-21 00:07:35] WARNING: - 2 users in trust network
[2025-05-21 00:07:35] WARNING: - 31 total trust relationships
[2025-05-21 00:17:36] WARNING: === Starting Twitter Trust System Collection ===
[2025-05-21 00:17:36] WARNING: Will collect tweets until reaching previous timestamp: 2025-05-12 06:54:05+00:00
[2025-05-21 00:17:36] WARNING: Retrieving page 1...
[2025-05-21 00:17:38] WARNING: Newest tweet is from: 2025-05-12 06:54:05+00:00
[2025-05-21 00:17:38] WARNING: Reached stop point at tweet from 2025-05-12 06:54:05+00:00
[2025-05-21 00:17:38] WARNING: Retrieved 0 new tweets on page 1
[2025-05-21 00:17:38] WARNING: Stopping pagination as we've reached the stop point
[2025-05-21 00:17:38] WARNING: Retrieved a total of 0 tweets across 1 pages
[2025-05-21 00:17:38] WARNING: No new tweets found with trust commands. Exiting without error.
[2025-05-21 00:17:38] WARNING: Collection complete!
[2025-05-21 00:17:38] WARNING: - 0 trust assignments processed
[2025-05-21 00:17:38] WARNING: - 2 users in trust network
[2025-05-21 00:17:38] WARNING: - 31 total trust relationships
[2025-05-21 00:27:34] WARNING: === Starting Twitter Trust System Collection ===
[2025-05-21 00:27:34] WARNING: Will collect tweets until reaching previous timestamp: 2025-05-12 06:54:05+00:00
[2025-05-21 00:27:34] WARNING: Retrieving page 1...
[2025-05-21 00:27:37] WARNING: Newest tweet is from: 2025-05-12 06:54:05+00:00
[2025-05-21 00:27:37] WARNING: Reached stop point at tweet from 2025-05-12 06:54:05+00:00
[2025-05-21 00:27:37] WARNING: Retrieved 0 new tweets on page 1
[2025-05-21 00:27:37] WARNING: Stopping pagination as we've reached the stop point
[2025-05-21 00:27:37] WARNING: Retrieved a total of 0 tweets across 1 pages
[2025-05-21 00:27:37] WARNING: No new tweets found with trust commands. Exiting without error.
[2025-05-21 00:27:37] WARNING: Collection complete!
[2025-05-21 00:27:37] WARNING: - 0 trust assignments processed
[2025-05-21 00:27:37] WARNING: - 2 users in trust network
[2025-05-21 00:27:37] WARNING: - 31 total trust relationships
[2025-05-21 00:37:34] WARNING: === Starting Twitter Trust System Collection ===
[2025-05-21 00:37:34] WARNING: Will collect tweets until reaching previous timestamp: 2025-05-12 06:54:05+00:00
[2025-05-21 00:37:34] WARNING: Retrieving page 1...
[2025-05-21 00:37:36] WARNING: Newest tweet is from: 2025-05-12 06:54:05+00:00
[2025-05-21 00:37:36] WARNING: Reached stop point at tweet from 2025-05-12 06:54:05+00:00
[2025-05-21 00:37:36] WARNING: Retrieved 0 new tweets on page 1
[2025-05-21 00:37:36] WARNING: Stopping pagination as we've reached the stop point
[2025-05-21 00:37:36] WARNING: Retrieved a total of 0 tweets across 1 pages
[2025-05-21 00:37:36] WARNING: No new tweets found with trust commands. Exiting without error.
[2025-05-21 00:37:36] WARNING: Collection complete!
[2025-05-21 00:37:36] WARNING: - 0 trust assignments processed
[2025-05-21 00:37:36] WARNING: - 2 users in trust network
[2025-05-21 00:37:36] WARNING: - 31 total trust relationships
[2025-05-21 00:47:35] WARNING: === Starting Twitter Trust System Collection ===
[2025-05-21 00:47:35] WARNING: Will collect tweets until reaching previous timestamp: 2025-05-12 06:54:05+00:00
[2025-05-21 00:47:35] WARNING: Retrieving page 1...
[2025-05-21 00:47:36] WARNING: Newest tweet is from: 2025-05-12 06:54:05+00:00
[2025-05-21 00:47:36] WARNING: Reached stop point at tweet from 2025-05-12 06:54:05+00:00
[2025-05-21 00:47:36] WARNING: Retrieved 0 new tweets on page 1
[2025-05-21 00:47:36] WARNING: Stopping pagination as we've reached the stop point
[2025-05-21 00:47:36] WARNING: Retrieved a total of 0 tweets across 1 pages
[2025-05-21 00:47:36] WARNING: No new tweets found with trust commands. Exiting without error.
[2025-05-21 00:47:36] WARNING: Collection complete!
[2025-05-21 00:47:36] WARNING: - 0 trust assignments processed
[2025-05-21 00:47:36] WARNING: - 2 users in trust network
[2025-05-21 00:47:36] WARNING: - 31 total trust relationships
