[2025-06-11 08:17:32] WARNING: === Starting Twitter Trust System Collection ===
[2025-06-11 08:17:32] WARNING: Will collect tweets until reaching previous timestamp: 2025-05-12 06:54:05+00:00
[2025-06-11 08:17:32] WARNING: Retrieving page 1...
[2025-06-11 08:17:36] WARNING: Newest tweet is from: 2025-05-12 06:54:05+00:00
[2025-06-11 08:17:36] WARNING: Reached stop point at tweet from 2025-05-12 06:54:05+00:00
[2025-06-11 08:17:36] WARNING: Retrieved 0 new tweets on page 1
[2025-06-11 08:17:36] WARNING: Stopping pagination as we've reached the stop point
[2025-06-11 08:17:36] WARNING: Retrieved a total of 0 tweets across 1 pages
[2025-06-11 08:17:36] WARNING: No new tweets found with trust commands. Exiting without error.
[2025-06-11 08:17:36] WARNING: Collection complete!
[2025-06-11 08:17:36] WARNING: - 0 trust assignments processed
[2025-06-11 08:17:36] WARNING: - 2 users in trust network
[2025-06-11 08:17:36] WARNING: - 31 total trust relationships
[2025-06-11 08:27:32] WARNING: === Starting Twitter Trust System Collection ===
[2025-06-11 08:27:32] WARNING: Will collect tweets until reaching previous timestamp: 2025-05-12 06:54:05+00:00
[2025-06-11 08:27:32] WARNING: Retrieving page 1...
[2025-06-11 08:27:41] WARNING: Newest tweet is from: 2025-05-12 06:54:05+00:00
[2025-06-11 08:27:41] WARNING: Reached stop point at tweet from 2025-05-12 06:54:05+00:00
[2025-06-11 08:27:41] WARNING: Retrieved 0 new tweets on page 1
[2025-06-11 08:27:41] WARNING: Stopping pagination as we've reached the stop point
[2025-06-11 08:27:41] WARNING: Retrieved a total of 0 tweets across 1 pages
[2025-06-11 08:27:41] WARNING: No new tweets found with trust commands. Exiting without error.
[2025-06-11 08:27:41] WARNING: Collection complete!
[2025-06-11 08:27:41] WARNING: - 0 trust assignments processed
[2025-06-11 08:27:41] WARNING: - 2 users in trust network
[2025-06-11 08:27:41] WARNING: - 31 total trust relationships
[2025-06-11 08:37:33] WARNING: === Starting Twitter Trust System Collection ===
[2025-06-11 08:37:33] WARNING: Will collect tweets until reaching previous timestamp: 2025-05-12 06:54:05+00:00
[2025-06-11 08:37:33] WARNING: Retrieving page 1...
[2025-06-11 08:37:34] WARNING: Newest tweet is from: 2025-05-12 06:54:05+00:00
[2025-06-11 08:37:34] WARNING: Reached stop point at tweet from 2025-05-12 06:54:05+00:00
[2025-06-11 08:37:34] WARNING: Retrieved 0 new tweets on page 1
[2025-06-11 08:37:34] WARNING: Stopping pagination as we've reached the stop point
[2025-06-11 08:37:34] WARNING: Retrieved a total of 0 tweets across 1 pages
[2025-06-11 08:37:34] WARNING: No new tweets found with trust commands. Exiting without error.
[2025-06-11 08:37:34] WARNING: Collection complete!
[2025-06-11 08:37:34] WARNING: - 0 trust assignments processed
[2025-06-11 08:37:34] WARNING: - 2 users in trust network
[2025-06-11 08:37:34] WARNING: - 31 total trust relationships
[2025-06-11 08:47:32] WARNING: === Starting Twitter Trust System Collection ===
[2025-06-11 08:47:32] WARNING: Will collect tweets until reaching previous timestamp: 2025-05-12 06:54:05+00:00
[2025-06-11 08:47:32] WARNING: Retrieving page 1...
[2025-06-11 08:47:34] WARNING: Newest tweet is from: 2025-05-12 06:54:05+00:00
[2025-06-11 08:47:34] WARNING: Reached stop point at tweet from 2025-05-12 06:54:05+00:00
[2025-06-11 08:47:34] WARNING: Retrieved 0 new tweets on page 1
[2025-06-11 08:47:34] WARNING: Stopping pagination as we've reached the stop point
[2025-06-11 08:47:34] WARNING: Retrieved a total of 0 tweets across 1 pages
[2025-06-11 08:47:34] WARNING: No new tweets found with trust commands. Exiting without error.
[2025-06-11 08:47:34] WARNING: Collection complete!
[2025-06-11 08:47:34] WARNING: - 0 trust assignments processed
[2025-06-11 08:47:34] WARNING: - 2 users in trust network
[2025-06-11 08:47:34] WARNING: - 31 total trust relationships
[2025-06-11 08:57:33] WARNING: === Starting Twitter Trust System Collection ===
[2025-06-11 08:57:33] WARNING: Will collect tweets until reaching previous timestamp: 2025-05-12 06:54:05+00:00
[2025-06-11 08:57:33] WARNING: Retrieving page 1...
[2025-06-11 08:57:34] WARNING: Newest tweet is from: 2025-05-12 06:54:05+00:00
[2025-06-11 08:57:34] WARNING: Reached stop point at tweet from 2025-05-12 06:54:05+00:00
[2025-06-11 08:57:34] WARNING: Retrieved 0 new tweets on page 1
[2025-06-11 08:57:34] WARNING: Stopping pagination as we've reached the stop point
[2025-06-11 08:57:34] WARNING: Retrieved a total of 0 tweets across 1 pages
[2025-06-11 08:57:34] WARNING: No new tweets found with trust commands. Exiting without error.
[2025-06-11 08:57:34] WARNING: Collection complete!
[2025-06-11 08:57:34] WARNING: - 0 trust assignments processed
[2025-06-11 08:57:34] WARNING: - 2 users in trust network
[2025-06-11 08:57:34] WARNING: - 31 total trust relationships
[2025-06-11 09:07:33] WARNING: === Starting Twitter Trust System Collection ===
[2025-06-11 09:07:33] WARNING: Will collect tweets until reaching previous timestamp: 2025-05-12 06:54:05+00:00
[2025-06-11 09:07:33] WARNING: Retrieving page 1...
[2025-06-11 09:07:35] WARNING: Newest tweet is from: 2025-05-12 06:54:05+00:00
[2025-06-11 09:07:35] WARNING: Reached stop point at tweet from 2025-05-12 06:54:05+00:00
[2025-06-11 09:07:35] WARNING: Retrieved 0 new tweets on page 1
[2025-06-11 09:07:35] WARNING: Stopping pagination as we've reached the stop point
[2025-06-11 09:07:35] WARNING: Retrieved a total of 0 tweets across 1 pages
[2025-06-11 09:07:35] WARNING: No new tweets found with trust commands. Exiting without error.
[2025-06-11 09:07:35] WARNING: Collection complete!
[2025-06-11 09:07:35] WARNING: - 0 trust assignments processed
[2025-06-11 09:07:35] WARNING: - 2 users in trust network
[2025-06-11 09:07:35] WARNING: - 31 total trust relationships
[2025-06-11 09:17:33] WARNING: === Starting Twitter Trust System Collection ===
[2025-06-11 09:17:33] WARNING: Will collect tweets until reaching previous timestamp: 2025-05-12 06:54:05+00:00
[2025-06-11 09:17:33] WARNING: Retrieving page 1...
[2025-06-11 09:17:34] WARNING: Newest tweet is from: 2025-05-12 06:54:05+00:00
[2025-06-11 09:17:34] WARNING: Reached stop point at tweet from 2025-05-12 06:54:05+00:00
[2025-06-11 09:17:34] WARNING: Retrieved 0 new tweets on page 1
[2025-06-11 09:17:34] WARNING: Stopping pagination as we've reached the stop point
[2025-06-11 09:17:34] WARNING: Retrieved a total of 0 tweets across 1 pages
[2025-06-11 09:17:34] WARNING: No new tweets found with trust commands. Exiting without error.
[2025-06-11 09:17:34] WARNING: Collection complete!
[2025-06-11 09:17:34] WARNING: - 0 trust assignments processed
[2025-06-11 09:17:34] WARNING: - 2 users in trust network
[2025-06-11 09:17:34] WARNING: - 31 total trust relationships
[2025-06-11 09:27:38] WARNING: === Starting Twitter Trust System Collection ===
[2025-06-11 09:27:38] WARNING: Will collect tweets until reaching previous timestamp: 2025-05-12 06:54:05+00:00
[2025-06-11 09:27:38] WARNING: Retrieving page 1...
[2025-06-11 09:27:41] WARNING: Newest tweet is from: 2025-05-12 06:54:05+00:00
[2025-06-11 09:27:41] WARNING: Reached stop point at tweet from 2025-05-12 06:54:05+00:00
[2025-06-11 09:27:41] WARNING: Retrieved 0 new tweets on page 1
[2025-06-11 09:27:41] WARNING: Stopping pagination as we've reached the stop point
[2025-06-11 09:27:41] WARNING: Retrieved a total of 0 tweets across 1 pages
[2025-06-11 09:27:41] WARNING: No new tweets found with trust commands. Exiting without error.
[2025-06-11 09:27:41] WARNING: Collection complete!
[2025-06-11 09:27:41] WARNING: - 0 trust assignments processed
[2025-06-11 09:27:41] WARNING: - 2 users in trust network
[2025-06-11 09:27:41] WARNING: - 31 total trust relationships
[2025-06-11 09:37:34] WARNING: === Starting Twitter Trust System Collection ===
[2025-06-11 09:37:34] WARNING: Will collect tweets until reaching previous timestamp: 2025-05-12 06:54:05+00:00
[2025-06-11 09:37:34] WARNING: Retrieving page 1...
[2025-06-11 09:37:41] WARNING: Newest tweet is from: 2025-05-12 06:54:05+00:00
[2025-06-11 09:37:41] WARNING: Reached stop point at tweet from 2025-05-12 06:54:05+00:00
[2025-06-11 09:37:41] WARNING: Retrieved 0 new tweets on page 1
[2025-06-11 09:37:41] WARNING: Stopping pagination as we've reached the stop point
[2025-06-11 09:37:41] WARNING: Retrieved a total of 0 tweets across 1 pages
[2025-06-11 09:37:41] WARNING: No new tweets found with trust commands. Exiting without error.
[2025-06-11 09:37:41] WARNING: Collection complete!
[2025-06-11 09:37:41] WARNING: - 0 trust assignments processed
[2025-06-11 09:37:41] WARNING: - 2 users in trust network
[2025-06-11 09:37:41] WARNING: - 31 total trust relationships
[2025-06-11 09:47:33] WARNING: === Starting Twitter Trust System Collection ===
[2025-06-11 09:47:33] WARNING: Will collect tweets until reaching previous timestamp: 2025-05-12 06:54:05+00:00
[2025-06-11 09:47:33] WARNING: Retrieving page 1...
[2025-06-11 09:47:35] WARNING: Newest tweet is from: 2025-05-12 06:54:05+00:00
[2025-06-11 09:47:35] WARNING: Reached stop point at tweet from 2025-05-12 06:54:05+00:00
[2025-06-11 09:47:35] WARNING: Retrieved 0 new tweets on page 1
[2025-06-11 09:47:35] WARNING: Stopping pagination as we've reached the stop point
[2025-06-11 09:47:35] WARNING: Retrieved a total of 0 tweets across 1 pages
[2025-06-11 09:47:35] WARNING: No new tweets found with trust commands. Exiting without error.
[2025-06-11 09:47:35] WARNING: Collection complete!
[2025-06-11 09:47:35] WARNING: - 0 trust assignments processed
[2025-06-11 09:47:35] WARNING: - 2 users in trust network
[2025-06-11 09:47:35] WARNING: - 31 total trust relationships
[2025-06-11 09:57:33] WARNING: === Starting Twitter Trust System Collection ===
[2025-06-11 09:57:33] WARNING: Will collect tweets until reaching previous timestamp: 2025-05-12 06:54:05+00:00
[2025-06-11 09:57:33] WARNING: Retrieving page 1...
[2025-06-11 09:57:35] WARNING: Newest tweet is from: 2025-05-12 06:54:05+00:00
[2025-06-11 09:57:35] WARNING: Reached stop point at tweet from 2025-05-12 06:54:05+00:00
[2025-06-11 09:57:35] WARNING: Retrieved 0 new tweets on page 1
[2025-06-11 09:57:35] WARNING: Stopping pagination as we've reached the stop point
[2025-06-11 09:57:35] WARNING: Retrieved a total of 0 tweets across 1 pages
[2025-06-11 09:57:35] WARNING: No new tweets found with trust commands. Exiting without error.
[2025-06-11 09:57:35] WARNING: Collection complete!
[2025-06-11 09:57:35] WARNING: - 0 trust assignments processed
[2025-06-11 09:57:35] WARNING: - 2 users in trust network
[2025-06-11 09:57:35] WARNING: - 31 total trust relationships
[2025-06-11 10:07:33] WARNING: === Starting Twitter Trust System Collection ===
[2025-06-11 10:07:33] WARNING: Will collect tweets until reaching previous timestamp: 2025-05-12 06:54:05+00:00
[2025-06-11 10:07:33] WARNING: Retrieving page 1...
[2025-06-11 10:07:35] WARNING: Newest tweet is from: 2025-05-12 06:54:05+00:00
[2025-06-11 10:07:35] WARNING: Reached stop point at tweet from 2025-05-12 06:54:05+00:00
[2025-06-11 10:07:35] WARNING: Retrieved 0 new tweets on page 1
[2025-06-11 10:07:35] WARNING: Stopping pagination as we've reached the stop point
[2025-06-11 10:07:35] WARNING: Retrieved a total of 0 tweets across 1 pages
[2025-06-11 10:07:35] WARNING: No new tweets found with trust commands. Exiting without error.
[2025-06-11 10:07:35] WARNING: Collection complete!
[2025-06-11 10:07:35] WARNING: - 0 trust assignments processed
[2025-06-11 10:07:35] WARNING: - 2 users in trust network
[2025-06-11 10:07:35] WARNING: - 31 total trust relationships
[2025-06-11 10:17:34] WARNING: === Starting Twitter Trust System Collection ===
[2025-06-11 10:17:34] WARNING: Will collect tweets until reaching previous timestamp: 2025-05-12 06:54:05+00:00
[2025-06-11 10:17:34] WARNING: Retrieving page 1...
[2025-06-11 10:17:36] WARNING: Newest tweet is from: 2025-05-12 06:54:05+00:00
[2025-06-11 10:17:36] WARNING: Reached stop point at tweet from 2025-05-12 06:54:05+00:00
[2025-06-11 10:17:36] WARNING: Retrieved 0 new tweets on page 1
[2025-06-11 10:17:36] WARNING: Stopping pagination as we've reached the stop point
[2025-06-11 10:17:36] WARNING: Retrieved a total of 0 tweets across 1 pages
[2025-06-11 10:17:36] WARNING: No new tweets found with trust commands. Exiting without error.
[2025-06-11 10:17:36] WARNING: Collection complete!
[2025-06-11 10:17:36] WARNING: - 0 trust assignments processed
[2025-06-11 10:17:36] WARNING: - 2 users in trust network
[2025-06-11 10:17:36] WARNING: - 31 total trust relationships
[2025-06-11 10:27:33] WARNING: === Starting Twitter Trust System Collection ===
[2025-06-11 10:27:33] WARNING: Will collect tweets until reaching previous timestamp: 2025-05-12 06:54:05+00:00
[2025-06-11 10:27:33] WARNING: Retrieving page 1...
[2025-06-11 10:27:35] WARNING: Newest tweet is from: 2025-05-12 06:54:05+00:00
[2025-06-11 10:27:35] WARNING: Reached stop point at tweet from 2025-05-12 06:54:05+00:00
[2025-06-11 10:27:35] WARNING: Retrieved 0 new tweets on page 1
[2025-06-11 10:27:35] WARNING: Stopping pagination as we've reached the stop point
[2025-06-11 10:27:35] WARNING: Retrieved a total of 0 tweets across 1 pages
[2025-06-11 10:27:35] WARNING: No new tweets found with trust commands. Exiting without error.
[2025-06-11 10:27:35] WARNING: Collection complete!
[2025-06-11 10:27:35] WARNING: - 0 trust assignments processed
[2025-06-11 10:27:35] WARNING: - 2 users in trust network
[2025-06-11 10:27:35] WARNING: - 31 total trust relationships
[2025-06-11 10:37:33] WARNING: === Starting Twitter Trust System Collection ===
[2025-06-11 10:37:33] WARNING: Will collect tweets until reaching previous timestamp: 2025-05-12 06:54:05+00:00
[2025-06-11 10:37:33] WARNING: Retrieving page 1...
[2025-06-11 10:37:34] WARNING: Newest tweet is from: 2025-05-12 06:54:05+00:00
[2025-06-11 10:37:34] WARNING: Reached stop point at tweet from 2025-05-12 06:54:05+00:00
[2025-06-11 10:37:34] WARNING: Retrieved 0 new tweets on page 1
[2025-06-11 10:37:34] WARNING: Stopping pagination as we've reached the stop point
[2025-06-11 10:37:34] WARNING: Retrieved a total of 0 tweets across 1 pages
[2025-06-11 10:37:34] WARNING: No new tweets found with trust commands. Exiting without error.
[2025-06-11 10:37:34] WARNING: Collection complete!
[2025-06-11 10:37:34] WARNING: - 0 trust assignments processed
[2025-06-11 10:37:34] WARNING: - 2 users in trust network
[2025-06-11 10:37:34] WARNING: - 31 total trust relationships
[2025-06-11 10:47:33] WARNING: === Starting Twitter Trust System Collection ===
[2025-06-11 10:47:33] WARNING: Will collect tweets until reaching previous timestamp: 2025-05-12 06:54:05+00:00
[2025-06-11 10:47:33] WARNING: Retrieving page 1...
[2025-06-11 10:47:34] WARNING: Newest tweet is from: 2025-05-12 06:54:05+00:00
[2025-06-11 10:47:34] WARNING: Reached stop point at tweet from 2025-05-12 06:54:05+00:00
[2025-06-11 10:47:34] WARNING: Retrieved 0 new tweets on page 1
[2025-06-11 10:47:34] WARNING: Stopping pagination as we've reached the stop point
[2025-06-11 10:47:34] WARNING: Retrieved a total of 0 tweets across 1 pages
[2025-06-11 10:47:34] WARNING: No new tweets found with trust commands. Exiting without error.
[2025-06-11 10:47:34] WARNING: Collection complete!
[2025-06-11 10:47:34] WARNING: - 0 trust assignments processed
[2025-06-11 10:47:34] WARNING: - 2 users in trust network
[2025-06-11 10:47:34] WARNING: - 31 total trust relationships
[2025-06-11 10:57:33] WARNING: === Starting Twitter Trust System Collection ===
[2025-06-11 10:57:33] WARNING: Will collect tweets until reaching previous timestamp: 2025-05-12 06:54:05+00:00
[2025-06-11 10:57:33] WARNING: Retrieving page 1...
[2025-06-11 10:57:34] WARNING: Newest tweet is from: 2025-05-12 06:54:05+00:00
[2025-06-11 10:57:34] WARNING: Reached stop point at tweet from 2025-05-12 06:54:05+00:00
[2025-06-11 10:57:34] WARNING: Retrieved 0 new tweets on page 1
[2025-06-11 10:57:34] WARNING: Stopping pagination as we've reached the stop point
[2025-06-11 10:57:34] WARNING: Retrieved a total of 0 tweets across 1 pages
[2025-06-11 10:57:34] WARNING: No new tweets found with trust commands. Exiting without error.
[2025-06-11 10:57:34] WARNING: Collection complete!
[2025-06-11 10:57:34] WARNING: - 0 trust assignments processed
[2025-06-11 10:57:34] WARNING: - 2 users in trust network
[2025-06-11 10:57:34] WARNING: - 31 total trust relationships
[2025-06-11 11:07:33] WARNING: === Starting Twitter Trust System Collection ===
[2025-06-11 11:07:33] WARNING: Will collect tweets until reaching previous timestamp: 2025-05-12 06:54:05+00:00
[2025-06-11 11:07:33] WARNING: Retrieving page 1...
[2025-06-11 11:07:34] WARNING: Newest tweet is from: 2025-05-12 06:54:05+00:00
[2025-06-11 11:07:34] WARNING: Reached stop point at tweet from 2025-05-12 06:54:05+00:00
[2025-06-11 11:07:34] WARNING: Retrieved 0 new tweets on page 1
[2025-06-11 11:07:34] WARNING: Stopping pagination as we've reached the stop point
[2025-06-11 11:07:34] WARNING: Retrieved a total of 0 tweets across 1 pages
[2025-06-11 11:07:34] WARNING: No new tweets found with trust commands. Exiting without error.
[2025-06-11 11:07:34] WARNING: Collection complete!
[2025-06-11 11:07:34] WARNING: - 0 trust assignments processed
[2025-06-11 11:07:34] WARNING: - 2 users in trust network
[2025-06-11 11:07:34] WARNING: - 31 total trust relationships
