[2025-06-14 12:47:33] WARNING: Will collect tweets until reaching previous timestamp: 2025-05-12 06:54:05+00:00
[2025-06-14 12:47:33] WARNING: Retrieving page 1...
[2025-06-14 12:47:35] WARNING: Newest tweet is from: 2025-05-12 06:54:05+00:00
[2025-06-14 12:47:35] WARNING: Reached stop point at tweet from 2025-05-12 06:54:05+00:00
[2025-06-14 12:47:35] WARNING: Retrieved 0 new tweets on page 1
[2025-06-14 12:47:35] WARNING: Stopping pagination as we've reached the stop point
[2025-06-14 12:47:35] WARNING: Retrieved a total of 0 tweets across 1 pages
[2025-06-14 12:47:35] WARNING: No new tweets found with trust commands. Exiting without error.
[2025-06-14 12:47:35] WARNING: Collection complete!
[2025-06-14 12:47:35] WARNING: - 0 trust assignments processed
[2025-06-14 12:47:35] WARNING: - 2 users in trust network
[2025-06-14 12:47:35] WARNING: - 31 total trust relationships
[2025-06-14 12:57:33] WARNING: === Starting Twitter Trust System Collection ===
[2025-06-14 12:57:33] WARNING: Will collect tweets until reaching previous timestamp: 2025-05-12 06:54:05+00:00
[2025-06-14 12:57:33] WARNING: Retrieving page 1...
[2025-06-14 12:57:35] WARNING: Newest tweet is from: 2025-05-12 06:54:05+00:00
[2025-06-14 12:57:35] WARNING: Reached stop point at tweet from 2025-05-12 06:54:05+00:00
[2025-06-14 12:57:35] WARNING: Retrieved 0 new tweets on page 1
[2025-06-14 12:57:35] WARNING: Stopping pagination as we've reached the stop point
[2025-06-14 12:57:35] WARNING: Retrieved a total of 0 tweets across 1 pages
[2025-06-14 12:57:35] WARNING: No new tweets found with trust commands. Exiting without error.
[2025-06-14 12:57:35] WARNING: Collection complete!
[2025-06-14 12:57:35] WARNING: - 0 trust assignments processed
[2025-06-14 12:57:35] WARNING: - 2 users in trust network
[2025-06-14 12:57:35] WARNING: - 31 total trust relationships
[2025-06-14 13:07:33] WARNING: === Starting Twitter Trust System Collection ===
[2025-06-14 13:07:33] WARNING: Will collect tweets until reaching previous timestamp: 2025-05-12 06:54:05+00:00
[2025-06-14 13:07:33] WARNING: Retrieving page 1...
[2025-06-14 13:07:34] WARNING: Newest tweet is from: 2025-05-12 06:54:05+00:00
[2025-06-14 13:07:34] WARNING: Reached stop point at tweet from 2025-05-12 06:54:05+00:00
[2025-06-14 13:07:34] WARNING: Retrieved 0 new tweets on page 1
[2025-06-14 13:07:34] WARNING: Stopping pagination as we've reached the stop point
[2025-06-14 13:07:34] WARNING: Retrieved a total of 0 tweets across 1 pages
[2025-06-14 13:07:34] WARNING: No new tweets found with trust commands. Exiting without error.
[2025-06-14 13:07:34] WARNING: Collection complete!
[2025-06-14 13:07:34] WARNING: - 0 trust assignments processed
[2025-06-14 13:07:34] WARNING: - 2 users in trust network
[2025-06-14 13:07:34] WARNING: - 31 total trust relationships
[2025-06-14 13:17:33] WARNING: === Starting Twitter Trust System Collection ===
[2025-06-14 13:17:33] WARNING: Will collect tweets until reaching previous timestamp: 2025-05-12 06:54:05+00:00
[2025-06-14 13:17:33] WARNING: Retrieving page 1...
[2025-06-14 13:17:35] WARNING: Newest tweet is from: 2025-05-12 06:54:05+00:00
[2025-06-14 13:17:35] WARNING: Reached stop point at tweet from 2025-05-12 06:54:05+00:00
[2025-06-14 13:17:35] WARNING: Retrieved 0 new tweets on page 1
[2025-06-14 13:17:35] WARNING: Stopping pagination as we've reached the stop point
[2025-06-14 13:17:35] WARNING: Retrieved a total of 0 tweets across 1 pages
[2025-06-14 13:17:35] WARNING: No new tweets found with trust commands. Exiting without error.
[2025-06-14 13:17:35] WARNING: Collection complete!
[2025-06-14 13:17:35] WARNING: - 0 trust assignments processed
[2025-06-14 13:17:35] WARNING: - 2 users in trust network
[2025-06-14 13:17:35] WARNING: - 31 total trust relationships
[2025-06-14 13:27:33] WARNING: === Starting Twitter Trust System Collection ===
[2025-06-14 13:27:33] WARNING: Will collect tweets until reaching previous timestamp: 2025-05-12 06:54:05+00:00
[2025-06-14 13:27:33] WARNING: Retrieving page 1...
[2025-06-14 13:27:35] WARNING: Newest tweet is from: 2025-05-12 06:54:05+00:00
[2025-06-14 13:27:35] WARNING: Reached stop point at tweet from 2025-05-12 06:54:05+00:00
[2025-06-14 13:27:35] WARNING: Retrieved 0 new tweets on page 1
[2025-06-14 13:27:35] WARNING: Stopping pagination as we've reached the stop point
[2025-06-14 13:27:35] WARNING: Retrieved a total of 0 tweets across 1 pages
[2025-06-14 13:27:35] WARNING: No new tweets found with trust commands. Exiting without error.
[2025-06-14 13:27:35] WARNING: Collection complete!
[2025-06-14 13:27:35] WARNING: - 0 trust assignments processed
[2025-06-14 13:27:35] WARNING: - 2 users in trust network
[2025-06-14 13:27:35] WARNING: - 31 total trust relationships
[2025-06-14 13:37:33] WARNING: === Starting Twitter Trust System Collection ===
[2025-06-14 13:37:33] WARNING: Will collect tweets until reaching previous timestamp: 2025-05-12 06:54:05+00:00
[2025-06-14 13:37:33] WARNING: Retrieving page 1...
[2025-06-14 13:37:34] WARNING: Newest tweet is from: 2025-05-12 06:54:05+00:00
[2025-06-14 13:37:34] WARNING: Reached stop point at tweet from 2025-05-12 06:54:05+00:00
[2025-06-14 13:37:34] WARNING: Retrieved 0 new tweets on page 1
[2025-06-14 13:37:34] WARNING: Stopping pagination as we've reached the stop point
[2025-06-14 13:37:34] WARNING: Retrieved a total of 0 tweets across 1 pages
[2025-06-14 13:37:34] WARNING: No new tweets found with trust commands. Exiting without error.
[2025-06-14 13:37:34] WARNING: Collection complete!
[2025-06-14 13:37:34] WARNING: - 0 trust assignments processed
[2025-06-14 13:37:34] WARNING: - 2 users in trust network
[2025-06-14 13:37:34] WARNING: - 31 total trust relationships
[2025-06-14 13:47:33] WARNING: === Starting Twitter Trust System Collection ===
[2025-06-14 13:47:33] WARNING: Will collect tweets until reaching previous timestamp: 2025-05-12 06:54:05+00:00
[2025-06-14 13:47:33] WARNING: Retrieving page 1...
[2025-06-14 13:47:35] WARNING: Newest tweet is from: 2025-05-12 06:54:05+00:00
[2025-06-14 13:47:35] WARNING: Reached stop point at tweet from 2025-05-12 06:54:05+00:00
[2025-06-14 13:47:35] WARNING: Retrieved 0 new tweets on page 1
[2025-06-14 13:47:35] WARNING: Stopping pagination as we've reached the stop point
[2025-06-14 13:47:35] WARNING: Retrieved a total of 0 tweets across 1 pages
[2025-06-14 13:47:35] WARNING: No new tweets found with trust commands. Exiting without error.
[2025-06-14 13:47:35] WARNING: Collection complete!
[2025-06-14 13:47:35] WARNING: - 0 trust assignments processed
[2025-06-14 13:47:35] WARNING: - 2 users in trust network
[2025-06-14 13:47:35] WARNING: - 31 total trust relationships
[2025-06-14 13:57:33] WARNING: === Starting Twitter Trust System Collection ===
[2025-06-14 13:57:33] WARNING: Will collect tweets until reaching previous timestamp: 2025-05-12 06:54:05+00:00
[2025-06-14 13:57:33] WARNING: Retrieving page 1...
[2025-06-14 13:57:35] WARNING: Newest tweet is from: 2025-05-12 06:54:05+00:00
[2025-06-14 13:57:35] WARNING: Reached stop point at tweet from 2025-05-12 06:54:05+00:00
[2025-06-14 13:57:35] WARNING: Retrieved 0 new tweets on page 1
[2025-06-14 13:57:35] WARNING: Stopping pagination as we've reached the stop point
[2025-06-14 13:57:35] WARNING: Retrieved a total of 0 tweets across 1 pages
[2025-06-14 13:57:35] WARNING: No new tweets found with trust commands. Exiting without error.
[2025-06-14 13:57:35] WARNING: Collection complete!
[2025-06-14 13:57:35] WARNING: - 0 trust assignments processed
[2025-06-14 13:57:35] WARNING: - 2 users in trust network
[2025-06-14 13:57:35] WARNING: - 31 total trust relationships
[2025-06-14 14:07:33] WARNING: === Starting Twitter Trust System Collection ===
[2025-06-14 14:07:33] WARNING: Will collect tweets until reaching previous timestamp: 2025-05-12 06:54:05+00:00
[2025-06-14 14:07:33] WARNING: Retrieving page 1...
[2025-06-14 14:07:37] WARNING: Newest tweet is from: 2025-05-12 06:54:05+00:00
[2025-06-14 14:07:37] WARNING: Reached stop point at tweet from 2025-05-12 06:54:05+00:00
[2025-06-14 14:07:37] WARNING: Retrieved 0 new tweets on page 1
[2025-06-14 14:07:37] WARNING: Stopping pagination as we've reached the stop point
[2025-06-14 14:07:37] WARNING: Retrieved a total of 0 tweets across 1 pages
[2025-06-14 14:07:37] WARNING: No new tweets found with trust commands. Exiting without error.
[2025-06-14 14:07:37] WARNING: Collection complete!
[2025-06-14 14:07:37] WARNING: - 0 trust assignments processed
[2025-06-14 14:07:37] WARNING: - 2 users in trust network
[2025-06-14 14:07:37] WARNING: - 31 total trust relationships
[2025-06-14 14:17:33] WARNING: === Starting Twitter Trust System Collection ===
[2025-06-14 14:17:33] WARNING: Will collect tweets until reaching previous timestamp: 2025-05-12 06:54:05+00:00
[2025-06-14 14:17:33] WARNING: Retrieving page 1...
[2025-06-14 14:17:35] WARNING: Newest tweet is from: 2025-05-12 06:54:05+00:00
[2025-06-14 14:17:35] WARNING: Reached stop point at tweet from 2025-05-12 06:54:05+00:00
[2025-06-14 14:17:35] WARNING: Retrieved 0 new tweets on page 1
[2025-06-14 14:17:35] WARNING: Stopping pagination as we've reached the stop point
[2025-06-14 14:17:35] WARNING: Retrieved a total of 0 tweets across 1 pages
[2025-06-14 14:17:35] WARNING: No new tweets found with trust commands. Exiting without error.
[2025-06-14 14:17:35] WARNING: Collection complete!
[2025-06-14 14:17:35] WARNING: - 0 trust assignments processed
[2025-06-14 14:17:35] WARNING: - 2 users in trust network
[2025-06-14 14:17:35] WARNING: - 31 total trust relationships
[2025-06-14 14:27:33] WARNING: === Starting Twitter Trust System Collection ===
[2025-06-14 14:27:33] WARNING: Will collect tweets until reaching previous timestamp: 2025-05-12 06:54:05+00:00
[2025-06-14 14:27:33] WARNING: Retrieving page 1...
[2025-06-14 14:27:35] WARNING: Newest tweet is from: 2025-05-12 06:54:05+00:00
[2025-06-14 14:27:35] WARNING: Reached stop point at tweet from 2025-05-12 06:54:05+00:00
[2025-06-14 14:27:35] WARNING: Retrieved 0 new tweets on page 1
[2025-06-14 14:27:35] WARNING: Stopping pagination as we've reached the stop point
[2025-06-14 14:27:35] WARNING: Retrieved a total of 0 tweets across 1 pages
[2025-06-14 14:27:35] WARNING: No new tweets found with trust commands. Exiting without error.
[2025-06-14 14:27:35] WARNING: Collection complete!
[2025-06-14 14:27:35] WARNING: - 0 trust assignments processed
[2025-06-14 14:27:35] WARNING: - 2 users in trust network
[2025-06-14 14:27:35] WARNING: - 31 total trust relationships
[2025-06-14 14:37:33] WARNING: === Starting Twitter Trust System Collection ===
[2025-06-14 14:37:33] WARNING: Will collect tweets until reaching previous timestamp: 2025-05-12 06:54:05+00:00
[2025-06-14 14:37:33] WARNING: Retrieving page 1...
[2025-06-14 14:37:34] WARNING: Newest tweet is from: 2025-05-12 06:54:05+00:00
[2025-06-14 14:37:34] WARNING: Reached stop point at tweet from 2025-05-12 06:54:05+00:00
[2025-06-14 14:37:34] WARNING: Retrieved 0 new tweets on page 1
[2025-06-14 14:37:34] WARNING: Stopping pagination as we've reached the stop point
[2025-06-14 14:37:34] WARNING: Retrieved a total of 0 tweets across 1 pages
[2025-06-14 14:37:34] WARNING: No new tweets found with trust commands. Exiting without error.
[2025-06-14 14:37:34] WARNING: Collection complete!
[2025-06-14 14:37:34] WARNING: - 0 trust assignments processed
[2025-06-14 14:37:34] WARNING: - 2 users in trust network
[2025-06-14 14:37:34] WARNING: - 31 total trust relationships
[2025-06-14 14:47:33] WARNING: === Starting Twitter Trust System Collection ===
[2025-06-14 14:47:33] WARNING: Will collect tweets until reaching previous timestamp: 2025-05-12 06:54:05+00:00
[2025-06-14 14:47:33] WARNING: Retrieving page 1...
[2025-06-14 14:47:36] WARNING: Newest tweet is from: 2025-05-12 06:54:05+00:00
[2025-06-14 14:47:36] WARNING: Reached stop point at tweet from 2025-05-12 06:54:05+00:00
[2025-06-14 14:47:36] WARNING: Retrieved 0 new tweets on page 1
[2025-06-14 14:47:36] WARNING: Stopping pagination as we've reached the stop point
[2025-06-14 14:47:36] WARNING: Retrieved a total of 0 tweets across 1 pages
[2025-06-14 14:47:36] WARNING: No new tweets found with trust commands. Exiting without error.
[2025-06-14 14:47:36] WARNING: Collection complete!
[2025-06-14 14:47:36] WARNING: - 0 trust assignments processed
[2025-06-14 14:47:36] WARNING: - 2 users in trust network
[2025-06-14 14:47:36] WARNING: - 31 total trust relationships
[2025-06-14 14:57:33] WARNING: === Starting Twitter Trust System Collection ===
[2025-06-14 14:57:33] WARNING: Will collect tweets until reaching previous timestamp: 2025-05-12 06:54:05+00:00
[2025-06-14 14:57:33] WARNING: Retrieving page 1...
[2025-06-14 14:57:38] WARNING: Newest tweet is from: 2025-05-12 06:54:05+00:00
[2025-06-14 14:57:38] WARNING: Reached stop point at tweet from 2025-05-12 06:54:05+00:00
[2025-06-14 14:57:38] WARNING: Retrieved 0 new tweets on page 1
[2025-06-14 14:57:38] WARNING: Stopping pagination as we've reached the stop point
[2025-06-14 14:57:38] WARNING: Retrieved a total of 0 tweets across 1 pages
[2025-06-14 14:57:38] WARNING: No new tweets found with trust commands. Exiting without error.
[2025-06-14 14:57:38] WARNING: Collection complete!
[2025-06-14 14:57:38] WARNING: - 0 trust assignments processed
[2025-06-14 14:57:38] WARNING: - 2 users in trust network
[2025-06-14 14:57:38] WARNING: - 31 total trust relationships
[2025-06-14 15:07:33] WARNING: === Starting Twitter Trust System Collection ===
[2025-06-14 15:07:33] WARNING: Will collect tweets until reaching previous timestamp: 2025-05-12 06:54:05+00:00
[2025-06-14 15:07:33] WARNING: Retrieving page 1...
[2025-06-14 15:07:34] WARNING: Newest tweet is from: 2025-05-12 06:54:05+00:00
[2025-06-14 15:07:34] WARNING: Reached stop point at tweet from 2025-05-12 06:54:05+00:00
[2025-06-14 15:07:34] WARNING: Retrieved 0 new tweets on page 1
[2025-06-14 15:07:34] WARNING: Stopping pagination as we've reached the stop point
[2025-06-14 15:07:34] WARNING: Retrieved a total of 0 tweets across 1 pages
[2025-06-14 15:07:34] WARNING: No new tweets found with trust commands. Exiting without error.
[2025-06-14 15:07:34] WARNING: Collection complete!
[2025-06-14 15:07:34] WARNING: - 0 trust assignments processed
[2025-06-14 15:07:34] WARNING: - 2 users in trust network
[2025-06-14 15:07:34] WARNING: - 31 total trust relationships
[2025-06-14 15:17:33] WARNING: === Starting Twitter Trust System Collection ===
[2025-06-14 15:17:33] WARNING: Will collect tweets until reaching previous timestamp: 2025-05-12 06:54:05+00:00
[2025-06-14 15:17:33] WARNING: Retrieving page 1...
[2025-06-14 15:17:35] WARNING: Newest tweet is from: 2025-05-12 06:54:05+00:00
[2025-06-14 15:17:35] WARNING: Reached stop point at tweet from 2025-05-12 06:54:05+00:00
[2025-06-14 15:17:35] WARNING: Retrieved 0 new tweets on page 1
[2025-06-14 15:17:35] WARNING: Stopping pagination as we've reached the stop point
[2025-06-14 15:17:35] WARNING: Retrieved a total of 0 tweets across 1 pages
[2025-06-14 15:17:35] WARNING: No new tweets found with trust commands. Exiting without error.
[2025-06-14 15:17:35] WARNING: Collection complete!
[2025-06-14 15:17:35] WARNING: - 0 trust assignments processed
[2025-06-14 15:17:35] WARNING: - 2 users in trust network
[2025-06-14 15:17:35] WARNING: - 31 total trust relationships
[2025-06-14 15:27:33] WARNING: === Starting Twitter Trust System Collection ===
[2025-06-14 15:27:33] WARNING: Will collect tweets until reaching previous timestamp: 2025-05-12 06:54:05+00:00
[2025-06-14 15:27:33] WARNING: Retrieving page 1...
[2025-06-14 15:27:35] WARNING: Newest tweet is from: 2025-05-12 06:54:05+00:00
[2025-06-14 15:27:35] WARNING: Reached stop point at tweet from 2025-05-12 06:54:05+00:00
[2025-06-14 15:27:35] WARNING: Retrieved 0 new tweets on page 1
[2025-06-14 15:27:35] WARNING: Stopping pagination as we've reached the stop point
[2025-06-14 15:27:35] WARNING: Retrieved a total of 0 tweets across 1 pages
[2025-06-14 15:27:35] WARNING: No new tweets found with trust commands. Exiting without error.
[2025-06-14 15:27:35] WARNING: Collection complete!
[2025-06-14 15:27:35] WARNING: - 0 trust assignments processed
[2025-06-14 15:27:35] WARNING: - 2 users in trust network
[2025-06-14 15:27:35] WARNING: - 31 total trust relationships
[2025-06-14 15:37:33] WARNING: === Starting Twitter Trust System Collection ===
[2025-06-14 15:37:33] WARNING: Will collect tweets until reaching previous timestamp: 2025-05-12 06:54:05+00:00
[2025-06-14 15:37:33] WARNING: Retrieving page 1...
[2025-06-14 15:37:35] WARNING: Newest tweet is from: 2025-05-12 06:54:05+00:00
[2025-06-14 15:37:35] WARNING: Reached stop point at tweet from 2025-05-12 06:54:05+00:00
[2025-06-14 15:37:35] WARNING: Retrieved 0 new tweets on page 1
[2025-06-14 15:37:35] WARNING: Stopping pagination as we've reached the stop point
[2025-06-14 15:37:35] WARNING: Retrieved a total of 0 tweets across 1 pages
[2025-06-14 15:37:35] WARNING: No new tweets found with trust commands. Exiting without error.
[2025-06-14 15:37:35] WARNING: Collection complete!
[2025-06-14 15:37:35] WARNING: - 0 trust assignments processed
[2025-06-14 15:37:35] WARNING: - 2 users in trust network
[2025-06-14 15:37:35] WARNING: - 31 total trust relationships
[2025-06-14 15:47:33] WARNING: === Starting Twitter Trust System Collection ===
[2025-06-14 15:47:33] WARNING: Will collect tweets until reaching previous timestamp: 2025-05-12 06:54:05+00:00
[2025-06-14 15:47:33] WARNING: Retrieving page 1...
[2025-06-14 15:47:36] WARNING: Newest tweet is from: 2025-05-12 06:54:05+00:00
[2025-06-14 15:47:36] WARNING: Reached stop point at tweet from 2025-05-12 06:54:05+00:00
[2025-06-14 15:47:36] WARNING: Retrieved 0 new tweets on page 1
[2025-06-14 15:47:36] WARNING: Stopping pagination as we've reached the stop point
[2025-06-14 15:47:36] WARNING: Retrieved a total of 0 tweets across 1 pages
[2025-06-14 15:47:36] WARNING: No new tweets found with trust commands. Exiting without error.
[2025-06-14 15:47:36] WARNING: Collection complete!
[2025-06-14 15:47:36] WARNING: - 0 trust assignments processed
[2025-06-14 15:47:36] WARNING: - 2 users in trust network
[2025-06-14 15:47:36] WARNING: - 31 total trust relationships
[2025-06-14 15:57:33] WARNING: === Starting Twitter Trust System Collection ===
[2025-06-14 15:57:33] WARNING: Will collect tweets until reaching previous timestamp: 2025-05-12 06:54:05+00:00
[2025-06-14 15:57:33] WARNING: Retrieving page 1...
[2025-06-14 15:57:34] WARNING: Newest tweet is from: 2025-05-12 06:54:05+00:00
[2025-06-14 15:57:34] WARNING: Reached stop point at tweet from 2025-05-12 06:54:05+00:00
[2025-06-14 15:57:34] WARNING: Retrieved 0 new tweets on page 1
[2025-06-14 15:57:34] WARNING: Stopping pagination as we've reached the stop point
[2025-06-14 15:57:34] WARNING: Retrieved a total of 0 tweets across 1 pages
[2025-06-14 15:57:34] WARNING: No new tweets found with trust commands. Exiting without error.
[2025-06-14 15:57:34] WARNING: Collection complete!
[2025-06-14 15:57:34] WARNING: - 0 trust assignments processed
[2025-06-14 15:57:34] WARNING: - 2 users in trust network
[2025-06-14 15:57:34] WARNING: - 31 total trust relationships
[2025-06-14 16:07:33] WARNING: === Starting Twitter Trust System Collection ===
[2025-06-14 16:07:33] WARNING: Will collect tweets until reaching previous timestamp: 2025-05-12 06:54:05+00:00
[2025-06-14 16:07:33] WARNING: Retrieving page 1...
[2025-06-14 16:07:40] WARNING: Newest tweet is from: 2025-05-12 06:54:05+00:00
[2025-06-14 16:07:40] WARNING: Reached stop point at tweet from 2025-05-12 06:54:05+00:00
[2025-06-14 16:07:40] WARNING: Retrieved 0 new tweets on page 1
[2025-06-14 16:07:40] WARNING: Stopping pagination as we've reached the stop point
[2025-06-14 16:07:40] WARNING: Retrieved a total of 0 tweets across 1 pages
[2025-06-14 16:07:40] WARNING: No new tweets found with trust commands. Exiting without error.
[2025-06-14 16:07:40] WARNING: Collection complete!
[2025-06-14 16:07:40] WARNING: - 0 trust assignments processed
[2025-06-14 16:07:40] WARNING: - 2 users in trust network
[2025-06-14 16:07:40] WARNING: - 31 total trust relationships
[2025-06-14 16:17:33] WARNING: === Starting Twitter Trust System Collection ===
[2025-06-14 16:17:33] WARNING: Will collect tweets until reaching previous timestamp: 2025-05-12 06:54:05+00:00
[2025-06-14 16:17:33] WARNING: Retrieving page 1...
[2025-06-14 16:17:34] WARNING: Newest tweet is from: 2025-05-12 06:54:05+00:00
[2025-06-14 16:17:34] WARNING: Reached stop point at tweet from 2025-05-12 06:54:05+00:00
[2025-06-14 16:17:34] WARNING: Retrieved 0 new tweets on page 1
[2025-06-14 16:17:34] WARNING: Stopping pagination as we've reached the stop point
[2025-06-14 16:17:34] WARNING: Retrieved a total of 0 tweets across 1 pages
[2025-06-14 16:17:34] WARNING: No new tweets found with trust commands. Exiting without error.
[2025-06-14 16:17:34] WARNING: Collection complete!
[2025-06-14 16:17:34] WARNING: - 0 trust assignments processed
[2025-06-14 16:17:34] WARNING: - 2 users in trust network
[2025-06-14 16:17:34] WARNING: - 31 total trust relationships
[2025-06-14 16:27:33] WARNING: === Starting Twitter Trust System Collection ===
[2025-06-14 16:27:33] WARNING: Will collect tweets until reaching previous timestamp: 2025-05-12 06:54:05+00:00
[2025-06-14 16:27:33] WARNING: Retrieving page 1...
[2025-06-14 16:27:34] WARNING: Newest tweet is from: 2025-05-12 06:54:05+00:00
[2025-06-14 16:27:34] WARNING: Reached stop point at tweet from 2025-05-12 06:54:05+00:00
[2025-06-14 16:27:34] WARNING: Retrieved 0 new tweets on page 1
[2025-06-14 16:27:34] WARNING: Stopping pagination as we've reached the stop point
[2025-06-14 16:27:34] WARNING: Retrieved a total of 0 tweets across 1 pages
[2025-06-14 16:27:34] WARNING: No new tweets found with trust commands. Exiting without error.
[2025-06-14 16:27:34] WARNING: Collection complete!
[2025-06-14 16:27:34] WARNING: - 0 trust assignments processed
[2025-06-14 16:27:34] WARNING: - 2 users in trust network
[2025-06-14 16:27:34] WARNING: - 31 total trust relationships
[2025-06-14 16:37:33] WARNING: === Starting Twitter Trust System Collection ===
[2025-06-14 16:37:33] WARNING: Will collect tweets until reaching previous timestamp: 2025-05-12 06:54:05+00:00
[2025-06-14 16:37:33] WARNING: Retrieving page 1...
[2025-06-14 16:37:34] WARNING: Newest tweet is from: 2025-05-12 06:54:05+00:00
[2025-06-14 16:37:34] WARNING: Reached stop point at tweet from 2025-05-12 06:54:05+00:00
[2025-06-14 16:37:34] WARNING: Retrieved 0 new tweets on page 1
[2025-06-14 16:37:34] WARNING: Stopping pagination as we've reached the stop point
[2025-06-14 16:37:34] WARNING: Retrieved a total of 0 tweets across 1 pages
[2025-06-14 16:37:34] WARNING: No new tweets found with trust commands. Exiting without error.
[2025-06-14 16:37:34] WARNING: Collection complete!
[2025-06-14 16:37:34] WARNING: - 0 trust assignments processed
[2025-06-14 16:37:34] WARNING: - 2 users in trust network
[2025-06-14 16:37:34] WARNING: - 31 total trust relationships
[2025-06-14 16:47:33] WARNING: === Starting Twitter Trust System Collection ===
[2025-06-14 16:47:33] WARNING: Will collect tweets until reaching previous timestamp: 2025-05-12 06:54:05+00:00
[2025-06-14 16:47:33] WARNING: Retrieving page 1...
[2025-06-14 16:47:34] WARNING: Newest tweet is from: 2025-05-12 06:54:05+00:00
[2025-06-14 16:47:34] WARNING: Reached stop point at tweet from 2025-05-12 06:54:05+00:00
[2025-06-14 16:47:34] WARNING: Retrieved 0 new tweets on page 1
[2025-06-14 16:47:34] WARNING: Stopping pagination as we've reached the stop point
[2025-06-14 16:47:34] WARNING: Retrieved a total of 0 tweets across 1 pages
[2025-06-14 16:47:34] WARNING: No new tweets found with trust commands. Exiting without error.
[2025-06-14 16:47:34] WARNING: Collection complete!
[2025-06-14 16:47:34] WARNING: - 0 trust assignments processed
[2025-06-14 16:47:34] WARNING: - 2 users in trust network
[2025-06-14 16:47:34] WARNING: - 31 total trust relationships
[2025-06-14 16:57:33] WARNING: === Starting Twitter Trust System Collection ===
[2025-06-14 16:57:33] WARNING: Will collect tweets until reaching previous timestamp: 2025-05-12 06:54:05+00:00
[2025-06-14 16:57:33] WARNING: Retrieving page 1...
[2025-06-14 16:57:35] WARNING: Newest tweet is from: 2025-05-12 06:54:05+00:00
[2025-06-14 16:57:35] WARNING: Reached stop point at tweet from 2025-05-12 06:54:05+00:00
[2025-06-14 16:57:35] WARNING: Retrieved 0 new tweets on page 1
[2025-06-14 16:57:35] WARNING: Stopping pagination as we've reached the stop point
[2025-06-14 16:57:35] WARNING: Retrieved a total of 0 tweets across 1 pages
[2025-06-14 16:57:35] WARNING: No new tweets found with trust commands. Exiting without error.
[2025-06-14 16:57:35] WARNING: Collection complete!
[2025-06-14 16:57:35] WARNING: - 0 trust assignments processed
[2025-06-14 16:57:35] WARNING: - 2 users in trust network
[2025-06-14 16:57:35] WARNING: - 31 total trust relationships
[2025-06-14 17:07:33] WARNING: === Starting Twitter Trust System Collection ===
[2025-06-14 17:07:33] WARNING: Will collect tweets until reaching previous timestamp: 2025-05-12 06:54:05+00:00
[2025-06-14 17:07:33] WARNING: Retrieving page 1...
[2025-06-14 17:07:35] WARNING: Newest tweet is from: 2025-05-12 06:54:05+00:00
[2025-06-14 17:07:35] WARNING: Reached stop point at tweet from 2025-05-12 06:54:05+00:00
[2025-06-14 17:07:35] WARNING: Retrieved 0 new tweets on page 1
[2025-06-14 17:07:35] WARNING: Stopping pagination as we've reached the stop point
[2025-06-14 17:07:35] WARNING: Retrieved a total of 0 tweets across 1 pages
[2025-06-14 17:07:35] WARNING: No new tweets found with trust commands. Exiting without error.
[2025-06-14 17:07:35] WARNING: Collection complete!
[2025-06-14 17:07:35] WARNING: - 0 trust assignments processed
[2025-06-14 17:07:35] WARNING: - 2 users in trust network
[2025-06-14 17:07:35] WARNING: - 31 total trust relationships
[2025-06-14 17:17:33] WARNING: === Starting Twitter Trust System Collection ===
[2025-06-14 17:17:33] WARNING: Will collect tweets until reaching previous timestamp: 2025-05-12 06:54:05+00:00
[2025-06-14 17:17:33] WARNING: Retrieving page 1...
[2025-06-14 17:17:35] WARNING: Newest tweet is from: 2025-05-12 06:54:05+00:00
[2025-06-14 17:17:35] WARNING: Reached stop point at tweet from 2025-05-12 06:54:05+00:00
[2025-06-14 17:17:35] WARNING: Retrieved 0 new tweets on page 1
[2025-06-14 17:17:35] WARNING: Stopping pagination as we've reached the stop point
[2025-06-14 17:17:35] WARNING: Retrieved a total of 0 tweets across 1 pages
[2025-06-14 17:17:35] WARNING: No new tweets found with trust commands. Exiting without error.
[2025-06-14 17:17:35] WARNING: Collection complete!
[2025-06-14 17:17:35] WARNING: - 0 trust assignments processed
[2025-06-14 17:17:35] WARNING: - 2 users in trust network
[2025-06-14 17:17:35] WARNING: - 31 total trust relationships
[2025-06-14 17:27:33] WARNING: === Starting Twitter Trust System Collection ===
[2025-06-14 17:27:33] WARNING: Will collect tweets until reaching previous timestamp: 2025-05-12 06:54:05+00:00
[2025-06-14 17:27:33] WARNING: Retrieving page 1...
[2025-06-14 17:27:34] WARNING: Newest tweet is from: 2025-05-12 06:54:05+00:00
[2025-06-14 17:27:34] WARNING: Reached stop point at tweet from 2025-05-12 06:54:05+00:00
[2025-06-14 17:27:34] WARNING: Retrieved 0 new tweets on page 1
[2025-06-14 17:27:34] WARNING: Stopping pagination as we've reached the stop point
[2025-06-14 17:27:34] WARNING: Retrieved a total of 0 tweets across 1 pages
[2025-06-14 17:27:34] WARNING: No new tweets found with trust commands. Exiting without error.
[2025-06-14 17:27:34] WARNING: Collection complete!
[2025-06-14 17:27:34] WARNING: - 0 trust assignments processed
[2025-06-14 17:27:34] WARNING: - 2 users in trust network
[2025-06-14 17:27:34] WARNING: - 31 total trust relationships
[2025-06-14 17:37:33] WARNING: === Starting Twitter Trust System Collection ===
[2025-06-14 17:37:33] WARNING: Will collect tweets until reaching previous timestamp: 2025-05-12 06:54:05+00:00
[2025-06-14 17:37:33] WARNING: Retrieving page 1...
[2025-06-14 17:37:34] WARNING: Newest tweet is from: 2025-05-12 06:54:05+00:00
[2025-06-14 17:37:34] WARNING: Reached stop point at tweet from 2025-05-12 06:54:05+00:00
[2025-06-14 17:37:34] WARNING: Retrieved 0 new tweets on page 1
[2025-06-14 17:37:34] WARNING: Stopping pagination as we've reached the stop point
[2025-06-14 17:37:34] WARNING: Retrieved a total of 0 tweets across 1 pages
[2025-06-14 17:37:34] WARNING: No new tweets found with trust commands. Exiting without error.
[2025-06-14 17:37:34] WARNING: Collection complete!
[2025-06-14 17:37:34] WARNING: - 0 trust assignments processed
[2025-06-14 17:37:34] WARNING: - 2 users in trust network
[2025-06-14 17:37:34] WARNING: - 31 total trust relationships
[2025-06-14 17:47:33] WARNING: === Starting Twitter Trust System Collection ===
[2025-06-14 17:47:33] WARNING: Will collect tweets until reaching previous timestamp: 2025-05-12 06:54:05+00:00
[2025-06-14 17:47:33] WARNING: Retrieving page 1...
[2025-06-14 17:47:35] WARNING: Newest tweet is from: 2025-05-12 06:54:05+00:00
[2025-06-14 17:47:35] WARNING: Reached stop point at tweet from 2025-05-12 06:54:05+00:00
[2025-06-14 17:47:35] WARNING: Retrieved 0 new tweets on page 1
[2025-06-14 17:47:35] WARNING: Stopping pagination as we've reached the stop point
[2025-06-14 17:47:35] WARNING: Retrieved a total of 0 tweets across 1 pages
[2025-06-14 17:47:35] WARNING: No new tweets found with trust commands. Exiting without error.
[2025-06-14 17:47:35] WARNING: Collection complete!
[2025-06-14 17:47:35] WARNING: - 0 trust assignments processed
[2025-06-14 17:47:35] WARNING: - 2 users in trust network
[2025-06-14 17:47:35] WARNING: - 31 total trust relationships
[2025-06-14 17:57:33] WARNING: === Starting Twitter Trust System Collection ===
[2025-06-14 17:57:33] WARNING: Will collect tweets until reaching previous timestamp: 2025-05-12 06:54:05+00:00
[2025-06-14 17:57:33] WARNING: Retrieving page 1...
[2025-06-14 17:57:35] WARNING: Newest tweet is from: 2025-05-12 06:54:05+00:00
[2025-06-14 17:57:35] WARNING: Reached stop point at tweet from 2025-05-12 06:54:05+00:00
[2025-06-14 17:57:35] WARNING: Retrieved 0 new tweets on page 1
[2025-06-14 17:57:35] WARNING: Stopping pagination as we've reached the stop point
[2025-06-14 17:57:35] WARNING: Retrieved a total of 0 tweets across 1 pages
[2025-06-14 17:57:35] WARNING: No new tweets found with trust commands. Exiting without error.
[2025-06-14 17:57:35] WARNING: Collection complete!
[2025-06-14 17:57:35] WARNING: - 0 trust assignments processed
[2025-06-14 17:57:35] WARNING: - 2 users in trust network
[2025-06-14 17:57:35] WARNING: - 31 total trust relationships
[2025-06-14 18:07:33] WARNING: === Starting Twitter Trust System Collection ===
[2025-06-14 18:07:33] WARNING: Will collect tweets until reaching previous timestamp: 2025-05-12 06:54:05+00:00
[2025-06-14 18:07:33] WARNING: Retrieving page 1...
[2025-06-14 18:07:35] WARNING: Newest tweet is from: 2025-05-12 06:54:05+00:00
[2025-06-14 18:07:35] WARNING: Reached stop point at tweet from 2025-05-12 06:54:05+00:00
[2025-06-14 18:07:35] WARNING: Retrieved 0 new tweets on page 1
[2025-06-14 18:07:35] WARNING: Stopping pagination as we've reached the stop point
[2025-06-14 18:07:35] WARNING: Retrieved a total of 0 tweets across 1 pages
[2025-06-14 18:07:35] WARNING: No new tweets found with trust commands. Exiting without error.
[2025-06-14 18:07:35] WARNING: Collection complete!
[2025-06-14 18:07:35] WARNING: - 0 trust assignments processed
[2025-06-14 18:07:35] WARNING: - 2 users in trust network
[2025-06-14 18:07:35] WARNING: - 31 total trust relationships
[2025-06-14 18:17:33] WARNING: === Starting Twitter Trust System Collection ===
[2025-06-14 18:17:33] WARNING: Will collect tweets until reaching previous timestamp: 2025-05-12 06:54:05+00:00
[2025-06-14 18:17:33] WARNING: Retrieving page 1...
[2025-06-14 18:17:35] WARNING: Newest tweet is from: 2025-05-12 06:54:05+00:00
[2025-06-14 18:17:35] WARNING: Reached stop point at tweet from 2025-05-12 06:54:05+00:00
[2025-06-14 18:17:35] WARNING: Retrieved 0 new tweets on page 1
[2025-06-14 18:17:35] WARNING: Stopping pagination as we've reached the stop point
[2025-06-14 18:17:35] WARNING: Retrieved a total of 0 tweets across 1 pages
[2025-06-14 18:17:35] WARNING: No new tweets found with trust commands. Exiting without error.
[2025-06-14 18:17:35] WARNING: Collection complete!
[2025-06-14 18:17:35] WARNING: - 0 trust assignments processed
[2025-06-14 18:17:35] WARNING: - 2 users in trust network
[2025-06-14 18:17:35] WARNING: - 31 total trust relationships
[2025-06-14 18:27:33] WARNING: === Starting Twitter Trust System Collection ===
[2025-06-14 18:27:33] WARNING: Will collect tweets until reaching previous timestamp: 2025-05-12 06:54:05+00:00
[2025-06-14 18:27:33] WARNING: Retrieving page 1...
[2025-06-14 18:27:35] WARNING: Newest tweet is from: 2025-05-12 06:54:05+00:00
[2025-06-14 18:27:35] WARNING: Reached stop point at tweet from 2025-05-12 06:54:05+00:00
[2025-06-14 18:27:35] WARNING: Retrieved 0 new tweets on page 1
[2025-06-14 18:27:35] WARNING: Stopping pagination as we've reached the stop point
[2025-06-14 18:27:35] WARNING: Retrieved a total of 0 tweets across 1 pages
[2025-06-14 18:27:35] WARNING: No new tweets found with trust commands. Exiting without error.
[2025-06-14 18:27:35] WARNING: Collection complete!
[2025-06-14 18:27:35] WARNING: - 0 trust assignments processed
[2025-06-14 18:27:35] WARNING: - 2 users in trust network
[2025-06-14 18:27:35] WARNING: - 31 total trust relationships
[2025-06-14 18:37:33] WARNING: === Starting Twitter Trust System Collection ===
[2025-06-14 18:37:33] WARNING: Will collect tweets until reaching previous timestamp: 2025-05-12 06:54:05+00:00
[2025-06-14 18:37:33] WARNING: Retrieving page 1...
[2025-06-14 18:37:35] WARNING: Newest tweet is from: 2025-05-12 06:54:05+00:00
[2025-06-14 18:37:35] WARNING: Reached stop point at tweet from 2025-05-12 06:54:05+00:00
[2025-06-14 18:37:35] WARNING: Retrieved 0 new tweets on page 1
[2025-06-14 18:37:35] WARNING: Stopping pagination as we've reached the stop point
[2025-06-14 18:37:35] WARNING: Retrieved a total of 0 tweets across 1 pages
[2025-06-14 18:37:35] WARNING: No new tweets found with trust commands. Exiting without error.
[2025-06-14 18:37:35] WARNING: Collection complete!
[2025-06-14 18:37:35] WARNING: - 0 trust assignments processed
[2025-06-14 18:37:35] WARNING: - 2 users in trust network
[2025-06-14 18:37:35] WARNING: - 31 total trust relationships
[2025-06-14 18:47:33] WARNING: === Starting Twitter Trust System Collection ===
[2025-06-14 18:47:33] WARNING: Will collect tweets until reaching previous timestamp: 2025-05-12 06:54:05+00:00
[2025-06-14 18:47:33] WARNING: Retrieving page 1...
[2025-06-14 18:47:38] WARNING: Newest tweet is from: 2025-05-12 06:54:05+00:00
[2025-06-14 18:47:38] WARNING: Reached stop point at tweet from 2025-05-12 06:54:05+00:00
[2025-06-14 18:47:38] WARNING: Retrieved 0 new tweets on page 1
[2025-06-14 18:47:38] WARNING: Stopping pagination as we've reached the stop point
[2025-06-14 18:47:38] WARNING: Retrieved a total of 0 tweets across 1 pages
[2025-06-14 18:47:38] WARNING: No new tweets found with trust commands. Exiting without error.
[2025-06-14 18:47:38] WARNING: Collection complete!
[2025-06-14 18:47:38] WARNING: - 0 trust assignments processed
[2025-06-14 18:47:38] WARNING: - 2 users in trust network
[2025-06-14 18:47:38] WARNING: - 31 total trust relationships
[2025-06-14 18:57:33] WARNING: === Starting Twitter Trust System Collection ===
[2025-06-14 18:57:33] WARNING: Will collect tweets until reaching previous timestamp: 2025-05-12 06:54:05+00:00
[2025-06-14 18:57:33] WARNING: Retrieving page 1...
[2025-06-14 18:57:35] WARNING: Newest tweet is from: 2025-05-12 06:54:05+00:00
[2025-06-14 18:57:35] WARNING: Reached stop point at tweet from 2025-05-12 06:54:05+00:00
[2025-06-14 18:57:35] WARNING: Retrieved 0 new tweets on page 1
[2025-06-14 18:57:35] WARNING: Stopping pagination as we've reached the stop point
[2025-06-14 18:57:35] WARNING: Retrieved a total of 0 tweets across 1 pages
[2025-06-14 18:57:35] WARNING: No new tweets found with trust commands. Exiting without error.
[2025-06-14 18:57:35] WARNING: Collection complete!
[2025-06-14 18:57:35] WARNING: - 0 trust assignments processed
[2025-06-14 18:57:35] WARNING: - 2 users in trust network
[2025-06-14 18:57:35] WARNING: - 31 total trust relationships
[2025-06-14 19:07:33] WARNING: === Starting Twitter Trust System Collection ===
[2025-06-14 19:07:33] WARNING: Will collect tweets until reaching previous timestamp: 2025-05-12 06:54:05+00:00
[2025-06-14 19:07:33] WARNING: Retrieving page 1...
[2025-06-14 19:07:34] WARNING: Newest tweet is from: 2025-05-12 06:54:05+00:00
[2025-06-14 19:07:34] WARNING: Reached stop point at tweet from 2025-05-12 06:54:05+00:00
[2025-06-14 19:07:34] WARNING: Retrieved 0 new tweets on page 1
[2025-06-14 19:07:34] WARNING: Stopping pagination as we've reached the stop point
[2025-06-14 19:07:34] WARNING: Retrieved a total of 0 tweets across 1 pages
[2025-06-14 19:07:34] WARNING: No new tweets found with trust commands. Exiting without error.
[2025-06-14 19:07:34] WARNING: Collection complete!
[2025-06-14 19:07:34] WARNING: - 0 trust assignments processed
[2025-06-14 19:07:34] WARNING: - 2 users in trust network
[2025-06-14 19:07:34] WARNING: - 31 total trust relationships
[2025-06-14 19:17:33] WARNING: === Starting Twitter Trust System Collection ===
[2025-06-14 19:17:33] WARNING: Will collect tweets until reaching previous timestamp: 2025-05-12 06:54:05+00:00
[2025-06-14 19:17:33] WARNING: Retrieving page 1...
[2025-06-14 19:17:35] WARNING: Newest tweet is from: 2025-05-12 06:54:05+00:00
[2025-06-14 19:17:35] WARNING: Reached stop point at tweet from 2025-05-12 06:54:05+00:00
[2025-06-14 19:17:35] WARNING: Retrieved 0 new tweets on page 1
[2025-06-14 19:17:35] WARNING: Stopping pagination as we've reached the stop point
[2025-06-14 19:17:35] WARNING: Retrieved a total of 0 tweets across 1 pages
[2025-06-14 19:17:35] WARNING: No new tweets found with trust commands. Exiting without error.
[2025-06-14 19:17:35] WARNING: Collection complete!
[2025-06-14 19:17:35] WARNING: - 0 trust assignments processed
[2025-06-14 19:17:35] WARNING: - 2 users in trust network
[2025-06-14 19:17:35] WARNING: - 31 total trust relationships
