[2025-05-19 20:57:35] WARNING: Reached stop point at tweet from 2025-05-12 06:54:05+00:00
[2025-05-19 20:57:35] WARNING: Retrieved 0 new tweets on page 1
[2025-05-19 20:57:35] WARNING: Stopping pagination as we've reached the stop point
[2025-05-19 20:57:35] WARNING: Retrieved a total of 0 tweets across 1 pages
[2025-05-19 20:57:35] WARNING: No new tweets found with trust commands. Exiting without error.
[2025-05-19 20:57:35] WARNING: Collection complete!
[2025-05-19 20:57:35] WARNING: - 0 trust assignments processed
[2025-05-19 20:57:35] WARNING: - 2 users in trust network
[2025-05-19 20:57:35] WARNING: - 31 total trust relationships
[2025-05-19 21:07:33] WARNING: === Starting Twitter Trust System Collection ===
[2025-05-19 21:07:33] WARNING: Will collect tweets until reaching previous timestamp: 2025-05-12 06:54:05+00:00
[2025-05-19 21:07:33] WARNING: Retrieving page 1...
[2025-05-19 21:07:36] WARNING: Newest tweet is from: 2025-05-12 06:54:05+00:00
[2025-05-19 21:07:36] WARNING: Reached stop point at tweet from 2025-05-12 06:54:05+00:00
[2025-05-19 21:07:36] WARNING: Retrieved 0 new tweets on page 1
[2025-05-19 21:07:36] WARNING: Stopping pagination as we've reached the stop point
[2025-05-19 21:07:36] WARNING: Retrieved a total of 0 tweets across 1 pages
[2025-05-19 21:07:36] WARNING: No new tweets found with trust commands. Exiting without error.
[2025-05-19 21:07:36] WARNING: Collection complete!
[2025-05-19 21:07:36] WARNING: - 0 trust assignments processed
[2025-05-19 21:07:36] WARNING: - 2 users in trust network
[2025-05-19 21:07:36] WARNING: - 31 total trust relationships
[2025-05-19 23:54:23] WARNING: === Starting Twitter Trust System Collection ===
[2025-05-19 23:54:23] WARNING: Will collect tweets until reaching previous timestamp: 2025-05-12 06:54:05+00:00
[2025-05-19 23:54:23] WARNING: Retrieving page 1...
[2025-05-19 23:54:24] WARNING: Newest tweet is from: 2025-05-12 06:54:05+00:00
[2025-05-19 23:54:24] WARNING: Reached stop point at tweet from 2025-05-12 06:54:05+00:00
[2025-05-19 23:54:24] WARNING: Retrieved 0 new tweets on page 1
[2025-05-19 23:54:24] WARNING: Stopping pagination as we've reached the stop point
[2025-05-19 23:54:24] WARNING: Retrieved a total of 0 tweets across 1 pages
[2025-05-19 23:54:24] WARNING: No new tweets found with trust commands. Exiting without error.
[2025-05-19 23:54:24] WARNING: Collection complete!
[2025-05-19 23:54:24] WARNING: - 0 trust assignments processed
[2025-05-19 23:54:24] WARNING: - 2 users in trust network
[2025-05-19 23:54:24] WARNING: - 31 total trust relationships
[2025-05-19 23:57:33] WARNING: === Starting Twitter Trust System Collection ===
[2025-05-19 23:57:33] WARNING: Will collect tweets until reaching previous timestamp: 2025-05-12 06:54:05+00:00
[2025-05-19 23:57:33] WARNING: Retrieving page 1...
[2025-05-19 23:57:34] WARNING: Newest tweet is from: 2025-05-12 06:54:05+00:00
[2025-05-19 23:57:34] WARNING: Reached stop point at tweet from 2025-05-12 06:54:05+00:00
[2025-05-19 23:57:34] WARNING: Retrieved 0 new tweets on page 1
[2025-05-19 23:57:34] WARNING: Stopping pagination as we've reached the stop point
[2025-05-19 23:57:34] WARNING: Retrieved a total of 0 tweets across 1 pages
[2025-05-19 23:57:34] WARNING: No new tweets found with trust commands. Exiting without error.
[2025-05-19 23:57:34] WARNING: Collection complete!
[2025-05-19 23:57:34] WARNING: - 0 trust assignments processed
[2025-05-19 23:57:34] WARNING: - 2 users in trust network
[2025-05-19 23:57:34] WARNING: - 31 total trust relationships
[2025-05-20 00:07:35] WARNING: === Starting Twitter Trust System Collection ===
[2025-05-20 00:07:35] WARNING: Will collect tweets until reaching previous timestamp: 2025-05-12 06:54:05+00:00
[2025-05-20 00:07:35] WARNING: Retrieving page 1...
[2025-05-20 00:07:37] WARNING: Newest tweet is from: 2025-05-12 06:54:05+00:00
[2025-05-20 00:07:37] WARNING: Reached stop point at tweet from 2025-05-12 06:54:05+00:00
[2025-05-20 00:07:37] WARNING: Retrieved 0 new tweets on page 1
[2025-05-20 00:07:37] WARNING: Stopping pagination as we've reached the stop point
[2025-05-20 00:07:37] WARNING: Retrieved a total of 0 tweets across 1 pages
[2025-05-20 00:07:37] WARNING: No new tweets found with trust commands. Exiting without error.
[2025-05-20 00:07:37] WARNING: Collection complete!
[2025-05-20 00:07:37] WARNING: - 0 trust assignments processed
[2025-05-20 00:07:37] WARNING: - 2 users in trust network
[2025-05-20 00:07:37] WARNING: - 31 total trust relationships
[2025-05-20 00:17:33] WARNING: === Starting Twitter Trust System Collection ===
[2025-05-20 00:17:33] WARNING: Will collect tweets until reaching previous timestamp: 2025-05-12 06:54:05+00:00
[2025-05-20 00:17:33] WARNING: Retrieving page 1...
[2025-05-20 00:17:36] WARNING: Newest tweet is from: 2025-05-12 06:54:05+00:00
[2025-05-20 00:17:36] WARNING: Reached stop point at tweet from 2025-05-12 06:54:05+00:00
[2025-05-20 00:17:36] WARNING: Retrieved 0 new tweets on page 1
[2025-05-20 00:17:36] WARNING: Stopping pagination as we've reached the stop point
[2025-05-20 00:17:36] WARNING: Retrieved a total of 0 tweets across 1 pages
[2025-05-20 00:17:36] WARNING: No new tweets found with trust commands. Exiting without error.
[2025-05-20 00:17:36] WARNING: Collection complete!
[2025-05-20 00:17:36] WARNING: - 0 trust assignments processed
[2025-05-20 00:17:36] WARNING: - 2 users in trust network
[2025-05-20 00:17:36] WARNING: - 31 total trust relationships
[2025-05-20 00:27:33] WARNING: === Starting Twitter Trust System Collection ===
[2025-05-20 00:27:33] WARNING: Will collect tweets until reaching previous timestamp: 2025-05-12 06:54:05+00:00
[2025-05-20 00:27:33] WARNING: Retrieving page 1...
[2025-05-20 00:27:35] WARNING: Newest tweet is from: 2025-05-12 06:54:05+00:00
[2025-05-20 00:27:35] WARNING: Reached stop point at tweet from 2025-05-12 06:54:05+00:00
[2025-05-20 00:27:35] WARNING: Retrieved 0 new tweets on page 1
[2025-05-20 00:27:35] WARNING: Stopping pagination as we've reached the stop point
[2025-05-20 00:27:35] WARNING: Retrieved a total of 0 tweets across 1 pages
[2025-05-20 00:27:35] WARNING: No new tweets found with trust commands. Exiting without error.
[2025-05-20 00:27:35] WARNING: Collection complete!
[2025-05-20 00:27:35] WARNING: - 0 trust assignments processed
[2025-05-20 00:27:35] WARNING: - 2 users in trust network
[2025-05-20 00:27:35] WARNING: - 31 total trust relationships
[2025-05-20 00:37:33] WARNING: === Starting Twitter Trust System Collection ===
[2025-05-20 00:37:33] WARNING: Will collect tweets until reaching previous timestamp: 2025-05-12 06:54:05+00:00
[2025-05-20 00:37:33] WARNING: Retrieving page 1...
[2025-05-20 00:37:35] WARNING: Newest tweet is from: 2025-05-12 06:54:05+00:00
[2025-05-20 00:37:35] WARNING: Reached stop point at tweet from 2025-05-12 06:54:05+00:00
[2025-05-20 00:37:35] WARNING: Retrieved 0 new tweets on page 1
[2025-05-20 00:37:35] WARNING: Stopping pagination as we've reached the stop point
[2025-05-20 00:37:35] WARNING: Retrieved a total of 0 tweets across 1 pages
[2025-05-20 00:37:35] WARNING: No new tweets found with trust commands. Exiting without error.
[2025-05-20 00:37:35] WARNING: Collection complete!
[2025-05-20 00:37:35] WARNING: - 0 trust assignments processed
[2025-05-20 00:37:35] WARNING: - 2 users in trust network
[2025-05-20 00:37:35] WARNING: - 31 total trust relationships
[2025-05-20 00:47:33] WARNING: === Starting Twitter Trust System Collection ===
[2025-05-20 00:47:33] WARNING: Will collect tweets until reaching previous timestamp: 2025-05-12 06:54:05+00:00
[2025-05-20 00:47:33] WARNING: Retrieving page 1...
[2025-05-20 00:47:35] WARNING: Newest tweet is from: 2025-05-12 06:54:05+00:00
[2025-05-20 00:47:35] WARNING: Reached stop point at tweet from 2025-05-12 06:54:05+00:00
[2025-05-20 00:47:35] WARNING: Retrieved 0 new tweets on page 1
[2025-05-20 00:47:35] WARNING: Stopping pagination as we've reached the stop point
[2025-05-20 00:47:35] WARNING: Retrieved a total of 0 tweets across 1 pages
[2025-05-20 00:47:35] WARNING: No new tweets found with trust commands. Exiting without error.
[2025-05-20 00:47:35] WARNING: Collection complete!
[2025-05-20 00:47:35] WARNING: - 0 trust assignments processed
[2025-05-20 00:47:35] WARNING: - 2 users in trust network
[2025-05-20 00:47:35] WARNING: - 31 total trust relationships
[2025-05-20 00:57:33] WARNING: === Starting Twitter Trust System Collection ===
[2025-05-20 00:57:33] WARNING: Will collect tweets until reaching previous timestamp: 2025-05-12 06:54:05+00:00
[2025-05-20 00:57:33] WARNING: Retrieving page 1...
[2025-05-20 00:57:36] WARNING: Newest tweet is from: 2025-05-12 06:54:05+00:00
[2025-05-20 00:57:36] WARNING: Reached stop point at tweet from 2025-05-12 06:54:05+00:00
[2025-05-20 00:57:36] WARNING: Retrieved 0 new tweets on page 1
[2025-05-20 00:57:36] WARNING: Stopping pagination as we've reached the stop point
[2025-05-20 00:57:36] WARNING: Retrieved a total of 0 tweets across 1 pages
[2025-05-20 00:57:36] WARNING: No new tweets found with trust commands. Exiting without error.
[2025-05-20 00:57:36] WARNING: Collection complete!
[2025-05-20 00:57:36] WARNING: - 0 trust assignments processed
[2025-05-20 00:57:36] WARNING: - 2 users in trust network
[2025-05-20 00:57:36] WARNING: - 31 total trust relationships
[2025-05-20 01:07:33] WARNING: === Starting Twitter Trust System Collection ===
[2025-05-20 01:07:33] WARNING: Will collect tweets until reaching previous timestamp: 2025-05-12 06:54:05+00:00
[2025-05-20 01:07:33] WARNING: Retrieving page 1...
[2025-05-20 01:07:35] WARNING: Newest tweet is from: 2025-05-12 06:54:05+00:00
[2025-05-20 01:07:35] WARNING: Reached stop point at tweet from 2025-05-12 06:54:05+00:00
[2025-05-20 01:07:35] WARNING: Retrieved 0 new tweets on page 1
[2025-05-20 01:07:35] WARNING: Stopping pagination as we've reached the stop point
[2025-05-20 01:07:35] WARNING: Retrieved a total of 0 tweets across 1 pages
[2025-05-20 01:07:35] WARNING: No new tweets found with trust commands. Exiting without error.
[2025-05-20 01:07:35] WARNING: Collection complete!
[2025-05-20 01:07:35] WARNING: - 0 trust assignments processed
[2025-05-20 01:07:35] WARNING: - 2 users in trust network
[2025-05-20 01:07:35] WARNING: - 31 total trust relationships
[2025-05-20 01:17:33] WARNING: === Starting Twitter Trust System Collection ===
[2025-05-20 01:17:33] WARNING: Will collect tweets until reaching previous timestamp: 2025-05-12 06:54:05+00:00
[2025-05-20 01:17:33] WARNING: Retrieving page 1...
[2025-05-20 01:17:35] WARNING: Newest tweet is from: 2025-05-12 06:54:05+00:00
[2025-05-20 01:17:35] WARNING: Reached stop point at tweet from 2025-05-12 06:54:05+00:00
[2025-05-20 01:17:35] WARNING: Retrieved 0 new tweets on page 1
[2025-05-20 01:17:35] WARNING: Stopping pagination as we've reached the stop point
[2025-05-20 01:17:35] WARNING: Retrieved a total of 0 tweets across 1 pages
[2025-05-20 01:17:35] WARNING: No new tweets found with trust commands. Exiting without error.
[2025-05-20 01:17:35] WARNING: Collection complete!
[2025-05-20 01:17:35] WARNING: - 0 trust assignments processed
[2025-05-20 01:17:35] WARNING: - 2 users in trust network
[2025-05-20 01:17:35] WARNING: - 31 total trust relationships
[2025-05-20 01:27:33] WARNING: === Starting Twitter Trust System Collection ===
[2025-05-20 01:27:33] WARNING: Will collect tweets until reaching previous timestamp: 2025-05-12 06:54:05+00:00
[2025-05-20 01:27:33] WARNING: Retrieving page 1...
[2025-05-20 01:27:35] WARNING: Newest tweet is from: 2025-05-12 06:54:05+00:00
[2025-05-20 01:27:35] WARNING: Reached stop point at tweet from 2025-05-12 06:54:05+00:00
[2025-05-20 01:27:35] WARNING: Retrieved 0 new tweets on page 1
[2025-05-20 01:27:35] WARNING: Stopping pagination as we've reached the stop point
[2025-05-20 01:27:35] WARNING: Retrieved a total of 0 tweets across 1 pages
[2025-05-20 01:27:35] WARNING: No new tweets found with trust commands. Exiting without error.
[2025-05-20 01:27:35] WARNING: Collection complete!
[2025-05-20 01:27:35] WARNING: - 0 trust assignments processed
[2025-05-20 01:27:35] WARNING: - 2 users in trust network
[2025-05-20 01:27:35] WARNING: - 31 total trust relationships
[2025-05-20 01:37:33] WARNING: === Starting Twitter Trust System Collection ===
[2025-05-20 01:37:33] WARNING: Will collect tweets until reaching previous timestamp: 2025-05-12 06:54:05+00:00
[2025-05-20 01:37:33] WARNING: Retrieving page 1...
[2025-05-20 01:37:36] WARNING: Newest tweet is from: 2025-05-12 06:54:05+00:00
[2025-05-20 01:37:36] WARNING: Reached stop point at tweet from 2025-05-12 06:54:05+00:00
[2025-05-20 01:37:36] WARNING: Retrieved 0 new tweets on page 1
[2025-05-20 01:37:36] WARNING: Stopping pagination as we've reached the stop point
[2025-05-20 01:37:36] WARNING: Retrieved a total of 0 tweets across 1 pages
[2025-05-20 01:37:36] WARNING: No new tweets found with trust commands. Exiting without error.
[2025-05-20 01:37:36] WARNING: Collection complete!
[2025-05-20 01:37:36] WARNING: - 0 trust assignments processed
[2025-05-20 01:37:36] WARNING: - 2 users in trust network
[2025-05-20 01:37:36] WARNING: - 31 total trust relationships
[2025-05-20 01:47:33] WARNING: === Starting Twitter Trust System Collection ===
[2025-05-20 01:47:33] WARNING: Will collect tweets until reaching previous timestamp: 2025-05-12 06:54:05+00:00
[2025-05-20 01:47:33] WARNING: Retrieving page 1...
[2025-05-20 01:47:34] WARNING: Newest tweet is from: 2025-05-12 06:54:05+00:00
[2025-05-20 01:47:34] WARNING: Reached stop point at tweet from 2025-05-12 06:54:05+00:00
[2025-05-20 01:47:34] WARNING: Retrieved 0 new tweets on page 1
[2025-05-20 01:47:34] WARNING: Stopping pagination as we've reached the stop point
[2025-05-20 01:47:34] WARNING: Retrieved a total of 0 tweets across 1 pages
[2025-05-20 01:47:34] WARNING: No new tweets found with trust commands. Exiting without error.
[2025-05-20 01:47:34] WARNING: Collection complete!
[2025-05-20 01:47:34] WARNING: - 0 trust assignments processed
[2025-05-20 01:47:34] WARNING: - 2 users in trust network
[2025-05-20 01:47:34] WARNING: - 31 total trust relationships
[2025-05-20 01:57:33] WARNING: === Starting Twitter Trust System Collection ===
[2025-05-20 01:57:33] WARNING: Will collect tweets until reaching previous timestamp: 2025-05-12 06:54:05+00:00
[2025-05-20 01:57:33] WARNING: Retrieving page 1...
[2025-05-20 01:57:35] WARNING: Newest tweet is from: 2025-05-12 06:54:05+00:00
[2025-05-20 01:57:35] WARNING: Reached stop point at tweet from 2025-05-12 06:54:05+00:00
[2025-05-20 01:57:35] WARNING: Retrieved 0 new tweets on page 1
[2025-05-20 01:57:35] WARNING: Stopping pagination as we've reached the stop point
[2025-05-20 01:57:35] WARNING: Retrieved a total of 0 tweets across 1 pages
[2025-05-20 01:57:35] WARNING: No new tweets found with trust commands. Exiting without error.
[2025-05-20 01:57:35] WARNING: Collection complete!
[2025-05-20 01:57:35] WARNING: - 0 trust assignments processed
[2025-05-20 01:57:35] WARNING: - 2 users in trust network
[2025-05-20 01:57:35] WARNING: - 31 total trust relationships
[2025-05-20 02:07:33] WARNING: === Starting Twitter Trust System Collection ===
[2025-05-20 02:07:33] WARNING: Will collect tweets until reaching previous timestamp: 2025-05-12 06:54:05+00:00
[2025-05-20 02:07:33] WARNING: Retrieving page 1...
[2025-05-20 02:07:35] WARNING: Newest tweet is from: 2025-05-12 06:54:05+00:00
[2025-05-20 02:07:35] WARNING: Reached stop point at tweet from 2025-05-12 06:54:05+00:00
[2025-05-20 02:07:35] WARNING: Retrieved 0 new tweets on page 1
[2025-05-20 02:07:35] WARNING: Stopping pagination as we've reached the stop point
[2025-05-20 02:07:35] WARNING: Retrieved a total of 0 tweets across 1 pages
[2025-05-20 02:07:35] WARNING: No new tweets found with trust commands. Exiting without error.
[2025-05-20 02:07:35] WARNING: Collection complete!
[2025-05-20 02:07:35] WARNING: - 0 trust assignments processed
[2025-05-20 02:07:35] WARNING: - 2 users in trust network
[2025-05-20 02:07:35] WARNING: - 31 total trust relationships
[2025-05-20 02:17:34] WARNING: === Starting Twitter Trust System Collection ===
[2025-05-20 02:17:34] WARNING: Will collect tweets until reaching previous timestamp: 2025-05-12 06:54:05+00:00
[2025-05-20 02:17:34] WARNING: Retrieving page 1...
[2025-05-20 02:17:36] WARNING: Newest tweet is from: 2025-05-12 06:54:05+00:00
[2025-05-20 02:17:36] WARNING: Reached stop point at tweet from 2025-05-12 06:54:05+00:00
[2025-05-20 02:17:36] WARNING: Retrieved 0 new tweets on page 1
[2025-05-20 02:17:36] WARNING: Stopping pagination as we've reached the stop point
[2025-05-20 02:17:36] WARNING: Retrieved a total of 0 tweets across 1 pages
[2025-05-20 02:17:36] WARNING: No new tweets found with trust commands. Exiting without error.
[2025-05-20 02:17:36] WARNING: Collection complete!
[2025-05-20 02:17:36] WARNING: - 0 trust assignments processed
[2025-05-20 02:17:36] WARNING: - 2 users in trust network
[2025-05-20 02:17:36] WARNING: - 31 total trust relationships
[2025-05-20 02:27:34] WARNING: === Starting Twitter Trust System Collection ===
[2025-05-20 02:27:34] WARNING: Will collect tweets until reaching previous timestamp: 2025-05-12 06:54:05+00:00
[2025-05-20 02:27:34] WARNING: Retrieving page 1...
[2025-05-20 02:27:35] WARNING: Newest tweet is from: 2025-05-12 06:54:05+00:00
[2025-05-20 02:27:35] WARNING: Reached stop point at tweet from 2025-05-12 06:54:05+00:00
[2025-05-20 02:27:35] WARNING: Retrieved 0 new tweets on page 1
[2025-05-20 02:27:35] WARNING: Stopping pagination as we've reached the stop point
[2025-05-20 02:27:35] WARNING: Retrieved a total of 0 tweets across 1 pages
[2025-05-20 02:27:35] WARNING: No new tweets found with trust commands. Exiting without error.
[2025-05-20 02:27:35] WARNING: Collection complete!
[2025-05-20 02:27:35] WARNING: - 0 trust assignments processed
[2025-05-20 02:27:35] WARNING: - 2 users in trust network
[2025-05-20 02:27:35] WARNING: - 31 total trust relationships
[2025-05-20 02:37:33] WARNING: === Starting Twitter Trust System Collection ===
[2025-05-20 02:37:33] WARNING: Will collect tweets until reaching previous timestamp: 2025-05-12 06:54:05+00:00
[2025-05-20 02:37:33] WARNING: Retrieving page 1...
[2025-05-20 02:37:34] WARNING: Newest tweet is from: 2025-05-12 06:54:05+00:00
[2025-05-20 02:37:34] WARNING: Reached stop point at tweet from 2025-05-12 06:54:05+00:00
[2025-05-20 02:37:34] WARNING: Retrieved 0 new tweets on page 1
[2025-05-20 02:37:34] WARNING: Stopping pagination as we've reached the stop point
[2025-05-20 02:37:34] WARNING: Retrieved a total of 0 tweets across 1 pages
[2025-05-20 02:37:34] WARNING: No new tweets found with trust commands. Exiting without error.
[2025-05-20 02:37:34] WARNING: Collection complete!
[2025-05-20 02:37:34] WARNING: - 0 trust assignments processed
[2025-05-20 02:37:34] WARNING: - 2 users in trust network
[2025-05-20 02:37:34] WARNING: - 31 total trust relationships
[2025-05-20 02:47:33] WARNING: === Starting Twitter Trust System Collection ===
[2025-05-20 02:47:33] WARNING: Will collect tweets until reaching previous timestamp: 2025-05-12 06:54:05+00:00
[2025-05-20 02:47:33] WARNING: Retrieving page 1...
[2025-05-20 02:47:35] WARNING: Newest tweet is from: 2025-05-12 06:54:05+00:00
[2025-05-20 02:47:35] WARNING: Reached stop point at tweet from 2025-05-12 06:54:05+00:00
[2025-05-20 02:47:35] WARNING: Retrieved 0 new tweets on page 1
[2025-05-20 02:47:35] WARNING: Stopping pagination as we've reached the stop point
[2025-05-20 02:47:35] WARNING: Retrieved a total of 0 tweets across 1 pages
[2025-05-20 02:47:35] WARNING: No new tweets found with trust commands. Exiting without error.
[2025-05-20 02:47:35] WARNING: Collection complete!
[2025-05-20 02:47:35] WARNING: - 0 trust assignments processed
[2025-05-20 02:47:35] WARNING: - 2 users in trust network
[2025-05-20 02:47:35] WARNING: - 31 total trust relationships
[2025-05-20 02:57:33] WARNING: === Starting Twitter Trust System Collection ===
[2025-05-20 02:57:33] WARNING: Will collect tweets until reaching previous timestamp: 2025-05-12 06:54:05+00:00
[2025-05-20 02:57:33] WARNING: Retrieving page 1...
[2025-05-20 02:57:35] WARNING: Newest tweet is from: 2025-05-12 06:54:05+00:00
[2025-05-20 02:57:35] WARNING: Reached stop point at tweet from 2025-05-12 06:54:05+00:00
[2025-05-20 02:57:35] WARNING: Retrieved 0 new tweets on page 1
[2025-05-20 02:57:35] WARNING: Stopping pagination as we've reached the stop point
[2025-05-20 02:57:35] WARNING: Retrieved a total of 0 tweets across 1 pages
[2025-05-20 02:57:35] WARNING: No new tweets found with trust commands. Exiting without error.
[2025-05-20 02:57:35] WARNING: Collection complete!
[2025-05-20 02:57:35] WARNING: - 0 trust assignments processed
[2025-05-20 02:57:35] WARNING: - 2 users in trust network
[2025-05-20 02:57:35] WARNING: - 31 total trust relationships
[2025-05-20 03:07:33] WARNING: === Starting Twitter Trust System Collection ===
[2025-05-20 03:07:33] WARNING: Will collect tweets until reaching previous timestamp: 2025-05-12 06:54:05+00:00
[2025-05-20 03:07:33] WARNING: Retrieving page 1...
[2025-05-20 03:07:34] WARNING: Newest tweet is from: 2025-05-12 06:54:05+00:00
[2025-05-20 03:07:34] WARNING: Reached stop point at tweet from 2025-05-12 06:54:05+00:00
[2025-05-20 03:07:34] WARNING: Retrieved 0 new tweets on page 1
[2025-05-20 03:07:34] WARNING: Stopping pagination as we've reached the stop point
[2025-05-20 03:07:34] WARNING: Retrieved a total of 0 tweets across 1 pages
[2025-05-20 03:07:34] WARNING: No new tweets found with trust commands. Exiting without error.
[2025-05-20 03:07:34] WARNING: Collection complete!
[2025-05-20 03:07:34] WARNING: - 0 trust assignments processed
[2025-05-20 03:07:34] WARNING: - 2 users in trust network
[2025-05-20 03:07:34] WARNING: - 31 total trust relationships
[2025-05-20 03:17:33] WARNING: === Starting Twitter Trust System Collection ===
[2025-05-20 03:17:33] WARNING: Will collect tweets until reaching previous timestamp: 2025-05-12 06:54:05+00:00
[2025-05-20 03:17:33] WARNING: Retrieving page 1...
[2025-05-20 03:17:35] WARNING: Newest tweet is from: 2025-05-12 06:54:05+00:00
[2025-05-20 03:17:35] WARNING: Reached stop point at tweet from 2025-05-12 06:54:05+00:00
[2025-05-20 03:17:35] WARNING: Retrieved 0 new tweets on page 1
[2025-05-20 03:17:35] WARNING: Stopping pagination as we've reached the stop point
[2025-05-20 03:17:35] WARNING: Retrieved a total of 0 tweets across 1 pages
[2025-05-20 03:17:35] WARNING: No new tweets found with trust commands. Exiting without error.
[2025-05-20 03:17:35] WARNING: Collection complete!
[2025-05-20 03:17:35] WARNING: - 0 trust assignments processed
[2025-05-20 03:17:35] WARNING: - 2 users in trust network
[2025-05-20 03:17:35] WARNING: - 31 total trust relationships
