[2025-05-15 10:17:35] WARNING: Newest tweet is from: 2025-05-12 06:54:05+00:00
[2025-05-15 10:17:35] WARNING: Reached stop point at tweet from 2025-05-12 06:54:05+00:00
[2025-05-15 10:17:35] WARNING: Retrieved 0 new tweets on page 1
[2025-05-15 10:17:35] WARNING: Stopping pagination as we've reached the stop point
[2025-05-15 10:17:35] WARNING: Retrieved a total of 0 tweets across 1 pages
[2025-05-15 10:17:35] WARNING: No new tweets found with trust commands. Exiting without error.
[2025-05-15 10:17:35] WARNING: Collection complete!
[2025-05-15 10:17:35] WARNING: - 0 trust assignments processed
[2025-05-15 10:17:35] WARNING: - 2 users in trust network
[2025-05-15 10:17:35] WARNING: - 31 total trust relationships
[2025-05-15 10:27:33] WARNING: === Starting Twitter Trust System Collection ===
[2025-05-15 10:27:33] WARNING: Will collect tweets until reaching previous timestamp: 2025-05-12 06:54:05+00:00
[2025-05-15 10:27:33] WARNING: Retrieving page 1...
[2025-05-15 10:27:35] WARNING: Newest tweet is from: 2025-05-12 06:54:05+00:00
[2025-05-15 10:27:35] WARNING: Reached stop point at tweet from 2025-05-12 06:54:05+00:00
[2025-05-15 10:27:35] WARNING: Retrieved 0 new tweets on page 1
[2025-05-15 10:27:35] WARNING: Stopping pagination as we've reached the stop point
[2025-05-15 10:27:35] WARNING: Retrieved a total of 0 tweets across 1 pages
[2025-05-15 10:27:35] WARNING: No new tweets found with trust commands. Exiting without error.
[2025-05-15 10:27:35] WARNING: Collection complete!
[2025-05-15 10:27:35] WARNING: - 0 trust assignments processed
[2025-05-15 10:27:35] WARNING: - 2 users in trust network
[2025-05-15 10:27:35] WARNING: - 31 total trust relationships
[2025-05-15 10:37:33] WARNING: === Starting Twitter Trust System Collection ===
[2025-05-15 10:37:33] WARNING: Will collect tweets until reaching previous timestamp: 2025-05-12 06:54:05+00:00
[2025-05-15 10:37:33] WARNING: Retrieving page 1...
[2025-05-15 10:37:35] WARNING: Newest tweet is from: 2025-05-12 06:54:05+00:00
[2025-05-15 10:37:35] WARNING: Reached stop point at tweet from 2025-05-12 06:54:05+00:00
[2025-05-15 10:37:35] WARNING: Retrieved 0 new tweets on page 1
[2025-05-15 10:37:35] WARNING: Stopping pagination as we've reached the stop point
[2025-05-15 10:37:35] WARNING: Retrieved a total of 0 tweets across 1 pages
[2025-05-15 10:37:35] WARNING: No new tweets found with trust commands. Exiting without error.
[2025-05-15 10:37:35] WARNING: Collection complete!
[2025-05-15 10:37:35] WARNING: - 0 trust assignments processed
[2025-05-15 10:37:35] WARNING: - 2 users in trust network
[2025-05-15 10:37:35] WARNING: - 31 total trust relationships
[2025-05-15 10:47:33] WARNING: === Starting Twitter Trust System Collection ===
[2025-05-15 10:47:33] WARNING: Will collect tweets until reaching previous timestamp: 2025-05-12 06:54:05+00:00
[2025-05-15 10:47:33] WARNING: Retrieving page 1...
[2025-05-15 10:47:35] WARNING: Newest tweet is from: 2025-05-12 06:54:05+00:00
[2025-05-15 10:47:35] WARNING: Reached stop point at tweet from 2025-05-12 06:54:05+00:00
[2025-05-15 10:47:35] WARNING: Retrieved 0 new tweets on page 1
[2025-05-15 10:47:35] WARNING: Stopping pagination as we've reached the stop point
[2025-05-15 10:47:35] WARNING: Retrieved a total of 0 tweets across 1 pages
[2025-05-15 10:47:35] WARNING: No new tweets found with trust commands. Exiting without error.
[2025-05-15 10:47:35] WARNING: Collection complete!
[2025-05-15 10:47:35] WARNING: - 0 trust assignments processed
[2025-05-15 10:47:35] WARNING: - 2 users in trust network
[2025-05-15 10:47:35] WARNING: - 31 total trust relationships
[2025-05-15 10:57:33] WARNING: === Starting Twitter Trust System Collection ===
[2025-05-15 10:57:33] WARNING: Will collect tweets until reaching previous timestamp: 2025-05-12 06:54:05+00:00
[2025-05-15 10:57:33] WARNING: Retrieving page 1...
[2025-05-15 10:57:35] WARNING: Newest tweet is from: 2025-05-12 06:54:05+00:00
[2025-05-15 10:57:35] WARNING: Reached stop point at tweet from 2025-05-12 06:54:05+00:00
[2025-05-15 10:57:35] WARNING: Retrieved 0 new tweets on page 1
[2025-05-15 10:57:35] WARNING: Stopping pagination as we've reached the stop point
[2025-05-15 10:57:35] WARNING: Retrieved a total of 0 tweets across 1 pages
[2025-05-15 10:57:35] WARNING: No new tweets found with trust commands. Exiting without error.
[2025-05-15 10:57:35] WARNING: Collection complete!
[2025-05-15 10:57:35] WARNING: - 0 trust assignments processed
[2025-05-15 10:57:35] WARNING: - 2 users in trust network
[2025-05-15 10:57:35] WARNING: - 31 total trust relationships
[2025-05-15 11:07:33] WARNING: === Starting Twitter Trust System Collection ===
[2025-05-15 11:07:33] WARNING: Will collect tweets until reaching previous timestamp: 2025-05-12 06:54:05+00:00
[2025-05-15 11:07:33] WARNING: Retrieving page 1...
[2025-05-15 11:07:35] WARNING: Newest tweet is from: 2025-05-12 06:54:05+00:00
[2025-05-15 11:07:35] WARNING: Reached stop point at tweet from 2025-05-12 06:54:05+00:00
[2025-05-15 11:07:35] WARNING: Retrieved 0 new tweets on page 1
[2025-05-15 11:07:35] WARNING: Stopping pagination as we've reached the stop point
[2025-05-15 11:07:35] WARNING: Retrieved a total of 0 tweets across 1 pages
[2025-05-15 11:07:35] WARNING: No new tweets found with trust commands. Exiting without error.
[2025-05-15 11:07:35] WARNING: Collection complete!
[2025-05-15 11:07:35] WARNING: - 0 trust assignments processed
[2025-05-15 11:07:35] WARNING: - 2 users in trust network
[2025-05-15 11:07:35] WARNING: - 31 total trust relationships
[2025-05-15 11:17:33] WARNING: === Starting Twitter Trust System Collection ===
[2025-05-15 11:17:33] WARNING: Will collect tweets until reaching previous timestamp: 2025-05-12 06:54:05+00:00
[2025-05-15 11:17:33] WARNING: Retrieving page 1...
[2025-05-15 11:17:35] WARNING: Newest tweet is from: 2025-05-12 06:54:05+00:00
[2025-05-15 11:17:35] WARNING: Reached stop point at tweet from 2025-05-12 06:54:05+00:00
[2025-05-15 11:17:35] WARNING: Retrieved 0 new tweets on page 1
[2025-05-15 11:17:35] WARNING: Stopping pagination as we've reached the stop point
[2025-05-15 11:17:35] WARNING: Retrieved a total of 0 tweets across 1 pages
[2025-05-15 11:17:35] WARNING: No new tweets found with trust commands. Exiting without error.
[2025-05-15 11:17:35] WARNING: Collection complete!
[2025-05-15 11:17:35] WARNING: - 0 trust assignments processed
[2025-05-15 11:17:35] WARNING: - 2 users in trust network
[2025-05-15 11:17:35] WARNING: - 31 total trust relationships
[2025-05-15 11:27:33] WARNING: === Starting Twitter Trust System Collection ===
[2025-05-15 11:27:33] WARNING: Will collect tweets until reaching previous timestamp: 2025-05-12 06:54:05+00:00
[2025-05-15 11:27:33] WARNING: Retrieving page 1...
[2025-05-15 11:27:35] WARNING: Newest tweet is from: 2025-05-12 06:54:05+00:00
[2025-05-15 11:27:35] WARNING: Reached stop point at tweet from 2025-05-12 06:54:05+00:00
[2025-05-15 11:27:35] WARNING: Retrieved 0 new tweets on page 1
[2025-05-15 11:27:35] WARNING: Stopping pagination as we've reached the stop point
[2025-05-15 11:27:35] WARNING: Retrieved a total of 0 tweets across 1 pages
[2025-05-15 11:27:35] WARNING: No new tweets found with trust commands. Exiting without error.
[2025-05-15 11:27:35] WARNING: Collection complete!
[2025-05-15 11:27:35] WARNING: - 0 trust assignments processed
[2025-05-15 11:27:35] WARNING: - 2 users in trust network
[2025-05-15 11:27:35] WARNING: - 31 total trust relationships
[2025-05-15 11:37:33] WARNING: === Starting Twitter Trust System Collection ===
[2025-05-15 11:37:33] WARNING: Will collect tweets until reaching previous timestamp: 2025-05-12 06:54:05+00:00
[2025-05-15 11:37:33] WARNING: Retrieving page 1...
[2025-05-15 11:37:36] WARNING: Newest tweet is from: 2025-05-12 06:54:05+00:00
[2025-05-15 11:37:36] WARNING: Reached stop point at tweet from 2025-05-12 06:54:05+00:00
[2025-05-15 11:37:36] WARNING: Retrieved 0 new tweets on page 1
[2025-05-15 11:37:36] WARNING: Stopping pagination as we've reached the stop point
[2025-05-15 11:37:36] WARNING: Retrieved a total of 0 tweets across 1 pages
[2025-05-15 11:37:36] WARNING: No new tweets found with trust commands. Exiting without error.
[2025-05-15 11:37:36] WARNING: Collection complete!
[2025-05-15 11:37:36] WARNING: - 0 trust assignments processed
[2025-05-15 11:37:36] WARNING: - 2 users in trust network
[2025-05-15 11:37:36] WARNING: - 31 total trust relationships
[2025-05-15 11:47:34] WARNING: === Starting Twitter Trust System Collection ===
[2025-05-15 11:47:34] WARNING: Will collect tweets until reaching previous timestamp: 2025-05-12 06:54:05+00:00
[2025-05-15 11:47:34] WARNING: Retrieving page 1...
[2025-05-15 11:47:35] WARNING: Newest tweet is from: 2025-05-12 06:54:05+00:00
[2025-05-15 11:47:35] WARNING: Reached stop point at tweet from 2025-05-12 06:54:05+00:00
[2025-05-15 11:47:35] WARNING: Retrieved 0 new tweets on page 1
[2025-05-15 11:47:35] WARNING: Stopping pagination as we've reached the stop point
[2025-05-15 11:47:35] WARNING: Retrieved a total of 0 tweets across 1 pages
[2025-05-15 11:47:35] WARNING: No new tweets found with trust commands. Exiting without error.
[2025-05-15 11:47:35] WARNING: Collection complete!
[2025-05-15 11:47:35] WARNING: - 0 trust assignments processed
[2025-05-15 11:47:35] WARNING: - 2 users in trust network
[2025-05-15 11:47:35] WARNING: - 31 total trust relationships
[2025-05-15 11:57:33] WARNING: === Starting Twitter Trust System Collection ===
[2025-05-15 11:57:33] WARNING: Will collect tweets until reaching previous timestamp: 2025-05-12 06:54:05+00:00
[2025-05-15 11:57:33] WARNING: Retrieving page 1...
[2025-05-15 11:57:35] WARNING: Newest tweet is from: 2025-05-12 06:54:05+00:00
[2025-05-15 11:57:35] WARNING: Reached stop point at tweet from 2025-05-12 06:54:05+00:00
[2025-05-15 11:57:35] WARNING: Retrieved 0 new tweets on page 1
[2025-05-15 11:57:35] WARNING: Stopping pagination as we've reached the stop point
[2025-05-15 11:57:35] WARNING: Retrieved a total of 0 tweets across 1 pages
[2025-05-15 11:57:35] WARNING: No new tweets found with trust commands. Exiting without error.
[2025-05-15 11:57:35] WARNING: Collection complete!
[2025-05-15 11:57:35] WARNING: - 0 trust assignments processed
[2025-05-15 11:57:35] WARNING: - 2 users in trust network
[2025-05-15 11:57:35] WARNING: - 31 total trust relationships
[2025-05-15 12:07:34] WARNING: === Starting Twitter Trust System Collection ===
[2025-05-15 12:07:34] WARNING: Will collect tweets until reaching previous timestamp: 2025-05-12 06:54:05+00:00
[2025-05-15 12:07:34] WARNING: Retrieving page 1...
[2025-05-15 12:07:37] WARNING: Newest tweet is from: 2025-05-12 06:54:05+00:00
[2025-05-15 12:07:37] WARNING: Reached stop point at tweet from 2025-05-12 06:54:05+00:00
[2025-05-15 12:07:37] WARNING: Retrieved 0 new tweets on page 1
[2025-05-15 12:07:37] WARNING: Stopping pagination as we've reached the stop point
[2025-05-15 12:07:37] WARNING: Retrieved a total of 0 tweets across 1 pages
[2025-05-15 12:07:37] WARNING: No new tweets found with trust commands. Exiting without error.
[2025-05-15 12:07:37] WARNING: Collection complete!
[2025-05-15 12:07:37] WARNING: - 0 trust assignments processed
[2025-05-15 12:07:37] WARNING: - 2 users in trust network
[2025-05-15 12:07:37] WARNING: - 31 total trust relationships
[2025-05-15 12:17:33] WARNING: === Starting Twitter Trust System Collection ===
[2025-05-15 12:17:33] WARNING: Will collect tweets until reaching previous timestamp: 2025-05-12 06:54:05+00:00
[2025-05-15 12:17:33] WARNING: Retrieving page 1...
[2025-05-15 12:17:35] WARNING: Newest tweet is from: 2025-05-12 06:54:05+00:00
[2025-05-15 12:17:35] WARNING: Reached stop point at tweet from 2025-05-12 06:54:05+00:00
[2025-05-15 12:17:35] WARNING: Retrieved 0 new tweets on page 1
[2025-05-15 12:17:35] WARNING: Stopping pagination as we've reached the stop point
[2025-05-15 12:17:35] WARNING: Retrieved a total of 0 tweets across 1 pages
[2025-05-15 12:17:35] WARNING: No new tweets found with trust commands. Exiting without error.
[2025-05-15 12:17:35] WARNING: Collection complete!
[2025-05-15 12:17:35] WARNING: - 0 trust assignments processed
[2025-05-15 12:17:35] WARNING: - 2 users in trust network
[2025-05-15 12:17:35] WARNING: - 31 total trust relationships
[2025-05-15 12:27:33] WARNING: === Starting Twitter Trust System Collection ===
[2025-05-15 12:27:33] WARNING: Will collect tweets until reaching previous timestamp: 2025-05-12 06:54:05+00:00
[2025-05-15 12:27:33] WARNING: Retrieving page 1...
[2025-05-15 12:27:35] WARNING: Newest tweet is from: 2025-05-12 06:54:05+00:00
[2025-05-15 12:27:35] WARNING: Reached stop point at tweet from 2025-05-12 06:54:05+00:00
[2025-05-15 12:27:35] WARNING: Retrieved 0 new tweets on page 1
[2025-05-15 12:27:35] WARNING: Stopping pagination as we've reached the stop point
[2025-05-15 12:27:35] WARNING: Retrieved a total of 0 tweets across 1 pages
[2025-05-15 12:27:35] WARNING: No new tweets found with trust commands. Exiting without error.
[2025-05-15 12:27:35] WARNING: Collection complete!
[2025-05-15 12:27:35] WARNING: - 0 trust assignments processed
[2025-05-15 12:27:35] WARNING: - 2 users in trust network
[2025-05-15 12:27:35] WARNING: - 31 total trust relationships
[2025-05-15 12:37:34] WARNING: === Starting Twitter Trust System Collection ===
[2025-05-15 12:37:34] WARNING: Will collect tweets until reaching previous timestamp: 2025-05-12 06:54:05+00:00
[2025-05-15 12:37:34] WARNING: Retrieving page 1...
[2025-05-15 12:37:35] WARNING: Newest tweet is from: 2025-05-12 06:54:05+00:00
[2025-05-15 12:37:35] WARNING: Reached stop point at tweet from 2025-05-12 06:54:05+00:00
[2025-05-15 12:37:35] WARNING: Retrieved 0 new tweets on page 1
[2025-05-15 12:37:35] WARNING: Stopping pagination as we've reached the stop point
[2025-05-15 12:37:35] WARNING: Retrieved a total of 0 tweets across 1 pages
[2025-05-15 12:37:35] WARNING: No new tweets found with trust commands. Exiting without error.
[2025-05-15 12:37:35] WARNING: Collection complete!
[2025-05-15 12:37:35] WARNING: - 0 trust assignments processed
[2025-05-15 12:37:35] WARNING: - 2 users in trust network
[2025-05-15 12:37:35] WARNING: - 31 total trust relationships
[2025-05-15 12:47:34] WARNING: === Starting Twitter Trust System Collection ===
[2025-05-15 12:47:34] WARNING: Will collect tweets until reaching previous timestamp: 2025-05-12 06:54:05+00:00
[2025-05-15 12:47:34] WARNING: Retrieving page 1...
[2025-05-15 12:47:36] WARNING: Newest tweet is from: 2025-05-12 06:54:05+00:00
[2025-05-15 12:47:36] WARNING: Reached stop point at tweet from 2025-05-12 06:54:05+00:00
[2025-05-15 12:47:36] WARNING: Retrieved 0 new tweets on page 1
[2025-05-15 12:47:36] WARNING: Stopping pagination as we've reached the stop point
[2025-05-15 12:47:36] WARNING: Retrieved a total of 0 tweets across 1 pages
[2025-05-15 12:47:36] WARNING: No new tweets found with trust commands. Exiting without error.
[2025-05-15 12:47:36] WARNING: Collection complete!
[2025-05-15 12:47:36] WARNING: - 0 trust assignments processed
[2025-05-15 12:47:36] WARNING: - 2 users in trust network
[2025-05-15 12:47:36] WARNING: - 31 total trust relationships
[2025-05-15 12:57:34] WARNING: === Starting Twitter Trust System Collection ===
[2025-05-15 12:57:34] WARNING: Will collect tweets until reaching previous timestamp: 2025-05-12 06:54:05+00:00
[2025-05-15 12:57:34] WARNING: Retrieving page 1...
[2025-05-15 12:57:35] WARNING: Newest tweet is from: 2025-05-12 06:54:05+00:00
[2025-05-15 12:57:35] WARNING: Reached stop point at tweet from 2025-05-12 06:54:05+00:00
[2025-05-15 12:57:35] WARNING: Retrieved 0 new tweets on page 1
[2025-05-15 12:57:35] WARNING: Stopping pagination as we've reached the stop point
[2025-05-15 12:57:35] WARNING: Retrieved a total of 0 tweets across 1 pages
[2025-05-15 12:57:35] WARNING: No new tweets found with trust commands. Exiting without error.
[2025-05-15 12:57:35] WARNING: Collection complete!
[2025-05-15 12:57:35] WARNING: - 0 trust assignments processed
[2025-05-15 12:57:35] WARNING: - 2 users in trust network
[2025-05-15 12:57:35] WARNING: - 31 total trust relationships
[2025-05-15 13:07:33] WARNING: === Starting Twitter Trust System Collection ===
[2025-05-15 13:07:33] WARNING: Will collect tweets until reaching previous timestamp: 2025-05-12 06:54:05+00:00
[2025-05-15 13:07:33] WARNING: Retrieving page 1...
[2025-05-15 13:07:35] WARNING: Newest tweet is from: 2025-05-12 06:54:05+00:00
[2025-05-15 13:07:35] WARNING: Reached stop point at tweet from 2025-05-12 06:54:05+00:00
[2025-05-15 13:07:35] WARNING: Retrieved 0 new tweets on page 1
[2025-05-15 13:07:35] WARNING: Stopping pagination as we've reached the stop point
[2025-05-15 13:07:35] WARNING: Retrieved a total of 0 tweets across 1 pages
[2025-05-15 13:07:35] WARNING: No new tweets found with trust commands. Exiting without error.
[2025-05-15 13:07:35] WARNING: Collection complete!
[2025-05-15 13:07:35] WARNING: - 0 trust assignments processed
[2025-05-15 13:07:35] WARNING: - 2 users in trust network
[2025-05-15 13:07:35] WARNING: - 31 total trust relationships
[2025-05-15 13:17:33] WARNING: === Starting Twitter Trust System Collection ===
[2025-05-15 13:17:33] WARNING: Will collect tweets until reaching previous timestamp: 2025-05-12 06:54:05+00:00
[2025-05-15 13:17:33] WARNING: Retrieving page 1...
[2025-05-15 13:17:35] WARNING: Newest tweet is from: 2025-05-12 06:54:05+00:00
[2025-05-15 13:17:35] WARNING: Reached stop point at tweet from 2025-05-12 06:54:05+00:00
[2025-05-15 13:17:35] WARNING: Retrieved 0 new tweets on page 1
[2025-05-15 13:17:35] WARNING: Stopping pagination as we've reached the stop point
[2025-05-15 13:17:35] WARNING: Retrieved a total of 0 tweets across 1 pages
[2025-05-15 13:17:35] WARNING: No new tweets found with trust commands. Exiting without error.
[2025-05-15 13:17:35] WARNING: Collection complete!
[2025-05-15 13:17:35] WARNING: - 0 trust assignments processed
[2025-05-15 13:17:35] WARNING: - 2 users in trust network
[2025-05-15 13:17:35] WARNING: - 31 total trust relationships
[2025-05-15 13:27:33] WARNING: === Starting Twitter Trust System Collection ===
[2025-05-15 13:27:33] WARNING: Will collect tweets until reaching previous timestamp: 2025-05-12 06:54:05+00:00
[2025-05-15 13:27:33] WARNING: Retrieving page 1...
[2025-05-15 13:27:36] WARNING: Newest tweet is from: 2025-05-12 06:54:05+00:00
[2025-05-15 13:27:36] WARNING: Reached stop point at tweet from 2025-05-12 06:54:05+00:00
[2025-05-15 13:27:36] WARNING: Retrieved 0 new tweets on page 1
[2025-05-15 13:27:36] WARNING: Stopping pagination as we've reached the stop point
[2025-05-15 13:27:36] WARNING: Retrieved a total of 0 tweets across 1 pages
[2025-05-15 13:27:36] WARNING: No new tweets found with trust commands. Exiting without error.
[2025-05-15 13:27:36] WARNING: Collection complete!
[2025-05-15 13:27:36] WARNING: - 0 trust assignments processed
[2025-05-15 13:27:36] WARNING: - 2 users in trust network
[2025-05-15 13:27:36] WARNING: - 31 total trust relationships
[2025-05-15 17:49:38] WARNING: === Starting Twitter Trust System Collection ===
[2025-05-15 17:49:38] WARNING: Will collect tweets until reaching previous timestamp: 2025-05-12 06:54:05+00:00
[2025-05-15 17:49:38] WARNING: Retrieving page 1...
[2025-05-15 17:49:40] WARNING: Newest tweet is from: 2025-05-12 06:54:05+00:00
[2025-05-15 17:49:40] WARNING: Reached stop point at tweet from 2025-05-12 06:54:05+00:00
[2025-05-15 17:49:40] WARNING: Retrieved 0 new tweets on page 1
[2025-05-15 17:49:40] WARNING: Stopping pagination as we've reached the stop point
[2025-05-15 17:49:40] WARNING: Retrieved a total of 0 tweets across 1 pages
[2025-05-15 17:49:40] WARNING: No new tweets found with trust commands. Exiting without error.
[2025-05-15 17:49:40] WARNING: Collection complete!
[2025-05-15 17:49:40] WARNING: - 0 trust assignments processed
[2025-05-15 17:49:40] WARNING: - 2 users in trust network
[2025-05-15 17:49:40] WARNING: - 31 total trust relationships
[2025-05-15 17:57:33] WARNING: === Starting Twitter Trust System Collection ===
[2025-05-15 17:57:33] WARNING: Will collect tweets until reaching previous timestamp: 2025-05-12 06:54:05+00:00
[2025-05-15 17:57:33] WARNING: Retrieving page 1...
[2025-05-15 17:57:44] WARNING: Error retrieving page 1: Expecting value: line 1 column 1 (char 0)
[2025-05-15 17:57:44] WARNING: Retrieved a total of 0 tweets across 1 pages
[2025-05-15 17:57:44] WARNING: No new tweets found with trust commands. Exiting without error.
[2025-05-15 17:57:44] WARNING: Collection complete!
[2025-05-15 17:57:44] WARNING: - 0 trust assignments processed
[2025-05-15 17:57:44] WARNING: - 2 users in trust network
[2025-05-15 17:57:44] WARNING: - 31 total trust relationships
[2025-05-15 18:07:33] WARNING: === Starting Twitter Trust System Collection ===
[2025-05-15 18:07:33] WARNING: Will collect tweets until reaching previous timestamp: 2025-05-12 06:54:05+00:00
[2025-05-15 18:07:33] WARNING: Retrieving page 1...
[2025-05-15 18:07:35] WARNING: Newest tweet is from: 2025-05-12 06:54:05+00:00
[2025-05-15 18:07:35] WARNING: Reached stop point at tweet from 2025-05-12 06:54:05+00:00
[2025-05-15 18:07:35] WARNING: Retrieved 0 new tweets on page 1
[2025-05-15 18:07:35] WARNING: Stopping pagination as we've reached the stop point
[2025-05-15 18:07:35] WARNING: Retrieved a total of 0 tweets across 1 pages
[2025-05-15 18:07:35] WARNING: No new tweets found with trust commands. Exiting without error.
[2025-05-15 18:07:35] WARNING: Collection complete!
[2025-05-15 18:07:35] WARNING: - 0 trust assignments processed
[2025-05-15 18:07:35] WARNING: - 2 users in trust network
[2025-05-15 18:07:35] WARNING: - 31 total trust relationships
[2025-05-15 18:17:33] WARNING: === Starting Twitter Trust System Collection ===
[2025-05-15 18:17:33] WARNING: Will collect tweets until reaching previous timestamp: 2025-05-12 06:54:05+00:00
[2025-05-15 18:17:33] WARNING: Retrieving page 1...
[2025-05-15 18:17:35] WARNING: Newest tweet is from: 2025-05-12 06:54:05+00:00
[2025-05-15 18:17:35] WARNING: Reached stop point at tweet from 2025-05-12 06:54:05+00:00
[2025-05-15 18:17:35] WARNING: Retrieved 0 new tweets on page 1
[2025-05-15 18:17:35] WARNING: Stopping pagination as we've reached the stop point
[2025-05-15 18:17:35] WARNING: Retrieved a total of 0 tweets across 1 pages
[2025-05-15 18:17:35] WARNING: No new tweets found with trust commands. Exiting without error.
[2025-05-15 18:17:35] WARNING: Collection complete!
[2025-05-15 18:17:35] WARNING: - 0 trust assignments processed
[2025-05-15 18:17:35] WARNING: - 2 users in trust network
[2025-05-15 18:17:35] WARNING: - 31 total trust relationships
[2025-05-15 18:27:33] WARNING: === Starting Twitter Trust System Collection ===
[2025-05-15 18:27:33] WARNING: Will collect tweets until reaching previous timestamp: 2025-05-12 06:54:05+00:00
[2025-05-15 18:27:33] WARNING: Retrieving page 1...
[2025-05-15 18:27:46] WARNING: Newest tweet is from: 2025-05-12 06:54:05+00:00
[2025-05-15 18:27:46] WARNING: Reached stop point at tweet from 2025-05-12 06:54:05+00:00
[2025-05-15 18:27:46] WARNING: Retrieved 0 new tweets on page 1
[2025-05-15 18:27:46] WARNING: Stopping pagination as we've reached the stop point
[2025-05-15 18:27:46] WARNING: Retrieved a total of 0 tweets across 1 pages
[2025-05-15 18:27:46] WARNING: No new tweets found with trust commands. Exiting without error.
[2025-05-15 18:27:46] WARNING: Collection complete!
[2025-05-15 18:27:46] WARNING: - 0 trust assignments processed
[2025-05-15 18:27:46] WARNING: - 2 users in trust network
[2025-05-15 18:27:46] WARNING: - 31 total trust relationships
[2025-05-15 18:37:33] WARNING: === Starting Twitter Trust System Collection ===
[2025-05-15 18:37:33] WARNING: Will collect tweets until reaching previous timestamp: 2025-05-12 06:54:05+00:00
[2025-05-15 18:37:33] WARNING: Retrieving page 1...
[2025-05-15 18:37:35] WARNING: Newest tweet is from: 2025-05-12 06:54:05+00:00
[2025-05-15 18:37:35] WARNING: Reached stop point at tweet from 2025-05-12 06:54:05+00:00
[2025-05-15 18:37:35] WARNING: Retrieved 0 new tweets on page 1
[2025-05-15 18:37:35] WARNING: Stopping pagination as we've reached the stop point
[2025-05-15 18:37:35] WARNING: Retrieved a total of 0 tweets across 1 pages
[2025-05-15 18:37:35] WARNING: No new tweets found with trust commands. Exiting without error.
[2025-05-15 18:37:35] WARNING: Collection complete!
[2025-05-15 18:37:35] WARNING: - 0 trust assignments processed
[2025-05-15 18:37:35] WARNING: - 2 users in trust network
[2025-05-15 18:37:35] WARNING: - 31 total trust relationships
[2025-05-15 18:47:33] WARNING: === Starting Twitter Trust System Collection ===
[2025-05-15 18:47:33] WARNING: Will collect tweets until reaching previous timestamp: 2025-05-12 06:54:05+00:00
[2025-05-15 18:47:33] WARNING: Retrieving page 1...
[2025-05-15 18:47:35] WARNING: Newest tweet is from: 2025-05-12 06:54:05+00:00
[2025-05-15 18:47:35] WARNING: Reached stop point at tweet from 2025-05-12 06:54:05+00:00
[2025-05-15 18:47:35] WARNING: Retrieved 0 new tweets on page 1
[2025-05-15 18:47:35] WARNING: Stopping pagination as we've reached the stop point
[2025-05-15 18:47:35] WARNING: Retrieved a total of 0 tweets across 1 pages
[2025-05-15 18:47:35] WARNING: No new tweets found with trust commands. Exiting without error.
[2025-05-15 18:47:35] WARNING: Collection complete!
[2025-05-15 18:47:35] WARNING: - 0 trust assignments processed
[2025-05-15 18:47:35] WARNING: - 2 users in trust network
[2025-05-15 18:47:35] WARNING: - 31 total trust relationships
[2025-05-15 18:57:33] WARNING: === Starting Twitter Trust System Collection ===
[2025-05-15 18:57:33] WARNING: Will collect tweets until reaching previous timestamp: 2025-05-12 06:54:05+00:00
[2025-05-15 18:57:33] WARNING: Retrieving page 1...
[2025-05-15 18:57:44] WARNING: Error retrieving page 1: Expecting value: line 1 column 1 (char 0)
[2025-05-15 18:57:44] WARNING: Retrieved a total of 0 tweets across 1 pages
[2025-05-15 18:57:44] WARNING: No new tweets found with trust commands. Exiting without error.
[2025-05-15 18:57:44] WARNING: Collection complete!
[2025-05-15 18:57:44] WARNING: - 0 trust assignments processed
[2025-05-15 18:57:44] WARNING: - 2 users in trust network
[2025-05-15 18:57:44] WARNING: - 31 total trust relationships
[2025-05-15 19:07:33] WARNING: === Starting Twitter Trust System Collection ===
[2025-05-15 19:07:33] WARNING: Will collect tweets until reaching previous timestamp: 2025-05-12 06:54:05+00:00
[2025-05-15 19:07:33] WARNING: Retrieving page 1...
[2025-05-15 19:07:44] WARNING: Error retrieving page 1: Expecting value: line 1 column 1 (char 0)
[2025-05-15 19:07:44] WARNING: Retrieved a total of 0 tweets across 1 pages
[2025-05-15 19:07:44] WARNING: No new tweets found with trust commands. Exiting without error.
[2025-05-15 19:07:44] WARNING: Collection complete!
[2025-05-15 19:07:44] WARNING: - 0 trust assignments processed
[2025-05-15 19:07:44] WARNING: - 2 users in trust network
[2025-05-15 19:07:44] WARNING: - 31 total trust relationships
[2025-05-15 19:17:33] WARNING: === Starting Twitter Trust System Collection ===
[2025-05-15 19:17:33] WARNING: Will collect tweets until reaching previous timestamp: 2025-05-12 06:54:05+00:00
[2025-05-15 19:17:33] WARNING: Retrieving page 1...
[2025-05-15 19:17:45] WARNING: Newest tweet is from: 2025-05-12 06:54:05+00:00
[2025-05-15 19:17:45] WARNING: Reached stop point at tweet from 2025-05-12 06:54:05+00:00
[2025-05-15 19:17:45] WARNING: Retrieved 0 new tweets on page 1
[2025-05-15 19:17:45] WARNING: Stopping pagination as we've reached the stop point
[2025-05-15 19:17:45] WARNING: Retrieved a total of 0 tweets across 1 pages
[2025-05-15 19:17:45] WARNING: No new tweets found with trust commands. Exiting without error.
[2025-05-15 19:17:45] WARNING: Collection complete!
[2025-05-15 19:17:45] WARNING: - 0 trust assignments processed
[2025-05-15 19:17:45] WARNING: - 2 users in trust network
[2025-05-15 19:17:45] WARNING: - 31 total trust relationships
[2025-05-15 19:27:33] WARNING: === Starting Twitter Trust System Collection ===
[2025-05-15 19:27:33] WARNING: Will collect tweets until reaching previous timestamp: 2025-05-12 06:54:05+00:00
[2025-05-15 19:27:33] WARNING: Retrieving page 1...
[2025-05-15 19:27:35] WARNING: Newest tweet is from: 2025-05-12 06:54:05+00:00
[2025-05-15 19:27:35] WARNING: Reached stop point at tweet from 2025-05-12 06:54:05+00:00
[2025-05-15 19:27:35] WARNING: Retrieved 0 new tweets on page 1
[2025-05-15 19:27:35] WARNING: Stopping pagination as we've reached the stop point
[2025-05-15 19:27:35] WARNING: Retrieved a total of 0 tweets across 1 pages
[2025-05-15 19:27:35] WARNING: No new tweets found with trust commands. Exiting without error.
[2025-05-15 19:27:35] WARNING: Collection complete!
[2025-05-15 19:27:35] WARNING: - 0 trust assignments processed
[2025-05-15 19:27:35] WARNING: - 2 users in trust network
[2025-05-15 19:27:35] WARNING: - 31 total trust relationships
[2025-05-15 19:37:33] WARNING: === Starting Twitter Trust System Collection ===
[2025-05-15 19:37:33] WARNING: Will collect tweets until reaching previous timestamp: 2025-05-12 06:54:05+00:00
[2025-05-15 19:37:33] WARNING: Retrieving page 1...
[2025-05-15 19:37:35] WARNING: Newest tweet is from: 2025-05-12 06:54:05+00:00
[2025-05-15 19:37:35] WARNING: Reached stop point at tweet from 2025-05-12 06:54:05+00:00
[2025-05-15 19:37:35] WARNING: Retrieved 0 new tweets on page 1
[2025-05-15 19:37:35] WARNING: Stopping pagination as we've reached the stop point
[2025-05-15 19:37:35] WARNING: Retrieved a total of 0 tweets across 1 pages
[2025-05-15 19:37:35] WARNING: No new tweets found with trust commands. Exiting without error.
[2025-05-15 19:37:35] WARNING: Collection complete!
[2025-05-15 19:37:35] WARNING: - 0 trust assignments processed
[2025-05-15 19:37:35] WARNING: - 2 users in trust network
[2025-05-15 19:37:35] WARNING: - 31 total trust relationships
[2025-05-15 19:47:33] WARNING: === Starting Twitter Trust System Collection ===
[2025-05-15 19:47:33] WARNING: Will collect tweets until reaching previous timestamp: 2025-05-12 06:54:05+00:00
[2025-05-15 19:47:33] WARNING: Retrieving page 1...
[2025-05-15 19:47:45] WARNING: Newest tweet is from: 2025-05-12 06:54:05+00:00
[2025-05-15 19:47:45] WARNING: Reached stop point at tweet from 2025-05-12 06:54:05+00:00
[2025-05-15 19:47:45] WARNING: Retrieved 0 new tweets on page 1
[2025-05-15 19:47:45] WARNING: Stopping pagination as we've reached the stop point
[2025-05-15 19:47:45] WARNING: Retrieved a total of 0 tweets across 1 pages
[2025-05-15 19:47:45] WARNING: No new tweets found with trust commands. Exiting without error.
[2025-05-15 19:47:45] WARNING: Collection complete!
[2025-05-15 19:47:45] WARNING: - 0 trust assignments processed
[2025-05-15 19:47:45] WARNING: - 2 users in trust network
[2025-05-15 19:47:45] WARNING: - 31 total trust relationships
[2025-05-15 19:57:33] WARNING: === Starting Twitter Trust System Collection ===
[2025-05-15 19:57:33] WARNING: Will collect tweets until reaching previous timestamp: 2025-05-12 06:54:05+00:00
[2025-05-15 19:57:33] WARNING: Retrieving page 1...
[2025-05-15 19:57:54] WARNING: Error retrieving page 1: Expecting value: line 1 column 1 (char 0)
[2025-05-15 19:57:54] WARNING: Retrieved a total of 0 tweets across 1 pages
[2025-05-15 19:57:54] WARNING: No new tweets found with trust commands. Exiting without error.
[2025-05-15 19:57:54] WARNING: Collection complete!
[2025-05-15 19:57:54] WARNING: - 0 trust assignments processed
[2025-05-15 19:57:54] WARNING: - 2 users in trust network
[2025-05-15 19:57:54] WARNING: - 31 total trust relationships
[2025-05-15 20:07:33] WARNING: === Starting Twitter Trust System Collection ===
[2025-05-15 20:07:33] WARNING: Will collect tweets until reaching previous timestamp: 2025-05-12 06:54:05+00:00
[2025-05-15 20:07:33] WARNING: Retrieving page 1...
[2025-05-15 20:07:54] WARNING: Error retrieving page 1: Expecting value: line 1 column 1 (char 0)
[2025-05-15 20:07:54] WARNING: Retrieved a total of 0 tweets across 1 pages
[2025-05-15 20:07:54] WARNING: No new tweets found with trust commands. Exiting without error.
[2025-05-15 20:07:54] WARNING: Collection complete!
[2025-05-15 20:07:54] WARNING: - 0 trust assignments processed
[2025-05-15 20:07:54] WARNING: - 2 users in trust network
[2025-05-15 20:07:54] WARNING: - 31 total trust relationships
[2025-05-15 20:17:33] WARNING: === Starting Twitter Trust System Collection ===
[2025-05-15 20:17:33] WARNING: Will collect tweets until reaching previous timestamp: 2025-05-12 06:54:05+00:00
[2025-05-15 20:17:33] WARNING: Retrieving page 1...
[2025-05-15 20:17:35] WARNING: Newest tweet is from: 2025-05-12 06:54:05+00:00
[2025-05-15 20:17:35] WARNING: Reached stop point at tweet from 2025-05-12 06:54:05+00:00
[2025-05-15 20:17:35] WARNING: Retrieved 0 new tweets on page 1
[2025-05-15 20:17:35] WARNING: Stopping pagination as we've reached the stop point
[2025-05-15 20:17:35] WARNING: Retrieved a total of 0 tweets across 1 pages
[2025-05-15 20:17:35] WARNING: No new tweets found with trust commands. Exiting without error.
[2025-05-15 20:17:35] WARNING: Collection complete!
[2025-05-15 20:17:35] WARNING: - 0 trust assignments processed
[2025-05-15 20:17:35] WARNING: - 2 users in trust network
[2025-05-15 20:17:35] WARNING: - 31 total trust relationships
[2025-05-15 20:27:33] WARNING: === Starting Twitter Trust System Collection ===
[2025-05-15 20:27:33] WARNING: Will collect tweets until reaching previous timestamp: 2025-05-12 06:54:05+00:00
[2025-05-15 20:27:33] WARNING: Retrieving page 1...
[2025-05-15 20:27:38] WARNING: Newest tweet is from: 2025-05-12 06:54:05+00:00
[2025-05-15 20:27:38] WARNING: Reached stop point at tweet from 2025-05-12 06:54:05+00:00
[2025-05-15 20:27:38] WARNING: Retrieved 0 new tweets on page 1
[2025-05-15 20:27:38] WARNING: Stopping pagination as we've reached the stop point
[2025-05-15 20:27:38] WARNING: Retrieved a total of 0 tweets across 1 pages
[2025-05-15 20:27:38] WARNING: No new tweets found with trust commands. Exiting without error.
[2025-05-15 20:27:38] WARNING: Collection complete!
[2025-05-15 20:27:38] WARNING: - 0 trust assignments processed
[2025-05-15 20:27:38] WARNING: - 2 users in trust network
[2025-05-15 20:27:38] WARNING: - 31 total trust relationships
[2025-05-15 20:37:33] WARNING: === Starting Twitter Trust System Collection ===
[2025-05-15 20:37:33] WARNING: Will collect tweets until reaching previous timestamp: 2025-05-12 06:54:05+00:00
[2025-05-15 20:37:33] WARNING: Retrieving page 1...
[2025-05-15 20:37:35] WARNING: Newest tweet is from: 2025-05-12 06:54:05+00:00
[2025-05-15 20:37:35] WARNING: Reached stop point at tweet from 2025-05-12 06:54:05+00:00
[2025-05-15 20:37:35] WARNING: Retrieved 0 new tweets on page 1
[2025-05-15 20:37:35] WARNING: Stopping pagination as we've reached the stop point
[2025-05-15 20:37:35] WARNING: Retrieved a total of 0 tweets across 1 pages
[2025-05-15 20:37:35] WARNING: No new tweets found with trust commands. Exiting without error.
[2025-05-15 20:37:35] WARNING: Collection complete!
[2025-05-15 20:37:35] WARNING: - 0 trust assignments processed
[2025-05-15 20:37:35] WARNING: - 2 users in trust network
[2025-05-15 20:37:35] WARNING: - 31 total trust relationships
[2025-05-15 20:47:33] WARNING: === Starting Twitter Trust System Collection ===
[2025-05-15 20:47:33] WARNING: Will collect tweets until reaching previous timestamp: 2025-05-12 06:54:05+00:00
[2025-05-15 20:47:33] WARNING: Retrieving page 1...
[2025-05-15 20:47:35] WARNING: Newest tweet is from: 2025-05-12 06:54:05+00:00
[2025-05-15 20:47:35] WARNING: Reached stop point at tweet from 2025-05-12 06:54:05+00:00
[2025-05-15 20:47:35] WARNING: Retrieved 0 new tweets on page 1
[2025-05-15 20:47:35] WARNING: Stopping pagination as we've reached the stop point
[2025-05-15 20:47:35] WARNING: Retrieved a total of 0 tweets across 1 pages
[2025-05-15 20:47:35] WARNING: No new tweets found with trust commands. Exiting without error.
[2025-05-15 20:47:35] WARNING: Collection complete!
[2025-05-15 20:47:35] WARNING: - 0 trust assignments processed
[2025-05-15 20:47:35] WARNING: - 2 users in trust network
[2025-05-15 20:47:35] WARNING: - 31 total trust relationships
[2025-05-15 20:57:33] WARNING: === Starting Twitter Trust System Collection ===
[2025-05-15 20:57:33] WARNING: Will collect tweets until reaching previous timestamp: 2025-05-12 06:54:05+00:00
[2025-05-15 20:57:33] WARNING: Retrieving page 1...
[2025-05-15 20:57:35] WARNING: Newest tweet is from: 2025-05-12 06:54:05+00:00
[2025-05-15 20:57:35] WARNING: Reached stop point at tweet from 2025-05-12 06:54:05+00:00
[2025-05-15 20:57:35] WARNING: Retrieved 0 new tweets on page 1
[2025-05-15 20:57:35] WARNING: Stopping pagination as we've reached the stop point
[2025-05-15 20:57:35] WARNING: Retrieved a total of 0 tweets across 1 pages
[2025-05-15 20:57:35] WARNING: No new tweets found with trust commands. Exiting without error.
[2025-05-15 20:57:35] WARNING: Collection complete!
[2025-05-15 20:57:35] WARNING: - 0 trust assignments processed
[2025-05-15 20:57:35] WARNING: - 2 users in trust network
[2025-05-15 20:57:35] WARNING: - 31 total trust relationships
[2025-05-15 21:07:33] WARNING: === Starting Twitter Trust System Collection ===
[2025-05-15 21:07:33] WARNING: Will collect tweets until reaching previous timestamp: 2025-05-12 06:54:05+00:00
[2025-05-15 21:07:33] WARNING: Retrieving page 1...
[2025-05-15 21:07:46] WARNING: Newest tweet is from: 2025-05-12 06:54:05+00:00
[2025-05-15 21:07:46] WARNING: Reached stop point at tweet from 2025-05-12 06:54:05+00:00
[2025-05-15 21:07:46] WARNING: Retrieved 0 new tweets on page 1
[2025-05-15 21:07:46] WARNING: Stopping pagination as we've reached the stop point
[2025-05-15 21:07:46] WARNING: Retrieved a total of 0 tweets across 1 pages
[2025-05-15 21:07:46] WARNING: No new tweets found with trust commands. Exiting without error.
[2025-05-15 21:07:46] WARNING: Collection complete!
[2025-05-15 21:07:46] WARNING: - 0 trust assignments processed
[2025-05-15 21:07:46] WARNING: - 2 users in trust network
[2025-05-15 21:07:46] WARNING: - 31 total trust relationships
[2025-05-15 21:17:33] WARNING: === Starting Twitter Trust System Collection ===
[2025-05-15 21:17:33] WARNING: Will collect tweets until reaching previous timestamp: 2025-05-12 06:54:05+00:00
[2025-05-15 21:17:33] WARNING: Retrieving page 1...
[2025-05-15 21:17:35] WARNING: Newest tweet is from: 2025-05-12 06:54:05+00:00
[2025-05-15 21:17:35] WARNING: Reached stop point at tweet from 2025-05-12 06:54:05+00:00
[2025-05-15 21:17:35] WARNING: Retrieved 0 new tweets on page 1
[2025-05-15 21:17:35] WARNING: Stopping pagination as we've reached the stop point
[2025-05-15 21:17:35] WARNING: Retrieved a total of 0 tweets across 1 pages
[2025-05-15 21:17:35] WARNING: No new tweets found with trust commands. Exiting without error.
[2025-05-15 21:17:35] WARNING: Collection complete!
[2025-05-15 21:17:35] WARNING: - 0 trust assignments processed
[2025-05-15 21:17:35] WARNING: - 2 users in trust network
[2025-05-15 21:17:35] WARNING: - 31 total trust relationships
[2025-05-15 21:27:33] WARNING: === Starting Twitter Trust System Collection ===
[2025-05-15 21:27:33] WARNING: Will collect tweets until reaching previous timestamp: 2025-05-12 06:54:05+00:00
[2025-05-15 21:27:33] WARNING: Retrieving page 1...
[2025-05-15 21:27:45] WARNING: Error retrieving page 1: Expecting value: line 1 column 1 (char 0)
[2025-05-15 21:27:45] WARNING: Retrieved a total of 0 tweets across 1 pages
[2025-05-15 21:27:45] WARNING: No new tweets found with trust commands. Exiting without error.
[2025-05-15 21:27:45] WARNING: Collection complete!
[2025-05-15 21:27:45] WARNING: - 0 trust assignments processed
[2025-05-15 21:27:45] WARNING: - 2 users in trust network
[2025-05-15 21:27:45] WARNING: - 31 total trust relationships
[2025-05-15 21:37:33] WARNING: === Starting Twitter Trust System Collection ===
[2025-05-15 21:37:33] WARNING: Will collect tweets until reaching previous timestamp: 2025-05-12 06:54:05+00:00
[2025-05-15 21:37:33] WARNING: Retrieving page 1...
[2025-05-15 21:37:45] WARNING: Newest tweet is from: 2025-05-12 06:54:05+00:00
[2025-05-15 21:37:45] WARNING: Reached stop point at tweet from 2025-05-12 06:54:05+00:00
[2025-05-15 21:37:45] WARNING: Retrieved 0 new tweets on page 1
[2025-05-15 21:37:45] WARNING: Stopping pagination as we've reached the stop point
[2025-05-15 21:37:45] WARNING: Retrieved a total of 0 tweets across 1 pages
[2025-05-15 21:37:45] WARNING: No new tweets found with trust commands. Exiting without error.
[2025-05-15 21:37:45] WARNING: Collection complete!
[2025-05-15 21:37:45] WARNING: - 0 trust assignments processed
[2025-05-15 21:37:45] WARNING: - 2 users in trust network
[2025-05-15 21:37:45] WARNING: - 31 total trust relationships
[2025-05-15 21:47:34] WARNING: === Starting Twitter Trust System Collection ===
[2025-05-15 21:47:34] WARNING: Will collect tweets until reaching previous timestamp: 2025-05-12 06:54:05+00:00
[2025-05-15 21:47:34] WARNING: Retrieving page 1...
[2025-05-15 21:47:35] WARNING: Newest tweet is from: 2025-05-12 06:54:05+00:00
[2025-05-15 21:47:35] WARNING: Reached stop point at tweet from 2025-05-12 06:54:05+00:00
[2025-05-15 21:47:35] WARNING: Retrieved 0 new tweets on page 1
[2025-05-15 21:47:35] WARNING: Stopping pagination as we've reached the stop point
[2025-05-15 21:47:35] WARNING: Retrieved a total of 0 tweets across 1 pages
[2025-05-15 21:47:35] WARNING: No new tweets found with trust commands. Exiting without error.
[2025-05-15 21:47:35] WARNING: Collection complete!
[2025-05-15 21:47:35] WARNING: - 0 trust assignments processed
[2025-05-15 21:47:35] WARNING: - 2 users in trust network
[2025-05-15 21:47:35] WARNING: - 31 total trust relationships
[2025-05-15 21:57:34] WARNING: === Starting Twitter Trust System Collection ===
[2025-05-15 21:57:34] WARNING: Will collect tweets until reaching previous timestamp: 2025-05-12 06:54:05+00:00
[2025-05-15 21:57:34] WARNING: Retrieving page 1...
[2025-05-15 21:57:35] WARNING: Newest tweet is from: 2025-05-12 06:54:05+00:00
[2025-05-15 21:57:35] WARNING: Reached stop point at tweet from 2025-05-12 06:54:05+00:00
[2025-05-15 21:57:35] WARNING: Retrieved 0 new tweets on page 1
[2025-05-15 21:57:35] WARNING: Stopping pagination as we've reached the stop point
[2025-05-15 21:57:35] WARNING: Retrieved a total of 0 tweets across 1 pages
[2025-05-15 21:57:35] WARNING: No new tweets found with trust commands. Exiting without error.
[2025-05-15 21:57:35] WARNING: Collection complete!
[2025-05-15 21:57:35] WARNING: - 0 trust assignments processed
[2025-05-15 21:57:35] WARNING: - 2 users in trust network
[2025-05-15 21:57:35] WARNING: - 31 total trust relationships
[2025-05-15 22:07:34] WARNING: === Starting Twitter Trust System Collection ===
[2025-05-15 22:07:34] WARNING: Will collect tweets until reaching previous timestamp: 2025-05-12 06:54:05+00:00
[2025-05-15 22:07:34] WARNING: Retrieving page 1...
[2025-05-15 22:07:36] WARNING: Newest tweet is from: 2025-05-12 06:54:05+00:00
[2025-05-15 22:07:36] WARNING: Reached stop point at tweet from 2025-05-12 06:54:05+00:00
[2025-05-15 22:07:36] WARNING: Retrieved 0 new tweets on page 1
[2025-05-15 22:07:36] WARNING: Stopping pagination as we've reached the stop point
[2025-05-15 22:07:36] WARNING: Retrieved a total of 0 tweets across 1 pages
[2025-05-15 22:07:36] WARNING: No new tweets found with trust commands. Exiting without error.
[2025-05-15 22:07:36] WARNING: Collection complete!
[2025-05-15 22:07:36] WARNING: - 0 trust assignments processed
[2025-05-15 22:07:36] WARNING: - 2 users in trust network
[2025-05-15 22:07:36] WARNING: - 31 total trust relationships
[2025-05-15 22:17:34] WARNING: === Starting Twitter Trust System Collection ===
[2025-05-15 22:17:34] WARNING: Will collect tweets until reaching previous timestamp: 2025-05-12 06:54:05+00:00
[2025-05-15 22:17:34] WARNING: Retrieving page 1...
[2025-05-15 22:17:44] WARNING: Error retrieving page 1: Expecting value: line 1 column 1 (char 0)
[2025-05-15 22:17:44] WARNING: Retrieved a total of 0 tweets across 1 pages
[2025-05-15 22:17:44] WARNING: No new tweets found with trust commands. Exiting without error.
[2025-05-15 22:17:44] WARNING: Collection complete!
[2025-05-15 22:17:44] WARNING: - 0 trust assignments processed
[2025-05-15 22:17:44] WARNING: - 2 users in trust network
[2025-05-15 22:17:44] WARNING: - 31 total trust relationships
[2025-05-15 22:27:34] WARNING: === Starting Twitter Trust System Collection ===
[2025-05-15 22:27:34] WARNING: Will collect tweets until reaching previous timestamp: 2025-05-12 06:54:05+00:00
[2025-05-15 22:27:34] WARNING: Retrieving page 1...
[2025-05-15 22:27:44] WARNING: Error retrieving page 1: Expecting value: line 1 column 1 (char 0)
[2025-05-15 22:27:44] WARNING: Retrieved a total of 0 tweets across 1 pages
[2025-05-15 22:27:44] WARNING: No new tweets found with trust commands. Exiting without error.
[2025-05-15 22:27:44] WARNING: Collection complete!
[2025-05-15 22:27:44] WARNING: - 0 trust assignments processed
[2025-05-15 22:27:44] WARNING: - 2 users in trust network
[2025-05-15 22:27:44] WARNING: - 31 total trust relationships
[2025-05-15 22:37:33] WARNING: === Starting Twitter Trust System Collection ===
[2025-05-15 22:37:33] WARNING: Will collect tweets until reaching previous timestamp: 2025-05-12 06:54:05+00:00
[2025-05-15 22:37:33] WARNING: Retrieving page 1...
[2025-05-15 22:37:35] WARNING: Newest tweet is from: 2025-05-12 06:54:05+00:00
[2025-05-15 22:37:35] WARNING: Reached stop point at tweet from 2025-05-12 06:54:05+00:00
[2025-05-15 22:37:35] WARNING: Retrieved 0 new tweets on page 1
[2025-05-15 22:37:35] WARNING: Stopping pagination as we've reached the stop point
[2025-05-15 22:37:35] WARNING: Retrieved a total of 0 tweets across 1 pages
[2025-05-15 22:37:35] WARNING: No new tweets found with trust commands. Exiting without error.
[2025-05-15 22:37:35] WARNING: Collection complete!
[2025-05-15 22:37:35] WARNING: - 0 trust assignments processed
[2025-05-15 22:37:35] WARNING: - 2 users in trust network
[2025-05-15 22:37:35] WARNING: - 31 total trust relationships
[2025-05-15 22:47:34] WARNING: === Starting Twitter Trust System Collection ===
[2025-05-15 22:47:34] WARNING: Will collect tweets until reaching previous timestamp: 2025-05-12 06:54:05+00:00
[2025-05-15 22:47:34] WARNING: Retrieving page 1...
[2025-05-15 22:47:35] WARNING: Newest tweet is from: 2025-05-12 06:54:05+00:00
[2025-05-15 22:47:35] WARNING: Reached stop point at tweet from 2025-05-12 06:54:05+00:00
[2025-05-15 22:47:35] WARNING: Retrieved 0 new tweets on page 1
[2025-05-15 22:47:35] WARNING: Stopping pagination as we've reached the stop point
[2025-05-15 22:47:35] WARNING: Retrieved a total of 0 tweets across 1 pages
[2025-05-15 22:47:35] WARNING: No new tweets found with trust commands. Exiting without error.
[2025-05-15 22:47:35] WARNING: Collection complete!
[2025-05-15 22:47:35] WARNING: - 0 trust assignments processed
[2025-05-15 22:47:35] WARNING: - 2 users in trust network
[2025-05-15 22:47:35] WARNING: - 31 total trust relationships
[2025-05-15 22:57:33] WARNING: === Starting Twitter Trust System Collection ===
[2025-05-15 22:57:33] WARNING: Will collect tweets until reaching previous timestamp: 2025-05-12 06:54:05+00:00
[2025-05-15 22:57:33] WARNING: Retrieving page 1...
[2025-05-15 22:57:45] WARNING: Newest tweet is from: 2025-05-12 06:54:05+00:00
[2025-05-15 22:57:45] WARNING: Reached stop point at tweet from 2025-05-12 06:54:05+00:00
[2025-05-15 22:57:45] WARNING: Retrieved 0 new tweets on page 1
[2025-05-15 22:57:45] WARNING: Stopping pagination as we've reached the stop point
[2025-05-15 22:57:45] WARNING: Retrieved a total of 0 tweets across 1 pages
[2025-05-15 22:57:45] WARNING: No new tweets found with trust commands. Exiting without error.
[2025-05-15 22:57:45] WARNING: Collection complete!
[2025-05-15 22:57:45] WARNING: - 0 trust assignments processed
[2025-05-15 22:57:45] WARNING: - 2 users in trust network
[2025-05-15 22:57:45] WARNING: - 31 total trust relationships
