[2025-05-26 00:57:34] WARNING: Stopping pagination as we've reached the stop point
[2025-05-26 00:57:34] WARNING: Retrieved a total of 0 tweets across 1 pages
[2025-05-26 00:57:34] WARNING: No new tweets found with trust commands. Exiting without error.
[2025-05-26 00:57:34] WARNING: Collection complete!
[2025-05-26 00:57:34] WARNING: - 0 trust assignments processed
[2025-05-26 00:57:34] WARNING: - 2 users in trust network
[2025-05-26 00:57:34] WARNING: - 31 total trust relationships
[2025-05-26 01:07:33] WARNING: === Starting Twitter Trust System Collection ===
[2025-05-26 01:07:33] WARNING: Will collect tweets until reaching previous timestamp: 2025-05-12 06:54:05+00:00
[2025-05-26 01:07:33] WARNING: Retrieving page 1...
[2025-05-26 01:07:35] WARNING: Newest tweet is from: 2025-05-12 06:54:05+00:00
[2025-05-26 01:07:35] WARNING: Reached stop point at tweet from 2025-05-12 06:54:05+00:00
[2025-05-26 01:07:35] WARNING: Retrieved 0 new tweets on page 1
[2025-05-26 01:07:35] WARNING: Stopping pagination as we've reached the stop point
[2025-05-26 01:07:35] WARNING: Retrieved a total of 0 tweets across 1 pages
[2025-05-26 01:07:35] WARNING: No new tweets found with trust commands. Exiting without error.
[2025-05-26 01:07:35] WARNING: Collection complete!
[2025-05-26 01:07:35] WARNING: - 0 trust assignments processed
[2025-05-26 01:07:35] WARNING: - 2 users in trust network
[2025-05-26 01:07:35] WARNING: - 31 total trust relationships
[2025-05-26 01:17:33] WARNING: === Starting Twitter Trust System Collection ===
[2025-05-26 01:17:33] WARNING: Will collect tweets until reaching previous timestamp: 2025-05-12 06:54:05+00:00
[2025-05-26 01:17:33] WARNING: Retrieving page 1...
[2025-05-26 01:17:34] WARNING: Newest tweet is from: 2025-05-12 06:54:05+00:00
[2025-05-26 01:17:34] WARNING: Reached stop point at tweet from 2025-05-12 06:54:05+00:00
[2025-05-26 01:17:34] WARNING: Retrieved 0 new tweets on page 1
[2025-05-26 01:17:34] WARNING: Stopping pagination as we've reached the stop point
[2025-05-26 01:17:34] WARNING: Retrieved a total of 0 tweets across 1 pages
[2025-05-26 01:17:34] WARNING: No new tweets found with trust commands. Exiting without error.
[2025-05-26 01:17:34] WARNING: Collection complete!
[2025-05-26 01:17:34] WARNING: - 0 trust assignments processed
[2025-05-26 01:17:34] WARNING: - 2 users in trust network
[2025-05-26 01:17:34] WARNING: - 31 total trust relationships
[2025-05-26 01:27:33] WARNING: === Starting Twitter Trust System Collection ===
[2025-05-26 01:27:33] WARNING: Will collect tweets until reaching previous timestamp: 2025-05-12 06:54:05+00:00
[2025-05-26 01:27:33] WARNING: Retrieving page 1...
[2025-05-26 01:27:34] WARNING: Newest tweet is from: 2025-05-12 06:54:05+00:00
[2025-05-26 01:27:34] WARNING: Reached stop point at tweet from 2025-05-12 06:54:05+00:00
[2025-05-26 01:27:34] WARNING: Retrieved 0 new tweets on page 1
[2025-05-26 01:27:34] WARNING: Stopping pagination as we've reached the stop point
[2025-05-26 01:27:34] WARNING: Retrieved a total of 0 tweets across 1 pages
[2025-05-26 01:27:34] WARNING: No new tweets found with trust commands. Exiting without error.
[2025-05-26 01:27:34] WARNING: Collection complete!
[2025-05-26 01:27:34] WARNING: - 0 trust assignments processed
[2025-05-26 01:27:34] WARNING: - 2 users in trust network
[2025-05-26 01:27:34] WARNING: - 31 total trust relationships
[2025-05-26 01:37:33] WARNING: === Starting Twitter Trust System Collection ===
[2025-05-26 01:37:33] WARNING: Will collect tweets until reaching previous timestamp: 2025-05-12 06:54:05+00:00
[2025-05-26 01:37:33] WARNING: Retrieving page 1...
[2025-05-26 01:37:35] WARNING: Newest tweet is from: 2025-05-12 06:54:05+00:00
[2025-05-26 01:37:35] WARNING: Reached stop point at tweet from 2025-05-12 06:54:05+00:00
[2025-05-26 01:37:35] WARNING: Retrieved 0 new tweets on page 1
[2025-05-26 01:37:35] WARNING: Stopping pagination as we've reached the stop point
[2025-05-26 01:37:35] WARNING: Retrieved a total of 0 tweets across 1 pages
[2025-05-26 01:37:35] WARNING: No new tweets found with trust commands. Exiting without error.
[2025-05-26 01:37:35] WARNING: Collection complete!
[2025-05-26 01:37:35] WARNING: - 0 trust assignments processed
[2025-05-26 01:37:35] WARNING: - 2 users in trust network
[2025-05-26 01:37:35] WARNING: - 31 total trust relationships
[2025-05-26 01:47:33] WARNING: === Starting Twitter Trust System Collection ===
[2025-05-26 01:47:33] WARNING: Will collect tweets until reaching previous timestamp: 2025-05-12 06:54:05+00:00
[2025-05-26 01:47:33] WARNING: Retrieving page 1...
[2025-05-26 01:47:34] WARNING: Newest tweet is from: 2025-05-12 06:54:05+00:00
[2025-05-26 01:47:34] WARNING: Reached stop point at tweet from 2025-05-12 06:54:05+00:00
[2025-05-26 01:47:34] WARNING: Retrieved 0 new tweets on page 1
[2025-05-26 01:47:34] WARNING: Stopping pagination as we've reached the stop point
[2025-05-26 01:47:34] WARNING: Retrieved a total of 0 tweets across 1 pages
[2025-05-26 01:47:34] WARNING: No new tweets found with trust commands. Exiting without error.
[2025-05-26 01:47:34] WARNING: Collection complete!
[2025-05-26 01:47:34] WARNING: - 0 trust assignments processed
[2025-05-26 01:47:34] WARNING: - 2 users in trust network
[2025-05-26 01:47:34] WARNING: - 31 total trust relationships
[2025-05-26 01:57:33] WARNING: === Starting Twitter Trust System Collection ===
[2025-05-26 01:57:33] WARNING: Will collect tweets until reaching previous timestamp: 2025-05-12 06:54:05+00:00
[2025-05-26 01:57:33] WARNING: Retrieving page 1...
[2025-05-26 01:57:34] WARNING: Newest tweet is from: 2025-05-12 06:54:05+00:00
[2025-05-26 01:57:34] WARNING: Reached stop point at tweet from 2025-05-12 06:54:05+00:00
[2025-05-26 01:57:34] WARNING: Retrieved 0 new tweets on page 1
[2025-05-26 01:57:34] WARNING: Stopping pagination as we've reached the stop point
[2025-05-26 01:57:34] WARNING: Retrieved a total of 0 tweets across 1 pages
[2025-05-26 01:57:34] WARNING: No new tweets found with trust commands. Exiting without error.
[2025-05-26 01:57:34] WARNING: Collection complete!
[2025-05-26 01:57:34] WARNING: - 0 trust assignments processed
[2025-05-26 01:57:34] WARNING: - 2 users in trust network
[2025-05-26 01:57:34] WARNING: - 31 total trust relationships
[2025-05-26 02:07:33] WARNING: === Starting Twitter Trust System Collection ===
[2025-05-26 02:07:33] WARNING: Will collect tweets until reaching previous timestamp: 2025-05-12 06:54:05+00:00
[2025-05-26 02:07:33] WARNING: Retrieving page 1...
[2025-05-26 02:07:34] WARNING: Newest tweet is from: 2025-05-12 06:54:05+00:00
[2025-05-26 02:07:34] WARNING: Reached stop point at tweet from 2025-05-12 06:54:05+00:00
[2025-05-26 02:07:34] WARNING: Retrieved 0 new tweets on page 1
[2025-05-26 02:07:34] WARNING: Stopping pagination as we've reached the stop point
[2025-05-26 02:07:34] WARNING: Retrieved a total of 0 tweets across 1 pages
[2025-05-26 02:07:34] WARNING: No new tweets found with trust commands. Exiting without error.
[2025-05-26 02:07:34] WARNING: Collection complete!
[2025-05-26 02:07:34] WARNING: - 0 trust assignments processed
[2025-05-26 02:07:34] WARNING: - 2 users in trust network
[2025-05-26 02:07:34] WARNING: - 31 total trust relationships
[2025-05-26 02:17:33] WARNING: === Starting Twitter Trust System Collection ===
[2025-05-26 02:17:33] WARNING: Will collect tweets until reaching previous timestamp: 2025-05-12 06:54:05+00:00
[2025-05-26 02:17:33] WARNING: Retrieving page 1...
[2025-05-26 02:17:35] WARNING: Newest tweet is from: 2025-05-12 06:54:05+00:00
[2025-05-26 02:17:35] WARNING: Reached stop point at tweet from 2025-05-12 06:54:05+00:00
[2025-05-26 02:17:35] WARNING: Retrieved 0 new tweets on page 1
[2025-05-26 02:17:35] WARNING: Stopping pagination as we've reached the stop point
[2025-05-26 02:17:35] WARNING: Retrieved a total of 0 tweets across 1 pages
[2025-05-26 02:17:35] WARNING: No new tweets found with trust commands. Exiting without error.
[2025-05-26 02:17:35] WARNING: Collection complete!
[2025-05-26 02:17:35] WARNING: - 0 trust assignments processed
[2025-05-26 02:17:35] WARNING: - 2 users in trust network
[2025-05-26 02:17:35] WARNING: - 31 total trust relationships
[2025-05-26 02:27:33] WARNING: === Starting Twitter Trust System Collection ===
[2025-05-26 02:27:33] WARNING: Will collect tweets until reaching previous timestamp: 2025-05-12 06:54:05+00:00
[2025-05-26 02:27:33] WARNING: Retrieving page 1...
[2025-05-26 02:27:35] WARNING: Newest tweet is from: 2025-05-12 06:54:05+00:00
[2025-05-26 02:27:35] WARNING: Reached stop point at tweet from 2025-05-12 06:54:05+00:00
[2025-05-26 02:27:35] WARNING: Retrieved 0 new tweets on page 1
[2025-05-26 02:27:35] WARNING: Stopping pagination as we've reached the stop point
[2025-05-26 02:27:35] WARNING: Retrieved a total of 0 tweets across 1 pages
[2025-05-26 02:27:35] WARNING: No new tweets found with trust commands. Exiting without error.
[2025-05-26 02:27:35] WARNING: Collection complete!
[2025-05-26 02:27:35] WARNING: - 0 trust assignments processed
[2025-05-26 02:27:35] WARNING: - 2 users in trust network
[2025-05-26 02:27:35] WARNING: - 31 total trust relationships
[2025-05-26 02:37:33] WARNING: === Starting Twitter Trust System Collection ===
[2025-05-26 02:37:33] WARNING: Will collect tweets until reaching previous timestamp: 2025-05-12 06:54:05+00:00
[2025-05-26 02:37:33] WARNING: Retrieving page 1...
[2025-05-26 02:37:36] WARNING: Newest tweet is from: 2025-05-12 06:54:05+00:00
[2025-05-26 02:37:36] WARNING: Reached stop point at tweet from 2025-05-12 06:54:05+00:00
[2025-05-26 02:37:36] WARNING: Retrieved 0 new tweets on page 1
[2025-05-26 02:37:36] WARNING: Stopping pagination as we've reached the stop point
[2025-05-26 02:37:36] WARNING: Retrieved a total of 0 tweets across 1 pages
[2025-05-26 02:37:36] WARNING: No new tweets found with trust commands. Exiting without error.
[2025-05-26 02:37:36] WARNING: Collection complete!
[2025-05-26 02:37:36] WARNING: - 0 trust assignments processed
[2025-05-26 02:37:36] WARNING: - 2 users in trust network
[2025-05-26 02:37:36] WARNING: - 31 total trust relationships
[2025-05-26 02:47:33] WARNING: === Starting Twitter Trust System Collection ===
[2025-05-26 02:47:33] WARNING: Will collect tweets until reaching previous timestamp: 2025-05-12 06:54:05+00:00
[2025-05-26 02:47:33] WARNING: Retrieving page 1...
[2025-05-26 02:47:40] WARNING: Newest tweet is from: 2025-05-12 06:54:05+00:00
[2025-05-26 02:47:40] WARNING: Reached stop point at tweet from 2025-05-12 06:54:05+00:00
[2025-05-26 02:47:40] WARNING: Retrieved 0 new tweets on page 1
[2025-05-26 02:47:40] WARNING: Stopping pagination as we've reached the stop point
[2025-05-26 02:47:40] WARNING: Retrieved a total of 0 tweets across 1 pages
[2025-05-26 02:47:40] WARNING: No new tweets found with trust commands. Exiting without error.
[2025-05-26 02:47:40] WARNING: Collection complete!
[2025-05-26 02:47:40] WARNING: - 0 trust assignments processed
[2025-05-26 02:47:40] WARNING: - 2 users in trust network
[2025-05-26 02:47:40] WARNING: - 31 total trust relationships
[2025-05-26 02:57:33] WARNING: === Starting Twitter Trust System Collection ===
[2025-05-26 02:57:33] WARNING: Will collect tweets until reaching previous timestamp: 2025-05-12 06:54:05+00:00
[2025-05-26 02:57:33] WARNING: Retrieving page 1...
[2025-05-26 02:57:36] WARNING: Newest tweet is from: 2025-05-12 06:54:05+00:00
[2025-05-26 02:57:36] WARNING: Reached stop point at tweet from 2025-05-12 06:54:05+00:00
[2025-05-26 02:57:36] WARNING: Retrieved 0 new tweets on page 1
[2025-05-26 02:57:36] WARNING: Stopping pagination as we've reached the stop point
[2025-05-26 02:57:36] WARNING: Retrieved a total of 0 tweets across 1 pages
[2025-05-26 02:57:36] WARNING: No new tweets found with trust commands. Exiting without error.
[2025-05-26 02:57:36] WARNING: Collection complete!
[2025-05-26 02:57:36] WARNING: - 0 trust assignments processed
[2025-05-26 02:57:36] WARNING: - 2 users in trust network
[2025-05-26 02:57:36] WARNING: - 31 total trust relationships
[2025-05-26 03:07:33] WARNING: === Starting Twitter Trust System Collection ===
[2025-05-26 03:07:33] WARNING: Will collect tweets until reaching previous timestamp: 2025-05-12 06:54:05+00:00
[2025-05-26 03:07:33] WARNING: Retrieving page 1...
[2025-05-26 03:07:35] WARNING: Newest tweet is from: 2025-05-12 06:54:05+00:00
[2025-05-26 03:07:35] WARNING: Reached stop point at tweet from 2025-05-12 06:54:05+00:00
[2025-05-26 03:07:35] WARNING: Retrieved 0 new tweets on page 1
[2025-05-26 03:07:35] WARNING: Stopping pagination as we've reached the stop point
[2025-05-26 03:07:35] WARNING: Retrieved a total of 0 tweets across 1 pages
[2025-05-26 03:07:35] WARNING: No new tweets found with trust commands. Exiting without error.
[2025-05-26 03:07:35] WARNING: Collection complete!
[2025-05-26 03:07:35] WARNING: - 0 trust assignments processed
[2025-05-26 03:07:35] WARNING: - 2 users in trust network
[2025-05-26 03:07:35] WARNING: - 31 total trust relationships
[2025-05-26 03:17:33] WARNING: === Starting Twitter Trust System Collection ===
[2025-05-26 03:17:33] WARNING: Will collect tweets until reaching previous timestamp: 2025-05-12 06:54:05+00:00
[2025-05-26 03:17:33] WARNING: Retrieving page 1...
[2025-05-26 03:17:36] WARNING: Newest tweet is from: 2025-05-12 06:54:05+00:00
[2025-05-26 03:17:36] WARNING: Reached stop point at tweet from 2025-05-12 06:54:05+00:00
[2025-05-26 03:17:36] WARNING: Retrieved 0 new tweets on page 1
[2025-05-26 03:17:36] WARNING: Stopping pagination as we've reached the stop point
[2025-05-26 03:17:36] WARNING: Retrieved a total of 0 tweets across 1 pages
[2025-05-26 03:17:36] WARNING: No new tweets found with trust commands. Exiting without error.
[2025-05-26 03:17:36] WARNING: Collection complete!
[2025-05-26 03:17:36] WARNING: - 0 trust assignments processed
[2025-05-26 03:17:36] WARNING: - 2 users in trust network
[2025-05-26 03:17:36] WARNING: - 31 total trust relationships
[2025-05-26 03:27:33] WARNING: === Starting Twitter Trust System Collection ===
[2025-05-26 03:27:33] WARNING: Will collect tweets until reaching previous timestamp: 2025-05-12 06:54:05+00:00
[2025-05-26 03:27:33] WARNING: Retrieving page 1...
[2025-05-26 03:27:34] WARNING: Newest tweet is from: 2025-05-12 06:54:05+00:00
[2025-05-26 03:27:34] WARNING: Reached stop point at tweet from 2025-05-12 06:54:05+00:00
[2025-05-26 03:27:34] WARNING: Retrieved 0 new tweets on page 1
[2025-05-26 03:27:34] WARNING: Stopping pagination as we've reached the stop point
[2025-05-26 03:27:34] WARNING: Retrieved a total of 0 tweets across 1 pages
[2025-05-26 03:27:34] WARNING: No new tweets found with trust commands. Exiting without error.
[2025-05-26 03:27:34] WARNING: Collection complete!
[2025-05-26 03:27:34] WARNING: - 0 trust assignments processed
[2025-05-26 03:27:34] WARNING: - 2 users in trust network
[2025-05-26 03:27:34] WARNING: - 31 total trust relationships
[2025-05-26 03:37:33] WARNING: === Starting Twitter Trust System Collection ===
[2025-05-26 03:37:33] WARNING: Will collect tweets until reaching previous timestamp: 2025-05-12 06:54:05+00:00
[2025-05-26 03:37:33] WARNING: Retrieving page 1...
[2025-05-26 03:37:36] WARNING: Newest tweet is from: 2025-05-12 06:54:05+00:00
[2025-05-26 03:37:36] WARNING: Reached stop point at tweet from 2025-05-12 06:54:05+00:00
[2025-05-26 03:37:36] WARNING: Retrieved 0 new tweets on page 1
[2025-05-26 03:37:36] WARNING: Stopping pagination as we've reached the stop point
[2025-05-26 03:37:36] WARNING: Retrieved a total of 0 tweets across 1 pages
[2025-05-26 03:37:36] WARNING: No new tweets found with trust commands. Exiting without error.
[2025-05-26 03:37:36] WARNING: Collection complete!
[2025-05-26 03:37:36] WARNING: - 0 trust assignments processed
[2025-05-26 03:37:36] WARNING: - 2 users in trust network
[2025-05-26 03:37:36] WARNING: - 31 total trust relationships
[2025-05-26 03:47:33] WARNING: === Starting Twitter Trust System Collection ===
[2025-05-26 03:47:33] WARNING: Will collect tweets until reaching previous timestamp: 2025-05-12 06:54:05+00:00
[2025-05-26 03:47:33] WARNING: Retrieving page 1...
[2025-05-26 03:47:34] WARNING: Newest tweet is from: 2025-05-12 06:54:05+00:00
[2025-05-26 03:47:34] WARNING: Reached stop point at tweet from 2025-05-12 06:54:05+00:00
[2025-05-26 03:47:34] WARNING: Retrieved 0 new tweets on page 1
[2025-05-26 03:47:34] WARNING: Stopping pagination as we've reached the stop point
[2025-05-26 03:47:34] WARNING: Retrieved a total of 0 tweets across 1 pages
[2025-05-26 03:47:34] WARNING: No new tweets found with trust commands. Exiting without error.
[2025-05-26 03:47:34] WARNING: Collection complete!
[2025-05-26 03:47:34] WARNING: - 0 trust assignments processed
[2025-05-26 03:47:34] WARNING: - 2 users in trust network
[2025-05-26 03:47:34] WARNING: - 31 total trust relationships
[2025-05-26 03:57:33] WARNING: === Starting Twitter Trust System Collection ===
[2025-05-26 03:57:33] WARNING: Will collect tweets until reaching previous timestamp: 2025-05-12 06:54:05+00:00
[2025-05-26 03:57:33] WARNING: Retrieving page 1...
[2025-05-26 03:57:35] WARNING: Newest tweet is from: 2025-05-12 06:54:05+00:00
[2025-05-26 03:57:35] WARNING: Reached stop point at tweet from 2025-05-12 06:54:05+00:00
[2025-05-26 03:57:35] WARNING: Retrieved 0 new tweets on page 1
[2025-05-26 03:57:35] WARNING: Stopping pagination as we've reached the stop point
[2025-05-26 03:57:35] WARNING: Retrieved a total of 0 tweets across 1 pages
[2025-05-26 03:57:35] WARNING: No new tweets found with trust commands. Exiting without error.
[2025-05-26 03:57:35] WARNING: Collection complete!
[2025-05-26 03:57:35] WARNING: - 0 trust assignments processed
[2025-05-26 03:57:35] WARNING: - 2 users in trust network
[2025-05-26 03:57:35] WARNING: - 31 total trust relationships
[2025-05-26 04:07:33] WARNING: === Starting Twitter Trust System Collection ===
[2025-05-26 04:07:33] WARNING: Will collect tweets until reaching previous timestamp: 2025-05-12 06:54:05+00:00
[2025-05-26 04:07:33] WARNING: Retrieving page 1...
[2025-05-26 04:07:35] WARNING: Newest tweet is from: 2025-05-12 06:54:05+00:00
[2025-05-26 04:07:35] WARNING: Reached stop point at tweet from 2025-05-12 06:54:05+00:00
[2025-05-26 04:07:35] WARNING: Retrieved 0 new tweets on page 1
[2025-05-26 04:07:35] WARNING: Stopping pagination as we've reached the stop point
[2025-05-26 04:07:35] WARNING: Retrieved a total of 0 tweets across 1 pages
[2025-05-26 04:07:35] WARNING: No new tweets found with trust commands. Exiting without error.
[2025-05-26 04:07:35] WARNING: Collection complete!
[2025-05-26 04:07:35] WARNING: - 0 trust assignments processed
[2025-05-26 04:07:35] WARNING: - 2 users in trust network
[2025-05-26 04:07:35] WARNING: - 31 total trust relationships
[2025-05-26 04:17:33] WARNING: === Starting Twitter Trust System Collection ===
[2025-05-26 04:17:33] WARNING: Will collect tweets until reaching previous timestamp: 2025-05-12 06:54:05+00:00
[2025-05-26 04:17:33] WARNING: Retrieving page 1...
[2025-05-26 04:17:34] WARNING: Newest tweet is from: 2025-05-12 06:54:05+00:00
[2025-05-26 04:17:34] WARNING: Reached stop point at tweet from 2025-05-12 06:54:05+00:00
[2025-05-26 04:17:34] WARNING: Retrieved 0 new tweets on page 1
[2025-05-26 04:17:34] WARNING: Stopping pagination as we've reached the stop point
[2025-05-26 04:17:35] WARNING: Retrieved a total of 0 tweets across 1 pages
[2025-05-26 04:17:35] WARNING: No new tweets found with trust commands. Exiting without error.
[2025-05-26 04:17:35] WARNING: Collection complete!
[2025-05-26 04:17:35] WARNING: - 0 trust assignments processed
[2025-05-26 04:17:35] WARNING: - 2 users in trust network
[2025-05-26 04:17:35] WARNING: - 31 total trust relationships
[2025-05-26 04:27:33] WARNING: === Starting Twitter Trust System Collection ===
[2025-05-26 04:27:33] WARNING: Will collect tweets until reaching previous timestamp: 2025-05-12 06:54:05+00:00
[2025-05-26 04:27:33] WARNING: Retrieving page 1...
[2025-05-26 04:27:35] WARNING: Newest tweet is from: 2025-05-12 06:54:05+00:00
[2025-05-26 04:27:35] WARNING: Reached stop point at tweet from 2025-05-12 06:54:05+00:00
[2025-05-26 04:27:35] WARNING: Retrieved 0 new tweets on page 1
[2025-05-26 04:27:35] WARNING: Stopping pagination as we've reached the stop point
[2025-05-26 04:27:35] WARNING: Retrieved a total of 0 tweets across 1 pages
[2025-05-26 04:27:35] WARNING: No new tweets found with trust commands. Exiting without error.
[2025-05-26 04:27:35] WARNING: Collection complete!
[2025-05-26 04:27:35] WARNING: - 0 trust assignments processed
[2025-05-26 04:27:35] WARNING: - 2 users in trust network
[2025-05-26 04:27:35] WARNING: - 31 total trust relationships
[2025-05-26 04:37:33] WARNING: === Starting Twitter Trust System Collection ===
[2025-05-26 04:37:33] WARNING: Will collect tweets until reaching previous timestamp: 2025-05-12 06:54:05+00:00
[2025-05-26 04:37:33] WARNING: Retrieving page 1...
[2025-05-26 04:37:35] WARNING: Newest tweet is from: 2025-05-12 06:54:05+00:00
[2025-05-26 04:37:35] WARNING: Reached stop point at tweet from 2025-05-12 06:54:05+00:00
[2025-05-26 04:37:35] WARNING: Retrieved 0 new tweets on page 1
[2025-05-26 04:37:35] WARNING: Stopping pagination as we've reached the stop point
[2025-05-26 04:37:35] WARNING: Retrieved a total of 0 tweets across 1 pages
[2025-05-26 04:37:35] WARNING: No new tweets found with trust commands. Exiting without error.
[2025-05-26 04:37:35] WARNING: Collection complete!
[2025-05-26 04:37:35] WARNING: - 0 trust assignments processed
[2025-05-26 04:37:35] WARNING: - 2 users in trust network
[2025-05-26 04:37:35] WARNING: - 31 total trust relationships
[2025-05-26 04:47:33] WARNING: === Starting Twitter Trust System Collection ===
[2025-05-26 04:47:33] WARNING: Will collect tweets until reaching previous timestamp: 2025-05-12 06:54:05+00:00
[2025-05-26 04:47:33] WARNING: Retrieving page 1...
[2025-05-26 04:47:35] WARNING: Newest tweet is from: 2025-05-12 06:54:05+00:00
[2025-05-26 04:47:35] WARNING: Reached stop point at tweet from 2025-05-12 06:54:05+00:00
[2025-05-26 04:47:35] WARNING: Retrieved 0 new tweets on page 1
[2025-05-26 04:47:35] WARNING: Stopping pagination as we've reached the stop point
[2025-05-26 04:47:35] WARNING: Retrieved a total of 0 tweets across 1 pages
[2025-05-26 04:47:35] WARNING: No new tweets found with trust commands. Exiting without error.
[2025-05-26 04:47:35] WARNING: Collection complete!
[2025-05-26 04:47:35] WARNING: - 0 trust assignments processed
[2025-05-26 04:47:35] WARNING: - 2 users in trust network
[2025-05-26 04:47:35] WARNING: - 31 total trust relationships
[2025-05-26 04:57:33] WARNING: === Starting Twitter Trust System Collection ===
[2025-05-26 04:57:33] WARNING: Will collect tweets until reaching previous timestamp: 2025-05-12 06:54:05+00:00
[2025-05-26 04:57:33] WARNING: Retrieving page 1...
[2025-05-26 04:57:35] WARNING: Newest tweet is from: 2025-05-12 06:54:05+00:00
[2025-05-26 04:57:35] WARNING: Reached stop point at tweet from 2025-05-12 06:54:05+00:00
[2025-05-26 04:57:35] WARNING: Retrieved 0 new tweets on page 1
[2025-05-26 04:57:35] WARNING: Stopping pagination as we've reached the stop point
[2025-05-26 04:57:35] WARNING: Retrieved a total of 0 tweets across 1 pages
[2025-05-26 04:57:35] WARNING: No new tweets found with trust commands. Exiting without error.
[2025-05-26 04:57:35] WARNING: Collection complete!
[2025-05-26 04:57:35] WARNING: - 0 trust assignments processed
[2025-05-26 04:57:35] WARNING: - 2 users in trust network
[2025-05-26 04:57:35] WARNING: - 31 total trust relationships
