[2025-05-18 00:37:33] WARNING: Will collect tweets until reaching previous timestamp: 2025-05-12 06:54:05+00:00
[2025-05-18 00:37:33] WARNING: Retrieving page 1...
[2025-05-18 00:37:35] WARNING: Newest tweet is from: 2025-05-12 06:54:05+00:00
[2025-05-18 00:37:35] WARNING: Reached stop point at tweet from 2025-05-12 06:54:05+00:00
[2025-05-18 00:37:35] WARNING: Retrieved 0 new tweets on page 1
[2025-05-18 00:37:35] WARNING: Stopping pagination as we've reached the stop point
[2025-05-18 00:37:35] WARNING: Retrieved a total of 0 tweets across 1 pages
[2025-05-18 00:37:35] WARNING: No new tweets found with trust commands. Exiting without error.
[2025-05-18 00:37:35] WARNING: Collection complete!
[2025-05-18 00:37:35] WARNING: - 0 trust assignments processed
[2025-05-18 00:37:35] WARNING: - 2 users in trust network
[2025-05-18 00:37:35] WARNING: - 31 total trust relationships
[2025-05-18 00:47:33] WARNING: === Starting Twitter Trust System Collection ===
[2025-05-18 00:47:33] WARNING: Will collect tweets until reaching previous timestamp: 2025-05-12 06:54:05+00:00
[2025-05-18 00:47:33] WARNING: Retrieving page 1...
[2025-05-18 00:47:35] WARNING: Newest tweet is from: 2025-05-12 06:54:05+00:00
[2025-05-18 00:47:35] WARNING: Reached stop point at tweet from 2025-05-12 06:54:05+00:00
[2025-05-18 00:47:35] WARNING: Retrieved 0 new tweets on page 1
[2025-05-18 00:47:35] WARNING: Stopping pagination as we've reached the stop point
[2025-05-18 00:47:35] WARNING: Retrieved a total of 0 tweets across 1 pages
[2025-05-18 00:47:35] WARNING: No new tweets found with trust commands. Exiting without error.
[2025-05-18 00:47:35] WARNING: Collection complete!
[2025-05-18 00:47:35] WARNING: - 0 trust assignments processed
[2025-05-18 00:47:35] WARNING: - 2 users in trust network
[2025-05-18 00:47:35] WARNING: - 31 total trust relationships
[2025-05-18 00:57:33] WARNING: === Starting Twitter Trust System Collection ===
[2025-05-18 00:57:33] WARNING: Will collect tweets until reaching previous timestamp: 2025-05-12 06:54:05+00:00
[2025-05-18 00:57:33] WARNING: Retrieving page 1...
[2025-05-18 00:57:35] WARNING: Newest tweet is from: 2025-05-12 06:54:05+00:00
[2025-05-18 00:57:35] WARNING: Reached stop point at tweet from 2025-05-12 06:54:05+00:00
[2025-05-18 00:57:35] WARNING: Retrieved 0 new tweets on page 1
[2025-05-18 00:57:35] WARNING: Stopping pagination as we've reached the stop point
[2025-05-18 00:57:35] WARNING: Retrieved a total of 0 tweets across 1 pages
[2025-05-18 00:57:35] WARNING: No new tweets found with trust commands. Exiting without error.
[2025-05-18 00:57:35] WARNING: Collection complete!
[2025-05-18 00:57:35] WARNING: - 0 trust assignments processed
[2025-05-18 00:57:35] WARNING: - 2 users in trust network
[2025-05-18 00:57:35] WARNING: - 31 total trust relationships
[2025-05-18 01:07:33] WARNING: === Starting Twitter Trust System Collection ===
[2025-05-18 01:07:33] WARNING: Will collect tweets until reaching previous timestamp: 2025-05-12 06:54:05+00:00
[2025-05-18 01:07:33] WARNING: Retrieving page 1...
[2025-05-18 01:07:37] WARNING: Newest tweet is from: 2025-05-12 06:54:05+00:00
[2025-05-18 01:07:37] WARNING: Reached stop point at tweet from 2025-05-12 06:54:05+00:00
[2025-05-18 01:07:37] WARNING: Retrieved 0 new tweets on page 1
[2025-05-18 01:07:37] WARNING: Stopping pagination as we've reached the stop point
[2025-05-18 01:07:37] WARNING: Retrieved a total of 0 tweets across 1 pages
[2025-05-18 01:07:37] WARNING: No new tweets found with trust commands. Exiting without error.
[2025-05-18 01:07:37] WARNING: Collection complete!
[2025-05-18 01:07:37] WARNING: - 0 trust assignments processed
[2025-05-18 01:07:37] WARNING: - 2 users in trust network
[2025-05-18 01:07:37] WARNING: - 31 total trust relationships
[2025-05-18 01:17:33] WARNING: === Starting Twitter Trust System Collection ===
[2025-05-18 01:17:33] WARNING: Will collect tweets until reaching previous timestamp: 2025-05-12 06:54:05+00:00
[2025-05-18 01:17:33] WARNING: Retrieving page 1...
[2025-05-18 01:17:36] WARNING: Newest tweet is from: 2025-05-12 06:54:05+00:00
[2025-05-18 01:17:36] WARNING: Reached stop point at tweet from 2025-05-12 06:54:05+00:00
[2025-05-18 01:17:36] WARNING: Retrieved 0 new tweets on page 1
[2025-05-18 01:17:36] WARNING: Stopping pagination as we've reached the stop point
[2025-05-18 01:17:36] WARNING: Retrieved a total of 0 tweets across 1 pages
[2025-05-18 01:17:36] WARNING: No new tweets found with trust commands. Exiting without error.
[2025-05-18 01:17:36] WARNING: Collection complete!
[2025-05-18 01:17:36] WARNING: - 0 trust assignments processed
[2025-05-18 01:17:36] WARNING: - 2 users in trust network
[2025-05-18 01:17:36] WARNING: - 31 total trust relationships
[2025-05-18 01:27:33] WARNING: === Starting Twitter Trust System Collection ===
[2025-05-18 01:27:33] WARNING: Will collect tweets until reaching previous timestamp: 2025-05-12 06:54:05+00:00
[2025-05-18 01:27:33] WARNING: Retrieving page 1...
[2025-05-18 01:27:34] WARNING: Newest tweet is from: 2025-05-12 06:54:05+00:00
[2025-05-18 01:27:34] WARNING: Reached stop point at tweet from 2025-05-12 06:54:05+00:00
[2025-05-18 01:27:34] WARNING: Retrieved 0 new tweets on page 1
[2025-05-18 01:27:34] WARNING: Stopping pagination as we've reached the stop point
[2025-05-18 01:27:34] WARNING: Retrieved a total of 0 tweets across 1 pages
[2025-05-18 01:27:34] WARNING: No new tweets found with trust commands. Exiting without error.
[2025-05-18 01:27:34] WARNING: Collection complete!
[2025-05-18 01:27:34] WARNING: - 0 trust assignments processed
[2025-05-18 01:27:34] WARNING: - 2 users in trust network
[2025-05-18 01:27:34] WARNING: - 31 total trust relationships
[2025-05-18 01:37:33] WARNING: === Starting Twitter Trust System Collection ===
[2025-05-18 01:37:33] WARNING: Will collect tweets until reaching previous timestamp: 2025-05-12 06:54:05+00:00
[2025-05-18 01:37:33] WARNING: Retrieving page 1...
[2025-05-18 01:37:35] WARNING: Newest tweet is from: 2025-05-12 06:54:05+00:00
[2025-05-18 01:37:35] WARNING: Reached stop point at tweet from 2025-05-12 06:54:05+00:00
[2025-05-18 01:37:35] WARNING: Retrieved 0 new tweets on page 1
[2025-05-18 01:37:35] WARNING: Stopping pagination as we've reached the stop point
[2025-05-18 01:37:35] WARNING: Retrieved a total of 0 tweets across 1 pages
[2025-05-18 01:37:35] WARNING: No new tweets found with trust commands. Exiting without error.
[2025-05-18 01:37:35] WARNING: Collection complete!
[2025-05-18 01:37:35] WARNING: - 0 trust assignments processed
[2025-05-18 01:37:35] WARNING: - 2 users in trust network
[2025-05-18 01:37:35] WARNING: - 31 total trust relationships
[2025-05-18 01:47:33] WARNING: === Starting Twitter Trust System Collection ===
[2025-05-18 01:47:33] WARNING: Will collect tweets until reaching previous timestamp: 2025-05-12 06:54:05+00:00
[2025-05-18 01:47:33] WARNING: Retrieving page 1...
[2025-05-18 01:47:35] WARNING: Newest tweet is from: 2025-05-12 06:54:05+00:00
[2025-05-18 01:47:35] WARNING: Reached stop point at tweet from 2025-05-12 06:54:05+00:00
[2025-05-18 01:47:35] WARNING: Retrieved 0 new tweets on page 1
[2025-05-18 01:47:35] WARNING: Stopping pagination as we've reached the stop point
[2025-05-18 01:47:35] WARNING: Retrieved a total of 0 tweets across 1 pages
[2025-05-18 01:47:35] WARNING: No new tweets found with trust commands. Exiting without error.
[2025-05-18 01:47:35] WARNING: Collection complete!
[2025-05-18 01:47:35] WARNING: - 0 trust assignments processed
[2025-05-18 01:47:35] WARNING: - 2 users in trust network
[2025-05-18 01:47:35] WARNING: - 31 total trust relationships
[2025-05-18 11:32:00] WARNING: === Starting Twitter Trust System Collection ===
[2025-05-18 11:32:00] WARNING: Will collect tweets until reaching previous timestamp: 2025-05-12 06:54:05+00:00
[2025-05-18 11:32:00] WARNING: Retrieving page 1...
[2025-05-18 11:32:02] WARNING: Newest tweet is from: 2025-05-12 06:54:05+00:00
[2025-05-18 11:32:02] WARNING: Reached stop point at tweet from 2025-05-12 06:54:05+00:00
[2025-05-18 11:32:02] WARNING: Retrieved 0 new tweets on page 1
[2025-05-18 11:32:02] WARNING: Stopping pagination as we've reached the stop point
[2025-05-18 11:32:02] WARNING: Retrieved a total of 0 tweets across 1 pages
[2025-05-18 11:32:02] WARNING: No new tweets found with trust commands. Exiting without error.
[2025-05-18 11:32:02] WARNING: Collection complete!
[2025-05-18 11:32:02] WARNING: - 0 trust assignments processed
[2025-05-18 11:32:02] WARNING: - 2 users in trust network
[2025-05-18 11:32:02] WARNING: - 31 total trust relationships
[2025-05-18 11:37:33] WARNING: === Starting Twitter Trust System Collection ===
[2025-05-18 11:37:33] WARNING: Will collect tweets until reaching previous timestamp: 2025-05-12 06:54:05+00:00
[2025-05-18 11:37:33] WARNING: Retrieving page 1...
[2025-05-18 11:37:35] WARNING: Newest tweet is from: 2025-05-12 06:54:05+00:00
[2025-05-18 11:37:35] WARNING: Reached stop point at tweet from 2025-05-12 06:54:05+00:00
[2025-05-18 11:37:35] WARNING: Retrieved 0 new tweets on page 1
[2025-05-18 11:37:35] WARNING: Stopping pagination as we've reached the stop point
[2025-05-18 11:37:35] WARNING: Retrieved a total of 0 tweets across 1 pages
[2025-05-18 11:37:35] WARNING: No new tweets found with trust commands. Exiting without error.
[2025-05-18 11:37:35] WARNING: Collection complete!
[2025-05-18 11:37:35] WARNING: - 0 trust assignments processed
[2025-05-18 11:37:35] WARNING: - 2 users in trust network
[2025-05-18 11:37:35] WARNING: - 31 total trust relationships
[2025-05-18 11:47:33] WARNING: === Starting Twitter Trust System Collection ===
[2025-05-18 11:47:33] WARNING: Will collect tweets until reaching previous timestamp: 2025-05-12 06:54:05+00:00
[2025-05-18 11:47:33] WARNING: Retrieving page 1...
[2025-05-18 11:47:36] WARNING: Newest tweet is from: 2025-05-12 06:54:05+00:00
[2025-05-18 11:47:36] WARNING: Reached stop point at tweet from 2025-05-12 06:54:05+00:00
[2025-05-18 11:47:36] WARNING: Retrieved 0 new tweets on page 1
[2025-05-18 11:47:36] WARNING: Stopping pagination as we've reached the stop point
[2025-05-18 11:47:36] WARNING: Retrieved a total of 0 tweets across 1 pages
[2025-05-18 11:47:36] WARNING: No new tweets found with trust commands. Exiting without error.
[2025-05-18 11:47:36] WARNING: Collection complete!
[2025-05-18 11:47:36] WARNING: - 0 trust assignments processed
[2025-05-18 11:47:36] WARNING: - 2 users in trust network
[2025-05-18 11:47:36] WARNING: - 31 total trust relationships
[2025-05-18 11:57:33] WARNING: === Starting Twitter Trust System Collection ===
[2025-05-18 11:57:33] WARNING: Will collect tweets until reaching previous timestamp: 2025-05-12 06:54:05+00:00
[2025-05-18 11:57:33] WARNING: Retrieving page 1...
[2025-05-18 11:57:36] WARNING: Newest tweet is from: 2025-05-12 06:54:05+00:00
[2025-05-18 11:57:36] WARNING: Reached stop point at tweet from 2025-05-12 06:54:05+00:00
[2025-05-18 11:57:36] WARNING: Retrieved 0 new tweets on page 1
[2025-05-18 11:57:36] WARNING: Stopping pagination as we've reached the stop point
[2025-05-18 11:57:36] WARNING: Retrieved a total of 0 tweets across 1 pages
[2025-05-18 11:57:36] WARNING: No new tweets found with trust commands. Exiting without error.
[2025-05-18 11:57:36] WARNING: Collection complete!
[2025-05-18 11:57:36] WARNING: - 0 trust assignments processed
[2025-05-18 11:57:36] WARNING: - 2 users in trust network
[2025-05-18 11:57:36] WARNING: - 31 total trust relationships
[2025-05-18 12:07:33] WARNING: === Starting Twitter Trust System Collection ===
[2025-05-18 12:07:33] WARNING: Will collect tweets until reaching previous timestamp: 2025-05-12 06:54:05+00:00
[2025-05-18 12:07:33] WARNING: Retrieving page 1...
[2025-05-18 12:07:35] WARNING: Newest tweet is from: 2025-05-12 06:54:05+00:00
[2025-05-18 12:07:35] WARNING: Reached stop point at tweet from 2025-05-12 06:54:05+00:00
[2025-05-18 12:07:35] WARNING: Retrieved 0 new tweets on page 1
[2025-05-18 12:07:35] WARNING: Stopping pagination as we've reached the stop point
[2025-05-18 12:07:35] WARNING: Retrieved a total of 0 tweets across 1 pages
[2025-05-18 12:07:35] WARNING: No new tweets found with trust commands. Exiting without error.
[2025-05-18 12:07:35] WARNING: Collection complete!
[2025-05-18 12:07:35] WARNING: - 0 trust assignments processed
[2025-05-18 12:07:35] WARNING: - 2 users in trust network
[2025-05-18 12:07:35] WARNING: - 31 total trust relationships
[2025-05-18 12:17:33] WARNING: === Starting Twitter Trust System Collection ===
[2025-05-18 12:17:33] WARNING: Will collect tweets until reaching previous timestamp: 2025-05-12 06:54:05+00:00
[2025-05-18 12:17:33] WARNING: Retrieving page 1...
[2025-05-18 12:17:34] WARNING: Newest tweet is from: 2025-05-12 06:54:05+00:00
[2025-05-18 12:17:34] WARNING: Reached stop point at tweet from 2025-05-12 06:54:05+00:00
[2025-05-18 12:17:34] WARNING: Retrieved 0 new tweets on page 1
[2025-05-18 12:17:34] WARNING: Stopping pagination as we've reached the stop point
[2025-05-18 12:17:34] WARNING: Retrieved a total of 0 tweets across 1 pages
[2025-05-18 12:17:34] WARNING: No new tweets found with trust commands. Exiting without error.
[2025-05-18 12:17:34] WARNING: Collection complete!
[2025-05-18 12:17:34] WARNING: - 0 trust assignments processed
[2025-05-18 12:17:34] WARNING: - 2 users in trust network
[2025-05-18 12:17:34] WARNING: - 31 total trust relationships
[2025-05-18 12:31:36] WARNING: === Starting Twitter Trust System Collection ===
[2025-05-18 12:31:36] WARNING: Will collect tweets until reaching previous timestamp: 2025-05-12 06:54:05+00:00
[2025-05-18 12:31:36] WARNING: Retrieving page 1...
[2025-05-18 12:31:38] WARNING: Newest tweet is from: 2025-05-12 06:54:05+00:00
[2025-05-18 12:31:38] WARNING: Reached stop point at tweet from 2025-05-12 06:54:05+00:00
[2025-05-18 12:31:38] WARNING: Retrieved 0 new tweets on page 1
[2025-05-18 12:31:38] WARNING: Stopping pagination as we've reached the stop point
[2025-05-18 12:31:38] WARNING: Retrieved a total of 0 tweets across 1 pages
[2025-05-18 12:31:38] WARNING: No new tweets found with trust commands. Exiting without error.
[2025-05-18 12:31:38] WARNING: Collection complete!
[2025-05-18 12:31:38] WARNING: - 0 trust assignments processed
[2025-05-18 12:31:38] WARNING: - 2 users in trust network
[2025-05-18 12:31:38] WARNING: - 31 total trust relationships
[2025-05-18 12:37:34] WARNING: === Starting Twitter Trust System Collection ===
[2025-05-18 12:37:34] WARNING: Will collect tweets until reaching previous timestamp: 2025-05-12 06:54:05+00:00
[2025-05-18 12:37:34] WARNING: Retrieving page 1...
[2025-05-18 12:37:36] WARNING: Newest tweet is from: 2025-05-12 06:54:05+00:00
[2025-05-18 12:37:36] WARNING: Reached stop point at tweet from 2025-05-12 06:54:05+00:00
[2025-05-18 12:37:36] WARNING: Retrieved 0 new tweets on page 1
[2025-05-18 12:37:36] WARNING: Stopping pagination as we've reached the stop point
[2025-05-18 12:37:36] WARNING: Retrieved a total of 0 tweets across 1 pages
[2025-05-18 12:37:36] WARNING: No new tweets found with trust commands. Exiting without error.
[2025-05-18 12:37:36] WARNING: Collection complete!
[2025-05-18 12:37:36] WARNING: - 0 trust assignments processed
[2025-05-18 12:37:36] WARNING: - 2 users in trust network
[2025-05-18 12:37:36] WARNING: - 31 total trust relationships
[2025-05-18 12:47:33] WARNING: === Starting Twitter Trust System Collection ===
[2025-05-18 12:47:33] WARNING: Will collect tweets until reaching previous timestamp: 2025-05-12 06:54:05+00:00
[2025-05-18 12:47:33] WARNING: Retrieving page 1...
[2025-05-18 12:47:35] WARNING: Newest tweet is from: 2025-05-12 06:54:05+00:00
[2025-05-18 12:47:35] WARNING: Reached stop point at tweet from 2025-05-12 06:54:05+00:00
[2025-05-18 12:47:35] WARNING: Retrieved 0 new tweets on page 1
[2025-05-18 12:47:35] WARNING: Stopping pagination as we've reached the stop point
[2025-05-18 12:47:35] WARNING: Retrieved a total of 0 tweets across 1 pages
[2025-05-18 12:47:35] WARNING: No new tweets found with trust commands. Exiting without error.
[2025-05-18 12:47:35] WARNING: Collection complete!
[2025-05-18 12:47:35] WARNING: - 0 trust assignments processed
[2025-05-18 12:47:35] WARNING: - 2 users in trust network
[2025-05-18 12:47:35] WARNING: - 31 total trust relationships
[2025-05-18 12:57:33] WARNING: === Starting Twitter Trust System Collection ===
[2025-05-18 12:57:33] WARNING: Will collect tweets until reaching previous timestamp: 2025-05-12 06:54:05+00:00
[2025-05-18 12:57:33] WARNING: Retrieving page 1...
[2025-05-18 12:57:35] WARNING: Newest tweet is from: 2025-05-12 06:54:05+00:00
[2025-05-18 12:57:35] WARNING: Reached stop point at tweet from 2025-05-12 06:54:05+00:00
[2025-05-18 12:57:35] WARNING: Retrieved 0 new tweets on page 1
[2025-05-18 12:57:35] WARNING: Stopping pagination as we've reached the stop point
[2025-05-18 12:57:35] WARNING: Retrieved a total of 0 tweets across 1 pages
[2025-05-18 12:57:35] WARNING: No new tweets found with trust commands. Exiting without error.
[2025-05-18 12:57:35] WARNING: Collection complete!
[2025-05-18 12:57:35] WARNING: - 0 trust assignments processed
[2025-05-18 12:57:35] WARNING: - 2 users in trust network
[2025-05-18 12:57:35] WARNING: - 31 total trust relationships
[2025-05-18 19:19:23] WARNING: === Starting Twitter Trust System Collection ===
[2025-05-18 19:19:23] WARNING: Will collect tweets until reaching previous timestamp: 2025-05-12 06:54:05+00:00
[2025-05-18 19:19:23] WARNING: Retrieving page 1...
[2025-05-18 19:19:24] WARNING: Newest tweet is from: 2025-05-12 06:54:05+00:00
[2025-05-18 19:19:24] WARNING: Reached stop point at tweet from 2025-05-12 06:54:05+00:00
[2025-05-18 19:19:24] WARNING: Retrieved 0 new tweets on page 1
[2025-05-18 19:19:24] WARNING: Stopping pagination as we've reached the stop point
[2025-05-18 19:19:24] WARNING: Retrieved a total of 0 tweets across 1 pages
[2025-05-18 19:19:24] WARNING: No new tweets found with trust commands. Exiting without error.
[2025-05-18 19:19:24] WARNING: Collection complete!
[2025-05-18 19:19:24] WARNING: - 0 trust assignments processed
[2025-05-18 19:19:24] WARNING: - 2 users in trust network
[2025-05-18 19:19:24] WARNING: - 31 total trust relationships
[2025-05-18 19:27:33] WARNING: === Starting Twitter Trust System Collection ===
[2025-05-18 19:27:33] WARNING: Will collect tweets until reaching previous timestamp: 2025-05-12 06:54:05+00:00
[2025-05-18 19:27:33] WARNING: Retrieving page 1...
[2025-05-18 19:27:41] WARNING: Newest tweet is from: 2025-05-12 06:54:05+00:00
[2025-05-18 19:27:41] WARNING: Reached stop point at tweet from 2025-05-12 06:54:05+00:00
[2025-05-18 19:27:41] WARNING: Retrieved 0 new tweets on page 1
[2025-05-18 19:27:41] WARNING: Stopping pagination as we've reached the stop point
[2025-05-18 19:27:41] WARNING: Retrieved a total of 0 tweets across 1 pages
[2025-05-18 19:27:41] WARNING: No new tweets found with trust commands. Exiting without error.
[2025-05-18 19:27:41] WARNING: Collection complete!
[2025-05-18 19:27:41] WARNING: - 0 trust assignments processed
[2025-05-18 19:27:41] WARNING: - 2 users in trust network
[2025-05-18 19:27:41] WARNING: - 31 total trust relationships
[2025-05-18 19:37:33] WARNING: === Starting Twitter Trust System Collection ===
[2025-05-18 19:37:33] WARNING: Will collect tweets until reaching previous timestamp: 2025-05-12 06:54:05+00:00
[2025-05-18 19:37:33] WARNING: Retrieving page 1...
[2025-05-18 19:37:35] WARNING: Newest tweet is from: 2025-05-12 06:54:05+00:00
[2025-05-18 19:37:35] WARNING: Reached stop point at tweet from 2025-05-12 06:54:05+00:00
[2025-05-18 19:37:35] WARNING: Retrieved 0 new tweets on page 1
[2025-05-18 19:37:35] WARNING: Stopping pagination as we've reached the stop point
[2025-05-18 19:37:35] WARNING: Retrieved a total of 0 tweets across 1 pages
[2025-05-18 19:37:35] WARNING: No new tweets found with trust commands. Exiting without error.
[2025-05-18 19:37:35] WARNING: Collection complete!
[2025-05-18 19:37:35] WARNING: - 0 trust assignments processed
[2025-05-18 19:37:35] WARNING: - 2 users in trust network
[2025-05-18 19:37:35] WARNING: - 31 total trust relationships
[2025-05-18 19:47:33] WARNING: === Starting Twitter Trust System Collection ===
[2025-05-18 19:47:33] WARNING: Will collect tweets until reaching previous timestamp: 2025-05-12 06:54:05+00:00
[2025-05-18 19:47:33] WARNING: Retrieving page 1...
[2025-05-18 19:47:34] WARNING: Newest tweet is from: 2025-05-12 06:54:05+00:00
[2025-05-18 19:47:34] WARNING: Reached stop point at tweet from 2025-05-12 06:54:05+00:00
[2025-05-18 19:47:34] WARNING: Retrieved 0 new tweets on page 1
[2025-05-18 19:47:34] WARNING: Stopping pagination as we've reached the stop point
[2025-05-18 19:47:34] WARNING: Retrieved a total of 0 tweets across 1 pages
[2025-05-18 19:47:34] WARNING: No new tweets found with trust commands. Exiting without error.
[2025-05-18 19:47:34] WARNING: Collection complete!
[2025-05-18 19:47:34] WARNING: - 0 trust assignments processed
[2025-05-18 19:47:34] WARNING: - 2 users in trust network
[2025-05-18 19:47:34] WARNING: - 31 total trust relationships
[2025-05-18 19:57:33] WARNING: === Starting Twitter Trust System Collection ===
[2025-05-18 19:57:33] WARNING: Will collect tweets until reaching previous timestamp: 2025-05-12 06:54:05+00:00
[2025-05-18 19:57:33] WARNING: Retrieving page 1...
[2025-05-18 19:57:35] WARNING: Newest tweet is from: 2025-05-12 06:54:05+00:00
[2025-05-18 19:57:35] WARNING: Reached stop point at tweet from 2025-05-12 06:54:05+00:00
[2025-05-18 19:57:35] WARNING: Retrieved 0 new tweets on page 1
[2025-05-18 19:57:35] WARNING: Stopping pagination as we've reached the stop point
[2025-05-18 19:57:35] WARNING: Retrieved a total of 0 tweets across 1 pages
[2025-05-18 19:57:35] WARNING: No new tweets found with trust commands. Exiting without error.
[2025-05-18 19:57:35] WARNING: Collection complete!
[2025-05-18 19:57:35] WARNING: - 0 trust assignments processed
[2025-05-18 19:57:35] WARNING: - 2 users in trust network
[2025-05-18 19:57:35] WARNING: - 31 total trust relationships
[2025-05-18 20:07:33] WARNING: === Starting Twitter Trust System Collection ===
[2025-05-18 20:07:33] WARNING: Will collect tweets until reaching previous timestamp: 2025-05-12 06:54:05+00:00
[2025-05-18 20:07:33] WARNING: Retrieving page 1...
[2025-05-18 20:07:34] WARNING: Newest tweet is from: 2025-05-12 06:54:05+00:00
[2025-05-18 20:07:34] WARNING: Reached stop point at tweet from 2025-05-12 06:54:05+00:00
[2025-05-18 20:07:34] WARNING: Retrieved 0 new tweets on page 1
[2025-05-18 20:07:34] WARNING: Stopping pagination as we've reached the stop point
[2025-05-18 20:07:34] WARNING: Retrieved a total of 0 tweets across 1 pages
[2025-05-18 20:07:34] WARNING: No new tweets found with trust commands. Exiting without error.
[2025-05-18 20:07:34] WARNING: Collection complete!
[2025-05-18 20:07:34] WARNING: - 0 trust assignments processed
[2025-05-18 20:07:34] WARNING: - 2 users in trust network
[2025-05-18 20:07:34] WARNING: - 31 total trust relationships
[2025-05-18 20:17:33] WARNING: === Starting Twitter Trust System Collection ===
[2025-05-18 20:17:33] WARNING: Will collect tweets until reaching previous timestamp: 2025-05-12 06:54:05+00:00
[2025-05-18 20:17:33] WARNING: Retrieving page 1...
[2025-05-18 20:17:35] WARNING: Newest tweet is from: 2025-05-12 06:54:05+00:00
[2025-05-18 20:17:35] WARNING: Reached stop point at tweet from 2025-05-12 06:54:05+00:00
[2025-05-18 20:17:35] WARNING: Retrieved 0 new tweets on page 1
[2025-05-18 20:17:35] WARNING: Stopping pagination as we've reached the stop point
[2025-05-18 20:17:35] WARNING: Retrieved a total of 0 tweets across 1 pages
[2025-05-18 20:17:35] WARNING: No new tweets found with trust commands. Exiting without error.
[2025-05-18 20:17:35] WARNING: Collection complete!
[2025-05-18 20:17:35] WARNING: - 0 trust assignments processed
[2025-05-18 20:17:35] WARNING: - 2 users in trust network
[2025-05-18 20:17:35] WARNING: - 31 total trust relationships
[2025-05-18 20:27:33] WARNING: === Starting Twitter Trust System Collection ===
[2025-05-18 20:27:33] WARNING: Will collect tweets until reaching previous timestamp: 2025-05-12 06:54:05+00:00
[2025-05-18 20:27:33] WARNING: Retrieving page 1...
[2025-05-18 20:27:47] WARNING: Newest tweet is from: 2025-05-12 06:54:05+00:00
[2025-05-18 20:27:47] WARNING: Reached stop point at tweet from 2025-05-12 06:54:05+00:00
[2025-05-18 20:27:47] WARNING: Retrieved 0 new tweets on page 1
[2025-05-18 20:27:47] WARNING: Stopping pagination as we've reached the stop point
[2025-05-18 20:27:47] WARNING: Retrieved a total of 0 tweets across 1 pages
[2025-05-18 20:27:47] WARNING: No new tweets found with trust commands. Exiting without error.
[2025-05-18 20:27:47] WARNING: Collection complete!
[2025-05-18 20:27:47] WARNING: - 0 trust assignments processed
[2025-05-18 20:27:47] WARNING: - 2 users in trust network
[2025-05-18 20:27:47] WARNING: - 31 total trust relationships
[2025-05-18 20:37:38] WARNING: === Starting Twitter Trust System Collection ===
[2025-05-18 20:37:38] WARNING: Will collect tweets until reaching previous timestamp: 2025-05-12 06:54:05+00:00
[2025-05-18 20:37:38] WARNING: Retrieving page 1...
[2025-05-18 20:37:51] WARNING: Newest tweet is from: 2025-05-12 06:54:05+00:00
[2025-05-18 20:37:51] WARNING: Reached stop point at tweet from 2025-05-12 06:54:05+00:00
[2025-05-18 20:37:51] WARNING: Retrieved 0 new tweets on page 1
[2025-05-18 20:37:51] WARNING: Stopping pagination as we've reached the stop point
[2025-05-18 20:37:51] WARNING: Retrieved a total of 0 tweets across 1 pages
[2025-05-18 20:37:51] WARNING: No new tweets found with trust commands. Exiting without error.
[2025-05-18 20:37:51] WARNING: Collection complete!
[2025-05-18 20:37:51] WARNING: - 0 trust assignments processed
[2025-05-18 20:37:51] WARNING: - 2 users in trust network
[2025-05-18 20:37:51] WARNING: - 31 total trust relationships
[2025-05-18 20:47:33] WARNING: === Starting Twitter Trust System Collection ===
[2025-05-18 20:47:33] WARNING: Will collect tweets until reaching previous timestamp: 2025-05-12 06:54:05+00:00
[2025-05-18 20:47:33] WARNING: Retrieving page 1...
[2025-05-18 20:47:40] WARNING: Newest tweet is from: 2025-05-12 06:54:05+00:00
[2025-05-18 20:47:40] WARNING: Reached stop point at tweet from 2025-05-12 06:54:05+00:00
[2025-05-18 20:47:40] WARNING: Retrieved 0 new tweets on page 1
[2025-05-18 20:47:40] WARNING: Stopping pagination as we've reached the stop point
[2025-05-18 20:47:40] WARNING: Retrieved a total of 0 tweets across 1 pages
[2025-05-18 20:47:40] WARNING: No new tweets found with trust commands. Exiting without error.
[2025-05-18 20:47:40] WARNING: Collection complete!
[2025-05-18 20:47:40] WARNING: - 0 trust assignments processed
[2025-05-18 20:47:40] WARNING: - 2 users in trust network
[2025-05-18 20:47:40] WARNING: - 31 total trust relationships
[2025-05-18 20:57:33] WARNING: === Starting Twitter Trust System Collection ===
[2025-05-18 20:57:33] WARNING: Will collect tweets until reaching previous timestamp: 2025-05-12 06:54:05+00:00
[2025-05-18 20:57:33] WARNING: Retrieving page 1...
[2025-05-18 20:57:54] WARNING: Newest tweet is from: 2025-05-12 06:54:05+00:00
[2025-05-18 20:57:54] WARNING: Reached stop point at tweet from 2025-05-12 06:54:05+00:00
[2025-05-18 20:57:54] WARNING: Retrieved 0 new tweets on page 1
[2025-05-18 20:57:54] WARNING: Stopping pagination as we've reached the stop point
[2025-05-18 20:57:54] WARNING: Retrieved a total of 0 tweets across 1 pages
[2025-05-18 20:57:54] WARNING: No new tweets found with trust commands. Exiting without error.
[2025-05-18 20:57:54] WARNING: Collection complete!
[2025-05-18 20:57:54] WARNING: - 0 trust assignments processed
[2025-05-18 20:57:54] WARNING: - 2 users in trust network
[2025-05-18 20:57:54] WARNING: - 31 total trust relationships
[2025-05-18 21:07:33] WARNING: === Starting Twitter Trust System Collection ===
[2025-05-18 21:07:33] WARNING: Will collect tweets until reaching previous timestamp: 2025-05-12 06:54:05+00:00
[2025-05-18 21:07:33] WARNING: Retrieving page 1...
[2025-05-18 21:07:54] WARNING: Error retrieving page 1: Expecting value: line 1 column 1 (char 0)
[2025-05-18 21:07:54] WARNING: Retrieved a total of 0 tweets across 1 pages
[2025-05-18 21:07:54] WARNING: No new tweets found with trust commands. Exiting without error.
[2025-05-18 21:07:54] WARNING: Collection complete!
[2025-05-18 21:07:54] WARNING: - 0 trust assignments processed
[2025-05-18 21:07:54] WARNING: - 2 users in trust network
[2025-05-18 21:07:54] WARNING: - 31 total trust relationships
[2025-05-18 21:17:33] WARNING: === Starting Twitter Trust System Collection ===
[2025-05-18 21:17:33] WARNING: Will collect tweets until reaching previous timestamp: 2025-05-12 06:54:05+00:00
[2025-05-18 21:17:33] WARNING: Retrieving page 1...
[2025-05-18 21:17:36] WARNING: Newest tweet is from: 2025-05-12 06:54:05+00:00
[2025-05-18 21:17:36] WARNING: Reached stop point at tweet from 2025-05-12 06:54:05+00:00
[2025-05-18 21:17:36] WARNING: Retrieved 0 new tweets on page 1
[2025-05-18 21:17:36] WARNING: Stopping pagination as we've reached the stop point
[2025-05-18 21:17:36] WARNING: Retrieved a total of 0 tweets across 1 pages
[2025-05-18 21:17:36] WARNING: No new tweets found with trust commands. Exiting without error.
[2025-05-18 21:17:36] WARNING: Collection complete!
[2025-05-18 21:17:36] WARNING: - 0 trust assignments processed
[2025-05-18 21:17:36] WARNING: - 2 users in trust network
[2025-05-18 21:17:36] WARNING: - 31 total trust relationships
[2025-05-18 21:27:33] WARNING: === Starting Twitter Trust System Collection ===
[2025-05-18 21:27:33] WARNING: Will collect tweets until reaching previous timestamp: 2025-05-12 06:54:05+00:00
[2025-05-18 21:27:33] WARNING: Retrieving page 1...
[2025-05-18 21:27:54] WARNING: Error retrieving page 1: Expecting value: line 1 column 1 (char 0)
[2025-05-18 21:27:54] WARNING: Retrieved a total of 0 tweets across 1 pages
[2025-05-18 21:27:54] WARNING: No new tweets found with trust commands. Exiting without error.
[2025-05-18 21:27:54] WARNING: Collection complete!
[2025-05-18 21:27:54] WARNING: - 0 trust assignments processed
[2025-05-18 21:27:54] WARNING: - 2 users in trust network
[2025-05-18 21:27:54] WARNING: - 31 total trust relationships
[2025-05-18 21:37:33] WARNING: === Starting Twitter Trust System Collection ===
[2025-05-18 21:37:33] WARNING: Will collect tweets until reaching previous timestamp: 2025-05-12 06:54:05+00:00
[2025-05-18 21:37:33] WARNING: Retrieving page 1...
[2025-05-18 21:37:54] WARNING: Error retrieving page 1: Expecting value: line 1 column 1 (char 0)
[2025-05-18 21:37:54] WARNING: Retrieved a total of 0 tweets across 1 pages
[2025-05-18 21:37:54] WARNING: No new tweets found with trust commands. Exiting without error.
[2025-05-18 21:37:54] WARNING: Collection complete!
[2025-05-18 21:37:54] WARNING: - 0 trust assignments processed
[2025-05-18 21:37:54] WARNING: - 2 users in trust network
[2025-05-18 21:37:54] WARNING: - 31 total trust relationships
[2025-05-18 21:47:33] WARNING: === Starting Twitter Trust System Collection ===
[2025-05-18 21:47:33] WARNING: Will collect tweets until reaching previous timestamp: 2025-05-12 06:54:05+00:00
[2025-05-18 21:47:33] WARNING: Retrieving page 1...
[2025-05-18 21:47:55] WARNING: Error retrieving page 1: Expecting value: line 1 column 1 (char 0)
[2025-05-18 21:47:55] WARNING: Retrieved a total of 0 tweets across 1 pages
[2025-05-18 21:47:55] WARNING: No new tweets found with trust commands. Exiting without error.
[2025-05-18 21:47:55] WARNING: Collection complete!
[2025-05-18 21:47:55] WARNING: - 0 trust assignments processed
[2025-05-18 21:47:55] WARNING: - 2 users in trust network
[2025-05-18 21:47:55] WARNING: - 31 total trust relationships
[2025-05-18 21:57:33] WARNING: === Starting Twitter Trust System Collection ===
[2025-05-18 21:57:33] WARNING: Will collect tweets until reaching previous timestamp: 2025-05-12 06:54:05+00:00
[2025-05-18 21:57:33] WARNING: Retrieving page 1...
[2025-05-18 21:57:54] WARNING: Error retrieving page 1: Expecting value: line 1 column 1 (char 0)
[2025-05-18 21:57:54] WARNING: Retrieved a total of 0 tweets across 1 pages
[2025-05-18 21:57:54] WARNING: No new tweets found with trust commands. Exiting without error.
[2025-05-18 21:57:54] WARNING: Collection complete!
[2025-05-18 21:57:54] WARNING: - 0 trust assignments processed
[2025-05-18 21:57:54] WARNING: - 2 users in trust network
[2025-05-18 21:57:54] WARNING: - 31 total trust relationships
[2025-05-18 22:07:33] WARNING: === Starting Twitter Trust System Collection ===
[2025-05-18 22:07:33] WARNING: Will collect tweets until reaching previous timestamp: 2025-05-12 06:54:05+00:00
[2025-05-18 22:07:33] WARNING: Retrieving page 1...
[2025-05-18 22:07:54] WARNING: Error retrieving page 1: Expecting value: line 1 column 1 (char 0)
[2025-05-18 22:07:54] WARNING: Retrieved a total of 0 tweets across 1 pages
[2025-05-18 22:07:54] WARNING: No new tweets found with trust commands. Exiting without error.
[2025-05-18 22:07:54] WARNING: Collection complete!
[2025-05-18 22:07:54] WARNING: - 0 trust assignments processed
[2025-05-18 22:07:54] WARNING: - 2 users in trust network
[2025-05-18 22:07:54] WARNING: - 31 total trust relationships
