[2025-06-08 20:07:34] WARNING: Reached stop point at tweet from 2025-05-12 06:54:05+00:00
[2025-06-08 20:07:34] WARNING: Retrieved 0 new tweets on page 1
[2025-06-08 20:07:34] WARNING: Stopping pagination as we've reached the stop point
[2025-06-08 20:07:34] WARNING: Retrieved a total of 0 tweets across 1 pages
[2025-06-08 20:07:34] WARNING: No new tweets found with trust commands. Exiting without error.
[2025-06-08 20:07:34] WARNING: Collection complete!
[2025-06-08 20:07:34] WARNING: - 0 trust assignments processed
[2025-06-08 20:07:34] WARNING: - 2 users in trust network
[2025-06-08 20:07:34] WARNING: - 31 total trust relationships
[2025-06-08 20:17:33] WARNING: === Starting Twitter Trust System Collection ===
[2025-06-08 20:17:33] WARNING: Will collect tweets until reaching previous timestamp: 2025-05-12 06:54:05+00:00
[2025-06-08 20:17:33] WARNING: Retrieving page 1...
[2025-06-08 20:17:34] WARNING: Newest tweet is from: 2025-05-12 06:54:05+00:00
[2025-06-08 20:17:34] WARNING: Reached stop point at tweet from 2025-05-12 06:54:05+00:00
[2025-06-08 20:17:34] WARNING: Retrieved 0 new tweets on page 1
[2025-06-08 20:17:34] WARNING: Stopping pagination as we've reached the stop point
[2025-06-08 20:17:34] WARNING: Retrieved a total of 0 tweets across 1 pages
[2025-06-08 20:17:34] WARNING: No new tweets found with trust commands. Exiting without error.
[2025-06-08 20:17:34] WARNING: Collection complete!
[2025-06-08 20:17:34] WARNING: - 0 trust assignments processed
[2025-06-08 20:17:34] WARNING: - 2 users in trust network
[2025-06-08 20:17:34] WARNING: - 31 total trust relationships
[2025-06-08 20:27:33] WARNING: === Starting Twitter Trust System Collection ===
[2025-06-08 20:27:33] WARNING: Will collect tweets until reaching previous timestamp: 2025-05-12 06:54:05+00:00
[2025-06-08 20:27:33] WARNING: Retrieving page 1...
[2025-06-08 20:27:36] WARNING: Newest tweet is from: 2025-05-12 06:54:05+00:00
[2025-06-08 20:27:36] WARNING: Reached stop point at tweet from 2025-05-12 06:54:05+00:00
[2025-06-08 20:27:36] WARNING: Retrieved 0 new tweets on page 1
[2025-06-08 20:27:36] WARNING: Stopping pagination as we've reached the stop point
[2025-06-08 20:27:36] WARNING: Retrieved a total of 0 tweets across 1 pages
[2025-06-08 20:27:36] WARNING: No new tweets found with trust commands. Exiting without error.
[2025-06-08 20:27:36] WARNING: Collection complete!
[2025-06-08 20:27:36] WARNING: - 0 trust assignments processed
[2025-06-08 20:27:36] WARNING: - 2 users in trust network
[2025-06-08 20:27:36] WARNING: - 31 total trust relationships
[2025-06-08 20:37:33] WARNING: === Starting Twitter Trust System Collection ===
[2025-06-08 20:37:33] WARNING: Will collect tweets until reaching previous timestamp: 2025-05-12 06:54:05+00:00
[2025-06-08 20:37:33] WARNING: Retrieving page 1...
[2025-06-08 20:37:36] WARNING: Newest tweet is from: 2025-05-12 06:54:05+00:00
[2025-06-08 20:37:36] WARNING: Reached stop point at tweet from 2025-05-12 06:54:05+00:00
[2025-06-08 20:37:36] WARNING: Retrieved 0 new tweets on page 1
[2025-06-08 20:37:36] WARNING: Stopping pagination as we've reached the stop point
[2025-06-08 20:37:36] WARNING: Retrieved a total of 0 tweets across 1 pages
[2025-06-08 20:37:36] WARNING: No new tweets found with trust commands. Exiting without error.
[2025-06-08 20:37:36] WARNING: Collection complete!
[2025-06-08 20:37:36] WARNING: - 0 trust assignments processed
[2025-06-08 20:37:36] WARNING: - 2 users in trust network
[2025-06-08 20:37:36] WARNING: - 31 total trust relationships
[2025-06-08 20:47:33] WARNING: === Starting Twitter Trust System Collection ===
[2025-06-08 20:47:33] WARNING: Will collect tweets until reaching previous timestamp: 2025-05-12 06:54:05+00:00
[2025-06-08 20:47:33] WARNING: Retrieving page 1...
[2025-06-08 20:47:34] WARNING: Newest tweet is from: 2025-05-12 06:54:05+00:00
[2025-06-08 20:47:34] WARNING: Reached stop point at tweet from 2025-05-12 06:54:05+00:00
[2025-06-08 20:47:34] WARNING: Retrieved 0 new tweets on page 1
[2025-06-08 20:47:34] WARNING: Stopping pagination as we've reached the stop point
[2025-06-08 20:47:34] WARNING: Retrieved a total of 0 tweets across 1 pages
[2025-06-08 20:47:34] WARNING: No new tweets found with trust commands. Exiting without error.
[2025-06-08 20:47:34] WARNING: Collection complete!
[2025-06-08 20:47:34] WARNING: - 0 trust assignments processed
[2025-06-08 20:47:34] WARNING: - 2 users in trust network
[2025-06-08 20:47:34] WARNING: - 31 total trust relationships
[2025-06-08 20:57:33] WARNING: === Starting Twitter Trust System Collection ===
[2025-06-08 20:57:33] WARNING: Will collect tweets until reaching previous timestamp: 2025-05-12 06:54:05+00:00
[2025-06-08 20:57:33] WARNING: Retrieving page 1...
[2025-06-08 20:57:35] WARNING: Newest tweet is from: 2025-05-12 06:54:05+00:00
[2025-06-08 20:57:35] WARNING: Reached stop point at tweet from 2025-05-12 06:54:05+00:00
[2025-06-08 20:57:35] WARNING: Retrieved 0 new tweets on page 1
[2025-06-08 20:57:35] WARNING: Stopping pagination as we've reached the stop point
[2025-06-08 20:57:35] WARNING: Retrieved a total of 0 tweets across 1 pages
[2025-06-08 20:57:35] WARNING: No new tweets found with trust commands. Exiting without error.
[2025-06-08 20:57:35] WARNING: Collection complete!
[2025-06-08 20:57:35] WARNING: - 0 trust assignments processed
[2025-06-08 20:57:35] WARNING: - 2 users in trust network
[2025-06-08 20:57:35] WARNING: - 31 total trust relationships
[2025-06-08 21:07:33] WARNING: === Starting Twitter Trust System Collection ===
[2025-06-08 21:07:33] WARNING: Will collect tweets until reaching previous timestamp: 2025-05-12 06:54:05+00:00
[2025-06-08 21:07:33] WARNING: Retrieving page 1...
[2025-06-08 21:07:36] WARNING: Newest tweet is from: 2025-05-12 06:54:05+00:00
[2025-06-08 21:07:36] WARNING: Reached stop point at tweet from 2025-05-12 06:54:05+00:00
[2025-06-08 21:07:36] WARNING: Retrieved 0 new tweets on page 1
[2025-06-08 21:07:36] WARNING: Stopping pagination as we've reached the stop point
[2025-06-08 21:07:36] WARNING: Retrieved a total of 0 tweets across 1 pages
[2025-06-08 21:07:36] WARNING: No new tweets found with trust commands. Exiting without error.
[2025-06-08 21:07:36] WARNING: Collection complete!
[2025-06-08 21:07:36] WARNING: - 0 trust assignments processed
[2025-06-08 21:07:36] WARNING: - 2 users in trust network
[2025-06-08 21:07:36] WARNING: - 31 total trust relationships
[2025-06-08 21:17:33] WARNING: === Starting Twitter Trust System Collection ===
[2025-06-08 21:17:33] WARNING: Will collect tweets until reaching previous timestamp: 2025-05-12 06:54:05+00:00
[2025-06-08 21:17:33] WARNING: Retrieving page 1...
[2025-06-08 21:17:35] WARNING: Newest tweet is from: 2025-05-12 06:54:05+00:00
[2025-06-08 21:17:35] WARNING: Reached stop point at tweet from 2025-05-12 06:54:05+00:00
[2025-06-08 21:17:35] WARNING: Retrieved 0 new tweets on page 1
[2025-06-08 21:17:35] WARNING: Stopping pagination as we've reached the stop point
[2025-06-08 21:17:35] WARNING: Retrieved a total of 0 tweets across 1 pages
[2025-06-08 21:17:35] WARNING: No new tweets found with trust commands. Exiting without error.
[2025-06-08 21:17:35] WARNING: Collection complete!
[2025-06-08 21:17:35] WARNING: - 0 trust assignments processed
[2025-06-08 21:17:35] WARNING: - 2 users in trust network
[2025-06-08 21:17:35] WARNING: - 31 total trust relationships
[2025-06-08 21:27:33] WARNING: === Starting Twitter Trust System Collection ===
[2025-06-08 21:27:33] WARNING: Will collect tweets until reaching previous timestamp: 2025-05-12 06:54:05+00:00
[2025-06-08 21:27:33] WARNING: Retrieving page 1...
[2025-06-08 21:27:35] WARNING: Newest tweet is from: 2025-05-12 06:54:05+00:00
[2025-06-08 21:27:35] WARNING: Reached stop point at tweet from 2025-05-12 06:54:05+00:00
[2025-06-08 21:27:35] WARNING: Retrieved 0 new tweets on page 1
[2025-06-08 21:27:35] WARNING: Stopping pagination as we've reached the stop point
[2025-06-08 21:27:35] WARNING: Retrieved a total of 0 tweets across 1 pages
[2025-06-08 21:27:35] WARNING: No new tweets found with trust commands. Exiting without error.
[2025-06-08 21:27:35] WARNING: Collection complete!
[2025-06-08 21:27:35] WARNING: - 0 trust assignments processed
[2025-06-08 21:27:35] WARNING: - 2 users in trust network
[2025-06-08 21:27:35] WARNING: - 31 total trust relationships
[2025-06-08 21:37:33] WARNING: === Starting Twitter Trust System Collection ===
[2025-06-08 21:37:33] WARNING: Will collect tweets until reaching previous timestamp: 2025-05-12 06:54:05+00:00
[2025-06-08 21:37:33] WARNING: Retrieving page 1...
[2025-06-08 21:37:35] WARNING: Newest tweet is from: 2025-05-12 06:54:05+00:00
[2025-06-08 21:37:35] WARNING: Reached stop point at tweet from 2025-05-12 06:54:05+00:00
[2025-06-08 21:37:35] WARNING: Retrieved 0 new tweets on page 1
[2025-06-08 21:37:35] WARNING: Stopping pagination as we've reached the stop point
[2025-06-08 21:37:35] WARNING: Retrieved a total of 0 tweets across 1 pages
[2025-06-08 21:37:35] WARNING: No new tweets found with trust commands. Exiting without error.
[2025-06-08 21:37:35] WARNING: Collection complete!
[2025-06-08 21:37:35] WARNING: - 0 trust assignments processed
[2025-06-08 21:37:35] WARNING: - 2 users in trust network
[2025-06-08 21:37:35] WARNING: - 31 total trust relationships
[2025-06-08 21:47:33] WARNING: === Starting Twitter Trust System Collection ===
[2025-06-08 21:47:33] WARNING: Will collect tweets until reaching previous timestamp: 2025-05-12 06:54:05+00:00
[2025-06-08 21:47:33] WARNING: Retrieving page 1...
[2025-06-08 21:47:35] WARNING: Newest tweet is from: 2025-05-12 06:54:05+00:00
[2025-06-08 21:47:35] WARNING: Reached stop point at tweet from 2025-05-12 06:54:05+00:00
[2025-06-08 21:47:35] WARNING: Retrieved 0 new tweets on page 1
[2025-06-08 21:47:35] WARNING: Stopping pagination as we've reached the stop point
[2025-06-08 21:47:35] WARNING: Retrieved a total of 0 tweets across 1 pages
[2025-06-08 21:47:35] WARNING: No new tweets found with trust commands. Exiting without error.
[2025-06-08 21:47:35] WARNING: Collection complete!
[2025-06-08 21:47:35] WARNING: - 0 trust assignments processed
[2025-06-08 21:47:35] WARNING: - 2 users in trust network
[2025-06-08 21:47:35] WARNING: - 31 total trust relationships
[2025-06-08 21:57:33] WARNING: === Starting Twitter Trust System Collection ===
[2025-06-08 21:57:33] WARNING: Will collect tweets until reaching previous timestamp: 2025-05-12 06:54:05+00:00
[2025-06-08 21:57:33] WARNING: Retrieving page 1...
[2025-06-08 21:57:34] WARNING: Newest tweet is from: 2025-05-12 06:54:05+00:00
[2025-06-08 21:57:34] WARNING: Reached stop point at tweet from 2025-05-12 06:54:05+00:00
[2025-06-08 21:57:34] WARNING: Retrieved 0 new tweets on page 1
[2025-06-08 21:57:34] WARNING: Stopping pagination as we've reached the stop point
[2025-06-08 21:57:34] WARNING: Retrieved a total of 0 tweets across 1 pages
[2025-06-08 21:57:34] WARNING: No new tweets found with trust commands. Exiting without error.
[2025-06-08 21:57:34] WARNING: Collection complete!
[2025-06-08 21:57:34] WARNING: - 0 trust assignments processed
[2025-06-08 21:57:34] WARNING: - 2 users in trust network
[2025-06-08 21:57:34] WARNING: - 31 total trust relationships
[2025-06-08 22:07:33] WARNING: === Starting Twitter Trust System Collection ===
[2025-06-08 22:07:33] WARNING: Will collect tweets until reaching previous timestamp: 2025-05-12 06:54:05+00:00
[2025-06-08 22:07:33] WARNING: Retrieving page 1...
[2025-06-08 22:07:34] WARNING: Newest tweet is from: 2025-05-12 06:54:05+00:00
[2025-06-08 22:07:34] WARNING: Reached stop point at tweet from 2025-05-12 06:54:05+00:00
[2025-06-08 22:07:34] WARNING: Retrieved 0 new tweets on page 1
[2025-06-08 22:07:34] WARNING: Stopping pagination as we've reached the stop point
[2025-06-08 22:07:34] WARNING: Retrieved a total of 0 tweets across 1 pages
[2025-06-08 22:07:34] WARNING: No new tweets found with trust commands. Exiting without error.
[2025-06-08 22:07:34] WARNING: Collection complete!
[2025-06-08 22:07:34] WARNING: - 0 trust assignments processed
[2025-06-08 22:07:34] WARNING: - 2 users in trust network
[2025-06-08 22:07:34] WARNING: - 31 total trust relationships
[2025-06-08 22:17:33] WARNING: === Starting Twitter Trust System Collection ===
[2025-06-08 22:17:33] WARNING: Will collect tweets until reaching previous timestamp: 2025-05-12 06:54:05+00:00
[2025-06-08 22:17:33] WARNING: Retrieving page 1...
[2025-06-08 22:17:34] WARNING: Newest tweet is from: 2025-05-12 06:54:05+00:00
[2025-06-08 22:17:34] WARNING: Reached stop point at tweet from 2025-05-12 06:54:05+00:00
[2025-06-08 22:17:34] WARNING: Retrieved 0 new tweets on page 1
[2025-06-08 22:17:34] WARNING: Stopping pagination as we've reached the stop point
[2025-06-08 22:17:34] WARNING: Retrieved a total of 0 tweets across 1 pages
[2025-06-08 22:17:34] WARNING: No new tweets found with trust commands. Exiting without error.
[2025-06-08 22:17:34] WARNING: Collection complete!
[2025-06-08 22:17:34] WARNING: - 0 trust assignments processed
[2025-06-08 22:17:34] WARNING: - 2 users in trust network
[2025-06-08 22:17:34] WARNING: - 31 total trust relationships
[2025-06-08 22:27:33] WARNING: === Starting Twitter Trust System Collection ===
[2025-06-08 22:27:33] WARNING: Will collect tweets until reaching previous timestamp: 2025-05-12 06:54:05+00:00
[2025-06-08 22:27:33] WARNING: Retrieving page 1...
[2025-06-08 22:27:34] WARNING: Newest tweet is from: 2025-05-12 06:54:05+00:00
[2025-06-08 22:27:34] WARNING: Reached stop point at tweet from 2025-05-12 06:54:05+00:00
[2025-06-08 22:27:34] WARNING: Retrieved 0 new tweets on page 1
[2025-06-08 22:27:34] WARNING: Stopping pagination as we've reached the stop point
[2025-06-08 22:27:34] WARNING: Retrieved a total of 0 tweets across 1 pages
[2025-06-08 22:27:34] WARNING: No new tweets found with trust commands. Exiting without error.
[2025-06-08 22:27:34] WARNING: Collection complete!
[2025-06-08 22:27:34] WARNING: - 0 trust assignments processed
[2025-06-08 22:27:34] WARNING: - 2 users in trust network
[2025-06-08 22:27:34] WARNING: - 31 total trust relationships
[2025-06-08 22:37:33] WARNING: === Starting Twitter Trust System Collection ===
[2025-06-08 22:37:33] WARNING: Will collect tweets until reaching previous timestamp: 2025-05-12 06:54:05+00:00
[2025-06-08 22:37:33] WARNING: Retrieving page 1...
[2025-06-08 22:37:34] WARNING: Newest tweet is from: 2025-05-12 06:54:05+00:00
[2025-06-08 22:37:34] WARNING: Reached stop point at tweet from 2025-05-12 06:54:05+00:00
[2025-06-08 22:37:34] WARNING: Retrieved 0 new tweets on page 1
[2025-06-08 22:37:34] WARNING: Stopping pagination as we've reached the stop point
[2025-06-08 22:37:34] WARNING: Retrieved a total of 0 tweets across 1 pages
[2025-06-08 22:37:34] WARNING: No new tweets found with trust commands. Exiting without error.
[2025-06-08 22:37:34] WARNING: Collection complete!
[2025-06-08 22:37:34] WARNING: - 0 trust assignments processed
[2025-06-08 22:37:34] WARNING: - 2 users in trust network
[2025-06-08 22:37:34] WARNING: - 31 total trust relationships
[2025-06-08 22:47:33] WARNING: === Starting Twitter Trust System Collection ===
[2025-06-08 22:47:33] WARNING: Will collect tweets until reaching previous timestamp: 2025-05-12 06:54:05+00:00
[2025-06-08 22:47:33] WARNING: Retrieving page 1...
[2025-06-08 22:47:37] WARNING: Newest tweet is from: 2025-05-12 06:54:05+00:00
[2025-06-08 22:47:37] WARNING: Reached stop point at tweet from 2025-05-12 06:54:05+00:00
[2025-06-08 22:47:37] WARNING: Retrieved 0 new tweets on page 1
[2025-06-08 22:47:37] WARNING: Stopping pagination as we've reached the stop point
[2025-06-08 22:47:37] WARNING: Retrieved a total of 0 tweets across 1 pages
[2025-06-08 22:47:37] WARNING: No new tweets found with trust commands. Exiting without error.
[2025-06-08 22:47:37] WARNING: Collection complete!
[2025-06-08 22:47:37] WARNING: - 0 trust assignments processed
[2025-06-08 22:47:37] WARNING: - 2 users in trust network
[2025-06-08 22:47:37] WARNING: - 31 total trust relationships
[2025-06-08 22:57:33] WARNING: === Starting Twitter Trust System Collection ===
[2025-06-08 22:57:33] WARNING: Will collect tweets until reaching previous timestamp: 2025-05-12 06:54:05+00:00
[2025-06-08 22:57:33] WARNING: Retrieving page 1...
[2025-06-08 22:57:34] WARNING: Newest tweet is from: 2025-05-12 06:54:05+00:00
[2025-06-08 22:57:34] WARNING: Reached stop point at tweet from 2025-05-12 06:54:05+00:00
[2025-06-08 22:57:34] WARNING: Retrieved 0 new tweets on page 1
[2025-06-08 22:57:34] WARNING: Stopping pagination as we've reached the stop point
[2025-06-08 22:57:34] WARNING: Retrieved a total of 0 tweets across 1 pages
[2025-06-08 22:57:34] WARNING: No new tweets found with trust commands. Exiting without error.
[2025-06-08 22:57:34] WARNING: Collection complete!
[2025-06-08 22:57:34] WARNING: - 0 trust assignments processed
[2025-06-08 22:57:34] WARNING: - 2 users in trust network
[2025-06-08 22:57:34] WARNING: - 31 total trust relationships
[2025-06-08 23:07:33] WARNING: === Starting Twitter Trust System Collection ===
[2025-06-08 23:07:33] WARNING: Will collect tweets until reaching previous timestamp: 2025-05-12 06:54:05+00:00
[2025-06-08 23:07:33] WARNING: Retrieving page 1...
[2025-06-08 23:07:41] WARNING: Newest tweet is from: 2025-05-12 06:54:05+00:00
[2025-06-08 23:07:41] WARNING: Reached stop point at tweet from 2025-05-12 06:54:05+00:00
[2025-06-08 23:07:41] WARNING: Retrieved 0 new tweets on page 1
[2025-06-08 23:07:41] WARNING: Stopping pagination as we've reached the stop point
[2025-06-08 23:07:41] WARNING: Retrieved a total of 0 tweets across 1 pages
[2025-06-08 23:07:41] WARNING: No new tweets found with trust commands. Exiting without error.
[2025-06-08 23:07:41] WARNING: Collection complete!
[2025-06-08 23:07:41] WARNING: - 0 trust assignments processed
[2025-06-08 23:07:41] WARNING: - 2 users in trust network
[2025-06-08 23:07:41] WARNING: - 31 total trust relationships
[2025-06-08 23:17:33] WARNING: === Starting Twitter Trust System Collection ===
[2025-06-08 23:17:33] WARNING: Will collect tweets until reaching previous timestamp: 2025-05-12 06:54:05+00:00
[2025-06-08 23:17:33] WARNING: Retrieving page 1...
[2025-06-08 23:17:34] WARNING: Newest tweet is from: 2025-05-12 06:54:05+00:00
[2025-06-08 23:17:34] WARNING: Reached stop point at tweet from 2025-05-12 06:54:05+00:00
[2025-06-08 23:17:34] WARNING: Retrieved 0 new tweets on page 1
[2025-06-08 23:17:34] WARNING: Stopping pagination as we've reached the stop point
[2025-06-08 23:17:34] WARNING: Retrieved a total of 0 tweets across 1 pages
[2025-06-08 23:17:34] WARNING: No new tweets found with trust commands. Exiting without error.
[2025-06-08 23:17:34] WARNING: Collection complete!
[2025-06-08 23:17:34] WARNING: - 0 trust assignments processed
[2025-06-08 23:17:34] WARNING: - 2 users in trust network
[2025-06-08 23:17:34] WARNING: - 31 total trust relationships
[2025-06-08 23:27:33] WARNING: === Starting Twitter Trust System Collection ===
[2025-06-08 23:27:33] WARNING: Will collect tweets until reaching previous timestamp: 2025-05-12 06:54:05+00:00
[2025-06-08 23:27:33] WARNING: Retrieving page 1...
[2025-06-08 23:27:34] WARNING: Newest tweet is from: 2025-05-12 06:54:05+00:00
[2025-06-08 23:27:34] WARNING: Reached stop point at tweet from 2025-05-12 06:54:05+00:00
[2025-06-08 23:27:34] WARNING: Retrieved 0 new tweets on page 1
[2025-06-08 23:27:34] WARNING: Stopping pagination as we've reached the stop point
[2025-06-08 23:27:34] WARNING: Retrieved a total of 0 tweets across 1 pages
[2025-06-08 23:27:34] WARNING: No new tweets found with trust commands. Exiting without error.
[2025-06-08 23:27:34] WARNING: Collection complete!
[2025-06-08 23:27:34] WARNING: - 0 trust assignments processed
[2025-06-08 23:27:34] WARNING: - 2 users in trust network
[2025-06-08 23:27:34] WARNING: - 31 total trust relationships
[2025-06-08 23:37:33] WARNING: === Starting Twitter Trust System Collection ===
[2025-06-08 23:37:33] WARNING: Will collect tweets until reaching previous timestamp: 2025-05-12 06:54:05+00:00
[2025-06-08 23:37:33] WARNING: Retrieving page 1...
[2025-06-08 23:37:37] WARNING: Newest tweet is from: 2025-05-12 06:54:05+00:00
[2025-06-08 23:37:37] WARNING: Reached stop point at tweet from 2025-05-12 06:54:05+00:00
[2025-06-08 23:37:37] WARNING: Retrieved 0 new tweets on page 1
[2025-06-08 23:37:37] WARNING: Stopping pagination as we've reached the stop point
[2025-06-08 23:37:37] WARNING: Retrieved a total of 0 tweets across 1 pages
[2025-06-08 23:37:37] WARNING: No new tweets found with trust commands. Exiting without error.
[2025-06-08 23:37:37] WARNING: Collection complete!
[2025-06-08 23:37:37] WARNING: - 0 trust assignments processed
[2025-06-08 23:37:37] WARNING: - 2 users in trust network
[2025-06-08 23:37:37] WARNING: - 31 total trust relationships
[2025-06-08 23:47:33] WARNING: === Starting Twitter Trust System Collection ===
[2025-06-08 23:47:33] WARNING: Will collect tweets until reaching previous timestamp: 2025-05-12 06:54:05+00:00
[2025-06-08 23:47:33] WARNING: Retrieving page 1...
[2025-06-08 23:47:35] WARNING: Newest tweet is from: 2025-05-12 06:54:05+00:00
[2025-06-08 23:47:35] WARNING: Reached stop point at tweet from 2025-05-12 06:54:05+00:00
[2025-06-08 23:47:35] WARNING: Retrieved 0 new tweets on page 1
[2025-06-08 23:47:35] WARNING: Stopping pagination as we've reached the stop point
[2025-06-08 23:47:35] WARNING: Retrieved a total of 0 tweets across 1 pages
[2025-06-08 23:47:35] WARNING: No new tweets found with trust commands. Exiting without error.
[2025-06-08 23:47:35] WARNING: Collection complete!
[2025-06-08 23:47:35] WARNING: - 0 trust assignments processed
[2025-06-08 23:47:35] WARNING: - 2 users in trust network
[2025-06-08 23:47:35] WARNING: - 31 total trust relationships
