[2025-06-12 01:17:33] WARNING: === Starting Twitter Trust System Collection ===
[2025-06-12 01:17:33] WARNING: Will collect tweets until reaching previous timestamp: 2025-05-12 06:54:05+00:00
[2025-06-12 01:17:33] WARNING: Retrieving page 1...
[2025-06-12 01:17:35] WARNING: Newest tweet is from: 2025-05-12 06:54:05+00:00
[2025-06-12 01:17:35] WARNING: Reached stop point at tweet from 2025-05-12 06:54:05+00:00
[2025-06-12 01:17:35] WARNING: Retrieved 0 new tweets on page 1
[2025-06-12 01:17:35] WARNING: Stopping pagination as we've reached the stop point
[2025-06-12 01:17:35] WARNING: Retrieved a total of 0 tweets across 1 pages
[2025-06-12 01:17:35] WARNING: No new tweets found with trust commands. Exiting without error.
[2025-06-12 01:17:35] WARNING: Collection complete!
[2025-06-12 01:17:35] WARNING: - 0 trust assignments processed
[2025-06-12 01:17:35] WARNING: - 2 users in trust network
[2025-06-12 01:17:35] WARNING: - 31 total trust relationships
[2025-06-12 01:27:33] WARNING: === Starting Twitter Trust System Collection ===
[2025-06-12 01:27:33] WARNING: Will collect tweets until reaching previous timestamp: 2025-05-12 06:54:05+00:00
[2025-06-12 01:27:33] WARNING: Retrieving page 1...
[2025-06-12 01:27:35] WARNING: Newest tweet is from: 2025-05-12 06:54:05+00:00
[2025-06-12 01:27:35] WARNING: Reached stop point at tweet from 2025-05-12 06:54:05+00:00
[2025-06-12 01:27:35] WARNING: Retrieved 0 new tweets on page 1
[2025-06-12 01:27:35] WARNING: Stopping pagination as we've reached the stop point
[2025-06-12 01:27:35] WARNING: Retrieved a total of 0 tweets across 1 pages
[2025-06-12 01:27:35] WARNING: No new tweets found with trust commands. Exiting without error.
[2025-06-12 01:27:35] WARNING: Collection complete!
[2025-06-12 01:27:35] WARNING: - 0 trust assignments processed
[2025-06-12 01:27:35] WARNING: - 2 users in trust network
[2025-06-12 01:27:35] WARNING: - 31 total trust relationships
[2025-06-12 01:37:33] WARNING: === Starting Twitter Trust System Collection ===
[2025-06-12 01:37:33] WARNING: Will collect tweets until reaching previous timestamp: 2025-05-12 06:54:05+00:00
[2025-06-12 01:37:33] WARNING: Retrieving page 1...
[2025-06-12 01:37:43] WARNING: Newest tweet is from: 2025-05-12 06:54:05+00:00
[2025-06-12 01:37:43] WARNING: Reached stop point at tweet from 2025-05-12 06:54:05+00:00
[2025-06-12 01:37:43] WARNING: Retrieved 0 new tweets on page 1
[2025-06-12 01:37:43] WARNING: Stopping pagination as we've reached the stop point
[2025-06-12 01:37:43] WARNING: Retrieved a total of 0 tweets across 1 pages
[2025-06-12 01:37:43] WARNING: No new tweets found with trust commands. Exiting without error.
[2025-06-12 01:37:43] WARNING: Collection complete!
[2025-06-12 01:37:43] WARNING: - 0 trust assignments processed
[2025-06-12 01:37:43] WARNING: - 2 users in trust network
[2025-06-12 01:37:43] WARNING: - 31 total trust relationships
[2025-06-12 01:47:33] WARNING: === Starting Twitter Trust System Collection ===
[2025-06-12 01:47:33] WARNING: Will collect tweets until reaching previous timestamp: 2025-05-12 06:54:05+00:00
[2025-06-12 01:47:33] WARNING: Retrieving page 1...
[2025-06-12 01:47:35] WARNING: Newest tweet is from: 2025-05-12 06:54:05+00:00
[2025-06-12 01:47:35] WARNING: Reached stop point at tweet from 2025-05-12 06:54:05+00:00
[2025-06-12 01:47:35] WARNING: Retrieved 0 new tweets on page 1
[2025-06-12 01:47:35] WARNING: Stopping pagination as we've reached the stop point
[2025-06-12 01:47:35] WARNING: Retrieved a total of 0 tweets across 1 pages
[2025-06-12 01:47:35] WARNING: No new tweets found with trust commands. Exiting without error.
[2025-06-12 01:47:35] WARNING: Collection complete!
[2025-06-12 01:47:35] WARNING: - 0 trust assignments processed
[2025-06-12 01:47:35] WARNING: - 2 users in trust network
[2025-06-12 01:47:35] WARNING: - 31 total trust relationships
[2025-06-12 01:57:33] WARNING: === Starting Twitter Trust System Collection ===
[2025-06-12 01:57:33] WARNING: Will collect tweets until reaching previous timestamp: 2025-05-12 06:54:05+00:00
[2025-06-12 01:57:33] WARNING: Retrieving page 1...
[2025-06-12 01:57:35] WARNING: Newest tweet is from: 2025-05-12 06:54:05+00:00
[2025-06-12 01:57:35] WARNING: Reached stop point at tweet from 2025-05-12 06:54:05+00:00
[2025-06-12 01:57:35] WARNING: Retrieved 0 new tweets on page 1
[2025-06-12 01:57:35] WARNING: Stopping pagination as we've reached the stop point
[2025-06-12 01:57:35] WARNING: Retrieved a total of 0 tweets across 1 pages
[2025-06-12 01:57:35] WARNING: No new tweets found with trust commands. Exiting without error.
[2025-06-12 01:57:35] WARNING: Collection complete!
[2025-06-12 01:57:35] WARNING: - 0 trust assignments processed
[2025-06-12 01:57:35] WARNING: - 2 users in trust network
[2025-06-12 01:57:35] WARNING: - 31 total trust relationships
[2025-06-12 02:07:33] WARNING: === Starting Twitter Trust System Collection ===
[2025-06-12 02:07:33] WARNING: Will collect tweets until reaching previous timestamp: 2025-05-12 06:54:05+00:00
[2025-06-12 02:07:33] WARNING: Retrieving page 1...
[2025-06-12 02:07:36] WARNING: Newest tweet is from: 2025-05-12 06:54:05+00:00
[2025-06-12 02:07:36] WARNING: Reached stop point at tweet from 2025-05-12 06:54:05+00:00
[2025-06-12 02:07:36] WARNING: Retrieved 0 new tweets on page 1
[2025-06-12 02:07:36] WARNING: Stopping pagination as we've reached the stop point
[2025-06-12 02:07:36] WARNING: Retrieved a total of 0 tweets across 1 pages
[2025-06-12 02:07:36] WARNING: No new tweets found with trust commands. Exiting without error.
[2025-06-12 02:07:36] WARNING: Collection complete!
[2025-06-12 02:07:36] WARNING: - 0 trust assignments processed
[2025-06-12 02:07:36] WARNING: - 2 users in trust network
[2025-06-12 02:07:36] WARNING: - 31 total trust relationships
[2025-06-12 02:17:33] WARNING: === Starting Twitter Trust System Collection ===
[2025-06-12 02:17:33] WARNING: Will collect tweets until reaching previous timestamp: 2025-05-12 06:54:05+00:00
[2025-06-12 02:17:33] WARNING: Retrieving page 1...
[2025-06-12 02:17:35] WARNING: Newest tweet is from: 2025-05-12 06:54:05+00:00
[2025-06-12 02:17:35] WARNING: Reached stop point at tweet from 2025-05-12 06:54:05+00:00
[2025-06-12 02:17:35] WARNING: Retrieved 0 new tweets on page 1
[2025-06-12 02:17:35] WARNING: Stopping pagination as we've reached the stop point
[2025-06-12 02:17:35] WARNING: Retrieved a total of 0 tweets across 1 pages
[2025-06-12 02:17:35] WARNING: No new tweets found with trust commands. Exiting without error.
[2025-06-12 02:17:35] WARNING: Collection complete!
[2025-06-12 02:17:35] WARNING: - 0 trust assignments processed
[2025-06-12 02:17:35] WARNING: - 2 users in trust network
[2025-06-12 02:17:35] WARNING: - 31 total trust relationships
[2025-06-12 02:27:33] WARNING: === Starting Twitter Trust System Collection ===
[2025-06-12 02:27:33] WARNING: Will collect tweets until reaching previous timestamp: 2025-05-12 06:54:05+00:00
[2025-06-12 02:27:33] WARNING: Retrieving page 1...
[2025-06-12 02:27:35] WARNING: Newest tweet is from: 2025-05-12 06:54:05+00:00
[2025-06-12 02:27:35] WARNING: Reached stop point at tweet from 2025-05-12 06:54:05+00:00
[2025-06-12 02:27:35] WARNING: Retrieved 0 new tweets on page 1
[2025-06-12 02:27:35] WARNING: Stopping pagination as we've reached the stop point
[2025-06-12 02:27:35] WARNING: Retrieved a total of 0 tweets across 1 pages
[2025-06-12 02:27:35] WARNING: No new tweets found with trust commands. Exiting without error.
[2025-06-12 02:27:35] WARNING: Collection complete!
[2025-06-12 02:27:35] WARNING: - 0 trust assignments processed
[2025-06-12 02:27:35] WARNING: - 2 users in trust network
[2025-06-12 02:27:35] WARNING: - 31 total trust relationships
[2025-06-12 02:37:33] WARNING: === Starting Twitter Trust System Collection ===
[2025-06-12 02:37:33] WARNING: Will collect tweets until reaching previous timestamp: 2025-05-12 06:54:05+00:00
[2025-06-12 02:37:33] WARNING: Retrieving page 1...
[2025-06-12 02:37:45] WARNING: Newest tweet is from: 2025-05-12 06:54:05+00:00
[2025-06-12 02:37:45] WARNING: Reached stop point at tweet from 2025-05-12 06:54:05+00:00
[2025-06-12 02:37:45] WARNING: Retrieved 0 new tweets on page 1
[2025-06-12 02:37:45] WARNING: Stopping pagination as we've reached the stop point
[2025-06-12 02:37:45] WARNING: Retrieved a total of 0 tweets across 1 pages
[2025-06-12 02:37:45] WARNING: No new tweets found with trust commands. Exiting without error.
[2025-06-12 02:37:45] WARNING: Collection complete!
[2025-06-12 02:37:45] WARNING: - 0 trust assignments processed
[2025-06-12 02:37:45] WARNING: - 2 users in trust network
[2025-06-12 02:37:45] WARNING: - 31 total trust relationships
[2025-06-12 02:47:33] WARNING: === Starting Twitter Trust System Collection ===
[2025-06-12 02:47:33] WARNING: Will collect tweets until reaching previous timestamp: 2025-05-12 06:54:05+00:00
[2025-06-12 02:47:33] WARNING: Retrieving page 1...
[2025-06-12 02:47:35] WARNING: Newest tweet is from: 2025-05-12 06:54:05+00:00
[2025-06-12 02:47:35] WARNING: Reached stop point at tweet from 2025-05-12 06:54:05+00:00
[2025-06-12 02:47:35] WARNING: Retrieved 0 new tweets on page 1
[2025-06-12 02:47:35] WARNING: Stopping pagination as we've reached the stop point
[2025-06-12 02:47:35] WARNING: Retrieved a total of 0 tweets across 1 pages
[2025-06-12 02:47:35] WARNING: No new tweets found with trust commands. Exiting without error.
[2025-06-12 02:47:35] WARNING: Collection complete!
[2025-06-12 02:47:35] WARNING: - 0 trust assignments processed
[2025-06-12 02:47:35] WARNING: - 2 users in trust network
[2025-06-12 02:47:35] WARNING: - 31 total trust relationships
[2025-06-12 02:57:33] WARNING: === Starting Twitter Trust System Collection ===
[2025-06-12 02:57:33] WARNING: Will collect tweets until reaching previous timestamp: 2025-05-12 06:54:05+00:00
[2025-06-12 02:57:33] WARNING: Retrieving page 1...
[2025-06-12 02:57:36] WARNING: Newest tweet is from: 2025-05-12 06:54:05+00:00
[2025-06-12 02:57:36] WARNING: Reached stop point at tweet from 2025-05-12 06:54:05+00:00
[2025-06-12 02:57:36] WARNING: Retrieved 0 new tweets on page 1
[2025-06-12 02:57:36] WARNING: Stopping pagination as we've reached the stop point
[2025-06-12 02:57:36] WARNING: Retrieved a total of 0 tweets across 1 pages
[2025-06-12 02:57:36] WARNING: No new tweets found with trust commands. Exiting without error.
[2025-06-12 02:57:36] WARNING: Collection complete!
[2025-06-12 02:57:36] WARNING: - 0 trust assignments processed
[2025-06-12 02:57:36] WARNING: - 2 users in trust network
[2025-06-12 02:57:36] WARNING: - 31 total trust relationships
[2025-06-12 03:07:33] WARNING: === Starting Twitter Trust System Collection ===
[2025-06-12 03:07:33] WARNING: Will collect tweets until reaching previous timestamp: 2025-05-12 06:54:05+00:00
[2025-06-12 03:07:33] WARNING: Retrieving page 1...
[2025-06-12 03:07:35] WARNING: Newest tweet is from: 2025-05-12 06:54:05+00:00
[2025-06-12 03:07:35] WARNING: Reached stop point at tweet from 2025-05-12 06:54:05+00:00
[2025-06-12 03:07:35] WARNING: Retrieved 0 new tweets on page 1
[2025-06-12 03:07:35] WARNING: Stopping pagination as we've reached the stop point
[2025-06-12 03:07:35] WARNING: Retrieved a total of 0 tweets across 1 pages
[2025-06-12 03:07:35] WARNING: No new tweets found with trust commands. Exiting without error.
[2025-06-12 03:07:35] WARNING: Collection complete!
[2025-06-12 03:07:35] WARNING: - 0 trust assignments processed
[2025-06-12 03:07:35] WARNING: - 2 users in trust network
[2025-06-12 03:07:35] WARNING: - 31 total trust relationships
[2025-06-12 03:17:32] WARNING: === Starting Twitter Trust System Collection ===
[2025-06-12 03:17:32] WARNING: Will collect tweets until reaching previous timestamp: 2025-05-12 06:54:05+00:00
[2025-06-12 03:17:32] WARNING: Retrieving page 1...
[2025-06-12 03:17:34] WARNING: Newest tweet is from: 2025-05-12 06:54:05+00:00
[2025-06-12 03:17:34] WARNING: Reached stop point at tweet from 2025-05-12 06:54:05+00:00
[2025-06-12 03:17:34] WARNING: Retrieved 0 new tweets on page 1
[2025-06-12 03:17:34] WARNING: Stopping pagination as we've reached the stop point
[2025-06-12 03:17:34] WARNING: Retrieved a total of 0 tweets across 1 pages
[2025-06-12 03:17:34] WARNING: No new tweets found with trust commands. Exiting without error.
[2025-06-12 03:17:34] WARNING: Collection complete!
[2025-06-12 03:17:34] WARNING: - 0 trust assignments processed
[2025-06-12 03:17:34] WARNING: - 2 users in trust network
[2025-06-12 03:17:34] WARNING: - 31 total trust relationships
[2025-06-12 03:27:32] WARNING: === Starting Twitter Trust System Collection ===
[2025-06-12 03:27:32] WARNING: Will collect tweets until reaching previous timestamp: 2025-05-12 06:54:05+00:00
[2025-06-12 03:27:32] WARNING: Retrieving page 1...
[2025-06-12 03:27:35] WARNING: Newest tweet is from: 2025-05-12 06:54:05+00:00
[2025-06-12 03:27:35] WARNING: Reached stop point at tweet from 2025-05-12 06:54:05+00:00
[2025-06-12 03:27:35] WARNING: Retrieved 0 new tweets on page 1
[2025-06-12 03:27:35] WARNING: Stopping pagination as we've reached the stop point
[2025-06-12 03:27:35] WARNING: Retrieved a total of 0 tweets across 1 pages
[2025-06-12 03:27:35] WARNING: No new tweets found with trust commands. Exiting without error.
[2025-06-12 03:27:35] WARNING: Collection complete!
[2025-06-12 03:27:35] WARNING: - 0 trust assignments processed
[2025-06-12 03:27:35] WARNING: - 2 users in trust network
[2025-06-12 03:27:35] WARNING: - 31 total trust relationships
[2025-06-12 03:37:32] WARNING: === Starting Twitter Trust System Collection ===
[2025-06-12 03:37:32] WARNING: Will collect tweets until reaching previous timestamp: 2025-05-12 06:54:05+00:00
[2025-06-12 03:37:32] WARNING: Retrieving page 1...
[2025-06-12 03:37:36] WARNING: Newest tweet is from: 2025-05-12 06:54:05+00:00
[2025-06-12 03:37:36] WARNING: Reached stop point at tweet from 2025-05-12 06:54:05+00:00
[2025-06-12 03:37:36] WARNING: Retrieved 0 new tweets on page 1
[2025-06-12 03:37:36] WARNING: Stopping pagination as we've reached the stop point
[2025-06-12 03:37:36] WARNING: Retrieved a total of 0 tweets across 1 pages
[2025-06-12 03:37:36] WARNING: No new tweets found with trust commands. Exiting without error.
[2025-06-12 03:37:36] WARNING: Collection complete!
[2025-06-12 03:37:36] WARNING: - 0 trust assignments processed
[2025-06-12 03:37:36] WARNING: - 2 users in trust network
[2025-06-12 03:37:36] WARNING: - 31 total trust relationships
[2025-06-12 03:47:32] WARNING: === Starting Twitter Trust System Collection ===
[2025-06-12 03:47:32] WARNING: Will collect tweets until reaching previous timestamp: 2025-05-12 06:54:05+00:00
[2025-06-12 03:47:32] WARNING: Retrieving page 1...
[2025-06-12 03:47:34] WARNING: Newest tweet is from: 2025-05-12 06:54:05+00:00
[2025-06-12 03:47:34] WARNING: Reached stop point at tweet from 2025-05-12 06:54:05+00:00
[2025-06-12 03:47:34] WARNING: Retrieved 0 new tweets on page 1
[2025-06-12 03:47:34] WARNING: Stopping pagination as we've reached the stop point
[2025-06-12 03:47:34] WARNING: Retrieved a total of 0 tweets across 1 pages
[2025-06-12 03:47:34] WARNING: No new tweets found with trust commands. Exiting without error.
[2025-06-12 03:47:34] WARNING: Collection complete!
[2025-06-12 03:47:34] WARNING: - 0 trust assignments processed
[2025-06-12 03:47:34] WARNING: - 2 users in trust network
[2025-06-12 03:47:34] WARNING: - 31 total trust relationships
[2025-06-12 03:57:35] WARNING: === Starting Twitter Trust System Collection ===
[2025-06-12 03:57:35] WARNING: Will collect tweets until reaching previous timestamp: 2025-05-12 06:54:05+00:00
[2025-06-12 03:57:35] WARNING: Retrieving page 1...
[2025-06-12 03:57:37] WARNING: Newest tweet is from: 2025-05-12 06:54:05+00:00
[2025-06-12 03:57:37] WARNING: Reached stop point at tweet from 2025-05-12 06:54:05+00:00
[2025-06-12 03:57:37] WARNING: Retrieved 0 new tweets on page 1
[2025-06-12 03:57:37] WARNING: Stopping pagination as we've reached the stop point
[2025-06-12 03:57:37] WARNING: Retrieved a total of 0 tweets across 1 pages
[2025-06-12 03:57:37] WARNING: No new tweets found with trust commands. Exiting without error.
[2025-06-12 03:57:37] WARNING: Collection complete!
[2025-06-12 03:57:37] WARNING: - 0 trust assignments processed
[2025-06-12 03:57:37] WARNING: - 2 users in trust network
[2025-06-12 03:57:37] WARNING: - 31 total trust relationships
[2025-06-12 04:07:34] WARNING: === Starting Twitter Trust System Collection ===
[2025-06-12 04:07:34] WARNING: Will collect tweets until reaching previous timestamp: 2025-05-12 06:54:05+00:00
[2025-06-12 04:07:34] WARNING: Retrieving page 1...
[2025-06-12 04:07:35] WARNING: Newest tweet is from: 2025-05-12 06:54:05+00:00
[2025-06-12 04:07:35] WARNING: Reached stop point at tweet from 2025-05-12 06:54:05+00:00
[2025-06-12 04:07:35] WARNING: Retrieved 0 new tweets on page 1
[2025-06-12 04:07:35] WARNING: Stopping pagination as we've reached the stop point
[2025-06-12 04:07:35] WARNING: Retrieved a total of 0 tweets across 1 pages
[2025-06-12 04:07:35] WARNING: No new tweets found with trust commands. Exiting without error.
[2025-06-12 04:07:35] WARNING: Collection complete!
[2025-06-12 04:07:35] WARNING: - 0 trust assignments processed
[2025-06-12 04:07:35] WARNING: - 2 users in trust network
[2025-06-12 04:07:35] WARNING: - 31 total trust relationships
[2025-06-12 04:17:34] WARNING: === Starting Twitter Trust System Collection ===
[2025-06-12 04:17:34] WARNING: Will collect tweets until reaching previous timestamp: 2025-05-12 06:54:05+00:00
[2025-06-12 04:17:34] WARNING: Retrieving page 1...
[2025-06-12 04:17:35] WARNING: Newest tweet is from: 2025-05-12 06:54:05+00:00
[2025-06-12 04:17:35] WARNING: Reached stop point at tweet from 2025-05-12 06:54:05+00:00
[2025-06-12 04:17:35] WARNING: Retrieved 0 new tweets on page 1
[2025-06-12 04:17:35] WARNING: Stopping pagination as we've reached the stop point
[2025-06-12 04:17:35] WARNING: Retrieved a total of 0 tweets across 1 pages
[2025-06-12 04:17:35] WARNING: No new tweets found with trust commands. Exiting without error.
[2025-06-12 04:17:35] WARNING: Collection complete!
[2025-06-12 04:17:35] WARNING: - 0 trust assignments processed
[2025-06-12 04:17:35] WARNING: - 2 users in trust network
[2025-06-12 04:17:35] WARNING: - 31 total trust relationships
[2025-06-12 04:27:34] WARNING: === Starting Twitter Trust System Collection ===
[2025-06-12 04:27:34] WARNING: Will collect tweets until reaching previous timestamp: 2025-05-12 06:54:05+00:00
[2025-06-12 04:27:34] WARNING: Retrieving page 1...
[2025-06-12 04:27:37] WARNING: Newest tweet is from: 2025-05-12 06:54:05+00:00
[2025-06-12 04:27:37] WARNING: Reached stop point at tweet from 2025-05-12 06:54:05+00:00
[2025-06-12 04:27:37] WARNING: Retrieved 0 new tweets on page 1
[2025-06-12 04:27:37] WARNING: Stopping pagination as we've reached the stop point
[2025-06-12 04:27:37] WARNING: Retrieved a total of 0 tweets across 1 pages
[2025-06-12 04:27:37] WARNING: No new tweets found with trust commands. Exiting without error.
[2025-06-12 04:27:37] WARNING: Collection complete!
[2025-06-12 04:27:37] WARNING: - 0 trust assignments processed
[2025-06-12 04:27:37] WARNING: - 2 users in trust network
[2025-06-12 04:27:37] WARNING: - 31 total trust relationships
[2025-06-12 04:37:34] WARNING: === Starting Twitter Trust System Collection ===
[2025-06-12 04:37:34] WARNING: Will collect tweets until reaching previous timestamp: 2025-05-12 06:54:05+00:00
[2025-06-12 04:37:34] WARNING: Retrieving page 1...
[2025-06-12 04:37:37] WARNING: Newest tweet is from: 2025-05-12 06:54:05+00:00
[2025-06-12 04:37:37] WARNING: Reached stop point at tweet from 2025-05-12 06:54:05+00:00
[2025-06-12 04:37:37] WARNING: Retrieved 0 new tweets on page 1
[2025-06-12 04:37:37] WARNING: Stopping pagination as we've reached the stop point
[2025-06-12 04:37:37] WARNING: Retrieved a total of 0 tweets across 1 pages
[2025-06-12 04:37:37] WARNING: No new tweets found with trust commands. Exiting without error.
[2025-06-12 04:37:37] WARNING: Collection complete!
[2025-06-12 04:37:37] WARNING: - 0 trust assignments processed
[2025-06-12 04:37:37] WARNING: - 2 users in trust network
[2025-06-12 04:37:37] WARNING: - 31 total trust relationships
[2025-06-12 04:47:34] WARNING: === Starting Twitter Trust System Collection ===
[2025-06-12 04:47:34] WARNING: Will collect tweets until reaching previous timestamp: 2025-05-12 06:54:05+00:00
[2025-06-12 04:47:34] WARNING: Retrieving page 1...
[2025-06-12 04:47:35] WARNING: Newest tweet is from: 2025-05-12 06:54:05+00:00
[2025-06-12 04:47:35] WARNING: Reached stop point at tweet from 2025-05-12 06:54:05+00:00
[2025-06-12 04:47:35] WARNING: Retrieved 0 new tweets on page 1
[2025-06-12 04:47:35] WARNING: Stopping pagination as we've reached the stop point
[2025-06-12 04:47:35] WARNING: Retrieved a total of 0 tweets across 1 pages
[2025-06-12 04:47:35] WARNING: No new tweets found with trust commands. Exiting without error.
[2025-06-12 04:47:35] WARNING: Collection complete!
[2025-06-12 04:47:35] WARNING: - 0 trust assignments processed
[2025-06-12 04:47:35] WARNING: - 2 users in trust network
[2025-06-12 04:47:35] WARNING: - 31 total trust relationships
[2025-06-12 04:57:34] WARNING: === Starting Twitter Trust System Collection ===
[2025-06-12 04:57:34] WARNING: Will collect tweets until reaching previous timestamp: 2025-05-12 06:54:05+00:00
[2025-06-12 04:57:34] WARNING: Retrieving page 1...
[2025-06-12 04:57:35] WARNING: Newest tweet is from: 2025-05-12 06:54:05+00:00
[2025-06-12 04:57:35] WARNING: Reached stop point at tweet from 2025-05-12 06:54:05+00:00
[2025-06-12 04:57:35] WARNING: Retrieved 0 new tweets on page 1
[2025-06-12 04:57:35] WARNING: Stopping pagination as we've reached the stop point
[2025-06-12 04:57:35] WARNING: Retrieved a total of 0 tweets across 1 pages
[2025-06-12 04:57:35] WARNING: No new tweets found with trust commands. Exiting without error.
[2025-06-12 04:57:35] WARNING: Collection complete!
[2025-06-12 04:57:35] WARNING: - 0 trust assignments processed
[2025-06-12 04:57:35] WARNING: - 2 users in trust network
[2025-06-12 04:57:35] WARNING: - 31 total trust relationships
[2025-06-12 05:07:34] WARNING: === Starting Twitter Trust System Collection ===
[2025-06-12 05:07:34] WARNING: Will collect tweets until reaching previous timestamp: 2025-05-12 06:54:05+00:00
[2025-06-12 05:07:34] WARNING: Retrieving page 1...
[2025-06-12 05:07:36] WARNING: Newest tweet is from: 2025-05-12 06:54:05+00:00
[2025-06-12 05:07:36] WARNING: Reached stop point at tweet from 2025-05-12 06:54:05+00:00
[2025-06-12 05:07:36] WARNING: Retrieved 0 new tweets on page 1
[2025-06-12 05:07:36] WARNING: Stopping pagination as we've reached the stop point
[2025-06-12 05:07:36] WARNING: Retrieved a total of 0 tweets across 1 pages
[2025-06-12 05:07:36] WARNING: No new tweets found with trust commands. Exiting without error.
[2025-06-12 05:07:36] WARNING: Collection complete!
[2025-06-12 05:07:36] WARNING: - 0 trust assignments processed
[2025-06-12 05:07:36] WARNING: - 2 users in trust network
[2025-06-12 05:07:36] WARNING: - 31 total trust relationships
[2025-06-12 05:17:34] WARNING: === Starting Twitter Trust System Collection ===
[2025-06-12 05:17:34] WARNING: Will collect tweets until reaching previous timestamp: 2025-05-12 06:54:05+00:00
[2025-06-12 05:17:34] WARNING: Retrieving page 1...
[2025-06-12 05:17:36] WARNING: Newest tweet is from: 2025-05-12 06:54:05+00:00
[2025-06-12 05:17:36] WARNING: Reached stop point at tweet from 2025-05-12 06:54:05+00:00
[2025-06-12 05:17:36] WARNING: Retrieved 0 new tweets on page 1
[2025-06-12 05:17:36] WARNING: Stopping pagination as we've reached the stop point
[2025-06-12 05:17:36] WARNING: Retrieved a total of 0 tweets across 1 pages
[2025-06-12 05:17:36] WARNING: No new tweets found with trust commands. Exiting without error.
[2025-06-12 05:17:36] WARNING: Collection complete!
[2025-06-12 05:17:36] WARNING: - 0 trust assignments processed
[2025-06-12 05:17:36] WARNING: - 2 users in trust network
[2025-06-12 05:17:36] WARNING: - 31 total trust relationships
[2025-06-12 05:27:34] WARNING: === Starting Twitter Trust System Collection ===
[2025-06-12 05:27:34] WARNING: Will collect tweets until reaching previous timestamp: 2025-05-12 06:54:05+00:00
[2025-06-12 05:27:34] WARNING: Retrieving page 1...
[2025-06-12 05:27:36] WARNING: Newest tweet is from: 2025-05-12 06:54:05+00:00
[2025-06-12 05:27:36] WARNING: Reached stop point at tweet from 2025-05-12 06:54:05+00:00
[2025-06-12 05:27:36] WARNING: Retrieved 0 new tweets on page 1
[2025-06-12 05:27:36] WARNING: Stopping pagination as we've reached the stop point
[2025-06-12 05:27:36] WARNING: Retrieved a total of 0 tweets across 1 pages
[2025-06-12 05:27:36] WARNING: No new tweets found with trust commands. Exiting without error.
[2025-06-12 05:27:36] WARNING: Collection complete!
[2025-06-12 05:27:36] WARNING: - 0 trust assignments processed
[2025-06-12 05:27:36] WARNING: - 2 users in trust network
[2025-06-12 05:27:36] WARNING: - 31 total trust relationships
[2025-06-12 05:37:34] WARNING: === Starting Twitter Trust System Collection ===
[2025-06-12 05:37:34] WARNING: Will collect tweets until reaching previous timestamp: 2025-05-12 06:54:05+00:00
[2025-06-12 05:37:34] WARNING: Retrieving page 1...
[2025-06-12 05:37:36] WARNING: Newest tweet is from: 2025-05-12 06:54:05+00:00
[2025-06-12 05:37:36] WARNING: Reached stop point at tweet from 2025-05-12 06:54:05+00:00
[2025-06-12 05:37:36] WARNING: Retrieved 0 new tweets on page 1
[2025-06-12 05:37:36] WARNING: Stopping pagination as we've reached the stop point
[2025-06-12 05:37:36] WARNING: Retrieved a total of 0 tweets across 1 pages
[2025-06-12 05:37:36] WARNING: No new tweets found with trust commands. Exiting without error.
[2025-06-12 05:37:36] WARNING: Collection complete!
[2025-06-12 05:37:36] WARNING: - 0 trust assignments processed
[2025-06-12 05:37:36] WARNING: - 2 users in trust network
[2025-06-12 05:37:36] WARNING: - 31 total trust relationships
[2025-06-12 05:47:34] WARNING: === Starting Twitter Trust System Collection ===
[2025-06-12 05:47:34] WARNING: Will collect tweets until reaching previous timestamp: 2025-05-12 06:54:05+00:00
[2025-06-12 05:47:34] WARNING: Retrieving page 1...
[2025-06-12 05:47:36] WARNING: Newest tweet is from: 2025-05-12 06:54:05+00:00
[2025-06-12 05:47:36] WARNING: Reached stop point at tweet from 2025-05-12 06:54:05+00:00
[2025-06-12 05:47:36] WARNING: Retrieved 0 new tweets on page 1
[2025-06-12 05:47:36] WARNING: Stopping pagination as we've reached the stop point
[2025-06-12 05:47:36] WARNING: Retrieved a total of 0 tweets across 1 pages
[2025-06-12 05:47:36] WARNING: No new tweets found with trust commands. Exiting without error.
[2025-06-12 05:47:36] WARNING: Collection complete!
[2025-06-12 05:47:36] WARNING: - 0 trust assignments processed
[2025-06-12 05:47:36] WARNING: - 2 users in trust network
[2025-06-12 05:47:36] WARNING: - 31 total trust relationships
[2025-06-12 05:57:34] WARNING: === Starting Twitter Trust System Collection ===
[2025-06-12 05:57:34] WARNING: Will collect tweets until reaching previous timestamp: 2025-05-12 06:54:05+00:00
[2025-06-12 05:57:34] WARNING: Retrieving page 1...
[2025-06-12 05:57:35] WARNING: Newest tweet is from: 2025-05-12 06:54:05+00:00
[2025-06-12 05:57:35] WARNING: Reached stop point at tweet from 2025-05-12 06:54:05+00:00
[2025-06-12 05:57:35] WARNING: Retrieved 0 new tweets on page 1
[2025-06-12 05:57:35] WARNING: Stopping pagination as we've reached the stop point
[2025-06-12 05:57:35] WARNING: Retrieved a total of 0 tweets across 1 pages
[2025-06-12 05:57:35] WARNING: No new tweets found with trust commands. Exiting without error.
[2025-06-12 05:57:35] WARNING: Collection complete!
[2025-06-12 05:57:35] WARNING: - 0 trust assignments processed
[2025-06-12 05:57:35] WARNING: - 2 users in trust network
[2025-06-12 05:57:35] WARNING: - 31 total trust relationships
[2025-06-12 06:07:34] WARNING: === Starting Twitter Trust System Collection ===
[2025-06-12 06:07:34] WARNING: Will collect tweets until reaching previous timestamp: 2025-05-12 06:54:05+00:00
[2025-06-12 06:07:34] WARNING: Retrieving page 1...
[2025-06-12 06:07:37] WARNING: Newest tweet is from: 2025-05-12 06:54:05+00:00
[2025-06-12 06:07:37] WARNING: Reached stop point at tweet from 2025-05-12 06:54:05+00:00
[2025-06-12 06:07:37] WARNING: Retrieved 0 new tweets on page 1
[2025-06-12 06:07:37] WARNING: Stopping pagination as we've reached the stop point
[2025-06-12 06:07:37] WARNING: Retrieved a total of 0 tweets across 1 pages
[2025-06-12 06:07:37] WARNING: No new tweets found with trust commands. Exiting without error.
[2025-06-12 06:07:37] WARNING: Collection complete!
[2025-06-12 06:07:37] WARNING: - 0 trust assignments processed
[2025-06-12 06:07:37] WARNING: - 2 users in trust network
[2025-06-12 06:07:37] WARNING: - 31 total trust relationships
[2025-06-12 06:17:34] WARNING: === Starting Twitter Trust System Collection ===
[2025-06-12 06:17:34] WARNING: Will collect tweets until reaching previous timestamp: 2025-05-12 06:54:05+00:00
[2025-06-12 06:17:34] WARNING: Retrieving page 1...
[2025-06-12 06:17:35] WARNING: Newest tweet is from: 2025-05-12 06:54:05+00:00
[2025-06-12 06:17:35] WARNING: Reached stop point at tweet from 2025-05-12 06:54:05+00:00
[2025-06-12 06:17:35] WARNING: Retrieved 0 new tweets on page 1
[2025-06-12 06:17:35] WARNING: Stopping pagination as we've reached the stop point
[2025-06-12 06:17:35] WARNING: Retrieved a total of 0 tweets across 1 pages
[2025-06-12 06:17:35] WARNING: No new tweets found with trust commands. Exiting without error.
[2025-06-12 06:17:35] WARNING: Collection complete!
[2025-06-12 06:17:35] WARNING: - 0 trust assignments processed
[2025-06-12 06:17:35] WARNING: - 2 users in trust network
[2025-06-12 06:17:35] WARNING: - 31 total trust relationships
