[2025-05-22 22:27:32] Starting Twitter Trust System update process...
[2025-05-22 22:27:32] Update frequency set to: 10 minutes
[2025-05-22 22:27:32] Collecting trust assignments from Twitter...
[2025-05-22 22:27:36] Warning: Trust assignments file not updated recently (last modified 05/11/2025 23:57:36)
[2025-05-22 15:37:36] WARNING: Reached stop point at tweet from 2025-05-12 06:54:05+00:00
[2025-05-22 15:37:36] WARNING: Retrieved 0 new tweets on page 1
[2025-05-22 15:37:36] WARNING: Stopping pagination as we've reached the stop point
[2025-05-22 15:37:36] WARNING: Retrieved a total of 0 tweets across 1 pages
[2025-05-22 15:37:36] WARNING: No new tweets found with trust commands. Exiting without error.
[2025-05-22 15:37:36] WARNING: Collection complete!
[2025-05-22 15:37:36] WARNING: - 0 trust assignments processed
[2025-05-22 15:37:36] WARNING: - 2 users in trust network
[2025-05-22 15:37:36] WARNING: - 31 total trust relationships
[2025-05-22 15:47:36] WARNING: === Starting Twitter Trust System Collection ===
[2025-05-22 15:47:36] WARNING: Will collect tweets until reaching previous timestamp: 2025-05-12 06:54:05+00:00
[2025-05-22 15:47:36] WARNING: Retrieving page 1...
[2025-05-22 15:47:38] WARNING: Newest tweet is from: 2025-05-12 06:54:05+00:00
[2025-05-22 15:47:38] WARNING: Reached stop point at tweet from 2025-05-12 06:54:05+00:00
[2025-05-22 15:47:38] WARNING: Retrieved 0 new tweets on page 1
[2025-05-22 15:47:38] WARNING: Stopping pagination as we've reached the stop point
[2025-05-22 15:47:38] WARNING: Retrieved a total of 0 tweets across 1 pages
[2025-05-22 15:47:38] WARNING: No new tweets found with trust commands. Exiting without error.
[2025-05-22 15:47:38] WARNING: Collection complete!
[2025-05-22 15:47:38] WARNING: - 0 trust assignments processed
[2025-05-22 15:47:38] WARNING: - 2 users in trust network
[2025-05-22 15:47:38] WARNING: - 31 total trust relationships
[2025-05-22 15:57:35] WARNING: === Starting Twitter Trust System Collection ===
[2025-05-22 15:57:35] WARNING: Will collect tweets until reaching previous timestamp: 2025-05-12 06:54:05+00:00
[2025-05-22 15:57:35] WARNING: Retrieving page 1...
[2025-05-22 15:57:37] WARNING: Newest tweet is from: 2025-05-12 06:54:05+00:00
[2025-05-22 15:57:37] WARNING: Reached stop point at tweet from 2025-05-12 06:54:05+00:00
[2025-05-22 15:57:37] WARNING: Retrieved 0 new tweets on page 1
[2025-05-22 15:57:37] WARNING: Stopping pagination as we've reached the stop point
[2025-05-22 15:57:37] WARNING: Retrieved a total of 0 tweets across 1 pages
[2025-05-22 15:57:37] WARNING: No new tweets found with trust commands. Exiting without error.
[2025-05-22 15:57:37] WARNING: Collection complete!
[2025-05-22 15:57:37] WARNING: - 0 trust assignments processed
[2025-05-22 15:57:37] WARNING: - 2 users in trust network
[2025-05-22 15:57:37] WARNING: - 31 total trust relationships
[2025-05-22 16:07:35] WARNING: === Starting Twitter Trust System Collection ===
[2025-05-22 16:07:35] WARNING: Will collect tweets until reaching previous timestamp: 2025-05-12 06:54:05+00:00
[2025-05-22 16:07:35] WARNING: Retrieving page 1...
[2025-05-22 16:07:37] WARNING: Newest tweet is from: 2025-05-12 06:54:05+00:00
[2025-05-22 16:07:37] WARNING: Reached stop point at tweet from 2025-05-12 06:54:05+00:00
[2025-05-22 16:07:37] WARNING: Retrieved 0 new tweets on page 1
[2025-05-22 16:07:37] WARNING: Stopping pagination as we've reached the stop point
[2025-05-22 16:07:37] WARNING: Retrieved a total of 0 tweets across 1 pages
[2025-05-22 16:07:37] WARNING: No new tweets found with trust commands. Exiting without error.
[2025-05-22 16:07:37] WARNING: Collection complete!
[2025-05-22 16:07:37] WARNING: - 0 trust assignments processed
[2025-05-22 16:07:37] WARNING: - 2 users in trust network
[2025-05-22 16:07:37] WARNING: - 31 total trust relationships
[2025-05-22 16:17:36] WARNING: === Starting Twitter Trust System Collection ===
[2025-05-22 16:17:36] WARNING: Will collect tweets until reaching previous timestamp: 2025-05-12 06:54:05+00:00
[2025-05-22 16:17:36] WARNING: Retrieving page 1...
[2025-05-22 16:17:38] WARNING: Newest tweet is from: 2025-05-12 06:54:05+00:00
[2025-05-22 16:17:38] WARNING: Reached stop point at tweet from 2025-05-12 06:54:05+00:00
[2025-05-22 16:17:38] WARNING: Retrieved 0 new tweets on page 1
[2025-05-22 16:17:38] WARNING: Stopping pagination as we've reached the stop point
[2025-05-22 16:17:38] WARNING: Retrieved a total of 0 tweets across 1 pages
[2025-05-22 16:17:38] WARNING: No new tweets found with trust commands. Exiting without error.
[2025-05-22 16:17:38] WARNING: Collection complete!
[2025-05-22 16:17:38] WARNING: - 0 trust assignments processed
[2025-05-22 16:17:38] WARNING: - 2 users in trust network
[2025-05-22 16:17:38] WARNING: - 31 total trust relationships
[2025-05-22 16:27:38] WARNING: === Starting Twitter Trust System Collection ===
[2025-05-22 16:27:38] WARNING: Will collect tweets until reaching previous timestamp: 2025-05-12 06:54:05+00:00
[2025-05-22 16:27:38] WARNING: Retrieving page 1...
[2025-05-22 16:27:40] WARNING: Newest tweet is from: 2025-05-12 06:54:05+00:00
[2025-05-22 16:27:40] WARNING: Reached stop point at tweet from 2025-05-12 06:54:05+00:00
[2025-05-22 16:27:40] WARNING: Retrieved 0 new tweets on page 1
[2025-05-22 16:27:40] WARNING: Stopping pagination as we've reached the stop point
[2025-05-22 16:27:40] WARNING: Retrieved a total of 0 tweets across 1 pages
[2025-05-22 16:27:40] WARNING: No new tweets found with trust commands. Exiting without error.
[2025-05-22 16:27:40] WARNING: Collection complete!
[2025-05-22 16:27:40] WARNING: - 0 trust assignments processed
[2025-05-22 16:27:40] WARNING: - 2 users in trust network
[2025-05-22 16:27:40] WARNING: - 31 total trust relationships
[2025-05-22 16:37:37] WARNING: === Starting Twitter Trust System Collection ===
[2025-05-22 16:37:37] WARNING: Will collect tweets until reaching previous timestamp: 2025-05-12 06:54:05+00:00
[2025-05-22 16:37:37] WARNING: Retrieving page 1...
[2025-05-22 16:37:39] WARNING: Newest tweet is from: 2025-05-12 06:54:05+00:00
[2025-05-22 16:37:39] WARNING: Reached stop point at tweet from 2025-05-12 06:54:05+00:00
[2025-05-22 16:37:39] WARNING: Retrieved 0 new tweets on page 1
[2025-05-22 16:37:39] WARNING: Stopping pagination as we've reached the stop point
[2025-05-22 16:37:39] WARNING: Retrieved a total of 0 tweets across 1 pages
[2025-05-22 16:37:39] WARNING: No new tweets found with trust commands. Exiting without error.
[2025-05-22 16:37:39] WARNING: Collection complete!
[2025-05-22 16:37:39] WARNING: - 0 trust assignments processed
[2025-05-22 16:37:39] WARNING: - 2 users in trust network
[2025-05-22 16:37:39] WARNING: - 31 total trust relationships
[2025-05-22 16:47:35] WARNING: === Starting Twitter Trust System Collection ===
[2025-05-22 16:47:35] WARNING: Will collect tweets until reaching previous timestamp: 2025-05-12 06:54:05+00:00
[2025-05-22 16:47:35] WARNING: Retrieving page 1...
[2025-05-22 16:47:37] WARNING: Newest tweet is from: 2025-05-12 06:54:05+00:00
[2025-05-22 16:47:37] WARNING: Reached stop point at tweet from 2025-05-12 06:54:05+00:00
[2025-05-22 16:47:37] WARNING: Retrieved 0 new tweets on page 1
[2025-05-22 16:47:37] WARNING: Stopping pagination as we've reached the stop point
[2025-05-22 16:47:37] WARNING: Retrieved a total of 0 tweets across 1 pages
[2025-05-22 16:47:37] WARNING: No new tweets found with trust commands. Exiting without error.
[2025-05-22 16:47:37] WARNING: Collection complete!
[2025-05-22 16:47:37] WARNING: - 0 trust assignments processed
[2025-05-22 16:47:37] WARNING: - 2 users in trust network
[2025-05-22 16:47:37] WARNING: - 31 total trust relationships
[2025-05-22 16:57:36] WARNING: === Starting Twitter Trust System Collection ===
[2025-05-22 16:57:36] WARNING: Will collect tweets until reaching previous timestamp: 2025-05-12 06:54:05+00:00
[2025-05-22 16:57:36] WARNING: Retrieving page 1...
[2025-05-22 16:57:38] WARNING: Newest tweet is from: 2025-05-12 06:54:05+00:00
[2025-05-22 16:57:38] WARNING: Reached stop point at tweet from 2025-05-12 06:54:05+00:00
[2025-05-22 16:57:38] WARNING: Retrieved 0 new tweets on page 1
[2025-05-22 16:57:38] WARNING: Stopping pagination as we've reached the stop point
[2025-05-22 16:57:38] WARNING: Retrieved a total of 0 tweets across 1 pages
[2025-05-22 16:57:38] WARNING: No new tweets found with trust commands. Exiting without error.
[2025-05-22 16:57:38] WARNING: Collection complete!
[2025-05-22 16:57:38] WARNING: - 0 trust assignments processed
[2025-05-22 16:57:38] WARNING: - 2 users in trust network
[2025-05-22 16:57:38] WARNING: - 31 total trust relationships
[2025-05-22 17:07:36] WARNING: === Starting Twitter Trust System Collection ===
[2025-05-22 17:07:36] WARNING: Will collect tweets until reaching previous timestamp: 2025-05-12 06:54:05+00:00
[2025-05-22 17:07:36] WARNING: Retrieving page 1...
[2025-05-22 17:07:37] WARNING: Newest tweet is from: 2025-05-12 06:54:05+00:00
[2025-05-22 17:07:37] WARNING: Reached stop point at tweet from 2025-05-12 06:54:05+00:00
[2025-05-22 17:07:37] WARNING: Retrieved 0 new tweets on page 1
[2025-05-22 17:07:37] WARNING: Stopping pagination as we've reached the stop point
[2025-05-22 17:07:37] WARNING: Retrieved a total of 0 tweets across 1 pages
[2025-05-22 17:07:37] WARNING: No new tweets found with trust commands. Exiting without error.
[2025-05-22 17:07:37] WARNING: Collection complete!
[2025-05-22 17:07:37] WARNING: - 0 trust assignments processed
[2025-05-22 17:07:37] WARNING: - 2 users in trust network
[2025-05-22 17:07:37] WARNING: - 31 total trust relationships
[2025-05-22 17:17:37] WARNING: === Starting Twitter Trust System Collection ===
[2025-05-22 17:17:37] WARNING: Will collect tweets until reaching previous timestamp: 2025-05-12 06:54:05+00:00
[2025-05-22 17:17:37] WARNING: Retrieving page 1...
[2025-05-22 17:17:38] WARNING: Newest tweet is from: 2025-05-12 06:54:05+00:00
[2025-05-22 17:17:38] WARNING: Reached stop point at tweet from 2025-05-12 06:54:05+00:00
[2025-05-22 17:17:38] WARNING: Retrieved 0 new tweets on page 1
[2025-05-22 17:17:38] WARNING: Stopping pagination as we've reached the stop point
[2025-05-22 17:17:38] WARNING: Retrieved a total of 0 tweets across 1 pages
[2025-05-22 17:17:38] WARNING: No new tweets found with trust commands. Exiting without error.
[2025-05-22 17:17:38] WARNING: Collection complete!
[2025-05-22 17:17:38] WARNING: - 0 trust assignments processed
[2025-05-22 17:17:38] WARNING: - 2 users in trust network
[2025-05-22 17:17:38] WARNING: - 31 total trust relationships
[2025-05-22 17:27:40] WARNING: === Starting Twitter Trust System Collection ===
[2025-05-22 17:27:40] WARNING: Will collect tweets until reaching previous timestamp: 2025-05-12 06:54:05+00:00
[2025-05-22 17:27:40] WARNING: Retrieving page 1...
[2025-05-22 17:27:41] WARNING: Newest tweet is from: 2025-05-12 06:54:05+00:00
[2025-05-22 17:27:41] WARNING: Reached stop point at tweet from 2025-05-12 06:54:05+00:00
[2025-05-22 17:27:41] WARNING: Retrieved 0 new tweets on page 1
[2025-05-22 17:27:41] WARNING: Stopping pagination as we've reached the stop point
[2025-05-22 17:27:41] WARNING: Retrieved a total of 0 tweets across 1 pages
[2025-05-22 17:27:41] WARNING: No new tweets found with trust commands. Exiting without error.
[2025-05-22 17:27:41] WARNING: Collection complete!
[2025-05-22 17:27:41] WARNING: - 0 trust assignments processed
[2025-05-22 17:27:41] WARNING: - 2 users in trust network
[2025-05-22 17:27:41] WARNING: - 31 total trust relationships
[2025-05-22 17:37:35] WARNING: === Starting Twitter Trust System Collection ===
[2025-05-22 17:37:35] WARNING: Will collect tweets until reaching previous timestamp: 2025-05-12 06:54:05+00:00
[2025-05-22 17:37:35] WARNING: Retrieving page 1...
[2025-05-22 17:37:38] WARNING: Newest tweet is from: 2025-05-12 06:54:05+00:00
[2025-05-22 17:37:38] WARNING: Reached stop point at tweet from 2025-05-12 06:54:05+00:00
[2025-05-22 17:37:38] WARNING: Retrieved 0 new tweets on page 1
[2025-05-22 17:37:38] WARNING: Stopping pagination as we've reached the stop point
[2025-05-22 17:37:38] WARNING: Retrieved a total of 0 tweets across 1 pages
[2025-05-22 17:37:38] WARNING: No new tweets found with trust commands. Exiting without error.
[2025-05-22 17:37:38] WARNING: Collection complete!
[2025-05-22 17:37:38] WARNING: - 0 trust assignments processed
[2025-05-22 17:37:38] WARNING: - 2 users in trust network
[2025-05-22 17:37:38] WARNING: - 31 total trust relationships
[2025-05-22 17:47:36] WARNING: === Starting Twitter Trust System Collection ===
[2025-05-22 17:47:36] WARNING: Will collect tweets until reaching previous timestamp: 2025-05-12 06:54:05+00:00
[2025-05-22 17:47:36] WARNING: Retrieving page 1...
[2025-05-22 17:47:38] WARNING: Newest tweet is from: 2025-05-12 06:54:05+00:00
[2025-05-22 17:47:38] WARNING: Reached stop point at tweet from 2025-05-12 06:54:05+00:00
[2025-05-22 17:47:38] WARNING: Retrieved 0 new tweets on page 1
[2025-05-22 17:47:38] WARNING: Stopping pagination as we've reached the stop point
[2025-05-22 17:47:38] WARNING: Retrieved a total of 0 tweets across 1 pages
[2025-05-22 17:47:38] WARNING: No new tweets found with trust commands. Exiting without error.
[2025-05-22 17:47:38] WARNING: Collection complete!
[2025-05-22 17:47:38] WARNING: - 0 trust assignments processed
[2025-05-22 17:47:38] WARNING: - 2 users in trust network
[2025-05-22 17:47:38] WARNING: - 31 total trust relationships
[2025-05-22 17:57:34] WARNING: === Starting Twitter Trust System Collection ===
[2025-05-22 17:57:34] WARNING: Will collect tweets until reaching previous timestamp: 2025-05-12 06:54:05+00:00
[2025-05-22 17:57:34] WARNING: Retrieving page 1...
[2025-05-22 17:57:36] WARNING: Newest tweet is from: 2025-05-12 06:54:05+00:00
[2025-05-22 17:57:36] WARNING: Reached stop point at tweet from 2025-05-12 06:54:05+00:00
[2025-05-22 17:57:36] WARNING: Retrieved 0 new tweets on page 1
[2025-05-22 17:57:36] WARNING: Stopping pagination as we've reached the stop point
[2025-05-22 17:57:36] WARNING: Retrieved a total of 0 tweets across 1 pages
[2025-05-22 17:57:36] WARNING: No new tweets found with trust commands. Exiting without error.
[2025-05-22 17:57:36] WARNING: Collection complete!
[2025-05-22 17:57:36] WARNING: - 0 trust assignments processed
[2025-05-22 17:57:36] WARNING: - 2 users in trust network
[2025-05-22 17:57:36] WARNING: - 31 total trust relationships
[2025-05-22 18:08:07] WARNING: === Starting Twitter Trust System Collection ===
[2025-05-22 18:08:07] WARNING: Will collect tweets until reaching previous timestamp: 2025-05-12 06:54:05+00:00
[2025-05-22 18:08:07] WARNING: Retrieving page 1...
[2025-05-22 18:08:09] WARNING: Newest tweet is from: 2025-05-12 06:54:05+00:00
[2025-05-22 18:08:09] WARNING: Reached stop point at tweet from 2025-05-12 06:54:05+00:00
[2025-05-22 18:08:09] WARNING: Retrieved 0 new tweets on page 1
[2025-05-22 18:08:09] WARNING: Stopping pagination as we've reached the stop point
[2025-05-22 18:08:09] WARNING: Retrieved a total of 0 tweets across 1 pages
[2025-05-22 18:08:09] WARNING: No new tweets found with trust commands. Exiting without error.
[2025-05-22 18:08:09] WARNING: Collection complete!
[2025-05-22 18:08:09] WARNING: - 0 trust assignments processed
[2025-05-22 18:08:09] WARNING: - 2 users in trust network
[2025-05-22 18:08:09] WARNING: - 31 total trust relationships
[2025-05-22 18:17:37] WARNING: === Starting Twitter Trust System Collection ===
[2025-05-22 18:17:37] WARNING: Will collect tweets until reaching previous timestamp: 2025-05-12 06:54:05+00:00
[2025-05-22 18:17:37] WARNING: Retrieving page 1...
[2025-05-22 18:17:39] WARNING: Newest tweet is from: 2025-05-12 06:54:05+00:00
[2025-05-22 18:17:39] WARNING: Reached stop point at tweet from 2025-05-12 06:54:05+00:00
[2025-05-22 18:17:39] WARNING: Retrieved 0 new tweets on page 1
[2025-05-22 18:17:39] WARNING: Stopping pagination as we've reached the stop point
[2025-05-22 18:17:39] WARNING: Retrieved a total of 0 tweets across 1 pages
[2025-05-22 18:17:39] WARNING: No new tweets found with trust commands. Exiting without error.
[2025-05-22 18:17:39] WARNING: Collection complete!
[2025-05-22 18:17:39] WARNING: - 0 trust assignments processed
[2025-05-22 18:17:39] WARNING: - 2 users in trust network
[2025-05-22 18:17:39] WARNING: - 31 total trust relationships
[2025-05-22 18:27:39] WARNING: === Starting Twitter Trust System Collection ===
[2025-05-22 18:27:39] WARNING: Will collect tweets until reaching previous timestamp: 2025-05-12 06:54:05+00:00
[2025-05-22 18:27:39] WARNING: Retrieving page 1...
[2025-05-22 18:27:41] WARNING: Newest tweet is from: 2025-05-12 06:54:05+00:00
[2025-05-22 18:27:41] WARNING: Reached stop point at tweet from 2025-05-12 06:54:05+00:00
[2025-05-22 18:27:41] WARNING: Retrieved 0 new tweets on page 1
[2025-05-22 18:27:41] WARNING: Stopping pagination as we've reached the stop point
[2025-05-22 18:27:41] WARNING: Retrieved a total of 0 tweets across 1 pages
[2025-05-22 18:27:41] WARNING: No new tweets found with trust commands. Exiting without error.
[2025-05-22 18:27:41] WARNING: Collection complete!
[2025-05-22 18:27:41] WARNING: - 0 trust assignments processed
[2025-05-22 18:27:41] WARNING: - 2 users in trust network
[2025-05-22 18:27:41] WARNING: - 31 total trust relationships
[2025-05-22 18:37:44] WARNING: === Starting Twitter Trust System Collection ===
[2025-05-22 18:37:44] WARNING: Will collect tweets until reaching previous timestamp: 2025-05-12 06:54:05+00:00
[2025-05-22 18:37:44] WARNING: Retrieving page 1...
[2025-05-22 18:37:47] WARNING: Newest tweet is from: 2025-05-12 06:54:05+00:00
[2025-05-22 18:37:47] WARNING: Reached stop point at tweet from 2025-05-12 06:54:05+00:00
[2025-05-22 18:37:47] WARNING: Retrieved 0 new tweets on page 1
[2025-05-22 18:37:47] WARNING: Stopping pagination as we've reached the stop point
[2025-05-22 18:37:47] WARNING: Retrieved a total of 0 tweets across 1 pages
[2025-05-22 18:37:47] WARNING: No new tweets found with trust commands. Exiting without error.
[2025-05-22 18:37:47] WARNING: Collection complete!
[2025-05-22 18:37:47] WARNING: - 0 trust assignments processed
[2025-05-22 18:37:47] WARNING: - 2 users in trust network
[2025-05-22 18:37:47] WARNING: - 31 total trust relationships
[2025-05-22 18:47:43] WARNING: === Starting Twitter Trust System Collection ===
[2025-05-22 18:47:43] WARNING: Will collect tweets until reaching previous timestamp: 2025-05-12 06:54:05+00:00
[2025-05-22 18:47:43] WARNING: Retrieving page 1...
[2025-05-22 18:47:44] WARNING: Newest tweet is from: 2025-05-12 06:54:05+00:00
[2025-05-22 18:47:44] WARNING: Reached stop point at tweet from 2025-05-12 06:54:05+00:00
[2025-05-22 18:47:44] WARNING: Retrieved 0 new tweets on page 1
[2025-05-22 18:47:44] WARNING: Stopping pagination as we've reached the stop point
[2025-05-22 18:47:44] WARNING: Retrieved a total of 0 tweets across 1 pages
[2025-05-22 18:47:44] WARNING: No new tweets found with trust commands. Exiting without error.
[2025-05-22 18:47:44] WARNING: Collection complete!
[2025-05-22 18:47:44] WARNING: - 0 trust assignments processed
[2025-05-22 18:47:44] WARNING: - 2 users in trust network
[2025-05-22 18:47:44] WARNING: - 31 total trust relationships
[2025-05-22 18:57:36] WARNING: === Starting Twitter Trust System Collection ===
[2025-05-22 18:57:36] WARNING: Will collect tweets until reaching previous timestamp: 2025-05-12 06:54:05+00:00
[2025-05-22 18:57:36] WARNING: Retrieving page 1...
[2025-05-22 18:57:38] WARNING: Newest tweet is from: 2025-05-12 06:54:05+00:00
[2025-05-22 18:57:38] WARNING: Reached stop point at tweet from 2025-05-12 06:54:05+00:00
[2025-05-22 18:57:38] WARNING: Retrieved 0 new tweets on page 1
[2025-05-22 18:57:38] WARNING: Stopping pagination as we've reached the stop point
[2025-05-22 18:57:38] WARNING: Retrieved a total of 0 tweets across 1 pages
[2025-05-22 18:57:38] WARNING: No new tweets found with trust commands. Exiting without error.
[2025-05-22 18:57:38] WARNING: Collection complete!
[2025-05-22 18:57:38] WARNING: - 0 trust assignments processed
[2025-05-22 18:57:38] WARNING: - 2 users in trust network
[2025-05-22 18:57:38] WARNING: - 31 total trust relationships
[2025-05-22 19:07:37] WARNING: === Starting Twitter Trust System Collection ===
[2025-05-22 19:07:37] WARNING: Will collect tweets until reaching previous timestamp: 2025-05-12 06:54:05+00:00
[2025-05-22 19:07:37] WARNING: Retrieving page 1...
[2025-05-22 19:07:39] WARNING: Newest tweet is from: 2025-05-12 06:54:05+00:00
[2025-05-22 19:07:39] WARNING: Reached stop point at tweet from 2025-05-12 06:54:05+00:00
[2025-05-22 19:07:39] WARNING: Retrieved 0 new tweets on page 1
[2025-05-22 19:07:39] WARNING: Stopping pagination as we've reached the stop point
[2025-05-22 19:07:39] WARNING: Retrieved a total of 0 tweets across 1 pages
[2025-05-22 19:07:39] WARNING: No new tweets found with trust commands. Exiting without error.
[2025-05-22 19:07:39] WARNING: Collection complete!
[2025-05-22 19:07:39] WARNING: - 0 trust assignments processed
[2025-05-22 19:07:39] WARNING: - 2 users in trust network
[2025-05-22 19:07:39] WARNING: - 31 total trust relationships
[2025-05-22 19:17:36] WARNING: === Starting Twitter Trust System Collection ===
[2025-05-22 19:17:36] WARNING: Will collect tweets until reaching previous timestamp: 2025-05-12 06:54:05+00:00
[2025-05-22 19:17:36] WARNING: Retrieving page 1...
[2025-05-22 19:17:38] WARNING: Newest tweet is from: 2025-05-12 06:54:05+00:00
[2025-05-22 19:17:38] WARNING: Reached stop point at tweet from 2025-05-12 06:54:05+00:00
[2025-05-22 19:17:38] WARNING: Retrieved 0 new tweets on page 1
[2025-05-22 19:17:38] WARNING: Stopping pagination as we've reached the stop point
[2025-05-22 19:17:38] WARNING: Retrieved a total of 0 tweets across 1 pages
[2025-05-22 19:17:38] WARNING: No new tweets found with trust commands. Exiting without error.
[2025-05-22 19:17:38] WARNING: Collection complete!
[2025-05-22 19:17:38] WARNING: - 0 trust assignments processed
[2025-05-22 19:17:38] WARNING: - 2 users in trust network
[2025-05-22 19:17:38] WARNING: - 31 total trust relationships
[2025-05-22 19:27:41] WARNING: === Starting Twitter Trust System Collection ===
[2025-05-22 19:27:41] WARNING: Will collect tweets until reaching previous timestamp: 2025-05-12 06:54:05+00:00
[2025-05-22 19:27:41] WARNING: Retrieving page 1...
[2025-05-22 19:27:43] WARNING: Newest tweet is from: 2025-05-12 06:54:05+00:00
[2025-05-22 19:27:43] WARNING: Reached stop point at tweet from 2025-05-12 06:54:05+00:00
[2025-05-22 19:27:43] WARNING: Retrieved 0 new tweets on page 1
[2025-05-22 19:27:43] WARNING: Stopping pagination as we've reached the stop point
[2025-05-22 19:27:43] WARNING: Retrieved a total of 0 tweets across 1 pages
[2025-05-22 19:27:43] WARNING: No new tweets found with trust commands. Exiting without error.
[2025-05-22 19:27:43] WARNING: Collection complete!
[2025-05-22 19:27:43] WARNING: - 0 trust assignments processed
[2025-05-22 19:27:43] WARNING: - 2 users in trust network
[2025-05-22 19:27:43] WARNING: - 31 total trust relationships
[2025-05-22 19:37:39] WARNING: === Starting Twitter Trust System Collection ===
[2025-05-22 19:37:39] WARNING: Will collect tweets until reaching previous timestamp: 2025-05-12 06:54:05+00:00
[2025-05-22 19:37:39] WARNING: Retrieving page 1...
[2025-05-22 19:37:44] WARNING: Newest tweet is from: 2025-05-12 06:54:05+00:00
[2025-05-22 19:37:44] WARNING: Reached stop point at tweet from 2025-05-12 06:54:05+00:00
[2025-05-22 19:37:44] WARNING: Retrieved 0 new tweets on page 1
[2025-05-22 19:37:44] WARNING: Stopping pagination as we've reached the stop point
[2025-05-22 19:37:44] WARNING: Retrieved a total of 0 tweets across 1 pages
[2025-05-22 19:37:44] WARNING: No new tweets found with trust commands. Exiting without error.
[2025-05-22 19:37:44] WARNING: Collection complete!
[2025-05-22 19:37:44] WARNING: - 0 trust assignments processed
[2025-05-22 19:37:44] WARNING: - 2 users in trust network
[2025-05-22 19:37:44] WARNING: - 31 total trust relationships
[2025-05-22 19:47:34] WARNING: === Starting Twitter Trust System Collection ===
[2025-05-22 19:47:34] WARNING: Will collect tweets until reaching previous timestamp: 2025-05-12 06:54:05+00:00
[2025-05-22 19:47:34] WARNING: Retrieving page 1...
[2025-05-22 19:47:35] WARNING: Newest tweet is from: 2025-05-12 06:54:05+00:00
[2025-05-22 19:47:35] WARNING: Reached stop point at tweet from 2025-05-12 06:54:05+00:00
[2025-05-22 19:47:35] WARNING: Retrieved 0 new tweets on page 1
[2025-05-22 19:47:35] WARNING: Stopping pagination as we've reached the stop point
[2025-05-22 19:47:35] WARNING: Retrieved a total of 0 tweets across 1 pages
[2025-05-22 19:47:35] WARNING: No new tweets found with trust commands. Exiting without error.
[2025-05-22 19:47:35] WARNING: Collection complete!
[2025-05-22 19:47:35] WARNING: - 0 trust assignments processed
[2025-05-22 19:47:35] WARNING: - 2 users in trust network
[2025-05-22 19:47:35] WARNING: - 31 total trust relationships
[2025-05-22 19:57:34] WARNING: === Starting Twitter Trust System Collection ===
[2025-05-22 19:57:34] WARNING: Will collect tweets until reaching previous timestamp: 2025-05-12 06:54:05+00:00
[2025-05-22 19:57:34] WARNING: Retrieving page 1...
[2025-05-22 19:57:38] WARNING: Newest tweet is from: 2025-05-12 06:54:05+00:00
[2025-05-22 19:57:38] WARNING: Reached stop point at tweet from 2025-05-12 06:54:05+00:00
[2025-05-22 19:57:38] WARNING: Retrieved 0 new tweets on page 1
[2025-05-22 19:57:38] WARNING: Stopping pagination as we've reached the stop point
[2025-05-22 19:57:38] WARNING: Retrieved a total of 0 tweets across 1 pages
[2025-05-22 19:57:38] WARNING: No new tweets found with trust commands. Exiting without error.
[2025-05-22 19:57:38] WARNING: Collection complete!
[2025-05-22 19:57:38] WARNING: - 0 trust assignments processed
[2025-05-22 19:57:38] WARNING: - 2 users in trust network
[2025-05-22 19:57:38] WARNING: - 31 total trust relationships
[2025-05-22 20:07:34] WARNING: === Starting Twitter Trust System Collection ===
[2025-05-22 20:07:34] WARNING: Will collect tweets until reaching previous timestamp: 2025-05-12 06:54:05+00:00
[2025-05-22 20:07:34] WARNING: Retrieving page 1...
[2025-05-22 20:07:37] WARNING: Newest tweet is from: 2025-05-12 06:54:05+00:00
[2025-05-22 20:07:37] WARNING: Reached stop point at tweet from 2025-05-12 06:54:05+00:00
[2025-05-22 20:07:37] WARNING: Retrieved 0 new tweets on page 1
[2025-05-22 20:07:37] WARNING: Stopping pagination as we've reached the stop point
[2025-05-22 20:07:37] WARNING: Retrieved a total of 0 tweets across 1 pages
[2025-05-22 20:07:37] WARNING: No new tweets found with trust commands. Exiting without error.
[2025-05-22 20:07:37] WARNING: Collection complete!
[2025-05-22 20:07:37] WARNING: - 0 trust assignments processed
[2025-05-22 20:07:37] WARNING: - 2 users in trust network
[2025-05-22 20:07:37] WARNING: - 31 total trust relationships
[2025-05-22 20:17:33] WARNING: === Starting Twitter Trust System Collection ===
[2025-05-22 20:17:33] WARNING: Will collect tweets until reaching previous timestamp: 2025-05-12 06:54:05+00:00
[2025-05-22 20:17:33] WARNING: Retrieving page 1...
[2025-05-22 20:17:35] WARNING: Newest tweet is from: 2025-05-12 06:54:05+00:00
[2025-05-22 20:17:35] WARNING: Reached stop point at tweet from 2025-05-12 06:54:05+00:00
[2025-05-22 20:17:35] WARNING: Retrieved 0 new tweets on page 1
[2025-05-22 20:17:35] WARNING: Stopping pagination as we've reached the stop point
[2025-05-22 20:17:35] WARNING: Retrieved a total of 0 tweets across 1 pages
[2025-05-22 20:17:35] WARNING: No new tweets found with trust commands. Exiting without error.
[2025-05-22 20:17:35] WARNING: Collection complete!
[2025-05-22 20:17:35] WARNING: - 0 trust assignments processed
[2025-05-22 20:17:35] WARNING: - 2 users in trust network
[2025-05-22 20:17:35] WARNING: - 31 total trust relationships
[2025-05-22 20:27:33] WARNING: === Starting Twitter Trust System Collection ===
[2025-05-22 20:27:33] WARNING: Will collect tweets until reaching previous timestamp: 2025-05-12 06:54:05+00:00
[2025-05-22 20:27:33] WARNING: Retrieving page 1...
[2025-05-22 20:27:35] WARNING: Newest tweet is from: 2025-05-12 06:54:05+00:00
[2025-05-22 20:27:35] WARNING: Reached stop point at tweet from 2025-05-12 06:54:05+00:00
[2025-05-22 20:27:35] WARNING: Retrieved 0 new tweets on page 1
[2025-05-22 20:27:35] WARNING: Stopping pagination as we've reached the stop point
[2025-05-22 20:27:35] WARNING: Retrieved a total of 0 tweets across 1 pages
[2025-05-22 20:27:35] WARNING: No new tweets found with trust commands. Exiting without error.
[2025-05-22 20:27:35] WARNING: Collection complete!
[2025-05-22 20:27:35] WARNING: - 0 trust assignments processed
[2025-05-22 20:27:35] WARNING: - 2 users in trust network
[2025-05-22 20:27:35] WARNING: - 31 total trust relationships
[2025-05-22 20:37:34] WARNING: === Starting Twitter Trust System Collection ===
[2025-05-22 20:37:34] WARNING: Will collect tweets until reaching previous timestamp: 2025-05-12 06:54:05+00:00
[2025-05-22 20:37:34] WARNING: Retrieving page 1...
[2025-05-22 20:37:35] WARNING: Newest tweet is from: 2025-05-12 06:54:05+00:00
[2025-05-22 20:37:35] WARNING: Reached stop point at tweet from 2025-05-12 06:54:05+00:00
[2025-05-22 20:37:35] WARNING: Retrieved 0 new tweets on page 1
[2025-05-22 20:37:35] WARNING: Stopping pagination as we've reached the stop point
[2025-05-22 20:37:35] WARNING: Retrieved a total of 0 tweets across 1 pages
[2025-05-22 20:37:35] WARNING: No new tweets found with trust commands. Exiting without error.
[2025-05-22 20:37:35] WARNING: Collection complete!
[2025-05-22 20:37:35] WARNING: - 0 trust assignments processed
[2025-05-22 20:37:35] WARNING: - 2 users in trust network
[2025-05-22 20:37:35] WARNING: - 31 total trust relationships
[2025-05-22 20:47:33] WARNING: === Starting Twitter Trust System Collection ===
[2025-05-22 20:47:33] WARNING: Will collect tweets until reaching previous timestamp: 2025-05-12 06:54:05+00:00
[2025-05-22 20:47:33] WARNING: Retrieving page 1...
[2025-05-22 20:47:35] WARNING: Newest tweet is from: 2025-05-12 06:54:05+00:00
[2025-05-22 20:47:35] WARNING: Reached stop point at tweet from 2025-05-12 06:54:05+00:00
[2025-05-22 20:47:35] WARNING: Retrieved 0 new tweets on page 1
[2025-05-22 20:47:35] WARNING: Stopping pagination as we've reached the stop point
[2025-05-22 20:47:35] WARNING: Retrieved a total of 0 tweets across 1 pages
[2025-05-22 20:47:35] WARNING: No new tweets found with trust commands. Exiting without error.
[2025-05-22 20:47:35] WARNING: Collection complete!
[2025-05-22 20:47:35] WARNING: - 0 trust assignments processed
[2025-05-22 20:47:35] WARNING: - 2 users in trust network
[2025-05-22 20:47:35] WARNING: - 31 total trust relationships
[2025-05-22 20:57:34] WARNING: === Starting Twitter Trust System Collection ===
[2025-05-22 20:57:34] WARNING: Will collect tweets until reaching previous timestamp: 2025-05-12 06:54:05+00:00
[2025-05-22 20:57:34] WARNING: Retrieving page 1...
[2025-05-22 20:57:36] WARNING: Newest tweet is from: 2025-05-12 06:54:05+00:00
[2025-05-22 20:57:36] WARNING: Reached stop point at tweet from 2025-05-12 06:54:05+00:00
[2025-05-22 20:57:36] WARNING: Retrieved 0 new tweets on page 1
[2025-05-22 20:57:36] WARNING: Stopping pagination as we've reached the stop point
[2025-05-22 20:57:36] WARNING: Retrieved a total of 0 tweets across 1 pages
[2025-05-22 20:57:36] WARNING: No new tweets found with trust commands. Exiting without error.
[2025-05-22 20:57:36] WARNING: Collection complete!
[2025-05-22 20:57:36] WARNING: - 0 trust assignments processed
[2025-05-22 20:57:36] WARNING: - 2 users in trust network
[2025-05-22 20:57:36] WARNING: - 31 total trust relationships
[2025-05-22 21:07:35] WARNING: === Starting Twitter Trust System Collection ===
[2025-05-22 21:07:35] WARNING: Will collect tweets until reaching previous timestamp: 2025-05-12 06:54:05+00:00
[2025-05-22 21:07:35] WARNING: Retrieving page 1...
[2025-05-22 21:07:37] WARNING: Newest tweet is from: 2025-05-12 06:54:05+00:00
[2025-05-22 21:07:37] WARNING: Reached stop point at tweet from 2025-05-12 06:54:05+00:00
[2025-05-22 21:07:37] WARNING: Retrieved 0 new tweets on page 1
[2025-05-22 21:07:37] WARNING: Stopping pagination as we've reached the stop point
[2025-05-22 21:07:37] WARNING: Retrieved a total of 0 tweets across 1 pages
[2025-05-22 21:07:37] WARNING: No new tweets found with trust commands. Exiting without error.
[2025-05-22 21:07:37] WARNING: Collection complete!
[2025-05-22 21:07:37] WARNING: - 0 trust assignments processed
[2025-05-22 21:07:37] WARNING: - 2 users in trust network
[2025-05-22 21:07:37] WARNING: - 31 total trust relationships
[2025-05-22 21:17:34] WARNING: === Starting Twitter Trust System Collection ===
[2025-05-22 21:17:34] WARNING: Will collect tweets until reaching previous timestamp: 2025-05-12 06:54:05+00:00
[2025-05-22 21:17:34] WARNING: Retrieving page 1...
[2025-05-22 21:17:36] WARNING: Newest tweet is from: 2025-05-12 06:54:05+00:00
[2025-05-22 21:17:36] WARNING: Reached stop point at tweet from 2025-05-12 06:54:05+00:00
[2025-05-22 21:17:36] WARNING: Retrieved 0 new tweets on page 1
[2025-05-22 21:17:36] WARNING: Stopping pagination as we've reached the stop point
[2025-05-22 21:17:36] WARNING: Retrieved a total of 0 tweets across 1 pages
[2025-05-22 21:17:36] WARNING: No new tweets found with trust commands. Exiting without error.
[2025-05-22 21:17:36] WARNING: Collection complete!
[2025-05-22 21:17:36] WARNING: - 0 trust assignments processed
[2025-05-22 21:17:36] WARNING: - 2 users in trust network
[2025-05-22 21:17:36] WARNING: - 31 total trust relationships
[2025-05-22 21:27:35] WARNING: === Starting Twitter Trust System Collection ===
[2025-05-22 21:27:35] WARNING: Will collect tweets until reaching previous timestamp: 2025-05-12 06:54:05+00:00
[2025-05-22 21:27:35] WARNING: Retrieving page 1...
[2025-05-22 21:27:36] WARNING: Newest tweet is from: 2025-05-12 06:54:05+00:00
[2025-05-22 21:27:36] WARNING: Reached stop point at tweet from 2025-05-12 06:54:05+00:00
[2025-05-22 21:27:36] WARNING: Retrieved 0 new tweets on page 1
[2025-05-22 21:27:36] WARNING: Stopping pagination as we've reached the stop point
[2025-05-22 21:27:36] WARNING: Retrieved a total of 0 tweets across 1 pages
[2025-05-22 21:27:36] WARNING: No new tweets found with trust commands. Exiting without error.
[2025-05-22 21:27:36] WARNING: Collection complete!
[2025-05-22 21:27:36] WARNING: - 0 trust assignments processed
[2025-05-22 21:27:36] WARNING: - 2 users in trust network
[2025-05-22 21:27:36] WARNING: - 31 total trust relationships
[2025-05-22 21:37:33] WARNING: === Starting Twitter Trust System Collection ===
[2025-05-22 21:37:33] WARNING: Will collect tweets until reaching previous timestamp: 2025-05-12 06:54:05+00:00
[2025-05-22 21:37:33] WARNING: Retrieving page 1...
[2025-05-22 21:37:35] WARNING: Newest tweet is from: 2025-05-12 06:54:05+00:00
[2025-05-22 21:37:35] WARNING: Reached stop point at tweet from 2025-05-12 06:54:05+00:00
[2025-05-22 21:37:35] WARNING: Retrieved 0 new tweets on page 1
[2025-05-22 21:37:35] WARNING: Stopping pagination as we've reached the stop point
[2025-05-22 21:37:35] WARNING: Retrieved a total of 0 tweets across 1 pages
[2025-05-22 21:37:35] WARNING: No new tweets found with trust commands. Exiting without error.
[2025-05-22 21:37:35] WARNING: Collection complete!
[2025-05-22 21:37:35] WARNING: - 0 trust assignments processed
[2025-05-22 21:37:35] WARNING: - 2 users in trust network
[2025-05-22 21:37:35] WARNING: - 31 total trust relationships
[2025-05-22 21:47:35] WARNING: === Starting Twitter Trust System Collection ===
[2025-05-22 21:47:35] WARNING: Will collect tweets until reaching previous timestamp: 2025-05-12 06:54:05+00:00
[2025-05-22 21:47:35] WARNING: Retrieving page 1...
[2025-05-22 21:47:41] WARNING: Newest tweet is from: 2025-05-12 06:54:05+00:00
[2025-05-22 21:47:41] WARNING: Reached stop point at tweet from 2025-05-12 06:54:05+00:00
[2025-05-22 21:47:41] WARNING: Retrieved 0 new tweets on page 1
[2025-05-22 21:47:41] WARNING: Stopping pagination as we've reached the stop point
[2025-05-22 21:47:41] WARNING: Retrieved a total of 0 tweets across 1 pages
[2025-05-22 21:47:41] WARNING: No new tweets found with trust commands. Exiting without error.
[2025-05-22 21:47:41] WARNING: Collection complete!
[2025-05-22 21:47:41] WARNING: - 0 trust assignments processed
[2025-05-22 21:47:41] WARNING: - 2 users in trust network
[2025-05-22 21:47:41] WARNING: - 31 total trust relationships
[2025-05-22 21:57:33] WARNING: === Starting Twitter Trust System Collection ===
[2025-05-22 21:57:33] WARNING: Will collect tweets until reaching previous timestamp: 2025-05-12 06:54:05+00:00
[2025-05-22 21:57:33] WARNING: Retrieving page 1...
[2025-05-22 21:57:35] WARNING: Newest tweet is from: 2025-05-12 06:54:05+00:00
[2025-05-22 21:57:35] WARNING: Reached stop point at tweet from 2025-05-12 06:54:05+00:00
[2025-05-22 21:57:35] WARNING: Retrieved 0 new tweets on page 1
[2025-05-22 21:57:35] WARNING: Stopping pagination as we've reached the stop point
[2025-05-22 21:57:35] WARNING: Retrieved a total of 0 tweets across 1 pages
[2025-05-22 21:57:35] WARNING: No new tweets found with trust commands. Exiting without error.
[2025-05-22 21:57:35] WARNING: Collection complete!
[2025-05-22 21:57:35] WARNING: - 0 trust assignments processed
[2025-05-22 21:57:35] WARNING: - 2 users in trust network
[2025-05-22 21:57:35] WARNING: - 31 total trust relationships
[2025-05-22 22:07:35] WARNING: === Starting Twitter Trust System Collection ===
[2025-05-22 22:07:35] WARNING: Will collect tweets until reaching previous timestamp: 2025-05-12 06:54:05+00:00
[2025-05-22 22:07:35] WARNING: Retrieving page 1...
[2025-05-22 22:07:38] WARNING: Newest tweet is from: 2025-05-12 06:54:05+00:00
[2025-05-22 22:07:38] WARNING: Reached stop point at tweet from 2025-05-12 06:54:05+00:00
[2025-05-22 22:07:38] WARNING: Retrieved 0 new tweets on page 1
[2025-05-22 22:07:38] WARNING: Stopping pagination as we've reached the stop point
[2025-05-22 22:07:38] WARNING: Retrieved a total of 0 tweets across 1 pages
[2025-05-22 22:07:38] WARNING: No new tweets found with trust commands. Exiting without error.
[2025-05-22 22:07:38] WARNING: Collection complete!
[2025-05-22 22:07:38] WARNING: - 0 trust assignments processed
[2025-05-22 22:07:38] WARNING: - 2 users in trust network
[2025-05-22 22:07:38] WARNING: - 31 total trust relationships
[2025-05-22 22:17:35] WARNING: === Starting Twitter Trust System Collection ===
[2025-05-22 22:17:35] WARNING: Will collect tweets until reaching previous timestamp: 2025-05-12 06:54:05+00:00
[2025-05-22 22:17:35] WARNING: Retrieving page 1...
[2025-05-22 22:17:37] WARNING: Newest tweet is from: 2025-05-12 06:54:05+00:00
[2025-05-22 22:17:37] WARNING: Reached stop point at tweet from 2025-05-12 06:54:05+00:00
[2025-05-22 22:17:37] WARNING: Retrieved 0 new tweets on page 1
[2025-05-22 22:17:37] WARNING: Stopping pagination as we've reached the stop point
[2025-05-22 22:17:37] WARNING: Retrieved a total of 0 tweets across 1 pages
[2025-05-22 22:17:37] WARNING: No new tweets found with trust commands. Exiting without error.
[2025-05-22 22:17:37] WARNING: Collection complete!
[2025-05-22 22:17:37] WARNING: - 0 trust assignments processed
[2025-05-22 22:17:37] WARNING: - 2 users in trust network
[2025-05-22 22:17:37] WARNING: - 31 total trust relationships
[2025-05-22 22:27:34] WARNING: === Starting Twitter Trust System Collection ===
[2025-05-22 22:27:34] WARNING: Will collect tweets until reaching previous timestamp: 2025-05-12 06:54:05+00:00
[2025-05-22 22:27:34] WARNING: Retrieving page 1...
[2025-05-22 22:27:36] WARNING: Newest tweet is from: 2025-05-12 06:54:05+00:00
[2025-05-22 22:27:36] WARNING: Reached stop point at tweet from 2025-05-12 06:54:05+00:00
[2025-05-22 22:27:36] WARNING: Retrieved 0 new tweets on page 1
[2025-05-22 22:27:36] WARNING: Stopping pagination as we've reached the stop point
[2025-05-22 22:27:36] WARNING: Retrieved a total of 0 tweets across 1 pages
[2025-05-22 22:27:36] WARNING: No new tweets found with trust commands. Exiting without error.
[2025-05-22 22:27:36] WARNING: Collection complete!
[2025-05-22 22:27:36] WARNING: - 0 trust assignments processed
[2025-05-22 22:27:36] WARNING: - 2 users in trust network
[2025-05-22 22:27:36] WARNING: - 31 total trust relationships
[2025-05-22 22:27:36] Calculating trust scores from collected data...
[2025-05-22 19:27:51] INFO: Community Community A (18 members): AskaPol_UAPs, ChrisUKSharp, DanHaug6, Eyes_OnTheSkies, FettucineSplit, GoodTroubleShow, Halsrethink, JeremyCorbell, JonMajerowski, LueElizondo, PTHellyer, SnakePo9, TheOfficialQF, g_knapp, jamescfox, jayanderson, rosscoulthart, ufobeliever1947
[2025-05-22 19:27:51] INFO: Community Community B (7 members): MiddleofMayhem, OSIRISUAP, ShipsSmall, cosmic_surplus, likeitmatters3, susangerbic, ufoskeptic1968
[2025-05-22 19:27:51] INFO: Community analysis written to community_analysis.txt
[2025-05-22 19:27:51] WARNING: Generating trust network visualization...
[2025-05-22 19:27:53] WARNING: Network visualization saved to visualization/trust_network.png
[2025-05-22 19:27:53] WARNING: Creating JSON data structure...
[2025-05-22 19:27:53] WARNING: Successfully generated js/data.js with:
[2025-05-22 19:27:53] WARNING: - 25 users
[2025-05-22 19:27:53] WARNING: - 31 trust relationships
[2025-05-22 19:27:53] WARNING: - 2 communities
[2025-05-22 19:27:53] WARNING: Trust calculation completed successfully.
[2025-05-22 19:37:53] WARNING: === Starting Trust Score Calculation ===
[2025-05-22 19:37:53] WARNING: Starting trust score calculation...
[2025-05-22 19:37:53] WARNING: Found 25 users in the trust network
[2025-05-22 19:37:53] WARNING: Building trust network graph...
[2025-05-22 19:37:53] WARNING: Calculating PageRank scores...
[2025-05-22 19:37:53] WARNING: Applying distrust penalties...
[2025-05-22 19:37:53] WARNING: Detecting communities...
[2025-05-22 19:37:53] WARNING: Found 8 isolated nodes to assign to communities
[2025-05-22 19:37:53] WARNING: Assigned isolated node Eyes_OnTheSkies to community 1 based on structural balance theory
[2025-05-22 19:37:53] WARNING: Assigned isolated node FettucineSplit to community 1 based on structural balance theory
[2025-05-22 19:37:53] WARNING: Assigned isolated node JonMajerowski to community 1 based on structural balance theory
[2025-05-22 19:37:53] WARNING: Assigned isolated node MiddleofMayhem to community 2 based on structural balance theory
[2025-05-22 19:37:53] WARNING: Assigned isolated node PTHellyer to community 1 based on structural balance theory
[2025-05-22 19:37:53] WARNING: Assigned isolated node SnakePo9 to community 1 based on structural balance theory
[2025-05-22 19:37:53] WARNING: Assigned isolated node jamescfox to community 1 based on structural balance theory
[2025-05-22 19:37:53] WARNING: Assigned isolated node likeitmatters3 to community 2 based on structural balance theory
[2025-05-22 19:37:53] INFO: Analyzing community composition...
[2025-05-22 19:37:53] INFO: Community Community A (18 members): AskaPol_UAPs, ChrisUKSharp, DanHaug6, Eyes_OnTheSkies, FettucineSplit, GoodTroubleShow, Halsrethink, JeremyCorbell, JonMajerowski, LueElizondo, PTHellyer, SnakePo9, TheOfficialQF, g_knapp, jamescfox, jayanderson, rosscoulthart, ufobeliever1947
[2025-05-22 19:37:53] INFO: Community Community B (7 members): MiddleofMayhem, OSIRISUAP, ShipsSmall, cosmic_surplus, likeitmatters3, susangerbic, ufoskeptic1968
[2025-05-22 19:37:53] INFO: Community analysis written to community_analysis.txt
[2025-05-22 19:37:53] WARNING: Generating trust network visualization...
[2025-05-22 19:37:54] WARNING: Network visualization saved to visualization/trust_network.png
[2025-05-22 19:37:54] WARNING: Creating JSON data structure...
[2025-05-22 19:37:54] WARNING: Successfully generated js/data.js with:
[2025-05-22 19:37:54] WARNING: - 25 users
[2025-05-22 19:37:54] WARNING: - 31 trust relationships
[2025-05-22 19:37:54] WARNING: - 2 communities
[2025-05-22 19:37:54] WARNING: Trust calculation completed successfully.
[2025-05-22 19:47:40] WARNING: === Starting Trust Score Calculation ===
[2025-05-22 19:47:40] WARNING: Starting trust score calculation...
[2025-05-22 19:47:40] WARNING: Found 25 users in the trust network
[2025-05-22 19:47:40] WARNING: Building trust network graph...
[2025-05-22 19:47:40] WARNING: Calculating PageRank scores...
[2025-05-22 19:47:40] WARNING: Applying distrust penalties...
[2025-05-22 19:47:40] WARNING: Detecting communities...
[2025-05-22 19:47:40] WARNING: Found 8 isolated nodes to assign to communities
[2025-05-22 19:47:40] WARNING: Assigned isolated node Eyes_OnTheSkies to community 1 based on structural balance theory
[2025-05-22 19:47:40] WARNING: Assigned isolated node FettucineSplit to community 1 based on structural balance theory
[2025-05-22 19:47:40] WARNING: Assigned isolated node JonMajerowski to community 1 based on structural balance theory
[2025-05-22 19:47:40] WARNING: Assigned isolated node MiddleofMayhem to community 2 based on structural balance theory
[2025-05-22 19:47:40] WARNING: Assigned isolated node PTHellyer to community 1 based on structural balance theory
[2025-05-22 19:47:40] WARNING: Assigned isolated node SnakePo9 to community 1 based on structural balance theory
[2025-05-22 19:47:40] WARNING: Assigned isolated node jamescfox to community 1 based on structural balance theory
[2025-05-22 19:47:40] WARNING: Assigned isolated node likeitmatters3 to community 2 based on structural balance theory
[2025-05-22 19:47:40] INFO: Analyzing community composition...
[2025-05-22 19:47:40] INFO: Community Community A (18 members): AskaPol_UAPs, ChrisUKSharp, DanHaug6, Eyes_OnTheSkies, FettucineSplit, GoodTroubleShow, Halsrethink, JeremyCorbell, JonMajerowski, LueElizondo, PTHellyer, SnakePo9, TheOfficialQF, g_knapp, jamescfox, jayanderson, rosscoulthart, ufobeliever1947
[2025-05-22 19:47:40] INFO: Community Community B (7 members): MiddleofMayhem, OSIRISUAP, ShipsSmall, cosmic_surplus, likeitmatters3, susangerbic, ufoskeptic1968
[2025-05-22 19:47:40] INFO: Community analysis written to community_analysis.txt
[2025-05-22 19:47:40] WARNING: Generating trust network visualization...
[2025-05-22 19:47:41] WARNING: Network visualization saved to visualization/trust_network.png
[2025-05-22 19:47:41] WARNING: Creating JSON data structure...
[2025-05-22 19:47:41] WARNING: Successfully generated js/data.js with:
[2025-05-22 19:47:41] WARNING: - 25 users
[2025-05-22 19:47:41] WARNING: - 31 trust relationships
[2025-05-22 19:47:41] WARNING: - 2 communities
[2025-05-22 19:47:41] WARNING: Trust calculation completed successfully.
[2025-05-22 19:57:42] WARNING: === Starting Trust Score Calculation ===
[2025-05-22 19:57:42] WARNING: Starting trust score calculation...
[2025-05-22 19:57:42] WARNING: Found 25 users in the trust network
[2025-05-22 19:57:42] WARNING: Building trust network graph...
[2025-05-22 19:57:42] WARNING: Calculating PageRank scores...
[2025-05-22 19:57:42] WARNING: Applying distrust penalties...
[2025-05-22 19:57:42] WARNING: Detecting communities...
[2025-05-22 19:57:42] WARNING: Found 8 isolated nodes to assign to communities
[2025-05-22 19:57:42] WARNING: Assigned isolated node Eyes_OnTheSkies to community 1 based on structural balance theory
[2025-05-22 19:57:42] WARNING: Assigned isolated node FettucineSplit to community 1 based on structural balance theory
[2025-05-22 19:57:42] WARNING: Assigned isolated node JonMajerowski to community 1 based on structural balance theory
[2025-05-22 19:57:42] WARNING: Assigned isolated node MiddleofMayhem to community 2 based on structural balance theory
[2025-05-22 19:57:42] WARNING: Assigned isolated node PTHellyer to community 1 based on structural balance theory
[2025-05-22 19:57:42] WARNING: Assigned isolated node SnakePo9 to community 1 based on structural balance theory
[2025-05-22 19:57:42] WARNING: Assigned isolated node jamescfox to community 1 based on structural balance theory
[2025-05-22 19:57:42] WARNING: Assigned isolated node likeitmatters3 to community 2 based on structural balance theory
[2025-05-22 19:57:42] INFO: Analyzing community composition...
[2025-05-22 19:57:42] INFO: Community Community A (18 members): AskaPol_UAPs, ChrisUKSharp, DanHaug6, Eyes_OnTheSkies, FettucineSplit, GoodTroubleShow, Halsrethink, JeremyCorbell, JonMajerowski, LueElizondo, PTHellyer, SnakePo9, TheOfficialQF, g_knapp, jamescfox, jayanderson, rosscoulthart, ufobeliever1947
[2025-05-22 19:57:42] INFO: Community Community B (7 members): MiddleofMayhem, OSIRISUAP, ShipsSmall, cosmic_surplus, likeitmatters3, susangerbic, ufoskeptic1968
[2025-05-22 19:57:42] INFO: Community analysis written to community_analysis.txt
[2025-05-22 19:57:42] WARNING: Generating trust network visualization...
[2025-05-22 19:57:44] WARNING: Network visualization saved to visualization/trust_network.png
[2025-05-22 19:57:44] WARNING: Creating JSON data structure...
[2025-05-22 19:57:44] WARNING: Successfully generated js/data.js with:
[2025-05-22 19:57:44] WARNING: - 25 users
[2025-05-22 19:57:44] WARNING: - 31 trust relationships
[2025-05-22 19:57:44] WARNING: - 2 communities
[2025-05-22 19:57:44] WARNING: Trust calculation completed successfully.
[2025-05-22 20:07:42] WARNING: === Starting Trust Score Calculation ===
[2025-05-22 20:07:42] WARNING: Starting trust score calculation...
[2025-05-22 20:07:42] WARNING: Found 25 users in the trust network
[2025-05-22 20:07:42] WARNING: Building trust network graph...
[2025-05-22 20:07:42] WARNING: Calculating PageRank scores...
[2025-05-22 20:07:42] WARNING: Applying distrust penalties...
[2025-05-22 20:07:42] WARNING: Detecting communities...
[2025-05-22 20:07:42] WARNING: Found 8 isolated nodes to assign to communities
[2025-05-22 20:07:42] WARNING: Assigned isolated node Eyes_OnTheSkies to community 1 based on structural balance theory
[2025-05-22 20:07:42] WARNING: Assigned isolated node FettucineSplit to community 1 based on structural balance theory
[2025-05-22 20:07:42] WARNING: Assigned isolated node JonMajerowski to community 1 based on structural balance theory
[2025-05-22 20:07:42] WARNING: Assigned isolated node MiddleofMayhem to community 2 based on structural balance theory
[2025-05-22 20:07:42] WARNING: Assigned isolated node PTHellyer to community 1 based on structural balance theory
[2025-05-22 20:07:42] WARNING: Assigned isolated node SnakePo9 to community 1 based on structural balance theory
[2025-05-22 20:07:42] WARNING: Assigned isolated node jamescfox to community 1 based on structural balance theory
[2025-05-22 20:07:42] WARNING: Assigned isolated node likeitmatters3 to community 2 based on structural balance theory
[2025-05-22 20:07:42] INFO: Analyzing community composition...
[2025-05-22 20:07:42] INFO: Community Community A (18 members): AskaPol_UAPs, ChrisUKSharp, DanHaug6, Eyes_OnTheSkies, FettucineSplit, GoodTroubleShow, Halsrethink, JeremyCorbell, JonMajerowski, LueElizondo, PTHellyer, SnakePo9, TheOfficialQF, g_knapp, jamescfox, jayanderson, rosscoulthart, ufobeliever1947
[2025-05-22 20:07:42] INFO: Community Community B (7 members): MiddleofMayhem, OSIRISUAP, ShipsSmall, cosmic_surplus, likeitmatters3, susangerbic, ufoskeptic1968
[2025-05-22 20:07:42] INFO: Community analysis written to community_analysis.txt
[2025-05-22 20:07:42] WARNING: Generating trust network visualization...
[2025-05-22 20:07:43] WARNING: Network visualization saved to visualization/trust_network.png
[2025-05-22 20:07:43] WARNING: Creating JSON data structure...
[2025-05-22 20:07:43] WARNING: Successfully generated js/data.js with:
[2025-05-22 20:07:43] WARNING: - 25 users
[2025-05-22 20:07:43] WARNING: - 31 trust relationships
[2025-05-22 20:07:43] WARNING: - 2 communities
[2025-05-22 20:07:43] WARNING: Trust calculation completed successfully.
[2025-05-22 20:17:40] WARNING: === Starting Trust Score Calculation ===
[2025-05-22 20:17:40] WARNING: Starting trust score calculation...
[2025-05-22 20:17:40] WARNING: Found 25 users in the trust network
[2025-05-22 20:17:40] WARNING: Building trust network graph...
[2025-05-22 20:17:40] WARNING: Calculating PageRank scores...
[2025-05-22 20:17:40] WARNING: Applying distrust penalties...
[2025-05-22 20:17:40] WARNING: Detecting communities...
[2025-05-22 20:17:40] WARNING: Found 8 isolated nodes to assign to communities
[2025-05-22 20:17:40] WARNING: Assigned isolated node Eyes_OnTheSkies to community 1 based on structural balance theory
[2025-05-22 20:17:40] WARNING: Assigned isolated node FettucineSplit to community 1 based on structural balance theory
[2025-05-22 20:17:40] WARNING: Assigned isolated node JonMajerowski to community 1 based on structural balance theory
[2025-05-22 20:17:40] WARNING: Assigned isolated node MiddleofMayhem to community 2 based on structural balance theory
[2025-05-22 20:17:40] WARNING: Assigned isolated node PTHellyer to community 1 based on structural balance theory
[2025-05-22 20:17:40] WARNING: Assigned isolated node SnakePo9 to community 1 based on structural balance theory
[2025-05-22 20:17:40] WARNING: Assigned isolated node jamescfox to community 1 based on structural balance theory
[2025-05-22 20:17:40] WARNING: Assigned isolated node likeitmatters3 to community 2 based on structural balance theory
[2025-05-22 20:17:40] INFO: Analyzing community composition...
[2025-05-22 20:17:40] INFO: Community Community A (18 members): AskaPol_UAPs, ChrisUKSharp, DanHaug6, Eyes_OnTheSkies, FettucineSplit, GoodTroubleShow, Halsrethink, JeremyCorbell, JonMajerowski, LueElizondo, PTHellyer, SnakePo9, TheOfficialQF, g_knapp, jamescfox, jayanderson, rosscoulthart, ufobeliever1947
[2025-05-22 20:17:40] INFO: Community Community B (7 members): MiddleofMayhem, OSIRISUAP, ShipsSmall, cosmic_surplus, likeitmatters3, susangerbic, ufoskeptic1968
[2025-05-22 20:17:40] INFO: Community analysis written to community_analysis.txt
[2025-05-22 20:17:40] WARNING: Generating trust network visualization...
[2025-05-22 20:17:41] WARNING: Network visualization saved to visualization/trust_network.png
[2025-05-22 20:17:41] WARNING: Creating JSON data structure...
[2025-05-22 20:17:41] WARNING: Successfully generated js/data.js with:
[2025-05-22 20:17:41] WARNING: - 25 users
[2025-05-22 20:17:41] WARNING: - 31 trust relationships
[2025-05-22 20:17:41] WARNING: - 2 communities
[2025-05-22 20:17:41] WARNING: Trust calculation completed successfully.
[2025-05-22 20:27:40] WARNING: === Starting Trust Score Calculation ===
[2025-05-22 20:27:40] WARNING: Starting trust score calculation...
[2025-05-22 20:27:40] WARNING: Found 25 users in the trust network
[2025-05-22 20:27:40] WARNING: Building trust network graph...
[2025-05-22 20:27:40] WARNING: Calculating PageRank scores...
[2025-05-22 20:27:40] WARNING: Applying distrust penalties...
[2025-05-22 20:27:40] WARNING: Detecting communities...
[2025-05-22 20:27:40] WARNING: Found 8 isolated nodes to assign to communities
[2025-05-22 20:27:40] WARNING: Assigned isolated node Eyes_OnTheSkies to community 1 based on structural balance theory
[2025-05-22 20:27:40] WARNING: Assigned isolated node FettucineSplit to community 1 based on structural balance theory
[2025-05-22 20:27:40] WARNING: Assigned isolated node JonMajerowski to community 1 based on structural balance theory
[2025-05-22 20:27:40] WARNING: Assigned isolated node MiddleofMayhem to community 2 based on structural balance theory
[2025-05-22 20:27:40] WARNING: Assigned isolated node PTHellyer to community 1 based on structural balance theory
[2025-05-22 20:27:40] WARNING: Assigned isolated node SnakePo9 to community 1 based on structural balance theory
[2025-05-22 20:27:40] WARNING: Assigned isolated node jamescfox to community 1 based on structural balance theory
[2025-05-22 20:27:40] WARNING: Assigned isolated node likeitmatters3 to community 2 based on structural balance theory
[2025-05-22 20:27:40] INFO: Analyzing community composition...
[2025-05-22 20:27:40] INFO: Community Community A (18 members): AskaPol_UAPs, ChrisUKSharp, DanHaug6, Eyes_OnTheSkies, FettucineSplit, GoodTroubleShow, Halsrethink, JeremyCorbell, JonMajerowski, LueElizondo, PTHellyer, SnakePo9, TheOfficialQF, g_knapp, jamescfox, jayanderson, rosscoulthart, ufobeliever1947
[2025-05-22 20:27:40] INFO: Community Community B (7 members): MiddleofMayhem, OSIRISUAP, ShipsSmall, cosmic_surplus, likeitmatters3, susangerbic, ufoskeptic1968
[2025-05-22 20:27:40] INFO: Community analysis written to community_analysis.txt
[2025-05-22 20:27:40] WARNING: Generating trust network visualization...
[2025-05-22 20:27:41] WARNING: Network visualization saved to visualization/trust_network.png
[2025-05-22 20:27:41] WARNING: Creating JSON data structure...
[2025-05-22 20:27:41] WARNING: Successfully generated js/data.js with:
[2025-05-22 20:27:41] WARNING: - 25 users
[2025-05-22 20:27:41] WARNING: - 31 trust relationships
[2025-05-22 20:27:41] WARNING: - 2 communities
[2025-05-22 20:27:41] WARNING: Trust calculation completed successfully.
[2025-05-22 20:37:40] WARNING: === Starting Trust Score Calculation ===
[2025-05-22 20:37:40] WARNING: Starting trust score calculation...
[2025-05-22 20:37:40] WARNING: Found 25 users in the trust network
[2025-05-22 20:37:40] WARNING: Building trust network graph...
[2025-05-22 20:37:40] WARNING: Calculating PageRank scores...
[2025-05-22 20:37:40] WARNING: Applying distrust penalties...
[2025-05-22 20:37:40] WARNING: Detecting communities...
[2025-05-22 20:37:40] WARNING: Found 8 isolated nodes to assign to communities
[2025-05-22 20:37:40] WARNING: Assigned isolated node Eyes_OnTheSkies to community 1 based on structural balance theory
[2025-05-22 20:37:40] WARNING: Assigned isolated node FettucineSplit to community 1 based on structural balance theory
[2025-05-22 20:37:40] WARNING: Assigned isolated node JonMajerowski to community 1 based on structural balance theory
[2025-05-22 20:37:40] WARNING: Assigned isolated node MiddleofMayhem to community 2 based on structural balance theory
[2025-05-22 20:37:40] WARNING: Assigned isolated node PTHellyer to community 1 based on structural balance theory
[2025-05-22 20:37:40] WARNING: Assigned isolated node SnakePo9 to community 1 based on structural balance theory
[2025-05-22 20:37:40] WARNING: Assigned isolated node jamescfox to community 1 based on structural balance theory
[2025-05-22 20:37:40] WARNING: Assigned isolated node likeitmatters3 to community 2 based on structural balance theory
[2025-05-22 20:37:40] INFO: Analyzing community composition...
[2025-05-22 20:37:40] INFO: Community Community A (18 members): AskaPol_UAPs, ChrisUKSharp, DanHaug6, Eyes_OnTheSkies, FettucineSplit, GoodTroubleShow, Halsrethink, JeremyCorbell, JonMajerowski, LueElizondo, PTHellyer, SnakePo9, TheOfficialQF, g_knapp, jamescfox, jayanderson, rosscoulthart, ufobeliever1947
[2025-05-22 20:37:40] INFO: Community Community B (7 members): MiddleofMayhem, OSIRISUAP, ShipsSmall, cosmic_surplus, likeitmatters3, susangerbic, ufoskeptic1968
[2025-05-22 20:37:40] INFO: Community analysis written to community_analysis.txt
[2025-05-22 20:37:40] WARNING: Generating trust network visualization...
[2025-05-22 20:37:41] WARNING: Network visualization saved to visualization/trust_network.png
[2025-05-22 20:37:41] WARNING: Creating JSON data structure...
[2025-05-22 20:37:41] WARNING: Successfully generated js/data.js with:
[2025-05-22 20:37:41] WARNING: - 25 users
[2025-05-22 20:37:41] WARNING: - 31 trust relationships
[2025-05-22 20:37:41] WARNING: - 2 communities
[2025-05-22 20:37:41] WARNING: Trust calculation completed successfully.
[2025-05-22 20:47:39] WARNING: === Starting Trust Score Calculation ===
[2025-05-22 20:47:39] WARNING: Starting trust score calculation...
[2025-05-22 20:47:39] WARNING: Found 25 users in the trust network
[2025-05-22 20:47:39] WARNING: Building trust network graph...
[2025-05-22 20:47:39] WARNING: Calculating PageRank scores...
[2025-05-22 20:47:39] WARNING: Applying distrust penalties...
[2025-05-22 20:47:39] WARNING: Detecting communities...
[2025-05-22 20:47:39] WARNING: Found 8 isolated nodes to assign to communities
[2025-05-22 20:47:39] WARNING: Assigned isolated node Eyes_OnTheSkies to community 1 based on structural balance theory
[2025-05-22 20:47:39] WARNING: Assigned isolated node FettucineSplit to community 1 based on structural balance theory
[2025-05-22 20:47:39] WARNING: Assigned isolated node JonMajerowski to community 1 based on structural balance theory
[2025-05-22 20:47:39] WARNING: Assigned isolated node MiddleofMayhem to community 2 based on structural balance theory
[2025-05-22 20:47:39] WARNING: Assigned isolated node PTHellyer to community 1 based on structural balance theory
[2025-05-22 20:47:39] WARNING: Assigned isolated node SnakePo9 to community 1 based on structural balance theory
[2025-05-22 20:47:39] WARNING: Assigned isolated node jamescfox to community 1 based on structural balance theory
[2025-05-22 20:47:39] WARNING: Assigned isolated node likeitmatters3 to community 2 based on structural balance theory
[2025-05-22 20:47:39] INFO: Analyzing community composition...
[2025-05-22 20:47:39] INFO: Community Community A (18 members): AskaPol_UAPs, ChrisUKSharp, DanHaug6, Eyes_OnTheSkies, FettucineSplit, GoodTroubleShow, Halsrethink, JeremyCorbell, JonMajerowski, LueElizondo, PTHellyer, SnakePo9, TheOfficialQF, g_knapp, jamescfox, jayanderson, rosscoulthart, ufobeliever1947
[2025-05-22 20:47:39] INFO: Community Community B (7 members): MiddleofMayhem, OSIRISUAP, ShipsSmall, cosmic_surplus, likeitmatters3, susangerbic, ufoskeptic1968
[2025-05-22 20:47:39] INFO: Community analysis written to community_analysis.txt
[2025-05-22 20:47:39] WARNING: Generating trust network visualization...
[2025-05-22 20:47:40] WARNING: Network visualization saved to visualization/trust_network.png
[2025-05-22 20:47:40] WARNING: Creating JSON data structure...
[2025-05-22 20:47:40] WARNING: Successfully generated js/data.js with:
[2025-05-22 20:47:40] WARNING: - 25 users
[2025-05-22 20:47:40] WARNING: - 31 trust relationships
[2025-05-22 20:47:40] WARNING: - 2 communities
[2025-05-22 20:47:40] WARNING: Trust calculation completed successfully.
[2025-05-22 20:57:41] WARNING: === Starting Trust Score Calculation ===
[2025-05-22 20:57:41] WARNING: Starting trust score calculation...
[2025-05-22 20:57:41] WARNING: Found 25 users in the trust network
[2025-05-22 20:57:41] WARNING: Building trust network graph...
[2025-05-22 20:57:41] WARNING: Calculating PageRank scores...
[2025-05-22 20:57:41] WARNING: Applying distrust penalties...
[2025-05-22 20:57:41] WARNING: Detecting communities...
[2025-05-22 20:57:41] WARNING: Found 8 isolated nodes to assign to communities
[2025-05-22 20:57:41] WARNING: Assigned isolated node Eyes_OnTheSkies to community 1 based on structural balance theory
[2025-05-22 20:57:41] WARNING: Assigned isolated node FettucineSplit to community 1 based on structural balance theory
[2025-05-22 20:57:41] WARNING: Assigned isolated node JonMajerowski to community 1 based on structural balance theory
[2025-05-22 20:57:41] WARNING: Assigned isolated node MiddleofMayhem to community 2 based on structural balance theory
[2025-05-22 20:57:41] WARNING: Assigned isolated node PTHellyer to community 1 based on structural balance theory
[2025-05-22 20:57:41] WARNING: Assigned isolated node SnakePo9 to community 1 based on structural balance theory
[2025-05-22 20:57:41] WARNING: Assigned isolated node jamescfox to community 1 based on structural balance theory
[2025-05-22 20:57:41] WARNING: Assigned isolated node likeitmatters3 to community 2 based on structural balance theory
[2025-05-22 20:57:41] INFO: Analyzing community composition...
[2025-05-22 20:57:41] INFO: Community Community A (18 members): AskaPol_UAPs, ChrisUKSharp, DanHaug6, Eyes_OnTheSkies, FettucineSplit, GoodTroubleShow, Halsrethink, JeremyCorbell, JonMajerowski, LueElizondo, PTHellyer, SnakePo9, TheOfficialQF, g_knapp, jamescfox, jayanderson, rosscoulthart, ufobeliever1947
[2025-05-22 20:57:41] INFO: Community Community B (7 members): MiddleofMayhem, OSIRISUAP, ShipsSmall, cosmic_surplus, likeitmatters3, susangerbic, ufoskeptic1968
[2025-05-22 20:57:41] INFO: Community analysis written to community_analysis.txt
[2025-05-22 20:57:41] WARNING: Generating trust network visualization...
[2025-05-22 20:57:42] WARNING: Network visualization saved to visualization/trust_network.png
[2025-05-22 20:57:42] WARNING: Creating JSON data structure...
[2025-05-22 20:57:42] WARNING: Successfully generated js/data.js with:
[2025-05-22 20:57:42] WARNING: - 25 users
[2025-05-22 20:57:42] WARNING: - 31 trust relationships
[2025-05-22 20:57:42] WARNING: - 2 communities
[2025-05-22 20:57:42] WARNING: Trust calculation completed successfully.
[2025-05-22 21:07:42] WARNING: === Starting Trust Score Calculation ===
[2025-05-22 21:07:42] WARNING: Starting trust score calculation...
[2025-05-22 21:07:42] WARNING: Found 25 users in the trust network
[2025-05-22 21:07:42] WARNING: Building trust network graph...
[2025-05-22 21:07:42] WARNING: Calculating PageRank scores...
[2025-05-22 21:07:42] WARNING: Applying distrust penalties...
[2025-05-22 21:07:42] WARNING: Detecting communities...
[2025-05-22 21:07:42] WARNING: Found 8 isolated nodes to assign to communities
[2025-05-22 21:07:42] WARNING: Assigned isolated node Eyes_OnTheSkies to community 1 based on structural balance theory
[2025-05-22 21:07:42] WARNING: Assigned isolated node FettucineSplit to community 1 based on structural balance theory
[2025-05-22 21:07:42] WARNING: Assigned isolated node JonMajerowski to community 1 based on structural balance theory
[2025-05-22 21:07:42] WARNING: Assigned isolated node MiddleofMayhem to community 2 based on structural balance theory
[2025-05-22 21:07:42] WARNING: Assigned isolated node PTHellyer to community 1 based on structural balance theory
[2025-05-22 21:07:42] WARNING: Assigned isolated node SnakePo9 to community 1 based on structural balance theory
[2025-05-22 21:07:42] WARNING: Assigned isolated node jamescfox to community 1 based on structural balance theory
[2025-05-22 21:07:42] WARNING: Assigned isolated node likeitmatters3 to community 2 based on structural balance theory
[2025-05-22 21:07:42] INFO: Analyzing community composition...
[2025-05-22 21:07:42] INFO: Community Community A (18 members): AskaPol_UAPs, ChrisUKSharp, DanHaug6, Eyes_OnTheSkies, FettucineSplit, GoodTroubleShow, Halsrethink, JeremyCorbell, JonMajerowski, LueElizondo, PTHellyer, SnakePo9, TheOfficialQF, g_knapp, jamescfox, jayanderson, rosscoulthart, ufobeliever1947
[2025-05-22 21:07:42] INFO: Community Community B (7 members): MiddleofMayhem, OSIRISUAP, ShipsSmall, cosmic_surplus, likeitmatters3, susangerbic, ufoskeptic1968
[2025-05-22 21:07:42] INFO: Community analysis written to community_analysis.txt
[2025-05-22 21:07:42] WARNING: Generating trust network visualization...
[2025-05-22 21:07:43] WARNING: Network visualization saved to visualization/trust_network.png
[2025-05-22 21:07:43] WARNING: Creating JSON data structure...
[2025-05-22 21:07:43] WARNING: Successfully generated js/data.js with:
[2025-05-22 21:07:43] WARNING: - 25 users
[2025-05-22 21:07:43] WARNING: - 31 trust relationships
[2025-05-22 21:07:43] WARNING: - 2 communities
[2025-05-22 21:07:43] WARNING: Trust calculation completed successfully.
[2025-05-22 21:17:41] WARNING: === Starting Trust Score Calculation ===
[2025-05-22 21:17:41] WARNING: Starting trust score calculation...
[2025-05-22 21:17:41] WARNING: Found 25 users in the trust network
[2025-05-22 21:17:41] WARNING: Building trust network graph...
[2025-05-22 21:17:41] WARNING: Calculating PageRank scores...
[2025-05-22 21:17:41] WARNING: Applying distrust penalties...
[2025-05-22 21:17:41] WARNING: Detecting communities...
[2025-05-22 21:17:41] WARNING: Found 8 isolated nodes to assign to communities
[2025-05-22 21:17:41] WARNING: Assigned isolated node Eyes_OnTheSkies to community 1 based on structural balance theory
[2025-05-22 21:17:41] WARNING: Assigned isolated node FettucineSplit to community 1 based on structural balance theory
[2025-05-22 21:17:41] WARNING: Assigned isolated node JonMajerowski to community 1 based on structural balance theory
[2025-05-22 21:17:41] WARNING: Assigned isolated node MiddleofMayhem to community 2 based on structural balance theory
[2025-05-22 21:17:41] WARNING: Assigned isolated node PTHellyer to community 1 based on structural balance theory
[2025-05-22 21:17:41] WARNING: Assigned isolated node SnakePo9 to community 1 based on structural balance theory
[2025-05-22 21:17:41] WARNING: Assigned isolated node jamescfox to community 1 based on structural balance theory
[2025-05-22 21:17:41] WARNING: Assigned isolated node likeitmatters3 to community 2 based on structural balance theory
[2025-05-22 21:17:41] INFO: Analyzing community composition...
[2025-05-22 21:17:41] INFO: Community Community A (18 members): AskaPol_UAPs, ChrisUKSharp, DanHaug6, Eyes_OnTheSkies, FettucineSplit, GoodTroubleShow, Halsrethink, JeremyCorbell, JonMajerowski, LueElizondo, PTHellyer, SnakePo9, TheOfficialQF, g_knapp, jamescfox, jayanderson, rosscoulthart, ufobeliever1947
[2025-05-22 21:17:41] INFO: Community Community B (7 members): MiddleofMayhem, OSIRISUAP, ShipsSmall, cosmic_surplus, likeitmatters3, susangerbic, ufoskeptic1968
[2025-05-22 21:17:41] INFO: Community analysis written to community_analysis.txt
[2025-05-22 21:17:41] WARNING: Generating trust network visualization...
[2025-05-22 21:17:42] WARNING: Network visualization saved to visualization/trust_network.png
[2025-05-22 21:17:42] WARNING: Creating JSON data structure...
[2025-05-22 21:17:42] WARNING: Successfully generated js/data.js with:
[2025-05-22 21:17:42] WARNING: - 25 users
[2025-05-22 21:17:42] WARNING: - 31 trust relationships
[2025-05-22 21:17:42] WARNING: - 2 communities
[2025-05-22 21:17:42] WARNING: Trust calculation completed successfully.
[2025-05-22 21:27:41] WARNING: === Starting Trust Score Calculation ===
[2025-05-22 21:27:41] WARNING: Starting trust score calculation...
[2025-05-22 21:27:41] WARNING: Found 25 users in the trust network
[2025-05-22 21:27:41] WARNING: Building trust network graph...
[2025-05-22 21:27:41] WARNING: Calculating PageRank scores...
[2025-05-22 21:27:41] WARNING: Applying distrust penalties...
[2025-05-22 21:27:41] WARNING: Detecting communities...
[2025-05-22 21:27:41] WARNING: Found 8 isolated nodes to assign to communities
[2025-05-22 21:27:41] WARNING: Assigned isolated node Eyes_OnTheSkies to community 1 based on structural balance theory
[2025-05-22 21:27:41] WARNING: Assigned isolated node FettucineSplit to community 1 based on structural balance theory
[2025-05-22 21:27:41] WARNING: Assigned isolated node JonMajerowski to community 1 based on structural balance theory
[2025-05-22 21:27:41] WARNING: Assigned isolated node MiddleofMayhem to community 2 based on structural balance theory
[2025-05-22 21:27:41] WARNING: Assigned isolated node PTHellyer to community 1 based on structural balance theory
[2025-05-22 21:27:41] WARNING: Assigned isolated node SnakePo9 to community 1 based on structural balance theory
[2025-05-22 21:27:41] WARNING: Assigned isolated node jamescfox to community 1 based on structural balance theory
[2025-05-22 21:27:41] WARNING: Assigned isolated node likeitmatters3 to community 2 based on structural balance theory
[2025-05-22 21:27:41] INFO: Analyzing community composition...
[2025-05-22 21:27:41] INFO: Community Community A (18 members): AskaPol_UAPs, ChrisUKSharp, DanHaug6, Eyes_OnTheSkies, FettucineSplit, GoodTroubleShow, Halsrethink, JeremyCorbell, JonMajerowski, LueElizondo, PTHellyer, SnakePo9, TheOfficialQF, g_knapp, jamescfox, jayanderson, rosscoulthart, ufobeliever1947
[2025-05-22 21:27:41] INFO: Community Community B (7 members): MiddleofMayhem, OSIRISUAP, ShipsSmall, cosmic_surplus, likeitmatters3, susangerbic, ufoskeptic1968
[2025-05-22 21:27:41] INFO: Community analysis written to community_analysis.txt
[2025-05-22 21:27:41] WARNING: Generating trust network visualization...
[2025-05-22 21:27:42] WARNING: Network visualization saved to visualization/trust_network.png
[2025-05-22 21:27:42] WARNING: Creating JSON data structure...
[2025-05-22 21:27:42] WARNING: Successfully generated js/data.js with:
[2025-05-22 21:27:42] WARNING: - 25 users
[2025-05-22 21:27:42] WARNING: - 31 trust relationships
[2025-05-22 21:27:42] WARNING: - 2 communities
[2025-05-22 21:27:42] WARNING: Trust calculation completed successfully.
[2025-05-22 21:37:39] WARNING: === Starting Trust Score Calculation ===
[2025-05-22 21:37:39] WARNING: Starting trust score calculation...
[2025-05-22 21:37:39] WARNING: Found 25 users in the trust network
[2025-05-22 21:37:39] WARNING: Building trust network graph...
[2025-05-22 21:37:39] WARNING: Calculating PageRank scores...
[2025-05-22 21:37:39] WARNING: Applying distrust penalties...
[2025-05-22 21:37:39] WARNING: Detecting communities...
[2025-05-22 21:37:39] WARNING: Found 8 isolated nodes to assign to communities
[2025-05-22 21:37:39] WARNING: Assigned isolated node Eyes_OnTheSkies to community 1 based on structural balance theory
[2025-05-22 21:37:39] WARNING: Assigned isolated node FettucineSplit to community 1 based on structural balance theory
[2025-05-22 21:37:39] WARNING: Assigned isolated node JonMajerowski to community 1 based on structural balance theory
[2025-05-22 21:37:39] WARNING: Assigned isolated node MiddleofMayhem to community 2 based on structural balance theory
[2025-05-22 21:37:39] WARNING: Assigned isolated node PTHellyer to community 1 based on structural balance theory
[2025-05-22 21:37:39] WARNING: Assigned isolated node SnakePo9 to community 1 based on structural balance theory
[2025-05-22 21:37:39] WARNING: Assigned isolated node jamescfox to community 1 based on structural balance theory
[2025-05-22 21:37:39] WARNING: Assigned isolated node likeitmatters3 to community 2 based on structural balance theory
[2025-05-22 21:37:39] INFO: Analyzing community composition...
[2025-05-22 21:37:39] INFO: Community Community A (18 members): AskaPol_UAPs, ChrisUKSharp, DanHaug6, Eyes_OnTheSkies, FettucineSplit, GoodTroubleShow, Halsrethink, JeremyCorbell, JonMajerowski, LueElizondo, PTHellyer, SnakePo9, TheOfficialQF, g_knapp, jamescfox, jayanderson, rosscoulthart, ufobeliever1947
[2025-05-22 21:37:39] INFO: Community Community B (7 members): MiddleofMayhem, OSIRISUAP, ShipsSmall, cosmic_surplus, likeitmatters3, susangerbic, ufoskeptic1968
[2025-05-22 21:37:39] INFO: Community analysis written to community_analysis.txt
[2025-05-22 21:37:39] WARNING: Generating trust network visualization...
[2025-05-22 21:37:40] WARNING: Network visualization saved to visualization/trust_network.png
[2025-05-22 21:37:40] WARNING: Creating JSON data structure...
[2025-05-22 21:37:40] WARNING: Successfully generated js/data.js with:
[2025-05-22 21:37:40] WARNING: - 25 users
[2025-05-22 21:37:40] WARNING: - 31 trust relationships
[2025-05-22 21:37:40] WARNING: - 2 communities
[2025-05-22 21:37:40] WARNING: Trust calculation completed successfully.
[2025-05-22 21:47:46] WARNING: === Starting Trust Score Calculation ===
[2025-05-22 21:47:46] WARNING: Starting trust score calculation...
[2025-05-22 21:47:46] WARNING: Found 25 users in the trust network
[2025-05-22 21:47:46] WARNING: Building trust network graph...
[2025-05-22 21:47:46] WARNING: Calculating PageRank scores...
[2025-05-22 21:47:46] WARNING: Applying distrust penalties...
[2025-05-22 21:47:46] WARNING: Detecting communities...
[2025-05-22 21:47:46] WARNING: Found 8 isolated nodes to assign to communities
[2025-05-22 21:47:46] WARNING: Assigned isolated node Eyes_OnTheSkies to community 1 based on structural balance theory
[2025-05-22 21:47:46] WARNING: Assigned isolated node FettucineSplit to community 1 based on structural balance theory
[2025-05-22 21:47:46] WARNING: Assigned isolated node JonMajerowski to community 1 based on structural balance theory
[2025-05-22 21:47:46] WARNING: Assigned isolated node MiddleofMayhem to community 2 based on structural balance theory
[2025-05-22 21:47:46] WARNING: Assigned isolated node PTHellyer to community 1 based on structural balance theory
[2025-05-22 21:47:46] WARNING: Assigned isolated node SnakePo9 to community 1 based on structural balance theory
[2025-05-22 21:47:46] WARNING: Assigned isolated node jamescfox to community 1 based on structural balance theory
[2025-05-22 21:47:46] WARNING: Assigned isolated node likeitmatters3 to community 2 based on structural balance theory
[2025-05-22 21:47:46] INFO: Analyzing community composition...
[2025-05-22 21:47:46] INFO: Community Community A (18 members): AskaPol_UAPs, ChrisUKSharp, DanHaug6, Eyes_OnTheSkies, FettucineSplit, GoodTroubleShow, Halsrethink, JeremyCorbell, JonMajerowski, LueElizondo, PTHellyer, SnakePo9, TheOfficialQF, g_knapp, jamescfox, jayanderson, rosscoulthart, ufobeliever1947
[2025-05-22 21:47:46] INFO: Community Community B (7 members): MiddleofMayhem, OSIRISUAP, ShipsSmall, cosmic_surplus, likeitmatters3, susangerbic, ufoskeptic1968
[2025-05-22 21:47:46] INFO: Community analysis written to community_analysis.txt
[2025-05-22 21:47:46] WARNING: Generating trust network visualization...
[2025-05-22 21:47:47] WARNING: Network visualization saved to visualization/trust_network.png
[2025-05-22 21:47:47] WARNING: Creating JSON data structure...
[2025-05-22 21:47:47] WARNING: Successfully generated js/data.js with:
[2025-05-22 21:47:47] WARNING: - 25 users
[2025-05-22 21:47:47] WARNING: - 31 trust relationships
[2025-05-22 21:47:47] WARNING: - 2 communities
[2025-05-22 21:47:47] WARNING: Trust calculation completed successfully.
[2025-05-22 21:57:39] WARNING: === Starting Trust Score Calculation ===
[2025-05-22 21:57:39] WARNING: Starting trust score calculation...
[2025-05-22 21:57:39] WARNING: Found 25 users in the trust network
[2025-05-22 21:57:39] WARNING: Building trust network graph...
[2025-05-22 21:57:39] WARNING: Calculating PageRank scores...
[2025-05-22 21:57:39] WARNING: Applying distrust penalties...
[2025-05-22 21:57:39] WARNING: Detecting communities...
[2025-05-22 21:57:39] WARNING: Found 8 isolated nodes to assign to communities
[2025-05-22 21:57:39] WARNING: Assigned isolated node Eyes_OnTheSkies to community 1 based on structural balance theory
[2025-05-22 21:57:39] WARNING: Assigned isolated node FettucineSplit to community 1 based on structural balance theory
[2025-05-22 21:57:39] WARNING: Assigned isolated node JonMajerowski to community 1 based on structural balance theory
[2025-05-22 21:57:39] WARNING: Assigned isolated node MiddleofMayhem to community 2 based on structural balance theory
[2025-05-22 21:57:39] WARNING: Assigned isolated node PTHellyer to community 1 based on structural balance theory
[2025-05-22 21:57:39] WARNING: Assigned isolated node SnakePo9 to community 1 based on structural balance theory
[2025-05-22 21:57:39] WARNING: Assigned isolated node jamescfox to community 1 based on structural balance theory
[2025-05-22 21:57:39] WARNING: Assigned isolated node likeitmatters3 to community 2 based on structural balance theory
[2025-05-22 21:57:39] INFO: Analyzing community composition...
[2025-05-22 21:57:39] INFO: Community Community A (18 members): AskaPol_UAPs, ChrisUKSharp, DanHaug6, Eyes_OnTheSkies, FettucineSplit, GoodTroubleShow, Halsrethink, JeremyCorbell, JonMajerowski, LueElizondo, PTHellyer, SnakePo9, TheOfficialQF, g_knapp, jamescfox, jayanderson, rosscoulthart, ufobeliever1947
[2025-05-22 21:57:39] INFO: Community Community B (7 members): MiddleofMayhem, OSIRISUAP, ShipsSmall, cosmic_surplus, likeitmatters3, susangerbic, ufoskeptic1968
[2025-05-22 21:57:39] INFO: Community analysis written to community_analysis.txt
[2025-05-22 21:57:39] WARNING: Generating trust network visualization...
[2025-05-22 21:57:40] WARNING: Network visualization saved to visualization/trust_network.png
[2025-05-22 21:57:40] WARNING: Creating JSON data structure...
[2025-05-22 21:57:40] WARNING: Successfully generated js/data.js with:
[2025-05-22 21:57:40] WARNING: - 25 users
[2025-05-22 21:57:40] WARNING: - 31 trust relationships
[2025-05-22 21:57:40] WARNING: - 2 communities
[2025-05-22 21:57:40] WARNING: Trust calculation completed successfully.
[2025-05-22 22:07:43] WARNING: === Starting Trust Score Calculation ===
[2025-05-22 22:07:43] WARNING: Starting trust score calculation...
[2025-05-22 22:07:43] WARNING: Found 25 users in the trust network
[2025-05-22 22:07:43] WARNING: Building trust network graph...
[2025-05-22 22:07:43] WARNING: Calculating PageRank scores...
[2025-05-22 22:07:43] WARNING: Applying distrust penalties...
[2025-05-22 22:07:43] WARNING: Detecting communities...
[2025-05-22 22:07:43] WARNING: Found 8 isolated nodes to assign to communities
[2025-05-22 22:07:43] WARNING: Assigned isolated node Eyes_OnTheSkies to community 1 based on structural balance theory
[2025-05-22 22:07:43] WARNING: Assigned isolated node FettucineSplit to community 1 based on structural balance theory
[2025-05-22 22:07:43] WARNING: Assigned isolated node JonMajerowski to community 1 based on structural balance theory
[2025-05-22 22:07:43] WARNING: Assigned isolated node MiddleofMayhem to community 2 based on structural balance theory
[2025-05-22 22:07:43] WARNING: Assigned isolated node PTHellyer to community 1 based on structural balance theory
[2025-05-22 22:07:43] WARNING: Assigned isolated node SnakePo9 to community 1 based on structural balance theory
[2025-05-22 22:07:43] WARNING: Assigned isolated node jamescfox to community 1 based on structural balance theory
[2025-05-22 22:07:43] WARNING: Assigned isolated node likeitmatters3 to community 2 based on structural balance theory
[2025-05-22 22:07:43] INFO: Analyzing community composition...
[2025-05-22 22:07:43] INFO: Community Community A (18 members): AskaPol_UAPs, ChrisUKSharp, DanHaug6, Eyes_OnTheSkies, FettucineSplit, GoodTroubleShow, Halsrethink, JeremyCorbell, JonMajerowski, LueElizondo, PTHellyer, SnakePo9, TheOfficialQF, g_knapp, jamescfox, jayanderson, rosscoulthart, ufobeliever1947
[2025-05-22 22:07:43] INFO: Community Community B (7 members): MiddleofMayhem, OSIRISUAP, ShipsSmall, cosmic_surplus, likeitmatters3, susangerbic, ufoskeptic1968
[2025-05-22 22:07:43] INFO: Community analysis written to community_analysis.txt
[2025-05-22 22:07:43] WARNING: Generating trust network visualization...
[2025-05-22 22:07:45] WARNING: Network visualization saved to visualization/trust_network.png
[2025-05-22 22:07:45] WARNING: Creating JSON data structure...
[2025-05-22 22:07:45] WARNING: Successfully generated js/data.js with:
[2025-05-22 22:07:45] WARNING: - 25 users
[2025-05-22 22:07:45] WARNING: - 31 trust relationships
[2025-05-22 22:07:45] WARNING: - 2 communities
[2025-05-22 22:07:45] WARNING: Trust calculation completed successfully.
[2025-05-22 22:17:41] WARNING: === Starting Trust Score Calculation ===
[2025-05-22 22:17:41] WARNING: Starting trust score calculation...
[2025-05-22 22:17:41] WARNING: Found 25 users in the trust network
[2025-05-22 22:17:41] WARNING: Building trust network graph...
[2025-05-22 22:17:41] WARNING: Calculating PageRank scores...
[2025-05-22 22:17:41] WARNING: Applying distrust penalties...
[2025-05-22 22:17:41] WARNING: Detecting communities...
[2025-05-22 22:17:41] WARNING: Found 8 isolated nodes to assign to communities
[2025-05-22 22:17:41] WARNING: Assigned isolated node Eyes_OnTheSkies to community 1 based on structural balance theory
[2025-05-22 22:17:41] WARNING: Assigned isolated node FettucineSplit to community 1 based on structural balance theory
[2025-05-22 22:17:41] WARNING: Assigned isolated node JonMajerowski to community 1 based on structural balance theory
[2025-05-22 22:17:41] WARNING: Assigned isolated node MiddleofMayhem to community 2 based on structural balance theory
[2025-05-22 22:17:41] WARNING: Assigned isolated node PTHellyer to community 1 based on structural balance theory
[2025-05-22 22:17:41] WARNING: Assigned isolated node SnakePo9 to community 1 based on structural balance theory
[2025-05-22 22:17:41] WARNING: Assigned isolated node jamescfox to community 1 based on structural balance theory
[2025-05-22 22:17:41] WARNING: Assigned isolated node likeitmatters3 to community 2 based on structural balance theory
[2025-05-22 22:17:41] INFO: Analyzing community composition...
[2025-05-22 22:17:41] INFO: Community Community A (18 members): AskaPol_UAPs, ChrisUKSharp, DanHaug6, Eyes_OnTheSkies, FettucineSplit, GoodTroubleShow, Halsrethink, JeremyCorbell, JonMajerowski, LueElizondo, PTHellyer, SnakePo9, TheOfficialQF, g_knapp, jamescfox, jayanderson, rosscoulthart, ufobeliever1947
[2025-05-22 22:17:41] INFO: Community Community B (7 members): MiddleofMayhem, OSIRISUAP, ShipsSmall, cosmic_surplus, likeitmatters3, susangerbic, ufoskeptic1968
[2025-05-22 22:17:41] INFO: Community analysis written to community_analysis.txt
[2025-05-22 22:17:41] WARNING: Generating trust network visualization...
[2025-05-22 22:17:42] WARNING: Network visualization saved to visualization/trust_network.png
[2025-05-22 22:17:42] WARNING: Creating JSON data structure...
[2025-05-22 22:17:42] WARNING: Successfully generated js/data.js with:
[2025-05-22 22:17:42] WARNING: - 25 users
[2025-05-22 22:17:42] WARNING: - 31 trust relationships
[2025-05-22 22:17:42] WARNING: - 2 communities
[2025-05-22 22:17:42] WARNING: Trust calculation completed successfully.
[2025-05-22 22:27:40] WARNING: === Starting Trust Score Calculation ===
[2025-05-22 22:27:40] WARNING: Starting trust score calculation...
[2025-05-22 22:27:40] WARNING: Found 25 users in the trust network
[2025-05-22 22:27:40] WARNING: Building trust network graph...
[2025-05-22 22:27:40] WARNING: Calculating PageRank scores...
[2025-05-22 22:27:40] WARNING: Applying distrust penalties...
[2025-05-22 22:27:40] WARNING: Detecting communities...
[2025-05-22 22:27:40] WARNING: Found 8 isolated nodes to assign to communities
[2025-05-22 22:27:40] WARNING: Assigned isolated node Eyes_OnTheSkies to community 1 based on structural balance theory
[2025-05-22 22:27:40] WARNING: Assigned isolated node FettucineSplit to community 1 based on structural balance theory
[2025-05-22 22:27:40] WARNING: Assigned isolated node JonMajerowski to community 1 based on structural balance theory
[2025-05-22 22:27:40] WARNING: Assigned isolated node MiddleofMayhem to community 2 based on structural balance theory
[2025-05-22 22:27:40] WARNING: Assigned isolated node PTHellyer to community 1 based on structural balance theory
[2025-05-22 22:27:40] WARNING: Assigned isolated node SnakePo9 to community 1 based on structural balance theory
[2025-05-22 22:27:40] WARNING: Assigned isolated node jamescfox to community 1 based on structural balance theory
[2025-05-22 22:27:40] WARNING: Assigned isolated node likeitmatters3 to community 2 based on structural balance theory
[2025-05-22 22:27:40] INFO: Analyzing community composition...
[2025-05-22 22:27:40] INFO: Community Community A (18 members): AskaPol_UAPs, ChrisUKSharp, DanHaug6, Eyes_OnTheSkies, FettucineSplit, GoodTroubleShow, Halsrethink, JeremyCorbell, JonMajerowski, LueElizondo, PTHellyer, SnakePo9, TheOfficialQF, g_knapp, jamescfox, jayanderson, rosscoulthart, ufobeliever1947
[2025-05-22 22:27:40] INFO: Community Community B (7 members): MiddleofMayhem, OSIRISUAP, ShipsSmall, cosmic_surplus, likeitmatters3, susangerbic, ufoskeptic1968
[2025-05-22 22:27:40] INFO: Community analysis written to community_analysis.txt
[2025-05-22 22:27:40] WARNING: Generating trust network visualization...
[2025-05-22 22:27:42] WARNING: Network visualization saved to visualization/trust_network.png
[2025-05-22 22:27:42] WARNING: Creating JSON data structure...
[2025-05-22 22:27:42] WARNING: Successfully generated js/data.js with:
[2025-05-22 22:27:42] WARNING: - 25 users
[2025-05-22 22:27:42] WARNING: - 31 trust relationships
[2025-05-22 22:27:42] WARNING: - 2 communities
[2025-05-22 22:27:42] WARNING: Trust calculation completed successfully.
[2025-05-22 22:27:42] Committing and pushing changes to GitHub...
