[2025-05-31 02:47:32] Starting Twitter Trust System update process...
[2025-05-31 02:47:32] Update frequency set to: 10 minutes
[2025-05-31 02:47:32] Collecting trust assignments from Twitter...
[2025-05-31 02:47:45] Warning: Trust assignments file not updated recently (last modified 05/24/2025 07:17:37)
[2025-05-30 19:57:35] WARNING: Newest tweet is from: 2025-05-12 06:54:05+00:00
[2025-05-30 19:57:35] WARNING: Reached stop point at tweet from 2025-05-12 06:54:05+00:00
[2025-05-30 19:57:35] WARNING: Retrieved 0 new tweets on page 1
[2025-05-30 19:57:35] WARNING: Stopping pagination as we've reached the stop point
[2025-05-30 19:57:35] WARNING: Retrieved a total of 0 tweets across 1 pages
[2025-05-30 19:57:35] WARNING: No new tweets found with trust commands. Exiting without error.
[2025-05-30 19:57:35] WARNING: Collection complete!
[2025-05-30 19:57:35] WARNING: - 0 trust assignments processed
[2025-05-30 19:57:35] WARNING: - 2 users in trust network
[2025-05-30 19:57:35] WARNING: - 31 total trust relationships
[2025-05-30 20:07:33] WARNING: === Starting Twitter Trust System Collection ===
[2025-05-30 20:07:33] WARNING: Will collect tweets until reaching previous timestamp: 2025-05-12 06:54:05+00:00
[2025-05-30 20:07:33] WARNING: Retrieving page 1...
[2025-05-30 20:07:35] WARNING: Newest tweet is from: 2025-05-12 06:54:05+00:00
[2025-05-30 20:07:35] WARNING: Reached stop point at tweet from 2025-05-12 06:54:05+00:00
[2025-05-30 20:07:35] WARNING: Retrieved 0 new tweets on page 1
[2025-05-30 20:07:35] WARNING: Stopping pagination as we've reached the stop point
[2025-05-30 20:07:35] WARNING: Retrieved a total of 0 tweets across 1 pages
[2025-05-30 20:07:35] WARNING: No new tweets found with trust commands. Exiting without error.
[2025-05-30 20:07:35] WARNING: Collection complete!
[2025-05-30 20:07:35] WARNING: - 0 trust assignments processed
[2025-05-30 20:07:35] WARNING: - 2 users in trust network
[2025-05-30 20:07:35] WARNING: - 31 total trust relationships
[2025-05-30 20:17:33] WARNING: === Starting Twitter Trust System Collection ===
[2025-05-30 20:17:33] WARNING: Will collect tweets until reaching previous timestamp: 2025-05-12 06:54:05+00:00
[2025-05-30 20:17:33] WARNING: Retrieving page 1...
[2025-05-30 20:17:37] WARNING: Newest tweet is from: 2025-05-12 06:54:05+00:00
[2025-05-30 20:17:37] WARNING: Reached stop point at tweet from 2025-05-12 06:54:05+00:00
[2025-05-30 20:17:37] WARNING: Retrieved 0 new tweets on page 1
[2025-05-30 20:17:37] WARNING: Stopping pagination as we've reached the stop point
[2025-05-30 20:17:37] WARNING: Retrieved a total of 0 tweets across 1 pages
[2025-05-30 20:17:37] WARNING: No new tweets found with trust commands. Exiting without error.
[2025-05-30 20:17:37] WARNING: Collection complete!
[2025-05-30 20:17:37] WARNING: - 0 trust assignments processed
[2025-05-30 20:17:37] WARNING: - 2 users in trust network
[2025-05-30 20:17:37] WARNING: - 31 total trust relationships
[2025-05-30 20:27:33] WARNING: === Starting Twitter Trust System Collection ===
[2025-05-30 20:27:33] WARNING: Will collect tweets until reaching previous timestamp: 2025-05-12 06:54:05+00:00
[2025-05-30 20:27:33] WARNING: Retrieving page 1...
[2025-05-30 20:27:36] WARNING: Newest tweet is from: 2025-05-12 06:54:05+00:00
[2025-05-30 20:27:36] WARNING: Reached stop point at tweet from 2025-05-12 06:54:05+00:00
[2025-05-30 20:27:36] WARNING: Retrieved 0 new tweets on page 1
[2025-05-30 20:27:36] WARNING: Stopping pagination as we've reached the stop point
[2025-05-30 20:27:36] WARNING: Retrieved a total of 0 tweets across 1 pages
[2025-05-30 20:27:36] WARNING: No new tweets found with trust commands. Exiting without error.
[2025-05-30 20:27:36] WARNING: Collection complete!
[2025-05-30 20:27:36] WARNING: - 0 trust assignments processed
[2025-05-30 20:27:36] WARNING: - 2 users in trust network
[2025-05-30 20:27:36] WARNING: - 31 total trust relationships
[2025-05-30 20:37:33] WARNING: === Starting Twitter Trust System Collection ===
[2025-05-30 20:37:33] WARNING: Will collect tweets until reaching previous timestamp: 2025-05-12 06:54:05+00:00
[2025-05-30 20:37:33] WARNING: Retrieving page 1...
[2025-05-30 20:37:34] WARNING: Newest tweet is from: 2025-05-12 06:54:05+00:00
[2025-05-30 20:37:34] WARNING: Reached stop point at tweet from 2025-05-12 06:54:05+00:00
[2025-05-30 20:37:34] WARNING: Retrieved 0 new tweets on page 1
[2025-05-30 20:37:34] WARNING: Stopping pagination as we've reached the stop point
[2025-05-30 20:37:34] WARNING: Retrieved a total of 0 tweets across 1 pages
[2025-05-30 20:37:34] WARNING: No new tweets found with trust commands. Exiting without error.
[2025-05-30 20:37:34] WARNING: Collection complete!
[2025-05-30 20:37:34] WARNING: - 0 trust assignments processed
[2025-05-30 20:37:34] WARNING: - 2 users in trust network
[2025-05-30 20:37:34] WARNING: - 31 total trust relationships
[2025-05-30 20:47:33] WARNING: === Starting Twitter Trust System Collection ===
[2025-05-30 20:47:33] WARNING: Will collect tweets until reaching previous timestamp: 2025-05-12 06:54:05+00:00
[2025-05-30 20:47:33] WARNING: Retrieving page 1...
[2025-05-30 20:47:35] WARNING: Newest tweet is from: 2025-05-12 06:54:05+00:00
[2025-05-30 20:47:35] WARNING: Reached stop point at tweet from 2025-05-12 06:54:05+00:00
[2025-05-30 20:47:35] WARNING: Retrieved 0 new tweets on page 1
[2025-05-30 20:47:35] WARNING: Stopping pagination as we've reached the stop point
[2025-05-30 20:47:35] WARNING: Retrieved a total of 0 tweets across 1 pages
[2025-05-30 20:47:35] WARNING: No new tweets found with trust commands. Exiting without error.
[2025-05-30 20:47:35] WARNING: Collection complete!
[2025-05-30 20:47:35] WARNING: - 0 trust assignments processed
[2025-05-30 20:47:35] WARNING: - 2 users in trust network
[2025-05-30 20:47:35] WARNING: - 31 total trust relationships
[2025-05-30 20:57:33] WARNING: === Starting Twitter Trust System Collection ===
[2025-05-30 20:57:33] WARNING: Will collect tweets until reaching previous timestamp: 2025-05-12 06:54:05+00:00
[2025-05-30 20:57:33] WARNING: Retrieving page 1...
[2025-05-30 20:57:45] WARNING: Newest tweet is from: 2025-05-12 06:54:05+00:00
[2025-05-30 20:57:45] WARNING: Reached stop point at tweet from 2025-05-12 06:54:05+00:00
[2025-05-30 20:57:45] WARNING: Retrieved 0 new tweets on page 1
[2025-05-30 20:57:45] WARNING: Stopping pagination as we've reached the stop point
[2025-05-30 20:57:45] WARNING: Retrieved a total of 0 tweets across 1 pages
[2025-05-30 20:57:45] WARNING: No new tweets found with trust commands. Exiting without error.
[2025-05-30 20:57:45] WARNING: Collection complete!
[2025-05-30 20:57:45] WARNING: - 0 trust assignments processed
[2025-05-30 20:57:45] WARNING: - 2 users in trust network
[2025-05-30 20:57:45] WARNING: - 31 total trust relationships
[2025-05-30 21:07:33] WARNING: === Starting Twitter Trust System Collection ===
[2025-05-30 21:07:33] WARNING: Will collect tweets until reaching previous timestamp: 2025-05-12 06:54:05+00:00
[2025-05-30 21:07:33] WARNING: Retrieving page 1...
[2025-05-30 21:07:54] WARNING: Error retrieving page 1: Expecting value: line 1 column 1 (char 0)
[2025-05-30 21:07:54] WARNING: Retrieved a total of 0 tweets across 1 pages
[2025-05-30 21:07:54] WARNING: No new tweets found with trust commands. Exiting without error.
[2025-05-30 21:07:54] WARNING: Collection complete!
[2025-05-30 21:07:54] WARNING: - 0 trust assignments processed
[2025-05-30 21:07:54] WARNING: - 2 users in trust network
[2025-05-30 21:07:54] WARNING: - 31 total trust relationships
[2025-05-30 21:17:33] WARNING: === Starting Twitter Trust System Collection ===
[2025-05-30 21:17:33] WARNING: Will collect tweets until reaching previous timestamp: 2025-05-12 06:54:05+00:00
[2025-05-30 21:17:33] WARNING: Retrieving page 1...
[2025-05-30 21:17:41] WARNING: Newest tweet is from: 2025-05-12 06:54:05+00:00
[2025-05-30 21:17:41] WARNING: Reached stop point at tweet from 2025-05-12 06:54:05+00:00
[2025-05-30 21:17:41] WARNING: Retrieved 0 new tweets on page 1
[2025-05-30 21:17:41] WARNING: Stopping pagination as we've reached the stop point
[2025-05-30 21:17:41] WARNING: Retrieved a total of 0 tweets across 1 pages
[2025-05-30 21:17:41] WARNING: No new tweets found with trust commands. Exiting without error.
[2025-05-30 21:17:41] WARNING: Collection complete!
[2025-05-30 21:17:41] WARNING: - 0 trust assignments processed
[2025-05-30 21:17:41] WARNING: - 2 users in trust network
[2025-05-30 21:17:41] WARNING: - 31 total trust relationships
[2025-05-30 21:27:33] WARNING: === Starting Twitter Trust System Collection ===
[2025-05-30 21:27:33] WARNING: Will collect tweets until reaching previous timestamp: 2025-05-12 06:54:05+00:00
[2025-05-30 21:27:33] WARNING: Retrieving page 1...
[2025-05-30 21:27:46] WARNING: Newest tweet is from: 2025-05-12 06:54:05+00:00
[2025-05-30 21:27:46] WARNING: Reached stop point at tweet from 2025-05-12 06:54:05+00:00
[2025-05-30 21:27:46] WARNING: Retrieved 0 new tweets on page 1
[2025-05-30 21:27:46] WARNING: Stopping pagination as we've reached the stop point
[2025-05-30 21:27:46] WARNING: Retrieved a total of 0 tweets across 1 pages
[2025-05-30 21:27:46] WARNING: No new tweets found with trust commands. Exiting without error.
[2025-05-30 21:27:46] WARNING: Collection complete!
[2025-05-30 21:27:46] WARNING: - 0 trust assignments processed
[2025-05-30 21:27:46] WARNING: - 2 users in trust network
[2025-05-30 21:27:46] WARNING: - 31 total trust relationships
[2025-05-30 21:37:33] WARNING: === Starting Twitter Trust System Collection ===
[2025-05-30 21:37:33] WARNING: Will collect tweets until reaching previous timestamp: 2025-05-12 06:54:05+00:00
[2025-05-30 21:37:33] WARNING: Retrieving page 1...
[2025-05-30 21:37:35] WARNING: Newest tweet is from: 2025-05-12 06:54:05+00:00
[2025-05-30 21:37:35] WARNING: Reached stop point at tweet from 2025-05-12 06:54:05+00:00
[2025-05-30 21:37:35] WARNING: Retrieved 0 new tweets on page 1
[2025-05-30 21:37:35] WARNING: Stopping pagination as we've reached the stop point
[2025-05-30 21:37:35] WARNING: Retrieved a total of 0 tweets across 1 pages
[2025-05-30 21:37:35] WARNING: No new tweets found with trust commands. Exiting without error.
[2025-05-30 21:37:35] WARNING: Collection complete!
[2025-05-30 21:37:35] WARNING: - 0 trust assignments processed
[2025-05-30 21:37:35] WARNING: - 2 users in trust network
[2025-05-30 21:37:35] WARNING: - 31 total trust relationships
[2025-05-30 21:47:33] WARNING: === Starting Twitter Trust System Collection ===
[2025-05-30 21:47:33] WARNING: Will collect tweets until reaching previous timestamp: 2025-05-12 06:54:05+00:00
[2025-05-30 21:47:33] WARNING: Retrieving page 1...
[2025-05-30 21:47:35] WARNING: Newest tweet is from: 2025-05-12 06:54:05+00:00
[2025-05-30 21:47:35] WARNING: Reached stop point at tweet from 2025-05-12 06:54:05+00:00
[2025-05-30 21:47:35] WARNING: Retrieved 0 new tweets on page 1
[2025-05-30 21:47:35] WARNING: Stopping pagination as we've reached the stop point
[2025-05-30 21:47:35] WARNING: Retrieved a total of 0 tweets across 1 pages
[2025-05-30 21:47:35] WARNING: No new tweets found with trust commands. Exiting without error.
[2025-05-30 21:47:35] WARNING: Collection complete!
[2025-05-30 21:47:35] WARNING: - 0 trust assignments processed
[2025-05-30 21:47:35] WARNING: - 2 users in trust network
[2025-05-30 21:47:35] WARNING: - 31 total trust relationships
[2025-05-30 21:57:33] WARNING: === Starting Twitter Trust System Collection ===
[2025-05-30 21:57:33] WARNING: Will collect tweets until reaching previous timestamp: 2025-05-12 06:54:05+00:00
[2025-05-30 21:57:33] WARNING: Retrieving page 1...
[2025-05-30 21:57:36] WARNING: Newest tweet is from: 2025-05-12 06:54:05+00:00
[2025-05-30 21:57:36] WARNING: Reached stop point at tweet from 2025-05-12 06:54:05+00:00
[2025-05-30 21:57:36] WARNING: Retrieved 0 new tweets on page 1
[2025-05-30 21:57:36] WARNING: Stopping pagination as we've reached the stop point
[2025-05-30 21:57:36] WARNING: Retrieved a total of 0 tweets across 1 pages
[2025-05-30 21:57:36] WARNING: No new tweets found with trust commands. Exiting without error.
[2025-05-30 21:57:36] WARNING: Collection complete!
[2025-05-30 21:57:36] WARNING: - 0 trust assignments processed
[2025-05-30 21:57:36] WARNING: - 2 users in trust network
[2025-05-30 21:57:36] WARNING: - 31 total trust relationships
[2025-05-30 22:07:33] WARNING: === Starting Twitter Trust System Collection ===
[2025-05-30 22:07:33] WARNING: Will collect tweets until reaching previous timestamp: 2025-05-12 06:54:05+00:00
[2025-05-30 22:07:33] WARNING: Retrieving page 1...
[2025-05-30 22:07:36] WARNING: Newest tweet is from: 2025-05-12 06:54:05+00:00
[2025-05-30 22:07:36] WARNING: Reached stop point at tweet from 2025-05-12 06:54:05+00:00
[2025-05-30 22:07:36] WARNING: Retrieved 0 new tweets on page 1
[2025-05-30 22:07:36] WARNING: Stopping pagination as we've reached the stop point
[2025-05-30 22:07:36] WARNING: Retrieved a total of 0 tweets across 1 pages
[2025-05-30 22:07:36] WARNING: No new tweets found with trust commands. Exiting without error.
[2025-05-30 22:07:36] WARNING: Collection complete!
[2025-05-30 22:07:36] WARNING: - 0 trust assignments processed
[2025-05-30 22:07:36] WARNING: - 2 users in trust network
[2025-05-30 22:07:36] WARNING: - 31 total trust relationships
[2025-05-30 22:17:33] WARNING: === Starting Twitter Trust System Collection ===
[2025-05-30 22:17:33] WARNING: Will collect tweets until reaching previous timestamp: 2025-05-12 06:54:05+00:00
[2025-05-30 22:17:33] WARNING: Retrieving page 1...
[2025-05-30 22:17:45] WARNING: Newest tweet is from: 2025-05-12 06:54:05+00:00
[2025-05-30 22:17:45] WARNING: Reached stop point at tweet from 2025-05-12 06:54:05+00:00
[2025-05-30 22:17:45] WARNING: Retrieved 0 new tweets on page 1
[2025-05-30 22:17:45] WARNING: Stopping pagination as we've reached the stop point
[2025-05-30 22:17:45] WARNING: Retrieved a total of 0 tweets across 1 pages
[2025-05-30 22:17:45] WARNING: No new tweets found with trust commands. Exiting without error.
[2025-05-30 22:17:45] WARNING: Collection complete!
[2025-05-30 22:17:45] WARNING: - 0 trust assignments processed
[2025-05-30 22:17:45] WARNING: - 2 users in trust network
[2025-05-30 22:17:45] WARNING: - 31 total trust relationships
[2025-05-30 22:27:33] WARNING: === Starting Twitter Trust System Collection ===
[2025-05-30 22:27:33] WARNING: Will collect tweets until reaching previous timestamp: 2025-05-12 06:54:05+00:00
[2025-05-30 22:27:33] WARNING: Retrieving page 1...
[2025-05-30 22:27:55] WARNING: Error retrieving page 1: Expecting value: line 1 column 1 (char 0)
[2025-05-30 22:27:55] WARNING: Retrieved a total of 0 tweets across 1 pages
[2025-05-30 22:27:55] WARNING: No new tweets found with trust commands. Exiting without error.
[2025-05-30 22:27:55] WARNING: Collection complete!
[2025-05-30 22:27:55] WARNING: - 0 trust assignments processed
[2025-05-30 22:27:55] WARNING: - 2 users in trust network
[2025-05-30 22:27:55] WARNING: - 31 total trust relationships
[2025-05-30 22:37:33] WARNING: === Starting Twitter Trust System Collection ===
[2025-05-30 22:37:33] WARNING: Will collect tweets until reaching previous timestamp: 2025-05-12 06:54:05+00:00
[2025-05-30 22:37:33] WARNING: Retrieving page 1...
[2025-05-30 22:37:44] WARNING: Newest tweet is from: 2025-05-12 06:54:05+00:00
[2025-05-30 22:37:44] WARNING: Reached stop point at tweet from 2025-05-12 06:54:05+00:00
[2025-05-30 22:37:44] WARNING: Retrieved 0 new tweets on page 1
[2025-05-30 22:37:44] WARNING: Stopping pagination as we've reached the stop point
[2025-05-30 22:37:44] WARNING: Retrieved a total of 0 tweets across 1 pages
[2025-05-30 22:37:44] WARNING: No new tweets found with trust commands. Exiting without error.
[2025-05-30 22:37:44] WARNING: Collection complete!
[2025-05-30 22:37:44] WARNING: - 0 trust assignments processed
[2025-05-30 22:37:44] WARNING: - 2 users in trust network
[2025-05-30 22:37:44] WARNING: - 31 total trust relationships
[2025-05-30 22:47:33] WARNING: === Starting Twitter Trust System Collection ===
[2025-05-30 22:47:33] WARNING: Will collect tweets until reaching previous timestamp: 2025-05-12 06:54:05+00:00
[2025-05-30 22:47:33] WARNING: Retrieving page 1...
[2025-05-30 22:47:54] WARNING: Error retrieving page 1: Expecting value: line 1 column 1 (char 0)
[2025-05-30 22:47:54] WARNING: Retrieved a total of 0 tweets across 1 pages
[2025-05-30 22:47:54] WARNING: No new tweets found with trust commands. Exiting without error.
[2025-05-30 22:47:54] WARNING: Collection complete!
[2025-05-30 22:47:54] WARNING: - 0 trust assignments processed
[2025-05-30 22:47:54] WARNING: - 2 users in trust network
[2025-05-30 22:47:54] WARNING: - 31 total trust relationships
[2025-05-30 22:57:33] WARNING: === Starting Twitter Trust System Collection ===
[2025-05-30 22:57:33] WARNING: Will collect tweets until reaching previous timestamp: 2025-05-12 06:54:05+00:00
[2025-05-30 22:57:33] WARNING: Retrieving page 1...
[2025-05-30 22:57:46] WARNING: Newest tweet is from: 2025-05-12 06:54:05+00:00
[2025-05-30 22:57:46] WARNING: Reached stop point at tweet from 2025-05-12 06:54:05+00:00
[2025-05-30 22:57:46] WARNING: Retrieved 0 new tweets on page 1
[2025-05-30 22:57:46] WARNING: Stopping pagination as we've reached the stop point
[2025-05-30 22:57:46] WARNING: Retrieved a total of 0 tweets across 1 pages
[2025-05-30 22:57:46] WARNING: No new tweets found with trust commands. Exiting without error.
[2025-05-30 22:57:46] WARNING: Collection complete!
[2025-05-30 22:57:46] WARNING: - 0 trust assignments processed
[2025-05-30 22:57:46] WARNING: - 2 users in trust network
[2025-05-30 22:57:46] WARNING: - 31 total trust relationships
[2025-05-30 23:07:33] WARNING: === Starting Twitter Trust System Collection ===
[2025-05-30 23:07:33] WARNING: Will collect tweets until reaching previous timestamp: 2025-05-12 06:54:05+00:00
[2025-05-30 23:07:33] WARNING: Retrieving page 1...
[2025-05-30 23:07:35] WARNING: Newest tweet is from: 2025-05-12 06:54:05+00:00
[2025-05-30 23:07:35] WARNING: Reached stop point at tweet from 2025-05-12 06:54:05+00:00
[2025-05-30 23:07:35] WARNING: Retrieved 0 new tweets on page 1
[2025-05-30 23:07:35] WARNING: Stopping pagination as we've reached the stop point
[2025-05-30 23:07:35] WARNING: Retrieved a total of 0 tweets across 1 pages
[2025-05-30 23:07:35] WARNING: No new tweets found with trust commands. Exiting without error.
[2025-05-30 23:07:35] WARNING: Collection complete!
[2025-05-30 23:07:35] WARNING: - 0 trust assignments processed
[2025-05-30 23:07:35] WARNING: - 2 users in trust network
[2025-05-30 23:07:35] WARNING: - 31 total trust relationships
[2025-05-30 23:17:33] WARNING: === Starting Twitter Trust System Collection ===
[2025-05-30 23:17:33] WARNING: Will collect tweets until reaching previous timestamp: 2025-05-12 06:54:05+00:00
[2025-05-30 23:17:33] WARNING: Retrieving page 1...
[2025-05-30 23:17:54] WARNING: Error retrieving page 1: Expecting value: line 1 column 1 (char 0)
[2025-05-30 23:17:54] WARNING: Retrieved a total of 0 tweets across 1 pages
[2025-05-30 23:17:54] WARNING: No new tweets found with trust commands. Exiting without error.
[2025-05-30 23:17:54] WARNING: Collection complete!
[2025-05-30 23:17:54] WARNING: - 0 trust assignments processed
[2025-05-30 23:17:54] WARNING: - 2 users in trust network
[2025-05-30 23:17:54] WARNING: - 31 total trust relationships
[2025-05-30 23:27:33] WARNING: === Starting Twitter Trust System Collection ===
[2025-05-30 23:27:33] WARNING: Will collect tweets until reaching previous timestamp: 2025-05-12 06:54:05+00:00
[2025-05-30 23:27:33] WARNING: Retrieving page 1...
[2025-05-30 23:27:35] WARNING: Newest tweet is from: 2025-05-12 06:54:05+00:00
[2025-05-30 23:27:35] WARNING: Reached stop point at tweet from 2025-05-12 06:54:05+00:00
[2025-05-30 23:27:35] WARNING: Retrieved 0 new tweets on page 1
[2025-05-30 23:27:35] WARNING: Stopping pagination as we've reached the stop point
[2025-05-30 23:27:35] WARNING: Retrieved a total of 0 tweets across 1 pages
[2025-05-30 23:27:35] WARNING: No new tweets found with trust commands. Exiting without error.
[2025-05-30 23:27:35] WARNING: Collection complete!
[2025-05-30 23:27:35] WARNING: - 0 trust assignments processed
[2025-05-30 23:27:35] WARNING: - 2 users in trust network
[2025-05-30 23:27:35] WARNING: - 31 total trust relationships
[2025-05-30 23:37:33] WARNING: === Starting Twitter Trust System Collection ===
[2025-05-30 23:37:33] WARNING: Will collect tweets until reaching previous timestamp: 2025-05-12 06:54:05+00:00
[2025-05-30 23:37:33] WARNING: Retrieving page 1...
[2025-05-30 23:37:46] WARNING: Newest tweet is from: 2025-05-12 06:54:05+00:00
[2025-05-30 23:37:46] WARNING: Reached stop point at tweet from 2025-05-12 06:54:05+00:00
[2025-05-30 23:37:46] WARNING: Retrieved 0 new tweets on page 1
[2025-05-30 23:37:46] WARNING: Stopping pagination as we've reached the stop point
[2025-05-30 23:37:46] WARNING: Retrieved a total of 0 tweets across 1 pages
[2025-05-30 23:37:46] WARNING: No new tweets found with trust commands. Exiting without error.
[2025-05-30 23:37:46] WARNING: Collection complete!
[2025-05-30 23:37:46] WARNING: - 0 trust assignments processed
[2025-05-30 23:37:46] WARNING: - 2 users in trust network
[2025-05-30 23:37:46] WARNING: - 31 total trust relationships
[2025-05-30 23:47:33] WARNING: === Starting Twitter Trust System Collection ===
[2025-05-30 23:47:33] WARNING: Will collect tweets until reaching previous timestamp: 2025-05-12 06:54:05+00:00
[2025-05-30 23:47:33] WARNING: Retrieving page 1...
[2025-05-30 23:47:35] WARNING: Newest tweet is from: 2025-05-12 06:54:05+00:00
[2025-05-30 23:47:35] WARNING: Reached stop point at tweet from 2025-05-12 06:54:05+00:00
[2025-05-30 23:47:35] WARNING: Retrieved 0 new tweets on page 1
[2025-05-30 23:47:35] WARNING: Stopping pagination as we've reached the stop point
[2025-05-30 23:47:35] WARNING: Retrieved a total of 0 tweets across 1 pages
[2025-05-30 23:47:35] WARNING: No new tweets found with trust commands. Exiting without error.
[2025-05-30 23:47:35] WARNING: Collection complete!
[2025-05-30 23:47:35] WARNING: - 0 trust assignments processed
[2025-05-30 23:47:35] WARNING: - 2 users in trust network
[2025-05-30 23:47:35] WARNING: - 31 total trust relationships
[2025-05-30 23:57:33] WARNING: === Starting Twitter Trust System Collection ===
[2025-05-30 23:57:33] WARNING: Will collect tweets until reaching previous timestamp: 2025-05-12 06:54:05+00:00
[2025-05-30 23:57:33] WARNING: Retrieving page 1...
[2025-05-30 23:57:35] WARNING: Newest tweet is from: 2025-05-12 06:54:05+00:00
[2025-05-30 23:57:35] WARNING: Reached stop point at tweet from 2025-05-12 06:54:05+00:00
[2025-05-30 23:57:35] WARNING: Retrieved 0 new tweets on page 1
[2025-05-30 23:57:35] WARNING: Stopping pagination as we've reached the stop point
[2025-05-30 23:57:35] WARNING: Retrieved a total of 0 tweets across 1 pages
[2025-05-30 23:57:35] WARNING: No new tweets found with trust commands. Exiting without error.
[2025-05-30 23:57:35] WARNING: Collection complete!
[2025-05-30 23:57:35] WARNING: - 0 trust assignments processed
[2025-05-30 23:57:35] WARNING: - 2 users in trust network
[2025-05-30 23:57:35] WARNING: - 31 total trust relationships
[2025-05-31 00:07:33] WARNING: === Starting Twitter Trust System Collection ===
[2025-05-31 00:07:33] WARNING: Will collect tweets until reaching previous timestamp: 2025-05-12 06:54:05+00:00
[2025-05-31 00:07:33] WARNING: Retrieving page 1...
[2025-05-31 00:07:35] WARNING: Newest tweet is from: 2025-05-12 06:54:05+00:00
[2025-05-31 00:07:35] WARNING: Reached stop point at tweet from 2025-05-12 06:54:05+00:00
[2025-05-31 00:07:35] WARNING: Retrieved 0 new tweets on page 1
[2025-05-31 00:07:35] WARNING: Stopping pagination as we've reached the stop point
[2025-05-31 00:07:35] WARNING: Retrieved a total of 0 tweets across 1 pages
[2025-05-31 00:07:35] WARNING: No new tweets found with trust commands. Exiting without error.
[2025-05-31 00:07:35] WARNING: Collection complete!
[2025-05-31 00:07:35] WARNING: - 0 trust assignments processed
[2025-05-31 00:07:35] WARNING: - 2 users in trust network
[2025-05-31 00:07:35] WARNING: - 31 total trust relationships
[2025-05-31 00:17:34] WARNING: === Starting Twitter Trust System Collection ===
[2025-05-31 00:17:34] WARNING: Will collect tweets until reaching previous timestamp: 2025-05-12 06:54:05+00:00
[2025-05-31 00:17:34] WARNING: Retrieving page 1...
[2025-05-31 00:17:42] WARNING: Newest tweet is from: 2025-05-12 06:54:05+00:00
[2025-05-31 00:17:42] WARNING: Reached stop point at tweet from 2025-05-12 06:54:05+00:00
[2025-05-31 00:17:42] WARNING: Retrieved 0 new tweets on page 1
[2025-05-31 00:17:42] WARNING: Stopping pagination as we've reached the stop point
[2025-05-31 00:17:42] WARNING: Retrieved a total of 0 tweets across 1 pages
[2025-05-31 00:17:42] WARNING: No new tweets found with trust commands. Exiting without error.
[2025-05-31 00:17:42] WARNING: Collection complete!
[2025-05-31 00:17:42] WARNING: - 0 trust assignments processed
[2025-05-31 00:17:42] WARNING: - 2 users in trust network
[2025-05-31 00:17:42] WARNING: - 31 total trust relationships
[2025-05-31 00:27:33] WARNING: === Starting Twitter Trust System Collection ===
[2025-05-31 00:27:33] WARNING: Will collect tweets until reaching previous timestamp: 2025-05-12 06:54:05+00:00
[2025-05-31 00:27:33] WARNING: Retrieving page 1...
[2025-05-31 00:27:48] WARNING: Newest tweet is from: 2025-05-12 06:54:05+00:00
[2025-05-31 00:27:48] WARNING: Reached stop point at tweet from 2025-05-12 06:54:05+00:00
[2025-05-31 00:27:48] WARNING: Retrieved 0 new tweets on page 1
[2025-05-31 00:27:48] WARNING: Stopping pagination as we've reached the stop point
[2025-05-31 00:27:48] WARNING: Retrieved a total of 0 tweets across 1 pages
[2025-05-31 00:27:48] WARNING: No new tweets found with trust commands. Exiting without error.
[2025-05-31 00:27:48] WARNING: Collection complete!
[2025-05-31 00:27:48] WARNING: - 0 trust assignments processed
[2025-05-31 00:27:48] WARNING: - 2 users in trust network
[2025-05-31 00:27:48] WARNING: - 31 total trust relationships
[2025-05-31 00:37:33] WARNING: === Starting Twitter Trust System Collection ===
[2025-05-31 00:37:33] WARNING: Will collect tweets until reaching previous timestamp: 2025-05-12 06:54:05+00:00
[2025-05-31 00:37:33] WARNING: Retrieving page 1...
[2025-05-31 00:37:35] WARNING: Newest tweet is from: 2025-05-12 06:54:05+00:00
[2025-05-31 00:37:35] WARNING: Reached stop point at tweet from 2025-05-12 06:54:05+00:00
[2025-05-31 00:37:35] WARNING: Retrieved 0 new tweets on page 1
[2025-05-31 00:37:35] WARNING: Stopping pagination as we've reached the stop point
[2025-05-31 00:37:35] WARNING: Retrieved a total of 0 tweets across 1 pages
[2025-05-31 00:37:35] WARNING: No new tweets found with trust commands. Exiting without error.
[2025-05-31 00:37:35] WARNING: Collection complete!
[2025-05-31 00:37:35] WARNING: - 0 trust assignments processed
[2025-05-31 00:37:35] WARNING: - 2 users in trust network
[2025-05-31 00:37:35] WARNING: - 31 total trust relationships
[2025-05-31 00:47:33] WARNING: === Starting Twitter Trust System Collection ===
[2025-05-31 00:47:33] WARNING: Will collect tweets until reaching previous timestamp: 2025-05-12 06:54:05+00:00
[2025-05-31 00:47:33] WARNING: Retrieving page 1...
[2025-05-31 00:47:54] WARNING: Error retrieving page 1: Expecting value: line 1 column 1 (char 0)
[2025-05-31 00:47:54] WARNING: Retrieved a total of 0 tweets across 1 pages
[2025-05-31 00:47:54] WARNING: No new tweets found with trust commands. Exiting without error.
[2025-05-31 00:47:54] WARNING: Collection complete!
[2025-05-31 00:47:54] WARNING: - 0 trust assignments processed
[2025-05-31 00:47:54] WARNING: - 2 users in trust network
[2025-05-31 00:47:54] WARNING: - 31 total trust relationships
[2025-05-31 00:57:33] WARNING: === Starting Twitter Trust System Collection ===
[2025-05-31 00:57:33] WARNING: Will collect tweets until reaching previous timestamp: 2025-05-12 06:54:05+00:00
[2025-05-31 00:57:33] WARNING: Retrieving page 1...
[2025-05-31 00:57:35] WARNING: Newest tweet is from: 2025-05-12 06:54:05+00:00
[2025-05-31 00:57:35] WARNING: Reached stop point at tweet from 2025-05-12 06:54:05+00:00
[2025-05-31 00:57:35] WARNING: Retrieved 0 new tweets on page 1
[2025-05-31 00:57:35] WARNING: Stopping pagination as we've reached the stop point
[2025-05-31 00:57:35] WARNING: Retrieved a total of 0 tweets across 1 pages
[2025-05-31 00:57:35] WARNING: No new tweets found with trust commands. Exiting without error.
[2025-05-31 00:57:35] WARNING: Collection complete!
[2025-05-31 00:57:35] WARNING: - 0 trust assignments processed
[2025-05-31 00:57:35] WARNING: - 2 users in trust network
[2025-05-31 00:57:35] WARNING: - 31 total trust relationships
[2025-05-31 01:07:34] WARNING: === Starting Twitter Trust System Collection ===
[2025-05-31 01:07:34] WARNING: Will collect tweets until reaching previous timestamp: 2025-05-12 06:54:05+00:00
[2025-05-31 01:07:34] WARNING: Retrieving page 1...
[2025-05-31 01:07:36] WARNING: Newest tweet is from: 2025-05-12 06:54:05+00:00
[2025-05-31 01:07:36] WARNING: Reached stop point at tweet from 2025-05-12 06:54:05+00:00
[2025-05-31 01:07:36] WARNING: Retrieved 0 new tweets on page 1
[2025-05-31 01:07:36] WARNING: Stopping pagination as we've reached the stop point
[2025-05-31 01:07:36] WARNING: Retrieved a total of 0 tweets across 1 pages
[2025-05-31 01:07:36] WARNING: No new tweets found with trust commands. Exiting without error.
[2025-05-31 01:07:36] WARNING: Collection complete!
[2025-05-31 01:07:36] WARNING: - 0 trust assignments processed
[2025-05-31 01:07:36] WARNING: - 2 users in trust network
[2025-05-31 01:07:36] WARNING: - 31 total trust relationships
[2025-05-31 01:17:33] WARNING: === Starting Twitter Trust System Collection ===
[2025-05-31 01:17:33] WARNING: Will collect tweets until reaching previous timestamp: 2025-05-12 06:54:05+00:00
[2025-05-31 01:17:33] WARNING: Retrieving page 1...
[2025-05-31 01:17:35] WARNING: Newest tweet is from: 2025-05-12 06:54:05+00:00
[2025-05-31 01:17:35] WARNING: Reached stop point at tweet from 2025-05-12 06:54:05+00:00
[2025-05-31 01:17:35] WARNING: Retrieved 0 new tweets on page 1
[2025-05-31 01:17:35] WARNING: Stopping pagination as we've reached the stop point
[2025-05-31 01:17:35] WARNING: Retrieved a total of 0 tweets across 1 pages
[2025-05-31 01:17:35] WARNING: No new tweets found with trust commands. Exiting without error.
[2025-05-31 01:17:35] WARNING: Collection complete!
[2025-05-31 01:17:35] WARNING: - 0 trust assignments processed
[2025-05-31 01:17:35] WARNING: - 2 users in trust network
[2025-05-31 01:17:35] WARNING: - 31 total trust relationships
[2025-05-31 01:27:33] WARNING: === Starting Twitter Trust System Collection ===
[2025-05-31 01:27:33] WARNING: Will collect tweets until reaching previous timestamp: 2025-05-12 06:54:05+00:00
[2025-05-31 01:27:33] WARNING: Retrieving page 1...
[2025-05-31 01:27:45] WARNING: Newest tweet is from: 2025-05-12 06:54:05+00:00
[2025-05-31 01:27:45] WARNING: Reached stop point at tweet from 2025-05-12 06:54:05+00:00
[2025-05-31 01:27:45] WARNING: Retrieved 0 new tweets on page 1
[2025-05-31 01:27:45] WARNING: Stopping pagination as we've reached the stop point
[2025-05-31 01:27:45] WARNING: Retrieved a total of 0 tweets across 1 pages
[2025-05-31 01:27:45] WARNING: No new tweets found with trust commands. Exiting without error.
[2025-05-31 01:27:45] WARNING: Collection complete!
[2025-05-31 01:27:45] WARNING: - 0 trust assignments processed
[2025-05-31 01:27:45] WARNING: - 2 users in trust network
[2025-05-31 01:27:45] WARNING: - 31 total trust relationships
[2025-05-31 01:37:33] WARNING: === Starting Twitter Trust System Collection ===
[2025-05-31 01:37:33] WARNING: Will collect tweets until reaching previous timestamp: 2025-05-12 06:54:05+00:00
[2025-05-31 01:37:33] WARNING: Retrieving page 1...
[2025-05-31 01:37:38] WARNING: Newest tweet is from: 2025-05-12 06:54:05+00:00
[2025-05-31 01:37:38] WARNING: Reached stop point at tweet from 2025-05-12 06:54:05+00:00
[2025-05-31 01:37:38] WARNING: Retrieved 0 new tweets on page 1
[2025-05-31 01:37:38] WARNING: Stopping pagination as we've reached the stop point
[2025-05-31 01:37:38] WARNING: Retrieved a total of 0 tweets across 1 pages
[2025-05-31 01:37:38] WARNING: No new tweets found with trust commands. Exiting without error.
[2025-05-31 01:37:38] WARNING: Collection complete!
[2025-05-31 01:37:38] WARNING: - 0 trust assignments processed
[2025-05-31 01:37:38] WARNING: - 2 users in trust network
[2025-05-31 01:37:38] WARNING: - 31 total trust relationships
[2025-05-31 01:47:33] WARNING: === Starting Twitter Trust System Collection ===
[2025-05-31 01:47:33] WARNING: Will collect tweets until reaching previous timestamp: 2025-05-12 06:54:05+00:00
[2025-05-31 01:47:33] WARNING: Retrieving page 1...
[2025-05-31 01:47:48] WARNING: Newest tweet is from: 2025-05-12 06:54:05+00:00
[2025-05-31 01:47:48] WARNING: Reached stop point at tweet from 2025-05-12 06:54:05+00:00
[2025-05-31 01:47:48] WARNING: Retrieved 0 new tweets on page 1
[2025-05-31 01:47:48] WARNING: Stopping pagination as we've reached the stop point
[2025-05-31 01:47:48] WARNING: Retrieved a total of 0 tweets across 1 pages
[2025-05-31 01:47:48] WARNING: No new tweets found with trust commands. Exiting without error.
[2025-05-31 01:47:48] WARNING: Collection complete!
[2025-05-31 01:47:48] WARNING: - 0 trust assignments processed
[2025-05-31 01:47:48] WARNING: - 2 users in trust network
[2025-05-31 01:47:48] WARNING: - 31 total trust relationships
[2025-05-31 01:57:34] WARNING: === Starting Twitter Trust System Collection ===
[2025-05-31 01:57:34] WARNING: Will collect tweets until reaching previous timestamp: 2025-05-12 06:54:05+00:00
[2025-05-31 01:57:34] WARNING: Retrieving page 1...
[2025-05-31 01:57:35] WARNING: Newest tweet is from: 2025-05-12 06:54:05+00:00
[2025-05-31 01:57:35] WARNING: Reached stop point at tweet from 2025-05-12 06:54:05+00:00
[2025-05-31 01:57:35] WARNING: Retrieved 0 new tweets on page 1
[2025-05-31 01:57:35] WARNING: Stopping pagination as we've reached the stop point
[2025-05-31 01:57:35] WARNING: Retrieved a total of 0 tweets across 1 pages
[2025-05-31 01:57:35] WARNING: No new tweets found with trust commands. Exiting without error.
[2025-05-31 01:57:35] WARNING: Collection complete!
[2025-05-31 01:57:35] WARNING: - 0 trust assignments processed
[2025-05-31 01:57:35] WARNING: - 2 users in trust network
[2025-05-31 01:57:35] WARNING: - 31 total trust relationships
[2025-05-31 02:07:33] WARNING: === Starting Twitter Trust System Collection ===
[2025-05-31 02:07:33] WARNING: Will collect tweets until reaching previous timestamp: 2025-05-12 06:54:05+00:00
[2025-05-31 02:07:33] WARNING: Retrieving page 1...
[2025-05-31 02:07:35] WARNING: Newest tweet is from: 2025-05-12 06:54:05+00:00
[2025-05-31 02:07:35] WARNING: Reached stop point at tweet from 2025-05-12 06:54:05+00:00
[2025-05-31 02:07:35] WARNING: Retrieved 0 new tweets on page 1
[2025-05-31 02:07:35] WARNING: Stopping pagination as we've reached the stop point
[2025-05-31 02:07:35] WARNING: Retrieved a total of 0 tweets across 1 pages
[2025-05-31 02:07:35] WARNING: No new tweets found with trust commands. Exiting without error.
[2025-05-31 02:07:35] WARNING: Collection complete!
[2025-05-31 02:07:35] WARNING: - 0 trust assignments processed
[2025-05-31 02:07:35] WARNING: - 2 users in trust network
[2025-05-31 02:07:35] WARNING: - 31 total trust relationships
[2025-05-31 02:17:34] WARNING: === Starting Twitter Trust System Collection ===
[2025-05-31 02:17:34] WARNING: Will collect tweets until reaching previous timestamp: 2025-05-12 06:54:05+00:00
[2025-05-31 02:17:34] WARNING: Retrieving page 1...
[2025-05-31 02:17:37] WARNING: Newest tweet is from: 2025-05-12 06:54:05+00:00
[2025-05-31 02:17:37] WARNING: Reached stop point at tweet from 2025-05-12 06:54:05+00:00
[2025-05-31 02:17:37] WARNING: Retrieved 0 new tweets on page 1
[2025-05-31 02:17:37] WARNING: Stopping pagination as we've reached the stop point
[2025-05-31 02:17:37] WARNING: Retrieved a total of 0 tweets across 1 pages
[2025-05-31 02:17:37] WARNING: No new tweets found with trust commands. Exiting without error.
[2025-05-31 02:17:37] WARNING: Collection complete!
[2025-05-31 02:17:37] WARNING: - 0 trust assignments processed
[2025-05-31 02:17:37] WARNING: - 2 users in trust network
[2025-05-31 02:17:37] WARNING: - 31 total trust relationships
[2025-05-31 02:27:33] WARNING: === Starting Twitter Trust System Collection ===
[2025-05-31 02:27:33] WARNING: Will collect tweets until reaching previous timestamp: 2025-05-12 06:54:05+00:00
[2025-05-31 02:27:33] WARNING: Retrieving page 1...
[2025-05-31 02:27:35] WARNING: Newest tweet is from: 2025-05-12 06:54:05+00:00
[2025-05-31 02:27:35] WARNING: Reached stop point at tweet from 2025-05-12 06:54:05+00:00
[2025-05-31 02:27:35] WARNING: Retrieved 0 new tweets on page 1
[2025-05-31 02:27:35] WARNING: Stopping pagination as we've reached the stop point
[2025-05-31 02:27:35] WARNING: Retrieved a total of 0 tweets across 1 pages
[2025-05-31 02:27:35] WARNING: No new tweets found with trust commands. Exiting without error.
[2025-05-31 02:27:35] WARNING: Collection complete!
[2025-05-31 02:27:35] WARNING: - 0 trust assignments processed
[2025-05-31 02:27:35] WARNING: - 2 users in trust network
[2025-05-31 02:27:35] WARNING: - 31 total trust relationships
[2025-05-31 02:37:34] WARNING: === Starting Twitter Trust System Collection ===
[2025-05-31 02:37:34] WARNING: Will collect tweets until reaching previous timestamp: 2025-05-12 06:54:05+00:00
[2025-05-31 02:37:34] WARNING: Retrieving page 1...
[2025-05-31 02:37:45] WARNING: Newest tweet is from: 2025-05-12 06:54:05+00:00
[2025-05-31 02:37:45] WARNING: Reached stop point at tweet from 2025-05-12 06:54:05+00:00
[2025-05-31 02:37:45] WARNING: Retrieved 0 new tweets on page 1
[2025-05-31 02:37:45] WARNING: Stopping pagination as we've reached the stop point
[2025-05-31 02:37:45] WARNING: Retrieved a total of 0 tweets across 1 pages
[2025-05-31 02:37:45] WARNING: No new tweets found with trust commands. Exiting without error.
[2025-05-31 02:37:45] WARNING: Collection complete!
[2025-05-31 02:37:45] WARNING: - 0 trust assignments processed
[2025-05-31 02:37:45] WARNING: - 2 users in trust network
[2025-05-31 02:37:45] WARNING: - 31 total trust relationships
[2025-05-31 02:47:33] WARNING: === Starting Twitter Trust System Collection ===
[2025-05-31 02:47:33] WARNING: Will collect tweets until reaching previous timestamp: 2025-05-12 06:54:05+00:00
[2025-05-31 02:47:33] WARNING: Retrieving page 1...
[2025-05-31 02:47:45] WARNING: Newest tweet is from: 2025-05-12 06:54:05+00:00
[2025-05-31 02:47:45] WARNING: Reached stop point at tweet from 2025-05-12 06:54:05+00:00
[2025-05-31 02:47:45] WARNING: Retrieved 0 new tweets on page 1
[2025-05-31 02:47:45] WARNING: Stopping pagination as we've reached the stop point
[2025-05-31 02:47:45] WARNING: Retrieved a total of 0 tweets across 1 pages
[2025-05-31 02:47:45] WARNING: No new tweets found with trust commands. Exiting without error.
[2025-05-31 02:47:45] WARNING: Collection complete!
[2025-05-31 02:47:45] WARNING: - 0 trust assignments processed
[2025-05-31 02:47:45] WARNING: - 2 users in trust network
[2025-05-31 02:47:45] WARNING: - 31 total trust relationships
[2025-05-31 02:47:45] Calculating trust scores from collected data...
[2025-05-31 00:37:39] INFO: Community Community A (18 members): AskaPol_UAPs, ChrisUKSharp, DanHaug6, Eyes_OnTheSkies, FettucineSplit, GoodTroubleShow, Halsrethink, JeremyCorbell, JonMajerowski, LueElizondo, PTHellyer, SnakePo9, TheOfficialQF, g_knapp, jamescfox, jayanderson, rosscoulthart, ufobeliever1947
[2025-05-31 00:37:39] INFO: Community Community B (7 members): MiddleofMayhem, OSIRISUAP, ShipsSmall, cosmic_surplus, likeitmatters3, susangerbic, ufoskeptic1968
[2025-05-31 00:37:39] INFO: Community analysis written to community_analysis.txt
[2025-05-31 00:37:39] WARNING: Generating trust network visualization...
[2025-05-31 00:37:40] WARNING: Network visualization saved to visualization/trust_network.png
[2025-05-31 00:37:40] WARNING: Creating JSON data structure...
[2025-05-31 00:37:40] WARNING: Successfully generated js/data.js with:
[2025-05-31 00:37:40] WARNING: - 25 users
[2025-05-31 00:37:40] WARNING: - 31 trust relationships
[2025-05-31 00:37:40] WARNING: - 2 communities
[2025-05-31 00:37:40] WARNING: Trust calculation completed successfully.
[2025-05-31 00:47:58] WARNING: === Starting Trust Score Calculation ===
[2025-05-31 00:47:58] WARNING: Starting trust score calculation...
[2025-05-31 00:47:58] WARNING: Found 25 users in the trust network
[2025-05-31 00:47:58] WARNING: Building trust network graph...
[2025-05-31 00:47:58] WARNING: Calculating PageRank scores...
[2025-05-31 00:47:58] WARNING: Applying distrust penalties...
[2025-05-31 00:47:58] WARNING: Detecting communities...
[2025-05-31 00:47:58] WARNING: Found 8 isolated nodes to assign to communities
[2025-05-31 00:47:58] WARNING: Assigned isolated node Eyes_OnTheSkies to community 1 based on structural balance theory
[2025-05-31 00:47:58] WARNING: Assigned isolated node FettucineSplit to community 1 based on structural balance theory
[2025-05-31 00:47:58] WARNING: Assigned isolated node JonMajerowski to community 1 based on structural balance theory
[2025-05-31 00:47:58] WARNING: Assigned isolated node MiddleofMayhem to community 2 based on structural balance theory
[2025-05-31 00:47:58] WARNING: Assigned isolated node PTHellyer to community 1 based on structural balance theory
[2025-05-31 00:47:58] WARNING: Assigned isolated node SnakePo9 to community 1 based on structural balance theory
[2025-05-31 00:47:58] WARNING: Assigned isolated node jamescfox to community 1 based on structural balance theory
[2025-05-31 00:47:58] WARNING: Assigned isolated node likeitmatters3 to community 2 based on structural balance theory
[2025-05-31 00:47:58] INFO: Analyzing community composition...
[2025-05-31 00:47:58] INFO: Community Community A (18 members): AskaPol_UAPs, ChrisUKSharp, DanHaug6, Eyes_OnTheSkies, FettucineSplit, GoodTroubleShow, Halsrethink, JeremyCorbell, JonMajerowski, LueElizondo, PTHellyer, SnakePo9, TheOfficialQF, g_knapp, jamescfox, jayanderson, rosscoulthart, ufobeliever1947
[2025-05-31 00:47:58] INFO: Community Community B (7 members): MiddleofMayhem, OSIRISUAP, ShipsSmall, cosmic_surplus, likeitmatters3, susangerbic, ufoskeptic1968
[2025-05-31 00:47:58] INFO: Community analysis written to community_analysis.txt
[2025-05-31 00:47:58] WARNING: Generating trust network visualization...
[2025-05-31 00:47:59] WARNING: Network visualization saved to visualization/trust_network.png
[2025-05-31 00:47:59] WARNING: Creating JSON data structure...
[2025-05-31 00:47:59] WARNING: Successfully generated js/data.js with:
[2025-05-31 00:47:59] WARNING: - 25 users
[2025-05-31 00:47:59] WARNING: - 31 trust relationships
[2025-05-31 00:47:59] WARNING: - 2 communities
[2025-05-31 00:47:59] WARNING: Trust calculation completed successfully.
[2025-05-31 00:57:39] WARNING: === Starting Trust Score Calculation ===
[2025-05-31 00:57:39] WARNING: Starting trust score calculation...
[2025-05-31 00:57:39] WARNING: Found 25 users in the trust network
[2025-05-31 00:57:39] WARNING: Building trust network graph...
[2025-05-31 00:57:39] WARNING: Calculating PageRank scores...
[2025-05-31 00:57:39] WARNING: Applying distrust penalties...
[2025-05-31 00:57:39] WARNING: Detecting communities...
[2025-05-31 00:57:39] WARNING: Found 8 isolated nodes to assign to communities
[2025-05-31 00:57:39] WARNING: Assigned isolated node Eyes_OnTheSkies to community 1 based on structural balance theory
[2025-05-31 00:57:39] WARNING: Assigned isolated node FettucineSplit to community 1 based on structural balance theory
[2025-05-31 00:57:39] WARNING: Assigned isolated node JonMajerowski to community 1 based on structural balance theory
[2025-05-31 00:57:39] WARNING: Assigned isolated node MiddleofMayhem to community 2 based on structural balance theory
[2025-05-31 00:57:39] WARNING: Assigned isolated node PTHellyer to community 1 based on structural balance theory
[2025-05-31 00:57:39] WARNING: Assigned isolated node SnakePo9 to community 1 based on structural balance theory
[2025-05-31 00:57:39] WARNING: Assigned isolated node jamescfox to community 1 based on structural balance theory
[2025-05-31 00:57:39] WARNING: Assigned isolated node likeitmatters3 to community 2 based on structural balance theory
[2025-05-31 00:57:39] INFO: Analyzing community composition...
[2025-05-31 00:57:39] INFO: Community Community A (18 members): AskaPol_UAPs, ChrisUKSharp, DanHaug6, Eyes_OnTheSkies, FettucineSplit, GoodTroubleShow, Halsrethink, JeremyCorbell, JonMajerowski, LueElizondo, PTHellyer, SnakePo9, TheOfficialQF, g_knapp, jamescfox, jayanderson, rosscoulthart, ufobeliever1947
[2025-05-31 00:57:39] INFO: Community Community B (7 members): MiddleofMayhem, OSIRISUAP, ShipsSmall, cosmic_surplus, likeitmatters3, susangerbic, ufoskeptic1968
[2025-05-31 00:57:39] INFO: Community analysis written to community_analysis.txt
[2025-05-31 00:57:39] WARNING: Generating trust network visualization...
[2025-05-31 00:57:40] WARNING: Network visualization saved to visualization/trust_network.png
[2025-05-31 00:57:40] WARNING: Creating JSON data structure...
[2025-05-31 00:57:40] WARNING: Successfully generated js/data.js with:
[2025-05-31 00:57:40] WARNING: - 25 users
[2025-05-31 00:57:40] WARNING: - 31 trust relationships
[2025-05-31 00:57:40] WARNING: - 2 communities
[2025-05-31 00:57:40] WARNING: Trust calculation completed successfully.
[2025-05-31 01:07:40] WARNING: === Starting Trust Score Calculation ===
[2025-05-31 01:07:40] WARNING: Starting trust score calculation...
[2025-05-31 01:07:40] WARNING: Found 25 users in the trust network
[2025-05-31 01:07:40] WARNING: Building trust network graph...
[2025-05-31 01:07:40] WARNING: Calculating PageRank scores...
[2025-05-31 01:07:40] WARNING: Applying distrust penalties...
[2025-05-31 01:07:40] WARNING: Detecting communities...
[2025-05-31 01:07:40] WARNING: Found 8 isolated nodes to assign to communities
[2025-05-31 01:07:40] WARNING: Assigned isolated node Eyes_OnTheSkies to community 1 based on structural balance theory
[2025-05-31 01:07:40] WARNING: Assigned isolated node FettucineSplit to community 1 based on structural balance theory
[2025-05-31 01:07:40] WARNING: Assigned isolated node JonMajerowski to community 1 based on structural balance theory
[2025-05-31 01:07:40] WARNING: Assigned isolated node MiddleofMayhem to community 2 based on structural balance theory
[2025-05-31 01:07:40] WARNING: Assigned isolated node PTHellyer to community 1 based on structural balance theory
[2025-05-31 01:07:40] WARNING: Assigned isolated node SnakePo9 to community 1 based on structural balance theory
[2025-05-31 01:07:40] WARNING: Assigned isolated node jamescfox to community 1 based on structural balance theory
[2025-05-31 01:07:40] WARNING: Assigned isolated node likeitmatters3 to community 2 based on structural balance theory
[2025-05-31 01:07:40] INFO: Analyzing community composition...
[2025-05-31 01:07:40] INFO: Community Community A (18 members): AskaPol_UAPs, ChrisUKSharp, DanHaug6, Eyes_OnTheSkies, FettucineSplit, GoodTroubleShow, Halsrethink, JeremyCorbell, JonMajerowski, LueElizondo, PTHellyer, SnakePo9, TheOfficialQF, g_knapp, jamescfox, jayanderson, rosscoulthart, ufobeliever1947
[2025-05-31 01:07:40] INFO: Community Community B (7 members): MiddleofMayhem, OSIRISUAP, ShipsSmall, cosmic_surplus, likeitmatters3, susangerbic, ufoskeptic1968
[2025-05-31 01:07:40] INFO: Community analysis written to community_analysis.txt
[2025-05-31 01:07:40] WARNING: Generating trust network visualization...
[2025-05-31 01:07:41] WARNING: Network visualization saved to visualization/trust_network.png
[2025-05-31 01:07:41] WARNING: Creating JSON data structure...
[2025-05-31 01:07:41] WARNING: Successfully generated js/data.js with:
[2025-05-31 01:07:41] WARNING: - 25 users
[2025-05-31 01:07:41] WARNING: - 31 trust relationships
[2025-05-31 01:07:41] WARNING: - 2 communities
[2025-05-31 01:07:41] WARNING: Trust calculation completed successfully.
[2025-05-31 01:17:40] WARNING: === Starting Trust Score Calculation ===
[2025-05-31 01:17:40] WARNING: Starting trust score calculation...
[2025-05-31 01:17:40] WARNING: Found 25 users in the trust network
[2025-05-31 01:17:40] WARNING: Building trust network graph...
[2025-05-31 01:17:40] WARNING: Calculating PageRank scores...
[2025-05-31 01:17:40] WARNING: Applying distrust penalties...
[2025-05-31 01:17:40] WARNING: Detecting communities...
[2025-05-31 01:17:40] WARNING: Found 8 isolated nodes to assign to communities
[2025-05-31 01:17:40] WARNING: Assigned isolated node Eyes_OnTheSkies to community 1 based on structural balance theory
[2025-05-31 01:17:40] WARNING: Assigned isolated node FettucineSplit to community 1 based on structural balance theory
[2025-05-31 01:17:40] WARNING: Assigned isolated node JonMajerowski to community 1 based on structural balance theory
[2025-05-31 01:17:40] WARNING: Assigned isolated node MiddleofMayhem to community 2 based on structural balance theory
[2025-05-31 01:17:40] WARNING: Assigned isolated node PTHellyer to community 1 based on structural balance theory
[2025-05-31 01:17:40] WARNING: Assigned isolated node SnakePo9 to community 1 based on structural balance theory
[2025-05-31 01:17:40] WARNING: Assigned isolated node jamescfox to community 1 based on structural balance theory
[2025-05-31 01:17:40] WARNING: Assigned isolated node likeitmatters3 to community 2 based on structural balance theory
[2025-05-31 01:17:40] INFO: Analyzing community composition...
[2025-05-31 01:17:40] INFO: Community Community A (18 members): AskaPol_UAPs, ChrisUKSharp, DanHaug6, Eyes_OnTheSkies, FettucineSplit, GoodTroubleShow, Halsrethink, JeremyCorbell, JonMajerowski, LueElizondo, PTHellyer, SnakePo9, TheOfficialQF, g_knapp, jamescfox, jayanderson, rosscoulthart, ufobeliever1947
[2025-05-31 01:17:40] INFO: Community Community B (7 members): MiddleofMayhem, OSIRISUAP, ShipsSmall, cosmic_surplus, likeitmatters3, susangerbic, ufoskeptic1968
[2025-05-31 01:17:40] INFO: Community analysis written to community_analysis.txt
[2025-05-31 01:17:40] WARNING: Generating trust network visualization...
[2025-05-31 01:17:41] WARNING: Network visualization saved to visualization/trust_network.png
[2025-05-31 01:17:41] WARNING: Creating JSON data structure...
[2025-05-31 01:17:41] WARNING: Successfully generated js/data.js with:
[2025-05-31 01:17:41] WARNING: - 25 users
[2025-05-31 01:17:41] WARNING: - 31 trust relationships
[2025-05-31 01:17:41] WARNING: - 2 communities
[2025-05-31 01:17:41] WARNING: Trust calculation completed successfully.
[2025-05-31 01:27:49] WARNING: === Starting Trust Score Calculation ===
[2025-05-31 01:27:49] WARNING: Starting trust score calculation...
[2025-05-31 01:27:49] WARNING: Found 25 users in the trust network
[2025-05-31 01:27:49] WARNING: Building trust network graph...
[2025-05-31 01:27:49] WARNING: Calculating PageRank scores...
[2025-05-31 01:27:49] WARNING: Applying distrust penalties...
[2025-05-31 01:27:49] WARNING: Detecting communities...
[2025-05-31 01:27:49] WARNING: Found 8 isolated nodes to assign to communities
[2025-05-31 01:27:49] WARNING: Assigned isolated node Eyes_OnTheSkies to community 1 based on structural balance theory
[2025-05-31 01:27:49] WARNING: Assigned isolated node FettucineSplit to community 1 based on structural balance theory
[2025-05-31 01:27:49] WARNING: Assigned isolated node JonMajerowski to community 1 based on structural balance theory
[2025-05-31 01:27:49] WARNING: Assigned isolated node MiddleofMayhem to community 2 based on structural balance theory
[2025-05-31 01:27:49] WARNING: Assigned isolated node PTHellyer to community 1 based on structural balance theory
[2025-05-31 01:27:49] WARNING: Assigned isolated node SnakePo9 to community 1 based on structural balance theory
[2025-05-31 01:27:49] WARNING: Assigned isolated node jamescfox to community 1 based on structural balance theory
[2025-05-31 01:27:49] WARNING: Assigned isolated node likeitmatters3 to community 2 based on structural balance theory
[2025-05-31 01:27:49] INFO: Analyzing community composition...
[2025-05-31 01:27:49] INFO: Community Community A (18 members): AskaPol_UAPs, ChrisUKSharp, DanHaug6, Eyes_OnTheSkies, FettucineSplit, GoodTroubleShow, Halsrethink, JeremyCorbell, JonMajerowski, LueElizondo, PTHellyer, SnakePo9, TheOfficialQF, g_knapp, jamescfox, jayanderson, rosscoulthart, ufobeliever1947
[2025-05-31 01:27:50] INFO: Community Community B (7 members): MiddleofMayhem, OSIRISUAP, ShipsSmall, cosmic_surplus, likeitmatters3, susangerbic, ufoskeptic1968
[2025-05-31 01:27:50] INFO: Community analysis written to community_analysis.txt
[2025-05-31 01:27:50] WARNING: Generating trust network visualization...
[2025-05-31 01:27:51] WARNING: Network visualization saved to visualization/trust_network.png
[2025-05-31 01:27:51] WARNING: Creating JSON data structure...
[2025-05-31 01:27:51] WARNING: Successfully generated js/data.js with:
[2025-05-31 01:27:51] WARNING: - 25 users
[2025-05-31 01:27:51] WARNING: - 31 trust relationships
[2025-05-31 01:27:51] WARNING: - 2 communities
[2025-05-31 01:27:51] WARNING: Trust calculation completed successfully.
[2025-05-31 01:37:42] WARNING: === Starting Trust Score Calculation ===
[2025-05-31 01:37:42] WARNING: Starting trust score calculation...
[2025-05-31 01:37:42] WARNING: Found 25 users in the trust network
[2025-05-31 01:37:42] WARNING: Building trust network graph...
[2025-05-31 01:37:42] WARNING: Calculating PageRank scores...
[2025-05-31 01:37:42] WARNING: Applying distrust penalties...
[2025-05-31 01:37:42] WARNING: Detecting communities...
[2025-05-31 01:37:42] WARNING: Found 8 isolated nodes to assign to communities
[2025-05-31 01:37:42] WARNING: Assigned isolated node Eyes_OnTheSkies to community 1 based on structural balance theory
[2025-05-31 01:37:42] WARNING: Assigned isolated node FettucineSplit to community 1 based on structural balance theory
[2025-05-31 01:37:42] WARNING: Assigned isolated node JonMajerowski to community 1 based on structural balance theory
[2025-05-31 01:37:42] WARNING: Assigned isolated node MiddleofMayhem to community 2 based on structural balance theory
[2025-05-31 01:37:42] WARNING: Assigned isolated node PTHellyer to community 1 based on structural balance theory
[2025-05-31 01:37:42] WARNING: Assigned isolated node SnakePo9 to community 1 based on structural balance theory
[2025-05-31 01:37:42] WARNING: Assigned isolated node jamescfox to community 1 based on structural balance theory
[2025-05-31 01:37:42] WARNING: Assigned isolated node likeitmatters3 to community 2 based on structural balance theory
[2025-05-31 01:37:42] INFO: Analyzing community composition...
[2025-05-31 01:37:42] INFO: Community Community A (18 members): AskaPol_UAPs, ChrisUKSharp, DanHaug6, Eyes_OnTheSkies, FettucineSplit, GoodTroubleShow, Halsrethink, JeremyCorbell, JonMajerowski, LueElizondo, PTHellyer, SnakePo9, TheOfficialQF, g_knapp, jamescfox, jayanderson, rosscoulthart, ufobeliever1947
[2025-05-31 01:37:42] INFO: Community Community B (7 members): MiddleofMayhem, OSIRISUAP, ShipsSmall, cosmic_surplus, likeitmatters3, susangerbic, ufoskeptic1968
[2025-05-31 01:37:42] INFO: Community analysis written to community_analysis.txt
[2025-05-31 01:37:42] WARNING: Generating trust network visualization...
[2025-05-31 01:37:42] WARNING: Network visualization saved to visualization/trust_network.png
[2025-05-31 01:37:42] WARNING: Creating JSON data structure...
[2025-05-31 01:37:42] WARNING: Successfully generated js/data.js with:
[2025-05-31 01:37:42] WARNING: - 25 users
[2025-05-31 01:37:42] WARNING: - 31 trust relationships
[2025-05-31 01:37:42] WARNING: - 2 communities
[2025-05-31 01:37:42] WARNING: Trust calculation completed successfully.
[2025-05-31 01:47:52] WARNING: === Starting Trust Score Calculation ===
[2025-05-31 01:47:52] WARNING: Starting trust score calculation...
[2025-05-31 01:47:52] WARNING: Found 25 users in the trust network
[2025-05-31 01:47:52] WARNING: Building trust network graph...
[2025-05-31 01:47:52] WARNING: Calculating PageRank scores...
[2025-05-31 01:47:52] WARNING: Applying distrust penalties...
[2025-05-31 01:47:52] WARNING: Detecting communities...
[2025-05-31 01:47:52] WARNING: Found 8 isolated nodes to assign to communities
[2025-05-31 01:47:52] WARNING: Assigned isolated node Eyes_OnTheSkies to community 1 based on structural balance theory
[2025-05-31 01:47:52] WARNING: Assigned isolated node FettucineSplit to community 1 based on structural balance theory
[2025-05-31 01:47:52] WARNING: Assigned isolated node JonMajerowski to community 1 based on structural balance theory
[2025-05-31 01:47:52] WARNING: Assigned isolated node MiddleofMayhem to community 2 based on structural balance theory
[2025-05-31 01:47:52] WARNING: Assigned isolated node PTHellyer to community 1 based on structural balance theory
[2025-05-31 01:47:52] WARNING: Assigned isolated node SnakePo9 to community 1 based on structural balance theory
[2025-05-31 01:47:52] WARNING: Assigned isolated node jamescfox to community 1 based on structural balance theory
[2025-05-31 01:47:52] WARNING: Assigned isolated node likeitmatters3 to community 2 based on structural balance theory
[2025-05-31 01:47:52] INFO: Analyzing community composition...
[2025-05-31 01:47:52] INFO: Community Community A (18 members): AskaPol_UAPs, ChrisUKSharp, DanHaug6, Eyes_OnTheSkies, FettucineSplit, GoodTroubleShow, Halsrethink, JeremyCorbell, JonMajerowski, LueElizondo, PTHellyer, SnakePo9, TheOfficialQF, g_knapp, jamescfox, jayanderson, rosscoulthart, ufobeliever1947
[2025-05-31 01:47:52] INFO: Community Community B (7 members): MiddleofMayhem, OSIRISUAP, ShipsSmall, cosmic_surplus, likeitmatters3, susangerbic, ufoskeptic1968
[2025-05-31 01:47:52] INFO: Community analysis written to community_analysis.txt
[2025-05-31 01:47:52] WARNING: Generating trust network visualization...
[2025-05-31 01:47:52] WARNING: Network visualization saved to visualization/trust_network.png
[2025-05-31 01:47:52] WARNING: Creating JSON data structure...
[2025-05-31 01:47:52] WARNING: Successfully generated js/data.js with:
[2025-05-31 01:47:52] WARNING: - 25 users
[2025-05-31 01:47:52] WARNING: - 31 trust relationships
[2025-05-31 01:47:52] WARNING: - 2 communities
[2025-05-31 01:47:52] WARNING: Trust calculation completed successfully.
[2025-05-31 01:57:40] WARNING: === Starting Trust Score Calculation ===
[2025-05-31 01:57:40] WARNING: Starting trust score calculation...
[2025-05-31 01:57:40] WARNING: Found 25 users in the trust network
[2025-05-31 01:57:40] WARNING: Building trust network graph...
[2025-05-31 01:57:40] WARNING: Calculating PageRank scores...
[2025-05-31 01:57:40] WARNING: Applying distrust penalties...
[2025-05-31 01:57:40] WARNING: Detecting communities...
[2025-05-31 01:57:40] WARNING: Found 8 isolated nodes to assign to communities
[2025-05-31 01:57:40] WARNING: Assigned isolated node Eyes_OnTheSkies to community 1 based on structural balance theory
[2025-05-31 01:57:40] WARNING: Assigned isolated node FettucineSplit to community 1 based on structural balance theory
[2025-05-31 01:57:40] WARNING: Assigned isolated node JonMajerowski to community 1 based on structural balance theory
[2025-05-31 01:57:40] WARNING: Assigned isolated node MiddleofMayhem to community 2 based on structural balance theory
[2025-05-31 01:57:40] WARNING: Assigned isolated node PTHellyer to community 1 based on structural balance theory
[2025-05-31 01:57:40] WARNING: Assigned isolated node SnakePo9 to community 1 based on structural balance theory
[2025-05-31 01:57:40] WARNING: Assigned isolated node jamescfox to community 1 based on structural balance theory
[2025-05-31 01:57:40] WARNING: Assigned isolated node likeitmatters3 to community 2 based on structural balance theory
[2025-05-31 01:57:40] INFO: Analyzing community composition...
[2025-05-31 01:57:40] INFO: Community Community A (18 members): AskaPol_UAPs, ChrisUKSharp, DanHaug6, Eyes_OnTheSkies, FettucineSplit, GoodTroubleShow, Halsrethink, JeremyCorbell, JonMajerowski, LueElizondo, PTHellyer, SnakePo9, TheOfficialQF, g_knapp, jamescfox, jayanderson, rosscoulthart, ufobeliever1947
[2025-05-31 01:57:40] INFO: Community Community B (7 members): MiddleofMayhem, OSIRISUAP, ShipsSmall, cosmic_surplus, likeitmatters3, susangerbic, ufoskeptic1968
[2025-05-31 01:57:40] INFO: Community analysis written to community_analysis.txt
[2025-05-31 01:57:40] WARNING: Generating trust network visualization...
[2025-05-31 01:57:41] WARNING: Network visualization saved to visualization/trust_network.png
[2025-05-31 01:57:41] WARNING: Creating JSON data structure...
[2025-05-31 01:57:41] WARNING: Successfully generated js/data.js with:
[2025-05-31 01:57:41] WARNING: - 25 users
[2025-05-31 01:57:41] WARNING: - 31 trust relationships
[2025-05-31 01:57:41] WARNING: - 2 communities
[2025-05-31 01:57:41] WARNING: Trust calculation completed successfully.
[2025-05-31 02:07:39] WARNING: === Starting Trust Score Calculation ===
[2025-05-31 02:07:39] WARNING: Starting trust score calculation...
[2025-05-31 02:07:39] WARNING: Found 25 users in the trust network
[2025-05-31 02:07:39] WARNING: Building trust network graph...
[2025-05-31 02:07:39] WARNING: Calculating PageRank scores...
[2025-05-31 02:07:39] WARNING: Applying distrust penalties...
[2025-05-31 02:07:39] WARNING: Detecting communities...
[2025-05-31 02:07:39] WARNING: Found 8 isolated nodes to assign to communities
[2025-05-31 02:07:39] WARNING: Assigned isolated node Eyes_OnTheSkies to community 1 based on structural balance theory
[2025-05-31 02:07:39] WARNING: Assigned isolated node FettucineSplit to community 1 based on structural balance theory
[2025-05-31 02:07:39] WARNING: Assigned isolated node JonMajerowski to community 1 based on structural balance theory
[2025-05-31 02:07:39] WARNING: Assigned isolated node MiddleofMayhem to community 2 based on structural balance theory
[2025-05-31 02:07:39] WARNING: Assigned isolated node PTHellyer to community 1 based on structural balance theory
[2025-05-31 02:07:39] WARNING: Assigned isolated node SnakePo9 to community 1 based on structural balance theory
[2025-05-31 02:07:39] WARNING: Assigned isolated node jamescfox to community 1 based on structural balance theory
[2025-05-31 02:07:39] WARNING: Assigned isolated node likeitmatters3 to community 2 based on structural balance theory
[2025-05-31 02:07:39] INFO: Analyzing community composition...
[2025-05-31 02:07:39] INFO: Community Community A (18 members): AskaPol_UAPs, ChrisUKSharp, DanHaug6, Eyes_OnTheSkies, FettucineSplit, GoodTroubleShow, Halsrethink, JeremyCorbell, JonMajerowski, LueElizondo, PTHellyer, SnakePo9, TheOfficialQF, g_knapp, jamescfox, jayanderson, rosscoulthart, ufobeliever1947
[2025-05-31 02:07:39] INFO: Community Community B (7 members): MiddleofMayhem, OSIRISUAP, ShipsSmall, cosmic_surplus, likeitmatters3, susangerbic, ufoskeptic1968
[2025-05-31 02:07:39] INFO: Community analysis written to community_analysis.txt
[2025-05-31 02:07:39] WARNING: Generating trust network visualization...
[2025-05-31 02:07:40] WARNING: Network visualization saved to visualization/trust_network.png
[2025-05-31 02:07:40] WARNING: Creating JSON data structure...
[2025-05-31 02:07:40] WARNING: Successfully generated js/data.js with:
[2025-05-31 02:07:40] WARNING: - 25 users
[2025-05-31 02:07:40] WARNING: - 31 trust relationships
[2025-05-31 02:07:40] WARNING: - 2 communities
[2025-05-31 02:07:40] WARNING: Trust calculation completed successfully.
[2025-05-31 02:17:40] WARNING: === Starting Trust Score Calculation ===
[2025-05-31 02:17:40] WARNING: Starting trust score calculation...
[2025-05-31 02:17:40] WARNING: Found 25 users in the trust network
[2025-05-31 02:17:40] WARNING: Building trust network graph...
[2025-05-31 02:17:40] WARNING: Calculating PageRank scores...
[2025-05-31 02:17:40] WARNING: Applying distrust penalties...
[2025-05-31 02:17:40] WARNING: Detecting communities...
[2025-05-31 02:17:40] WARNING: Found 8 isolated nodes to assign to communities
[2025-05-31 02:17:40] WARNING: Assigned isolated node Eyes_OnTheSkies to community 1 based on structural balance theory
[2025-05-31 02:17:40] WARNING: Assigned isolated node FettucineSplit to community 1 based on structural balance theory
[2025-05-31 02:17:40] WARNING: Assigned isolated node JonMajerowski to community 1 based on structural balance theory
[2025-05-31 02:17:40] WARNING: Assigned isolated node MiddleofMayhem to community 2 based on structural balance theory
[2025-05-31 02:17:40] WARNING: Assigned isolated node PTHellyer to community 1 based on structural balance theory
[2025-05-31 02:17:40] WARNING: Assigned isolated node SnakePo9 to community 1 based on structural balance theory
[2025-05-31 02:17:40] WARNING: Assigned isolated node jamescfox to community 1 based on structural balance theory
[2025-05-31 02:17:40] WARNING: Assigned isolated node likeitmatters3 to community 2 based on structural balance theory
[2025-05-31 02:17:40] INFO: Analyzing community composition...
[2025-05-31 02:17:40] INFO: Community Community A (18 members): AskaPol_UAPs, ChrisUKSharp, DanHaug6, Eyes_OnTheSkies, FettucineSplit, GoodTroubleShow, Halsrethink, JeremyCorbell, JonMajerowski, LueElizondo, PTHellyer, SnakePo9, TheOfficialQF, g_knapp, jamescfox, jayanderson, rosscoulthart, ufobeliever1947
[2025-05-31 02:17:40] INFO: Community Community B (7 members): MiddleofMayhem, OSIRISUAP, ShipsSmall, cosmic_surplus, likeitmatters3, susangerbic, ufoskeptic1968
[2025-05-31 02:17:40] INFO: Community analysis written to community_analysis.txt
[2025-05-31 02:17:40] WARNING: Generating trust network visualization...
[2025-05-31 02:17:41] WARNING: Network visualization saved to visualization/trust_network.png
[2025-05-31 02:17:41] WARNING: Creating JSON data structure...
[2025-05-31 02:17:41] WARNING: Successfully generated js/data.js with:
[2025-05-31 02:17:41] WARNING: - 25 users
[2025-05-31 02:17:41] WARNING: - 31 trust relationships
[2025-05-31 02:17:41] WARNING: - 2 communities
[2025-05-31 02:17:41] WARNING: Trust calculation completed successfully.
[2025-05-31 02:27:40] WARNING: === Starting Trust Score Calculation ===
[2025-05-31 02:27:40] WARNING: Starting trust score calculation...
[2025-05-31 02:27:40] WARNING: Found 25 users in the trust network
[2025-05-31 02:27:40] WARNING: Building trust network graph...
[2025-05-31 02:27:40] WARNING: Calculating PageRank scores...
[2025-05-31 02:27:40] WARNING: Applying distrust penalties...
[2025-05-31 02:27:40] WARNING: Detecting communities...
[2025-05-31 02:27:40] WARNING: Found 8 isolated nodes to assign to communities
[2025-05-31 02:27:40] WARNING: Assigned isolated node Eyes_OnTheSkies to community 1 based on structural balance theory
[2025-05-31 02:27:40] WARNING: Assigned isolated node FettucineSplit to community 1 based on structural balance theory
[2025-05-31 02:27:40] WARNING: Assigned isolated node JonMajerowski to community 1 based on structural balance theory
[2025-05-31 02:27:40] WARNING: Assigned isolated node MiddleofMayhem to community 2 based on structural balance theory
[2025-05-31 02:27:40] WARNING: Assigned isolated node PTHellyer to community 1 based on structural balance theory
[2025-05-31 02:27:40] WARNING: Assigned isolated node SnakePo9 to community 1 based on structural balance theory
[2025-05-31 02:27:40] WARNING: Assigned isolated node jamescfox to community 1 based on structural balance theory
[2025-05-31 02:27:40] WARNING: Assigned isolated node likeitmatters3 to community 2 based on structural balance theory
[2025-05-31 02:27:40] INFO: Analyzing community composition...
[2025-05-31 02:27:40] INFO: Community Community A (18 members): AskaPol_UAPs, ChrisUKSharp, DanHaug6, Eyes_OnTheSkies, FettucineSplit, GoodTroubleShow, Halsrethink, JeremyCorbell, JonMajerowski, LueElizondo, PTHellyer, SnakePo9, TheOfficialQF, g_knapp, jamescfox, jayanderson, rosscoulthart, ufobeliever1947
[2025-05-31 02:27:40] INFO: Community Community B (7 members): MiddleofMayhem, OSIRISUAP, ShipsSmall, cosmic_surplus, likeitmatters3, susangerbic, ufoskeptic1968
[2025-05-31 02:27:40] INFO: Community analysis written to community_analysis.txt
[2025-05-31 02:27:40] WARNING: Generating trust network visualization...
[2025-05-31 02:27:41] WARNING: Network visualization saved to visualization/trust_network.png
[2025-05-31 02:27:41] WARNING: Creating JSON data structure...
[2025-05-31 02:27:41] WARNING: Successfully generated js/data.js with:
[2025-05-31 02:27:41] WARNING: - 25 users
[2025-05-31 02:27:41] WARNING: - 31 trust relationships
[2025-05-31 02:27:41] WARNING: - 2 communities
[2025-05-31 02:27:41] WARNING: Trust calculation completed successfully.
[2025-05-31 02:37:50] WARNING: === Starting Trust Score Calculation ===
[2025-05-31 02:37:50] WARNING: Starting trust score calculation...
[2025-05-31 02:37:50] WARNING: Found 25 users in the trust network
[2025-05-31 02:37:50] WARNING: Building trust network graph...
[2025-05-31 02:37:50] WARNING: Calculating PageRank scores...
[2025-05-31 02:37:50] WARNING: Applying distrust penalties...
[2025-05-31 02:37:50] WARNING: Detecting communities...
[2025-05-31 02:37:50] WARNING: Found 8 isolated nodes to assign to communities
[2025-05-31 02:37:50] WARNING: Assigned isolated node Eyes_OnTheSkies to community 1 based on structural balance theory
[2025-05-31 02:37:50] WARNING: Assigned isolated node FettucineSplit to community 1 based on structural balance theory
[2025-05-31 02:37:50] WARNING: Assigned isolated node JonMajerowski to community 1 based on structural balance theory
[2025-05-31 02:37:50] WARNING: Assigned isolated node MiddleofMayhem to community 2 based on structural balance theory
[2025-05-31 02:37:50] WARNING: Assigned isolated node PTHellyer to community 1 based on structural balance theory
[2025-05-31 02:37:50] WARNING: Assigned isolated node SnakePo9 to community 1 based on structural balance theory
[2025-05-31 02:37:50] WARNING: Assigned isolated node jamescfox to community 1 based on structural balance theory
[2025-05-31 02:37:50] WARNING: Assigned isolated node likeitmatters3 to community 2 based on structural balance theory
[2025-05-31 02:37:50] INFO: Analyzing community composition...
[2025-05-31 02:37:50] INFO: Community Community A (18 members): AskaPol_UAPs, ChrisUKSharp, DanHaug6, Eyes_OnTheSkies, FettucineSplit, GoodTroubleShow, Halsrethink, JeremyCorbell, JonMajerowski, LueElizondo, PTHellyer, SnakePo9, TheOfficialQF, g_knapp, jamescfox, jayanderson, rosscoulthart, ufobeliever1947
[2025-05-31 02:37:50] INFO: Community Community B (7 members): MiddleofMayhem, OSIRISUAP, ShipsSmall, cosmic_surplus, likeitmatters3, susangerbic, ufoskeptic1968
[2025-05-31 02:37:50] INFO: Community analysis written to community_analysis.txt
[2025-05-31 02:37:50] WARNING: Generating trust network visualization...
[2025-05-31 02:37:51] WARNING: Network visualization saved to visualization/trust_network.png
[2025-05-31 02:37:51] WARNING: Creating JSON data structure...
[2025-05-31 02:37:51] WARNING: Successfully generated js/data.js with:
[2025-05-31 02:37:51] WARNING: - 25 users
[2025-05-31 02:37:51] WARNING: - 31 trust relationships
[2025-05-31 02:37:51] WARNING: - 2 communities
[2025-05-31 02:37:51] WARNING: Trust calculation completed successfully.
[2025-05-31 02:47:49] WARNING: === Starting Trust Score Calculation ===
[2025-05-31 02:47:49] WARNING: Starting trust score calculation...
[2025-05-31 02:47:49] WARNING: Found 25 users in the trust network
[2025-05-31 02:47:49] WARNING: Building trust network graph...
[2025-05-31 02:47:49] WARNING: Calculating PageRank scores...
[2025-05-31 02:47:49] WARNING: Applying distrust penalties...
[2025-05-31 02:47:49] WARNING: Detecting communities...
[2025-05-31 02:47:49] WARNING: Found 8 isolated nodes to assign to communities
[2025-05-31 02:47:49] WARNING: Assigned isolated node Eyes_OnTheSkies to community 1 based on structural balance theory
[2025-05-31 02:47:49] WARNING: Assigned isolated node FettucineSplit to community 1 based on structural balance theory
[2025-05-31 02:47:49] WARNING: Assigned isolated node JonMajerowski to community 1 based on structural balance theory
[2025-05-31 02:47:49] WARNING: Assigned isolated node MiddleofMayhem to community 2 based on structural balance theory
[2025-05-31 02:47:49] WARNING: Assigned isolated node PTHellyer to community 1 based on structural balance theory
[2025-05-31 02:47:49] WARNING: Assigned isolated node SnakePo9 to community 1 based on structural balance theory
[2025-05-31 02:47:49] WARNING: Assigned isolated node jamescfox to community 1 based on structural balance theory
[2025-05-31 02:47:49] WARNING: Assigned isolated node likeitmatters3 to community 2 based on structural balance theory
[2025-05-31 02:47:49] INFO: Analyzing community composition...
[2025-05-31 02:47:49] INFO: Community Community A (18 members): AskaPol_UAPs, ChrisUKSharp, DanHaug6, Eyes_OnTheSkies, FettucineSplit, GoodTroubleShow, Halsrethink, JeremyCorbell, JonMajerowski, LueElizondo, PTHellyer, SnakePo9, TheOfficialQF, g_knapp, jamescfox, jayanderson, rosscoulthart, ufobeliever1947
[2025-05-31 02:47:49] INFO: Community Community B (7 members): MiddleofMayhem, OSIRISUAP, ShipsSmall, cosmic_surplus, likeitmatters3, susangerbic, ufoskeptic1968
[2025-05-31 02:47:49] INFO: Community analysis written to community_analysis.txt
[2025-05-31 02:47:49] WARNING: Generating trust network visualization...
[2025-05-31 02:47:50] WARNING: Network visualization saved to visualization/trust_network.png
[2025-05-31 02:47:50] WARNING: Creating JSON data structure...
[2025-05-31 02:47:50] WARNING: Successfully generated js/data.js with:
[2025-05-31 02:47:50] WARNING: - 25 users
[2025-05-31 02:47:50] WARNING: - 31 trust relationships
[2025-05-31 02:47:50] WARNING: - 2 communities
[2025-05-31 02:47:50] WARNING: Trust calculation completed successfully.
[2025-05-31 02:47:50] Committing and pushing changes to GitHub...
