[2025-05-22 04:37:32] Starting Twitter Trust System update process...
[2025-05-22 04:37:32] Update frequency set to: 10 minutes
[2025-05-22 04:37:32] Collecting trust assignments from Twitter...
[2025-05-22 04:37:36] Warning: Trust assignments file not updated recently (last modified 05/11/2025 23:57:36)
[2025-05-21 22:37:37] WARNING: Reached stop point at tweet from 2025-05-12 06:54:05+00:00
[2025-05-21 22:37:37] WARNING: Retrieved 0 new tweets on page 1
[2025-05-21 22:37:37] WARNING: Stopping pagination as we've reached the stop point
[2025-05-21 22:37:37] WARNING: Retrieved a total of 0 tweets across 1 pages
[2025-05-21 22:37:37] WARNING: No new tweets found with trust commands. Exiting without error.
[2025-05-21 22:37:37] WARNING: Collection complete!
[2025-05-21 22:37:37] WARNING: - 0 trust assignments processed
[2025-05-21 22:37:37] WARNING: - 2 users in trust network
[2025-05-21 22:37:37] WARNING: - 31 total trust relationships
[2025-05-21 22:47:35] WARNING: === Starting Twitter Trust System Collection ===
[2025-05-21 22:47:35] WARNING: Will collect tweets until reaching previous timestamp: 2025-05-12 06:54:05+00:00
[2025-05-21 22:47:35] WARNING: Retrieving page 1...
[2025-05-21 22:47:38] WARNING: Newest tweet is from: 2025-05-12 06:54:05+00:00
[2025-05-21 22:47:38] WARNING: Reached stop point at tweet from 2025-05-12 06:54:05+00:00
[2025-05-21 22:47:38] WARNING: Retrieved 0 new tweets on page 1
[2025-05-21 22:47:38] WARNING: Stopping pagination as we've reached the stop point
[2025-05-21 22:47:38] WARNING: Retrieved a total of 0 tweets across 1 pages
[2025-05-21 22:47:38] WARNING: No new tweets found with trust commands. Exiting without error.
[2025-05-21 22:47:38] WARNING: Collection complete!
[2025-05-21 22:47:38] WARNING: - 0 trust assignments processed
[2025-05-21 22:47:38] WARNING: - 2 users in trust network
[2025-05-21 22:47:38] WARNING: - 31 total trust relationships
[2025-05-21 22:57:35] WARNING: === Starting Twitter Trust System Collection ===
[2025-05-21 22:57:35] WARNING: Will collect tweets until reaching previous timestamp: 2025-05-12 06:54:05+00:00
[2025-05-21 22:57:35] WARNING: Retrieving page 1...
[2025-05-21 22:57:37] WARNING: Newest tweet is from: 2025-05-12 06:54:05+00:00
[2025-05-21 22:57:37] WARNING: Reached stop point at tweet from 2025-05-12 06:54:05+00:00
[2025-05-21 22:57:37] WARNING: Retrieved 0 new tweets on page 1
[2025-05-21 22:57:37] WARNING: Stopping pagination as we've reached the stop point
[2025-05-21 22:57:37] WARNING: Retrieved a total of 0 tweets across 1 pages
[2025-05-21 22:57:37] WARNING: No new tweets found with trust commands. Exiting without error.
[2025-05-21 22:57:37] WARNING: Collection complete!
[2025-05-21 22:57:37] WARNING: - 0 trust assignments processed
[2025-05-21 22:57:37] WARNING: - 2 users in trust network
[2025-05-21 22:57:37] WARNING: - 31 total trust relationships
[2025-05-21 23:07:35] WARNING: === Starting Twitter Trust System Collection ===
[2025-05-21 23:07:35] WARNING: Will collect tweets until reaching previous timestamp: 2025-05-12 06:54:05+00:00
[2025-05-21 23:07:35] WARNING: Retrieving page 1...
[2025-05-21 23:07:36] WARNING: Newest tweet is from: 2025-05-12 06:54:05+00:00
[2025-05-21 23:07:36] WARNING: Reached stop point at tweet from 2025-05-12 06:54:05+00:00
[2025-05-21 23:07:36] WARNING: Retrieved 0 new tweets on page 1
[2025-05-21 23:07:36] WARNING: Stopping pagination as we've reached the stop point
[2025-05-21 23:07:36] WARNING: Retrieved a total of 0 tweets across 1 pages
[2025-05-21 23:07:36] WARNING: No new tweets found with trust commands. Exiting without error.
[2025-05-21 23:07:36] WARNING: Collection complete!
[2025-05-21 23:07:36] WARNING: - 0 trust assignments processed
[2025-05-21 23:07:36] WARNING: - 2 users in trust network
[2025-05-21 23:07:36] WARNING: - 31 total trust relationships
[2025-05-21 23:17:35] WARNING: === Starting Twitter Trust System Collection ===
[2025-05-21 23:17:35] WARNING: Will collect tweets until reaching previous timestamp: 2025-05-12 06:54:05+00:00
[2025-05-21 23:17:35] WARNING: Retrieving page 1...
[2025-05-21 23:17:36] WARNING: Newest tweet is from: 2025-05-12 06:54:05+00:00
[2025-05-21 23:17:36] WARNING: Reached stop point at tweet from 2025-05-12 06:54:05+00:00
[2025-05-21 23:17:36] WARNING: Retrieved 0 new tweets on page 1
[2025-05-21 23:17:36] WARNING: Stopping pagination as we've reached the stop point
[2025-05-21 23:17:36] WARNING: Retrieved a total of 0 tweets across 1 pages
[2025-05-21 23:17:36] WARNING: No new tweets found with trust commands. Exiting without error.
[2025-05-21 23:17:36] WARNING: Collection complete!
[2025-05-21 23:17:36] WARNING: - 0 trust assignments processed
[2025-05-21 23:17:36] WARNING: - 2 users in trust network
[2025-05-21 23:17:36] WARNING: - 31 total trust relationships
[2025-05-21 23:27:36] WARNING: === Starting Twitter Trust System Collection ===
[2025-05-21 23:27:36] WARNING: Will collect tweets until reaching previous timestamp: 2025-05-12 06:54:05+00:00
[2025-05-21 23:27:36] WARNING: Retrieving page 1...
[2025-05-21 23:27:38] WARNING: Newest tweet is from: 2025-05-12 06:54:05+00:00
[2025-05-21 23:27:38] WARNING: Reached stop point at tweet from 2025-05-12 06:54:05+00:00
[2025-05-21 23:27:38] WARNING: Retrieved 0 new tweets on page 1
[2025-05-21 23:27:38] WARNING: Stopping pagination as we've reached the stop point
[2025-05-21 23:27:38] WARNING: Retrieved a total of 0 tweets across 1 pages
[2025-05-21 23:27:38] WARNING: No new tweets found with trust commands. Exiting without error.
[2025-05-21 23:27:38] WARNING: Collection complete!
[2025-05-21 23:27:38] WARNING: - 0 trust assignments processed
[2025-05-21 23:27:38] WARNING: - 2 users in trust network
[2025-05-21 23:27:38] WARNING: - 31 total trust relationships
[2025-05-21 23:37:34] WARNING: === Starting Twitter Trust System Collection ===
[2025-05-21 23:37:34] WARNING: Will collect tweets until reaching previous timestamp: 2025-05-12 06:54:05+00:00
[2025-05-21 23:37:34] WARNING: Retrieving page 1...
[2025-05-21 23:37:35] WARNING: Newest tweet is from: 2025-05-12 06:54:05+00:00
[2025-05-21 23:37:35] WARNING: Reached stop point at tweet from 2025-05-12 06:54:05+00:00
[2025-05-21 23:37:35] WARNING: Retrieved 0 new tweets on page 1
[2025-05-21 23:37:35] WARNING: Stopping pagination as we've reached the stop point
[2025-05-21 23:37:35] WARNING: Retrieved a total of 0 tweets across 1 pages
[2025-05-21 23:37:35] WARNING: No new tweets found with trust commands. Exiting without error.
[2025-05-21 23:37:35] WARNING: Collection complete!
[2025-05-21 23:37:35] WARNING: - 0 trust assignments processed
[2025-05-21 23:37:35] WARNING: - 2 users in trust network
[2025-05-21 23:37:35] WARNING: - 31 total trust relationships
[2025-05-21 23:47:34] WARNING: === Starting Twitter Trust System Collection ===
[2025-05-21 23:47:34] WARNING: Will collect tweets until reaching previous timestamp: 2025-05-12 06:54:05+00:00
[2025-05-21 23:47:34] WARNING: Retrieving page 1...
[2025-05-21 23:47:37] WARNING: Newest tweet is from: 2025-05-12 06:54:05+00:00
[2025-05-21 23:47:37] WARNING: Reached stop point at tweet from 2025-05-12 06:54:05+00:00
[2025-05-21 23:47:37] WARNING: Retrieved 0 new tweets on page 1
[2025-05-21 23:47:37] WARNING: Stopping pagination as we've reached the stop point
[2025-05-21 23:47:37] WARNING: Retrieved a total of 0 tweets across 1 pages
[2025-05-21 23:47:37] WARNING: No new tweets found with trust commands. Exiting without error.
[2025-05-21 23:47:37] WARNING: Collection complete!
[2025-05-21 23:47:37] WARNING: - 0 trust assignments processed
[2025-05-21 23:47:37] WARNING: - 2 users in trust network
[2025-05-21 23:47:37] WARNING: - 31 total trust relationships
[2025-05-21 23:57:35] WARNING: === Starting Twitter Trust System Collection ===
[2025-05-21 23:57:35] WARNING: Will collect tweets until reaching previous timestamp: 2025-05-12 06:54:05+00:00
[2025-05-21 23:57:35] WARNING: Retrieving page 1...
[2025-05-21 23:57:38] WARNING: Newest tweet is from: 2025-05-12 06:54:05+00:00
[2025-05-21 23:57:38] WARNING: Reached stop point at tweet from 2025-05-12 06:54:05+00:00
[2025-05-21 23:57:38] WARNING: Retrieved 0 new tweets on page 1
[2025-05-21 23:57:38] WARNING: Stopping pagination as we've reached the stop point
[2025-05-21 23:57:38] WARNING: Retrieved a total of 0 tweets across 1 pages
[2025-05-21 23:57:38] WARNING: No new tweets found with trust commands. Exiting without error.
[2025-05-21 23:57:38] WARNING: Collection complete!
[2025-05-21 23:57:38] WARNING: - 0 trust assignments processed
[2025-05-21 23:57:38] WARNING: - 2 users in trust network
[2025-05-21 23:57:38] WARNING: - 31 total trust relationships
[2025-05-22 00:07:34] WARNING: === Starting Twitter Trust System Collection ===
[2025-05-22 00:07:34] WARNING: Will collect tweets until reaching previous timestamp: 2025-05-12 06:54:05+00:00
[2025-05-22 00:07:34] WARNING: Retrieving page 1...
[2025-05-22 00:07:36] WARNING: Newest tweet is from: 2025-05-12 06:54:05+00:00
[2025-05-22 00:07:36] WARNING: Reached stop point at tweet from 2025-05-12 06:54:05+00:00
[2025-05-22 00:07:36] WARNING: Retrieved 0 new tweets on page 1
[2025-05-22 00:07:36] WARNING: Stopping pagination as we've reached the stop point
[2025-05-22 00:07:36] WARNING: Retrieved a total of 0 tweets across 1 pages
[2025-05-22 00:07:36] WARNING: No new tweets found with trust commands. Exiting without error.
[2025-05-22 00:07:36] WARNING: Collection complete!
[2025-05-22 00:07:36] WARNING: - 0 trust assignments processed
[2025-05-22 00:07:36] WARNING: - 2 users in trust network
[2025-05-22 00:07:36] WARNING: - 31 total trust relationships
[2025-05-22 00:17:35] WARNING: === Starting Twitter Trust System Collection ===
[2025-05-22 00:17:35] WARNING: Will collect tweets until reaching previous timestamp: 2025-05-12 06:54:05+00:00
[2025-05-22 00:17:35] WARNING: Retrieving page 1...
[2025-05-22 00:17:37] WARNING: Newest tweet is from: 2025-05-12 06:54:05+00:00
[2025-05-22 00:17:37] WARNING: Reached stop point at tweet from 2025-05-12 06:54:05+00:00
[2025-05-22 00:17:37] WARNING: Retrieved 0 new tweets on page 1
[2025-05-22 00:17:37] WARNING: Stopping pagination as we've reached the stop point
[2025-05-22 00:17:37] WARNING: Retrieved a total of 0 tweets across 1 pages
[2025-05-22 00:17:37] WARNING: No new tweets found with trust commands. Exiting without error.
[2025-05-22 00:17:37] WARNING: Collection complete!
[2025-05-22 00:17:37] WARNING: - 0 trust assignments processed
[2025-05-22 00:17:37] WARNING: - 2 users in trust network
[2025-05-22 00:17:37] WARNING: - 31 total trust relationships
[2025-05-22 00:27:34] WARNING: === Starting Twitter Trust System Collection ===
[2025-05-22 00:27:35] WARNING: Will collect tweets until reaching previous timestamp: 2025-05-12 06:54:05+00:00
[2025-05-22 00:27:35] WARNING: Retrieving page 1...
[2025-05-22 00:27:37] WARNING: Newest tweet is from: 2025-05-12 06:54:05+00:00
[2025-05-22 00:27:37] WARNING: Reached stop point at tweet from 2025-05-12 06:54:05+00:00
[2025-05-22 00:27:37] WARNING: Retrieved 0 new tweets on page 1
[2025-05-22 00:27:37] WARNING: Stopping pagination as we've reached the stop point
[2025-05-22 00:27:37] WARNING: Retrieved a total of 0 tweets across 1 pages
[2025-05-22 00:27:37] WARNING: No new tweets found with trust commands. Exiting without error.
[2025-05-22 00:27:37] WARNING: Collection complete!
[2025-05-22 00:27:37] WARNING: - 0 trust assignments processed
[2025-05-22 00:27:37] WARNING: - 2 users in trust network
[2025-05-22 00:27:37] WARNING: - 31 total trust relationships
[2025-05-22 00:37:35] WARNING: === Starting Twitter Trust System Collection ===
[2025-05-22 00:37:35] WARNING: Will collect tweets until reaching previous timestamp: 2025-05-12 06:54:05+00:00
[2025-05-22 00:37:35] WARNING: Retrieving page 1...
[2025-05-22 00:37:36] WARNING: Newest tweet is from: 2025-05-12 06:54:05+00:00
[2025-05-22 00:37:36] WARNING: Reached stop point at tweet from 2025-05-12 06:54:05+00:00
[2025-05-22 00:37:36] WARNING: Retrieved 0 new tweets on page 1
[2025-05-22 00:37:36] WARNING: Stopping pagination as we've reached the stop point
[2025-05-22 00:37:36] WARNING: Retrieved a total of 0 tweets across 1 pages
[2025-05-22 00:37:36] WARNING: No new tweets found with trust commands. Exiting without error.
[2025-05-22 00:37:36] WARNING: Collection complete!
[2025-05-22 00:37:36] WARNING: - 0 trust assignments processed
[2025-05-22 00:37:36] WARNING: - 2 users in trust network
[2025-05-22 00:37:36] WARNING: - 31 total trust relationships
[2025-05-22 00:47:35] WARNING: === Starting Twitter Trust System Collection ===
[2025-05-22 00:47:35] WARNING: Will collect tweets until reaching previous timestamp: 2025-05-12 06:54:05+00:00
[2025-05-22 00:47:35] WARNING: Retrieving page 1...
[2025-05-22 00:47:36] WARNING: Newest tweet is from: 2025-05-12 06:54:05+00:00
[2025-05-22 00:47:36] WARNING: Reached stop point at tweet from 2025-05-12 06:54:05+00:00
[2025-05-22 00:47:36] WARNING: Retrieved 0 new tweets on page 1
[2025-05-22 00:47:36] WARNING: Stopping pagination as we've reached the stop point
[2025-05-22 00:47:36] WARNING: Retrieved a total of 0 tweets across 1 pages
[2025-05-22 00:47:36] WARNING: No new tweets found with trust commands. Exiting without error.
[2025-05-22 00:47:36] WARNING: Collection complete!
[2025-05-22 00:47:36] WARNING: - 0 trust assignments processed
[2025-05-22 00:47:36] WARNING: - 2 users in trust network
[2025-05-22 00:47:36] WARNING: - 31 total trust relationships
[2025-05-22 00:57:34] WARNING: === Starting Twitter Trust System Collection ===
[2025-05-22 00:57:34] WARNING: Will collect tweets until reaching previous timestamp: 2025-05-12 06:54:05+00:00
[2025-05-22 00:57:34] WARNING: Retrieving page 1...
[2025-05-22 00:57:35] WARNING: Newest tweet is from: 2025-05-12 06:54:05+00:00
[2025-05-22 00:57:35] WARNING: Reached stop point at tweet from 2025-05-12 06:54:05+00:00
[2025-05-22 00:57:35] WARNING: Retrieved 0 new tweets on page 1
[2025-05-22 00:57:35] WARNING: Stopping pagination as we've reached the stop point
[2025-05-22 00:57:35] WARNING: Retrieved a total of 0 tweets across 1 pages
[2025-05-22 00:57:35] WARNING: No new tweets found with trust commands. Exiting without error.
[2025-05-22 00:57:35] WARNING: Collection complete!
[2025-05-22 00:57:35] WARNING: - 0 trust assignments processed
[2025-05-22 00:57:35] WARNING: - 2 users in trust network
[2025-05-22 00:57:35] WARNING: - 31 total trust relationships
[2025-05-22 01:07:34] WARNING: === Starting Twitter Trust System Collection ===
[2025-05-22 01:07:34] WARNING: Will collect tweets until reaching previous timestamp: 2025-05-12 06:54:05+00:00
[2025-05-22 01:07:34] WARNING: Retrieving page 1...
[2025-05-22 01:07:35] WARNING: Newest tweet is from: 2025-05-12 06:54:05+00:00
[2025-05-22 01:07:35] WARNING: Reached stop point at tweet from 2025-05-12 06:54:05+00:00
[2025-05-22 01:07:35] WARNING: Retrieved 0 new tweets on page 1
[2025-05-22 01:07:35] WARNING: Stopping pagination as we've reached the stop point
[2025-05-22 01:07:35] WARNING: Retrieved a total of 0 tweets across 1 pages
[2025-05-22 01:07:35] WARNING: No new tweets found with trust commands. Exiting without error.
[2025-05-22 01:07:35] WARNING: Collection complete!
[2025-05-22 01:07:35] WARNING: - 0 trust assignments processed
[2025-05-22 01:07:35] WARNING: - 2 users in trust network
[2025-05-22 01:07:35] WARNING: - 31 total trust relationships
[2025-05-22 01:17:35] WARNING: === Starting Twitter Trust System Collection ===
[2025-05-22 01:17:35] WARNING: Will collect tweets until reaching previous timestamp: 2025-05-12 06:54:05+00:00
[2025-05-22 01:17:35] WARNING: Retrieving page 1...
[2025-05-22 01:17:36] WARNING: Newest tweet is from: 2025-05-12 06:54:05+00:00
[2025-05-22 01:17:36] WARNING: Reached stop point at tweet from 2025-05-12 06:54:05+00:00
[2025-05-22 01:17:36] WARNING: Retrieved 0 new tweets on page 1
[2025-05-22 01:17:36] WARNING: Stopping pagination as we've reached the stop point
[2025-05-22 01:17:36] WARNING: Retrieved a total of 0 tweets across 1 pages
[2025-05-22 01:17:36] WARNING: No new tweets found with trust commands. Exiting without error.
[2025-05-22 01:17:36] WARNING: Collection complete!
[2025-05-22 01:17:36] WARNING: - 0 trust assignments processed
[2025-05-22 01:17:36] WARNING: - 2 users in trust network
[2025-05-22 01:17:36] WARNING: - 31 total trust relationships
[2025-05-22 01:27:35] WARNING: === Starting Twitter Trust System Collection ===
[2025-05-22 01:27:35] WARNING: Will collect tweets until reaching previous timestamp: 2025-05-12 06:54:05+00:00
[2025-05-22 01:27:35] WARNING: Retrieving page 1...
[2025-05-22 01:27:36] WARNING: Newest tweet is from: 2025-05-12 06:54:05+00:00
[2025-05-22 01:27:36] WARNING: Reached stop point at tweet from 2025-05-12 06:54:05+00:00
[2025-05-22 01:27:36] WARNING: Retrieved 0 new tweets on page 1
[2025-05-22 01:27:36] WARNING: Stopping pagination as we've reached the stop point
[2025-05-22 01:27:36] WARNING: Retrieved a total of 0 tweets across 1 pages
[2025-05-22 01:27:36] WARNING: No new tweets found with trust commands. Exiting without error.
[2025-05-22 01:27:36] WARNING: Collection complete!
[2025-05-22 01:27:36] WARNING: - 0 trust assignments processed
[2025-05-22 01:27:36] WARNING: - 2 users in trust network
[2025-05-22 01:27:36] WARNING: - 31 total trust relationships
[2025-05-22 01:37:35] WARNING: === Starting Twitter Trust System Collection ===
[2025-05-22 01:37:35] WARNING: Will collect tweets until reaching previous timestamp: 2025-05-12 06:54:05+00:00
[2025-05-22 01:37:35] WARNING: Retrieving page 1...
[2025-05-22 01:37:36] WARNING: Newest tweet is from: 2025-05-12 06:54:05+00:00
[2025-05-22 01:37:36] WARNING: Reached stop point at tweet from 2025-05-12 06:54:05+00:00
[2025-05-22 01:37:36] WARNING: Retrieved 0 new tweets on page 1
[2025-05-22 01:37:36] WARNING: Stopping pagination as we've reached the stop point
[2025-05-22 01:37:36] WARNING: Retrieved a total of 0 tweets across 1 pages
[2025-05-22 01:37:36] WARNING: No new tweets found with trust commands. Exiting without error.
[2025-05-22 01:37:36] WARNING: Collection complete!
[2025-05-22 01:37:36] WARNING: - 0 trust assignments processed
[2025-05-22 01:37:36] WARNING: - 2 users in trust network
[2025-05-22 01:37:36] WARNING: - 31 total trust relationships
[2025-05-22 01:47:35] WARNING: === Starting Twitter Trust System Collection ===
[2025-05-22 01:47:35] WARNING: Will collect tweets until reaching previous timestamp: 2025-05-12 06:54:05+00:00
[2025-05-22 01:47:35] WARNING: Retrieving page 1...
[2025-05-22 01:47:37] WARNING: Newest tweet is from: 2025-05-12 06:54:05+00:00
[2025-05-22 01:47:37] WARNING: Reached stop point at tweet from 2025-05-12 06:54:05+00:00
[2025-05-22 01:47:37] WARNING: Retrieved 0 new tweets on page 1
[2025-05-22 01:47:37] WARNING: Stopping pagination as we've reached the stop point
[2025-05-22 01:47:37] WARNING: Retrieved a total of 0 tweets across 1 pages
[2025-05-22 01:47:37] WARNING: No new tweets found with trust commands. Exiting without error.
[2025-05-22 01:47:37] WARNING: Collection complete!
[2025-05-22 01:47:37] WARNING: - 0 trust assignments processed
[2025-05-22 01:47:37] WARNING: - 2 users in trust network
[2025-05-22 01:47:37] WARNING: - 31 total trust relationships
[2025-05-22 01:57:34] WARNING: === Starting Twitter Trust System Collection ===
[2025-05-22 01:57:34] WARNING: Will collect tweets until reaching previous timestamp: 2025-05-12 06:54:05+00:00
[2025-05-22 01:57:34] WARNING: Retrieving page 1...
[2025-05-22 01:57:36] WARNING: Newest tweet is from: 2025-05-12 06:54:05+00:00
[2025-05-22 01:57:36] WARNING: Reached stop point at tweet from 2025-05-12 06:54:05+00:00
[2025-05-22 01:57:36] WARNING: Retrieved 0 new tweets on page 1
[2025-05-22 01:57:36] WARNING: Stopping pagination as we've reached the stop point
[2025-05-22 01:57:36] WARNING: Retrieved a total of 0 tweets across 1 pages
[2025-05-22 01:57:36] WARNING: No new tweets found with trust commands. Exiting without error.
[2025-05-22 01:57:36] WARNING: Collection complete!
[2025-05-22 01:57:36] WARNING: - 0 trust assignments processed
[2025-05-22 01:57:36] WARNING: - 2 users in trust network
[2025-05-22 01:57:36] WARNING: - 31 total trust relationships
[2025-05-22 02:07:35] WARNING: === Starting Twitter Trust System Collection ===
[2025-05-22 02:07:35] WARNING: Will collect tweets until reaching previous timestamp: 2025-05-12 06:54:05+00:00
[2025-05-22 02:07:35] WARNING: Retrieving page 1...
[2025-05-22 02:07:37] WARNING: Newest tweet is from: 2025-05-12 06:54:05+00:00
[2025-05-22 02:07:37] WARNING: Reached stop point at tweet from 2025-05-12 06:54:05+00:00
[2025-05-22 02:07:37] WARNING: Retrieved 0 new tweets on page 1
[2025-05-22 02:07:37] WARNING: Stopping pagination as we've reached the stop point
[2025-05-22 02:07:37] WARNING: Retrieved a total of 0 tweets across 1 pages
[2025-05-22 02:07:37] WARNING: No new tweets found with trust commands. Exiting without error.
[2025-05-22 02:07:37] WARNING: Collection complete!
[2025-05-22 02:07:37] WARNING: - 0 trust assignments processed
[2025-05-22 02:07:37] WARNING: - 2 users in trust network
[2025-05-22 02:07:37] WARNING: - 31 total trust relationships
[2025-05-22 02:17:35] WARNING: === Starting Twitter Trust System Collection ===
[2025-05-22 02:17:35] WARNING: Will collect tweets until reaching previous timestamp: 2025-05-12 06:54:05+00:00
[2025-05-22 02:17:35] WARNING: Retrieving page 1...
[2025-05-22 02:17:37] WARNING: Newest tweet is from: 2025-05-12 06:54:05+00:00
[2025-05-22 02:17:37] WARNING: Reached stop point at tweet from 2025-05-12 06:54:05+00:00
[2025-05-22 02:17:37] WARNING: Retrieved 0 new tweets on page 1
[2025-05-22 02:17:37] WARNING: Stopping pagination as we've reached the stop point
[2025-05-22 02:17:37] WARNING: Retrieved a total of 0 tweets across 1 pages
[2025-05-22 02:17:37] WARNING: No new tweets found with trust commands. Exiting without error.
[2025-05-22 02:17:37] WARNING: Collection complete!
[2025-05-22 02:17:37] WARNING: - 0 trust assignments processed
[2025-05-22 02:17:37] WARNING: - 2 users in trust network
[2025-05-22 02:17:37] WARNING: - 31 total trust relationships
[2025-05-22 02:27:34] WARNING: === Starting Twitter Trust System Collection ===
[2025-05-22 02:27:34] WARNING: Will collect tweets until reaching previous timestamp: 2025-05-12 06:54:05+00:00
[2025-05-22 02:27:34] WARNING: Retrieving page 1...
[2025-05-22 02:27:36] WARNING: Newest tweet is from: 2025-05-12 06:54:05+00:00
[2025-05-22 02:27:36] WARNING: Reached stop point at tweet from 2025-05-12 06:54:05+00:00
[2025-05-22 02:27:36] WARNING: Retrieved 0 new tweets on page 1
[2025-05-22 02:27:36] WARNING: Stopping pagination as we've reached the stop point
[2025-05-22 02:27:36] WARNING: Retrieved a total of 0 tweets across 1 pages
[2025-05-22 02:27:36] WARNING: No new tweets found with trust commands. Exiting without error.
[2025-05-22 02:27:36] WARNING: Collection complete!
[2025-05-22 02:27:36] WARNING: - 0 trust assignments processed
[2025-05-22 02:27:36] WARNING: - 2 users in trust network
[2025-05-22 02:27:36] WARNING: - 31 total trust relationships
[2025-05-22 02:37:34] WARNING: === Starting Twitter Trust System Collection ===
[2025-05-22 02:37:34] WARNING: Will collect tweets until reaching previous timestamp: 2025-05-12 06:54:05+00:00
[2025-05-22 02:37:34] WARNING: Retrieving page 1...
[2025-05-22 02:37:35] WARNING: Newest tweet is from: 2025-05-12 06:54:05+00:00
[2025-05-22 02:37:35] WARNING: Reached stop point at tweet from 2025-05-12 06:54:05+00:00
[2025-05-22 02:37:35] WARNING: Retrieved 0 new tweets on page 1
[2025-05-22 02:37:35] WARNING: Stopping pagination as we've reached the stop point
[2025-05-22 02:37:35] WARNING: Retrieved a total of 0 tweets across 1 pages
[2025-05-22 02:37:35] WARNING: No new tweets found with trust commands. Exiting without error.
[2025-05-22 02:37:35] WARNING: Collection complete!
[2025-05-22 02:37:35] WARNING: - 0 trust assignments processed
[2025-05-22 02:37:35] WARNING: - 2 users in trust network
[2025-05-22 02:37:35] WARNING: - 31 total trust relationships
[2025-05-22 02:47:35] WARNING: === Starting Twitter Trust System Collection ===
[2025-05-22 02:47:35] WARNING: Will collect tweets until reaching previous timestamp: 2025-05-12 06:54:05+00:00
[2025-05-22 02:47:35] WARNING: Retrieving page 1...
[2025-05-22 02:47:38] WARNING: Newest tweet is from: 2025-05-12 06:54:05+00:00
[2025-05-22 02:47:38] WARNING: Reached stop point at tweet from 2025-05-12 06:54:05+00:00
[2025-05-22 02:47:38] WARNING: Retrieved 0 new tweets on page 1
[2025-05-22 02:47:38] WARNING: Stopping pagination as we've reached the stop point
[2025-05-22 02:47:38] WARNING: Retrieved a total of 0 tweets across 1 pages
[2025-05-22 02:47:38] WARNING: No new tweets found with trust commands. Exiting without error.
[2025-05-22 02:47:38] WARNING: Collection complete!
[2025-05-22 02:47:38] WARNING: - 0 trust assignments processed
[2025-05-22 02:47:38] WARNING: - 2 users in trust network
[2025-05-22 02:47:38] WARNING: - 31 total trust relationships
[2025-05-22 02:57:34] WARNING: === Starting Twitter Trust System Collection ===
[2025-05-22 02:57:34] WARNING: Will collect tweets until reaching previous timestamp: 2025-05-12 06:54:05+00:00
[2025-05-22 02:57:34] WARNING: Retrieving page 1...
[2025-05-22 02:57:38] WARNING: Newest tweet is from: 2025-05-12 06:54:05+00:00
[2025-05-22 02:57:38] WARNING: Reached stop point at tweet from 2025-05-12 06:54:05+00:00
[2025-05-22 02:57:38] WARNING: Retrieved 0 new tweets on page 1
[2025-05-22 02:57:38] WARNING: Stopping pagination as we've reached the stop point
[2025-05-22 02:57:38] WARNING: Retrieved a total of 0 tweets across 1 pages
[2025-05-22 02:57:38] WARNING: No new tweets found with trust commands. Exiting without error.
[2025-05-22 02:57:38] WARNING: Collection complete!
[2025-05-22 02:57:38] WARNING: - 0 trust assignments processed
[2025-05-22 02:57:38] WARNING: - 2 users in trust network
[2025-05-22 02:57:38] WARNING: - 31 total trust relationships
[2025-05-22 03:07:35] WARNING: === Starting Twitter Trust System Collection ===
[2025-05-22 03:07:35] WARNING: Will collect tweets until reaching previous timestamp: 2025-05-12 06:54:05+00:00
[2025-05-22 03:07:35] WARNING: Retrieving page 1...
[2025-05-22 03:07:36] WARNING: Newest tweet is from: 2025-05-12 06:54:05+00:00
[2025-05-22 03:07:36] WARNING: Reached stop point at tweet from 2025-05-12 06:54:05+00:00
[2025-05-22 03:07:36] WARNING: Retrieved 0 new tweets on page 1
[2025-05-22 03:07:36] WARNING: Stopping pagination as we've reached the stop point
[2025-05-22 03:07:36] WARNING: Retrieved a total of 0 tweets across 1 pages
[2025-05-22 03:07:36] WARNING: No new tweets found with trust commands. Exiting without error.
[2025-05-22 03:07:36] WARNING: Collection complete!
[2025-05-22 03:07:36] WARNING: - 0 trust assignments processed
[2025-05-22 03:07:36] WARNING: - 2 users in trust network
[2025-05-22 03:07:36] WARNING: - 31 total trust relationships
[2025-05-22 03:17:35] WARNING: === Starting Twitter Trust System Collection ===
[2025-05-22 03:17:35] WARNING: Will collect tweets until reaching previous timestamp: 2025-05-12 06:54:05+00:00
[2025-05-22 03:17:35] WARNING: Retrieving page 1...
[2025-05-22 03:17:38] WARNING: Newest tweet is from: 2025-05-12 06:54:05+00:00
[2025-05-22 03:17:38] WARNING: Reached stop point at tweet from 2025-05-12 06:54:05+00:00
[2025-05-22 03:17:38] WARNING: Retrieved 0 new tweets on page 1
[2025-05-22 03:17:38] WARNING: Stopping pagination as we've reached the stop point
[2025-05-22 03:17:38] WARNING: Retrieved a total of 0 tweets across 1 pages
[2025-05-22 03:17:38] WARNING: No new tweets found with trust commands. Exiting without error.
[2025-05-22 03:17:38] WARNING: Collection complete!
[2025-05-22 03:17:38] WARNING: - 0 trust assignments processed
[2025-05-22 03:17:38] WARNING: - 2 users in trust network
[2025-05-22 03:17:38] WARNING: - 31 total trust relationships
[2025-05-22 03:27:34] WARNING: === Starting Twitter Trust System Collection ===
[2025-05-22 03:27:34] WARNING: Will collect tweets until reaching previous timestamp: 2025-05-12 06:54:05+00:00
[2025-05-22 03:27:34] WARNING: Retrieving page 1...
[2025-05-22 03:27:36] WARNING: Newest tweet is from: 2025-05-12 06:54:05+00:00
[2025-05-22 03:27:36] WARNING: Reached stop point at tweet from 2025-05-12 06:54:05+00:00
[2025-05-22 03:27:36] WARNING: Retrieved 0 new tweets on page 1
[2025-05-22 03:27:36] WARNING: Stopping pagination as we've reached the stop point
[2025-05-22 03:27:36] WARNING: Retrieved a total of 0 tweets across 1 pages
[2025-05-22 03:27:36] WARNING: No new tweets found with trust commands. Exiting without error.
[2025-05-22 03:27:36] WARNING: Collection complete!
[2025-05-22 03:27:36] WARNING: - 0 trust assignments processed
[2025-05-22 03:27:36] WARNING: - 2 users in trust network
[2025-05-22 03:27:36] WARNING: - 31 total trust relationships
[2025-05-22 03:37:35] WARNING: === Starting Twitter Trust System Collection ===
[2025-05-22 03:37:35] WARNING: Will collect tweets until reaching previous timestamp: 2025-05-12 06:54:05+00:00
[2025-05-22 03:37:35] WARNING: Retrieving page 1...
[2025-05-22 03:37:37] WARNING: Newest tweet is from: 2025-05-12 06:54:05+00:00
[2025-05-22 03:37:37] WARNING: Reached stop point at tweet from 2025-05-12 06:54:05+00:00
[2025-05-22 03:37:37] WARNING: Retrieved 0 new tweets on page 1
[2025-05-22 03:37:37] WARNING: Stopping pagination as we've reached the stop point
[2025-05-22 03:37:37] WARNING: Retrieved a total of 0 tweets across 1 pages
[2025-05-22 03:37:37] WARNING: No new tweets found with trust commands. Exiting without error.
[2025-05-22 03:37:37] WARNING: Collection complete!
[2025-05-22 03:37:37] WARNING: - 0 trust assignments processed
[2025-05-22 03:37:37] WARNING: - 2 users in trust network
[2025-05-22 03:37:37] WARNING: - 31 total trust relationships
[2025-05-22 03:47:34] WARNING: === Starting Twitter Trust System Collection ===
[2025-05-22 03:47:34] WARNING: Will collect tweets until reaching previous timestamp: 2025-05-12 06:54:05+00:00
[2025-05-22 03:47:34] WARNING: Retrieving page 1...
[2025-05-22 03:47:36] WARNING: Newest tweet is from: 2025-05-12 06:54:05+00:00
[2025-05-22 03:47:36] WARNING: Reached stop point at tweet from 2025-05-12 06:54:05+00:00
[2025-05-22 03:47:36] WARNING: Retrieved 0 new tweets on page 1
[2025-05-22 03:47:36] WARNING: Stopping pagination as we've reached the stop point
[2025-05-22 03:47:36] WARNING: Retrieved a total of 0 tweets across 1 pages
[2025-05-22 03:47:36] WARNING: No new tweets found with trust commands. Exiting without error.
[2025-05-22 03:47:36] WARNING: Collection complete!
[2025-05-22 03:47:36] WARNING: - 0 trust assignments processed
[2025-05-22 03:47:36] WARNING: - 2 users in trust network
[2025-05-22 03:47:36] WARNING: - 31 total trust relationships
[2025-05-22 03:57:35] WARNING: === Starting Twitter Trust System Collection ===
[2025-05-22 03:57:35] WARNING: Will collect tweets until reaching previous timestamp: 2025-05-12 06:54:05+00:00
[2025-05-22 03:57:35] WARNING: Retrieving page 1...
[2025-05-22 03:57:37] WARNING: Newest tweet is from: 2025-05-12 06:54:05+00:00
[2025-05-22 03:57:37] WARNING: Reached stop point at tweet from 2025-05-12 06:54:05+00:00
[2025-05-22 03:57:37] WARNING: Retrieved 0 new tweets on page 1
[2025-05-22 03:57:37] WARNING: Stopping pagination as we've reached the stop point
[2025-05-22 03:57:37] WARNING: Retrieved a total of 0 tweets across 1 pages
[2025-05-22 03:57:37] WARNING: No new tweets found with trust commands. Exiting without error.
[2025-05-22 03:57:37] WARNING: Collection complete!
[2025-05-22 03:57:37] WARNING: - 0 trust assignments processed
[2025-05-22 03:57:37] WARNING: - 2 users in trust network
[2025-05-22 03:57:37] WARNING: - 31 total trust relationships
[2025-05-22 04:07:35] WARNING: === Starting Twitter Trust System Collection ===
[2025-05-22 04:07:35] WARNING: Will collect tweets until reaching previous timestamp: 2025-05-12 06:54:05+00:00
[2025-05-22 04:07:35] WARNING: Retrieving page 1...
[2025-05-22 04:07:37] WARNING: Newest tweet is from: 2025-05-12 06:54:05+00:00
[2025-05-22 04:07:37] WARNING: Reached stop point at tweet from 2025-05-12 06:54:05+00:00
[2025-05-22 04:07:37] WARNING: Retrieved 0 new tweets on page 1
[2025-05-22 04:07:37] WARNING: Stopping pagination as we've reached the stop point
[2025-05-22 04:07:37] WARNING: Retrieved a total of 0 tweets across 1 pages
[2025-05-22 04:07:37] WARNING: No new tweets found with trust commands. Exiting without error.
[2025-05-22 04:07:37] WARNING: Collection complete!
[2025-05-22 04:07:37] WARNING: - 0 trust assignments processed
[2025-05-22 04:07:37] WARNING: - 2 users in trust network
[2025-05-22 04:07:37] WARNING: - 31 total trust relationships
[2025-05-22 04:17:35] WARNING: === Starting Twitter Trust System Collection ===
[2025-05-22 04:17:35] WARNING: Will collect tweets until reaching previous timestamp: 2025-05-12 06:54:05+00:00
[2025-05-22 04:17:35] WARNING: Retrieving page 1...
[2025-05-22 04:17:36] WARNING: Newest tweet is from: 2025-05-12 06:54:05+00:00
[2025-05-22 04:17:36] WARNING: Reached stop point at tweet from 2025-05-12 06:54:05+00:00
[2025-05-22 04:17:36] WARNING: Retrieved 0 new tweets on page 1
[2025-05-22 04:17:36] WARNING: Stopping pagination as we've reached the stop point
[2025-05-22 04:17:36] WARNING: Retrieved a total of 0 tweets across 1 pages
[2025-05-22 04:17:36] WARNING: No new tweets found with trust commands. Exiting without error.
[2025-05-22 04:17:36] WARNING: Collection complete!
[2025-05-22 04:17:36] WARNING: - 0 trust assignments processed
[2025-05-22 04:17:36] WARNING: - 2 users in trust network
[2025-05-22 04:17:36] WARNING: - 31 total trust relationships
[2025-05-22 04:27:34] WARNING: === Starting Twitter Trust System Collection ===
[2025-05-22 04:27:34] WARNING: Will collect tweets until reaching previous timestamp: 2025-05-12 06:54:05+00:00
[2025-05-22 04:27:34] WARNING: Retrieving page 1...
[2025-05-22 04:27:36] WARNING: Newest tweet is from: 2025-05-12 06:54:05+00:00
[2025-05-22 04:27:36] WARNING: Reached stop point at tweet from 2025-05-12 06:54:05+00:00
[2025-05-22 04:27:36] WARNING: Retrieved 0 new tweets on page 1
[2025-05-22 04:27:36] WARNING: Stopping pagination as we've reached the stop point
[2025-05-22 04:27:36] WARNING: Retrieved a total of 0 tweets across 1 pages
[2025-05-22 04:27:36] WARNING: No new tweets found with trust commands. Exiting without error.
[2025-05-22 04:27:36] WARNING: Collection complete!
[2025-05-22 04:27:36] WARNING: - 0 trust assignments processed
[2025-05-22 04:27:36] WARNING: - 2 users in trust network
[2025-05-22 04:27:36] WARNING: - 31 total trust relationships
[2025-05-22 04:37:35] WARNING: === Starting Twitter Trust System Collection ===
[2025-05-22 04:37:35] WARNING: Will collect tweets until reaching previous timestamp: 2025-05-12 06:54:05+00:00
[2025-05-22 04:37:35] WARNING: Retrieving page 1...
[2025-05-22 04:37:36] WARNING: Newest tweet is from: 2025-05-12 06:54:05+00:00
[2025-05-22 04:37:36] WARNING: Reached stop point at tweet from 2025-05-12 06:54:05+00:00
[2025-05-22 04:37:36] WARNING: Retrieved 0 new tweets on page 1
[2025-05-22 04:37:36] WARNING: Stopping pagination as we've reached the stop point
[2025-05-22 04:37:36] WARNING: Retrieved a total of 0 tweets across 1 pages
[2025-05-22 04:37:36] WARNING: No new tweets found with trust commands. Exiting without error.
[2025-05-22 04:37:36] WARNING: Collection complete!
[2025-05-22 04:37:36] WARNING: - 0 trust assignments processed
[2025-05-22 04:37:36] WARNING: - 2 users in trust network
[2025-05-22 04:37:36] WARNING: - 31 total trust relationships
[2025-05-22 04:37:36] Calculating trust scores from collected data...
[2025-05-22 03:37:42] INFO: Community Community A (18 members): AskaPol_UAPs, ChrisUKSharp, DanHaug6, Eyes_OnTheSkies, FettucineSplit, GoodTroubleShow, Halsrethink, JeremyCorbell, JonMajerowski, LueElizondo, PTHellyer, SnakePo9, TheOfficialQF, g_knapp, jamescfox, jayanderson, rosscoulthart, ufobeliever1947
[2025-05-22 03:37:42] INFO: Community Community B (7 members): MiddleofMayhem, OSIRISUAP, ShipsSmall, cosmic_surplus, likeitmatters3, susangerbic, ufoskeptic1968
[2025-05-22 03:37:42] INFO: Community analysis written to community_analysis.txt
[2025-05-22 03:37:42] WARNING: Generating trust network visualization...
[2025-05-22 03:37:44] WARNING: Network visualization saved to visualization/trust_network.png
[2025-05-22 03:37:44] WARNING: Creating JSON data structure...
[2025-05-22 03:37:44] WARNING: Successfully generated js/data.js with:
[2025-05-22 03:37:44] WARNING: - 25 users
[2025-05-22 03:37:44] WARNING: - 31 trust relationships
[2025-05-22 03:37:44] WARNING: - 2 communities
[2025-05-22 03:37:44] WARNING: Trust calculation completed successfully.
[2025-05-22 03:47:41] WARNING: === Starting Trust Score Calculation ===
[2025-05-22 03:47:41] WARNING: Starting trust score calculation...
[2025-05-22 03:47:41] WARNING: Found 25 users in the trust network
[2025-05-22 03:47:41] WARNING: Building trust network graph...
[2025-05-22 03:47:41] WARNING: Calculating PageRank scores...
[2025-05-22 03:47:41] WARNING: Applying distrust penalties...
[2025-05-22 03:47:41] WARNING: Detecting communities...
[2025-05-22 03:47:41] WARNING: Found 8 isolated nodes to assign to communities
[2025-05-22 03:47:41] WARNING: Assigned isolated node Eyes_OnTheSkies to community 1 based on structural balance theory
[2025-05-22 03:47:41] WARNING: Assigned isolated node FettucineSplit to community 1 based on structural balance theory
[2025-05-22 03:47:41] WARNING: Assigned isolated node JonMajerowski to community 1 based on structural balance theory
[2025-05-22 03:47:41] WARNING: Assigned isolated node MiddleofMayhem to community 2 based on structural balance theory
[2025-05-22 03:47:41] WARNING: Assigned isolated node PTHellyer to community 1 based on structural balance theory
[2025-05-22 03:47:41] WARNING: Assigned isolated node SnakePo9 to community 1 based on structural balance theory
[2025-05-22 03:47:41] WARNING: Assigned isolated node jamescfox to community 1 based on structural balance theory
[2025-05-22 03:47:41] WARNING: Assigned isolated node likeitmatters3 to community 2 based on structural balance theory
[2025-05-22 03:47:41] INFO: Analyzing community composition...
[2025-05-22 03:47:41] INFO: Community Community A (18 members): AskaPol_UAPs, ChrisUKSharp, DanHaug6, Eyes_OnTheSkies, FettucineSplit, GoodTroubleShow, Halsrethink, JeremyCorbell, JonMajerowski, LueElizondo, PTHellyer, SnakePo9, TheOfficialQF, g_knapp, jamescfox, jayanderson, rosscoulthart, ufobeliever1947
[2025-05-22 03:47:41] INFO: Community Community B (7 members): MiddleofMayhem, OSIRISUAP, ShipsSmall, cosmic_surplus, likeitmatters3, susangerbic, ufoskeptic1968
[2025-05-22 03:47:41] INFO: Community analysis written to community_analysis.txt
[2025-05-22 03:47:41] WARNING: Generating trust network visualization...
[2025-05-22 03:47:42] WARNING: Network visualization saved to visualization/trust_network.png
[2025-05-22 03:47:42] WARNING: Creating JSON data structure...
[2025-05-22 03:47:42] WARNING: Successfully generated js/data.js with:
[2025-05-22 03:47:42] WARNING: - 25 users
[2025-05-22 03:47:42] WARNING: - 31 trust relationships
[2025-05-22 03:47:42] WARNING: - 2 communities
[2025-05-22 03:47:42] WARNING: Trust calculation completed successfully.
[2025-05-22 03:57:42] WARNING: === Starting Trust Score Calculation ===
[2025-05-22 03:57:42] WARNING: Starting trust score calculation...
[2025-05-22 03:57:42] WARNING: Found 25 users in the trust network
[2025-05-22 03:57:42] WARNING: Building trust network graph...
[2025-05-22 03:57:42] WARNING: Calculating PageRank scores...
[2025-05-22 03:57:42] WARNING: Applying distrust penalties...
[2025-05-22 03:57:42] WARNING: Detecting communities...
[2025-05-22 03:57:42] WARNING: Found 8 isolated nodes to assign to communities
[2025-05-22 03:57:42] WARNING: Assigned isolated node Eyes_OnTheSkies to community 1 based on structural balance theory
[2025-05-22 03:57:42] WARNING: Assigned isolated node FettucineSplit to community 1 based on structural balance theory
[2025-05-22 03:57:42] WARNING: Assigned isolated node JonMajerowski to community 1 based on structural balance theory
[2025-05-22 03:57:42] WARNING: Assigned isolated node MiddleofMayhem to community 2 based on structural balance theory
[2025-05-22 03:57:42] WARNING: Assigned isolated node PTHellyer to community 1 based on structural balance theory
[2025-05-22 03:57:42] WARNING: Assigned isolated node SnakePo9 to community 1 based on structural balance theory
[2025-05-22 03:57:42] WARNING: Assigned isolated node jamescfox to community 1 based on structural balance theory
[2025-05-22 03:57:42] WARNING: Assigned isolated node likeitmatters3 to community 2 based on structural balance theory
[2025-05-22 03:57:42] INFO: Analyzing community composition...
[2025-05-22 03:57:42] INFO: Community Community A (18 members): AskaPol_UAPs, ChrisUKSharp, DanHaug6, Eyes_OnTheSkies, FettucineSplit, GoodTroubleShow, Halsrethink, JeremyCorbell, JonMajerowski, LueElizondo, PTHellyer, SnakePo9, TheOfficialQF, g_knapp, jamescfox, jayanderson, rosscoulthart, ufobeliever1947
[2025-05-22 03:57:42] INFO: Community Community B (7 members): MiddleofMayhem, OSIRISUAP, ShipsSmall, cosmic_surplus, likeitmatters3, susangerbic, ufoskeptic1968
[2025-05-22 03:57:42] INFO: Community analysis written to community_analysis.txt
[2025-05-22 03:57:42] WARNING: Generating trust network visualization...
[2025-05-22 03:57:44] WARNING: Network visualization saved to visualization/trust_network.png
[2025-05-22 03:57:44] WARNING: Creating JSON data structure...
[2025-05-22 03:57:44] WARNING: Successfully generated js/data.js with:
[2025-05-22 03:57:44] WARNING: - 25 users
[2025-05-22 03:57:44] WARNING: - 31 trust relationships
[2025-05-22 03:57:44] WARNING: - 2 communities
[2025-05-22 03:57:44] WARNING: Trust calculation completed successfully.
[2025-05-22 04:07:42] WARNING: === Starting Trust Score Calculation ===
[2025-05-22 04:07:42] WARNING: Starting trust score calculation...
[2025-05-22 04:07:42] WARNING: Found 25 users in the trust network
[2025-05-22 04:07:42] WARNING: Building trust network graph...
[2025-05-22 04:07:42] WARNING: Calculating PageRank scores...
[2025-05-22 04:07:42] WARNING: Applying distrust penalties...
[2025-05-22 04:07:42] WARNING: Detecting communities...
[2025-05-22 04:07:42] WARNING: Found 8 isolated nodes to assign to communities
[2025-05-22 04:07:42] WARNING: Assigned isolated node Eyes_OnTheSkies to community 1 based on structural balance theory
[2025-05-22 04:07:42] WARNING: Assigned isolated node FettucineSplit to community 1 based on structural balance theory
[2025-05-22 04:07:42] WARNING: Assigned isolated node JonMajerowski to community 1 based on structural balance theory
[2025-05-22 04:07:42] WARNING: Assigned isolated node MiddleofMayhem to community 2 based on structural balance theory
[2025-05-22 04:07:42] WARNING: Assigned isolated node PTHellyer to community 1 based on structural balance theory
[2025-05-22 04:07:42] WARNING: Assigned isolated node SnakePo9 to community 1 based on structural balance theory
[2025-05-22 04:07:42] WARNING: Assigned isolated node jamescfox to community 1 based on structural balance theory
[2025-05-22 04:07:42] WARNING: Assigned isolated node likeitmatters3 to community 2 based on structural balance theory
[2025-05-22 04:07:42] INFO: Analyzing community composition...
[2025-05-22 04:07:42] INFO: Community Community A (18 members): AskaPol_UAPs, ChrisUKSharp, DanHaug6, Eyes_OnTheSkies, FettucineSplit, GoodTroubleShow, Halsrethink, JeremyCorbell, JonMajerowski, LueElizondo, PTHellyer, SnakePo9, TheOfficialQF, g_knapp, jamescfox, jayanderson, rosscoulthart, ufobeliever1947
[2025-05-22 04:07:42] INFO: Community Community B (7 members): MiddleofMayhem, OSIRISUAP, ShipsSmall, cosmic_surplus, likeitmatters3, susangerbic, ufoskeptic1968
[2025-05-22 04:07:42] INFO: Community analysis written to community_analysis.txt
[2025-05-22 04:07:42] WARNING: Generating trust network visualization...
[2025-05-22 04:07:43] WARNING: Network visualization saved to visualization/trust_network.png
[2025-05-22 04:07:43] WARNING: Creating JSON data structure...
[2025-05-22 04:07:43] WARNING: Successfully generated js/data.js with:
[2025-05-22 04:07:43] WARNING: - 25 users
[2025-05-22 04:07:43] WARNING: - 31 trust relationships
[2025-05-22 04:07:43] WARNING: - 2 communities
[2025-05-22 04:07:43] WARNING: Trust calculation completed successfully.
[2025-05-22 04:17:41] WARNING: === Starting Trust Score Calculation ===
[2025-05-22 04:17:41] WARNING: Starting trust score calculation...
[2025-05-22 04:17:41] WARNING: Found 25 users in the trust network
[2025-05-22 04:17:41] WARNING: Building trust network graph...
[2025-05-22 04:17:41] WARNING: Calculating PageRank scores...
[2025-05-22 04:17:41] WARNING: Applying distrust penalties...
[2025-05-22 04:17:41] WARNING: Detecting communities...
[2025-05-22 04:17:41] WARNING: Found 8 isolated nodes to assign to communities
[2025-05-22 04:17:41] WARNING: Assigned isolated node Eyes_OnTheSkies to community 1 based on structural balance theory
[2025-05-22 04:17:41] WARNING: Assigned isolated node FettucineSplit to community 1 based on structural balance theory
[2025-05-22 04:17:41] WARNING: Assigned isolated node JonMajerowski to community 1 based on structural balance theory
[2025-05-22 04:17:41] WARNING: Assigned isolated node MiddleofMayhem to community 2 based on structural balance theory
[2025-05-22 04:17:41] WARNING: Assigned isolated node PTHellyer to community 1 based on structural balance theory
[2025-05-22 04:17:41] WARNING: Assigned isolated node SnakePo9 to community 1 based on structural balance theory
[2025-05-22 04:17:41] WARNING: Assigned isolated node jamescfox to community 1 based on structural balance theory
[2025-05-22 04:17:41] WARNING: Assigned isolated node likeitmatters3 to community 2 based on structural balance theory
[2025-05-22 04:17:41] INFO: Analyzing community composition...
[2025-05-22 04:17:41] INFO: Community Community A (18 members): AskaPol_UAPs, ChrisUKSharp, DanHaug6, Eyes_OnTheSkies, FettucineSplit, GoodTroubleShow, Halsrethink, JeremyCorbell, JonMajerowski, LueElizondo, PTHellyer, SnakePo9, TheOfficialQF, g_knapp, jamescfox, jayanderson, rosscoulthart, ufobeliever1947
[2025-05-22 04:17:41] INFO: Community Community B (7 members): MiddleofMayhem, OSIRISUAP, ShipsSmall, cosmic_surplus, likeitmatters3, susangerbic, ufoskeptic1968
[2025-05-22 04:17:41] INFO: Community analysis written to community_analysis.txt
[2025-05-22 04:17:41] WARNING: Generating trust network visualization...
[2025-05-22 04:17:43] WARNING: Network visualization saved to visualization/trust_network.png
[2025-05-22 04:17:43] WARNING: Creating JSON data structure...
[2025-05-22 04:17:43] WARNING: Successfully generated js/data.js with:
[2025-05-22 04:17:43] WARNING: - 25 users
[2025-05-22 04:17:43] WARNING: - 31 trust relationships
[2025-05-22 04:17:43] WARNING: - 2 communities
[2025-05-22 04:17:43] WARNING: Trust calculation completed successfully.
[2025-05-22 04:27:41] WARNING: === Starting Trust Score Calculation ===
[2025-05-22 04:27:41] WARNING: Starting trust score calculation...
[2025-05-22 04:27:41] WARNING: Found 25 users in the trust network
[2025-05-22 04:27:41] WARNING: Building trust network graph...
[2025-05-22 04:27:41] WARNING: Calculating PageRank scores...
[2025-05-22 04:27:41] WARNING: Applying distrust penalties...
[2025-05-22 04:27:41] WARNING: Detecting communities...
[2025-05-22 04:27:41] WARNING: Found 8 isolated nodes to assign to communities
[2025-05-22 04:27:41] WARNING: Assigned isolated node Eyes_OnTheSkies to community 1 based on structural balance theory
[2025-05-22 04:27:41] WARNING: Assigned isolated node FettucineSplit to community 1 based on structural balance theory
[2025-05-22 04:27:41] WARNING: Assigned isolated node JonMajerowski to community 1 based on structural balance theory
[2025-05-22 04:27:41] WARNING: Assigned isolated node MiddleofMayhem to community 2 based on structural balance theory
[2025-05-22 04:27:41] WARNING: Assigned isolated node PTHellyer to community 1 based on structural balance theory
[2025-05-22 04:27:41] WARNING: Assigned isolated node SnakePo9 to community 1 based on structural balance theory
[2025-05-22 04:27:41] WARNING: Assigned isolated node jamescfox to community 1 based on structural balance theory
[2025-05-22 04:27:41] WARNING: Assigned isolated node likeitmatters3 to community 2 based on structural balance theory
[2025-05-22 04:27:41] INFO: Analyzing community composition...
[2025-05-22 04:27:41] INFO: Community Community A (18 members): AskaPol_UAPs, ChrisUKSharp, DanHaug6, Eyes_OnTheSkies, FettucineSplit, GoodTroubleShow, Halsrethink, JeremyCorbell, JonMajerowski, LueElizondo, PTHellyer, SnakePo9, TheOfficialQF, g_knapp, jamescfox, jayanderson, rosscoulthart, ufobeliever1947
[2025-05-22 04:27:41] INFO: Community Community B (7 members): MiddleofMayhem, OSIRISUAP, ShipsSmall, cosmic_surplus, likeitmatters3, susangerbic, ufoskeptic1968
[2025-05-22 04:27:41] INFO: Community analysis written to community_analysis.txt
[2025-05-22 04:27:41] WARNING: Generating trust network visualization...
[2025-05-22 04:27:43] WARNING: Network visualization saved to visualization/trust_network.png
[2025-05-22 04:27:43] WARNING: Creating JSON data structure...
[2025-05-22 04:27:43] WARNING: Successfully generated js/data.js with:
[2025-05-22 04:27:43] WARNING: - 25 users
[2025-05-22 04:27:43] WARNING: - 31 trust relationships
[2025-05-22 04:27:43] WARNING: - 2 communities
[2025-05-22 04:27:43] WARNING: Trust calculation completed successfully.
[2025-05-22 04:37:41] WARNING: === Starting Trust Score Calculation ===
[2025-05-22 04:37:41] WARNING: Starting trust score calculation...
[2025-05-22 04:37:41] WARNING: Found 25 users in the trust network
[2025-05-22 04:37:41] WARNING: Building trust network graph...
[2025-05-22 04:37:41] WARNING: Calculating PageRank scores...
[2025-05-22 04:37:41] WARNING: Applying distrust penalties...
[2025-05-22 04:37:41] WARNING: Detecting communities...
[2025-05-22 04:37:41] WARNING: Found 8 isolated nodes to assign to communities
[2025-05-22 04:37:41] WARNING: Assigned isolated node Eyes_OnTheSkies to community 1 based on structural balance theory
[2025-05-22 04:37:41] WARNING: Assigned isolated node FettucineSplit to community 1 based on structural balance theory
[2025-05-22 04:37:41] WARNING: Assigned isolated node JonMajerowski to community 1 based on structural balance theory
[2025-05-22 04:37:41] WARNING: Assigned isolated node MiddleofMayhem to community 2 based on structural balance theory
[2025-05-22 04:37:41] WARNING: Assigned isolated node PTHellyer to community 1 based on structural balance theory
[2025-05-22 04:37:41] WARNING: Assigned isolated node SnakePo9 to community 1 based on structural balance theory
[2025-05-22 04:37:41] WARNING: Assigned isolated node jamescfox to community 1 based on structural balance theory
[2025-05-22 04:37:41] WARNING: Assigned isolated node likeitmatters3 to community 2 based on structural balance theory
[2025-05-22 04:37:41] INFO: Analyzing community composition...
[2025-05-22 04:37:41] INFO: Community Community A (18 members): AskaPol_UAPs, ChrisUKSharp, DanHaug6, Eyes_OnTheSkies, FettucineSplit, GoodTroubleShow, Halsrethink, JeremyCorbell, JonMajerowski, LueElizondo, PTHellyer, SnakePo9, TheOfficialQF, g_knapp, jamescfox, jayanderson, rosscoulthart, ufobeliever1947
[2025-05-22 04:37:41] INFO: Community Community B (7 members): MiddleofMayhem, OSIRISUAP, ShipsSmall, cosmic_surplus, likeitmatters3, susangerbic, ufoskeptic1968
[2025-05-22 04:37:41] INFO: Community analysis written to community_analysis.txt
[2025-05-22 04:37:41] WARNING: Generating trust network visualization...
[2025-05-22 04:37:43] WARNING: Network visualization saved to visualization/trust_network.png
[2025-05-22 04:37:43] WARNING: Creating JSON data structure...
[2025-05-22 04:37:43] WARNING: Successfully generated js/data.js with:
[2025-05-22 04:37:43] WARNING: - 25 users
[2025-05-22 04:37:43] WARNING: - 31 trust relationships
[2025-05-22 04:37:43] WARNING: - 2 communities
[2025-05-22 04:37:43] WARNING: Trust calculation completed successfully.
[2025-05-22 04:37:44] Committing and pushing changes to GitHub...
