[2025-05-20 16:07:31] Starting Twitter Trust System update process...
[2025-05-20 16:07:31] Update frequency set to: 10 minutes
[2025-05-20 16:07:31] Collecting trust assignments from Twitter...
[2025-05-20 16:07:35] Warning: Trust assignments file not updated recently (last modified 05/11/2025 23:57:36)
[2025-05-19 20:57:35] WARNING: Reached stop point at tweet from 2025-05-12 06:54:05+00:00
[2025-05-19 20:57:35] WARNING: Retrieved 0 new tweets on page 1
[2025-05-19 20:57:35] WARNING: Stopping pagination as we've reached the stop point
[2025-05-19 20:57:35] WARNING: Retrieved a total of 0 tweets across 1 pages
[2025-05-19 20:57:35] WARNING: No new tweets found with trust commands. Exiting without error.
[2025-05-19 20:57:35] WARNING: Collection complete!
[2025-05-19 20:57:35] WARNING: - 0 trust assignments processed
[2025-05-19 20:57:35] WARNING: - 2 users in trust network
[2025-05-19 20:57:35] WARNING: - 31 total trust relationships
[2025-05-19 21:07:33] WARNING: === Starting Twitter Trust System Collection ===
[2025-05-19 21:07:33] WARNING: Will collect tweets until reaching previous timestamp: 2025-05-12 06:54:05+00:00
[2025-05-19 21:07:33] WARNING: Retrieving page 1...
[2025-05-19 21:07:36] WARNING: Newest tweet is from: 2025-05-12 06:54:05+00:00
[2025-05-19 21:07:36] WARNING: Reached stop point at tweet from 2025-05-12 06:54:05+00:00
[2025-05-19 21:07:36] WARNING: Retrieved 0 new tweets on page 1
[2025-05-19 21:07:36] WARNING: Stopping pagination as we've reached the stop point
[2025-05-19 21:07:36] WARNING: Retrieved a total of 0 tweets across 1 pages
[2025-05-19 21:07:36] WARNING: No new tweets found with trust commands. Exiting without error.
[2025-05-19 21:07:36] WARNING: Collection complete!
[2025-05-19 21:07:36] WARNING: - 0 trust assignments processed
[2025-05-19 21:07:36] WARNING: - 2 users in trust network
[2025-05-19 21:07:36] WARNING: - 31 total trust relationships
[2025-05-19 23:54:23] WARNING: === Starting Twitter Trust System Collection ===
[2025-05-19 23:54:23] WARNING: Will collect tweets until reaching previous timestamp: 2025-05-12 06:54:05+00:00
[2025-05-19 23:54:23] WARNING: Retrieving page 1...
[2025-05-19 23:54:24] WARNING: Newest tweet is from: 2025-05-12 06:54:05+00:00
[2025-05-19 23:54:24] WARNING: Reached stop point at tweet from 2025-05-12 06:54:05+00:00
[2025-05-19 23:54:24] WARNING: Retrieved 0 new tweets on page 1
[2025-05-19 23:54:24] WARNING: Stopping pagination as we've reached the stop point
[2025-05-19 23:54:24] WARNING: Retrieved a total of 0 tweets across 1 pages
[2025-05-19 23:54:24] WARNING: No new tweets found with trust commands. Exiting without error.
[2025-05-19 23:54:24] WARNING: Collection complete!
[2025-05-19 23:54:24] WARNING: - 0 trust assignments processed
[2025-05-19 23:54:24] WARNING: - 2 users in trust network
[2025-05-19 23:54:24] WARNING: - 31 total trust relationships
[2025-05-19 23:57:33] WARNING: === Starting Twitter Trust System Collection ===
[2025-05-19 23:57:33] WARNING: Will collect tweets until reaching previous timestamp: 2025-05-12 06:54:05+00:00
[2025-05-19 23:57:33] WARNING: Retrieving page 1...
[2025-05-19 23:57:34] WARNING: Newest tweet is from: 2025-05-12 06:54:05+00:00
[2025-05-19 23:57:34] WARNING: Reached stop point at tweet from 2025-05-12 06:54:05+00:00
[2025-05-19 23:57:34] WARNING: Retrieved 0 new tweets on page 1
[2025-05-19 23:57:34] WARNING: Stopping pagination as we've reached the stop point
[2025-05-19 23:57:34] WARNING: Retrieved a total of 0 tweets across 1 pages
[2025-05-19 23:57:34] WARNING: No new tweets found with trust commands. Exiting without error.
[2025-05-19 23:57:34] WARNING: Collection complete!
[2025-05-19 23:57:34] WARNING: - 0 trust assignments processed
[2025-05-19 23:57:34] WARNING: - 2 users in trust network
[2025-05-19 23:57:34] WARNING: - 31 total trust relationships
[2025-05-20 00:07:35] WARNING: === Starting Twitter Trust System Collection ===
[2025-05-20 00:07:35] WARNING: Will collect tweets until reaching previous timestamp: 2025-05-12 06:54:05+00:00
[2025-05-20 00:07:35] WARNING: Retrieving page 1...
[2025-05-20 00:07:37] WARNING: Newest tweet is from: 2025-05-12 06:54:05+00:00
[2025-05-20 00:07:37] WARNING: Reached stop point at tweet from 2025-05-12 06:54:05+00:00
[2025-05-20 00:07:37] WARNING: Retrieved 0 new tweets on page 1
[2025-05-20 00:07:37] WARNING: Stopping pagination as we've reached the stop point
[2025-05-20 00:07:37] WARNING: Retrieved a total of 0 tweets across 1 pages
[2025-05-20 00:07:37] WARNING: No new tweets found with trust commands. Exiting without error.
[2025-05-20 00:07:37] WARNING: Collection complete!
[2025-05-20 00:07:37] WARNING: - 0 trust assignments processed
[2025-05-20 00:07:37] WARNING: - 2 users in trust network
[2025-05-20 00:07:37] WARNING: - 31 total trust relationships
[2025-05-20 00:17:33] WARNING: === Starting Twitter Trust System Collection ===
[2025-05-20 00:17:33] WARNING: Will collect tweets until reaching previous timestamp: 2025-05-12 06:54:05+00:00
[2025-05-20 00:17:33] WARNING: Retrieving page 1...
[2025-05-20 00:17:36] WARNING: Newest tweet is from: 2025-05-12 06:54:05+00:00
[2025-05-20 00:17:36] WARNING: Reached stop point at tweet from 2025-05-12 06:54:05+00:00
[2025-05-20 00:17:36] WARNING: Retrieved 0 new tweets on page 1
[2025-05-20 00:17:36] WARNING: Stopping pagination as we've reached the stop point
[2025-05-20 00:17:36] WARNING: Retrieved a total of 0 tweets across 1 pages
[2025-05-20 00:17:36] WARNING: No new tweets found with trust commands. Exiting without error.
[2025-05-20 00:17:36] WARNING: Collection complete!
[2025-05-20 00:17:36] WARNING: - 0 trust assignments processed
[2025-05-20 00:17:36] WARNING: - 2 users in trust network
[2025-05-20 00:17:36] WARNING: - 31 total trust relationships
[2025-05-20 00:27:33] WARNING: === Starting Twitter Trust System Collection ===
[2025-05-20 00:27:33] WARNING: Will collect tweets until reaching previous timestamp: 2025-05-12 06:54:05+00:00
[2025-05-20 00:27:33] WARNING: Retrieving page 1...
[2025-05-20 00:27:35] WARNING: Newest tweet is from: 2025-05-12 06:54:05+00:00
[2025-05-20 00:27:35] WARNING: Reached stop point at tweet from 2025-05-12 06:54:05+00:00
[2025-05-20 00:27:35] WARNING: Retrieved 0 new tweets on page 1
[2025-05-20 00:27:35] WARNING: Stopping pagination as we've reached the stop point
[2025-05-20 00:27:35] WARNING: Retrieved a total of 0 tweets across 1 pages
[2025-05-20 00:27:35] WARNING: No new tweets found with trust commands. Exiting without error.
[2025-05-20 00:27:35] WARNING: Collection complete!
[2025-05-20 00:27:35] WARNING: - 0 trust assignments processed
[2025-05-20 00:27:35] WARNING: - 2 users in trust network
[2025-05-20 00:27:35] WARNING: - 31 total trust relationships
[2025-05-20 00:37:33] WARNING: === Starting Twitter Trust System Collection ===
[2025-05-20 00:37:33] WARNING: Will collect tweets until reaching previous timestamp: 2025-05-12 06:54:05+00:00
[2025-05-20 00:37:33] WARNING: Retrieving page 1...
[2025-05-20 00:37:35] WARNING: Newest tweet is from: 2025-05-12 06:54:05+00:00
[2025-05-20 00:37:35] WARNING: Reached stop point at tweet from 2025-05-12 06:54:05+00:00
[2025-05-20 00:37:35] WARNING: Retrieved 0 new tweets on page 1
[2025-05-20 00:37:35] WARNING: Stopping pagination as we've reached the stop point
[2025-05-20 00:37:35] WARNING: Retrieved a total of 0 tweets across 1 pages
[2025-05-20 00:37:35] WARNING: No new tweets found with trust commands. Exiting without error.
[2025-05-20 00:37:35] WARNING: Collection complete!
[2025-05-20 00:37:35] WARNING: - 0 trust assignments processed
[2025-05-20 00:37:35] WARNING: - 2 users in trust network
[2025-05-20 00:37:35] WARNING: - 31 total trust relationships
[2025-05-20 00:47:33] WARNING: === Starting Twitter Trust System Collection ===
[2025-05-20 00:47:33] WARNING: Will collect tweets until reaching previous timestamp: 2025-05-12 06:54:05+00:00
[2025-05-20 00:47:33] WARNING: Retrieving page 1...
[2025-05-20 00:47:35] WARNING: Newest tweet is from: 2025-05-12 06:54:05+00:00
[2025-05-20 00:47:35] WARNING: Reached stop point at tweet from 2025-05-12 06:54:05+00:00
[2025-05-20 00:47:35] WARNING: Retrieved 0 new tweets on page 1
[2025-05-20 00:47:35] WARNING: Stopping pagination as we've reached the stop point
[2025-05-20 00:47:35] WARNING: Retrieved a total of 0 tweets across 1 pages
[2025-05-20 00:47:35] WARNING: No new tweets found with trust commands. Exiting without error.
[2025-05-20 00:47:35] WARNING: Collection complete!
[2025-05-20 00:47:35] WARNING: - 0 trust assignments processed
[2025-05-20 00:47:35] WARNING: - 2 users in trust network
[2025-05-20 00:47:35] WARNING: - 31 total trust relationships
[2025-05-20 00:57:33] WARNING: === Starting Twitter Trust System Collection ===
[2025-05-20 00:57:33] WARNING: Will collect tweets until reaching previous timestamp: 2025-05-12 06:54:05+00:00
[2025-05-20 00:57:33] WARNING: Retrieving page 1...
[2025-05-20 00:57:36] WARNING: Newest tweet is from: 2025-05-12 06:54:05+00:00
[2025-05-20 00:57:36] WARNING: Reached stop point at tweet from 2025-05-12 06:54:05+00:00
[2025-05-20 00:57:36] WARNING: Retrieved 0 new tweets on page 1
[2025-05-20 00:57:36] WARNING: Stopping pagination as we've reached the stop point
[2025-05-20 00:57:36] WARNING: Retrieved a total of 0 tweets across 1 pages
[2025-05-20 00:57:36] WARNING: No new tweets found with trust commands. Exiting without error.
[2025-05-20 00:57:36] WARNING: Collection complete!
[2025-05-20 00:57:36] WARNING: - 0 trust assignments processed
[2025-05-20 00:57:36] WARNING: - 2 users in trust network
[2025-05-20 00:57:36] WARNING: - 31 total trust relationships
[2025-05-20 01:07:33] WARNING: === Starting Twitter Trust System Collection ===
[2025-05-20 01:07:33] WARNING: Will collect tweets until reaching previous timestamp: 2025-05-12 06:54:05+00:00
[2025-05-20 01:07:33] WARNING: Retrieving page 1...
[2025-05-20 01:07:35] WARNING: Newest tweet is from: 2025-05-12 06:54:05+00:00
[2025-05-20 01:07:35] WARNING: Reached stop point at tweet from 2025-05-12 06:54:05+00:00
[2025-05-20 01:07:35] WARNING: Retrieved 0 new tweets on page 1
[2025-05-20 01:07:35] WARNING: Stopping pagination as we've reached the stop point
[2025-05-20 01:07:35] WARNING: Retrieved a total of 0 tweets across 1 pages
[2025-05-20 01:07:35] WARNING: No new tweets found with trust commands. Exiting without error.
[2025-05-20 01:07:35] WARNING: Collection complete!
[2025-05-20 01:07:35] WARNING: - 0 trust assignments processed
[2025-05-20 01:07:35] WARNING: - 2 users in trust network
[2025-05-20 01:07:35] WARNING: - 31 total trust relationships
[2025-05-20 01:17:33] WARNING: === Starting Twitter Trust System Collection ===
[2025-05-20 01:17:33] WARNING: Will collect tweets until reaching previous timestamp: 2025-05-12 06:54:05+00:00
[2025-05-20 01:17:33] WARNING: Retrieving page 1...
[2025-05-20 01:17:35] WARNING: Newest tweet is from: 2025-05-12 06:54:05+00:00
[2025-05-20 01:17:35] WARNING: Reached stop point at tweet from 2025-05-12 06:54:05+00:00
[2025-05-20 01:17:35] WARNING: Retrieved 0 new tweets on page 1
[2025-05-20 01:17:35] WARNING: Stopping pagination as we've reached the stop point
[2025-05-20 01:17:35] WARNING: Retrieved a total of 0 tweets across 1 pages
[2025-05-20 01:17:35] WARNING: No new tweets found with trust commands. Exiting without error.
[2025-05-20 01:17:35] WARNING: Collection complete!
[2025-05-20 01:17:35] WARNING: - 0 trust assignments processed
[2025-05-20 01:17:35] WARNING: - 2 users in trust network
[2025-05-20 01:17:35] WARNING: - 31 total trust relationships
[2025-05-20 01:27:33] WARNING: === Starting Twitter Trust System Collection ===
[2025-05-20 01:27:33] WARNING: Will collect tweets until reaching previous timestamp: 2025-05-12 06:54:05+00:00
[2025-05-20 01:27:33] WARNING: Retrieving page 1...
[2025-05-20 01:27:35] WARNING: Newest tweet is from: 2025-05-12 06:54:05+00:00
[2025-05-20 01:27:35] WARNING: Reached stop point at tweet from 2025-05-12 06:54:05+00:00
[2025-05-20 01:27:35] WARNING: Retrieved 0 new tweets on page 1
[2025-05-20 01:27:35] WARNING: Stopping pagination as we've reached the stop point
[2025-05-20 01:27:35] WARNING: Retrieved a total of 0 tweets across 1 pages
[2025-05-20 01:27:35] WARNING: No new tweets found with trust commands. Exiting without error.
[2025-05-20 01:27:35] WARNING: Collection complete!
[2025-05-20 01:27:35] WARNING: - 0 trust assignments processed
[2025-05-20 01:27:35] WARNING: - 2 users in trust network
[2025-05-20 01:27:35] WARNING: - 31 total trust relationships
[2025-05-20 01:37:33] WARNING: === Starting Twitter Trust System Collection ===
[2025-05-20 01:37:33] WARNING: Will collect tweets until reaching previous timestamp: 2025-05-12 06:54:05+00:00
[2025-05-20 01:37:33] WARNING: Retrieving page 1...
[2025-05-20 01:37:36] WARNING: Newest tweet is from: 2025-05-12 06:54:05+00:00
[2025-05-20 01:37:36] WARNING: Reached stop point at tweet from 2025-05-12 06:54:05+00:00
[2025-05-20 01:37:36] WARNING: Retrieved 0 new tweets on page 1
[2025-05-20 01:37:36] WARNING: Stopping pagination as we've reached the stop point
[2025-05-20 01:37:36] WARNING: Retrieved a total of 0 tweets across 1 pages
[2025-05-20 01:37:36] WARNING: No new tweets found with trust commands. Exiting without error.
[2025-05-20 01:37:36] WARNING: Collection complete!
[2025-05-20 01:37:36] WARNING: - 0 trust assignments processed
[2025-05-20 01:37:36] WARNING: - 2 users in trust network
[2025-05-20 01:37:36] WARNING: - 31 total trust relationships
[2025-05-20 01:47:33] WARNING: === Starting Twitter Trust System Collection ===
[2025-05-20 01:47:33] WARNING: Will collect tweets until reaching previous timestamp: 2025-05-12 06:54:05+00:00
[2025-05-20 01:47:33] WARNING: Retrieving page 1...
[2025-05-20 01:47:34] WARNING: Newest tweet is from: 2025-05-12 06:54:05+00:00
[2025-05-20 01:47:34] WARNING: Reached stop point at tweet from 2025-05-12 06:54:05+00:00
[2025-05-20 01:47:34] WARNING: Retrieved 0 new tweets on page 1
[2025-05-20 01:47:34] WARNING: Stopping pagination as we've reached the stop point
[2025-05-20 01:47:34] WARNING: Retrieved a total of 0 tweets across 1 pages
[2025-05-20 01:47:34] WARNING: No new tweets found with trust commands. Exiting without error.
[2025-05-20 01:47:34] WARNING: Collection complete!
[2025-05-20 01:47:34] WARNING: - 0 trust assignments processed
[2025-05-20 01:47:34] WARNING: - 2 users in trust network
[2025-05-20 01:47:34] WARNING: - 31 total trust relationships
[2025-05-20 01:57:33] WARNING: === Starting Twitter Trust System Collection ===
[2025-05-20 01:57:33] WARNING: Will collect tweets until reaching previous timestamp: 2025-05-12 06:54:05+00:00
[2025-05-20 01:57:33] WARNING: Retrieving page 1...
[2025-05-20 01:57:35] WARNING: Newest tweet is from: 2025-05-12 06:54:05+00:00
[2025-05-20 01:57:35] WARNING: Reached stop point at tweet from 2025-05-12 06:54:05+00:00
[2025-05-20 01:57:35] WARNING: Retrieved 0 new tweets on page 1
[2025-05-20 01:57:35] WARNING: Stopping pagination as we've reached the stop point
[2025-05-20 01:57:35] WARNING: Retrieved a total of 0 tweets across 1 pages
[2025-05-20 01:57:35] WARNING: No new tweets found with trust commands. Exiting without error.
[2025-05-20 01:57:35] WARNING: Collection complete!
[2025-05-20 01:57:35] WARNING: - 0 trust assignments processed
[2025-05-20 01:57:35] WARNING: - 2 users in trust network
[2025-05-20 01:57:35] WARNING: - 31 total trust relationships
[2025-05-20 02:07:33] WARNING: === Starting Twitter Trust System Collection ===
[2025-05-20 02:07:33] WARNING: Will collect tweets until reaching previous timestamp: 2025-05-12 06:54:05+00:00
[2025-05-20 02:07:33] WARNING: Retrieving page 1...
[2025-05-20 02:07:35] WARNING: Newest tweet is from: 2025-05-12 06:54:05+00:00
[2025-05-20 02:07:35] WARNING: Reached stop point at tweet from 2025-05-12 06:54:05+00:00
[2025-05-20 02:07:35] WARNING: Retrieved 0 new tweets on page 1
[2025-05-20 02:07:35] WARNING: Stopping pagination as we've reached the stop point
[2025-05-20 02:07:35] WARNING: Retrieved a total of 0 tweets across 1 pages
[2025-05-20 02:07:35] WARNING: No new tweets found with trust commands. Exiting without error.
[2025-05-20 02:07:35] WARNING: Collection complete!
[2025-05-20 02:07:35] WARNING: - 0 trust assignments processed
[2025-05-20 02:07:35] WARNING: - 2 users in trust network
[2025-05-20 02:07:35] WARNING: - 31 total trust relationships
[2025-05-20 02:17:34] WARNING: === Starting Twitter Trust System Collection ===
[2025-05-20 02:17:34] WARNING: Will collect tweets until reaching previous timestamp: 2025-05-12 06:54:05+00:00
[2025-05-20 02:17:34] WARNING: Retrieving page 1...
[2025-05-20 02:17:36] WARNING: Newest tweet is from: 2025-05-12 06:54:05+00:00
[2025-05-20 02:17:36] WARNING: Reached stop point at tweet from 2025-05-12 06:54:05+00:00
[2025-05-20 02:17:36] WARNING: Retrieved 0 new tweets on page 1
[2025-05-20 02:17:36] WARNING: Stopping pagination as we've reached the stop point
[2025-05-20 02:17:36] WARNING: Retrieved a total of 0 tweets across 1 pages
[2025-05-20 02:17:36] WARNING: No new tweets found with trust commands. Exiting without error.
[2025-05-20 02:17:36] WARNING: Collection complete!
[2025-05-20 02:17:36] WARNING: - 0 trust assignments processed
[2025-05-20 02:17:36] WARNING: - 2 users in trust network
[2025-05-20 02:17:36] WARNING: - 31 total trust relationships
[2025-05-20 02:27:34] WARNING: === Starting Twitter Trust System Collection ===
[2025-05-20 02:27:34] WARNING: Will collect tweets until reaching previous timestamp: 2025-05-12 06:54:05+00:00
[2025-05-20 02:27:34] WARNING: Retrieving page 1...
[2025-05-20 02:27:35] WARNING: Newest tweet is from: 2025-05-12 06:54:05+00:00
[2025-05-20 02:27:35] WARNING: Reached stop point at tweet from 2025-05-12 06:54:05+00:00
[2025-05-20 02:27:35] WARNING: Retrieved 0 new tweets on page 1
[2025-05-20 02:27:35] WARNING: Stopping pagination as we've reached the stop point
[2025-05-20 02:27:35] WARNING: Retrieved a total of 0 tweets across 1 pages
[2025-05-20 02:27:35] WARNING: No new tweets found with trust commands. Exiting without error.
[2025-05-20 02:27:35] WARNING: Collection complete!
[2025-05-20 02:27:35] WARNING: - 0 trust assignments processed
[2025-05-20 02:27:35] WARNING: - 2 users in trust network
[2025-05-20 02:27:35] WARNING: - 31 total trust relationships
[2025-05-20 02:37:33] WARNING: === Starting Twitter Trust System Collection ===
[2025-05-20 02:37:33] WARNING: Will collect tweets until reaching previous timestamp: 2025-05-12 06:54:05+00:00
[2025-05-20 02:37:33] WARNING: Retrieving page 1...
[2025-05-20 02:37:34] WARNING: Newest tweet is from: 2025-05-12 06:54:05+00:00
[2025-05-20 02:37:34] WARNING: Reached stop point at tweet from 2025-05-12 06:54:05+00:00
[2025-05-20 02:37:34] WARNING: Retrieved 0 new tweets on page 1
[2025-05-20 02:37:34] WARNING: Stopping pagination as we've reached the stop point
[2025-05-20 02:37:34] WARNING: Retrieved a total of 0 tweets across 1 pages
[2025-05-20 02:37:34] WARNING: No new tweets found with trust commands. Exiting without error.
[2025-05-20 02:37:34] WARNING: Collection complete!
[2025-05-20 02:37:34] WARNING: - 0 trust assignments processed
[2025-05-20 02:37:34] WARNING: - 2 users in trust network
[2025-05-20 02:37:34] WARNING: - 31 total trust relationships
[2025-05-20 02:47:33] WARNING: === Starting Twitter Trust System Collection ===
[2025-05-20 02:47:33] WARNING: Will collect tweets until reaching previous timestamp: 2025-05-12 06:54:05+00:00
[2025-05-20 02:47:33] WARNING: Retrieving page 1...
[2025-05-20 02:47:35] WARNING: Newest tweet is from: 2025-05-12 06:54:05+00:00
[2025-05-20 02:47:35] WARNING: Reached stop point at tweet from 2025-05-12 06:54:05+00:00
[2025-05-20 02:47:35] WARNING: Retrieved 0 new tweets on page 1
[2025-05-20 02:47:35] WARNING: Stopping pagination as we've reached the stop point
[2025-05-20 02:47:35] WARNING: Retrieved a total of 0 tweets across 1 pages
[2025-05-20 02:47:35] WARNING: No new tweets found with trust commands. Exiting without error.
[2025-05-20 02:47:35] WARNING: Collection complete!
[2025-05-20 02:47:35] WARNING: - 0 trust assignments processed
[2025-05-20 02:47:35] WARNING: - 2 users in trust network
[2025-05-20 02:47:35] WARNING: - 31 total trust relationships
[2025-05-20 02:57:33] WARNING: === Starting Twitter Trust System Collection ===
[2025-05-20 02:57:33] WARNING: Will collect tweets until reaching previous timestamp: 2025-05-12 06:54:05+00:00
[2025-05-20 02:57:33] WARNING: Retrieving page 1...
[2025-05-20 02:57:35] WARNING: Newest tweet is from: 2025-05-12 06:54:05+00:00
[2025-05-20 02:57:35] WARNING: Reached stop point at tweet from 2025-05-12 06:54:05+00:00
[2025-05-20 02:57:35] WARNING: Retrieved 0 new tweets on page 1
[2025-05-20 02:57:35] WARNING: Stopping pagination as we've reached the stop point
[2025-05-20 02:57:35] WARNING: Retrieved a total of 0 tweets across 1 pages
[2025-05-20 02:57:35] WARNING: No new tweets found with trust commands. Exiting without error.
[2025-05-20 02:57:35] WARNING: Collection complete!
[2025-05-20 02:57:35] WARNING: - 0 trust assignments processed
[2025-05-20 02:57:35] WARNING: - 2 users in trust network
[2025-05-20 02:57:35] WARNING: - 31 total trust relationships
[2025-05-20 03:07:33] WARNING: === Starting Twitter Trust System Collection ===
[2025-05-20 03:07:33] WARNING: Will collect tweets until reaching previous timestamp: 2025-05-12 06:54:05+00:00
[2025-05-20 03:07:33] WARNING: Retrieving page 1...
[2025-05-20 03:07:34] WARNING: Newest tweet is from: 2025-05-12 06:54:05+00:00
[2025-05-20 03:07:34] WARNING: Reached stop point at tweet from 2025-05-12 06:54:05+00:00
[2025-05-20 03:07:34] WARNING: Retrieved 0 new tweets on page 1
[2025-05-20 03:07:34] WARNING: Stopping pagination as we've reached the stop point
[2025-05-20 03:07:34] WARNING: Retrieved a total of 0 tweets across 1 pages
[2025-05-20 03:07:34] WARNING: No new tweets found with trust commands. Exiting without error.
[2025-05-20 03:07:34] WARNING: Collection complete!
[2025-05-20 03:07:34] WARNING: - 0 trust assignments processed
[2025-05-20 03:07:34] WARNING: - 2 users in trust network
[2025-05-20 03:07:34] WARNING: - 31 total trust relationships
[2025-05-20 03:17:33] WARNING: === Starting Twitter Trust System Collection ===
[2025-05-20 03:17:33] WARNING: Will collect tweets until reaching previous timestamp: 2025-05-12 06:54:05+00:00
[2025-05-20 03:17:33] WARNING: Retrieving page 1...
[2025-05-20 03:17:35] WARNING: Newest tweet is from: 2025-05-12 06:54:05+00:00
[2025-05-20 03:17:35] WARNING: Reached stop point at tweet from 2025-05-12 06:54:05+00:00
[2025-05-20 03:17:35] WARNING: Retrieved 0 new tweets on page 1
[2025-05-20 03:17:35] WARNING: Stopping pagination as we've reached the stop point
[2025-05-20 03:17:35] WARNING: Retrieved a total of 0 tweets across 1 pages
[2025-05-20 03:17:35] WARNING: No new tweets found with trust commands. Exiting without error.
[2025-05-20 03:17:35] WARNING: Collection complete!
[2025-05-20 03:17:35] WARNING: - 0 trust assignments processed
[2025-05-20 03:17:35] WARNING: - 2 users in trust network
[2025-05-20 03:17:35] WARNING: - 31 total trust relationships
[2025-05-20 03:27:33] WARNING: === Starting Twitter Trust System Collection ===
[2025-05-20 03:27:33] WARNING: Will collect tweets until reaching previous timestamp: 2025-05-12 06:54:05+00:00
[2025-05-20 03:27:33] WARNING: Retrieving page 1...
[2025-05-20 03:27:37] WARNING: Newest tweet is from: 2025-05-12 06:54:05+00:00
[2025-05-20 03:27:37] WARNING: Reached stop point at tweet from 2025-05-12 06:54:05+00:00
[2025-05-20 03:27:37] WARNING: Retrieved 0 new tweets on page 1
[2025-05-20 03:27:37] WARNING: Stopping pagination as we've reached the stop point
[2025-05-20 03:27:37] WARNING: Retrieved a total of 0 tweets across 1 pages
[2025-05-20 03:27:37] WARNING: No new tweets found with trust commands. Exiting without error.
[2025-05-20 03:27:37] WARNING: Collection complete!
[2025-05-20 03:27:37] WARNING: - 0 trust assignments processed
[2025-05-20 03:27:37] WARNING: - 2 users in trust network
[2025-05-20 03:27:37] WARNING: - 31 total trust relationships
[2025-05-20 03:37:33] WARNING: === Starting Twitter Trust System Collection ===
[2025-05-20 03:37:33] WARNING: Will collect tweets until reaching previous timestamp: 2025-05-12 06:54:05+00:00
[2025-05-20 03:37:33] WARNING: Retrieving page 1...
[2025-05-20 03:37:35] WARNING: Newest tweet is from: 2025-05-12 06:54:05+00:00
[2025-05-20 03:37:35] WARNING: Reached stop point at tweet from 2025-05-12 06:54:05+00:00
[2025-05-20 03:37:35] WARNING: Retrieved 0 new tweets on page 1
[2025-05-20 03:37:35] WARNING: Stopping pagination as we've reached the stop point
[2025-05-20 03:37:35] WARNING: Retrieved a total of 0 tweets across 1 pages
[2025-05-20 03:37:35] WARNING: No new tweets found with trust commands. Exiting without error.
[2025-05-20 03:37:35] WARNING: Collection complete!
[2025-05-20 03:37:35] WARNING: - 0 trust assignments processed
[2025-05-20 03:37:35] WARNING: - 2 users in trust network
[2025-05-20 03:37:35] WARNING: - 31 total trust relationships
[2025-05-20 03:47:33] WARNING: === Starting Twitter Trust System Collection ===
[2025-05-20 03:47:33] WARNING: Will collect tweets until reaching previous timestamp: 2025-05-12 06:54:05+00:00
[2025-05-20 03:47:33] WARNING: Retrieving page 1...
[2025-05-20 03:47:35] WARNING: Newest tweet is from: 2025-05-12 06:54:05+00:00
[2025-05-20 03:47:35] WARNING: Reached stop point at tweet from 2025-05-12 06:54:05+00:00
[2025-05-20 03:47:35] WARNING: Retrieved 0 new tweets on page 1
[2025-05-20 03:47:35] WARNING: Stopping pagination as we've reached the stop point
[2025-05-20 03:47:35] WARNING: Retrieved a total of 0 tweets across 1 pages
[2025-05-20 03:47:35] WARNING: No new tweets found with trust commands. Exiting without error.
[2025-05-20 03:47:35] WARNING: Collection complete!
[2025-05-20 03:47:35] WARNING: - 0 trust assignments processed
[2025-05-20 03:47:35] WARNING: - 2 users in trust network
[2025-05-20 03:47:35] WARNING: - 31 total trust relationships
[2025-05-20 03:57:33] WARNING: === Starting Twitter Trust System Collection ===
[2025-05-20 03:57:33] WARNING: Will collect tweets until reaching previous timestamp: 2025-05-12 06:54:05+00:00
[2025-05-20 03:57:33] WARNING: Retrieving page 1...
[2025-05-20 03:57:35] WARNING: Newest tweet is from: 2025-05-12 06:54:05+00:00
[2025-05-20 03:57:35] WARNING: Reached stop point at tweet from 2025-05-12 06:54:05+00:00
[2025-05-20 03:57:35] WARNING: Retrieved 0 new tweets on page 1
[2025-05-20 03:57:35] WARNING: Stopping pagination as we've reached the stop point
[2025-05-20 03:57:35] WARNING: Retrieved a total of 0 tweets across 1 pages
[2025-05-20 03:57:35] WARNING: No new tweets found with trust commands. Exiting without error.
[2025-05-20 03:57:35] WARNING: Collection complete!
[2025-05-20 03:57:35] WARNING: - 0 trust assignments processed
[2025-05-20 03:57:35] WARNING: - 2 users in trust network
[2025-05-20 03:57:35] WARNING: - 31 total trust relationships
[2025-05-20 04:07:33] WARNING: === Starting Twitter Trust System Collection ===
[2025-05-20 04:07:33] WARNING: Will collect tweets until reaching previous timestamp: 2025-05-12 06:54:05+00:00
[2025-05-20 04:07:33] WARNING: Retrieving page 1...
[2025-05-20 04:07:34] WARNING: Newest tweet is from: 2025-05-12 06:54:05+00:00
[2025-05-20 04:07:34] WARNING: Reached stop point at tweet from 2025-05-12 06:54:05+00:00
[2025-05-20 04:07:34] WARNING: Retrieved 0 new tweets on page 1
[2025-05-20 04:07:34] WARNING: Stopping pagination as we've reached the stop point
[2025-05-20 04:07:34] WARNING: Retrieved a total of 0 tweets across 1 pages
[2025-05-20 04:07:34] WARNING: No new tweets found with trust commands. Exiting without error.
[2025-05-20 04:07:34] WARNING: Collection complete!
[2025-05-20 04:07:34] WARNING: - 0 trust assignments processed
[2025-05-20 04:07:34] WARNING: - 2 users in trust network
[2025-05-20 04:07:34] WARNING: - 31 total trust relationships
[2025-05-20 04:17:33] WARNING: === Starting Twitter Trust System Collection ===
[2025-05-20 04:17:33] WARNING: Will collect tweets until reaching previous timestamp: 2025-05-12 06:54:05+00:00
[2025-05-20 04:17:33] WARNING: Retrieving page 1...
[2025-05-20 04:17:35] WARNING: Newest tweet is from: 2025-05-12 06:54:05+00:00
[2025-05-20 04:17:35] WARNING: Reached stop point at tweet from 2025-05-12 06:54:05+00:00
[2025-05-20 04:17:35] WARNING: Retrieved 0 new tweets on page 1
[2025-05-20 04:17:35] WARNING: Stopping pagination as we've reached the stop point
[2025-05-20 04:17:35] WARNING: Retrieved a total of 0 tweets across 1 pages
[2025-05-20 04:17:35] WARNING: No new tweets found with trust commands. Exiting without error.
[2025-05-20 04:17:35] WARNING: Collection complete!
[2025-05-20 04:17:35] WARNING: - 0 trust assignments processed
[2025-05-20 04:17:35] WARNING: - 2 users in trust network
[2025-05-20 04:17:35] WARNING: - 31 total trust relationships
[2025-05-20 04:27:35] WARNING: === Starting Twitter Trust System Collection ===
[2025-05-20 04:27:35] WARNING: Will collect tweets until reaching previous timestamp: 2025-05-12 06:54:05+00:00
[2025-05-20 04:27:35] WARNING: Retrieving page 1...
[2025-05-20 04:27:36] WARNING: Newest tweet is from: 2025-05-12 06:54:05+00:00
[2025-05-20 04:27:36] WARNING: Reached stop point at tweet from 2025-05-12 06:54:05+00:00
[2025-05-20 04:27:36] WARNING: Retrieved 0 new tweets on page 1
[2025-05-20 04:27:36] WARNING: Stopping pagination as we've reached the stop point
[2025-05-20 04:27:36] WARNING: Retrieved a total of 0 tweets across 1 pages
[2025-05-20 04:27:36] WARNING: No new tweets found with trust commands. Exiting without error.
[2025-05-20 04:27:36] WARNING: Collection complete!
[2025-05-20 04:27:36] WARNING: - 0 trust assignments processed
[2025-05-20 04:27:36] WARNING: - 2 users in trust network
[2025-05-20 04:27:36] WARNING: - 31 total trust relationships
[2025-05-20 04:37:33] WARNING: === Starting Twitter Trust System Collection ===
[2025-05-20 04:37:33] WARNING: Will collect tweets until reaching previous timestamp: 2025-05-12 06:54:05+00:00
[2025-05-20 04:37:33] WARNING: Retrieving page 1...
[2025-05-20 04:37:35] WARNING: Newest tweet is from: 2025-05-12 06:54:05+00:00
[2025-05-20 04:37:35] WARNING: Reached stop point at tweet from 2025-05-12 06:54:05+00:00
[2025-05-20 04:37:35] WARNING: Retrieved 0 new tweets on page 1
[2025-05-20 04:37:35] WARNING: Stopping pagination as we've reached the stop point
[2025-05-20 04:37:35] WARNING: Retrieved a total of 0 tweets across 1 pages
[2025-05-20 04:37:35] WARNING: No new tweets found with trust commands. Exiting without error.
[2025-05-20 04:37:35] WARNING: Collection complete!
[2025-05-20 04:37:35] WARNING: - 0 trust assignments processed
[2025-05-20 04:37:35] WARNING: - 2 users in trust network
[2025-05-20 04:37:35] WARNING: - 31 total trust relationships
[2025-05-20 04:47:33] WARNING: === Starting Twitter Trust System Collection ===
[2025-05-20 04:47:33] WARNING: Will collect tweets until reaching previous timestamp: 2025-05-12 06:54:05+00:00
[2025-05-20 04:47:33] WARNING: Retrieving page 1...
[2025-05-20 04:47:35] WARNING: Newest tweet is from: 2025-05-12 06:54:05+00:00
[2025-05-20 04:47:35] WARNING: Reached stop point at tweet from 2025-05-12 06:54:05+00:00
[2025-05-20 04:47:35] WARNING: Retrieved 0 new tweets on page 1
[2025-05-20 04:47:35] WARNING: Stopping pagination as we've reached the stop point
[2025-05-20 04:47:35] WARNING: Retrieved a total of 0 tweets across 1 pages
[2025-05-20 04:47:35] WARNING: No new tweets found with trust commands. Exiting without error.
[2025-05-20 04:47:35] WARNING: Collection complete!
[2025-05-20 04:47:35] WARNING: - 0 trust assignments processed
[2025-05-20 04:47:35] WARNING: - 2 users in trust network
[2025-05-20 04:47:35] WARNING: - 31 total trust relationships
[2025-05-20 04:57:34] WARNING: === Starting Twitter Trust System Collection ===
[2025-05-20 04:57:34] WARNING: Will collect tweets until reaching previous timestamp: 2025-05-12 06:54:05+00:00
[2025-05-20 04:57:34] WARNING: Retrieving page 1...
[2025-05-20 04:57:36] WARNING: Newest tweet is from: 2025-05-12 06:54:05+00:00
[2025-05-20 04:57:36] WARNING: Reached stop point at tweet from 2025-05-12 06:54:05+00:00
[2025-05-20 04:57:36] WARNING: Retrieved 0 new tweets on page 1
[2025-05-20 04:57:36] WARNING: Stopping pagination as we've reached the stop point
[2025-05-20 04:57:36] WARNING: Retrieved a total of 0 tweets across 1 pages
[2025-05-20 04:57:36] WARNING: No new tweets found with trust commands. Exiting without error.
[2025-05-20 04:57:36] WARNING: Collection complete!
[2025-05-20 04:57:36] WARNING: - 0 trust assignments processed
[2025-05-20 04:57:36] WARNING: - 2 users in trust network
[2025-05-20 04:57:36] WARNING: - 31 total trust relationships
[2025-05-20 05:07:34] WARNING: === Starting Twitter Trust System Collection ===
[2025-05-20 05:07:34] WARNING: Will collect tweets until reaching previous timestamp: 2025-05-12 06:54:05+00:00
[2025-05-20 05:07:34] WARNING: Retrieving page 1...
[2025-05-20 05:07:35] WARNING: Newest tweet is from: 2025-05-12 06:54:05+00:00
[2025-05-20 05:07:35] WARNING: Reached stop point at tweet from 2025-05-12 06:54:05+00:00
[2025-05-20 05:07:35] WARNING: Retrieved 0 new tweets on page 1
[2025-05-20 05:07:35] WARNING: Stopping pagination as we've reached the stop point
[2025-05-20 05:07:35] WARNING: Retrieved a total of 0 tweets across 1 pages
[2025-05-20 05:07:35] WARNING: No new tweets found with trust commands. Exiting without error.
[2025-05-20 05:07:35] WARNING: Collection complete!
[2025-05-20 05:07:35] WARNING: - 0 trust assignments processed
[2025-05-20 05:07:35] WARNING: - 2 users in trust network
[2025-05-20 05:07:35] WARNING: - 31 total trust relationships
[2025-05-20 05:17:34] WARNING: === Starting Twitter Trust System Collection ===
[2025-05-20 05:17:34] WARNING: Will collect tweets until reaching previous timestamp: 2025-05-12 06:54:05+00:00
[2025-05-20 05:17:34] WARNING: Retrieving page 1...
[2025-05-20 05:17:38] WARNING: Newest tweet is from: 2025-05-12 06:54:05+00:00
[2025-05-20 05:17:38] WARNING: Reached stop point at tweet from 2025-05-12 06:54:05+00:00
[2025-05-20 05:17:38] WARNING: Retrieved 0 new tweets on page 1
[2025-05-20 05:17:38] WARNING: Stopping pagination as we've reached the stop point
[2025-05-20 05:17:38] WARNING: Retrieved a total of 0 tweets across 1 pages
[2025-05-20 05:17:38] WARNING: No new tweets found with trust commands. Exiting without error.
[2025-05-20 05:17:38] WARNING: Collection complete!
[2025-05-20 05:17:38] WARNING: - 0 trust assignments processed
[2025-05-20 05:17:38] WARNING: - 2 users in trust network
[2025-05-20 05:17:38] WARNING: - 31 total trust relationships
[2025-05-20 05:27:33] WARNING: === Starting Twitter Trust System Collection ===
[2025-05-20 05:27:33] WARNING: Will collect tweets until reaching previous timestamp: 2025-05-12 06:54:05+00:00
[2025-05-20 05:27:33] WARNING: Retrieving page 1...
[2025-05-20 05:28:01] WARNING: Newest tweet is from: 2025-05-12 06:54:05+00:00
[2025-05-20 05:28:01] WARNING: Reached stop point at tweet from 2025-05-12 06:54:05+00:00
[2025-05-20 05:28:01] WARNING: Retrieved 0 new tweets on page 1
[2025-05-20 05:28:01] WARNING: Stopping pagination as we've reached the stop point
[2025-05-20 05:28:01] WARNING: Retrieved a total of 0 tweets across 1 pages
[2025-05-20 05:28:01] WARNING: No new tweets found with trust commands. Exiting without error.
[2025-05-20 05:28:01] WARNING: Collection complete!
[2025-05-20 05:28:01] WARNING: - 0 trust assignments processed
[2025-05-20 05:28:01] WARNING: - 2 users in trust network
[2025-05-20 05:28:01] WARNING: - 31 total trust relationships
[2025-05-20 05:37:33] WARNING: === Starting Twitter Trust System Collection ===
[2025-05-20 05:37:33] WARNING: Will collect tweets until reaching previous timestamp: 2025-05-12 06:54:05+00:00
[2025-05-20 05:37:33] WARNING: Retrieving page 1...
[2025-05-20 05:37:35] WARNING: Newest tweet is from: 2025-05-12 06:54:05+00:00
[2025-05-20 05:37:35] WARNING: Reached stop point at tweet from 2025-05-12 06:54:05+00:00
[2025-05-20 05:37:35] WARNING: Retrieved 0 new tweets on page 1
[2025-05-20 05:37:35] WARNING: Stopping pagination as we've reached the stop point
[2025-05-20 05:37:35] WARNING: Retrieved a total of 0 tweets across 1 pages
[2025-05-20 05:37:35] WARNING: No new tweets found with trust commands. Exiting without error.
[2025-05-20 05:37:35] WARNING: Collection complete!
[2025-05-20 05:37:35] WARNING: - 0 trust assignments processed
[2025-05-20 05:37:35] WARNING: - 2 users in trust network
[2025-05-20 05:37:35] WARNING: - 31 total trust relationships
[2025-05-20 05:47:33] WARNING: === Starting Twitter Trust System Collection ===
[2025-05-20 05:47:33] WARNING: Will collect tweets until reaching previous timestamp: 2025-05-12 06:54:05+00:00
[2025-05-20 05:47:33] WARNING: Retrieving page 1...
[2025-05-20 05:47:35] WARNING: Newest tweet is from: 2025-05-12 06:54:05+00:00
[2025-05-20 05:47:35] WARNING: Reached stop point at tweet from 2025-05-12 06:54:05+00:00
[2025-05-20 05:47:35] WARNING: Retrieved 0 new tweets on page 1
[2025-05-20 05:47:35] WARNING: Stopping pagination as we've reached the stop point
[2025-05-20 05:47:35] WARNING: Retrieved a total of 0 tweets across 1 pages
[2025-05-20 05:47:35] WARNING: No new tweets found with trust commands. Exiting without error.
[2025-05-20 05:47:35] WARNING: Collection complete!
[2025-05-20 05:47:35] WARNING: - 0 trust assignments processed
[2025-05-20 05:47:35] WARNING: - 2 users in trust network
[2025-05-20 05:47:35] WARNING: - 31 total trust relationships
[2025-05-20 05:57:33] WARNING: === Starting Twitter Trust System Collection ===
[2025-05-20 05:57:33] WARNING: Will collect tweets until reaching previous timestamp: 2025-05-12 06:54:05+00:00
[2025-05-20 05:57:33] WARNING: Retrieving page 1...
[2025-05-20 05:57:36] WARNING: Newest tweet is from: 2025-05-12 06:54:05+00:00
[2025-05-20 05:57:36] WARNING: Reached stop point at tweet from 2025-05-12 06:54:05+00:00
[2025-05-20 05:57:36] WARNING: Retrieved 0 new tweets on page 1
[2025-05-20 05:57:36] WARNING: Stopping pagination as we've reached the stop point
[2025-05-20 05:57:36] WARNING: Retrieved a total of 0 tweets across 1 pages
[2025-05-20 05:57:36] WARNING: No new tweets found with trust commands. Exiting without error.
[2025-05-20 05:57:36] WARNING: Collection complete!
[2025-05-20 05:57:36] WARNING: - 0 trust assignments processed
[2025-05-20 05:57:36] WARNING: - 2 users in trust network
[2025-05-20 05:57:36] WARNING: - 31 total trust relationships
[2025-05-20 06:07:34] WARNING: === Starting Twitter Trust System Collection ===
[2025-05-20 06:07:34] WARNING: Will collect tweets until reaching previous timestamp: 2025-05-12 06:54:05+00:00
[2025-05-20 06:07:34] WARNING: Retrieving page 1...
[2025-05-20 06:07:37] WARNING: Newest tweet is from: 2025-05-12 06:54:05+00:00
[2025-05-20 06:07:37] WARNING: Reached stop point at tweet from 2025-05-12 06:54:05+00:00
[2025-05-20 06:07:37] WARNING: Retrieved 0 new tweets on page 1
[2025-05-20 06:07:37] WARNING: Stopping pagination as we've reached the stop point
[2025-05-20 06:07:37] WARNING: Retrieved a total of 0 tweets across 1 pages
[2025-05-20 06:07:37] WARNING: No new tweets found with trust commands. Exiting without error.
[2025-05-20 06:07:37] WARNING: Collection complete!
[2025-05-20 06:07:37] WARNING: - 0 trust assignments processed
[2025-05-20 06:07:37] WARNING: - 2 users in trust network
[2025-05-20 06:07:37] WARNING: - 31 total trust relationships
[2025-05-20 06:17:33] WARNING: === Starting Twitter Trust System Collection ===
[2025-05-20 06:17:33] WARNING: Will collect tweets until reaching previous timestamp: 2025-05-12 06:54:05+00:00
[2025-05-20 06:17:33] WARNING: Retrieving page 1...
[2025-05-20 06:17:35] WARNING: Newest tweet is from: 2025-05-12 06:54:05+00:00
[2025-05-20 06:17:35] WARNING: Reached stop point at tweet from 2025-05-12 06:54:05+00:00
[2025-05-20 06:17:35] WARNING: Retrieved 0 new tweets on page 1
[2025-05-20 06:17:35] WARNING: Stopping pagination as we've reached the stop point
[2025-05-20 06:17:35] WARNING: Retrieved a total of 0 tweets across 1 pages
[2025-05-20 06:17:35] WARNING: No new tweets found with trust commands. Exiting without error.
[2025-05-20 06:17:35] WARNING: Collection complete!
[2025-05-20 06:17:35] WARNING: - 0 trust assignments processed
[2025-05-20 06:17:35] WARNING: - 2 users in trust network
[2025-05-20 06:17:35] WARNING: - 31 total trust relationships
[2025-05-20 06:27:35] WARNING: === Starting Twitter Trust System Collection ===
[2025-05-20 06:27:35] WARNING: Will collect tweets until reaching previous timestamp: 2025-05-12 06:54:05+00:00
[2025-05-20 06:27:35] WARNING: Retrieving page 1...
[2025-05-20 06:27:36] WARNING: Newest tweet is from: 2025-05-12 06:54:05+00:00
[2025-05-20 06:27:36] WARNING: Reached stop point at tweet from 2025-05-12 06:54:05+00:00
[2025-05-20 06:27:36] WARNING: Retrieved 0 new tweets on page 1
[2025-05-20 06:27:36] WARNING: Stopping pagination as we've reached the stop point
[2025-05-20 06:27:36] WARNING: Retrieved a total of 0 tweets across 1 pages
[2025-05-20 06:27:36] WARNING: No new tweets found with trust commands. Exiting without error.
[2025-05-20 06:27:36] WARNING: Collection complete!
[2025-05-20 06:27:36] WARNING: - 0 trust assignments processed
[2025-05-20 06:27:36] WARNING: - 2 users in trust network
[2025-05-20 06:27:36] WARNING: - 31 total trust relationships
[2025-05-20 06:37:33] WARNING: === Starting Twitter Trust System Collection ===
[2025-05-20 06:37:33] WARNING: Will collect tweets until reaching previous timestamp: 2025-05-12 06:54:05+00:00
[2025-05-20 06:37:33] WARNING: Retrieving page 1...
[2025-05-20 06:37:35] WARNING: Newest tweet is from: 2025-05-12 06:54:05+00:00
[2025-05-20 06:37:35] WARNING: Reached stop point at tweet from 2025-05-12 06:54:05+00:00
[2025-05-20 06:37:35] WARNING: Retrieved 0 new tweets on page 1
[2025-05-20 06:37:35] WARNING: Stopping pagination as we've reached the stop point
[2025-05-20 06:37:35] WARNING: Retrieved a total of 0 tweets across 1 pages
[2025-05-20 06:37:35] WARNING: No new tweets found with trust commands. Exiting without error.
[2025-05-20 06:37:35] WARNING: Collection complete!
[2025-05-20 06:37:35] WARNING: - 0 trust assignments processed
[2025-05-20 06:37:35] WARNING: - 2 users in trust network
[2025-05-20 06:37:35] WARNING: - 31 total trust relationships
[2025-05-20 06:47:33] WARNING: === Starting Twitter Trust System Collection ===
[2025-05-20 06:47:33] WARNING: Will collect tweets until reaching previous timestamp: 2025-05-12 06:54:05+00:00
[2025-05-20 06:47:33] WARNING: Retrieving page 1...
[2025-05-20 06:47:36] WARNING: Newest tweet is from: 2025-05-12 06:54:05+00:00
[2025-05-20 06:47:36] WARNING: Reached stop point at tweet from 2025-05-12 06:54:05+00:00
[2025-05-20 06:47:36] WARNING: Retrieved 0 new tweets on page 1
[2025-05-20 06:47:36] WARNING: Stopping pagination as we've reached the stop point
[2025-05-20 06:47:36] WARNING: Retrieved a total of 0 tweets across 1 pages
[2025-05-20 06:47:36] WARNING: No new tweets found with trust commands. Exiting without error.
[2025-05-20 06:47:36] WARNING: Collection complete!
[2025-05-20 06:47:36] WARNING: - 0 trust assignments processed
[2025-05-20 06:47:36] WARNING: - 2 users in trust network
[2025-05-20 06:47:36] WARNING: - 31 total trust relationships
[2025-05-20 06:57:39] WARNING: === Starting Twitter Trust System Collection ===
[2025-05-20 06:57:39] WARNING: Will collect tweets until reaching previous timestamp: 2025-05-12 06:54:05+00:00
[2025-05-20 06:57:39] WARNING: Retrieving page 1...
[2025-05-20 06:57:43] WARNING: Newest tweet is from: 2025-05-12 06:54:05+00:00
[2025-05-20 06:57:43] WARNING: Reached stop point at tweet from 2025-05-12 06:54:05+00:00
[2025-05-20 06:57:43] WARNING: Retrieved 0 new tweets on page 1
[2025-05-20 06:57:43] WARNING: Stopping pagination as we've reached the stop point
[2025-05-20 06:57:43] WARNING: Retrieved a total of 0 tweets across 1 pages
[2025-05-20 06:57:43] WARNING: No new tweets found with trust commands. Exiting without error.
[2025-05-20 06:57:43] WARNING: Collection complete!
[2025-05-20 06:57:43] WARNING: - 0 trust assignments processed
[2025-05-20 06:57:43] WARNING: - 2 users in trust network
[2025-05-20 06:57:43] WARNING: - 31 total trust relationships
[2025-05-20 07:07:34] WARNING: === Starting Twitter Trust System Collection ===
[2025-05-20 07:07:34] WARNING: Will collect tweets until reaching previous timestamp: 2025-05-12 06:54:05+00:00
[2025-05-20 07:07:34] WARNING: Retrieving page 1...
[2025-05-20 07:07:37] WARNING: Newest tweet is from: 2025-05-12 06:54:05+00:00
[2025-05-20 07:07:37] WARNING: Reached stop point at tweet from 2025-05-12 06:54:05+00:00
[2025-05-20 07:07:37] WARNING: Retrieved 0 new tweets on page 1
[2025-05-20 07:07:37] WARNING: Stopping pagination as we've reached the stop point
[2025-05-20 07:07:37] WARNING: Retrieved a total of 0 tweets across 1 pages
[2025-05-20 07:07:37] WARNING: No new tweets found with trust commands. Exiting without error.
[2025-05-20 07:07:37] WARNING: Collection complete!
[2025-05-20 07:07:37] WARNING: - 0 trust assignments processed
[2025-05-20 07:07:37] WARNING: - 2 users in trust network
[2025-05-20 07:07:37] WARNING: - 31 total trust relationships
[2025-05-20 15:45:30] WARNING: === Starting Twitter Trust System Collection ===
[2025-05-20 15:45:30] WARNING: Will collect tweets until reaching previous timestamp: 2025-05-12 06:54:05+00:00
[2025-05-20 15:45:30] WARNING: Retrieving page 1...
[2025-05-20 15:45:31] WARNING: Newest tweet is from: 2025-05-12 06:54:05+00:00
[2025-05-20 15:45:31] WARNING: Reached stop point at tweet from 2025-05-12 06:54:05+00:00
[2025-05-20 15:45:31] WARNING: Retrieved 0 new tweets on page 1
[2025-05-20 15:45:31] WARNING: Stopping pagination as we've reached the stop point
[2025-05-20 15:45:31] WARNING: Retrieved a total of 0 tweets across 1 pages
[2025-05-20 15:45:31] WARNING: No new tweets found with trust commands. Exiting without error.
[2025-05-20 15:45:31] WARNING: Collection complete!
[2025-05-20 15:45:31] WARNING: - 0 trust assignments processed
[2025-05-20 15:45:31] WARNING: - 2 users in trust network
[2025-05-20 15:45:31] WARNING: - 31 total trust relationships
[2025-05-20 15:47:33] WARNING: === Starting Twitter Trust System Collection ===
[2025-05-20 15:47:33] WARNING: Will collect tweets until reaching previous timestamp: 2025-05-12 06:54:05+00:00
[2025-05-20 15:47:33] WARNING: Retrieving page 1...
[2025-05-20 15:47:35] WARNING: Newest tweet is from: 2025-05-12 06:54:05+00:00
[2025-05-20 15:47:35] WARNING: Reached stop point at tweet from 2025-05-12 06:54:05+00:00
[2025-05-20 15:47:35] WARNING: Retrieved 0 new tweets on page 1
[2025-05-20 15:47:35] WARNING: Stopping pagination as we've reached the stop point
[2025-05-20 15:47:35] WARNING: Retrieved a total of 0 tweets across 1 pages
[2025-05-20 15:47:35] WARNING: No new tweets found with trust commands. Exiting without error.
[2025-05-20 15:47:35] WARNING: Collection complete!
[2025-05-20 15:47:35] WARNING: - 0 trust assignments processed
[2025-05-20 15:47:35] WARNING: - 2 users in trust network
[2025-05-20 15:47:35] WARNING: - 31 total trust relationships
[2025-05-20 15:57:33] WARNING: === Starting Twitter Trust System Collection ===
[2025-05-20 15:57:33] WARNING: Will collect tweets until reaching previous timestamp: 2025-05-12 06:54:05+00:00
[2025-05-20 15:57:33] WARNING: Retrieving page 1...
[2025-05-20 15:57:34] WARNING: Newest tweet is from: 2025-05-12 06:54:05+00:00
[2025-05-20 15:57:34] WARNING: Reached stop point at tweet from 2025-05-12 06:54:05+00:00
[2025-05-20 15:57:34] WARNING: Retrieved 0 new tweets on page 1
[2025-05-20 15:57:34] WARNING: Stopping pagination as we've reached the stop point
[2025-05-20 15:57:34] WARNING: Retrieved a total of 0 tweets across 1 pages
[2025-05-20 15:57:34] WARNING: No new tweets found with trust commands. Exiting without error.
[2025-05-20 15:57:34] WARNING: Collection complete!
[2025-05-20 15:57:34] WARNING: - 0 trust assignments processed
[2025-05-20 15:57:34] WARNING: - 2 users in trust network
[2025-05-20 15:57:34] WARNING: - 31 total trust relationships
[2025-05-20 16:07:33] WARNING: === Starting Twitter Trust System Collection ===
[2025-05-20 16:07:33] WARNING: Will collect tweets until reaching previous timestamp: 2025-05-12 06:54:05+00:00
[2025-05-20 16:07:33] WARNING: Retrieving page 1...
[2025-05-20 16:07:34] WARNING: Newest tweet is from: 2025-05-12 06:54:05+00:00
[2025-05-20 16:07:34] WARNING: Reached stop point at tweet from 2025-05-12 06:54:05+00:00
[2025-05-20 16:07:34] WARNING: Retrieved 0 new tweets on page 1
[2025-05-20 16:07:34] WARNING: Stopping pagination as we've reached the stop point
[2025-05-20 16:07:34] WARNING: Retrieved a total of 0 tweets across 1 pages
[2025-05-20 16:07:34] WARNING: No new tweets found with trust commands. Exiting without error.
[2025-05-20 16:07:34] WARNING: Collection complete!
[2025-05-20 16:07:34] WARNING: - 0 trust assignments processed
[2025-05-20 16:07:34] WARNING: - 2 users in trust network
[2025-05-20 16:07:34] WARNING: - 31 total trust relationships
[2025-05-20 16:07:35] Calculating trust scores from collected data...
[2025-05-20 06:47:39] INFO: Community Community A (18 members): AskaPol_UAPs, ChrisUKSharp, DanHaug6, Eyes_OnTheSkies, FettucineSplit, GoodTroubleShow, Halsrethink, JeremyCorbell, JonMajerowski, LueElizondo, PTHellyer, SnakePo9, TheOfficialQF, g_knapp, jamescfox, jayanderson, rosscoulthart, ufobeliever1947
[2025-05-20 06:47:39] INFO: Community Community B (7 members): MiddleofMayhem, OSIRISUAP, ShipsSmall, cosmic_surplus, likeitmatters3, susangerbic, ufoskeptic1968
[2025-05-20 06:47:39] INFO: Community analysis written to community_analysis.txt
[2025-05-20 06:47:39] WARNING: Generating trust network visualization...
[2025-05-20 06:47:40] WARNING: Network visualization saved to visualization/trust_network.png
[2025-05-20 06:47:40] WARNING: Creating JSON data structure...
[2025-05-20 06:47:40] WARNING: Successfully generated js/data.js with:
[2025-05-20 06:47:40] WARNING: - 25 users
[2025-05-20 06:47:40] WARNING: - 31 trust relationships
[2025-05-20 06:47:40] WARNING: - 2 communities
[2025-05-20 06:47:40] WARNING: Trust calculation completed successfully.
[2025-05-20 06:57:56] WARNING: === Starting Trust Score Calculation ===
[2025-05-20 06:57:56] WARNING: Starting trust score calculation...
[2025-05-20 06:57:56] WARNING: Found 25 users in the trust network
[2025-05-20 06:57:56] WARNING: Building trust network graph...
[2025-05-20 06:57:56] WARNING: Calculating PageRank scores...
[2025-05-20 06:57:56] WARNING: Applying distrust penalties...
[2025-05-20 06:57:56] WARNING: Detecting communities...
[2025-05-20 06:57:56] WARNING: Found 8 isolated nodes to assign to communities
[2025-05-20 06:57:56] WARNING: Assigned isolated node Eyes_OnTheSkies to community 1 based on structural balance theory
[2025-05-20 06:57:56] WARNING: Assigned isolated node FettucineSplit to community 1 based on structural balance theory
[2025-05-20 06:57:56] WARNING: Assigned isolated node JonMajerowski to community 1 based on structural balance theory
[2025-05-20 06:57:56] WARNING: Assigned isolated node MiddleofMayhem to community 2 based on structural balance theory
[2025-05-20 06:57:56] WARNING: Assigned isolated node PTHellyer to community 1 based on structural balance theory
[2025-05-20 06:57:56] WARNING: Assigned isolated node SnakePo9 to community 1 based on structural balance theory
[2025-05-20 06:57:56] WARNING: Assigned isolated node jamescfox to community 1 based on structural balance theory
[2025-05-20 06:57:56] WARNING: Assigned isolated node likeitmatters3 to community 2 based on structural balance theory
[2025-05-20 06:57:56] INFO: Analyzing community composition...
[2025-05-20 06:57:56] INFO: Community Community A (18 members): AskaPol_UAPs, ChrisUKSharp, DanHaug6, Eyes_OnTheSkies, FettucineSplit, GoodTroubleShow, Halsrethink, JeremyCorbell, JonMajerowski, LueElizondo, PTHellyer, SnakePo9, TheOfficialQF, g_knapp, jamescfox, jayanderson, rosscoulthart, ufobeliever1947
[2025-05-20 06:57:56] INFO: Community Community B (7 members): MiddleofMayhem, OSIRISUAP, ShipsSmall, cosmic_surplus, likeitmatters3, susangerbic, ufoskeptic1968
[2025-05-20 06:57:56] INFO: Community analysis written to community_analysis.txt
[2025-05-20 06:57:56] WARNING: Generating trust network visualization...
[2025-05-20 06:57:57] WARNING: Network visualization saved to visualization/trust_network.png
[2025-05-20 06:57:57] WARNING: Creating JSON data structure...
[2025-05-20 06:57:57] WARNING: Successfully generated js/data.js with:
[2025-05-20 06:57:57] WARNING: - 25 users
[2025-05-20 06:57:57] WARNING: - 31 trust relationships
[2025-05-20 06:57:57] WARNING: - 2 communities
[2025-05-20 06:57:57] WARNING: Trust calculation completed successfully.
[2025-05-20 07:07:41] WARNING: === Starting Trust Score Calculation ===
[2025-05-20 07:07:41] WARNING: Starting trust score calculation...
[2025-05-20 07:07:41] WARNING: Found 25 users in the trust network
[2025-05-20 07:07:41] WARNING: Building trust network graph...
[2025-05-20 07:07:41] WARNING: Calculating PageRank scores...
[2025-05-20 07:07:41] WARNING: Applying distrust penalties...
[2025-05-20 07:07:41] WARNING: Detecting communities...
[2025-05-20 07:07:41] WARNING: Found 8 isolated nodes to assign to communities
[2025-05-20 07:07:41] WARNING: Assigned isolated node Eyes_OnTheSkies to community 1 based on structural balance theory
[2025-05-20 07:07:41] WARNING: Assigned isolated node FettucineSplit to community 1 based on structural balance theory
[2025-05-20 07:07:41] WARNING: Assigned isolated node JonMajerowski to community 1 based on structural balance theory
[2025-05-20 07:07:41] WARNING: Assigned isolated node MiddleofMayhem to community 2 based on structural balance theory
[2025-05-20 07:07:41] WARNING: Assigned isolated node PTHellyer to community 1 based on structural balance theory
[2025-05-20 07:07:41] WARNING: Assigned isolated node SnakePo9 to community 1 based on structural balance theory
[2025-05-20 07:07:41] WARNING: Assigned isolated node jamescfox to community 1 based on structural balance theory
[2025-05-20 07:07:41] WARNING: Assigned isolated node likeitmatters3 to community 2 based on structural balance theory
[2025-05-20 07:07:41] INFO: Analyzing community composition...
[2025-05-20 07:07:41] INFO: Community Community A (18 members): AskaPol_UAPs, ChrisUKSharp, DanHaug6, Eyes_OnTheSkies, FettucineSplit, GoodTroubleShow, Halsrethink, JeremyCorbell, JonMajerowski, LueElizondo, PTHellyer, SnakePo9, TheOfficialQF, g_knapp, jamescfox, jayanderson, rosscoulthart, ufobeliever1947
[2025-05-20 07:07:41] INFO: Community Community B (7 members): MiddleofMayhem, OSIRISUAP, ShipsSmall, cosmic_surplus, likeitmatters3, susangerbic, ufoskeptic1968
[2025-05-20 07:07:41] INFO: Community analysis written to community_analysis.txt
[2025-05-20 07:07:41] WARNING: Generating trust network visualization...
[2025-05-20 07:07:42] WARNING: Network visualization saved to visualization/trust_network.png
[2025-05-20 07:07:42] WARNING: Creating JSON data structure...
[2025-05-20 07:07:42] WARNING: Successfully generated js/data.js with:
[2025-05-20 07:07:42] WARNING: - 25 users
[2025-05-20 07:07:42] WARNING: - 31 trust relationships
[2025-05-20 07:07:42] WARNING: - 2 communities
[2025-05-20 07:07:42] WARNING: Trust calculation completed successfully.
[2025-05-20 15:45:39] WARNING: === Starting Trust Score Calculation ===
[2025-05-20 15:45:39] WARNING: Starting trust score calculation...
[2025-05-20 15:45:39] WARNING: Found 25 users in the trust network
[2025-05-20 15:45:39] WARNING: Building trust network graph...
[2025-05-20 15:45:39] WARNING: Calculating PageRank scores...
[2025-05-20 15:45:39] WARNING: Applying distrust penalties...
[2025-05-20 15:45:39] WARNING: Detecting communities...
[2025-05-20 15:45:39] WARNING: Found 8 isolated nodes to assign to communities
[2025-05-20 15:45:39] WARNING: Assigned isolated node Eyes_OnTheSkies to community 1 based on structural balance theory
[2025-05-20 15:45:39] WARNING: Assigned isolated node FettucineSplit to community 1 based on structural balance theory
[2025-05-20 15:45:39] WARNING: Assigned isolated node JonMajerowski to community 1 based on structural balance theory
[2025-05-20 15:45:39] WARNING: Assigned isolated node MiddleofMayhem to community 2 based on structural balance theory
[2025-05-20 15:45:39] WARNING: Assigned isolated node PTHellyer to community 1 based on structural balance theory
[2025-05-20 15:45:39] WARNING: Assigned isolated node SnakePo9 to community 1 based on structural balance theory
[2025-05-20 15:45:39] WARNING: Assigned isolated node jamescfox to community 1 based on structural balance theory
[2025-05-20 15:45:39] WARNING: Assigned isolated node likeitmatters3 to community 2 based on structural balance theory
[2025-05-20 15:45:39] INFO: Analyzing community composition...
[2025-05-20 15:45:39] INFO: Community Community A (18 members): AskaPol_UAPs, ChrisUKSharp, DanHaug6, Eyes_OnTheSkies, FettucineSplit, GoodTroubleShow, Halsrethink, JeremyCorbell, JonMajerowski, LueElizondo, PTHellyer, SnakePo9, TheOfficialQF, g_knapp, jamescfox, jayanderson, rosscoulthart, ufobeliever1947
[2025-05-20 15:45:39] INFO: Community Community B (7 members): MiddleofMayhem, OSIRISUAP, ShipsSmall, cosmic_surplus, likeitmatters3, susangerbic, ufoskeptic1968
[2025-05-20 15:45:39] INFO: Community analysis written to community_analysis.txt
[2025-05-20 15:45:39] WARNING: Generating trust network visualization...
[2025-05-20 15:45:40] WARNING: Network visualization saved to visualization/trust_network.png
[2025-05-20 15:45:40] WARNING: Creating JSON data structure...
[2025-05-20 15:45:40] WARNING: Successfully generated js/data.js with:
[2025-05-20 15:45:40] WARNING: - 25 users
[2025-05-20 15:45:40] WARNING: - 31 trust relationships
[2025-05-20 15:45:40] WARNING: - 2 communities
[2025-05-20 15:45:40] WARNING: Trust calculation completed successfully.
[2025-05-20 15:47:39] WARNING: === Starting Trust Score Calculation ===
[2025-05-20 15:47:39] WARNING: Starting trust score calculation...
[2025-05-20 15:47:39] WARNING: Found 25 users in the trust network
[2025-05-20 15:47:39] WARNING: Building trust network graph...
[2025-05-20 15:47:39] WARNING: Calculating PageRank scores...
[2025-05-20 15:47:39] WARNING: Applying distrust penalties...
[2025-05-20 15:47:39] WARNING: Detecting communities...
[2025-05-20 15:47:39] WARNING: Found 8 isolated nodes to assign to communities
[2025-05-20 15:47:39] WARNING: Assigned isolated node Eyes_OnTheSkies to community 1 based on structural balance theory
[2025-05-20 15:47:39] WARNING: Assigned isolated node FettucineSplit to community 1 based on structural balance theory
[2025-05-20 15:47:39] WARNING: Assigned isolated node JonMajerowski to community 1 based on structural balance theory
[2025-05-20 15:47:39] WARNING: Assigned isolated node MiddleofMayhem to community 2 based on structural balance theory
[2025-05-20 15:47:39] WARNING: Assigned isolated node PTHellyer to community 1 based on structural balance theory
[2025-05-20 15:47:39] WARNING: Assigned isolated node SnakePo9 to community 1 based on structural balance theory
[2025-05-20 15:47:39] WARNING: Assigned isolated node jamescfox to community 1 based on structural balance theory
[2025-05-20 15:47:39] WARNING: Assigned isolated node likeitmatters3 to community 2 based on structural balance theory
[2025-05-20 15:47:39] INFO: Analyzing community composition...
[2025-05-20 15:47:39] INFO: Community Community A (18 members): AskaPol_UAPs, ChrisUKSharp, DanHaug6, Eyes_OnTheSkies, FettucineSplit, GoodTroubleShow, Halsrethink, JeremyCorbell, JonMajerowski, LueElizondo, PTHellyer, SnakePo9, TheOfficialQF, g_knapp, jamescfox, jayanderson, rosscoulthart, ufobeliever1947
[2025-05-20 15:47:39] INFO: Community Community B (7 members): MiddleofMayhem, OSIRISUAP, ShipsSmall, cosmic_surplus, likeitmatters3, susangerbic, ufoskeptic1968
[2025-05-20 15:47:39] INFO: Community analysis written to community_analysis.txt
[2025-05-20 15:47:39] WARNING: Generating trust network visualization...
[2025-05-20 15:47:39] WARNING: Network visualization saved to visualization/trust_network.png
[2025-05-20 15:47:39] WARNING: Creating JSON data structure...
[2025-05-20 15:47:39] WARNING: Successfully generated js/data.js with:
[2025-05-20 15:47:39] WARNING: - 25 users
[2025-05-20 15:47:39] WARNING: - 31 trust relationships
[2025-05-20 15:47:39] WARNING: - 2 communities
[2025-05-20 15:47:39] WARNING: Trust calculation completed successfully.
[2025-05-20 15:57:37] WARNING: === Starting Trust Score Calculation ===
[2025-05-20 15:57:37] WARNING: Starting trust score calculation...
[2025-05-20 15:57:37] WARNING: Found 25 users in the trust network
[2025-05-20 15:57:37] WARNING: Building trust network graph...
[2025-05-20 15:57:37] WARNING: Calculating PageRank scores...
[2025-05-20 15:57:37] WARNING: Applying distrust penalties...
[2025-05-20 15:57:37] WARNING: Detecting communities...
[2025-05-20 15:57:37] WARNING: Found 8 isolated nodes to assign to communities
[2025-05-20 15:57:37] WARNING: Assigned isolated node Eyes_OnTheSkies to community 1 based on structural balance theory
[2025-05-20 15:57:37] WARNING: Assigned isolated node FettucineSplit to community 1 based on structural balance theory
[2025-05-20 15:57:37] WARNING: Assigned isolated node JonMajerowski to community 1 based on structural balance theory
[2025-05-20 15:57:37] WARNING: Assigned isolated node MiddleofMayhem to community 2 based on structural balance theory
[2025-05-20 15:57:37] WARNING: Assigned isolated node PTHellyer to community 1 based on structural balance theory
[2025-05-20 15:57:37] WARNING: Assigned isolated node SnakePo9 to community 1 based on structural balance theory
[2025-05-20 15:57:37] WARNING: Assigned isolated node jamescfox to community 1 based on structural balance theory
[2025-05-20 15:57:37] WARNING: Assigned isolated node likeitmatters3 to community 2 based on structural balance theory
[2025-05-20 15:57:37] INFO: Analyzing community composition...
[2025-05-20 15:57:37] INFO: Community Community A (18 members): AskaPol_UAPs, ChrisUKSharp, DanHaug6, Eyes_OnTheSkies, FettucineSplit, GoodTroubleShow, Halsrethink, JeremyCorbell, JonMajerowski, LueElizondo, PTHellyer, SnakePo9, TheOfficialQF, g_knapp, jamescfox, jayanderson, rosscoulthart, ufobeliever1947
[2025-05-20 15:57:37] INFO: Community Community B (7 members): MiddleofMayhem, OSIRISUAP, ShipsSmall, cosmic_surplus, likeitmatters3, susangerbic, ufoskeptic1968
[2025-05-20 15:57:37] INFO: Community analysis written to community_analysis.txt
[2025-05-20 15:57:37] WARNING: Generating trust network visualization...
[2025-05-20 15:57:38] WARNING: Network visualization saved to visualization/trust_network.png
[2025-05-20 15:57:38] WARNING: Creating JSON data structure...
[2025-05-20 15:57:38] WARNING: Successfully generated js/data.js with:
[2025-05-20 15:57:38] WARNING: - 25 users
[2025-05-20 15:57:38] WARNING: - 31 trust relationships
[2025-05-20 15:57:38] WARNING: - 2 communities
[2025-05-20 15:57:38] WARNING: Trust calculation completed successfully.
[2025-05-20 16:07:38] WARNING: === Starting Trust Score Calculation ===
[2025-05-20 16:07:38] WARNING: Starting trust score calculation...
[2025-05-20 16:07:38] WARNING: Found 25 users in the trust network
[2025-05-20 16:07:38] WARNING: Building trust network graph...
[2025-05-20 16:07:38] WARNING: Calculating PageRank scores...
[2025-05-20 16:07:38] WARNING: Applying distrust penalties...
[2025-05-20 16:07:38] WARNING: Detecting communities...
[2025-05-20 16:07:38] WARNING: Found 8 isolated nodes to assign to communities
[2025-05-20 16:07:38] WARNING: Assigned isolated node Eyes_OnTheSkies to community 1 based on structural balance theory
[2025-05-20 16:07:38] WARNING: Assigned isolated node FettucineSplit to community 1 based on structural balance theory
[2025-05-20 16:07:38] WARNING: Assigned isolated node JonMajerowski to community 1 based on structural balance theory
[2025-05-20 16:07:38] WARNING: Assigned isolated node MiddleofMayhem to community 2 based on structural balance theory
[2025-05-20 16:07:38] WARNING: Assigned isolated node PTHellyer to community 1 based on structural balance theory
[2025-05-20 16:07:38] WARNING: Assigned isolated node SnakePo9 to community 1 based on structural balance theory
[2025-05-20 16:07:38] WARNING: Assigned isolated node jamescfox to community 1 based on structural balance theory
[2025-05-20 16:07:38] WARNING: Assigned isolated node likeitmatters3 to community 2 based on structural balance theory
[2025-05-20 16:07:38] INFO: Analyzing community composition...
[2025-05-20 16:07:38] INFO: Community Community A (18 members): AskaPol_UAPs, ChrisUKSharp, DanHaug6, Eyes_OnTheSkies, FettucineSplit, GoodTroubleShow, Halsrethink, JeremyCorbell, JonMajerowski, LueElizondo, PTHellyer, SnakePo9, TheOfficialQF, g_knapp, jamescfox, jayanderson, rosscoulthart, ufobeliever1947
[2025-05-20 16:07:38] INFO: Community Community B (7 members): MiddleofMayhem, OSIRISUAP, ShipsSmall, cosmic_surplus, likeitmatters3, susangerbic, ufoskeptic1968
[2025-05-20 16:07:38] INFO: Community analysis written to community_analysis.txt
[2025-05-20 16:07:38] WARNING: Generating trust network visualization...
[2025-05-20 16:07:38] WARNING: Network visualization saved to visualization/trust_network.png
[2025-05-20 16:07:38] WARNING: Creating JSON data structure...
[2025-05-20 16:07:38] WARNING: Successfully generated js/data.js with:
[2025-05-20 16:07:38] WARNING: - 25 users
[2025-05-20 16:07:38] WARNING: - 31 trust relationships
[2025-05-20 16:07:38] WARNING: - 2 communities
[2025-05-20 16:07:38] WARNING: Trust calculation completed successfully.
[2025-05-20 16:07:39] Committing and pushing changes to GitHub...
