[2025-05-15 21:57:32] Starting Twitter Trust System update process...
[2025-05-15 21:57:32] Update frequency set to: 10 minutes
[2025-05-15 21:57:32] Collecting trust assignments from Twitter...
[2025-05-15 21:57:35] Warning: Trust assignments file not updated recently (last modified 05/11/2025 23:57:36)
[2025-05-15 10:17:35] WARNING: Newest tweet is from: 2025-05-12 06:54:05+00:00
[2025-05-15 10:17:35] WARNING: Reached stop point at tweet from 2025-05-12 06:54:05+00:00
[2025-05-15 10:17:35] WARNING: Retrieved 0 new tweets on page 1
[2025-05-15 10:17:35] WARNING: Stopping pagination as we've reached the stop point
[2025-05-15 10:17:35] WARNING: Retrieved a total of 0 tweets across 1 pages
[2025-05-15 10:17:35] WARNING: No new tweets found with trust commands. Exiting without error.
[2025-05-15 10:17:35] WARNING: Collection complete!
[2025-05-15 10:17:35] WARNING: - 0 trust assignments processed
[2025-05-15 10:17:35] WARNING: - 2 users in trust network
[2025-05-15 10:17:35] WARNING: - 31 total trust relationships
[2025-05-15 10:27:33] WARNING: === Starting Twitter Trust System Collection ===
[2025-05-15 10:27:33] WARNING: Will collect tweets until reaching previous timestamp: 2025-05-12 06:54:05+00:00
[2025-05-15 10:27:33] WARNING: Retrieving page 1...
[2025-05-15 10:27:35] WARNING: Newest tweet is from: 2025-05-12 06:54:05+00:00
[2025-05-15 10:27:35] WARNING: Reached stop point at tweet from 2025-05-12 06:54:05+00:00
[2025-05-15 10:27:35] WARNING: Retrieved 0 new tweets on page 1
[2025-05-15 10:27:35] WARNING: Stopping pagination as we've reached the stop point
[2025-05-15 10:27:35] WARNING: Retrieved a total of 0 tweets across 1 pages
[2025-05-15 10:27:35] WARNING: No new tweets found with trust commands. Exiting without error.
[2025-05-15 10:27:35] WARNING: Collection complete!
[2025-05-15 10:27:35] WARNING: - 0 trust assignments processed
[2025-05-15 10:27:35] WARNING: - 2 users in trust network
[2025-05-15 10:27:35] WARNING: - 31 total trust relationships
[2025-05-15 10:37:33] WARNING: === Starting Twitter Trust System Collection ===
[2025-05-15 10:37:33] WARNING: Will collect tweets until reaching previous timestamp: 2025-05-12 06:54:05+00:00
[2025-05-15 10:37:33] WARNING: Retrieving page 1...
[2025-05-15 10:37:35] WARNING: Newest tweet is from: 2025-05-12 06:54:05+00:00
[2025-05-15 10:37:35] WARNING: Reached stop point at tweet from 2025-05-12 06:54:05+00:00
[2025-05-15 10:37:35] WARNING: Retrieved 0 new tweets on page 1
[2025-05-15 10:37:35] WARNING: Stopping pagination as we've reached the stop point
[2025-05-15 10:37:35] WARNING: Retrieved a total of 0 tweets across 1 pages
[2025-05-15 10:37:35] WARNING: No new tweets found with trust commands. Exiting without error.
[2025-05-15 10:37:35] WARNING: Collection complete!
[2025-05-15 10:37:35] WARNING: - 0 trust assignments processed
[2025-05-15 10:37:35] WARNING: - 2 users in trust network
[2025-05-15 10:37:35] WARNING: - 31 total trust relationships
[2025-05-15 10:47:33] WARNING: === Starting Twitter Trust System Collection ===
[2025-05-15 10:47:33] WARNING: Will collect tweets until reaching previous timestamp: 2025-05-12 06:54:05+00:00
[2025-05-15 10:47:33] WARNING: Retrieving page 1...
[2025-05-15 10:47:35] WARNING: Newest tweet is from: 2025-05-12 06:54:05+00:00
[2025-05-15 10:47:35] WARNING: Reached stop point at tweet from 2025-05-12 06:54:05+00:00
[2025-05-15 10:47:35] WARNING: Retrieved 0 new tweets on page 1
[2025-05-15 10:47:35] WARNING: Stopping pagination as we've reached the stop point
[2025-05-15 10:47:35] WARNING: Retrieved a total of 0 tweets across 1 pages
[2025-05-15 10:47:35] WARNING: No new tweets found with trust commands. Exiting without error.
[2025-05-15 10:47:35] WARNING: Collection complete!
[2025-05-15 10:47:35] WARNING: - 0 trust assignments processed
[2025-05-15 10:47:35] WARNING: - 2 users in trust network
[2025-05-15 10:47:35] WARNING: - 31 total trust relationships
[2025-05-15 10:57:33] WARNING: === Starting Twitter Trust System Collection ===
[2025-05-15 10:57:33] WARNING: Will collect tweets until reaching previous timestamp: 2025-05-12 06:54:05+00:00
[2025-05-15 10:57:33] WARNING: Retrieving page 1...
[2025-05-15 10:57:35] WARNING: Newest tweet is from: 2025-05-12 06:54:05+00:00
[2025-05-15 10:57:35] WARNING: Reached stop point at tweet from 2025-05-12 06:54:05+00:00
[2025-05-15 10:57:35] WARNING: Retrieved 0 new tweets on page 1
[2025-05-15 10:57:35] WARNING: Stopping pagination as we've reached the stop point
[2025-05-15 10:57:35] WARNING: Retrieved a total of 0 tweets across 1 pages
[2025-05-15 10:57:35] WARNING: No new tweets found with trust commands. Exiting without error.
[2025-05-15 10:57:35] WARNING: Collection complete!
[2025-05-15 10:57:35] WARNING: - 0 trust assignments processed
[2025-05-15 10:57:35] WARNING: - 2 users in trust network
[2025-05-15 10:57:35] WARNING: - 31 total trust relationships
[2025-05-15 11:07:33] WARNING: === Starting Twitter Trust System Collection ===
[2025-05-15 11:07:33] WARNING: Will collect tweets until reaching previous timestamp: 2025-05-12 06:54:05+00:00
[2025-05-15 11:07:33] WARNING: Retrieving page 1...
[2025-05-15 11:07:35] WARNING: Newest tweet is from: 2025-05-12 06:54:05+00:00
[2025-05-15 11:07:35] WARNING: Reached stop point at tweet from 2025-05-12 06:54:05+00:00
[2025-05-15 11:07:35] WARNING: Retrieved 0 new tweets on page 1
[2025-05-15 11:07:35] WARNING: Stopping pagination as we've reached the stop point
[2025-05-15 11:07:35] WARNING: Retrieved a total of 0 tweets across 1 pages
[2025-05-15 11:07:35] WARNING: No new tweets found with trust commands. Exiting without error.
[2025-05-15 11:07:35] WARNING: Collection complete!
[2025-05-15 11:07:35] WARNING: - 0 trust assignments processed
[2025-05-15 11:07:35] WARNING: - 2 users in trust network
[2025-05-15 11:07:35] WARNING: - 31 total trust relationships
[2025-05-15 11:17:33] WARNING: === Starting Twitter Trust System Collection ===
[2025-05-15 11:17:33] WARNING: Will collect tweets until reaching previous timestamp: 2025-05-12 06:54:05+00:00
[2025-05-15 11:17:33] WARNING: Retrieving page 1...
[2025-05-15 11:17:35] WARNING: Newest tweet is from: 2025-05-12 06:54:05+00:00
[2025-05-15 11:17:35] WARNING: Reached stop point at tweet from 2025-05-12 06:54:05+00:00
[2025-05-15 11:17:35] WARNING: Retrieved 0 new tweets on page 1
[2025-05-15 11:17:35] WARNING: Stopping pagination as we've reached the stop point
[2025-05-15 11:17:35] WARNING: Retrieved a total of 0 tweets across 1 pages
[2025-05-15 11:17:35] WARNING: No new tweets found with trust commands. Exiting without error.
[2025-05-15 11:17:35] WARNING: Collection complete!
[2025-05-15 11:17:35] WARNING: - 0 trust assignments processed
[2025-05-15 11:17:35] WARNING: - 2 users in trust network
[2025-05-15 11:17:35] WARNING: - 31 total trust relationships
[2025-05-15 11:27:33] WARNING: === Starting Twitter Trust System Collection ===
[2025-05-15 11:27:33] WARNING: Will collect tweets until reaching previous timestamp: 2025-05-12 06:54:05+00:00
[2025-05-15 11:27:33] WARNING: Retrieving page 1...
[2025-05-15 11:27:35] WARNING: Newest tweet is from: 2025-05-12 06:54:05+00:00
[2025-05-15 11:27:35] WARNING: Reached stop point at tweet from 2025-05-12 06:54:05+00:00
[2025-05-15 11:27:35] WARNING: Retrieved 0 new tweets on page 1
[2025-05-15 11:27:35] WARNING: Stopping pagination as we've reached the stop point
[2025-05-15 11:27:35] WARNING: Retrieved a total of 0 tweets across 1 pages
[2025-05-15 11:27:35] WARNING: No new tweets found with trust commands. Exiting without error.
[2025-05-15 11:27:35] WARNING: Collection complete!
[2025-05-15 11:27:35] WARNING: - 0 trust assignments processed
[2025-05-15 11:27:35] WARNING: - 2 users in trust network
[2025-05-15 11:27:35] WARNING: - 31 total trust relationships
[2025-05-15 11:37:33] WARNING: === Starting Twitter Trust System Collection ===
[2025-05-15 11:37:33] WARNING: Will collect tweets until reaching previous timestamp: 2025-05-12 06:54:05+00:00
[2025-05-15 11:37:33] WARNING: Retrieving page 1...
[2025-05-15 11:37:36] WARNING: Newest tweet is from: 2025-05-12 06:54:05+00:00
[2025-05-15 11:37:36] WARNING: Reached stop point at tweet from 2025-05-12 06:54:05+00:00
[2025-05-15 11:37:36] WARNING: Retrieved 0 new tweets on page 1
[2025-05-15 11:37:36] WARNING: Stopping pagination as we've reached the stop point
[2025-05-15 11:37:36] WARNING: Retrieved a total of 0 tweets across 1 pages
[2025-05-15 11:37:36] WARNING: No new tweets found with trust commands. Exiting without error.
[2025-05-15 11:37:36] WARNING: Collection complete!
[2025-05-15 11:37:36] WARNING: - 0 trust assignments processed
[2025-05-15 11:37:36] WARNING: - 2 users in trust network
[2025-05-15 11:37:36] WARNING: - 31 total trust relationships
[2025-05-15 11:47:34] WARNING: === Starting Twitter Trust System Collection ===
[2025-05-15 11:47:34] WARNING: Will collect tweets until reaching previous timestamp: 2025-05-12 06:54:05+00:00
[2025-05-15 11:47:34] WARNING: Retrieving page 1...
[2025-05-15 11:47:35] WARNING: Newest tweet is from: 2025-05-12 06:54:05+00:00
[2025-05-15 11:47:35] WARNING: Reached stop point at tweet from 2025-05-12 06:54:05+00:00
[2025-05-15 11:47:35] WARNING: Retrieved 0 new tweets on page 1
[2025-05-15 11:47:35] WARNING: Stopping pagination as we've reached the stop point
[2025-05-15 11:47:35] WARNING: Retrieved a total of 0 tweets across 1 pages
[2025-05-15 11:47:35] WARNING: No new tweets found with trust commands. Exiting without error.
[2025-05-15 11:47:35] WARNING: Collection complete!
[2025-05-15 11:47:35] WARNING: - 0 trust assignments processed
[2025-05-15 11:47:35] WARNING: - 2 users in trust network
[2025-05-15 11:47:35] WARNING: - 31 total trust relationships
[2025-05-15 11:57:33] WARNING: === Starting Twitter Trust System Collection ===
[2025-05-15 11:57:33] WARNING: Will collect tweets until reaching previous timestamp: 2025-05-12 06:54:05+00:00
[2025-05-15 11:57:33] WARNING: Retrieving page 1...
[2025-05-15 11:57:35] WARNING: Newest tweet is from: 2025-05-12 06:54:05+00:00
[2025-05-15 11:57:35] WARNING: Reached stop point at tweet from 2025-05-12 06:54:05+00:00
[2025-05-15 11:57:35] WARNING: Retrieved 0 new tweets on page 1
[2025-05-15 11:57:35] WARNING: Stopping pagination as we've reached the stop point
[2025-05-15 11:57:35] WARNING: Retrieved a total of 0 tweets across 1 pages
[2025-05-15 11:57:35] WARNING: No new tweets found with trust commands. Exiting without error.
[2025-05-15 11:57:35] WARNING: Collection complete!
[2025-05-15 11:57:35] WARNING: - 0 trust assignments processed
[2025-05-15 11:57:35] WARNING: - 2 users in trust network
[2025-05-15 11:57:35] WARNING: - 31 total trust relationships
[2025-05-15 12:07:34] WARNING: === Starting Twitter Trust System Collection ===
[2025-05-15 12:07:34] WARNING: Will collect tweets until reaching previous timestamp: 2025-05-12 06:54:05+00:00
[2025-05-15 12:07:34] WARNING: Retrieving page 1...
[2025-05-15 12:07:37] WARNING: Newest tweet is from: 2025-05-12 06:54:05+00:00
[2025-05-15 12:07:37] WARNING: Reached stop point at tweet from 2025-05-12 06:54:05+00:00
[2025-05-15 12:07:37] WARNING: Retrieved 0 new tweets on page 1
[2025-05-15 12:07:37] WARNING: Stopping pagination as we've reached the stop point
[2025-05-15 12:07:37] WARNING: Retrieved a total of 0 tweets across 1 pages
[2025-05-15 12:07:37] WARNING: No new tweets found with trust commands. Exiting without error.
[2025-05-15 12:07:37] WARNING: Collection complete!
[2025-05-15 12:07:37] WARNING: - 0 trust assignments processed
[2025-05-15 12:07:37] WARNING: - 2 users in trust network
[2025-05-15 12:07:37] WARNING: - 31 total trust relationships
[2025-05-15 12:17:33] WARNING: === Starting Twitter Trust System Collection ===
[2025-05-15 12:17:33] WARNING: Will collect tweets until reaching previous timestamp: 2025-05-12 06:54:05+00:00
[2025-05-15 12:17:33] WARNING: Retrieving page 1...
[2025-05-15 12:17:35] WARNING: Newest tweet is from: 2025-05-12 06:54:05+00:00
[2025-05-15 12:17:35] WARNING: Reached stop point at tweet from 2025-05-12 06:54:05+00:00
[2025-05-15 12:17:35] WARNING: Retrieved 0 new tweets on page 1
[2025-05-15 12:17:35] WARNING: Stopping pagination as we've reached the stop point
[2025-05-15 12:17:35] WARNING: Retrieved a total of 0 tweets across 1 pages
[2025-05-15 12:17:35] WARNING: No new tweets found with trust commands. Exiting without error.
[2025-05-15 12:17:35] WARNING: Collection complete!
[2025-05-15 12:17:35] WARNING: - 0 trust assignments processed
[2025-05-15 12:17:35] WARNING: - 2 users in trust network
[2025-05-15 12:17:35] WARNING: - 31 total trust relationships
[2025-05-15 12:27:33] WARNING: === Starting Twitter Trust System Collection ===
[2025-05-15 12:27:33] WARNING: Will collect tweets until reaching previous timestamp: 2025-05-12 06:54:05+00:00
[2025-05-15 12:27:33] WARNING: Retrieving page 1...
[2025-05-15 12:27:35] WARNING: Newest tweet is from: 2025-05-12 06:54:05+00:00
[2025-05-15 12:27:35] WARNING: Reached stop point at tweet from 2025-05-12 06:54:05+00:00
[2025-05-15 12:27:35] WARNING: Retrieved 0 new tweets on page 1
[2025-05-15 12:27:35] WARNING: Stopping pagination as we've reached the stop point
[2025-05-15 12:27:35] WARNING: Retrieved a total of 0 tweets across 1 pages
[2025-05-15 12:27:35] WARNING: No new tweets found with trust commands. Exiting without error.
[2025-05-15 12:27:35] WARNING: Collection complete!
[2025-05-15 12:27:35] WARNING: - 0 trust assignments processed
[2025-05-15 12:27:35] WARNING: - 2 users in trust network
[2025-05-15 12:27:35] WARNING: - 31 total trust relationships
[2025-05-15 12:37:34] WARNING: === Starting Twitter Trust System Collection ===
[2025-05-15 12:37:34] WARNING: Will collect tweets until reaching previous timestamp: 2025-05-12 06:54:05+00:00
[2025-05-15 12:37:34] WARNING: Retrieving page 1...
[2025-05-15 12:37:35] WARNING: Newest tweet is from: 2025-05-12 06:54:05+00:00
[2025-05-15 12:37:35] WARNING: Reached stop point at tweet from 2025-05-12 06:54:05+00:00
[2025-05-15 12:37:35] WARNING: Retrieved 0 new tweets on page 1
[2025-05-15 12:37:35] WARNING: Stopping pagination as we've reached the stop point
[2025-05-15 12:37:35] WARNING: Retrieved a total of 0 tweets across 1 pages
[2025-05-15 12:37:35] WARNING: No new tweets found with trust commands. Exiting without error.
[2025-05-15 12:37:35] WARNING: Collection complete!
[2025-05-15 12:37:35] WARNING: - 0 trust assignments processed
[2025-05-15 12:37:35] WARNING: - 2 users in trust network
[2025-05-15 12:37:35] WARNING: - 31 total trust relationships
[2025-05-15 12:47:34] WARNING: === Starting Twitter Trust System Collection ===
[2025-05-15 12:47:34] WARNING: Will collect tweets until reaching previous timestamp: 2025-05-12 06:54:05+00:00
[2025-05-15 12:47:34] WARNING: Retrieving page 1...
[2025-05-15 12:47:36] WARNING: Newest tweet is from: 2025-05-12 06:54:05+00:00
[2025-05-15 12:47:36] WARNING: Reached stop point at tweet from 2025-05-12 06:54:05+00:00
[2025-05-15 12:47:36] WARNING: Retrieved 0 new tweets on page 1
[2025-05-15 12:47:36] WARNING: Stopping pagination as we've reached the stop point
[2025-05-15 12:47:36] WARNING: Retrieved a total of 0 tweets across 1 pages
[2025-05-15 12:47:36] WARNING: No new tweets found with trust commands. Exiting without error.
[2025-05-15 12:47:36] WARNING: Collection complete!
[2025-05-15 12:47:36] WARNING: - 0 trust assignments processed
[2025-05-15 12:47:36] WARNING: - 2 users in trust network
[2025-05-15 12:47:36] WARNING: - 31 total trust relationships
[2025-05-15 12:57:34] WARNING: === Starting Twitter Trust System Collection ===
[2025-05-15 12:57:34] WARNING: Will collect tweets until reaching previous timestamp: 2025-05-12 06:54:05+00:00
[2025-05-15 12:57:34] WARNING: Retrieving page 1...
[2025-05-15 12:57:35] WARNING: Newest tweet is from: 2025-05-12 06:54:05+00:00
[2025-05-15 12:57:35] WARNING: Reached stop point at tweet from 2025-05-12 06:54:05+00:00
[2025-05-15 12:57:35] WARNING: Retrieved 0 new tweets on page 1
[2025-05-15 12:57:35] WARNING: Stopping pagination as we've reached the stop point
[2025-05-15 12:57:35] WARNING: Retrieved a total of 0 tweets across 1 pages
[2025-05-15 12:57:35] WARNING: No new tweets found with trust commands. Exiting without error.
[2025-05-15 12:57:35] WARNING: Collection complete!
[2025-05-15 12:57:35] WARNING: - 0 trust assignments processed
[2025-05-15 12:57:35] WARNING: - 2 users in trust network
[2025-05-15 12:57:35] WARNING: - 31 total trust relationships
[2025-05-15 13:07:33] WARNING: === Starting Twitter Trust System Collection ===
[2025-05-15 13:07:33] WARNING: Will collect tweets until reaching previous timestamp: 2025-05-12 06:54:05+00:00
[2025-05-15 13:07:33] WARNING: Retrieving page 1...
[2025-05-15 13:07:35] WARNING: Newest tweet is from: 2025-05-12 06:54:05+00:00
[2025-05-15 13:07:35] WARNING: Reached stop point at tweet from 2025-05-12 06:54:05+00:00
[2025-05-15 13:07:35] WARNING: Retrieved 0 new tweets on page 1
[2025-05-15 13:07:35] WARNING: Stopping pagination as we've reached the stop point
[2025-05-15 13:07:35] WARNING: Retrieved a total of 0 tweets across 1 pages
[2025-05-15 13:07:35] WARNING: No new tweets found with trust commands. Exiting without error.
[2025-05-15 13:07:35] WARNING: Collection complete!
[2025-05-15 13:07:35] WARNING: - 0 trust assignments processed
[2025-05-15 13:07:35] WARNING: - 2 users in trust network
[2025-05-15 13:07:35] WARNING: - 31 total trust relationships
[2025-05-15 13:17:33] WARNING: === Starting Twitter Trust System Collection ===
[2025-05-15 13:17:33] WARNING: Will collect tweets until reaching previous timestamp: 2025-05-12 06:54:05+00:00
[2025-05-15 13:17:33] WARNING: Retrieving page 1...
[2025-05-15 13:17:35] WARNING: Newest tweet is from: 2025-05-12 06:54:05+00:00
[2025-05-15 13:17:35] WARNING: Reached stop point at tweet from 2025-05-12 06:54:05+00:00
[2025-05-15 13:17:35] WARNING: Retrieved 0 new tweets on page 1
[2025-05-15 13:17:35] WARNING: Stopping pagination as we've reached the stop point
[2025-05-15 13:17:35] WARNING: Retrieved a total of 0 tweets across 1 pages
[2025-05-15 13:17:35] WARNING: No new tweets found with trust commands. Exiting without error.
[2025-05-15 13:17:35] WARNING: Collection complete!
[2025-05-15 13:17:35] WARNING: - 0 trust assignments processed
[2025-05-15 13:17:35] WARNING: - 2 users in trust network
[2025-05-15 13:17:35] WARNING: - 31 total trust relationships
[2025-05-15 13:27:33] WARNING: === Starting Twitter Trust System Collection ===
[2025-05-15 13:27:33] WARNING: Will collect tweets until reaching previous timestamp: 2025-05-12 06:54:05+00:00
[2025-05-15 13:27:33] WARNING: Retrieving page 1...
[2025-05-15 13:27:36] WARNING: Newest tweet is from: 2025-05-12 06:54:05+00:00
[2025-05-15 13:27:36] WARNING: Reached stop point at tweet from 2025-05-12 06:54:05+00:00
[2025-05-15 13:27:36] WARNING: Retrieved 0 new tweets on page 1
[2025-05-15 13:27:36] WARNING: Stopping pagination as we've reached the stop point
[2025-05-15 13:27:36] WARNING: Retrieved a total of 0 tweets across 1 pages
[2025-05-15 13:27:36] WARNING: No new tweets found with trust commands. Exiting without error.
[2025-05-15 13:27:36] WARNING: Collection complete!
[2025-05-15 13:27:36] WARNING: - 0 trust assignments processed
[2025-05-15 13:27:36] WARNING: - 2 users in trust network
[2025-05-15 13:27:36] WARNING: - 31 total trust relationships
[2025-05-15 17:49:38] WARNING: === Starting Twitter Trust System Collection ===
[2025-05-15 17:49:38] WARNING: Will collect tweets until reaching previous timestamp: 2025-05-12 06:54:05+00:00
[2025-05-15 17:49:38] WARNING: Retrieving page 1...
[2025-05-15 17:49:40] WARNING: Newest tweet is from: 2025-05-12 06:54:05+00:00
[2025-05-15 17:49:40] WARNING: Reached stop point at tweet from 2025-05-12 06:54:05+00:00
[2025-05-15 17:49:40] WARNING: Retrieved 0 new tweets on page 1
[2025-05-15 17:49:40] WARNING: Stopping pagination as we've reached the stop point
[2025-05-15 17:49:40] WARNING: Retrieved a total of 0 tweets across 1 pages
[2025-05-15 17:49:40] WARNING: No new tweets found with trust commands. Exiting without error.
[2025-05-15 17:49:40] WARNING: Collection complete!
[2025-05-15 17:49:40] WARNING: - 0 trust assignments processed
[2025-05-15 17:49:40] WARNING: - 2 users in trust network
[2025-05-15 17:49:40] WARNING: - 31 total trust relationships
[2025-05-15 17:57:33] WARNING: === Starting Twitter Trust System Collection ===
[2025-05-15 17:57:33] WARNING: Will collect tweets until reaching previous timestamp: 2025-05-12 06:54:05+00:00
[2025-05-15 17:57:33] WARNING: Retrieving page 1...
[2025-05-15 17:57:44] WARNING: Error retrieving page 1: Expecting value: line 1 column 1 (char 0)
[2025-05-15 17:57:44] WARNING: Retrieved a total of 0 tweets across 1 pages
[2025-05-15 17:57:44] WARNING: No new tweets found with trust commands. Exiting without error.
[2025-05-15 17:57:44] WARNING: Collection complete!
[2025-05-15 17:57:44] WARNING: - 0 trust assignments processed
[2025-05-15 17:57:44] WARNING: - 2 users in trust network
[2025-05-15 17:57:44] WARNING: - 31 total trust relationships
[2025-05-15 18:07:33] WARNING: === Starting Twitter Trust System Collection ===
[2025-05-15 18:07:33] WARNING: Will collect tweets until reaching previous timestamp: 2025-05-12 06:54:05+00:00
[2025-05-15 18:07:33] WARNING: Retrieving page 1...
[2025-05-15 18:07:35] WARNING: Newest tweet is from: 2025-05-12 06:54:05+00:00
[2025-05-15 18:07:35] WARNING: Reached stop point at tweet from 2025-05-12 06:54:05+00:00
[2025-05-15 18:07:35] WARNING: Retrieved 0 new tweets on page 1
[2025-05-15 18:07:35] WARNING: Stopping pagination as we've reached the stop point
[2025-05-15 18:07:35] WARNING: Retrieved a total of 0 tweets across 1 pages
[2025-05-15 18:07:35] WARNING: No new tweets found with trust commands. Exiting without error.
[2025-05-15 18:07:35] WARNING: Collection complete!
[2025-05-15 18:07:35] WARNING: - 0 trust assignments processed
[2025-05-15 18:07:35] WARNING: - 2 users in trust network
[2025-05-15 18:07:35] WARNING: - 31 total trust relationships
[2025-05-15 18:17:33] WARNING: === Starting Twitter Trust System Collection ===
[2025-05-15 18:17:33] WARNING: Will collect tweets until reaching previous timestamp: 2025-05-12 06:54:05+00:00
[2025-05-15 18:17:33] WARNING: Retrieving page 1...
[2025-05-15 18:17:35] WARNING: Newest tweet is from: 2025-05-12 06:54:05+00:00
[2025-05-15 18:17:35] WARNING: Reached stop point at tweet from 2025-05-12 06:54:05+00:00
[2025-05-15 18:17:35] WARNING: Retrieved 0 new tweets on page 1
[2025-05-15 18:17:35] WARNING: Stopping pagination as we've reached the stop point
[2025-05-15 18:17:35] WARNING: Retrieved a total of 0 tweets across 1 pages
[2025-05-15 18:17:35] WARNING: No new tweets found with trust commands. Exiting without error.
[2025-05-15 18:17:35] WARNING: Collection complete!
[2025-05-15 18:17:35] WARNING: - 0 trust assignments processed
[2025-05-15 18:17:35] WARNING: - 2 users in trust network
[2025-05-15 18:17:35] WARNING: - 31 total trust relationships
[2025-05-15 18:27:33] WARNING: === Starting Twitter Trust System Collection ===
[2025-05-15 18:27:33] WARNING: Will collect tweets until reaching previous timestamp: 2025-05-12 06:54:05+00:00
[2025-05-15 18:27:33] WARNING: Retrieving page 1...
[2025-05-15 18:27:46] WARNING: Newest tweet is from: 2025-05-12 06:54:05+00:00
[2025-05-15 18:27:46] WARNING: Reached stop point at tweet from 2025-05-12 06:54:05+00:00
[2025-05-15 18:27:46] WARNING: Retrieved 0 new tweets on page 1
[2025-05-15 18:27:46] WARNING: Stopping pagination as we've reached the stop point
[2025-05-15 18:27:46] WARNING: Retrieved a total of 0 tweets across 1 pages
[2025-05-15 18:27:46] WARNING: No new tweets found with trust commands. Exiting without error.
[2025-05-15 18:27:46] WARNING: Collection complete!
[2025-05-15 18:27:46] WARNING: - 0 trust assignments processed
[2025-05-15 18:27:46] WARNING: - 2 users in trust network
[2025-05-15 18:27:46] WARNING: - 31 total trust relationships
[2025-05-15 18:37:33] WARNING: === Starting Twitter Trust System Collection ===
[2025-05-15 18:37:33] WARNING: Will collect tweets until reaching previous timestamp: 2025-05-12 06:54:05+00:00
[2025-05-15 18:37:33] WARNING: Retrieving page 1...
[2025-05-15 18:37:35] WARNING: Newest tweet is from: 2025-05-12 06:54:05+00:00
[2025-05-15 18:37:35] WARNING: Reached stop point at tweet from 2025-05-12 06:54:05+00:00
[2025-05-15 18:37:35] WARNING: Retrieved 0 new tweets on page 1
[2025-05-15 18:37:35] WARNING: Stopping pagination as we've reached the stop point
[2025-05-15 18:37:35] WARNING: Retrieved a total of 0 tweets across 1 pages
[2025-05-15 18:37:35] WARNING: No new tweets found with trust commands. Exiting without error.
[2025-05-15 18:37:35] WARNING: Collection complete!
[2025-05-15 18:37:35] WARNING: - 0 trust assignments processed
[2025-05-15 18:37:35] WARNING: - 2 users in trust network
[2025-05-15 18:37:35] WARNING: - 31 total trust relationships
[2025-05-15 18:47:33] WARNING: === Starting Twitter Trust System Collection ===
[2025-05-15 18:47:33] WARNING: Will collect tweets until reaching previous timestamp: 2025-05-12 06:54:05+00:00
[2025-05-15 18:47:33] WARNING: Retrieving page 1...
[2025-05-15 18:47:35] WARNING: Newest tweet is from: 2025-05-12 06:54:05+00:00
[2025-05-15 18:47:35] WARNING: Reached stop point at tweet from 2025-05-12 06:54:05+00:00
[2025-05-15 18:47:35] WARNING: Retrieved 0 new tweets on page 1
[2025-05-15 18:47:35] WARNING: Stopping pagination as we've reached the stop point
[2025-05-15 18:47:35] WARNING: Retrieved a total of 0 tweets across 1 pages
[2025-05-15 18:47:35] WARNING: No new tweets found with trust commands. Exiting without error.
[2025-05-15 18:47:35] WARNING: Collection complete!
[2025-05-15 18:47:35] WARNING: - 0 trust assignments processed
[2025-05-15 18:47:35] WARNING: - 2 users in trust network
[2025-05-15 18:47:35] WARNING: - 31 total trust relationships
[2025-05-15 18:57:33] WARNING: === Starting Twitter Trust System Collection ===
[2025-05-15 18:57:33] WARNING: Will collect tweets until reaching previous timestamp: 2025-05-12 06:54:05+00:00
[2025-05-15 18:57:33] WARNING: Retrieving page 1...
[2025-05-15 18:57:44] WARNING: Error retrieving page 1: Expecting value: line 1 column 1 (char 0)
[2025-05-15 18:57:44] WARNING: Retrieved a total of 0 tweets across 1 pages
[2025-05-15 18:57:44] WARNING: No new tweets found with trust commands. Exiting without error.
[2025-05-15 18:57:44] WARNING: Collection complete!
[2025-05-15 18:57:44] WARNING: - 0 trust assignments processed
[2025-05-15 18:57:44] WARNING: - 2 users in trust network
[2025-05-15 18:57:44] WARNING: - 31 total trust relationships
[2025-05-15 19:07:33] WARNING: === Starting Twitter Trust System Collection ===
[2025-05-15 19:07:33] WARNING: Will collect tweets until reaching previous timestamp: 2025-05-12 06:54:05+00:00
[2025-05-15 19:07:33] WARNING: Retrieving page 1...
[2025-05-15 19:07:44] WARNING: Error retrieving page 1: Expecting value: line 1 column 1 (char 0)
[2025-05-15 19:07:44] WARNING: Retrieved a total of 0 tweets across 1 pages
[2025-05-15 19:07:44] WARNING: No new tweets found with trust commands. Exiting without error.
[2025-05-15 19:07:44] WARNING: Collection complete!
[2025-05-15 19:07:44] WARNING: - 0 trust assignments processed
[2025-05-15 19:07:44] WARNING: - 2 users in trust network
[2025-05-15 19:07:44] WARNING: - 31 total trust relationships
[2025-05-15 19:17:33] WARNING: === Starting Twitter Trust System Collection ===
[2025-05-15 19:17:33] WARNING: Will collect tweets until reaching previous timestamp: 2025-05-12 06:54:05+00:00
[2025-05-15 19:17:33] WARNING: Retrieving page 1...
[2025-05-15 19:17:45] WARNING: Newest tweet is from: 2025-05-12 06:54:05+00:00
[2025-05-15 19:17:45] WARNING: Reached stop point at tweet from 2025-05-12 06:54:05+00:00
[2025-05-15 19:17:45] WARNING: Retrieved 0 new tweets on page 1
[2025-05-15 19:17:45] WARNING: Stopping pagination as we've reached the stop point
[2025-05-15 19:17:45] WARNING: Retrieved a total of 0 tweets across 1 pages
[2025-05-15 19:17:45] WARNING: No new tweets found with trust commands. Exiting without error.
[2025-05-15 19:17:45] WARNING: Collection complete!
[2025-05-15 19:17:45] WARNING: - 0 trust assignments processed
[2025-05-15 19:17:45] WARNING: - 2 users in trust network
[2025-05-15 19:17:45] WARNING: - 31 total trust relationships
[2025-05-15 19:27:33] WARNING: === Starting Twitter Trust System Collection ===
[2025-05-15 19:27:33] WARNING: Will collect tweets until reaching previous timestamp: 2025-05-12 06:54:05+00:00
[2025-05-15 19:27:33] WARNING: Retrieving page 1...
[2025-05-15 19:27:35] WARNING: Newest tweet is from: 2025-05-12 06:54:05+00:00
[2025-05-15 19:27:35] WARNING: Reached stop point at tweet from 2025-05-12 06:54:05+00:00
[2025-05-15 19:27:35] WARNING: Retrieved 0 new tweets on page 1
[2025-05-15 19:27:35] WARNING: Stopping pagination as we've reached the stop point
[2025-05-15 19:27:35] WARNING: Retrieved a total of 0 tweets across 1 pages
[2025-05-15 19:27:35] WARNING: No new tweets found with trust commands. Exiting without error.
[2025-05-15 19:27:35] WARNING: Collection complete!
[2025-05-15 19:27:35] WARNING: - 0 trust assignments processed
[2025-05-15 19:27:35] WARNING: - 2 users in trust network
[2025-05-15 19:27:35] WARNING: - 31 total trust relationships
[2025-05-15 19:37:33] WARNING: === Starting Twitter Trust System Collection ===
[2025-05-15 19:37:33] WARNING: Will collect tweets until reaching previous timestamp: 2025-05-12 06:54:05+00:00
[2025-05-15 19:37:33] WARNING: Retrieving page 1...
[2025-05-15 19:37:35] WARNING: Newest tweet is from: 2025-05-12 06:54:05+00:00
[2025-05-15 19:37:35] WARNING: Reached stop point at tweet from 2025-05-12 06:54:05+00:00
[2025-05-15 19:37:35] WARNING: Retrieved 0 new tweets on page 1
[2025-05-15 19:37:35] WARNING: Stopping pagination as we've reached the stop point
[2025-05-15 19:37:35] WARNING: Retrieved a total of 0 tweets across 1 pages
[2025-05-15 19:37:35] WARNING: No new tweets found with trust commands. Exiting without error.
[2025-05-15 19:37:35] WARNING: Collection complete!
[2025-05-15 19:37:35] WARNING: - 0 trust assignments processed
[2025-05-15 19:37:35] WARNING: - 2 users in trust network
[2025-05-15 19:37:35] WARNING: - 31 total trust relationships
[2025-05-15 19:47:33] WARNING: === Starting Twitter Trust System Collection ===
[2025-05-15 19:47:33] WARNING: Will collect tweets until reaching previous timestamp: 2025-05-12 06:54:05+00:00
[2025-05-15 19:47:33] WARNING: Retrieving page 1...
[2025-05-15 19:47:45] WARNING: Newest tweet is from: 2025-05-12 06:54:05+00:00
[2025-05-15 19:47:45] WARNING: Reached stop point at tweet from 2025-05-12 06:54:05+00:00
[2025-05-15 19:47:45] WARNING: Retrieved 0 new tweets on page 1
[2025-05-15 19:47:45] WARNING: Stopping pagination as we've reached the stop point
[2025-05-15 19:47:45] WARNING: Retrieved a total of 0 tweets across 1 pages
[2025-05-15 19:47:45] WARNING: No new tweets found with trust commands. Exiting without error.
[2025-05-15 19:47:45] WARNING: Collection complete!
[2025-05-15 19:47:45] WARNING: - 0 trust assignments processed
[2025-05-15 19:47:45] WARNING: - 2 users in trust network
[2025-05-15 19:47:45] WARNING: - 31 total trust relationships
[2025-05-15 19:57:33] WARNING: === Starting Twitter Trust System Collection ===
[2025-05-15 19:57:33] WARNING: Will collect tweets until reaching previous timestamp: 2025-05-12 06:54:05+00:00
[2025-05-15 19:57:33] WARNING: Retrieving page 1...
[2025-05-15 19:57:54] WARNING: Error retrieving page 1: Expecting value: line 1 column 1 (char 0)
[2025-05-15 19:57:54] WARNING: Retrieved a total of 0 tweets across 1 pages
[2025-05-15 19:57:54] WARNING: No new tweets found with trust commands. Exiting without error.
[2025-05-15 19:57:54] WARNING: Collection complete!
[2025-05-15 19:57:54] WARNING: - 0 trust assignments processed
[2025-05-15 19:57:54] WARNING: - 2 users in trust network
[2025-05-15 19:57:54] WARNING: - 31 total trust relationships
[2025-05-15 20:07:33] WARNING: === Starting Twitter Trust System Collection ===
[2025-05-15 20:07:33] WARNING: Will collect tweets until reaching previous timestamp: 2025-05-12 06:54:05+00:00
[2025-05-15 20:07:33] WARNING: Retrieving page 1...
[2025-05-15 20:07:54] WARNING: Error retrieving page 1: Expecting value: line 1 column 1 (char 0)
[2025-05-15 20:07:54] WARNING: Retrieved a total of 0 tweets across 1 pages
[2025-05-15 20:07:54] WARNING: No new tweets found with trust commands. Exiting without error.
[2025-05-15 20:07:54] WARNING: Collection complete!
[2025-05-15 20:07:54] WARNING: - 0 trust assignments processed
[2025-05-15 20:07:54] WARNING: - 2 users in trust network
[2025-05-15 20:07:54] WARNING: - 31 total trust relationships
[2025-05-15 20:17:33] WARNING: === Starting Twitter Trust System Collection ===
[2025-05-15 20:17:33] WARNING: Will collect tweets until reaching previous timestamp: 2025-05-12 06:54:05+00:00
[2025-05-15 20:17:33] WARNING: Retrieving page 1...
[2025-05-15 20:17:35] WARNING: Newest tweet is from: 2025-05-12 06:54:05+00:00
[2025-05-15 20:17:35] WARNING: Reached stop point at tweet from 2025-05-12 06:54:05+00:00
[2025-05-15 20:17:35] WARNING: Retrieved 0 new tweets on page 1
[2025-05-15 20:17:35] WARNING: Stopping pagination as we've reached the stop point
[2025-05-15 20:17:35] WARNING: Retrieved a total of 0 tweets across 1 pages
[2025-05-15 20:17:35] WARNING: No new tweets found with trust commands. Exiting without error.
[2025-05-15 20:17:35] WARNING: Collection complete!
[2025-05-15 20:17:35] WARNING: - 0 trust assignments processed
[2025-05-15 20:17:35] WARNING: - 2 users in trust network
[2025-05-15 20:17:35] WARNING: - 31 total trust relationships
[2025-05-15 20:27:33] WARNING: === Starting Twitter Trust System Collection ===
[2025-05-15 20:27:33] WARNING: Will collect tweets until reaching previous timestamp: 2025-05-12 06:54:05+00:00
[2025-05-15 20:27:33] WARNING: Retrieving page 1...
[2025-05-15 20:27:38] WARNING: Newest tweet is from: 2025-05-12 06:54:05+00:00
[2025-05-15 20:27:38] WARNING: Reached stop point at tweet from 2025-05-12 06:54:05+00:00
[2025-05-15 20:27:38] WARNING: Retrieved 0 new tweets on page 1
[2025-05-15 20:27:38] WARNING: Stopping pagination as we've reached the stop point
[2025-05-15 20:27:38] WARNING: Retrieved a total of 0 tweets across 1 pages
[2025-05-15 20:27:38] WARNING: No new tweets found with trust commands. Exiting without error.
[2025-05-15 20:27:38] WARNING: Collection complete!
[2025-05-15 20:27:38] WARNING: - 0 trust assignments processed
[2025-05-15 20:27:38] WARNING: - 2 users in trust network
[2025-05-15 20:27:38] WARNING: - 31 total trust relationships
[2025-05-15 20:37:33] WARNING: === Starting Twitter Trust System Collection ===
[2025-05-15 20:37:33] WARNING: Will collect tweets until reaching previous timestamp: 2025-05-12 06:54:05+00:00
[2025-05-15 20:37:33] WARNING: Retrieving page 1...
[2025-05-15 20:37:35] WARNING: Newest tweet is from: 2025-05-12 06:54:05+00:00
[2025-05-15 20:37:35] WARNING: Reached stop point at tweet from 2025-05-12 06:54:05+00:00
[2025-05-15 20:37:35] WARNING: Retrieved 0 new tweets on page 1
[2025-05-15 20:37:35] WARNING: Stopping pagination as we've reached the stop point
[2025-05-15 20:37:35] WARNING: Retrieved a total of 0 tweets across 1 pages
[2025-05-15 20:37:35] WARNING: No new tweets found with trust commands. Exiting without error.
[2025-05-15 20:37:35] WARNING: Collection complete!
[2025-05-15 20:37:35] WARNING: - 0 trust assignments processed
[2025-05-15 20:37:35] WARNING: - 2 users in trust network
[2025-05-15 20:37:35] WARNING: - 31 total trust relationships
[2025-05-15 20:47:33] WARNING: === Starting Twitter Trust System Collection ===
[2025-05-15 20:47:33] WARNING: Will collect tweets until reaching previous timestamp: 2025-05-12 06:54:05+00:00
[2025-05-15 20:47:33] WARNING: Retrieving page 1...
[2025-05-15 20:47:35] WARNING: Newest tweet is from: 2025-05-12 06:54:05+00:00
[2025-05-15 20:47:35] WARNING: Reached stop point at tweet from 2025-05-12 06:54:05+00:00
[2025-05-15 20:47:35] WARNING: Retrieved 0 new tweets on page 1
[2025-05-15 20:47:35] WARNING: Stopping pagination as we've reached the stop point
[2025-05-15 20:47:35] WARNING: Retrieved a total of 0 tweets across 1 pages
[2025-05-15 20:47:35] WARNING: No new tweets found with trust commands. Exiting without error.
[2025-05-15 20:47:35] WARNING: Collection complete!
[2025-05-15 20:47:35] WARNING: - 0 trust assignments processed
[2025-05-15 20:47:35] WARNING: - 2 users in trust network
[2025-05-15 20:47:35] WARNING: - 31 total trust relationships
[2025-05-15 20:57:33] WARNING: === Starting Twitter Trust System Collection ===
[2025-05-15 20:57:33] WARNING: Will collect tweets until reaching previous timestamp: 2025-05-12 06:54:05+00:00
[2025-05-15 20:57:33] WARNING: Retrieving page 1...
[2025-05-15 20:57:35] WARNING: Newest tweet is from: 2025-05-12 06:54:05+00:00
[2025-05-15 20:57:35] WARNING: Reached stop point at tweet from 2025-05-12 06:54:05+00:00
[2025-05-15 20:57:35] WARNING: Retrieved 0 new tweets on page 1
[2025-05-15 20:57:35] WARNING: Stopping pagination as we've reached the stop point
[2025-05-15 20:57:35] WARNING: Retrieved a total of 0 tweets across 1 pages
[2025-05-15 20:57:35] WARNING: No new tweets found with trust commands. Exiting without error.
[2025-05-15 20:57:35] WARNING: Collection complete!
[2025-05-15 20:57:35] WARNING: - 0 trust assignments processed
[2025-05-15 20:57:35] WARNING: - 2 users in trust network
[2025-05-15 20:57:35] WARNING: - 31 total trust relationships
[2025-05-15 21:07:33] WARNING: === Starting Twitter Trust System Collection ===
[2025-05-15 21:07:33] WARNING: Will collect tweets until reaching previous timestamp: 2025-05-12 06:54:05+00:00
[2025-05-15 21:07:33] WARNING: Retrieving page 1...
[2025-05-15 21:07:46] WARNING: Newest tweet is from: 2025-05-12 06:54:05+00:00
[2025-05-15 21:07:46] WARNING: Reached stop point at tweet from 2025-05-12 06:54:05+00:00
[2025-05-15 21:07:46] WARNING: Retrieved 0 new tweets on page 1
[2025-05-15 21:07:46] WARNING: Stopping pagination as we've reached the stop point
[2025-05-15 21:07:46] WARNING: Retrieved a total of 0 tweets across 1 pages
[2025-05-15 21:07:46] WARNING: No new tweets found with trust commands. Exiting without error.
[2025-05-15 21:07:46] WARNING: Collection complete!
[2025-05-15 21:07:46] WARNING: - 0 trust assignments processed
[2025-05-15 21:07:46] WARNING: - 2 users in trust network
[2025-05-15 21:07:46] WARNING: - 31 total trust relationships
[2025-05-15 21:17:33] WARNING: === Starting Twitter Trust System Collection ===
[2025-05-15 21:17:33] WARNING: Will collect tweets until reaching previous timestamp: 2025-05-12 06:54:05+00:00
[2025-05-15 21:17:33] WARNING: Retrieving page 1...
[2025-05-15 21:17:35] WARNING: Newest tweet is from: 2025-05-12 06:54:05+00:00
[2025-05-15 21:17:35] WARNING: Reached stop point at tweet from 2025-05-12 06:54:05+00:00
[2025-05-15 21:17:35] WARNING: Retrieved 0 new tweets on page 1
[2025-05-15 21:17:35] WARNING: Stopping pagination as we've reached the stop point
[2025-05-15 21:17:35] WARNING: Retrieved a total of 0 tweets across 1 pages
[2025-05-15 21:17:35] WARNING: No new tweets found with trust commands. Exiting without error.
[2025-05-15 21:17:35] WARNING: Collection complete!
[2025-05-15 21:17:35] WARNING: - 0 trust assignments processed
[2025-05-15 21:17:35] WARNING: - 2 users in trust network
[2025-05-15 21:17:35] WARNING: - 31 total trust relationships
[2025-05-15 21:27:33] WARNING: === Starting Twitter Trust System Collection ===
[2025-05-15 21:27:33] WARNING: Will collect tweets until reaching previous timestamp: 2025-05-12 06:54:05+00:00
[2025-05-15 21:27:33] WARNING: Retrieving page 1...
[2025-05-15 21:27:45] WARNING: Error retrieving page 1: Expecting value: line 1 column 1 (char 0)
[2025-05-15 21:27:45] WARNING: Retrieved a total of 0 tweets across 1 pages
[2025-05-15 21:27:45] WARNING: No new tweets found with trust commands. Exiting without error.
[2025-05-15 21:27:45] WARNING: Collection complete!
[2025-05-15 21:27:45] WARNING: - 0 trust assignments processed
[2025-05-15 21:27:45] WARNING: - 2 users in trust network
[2025-05-15 21:27:45] WARNING: - 31 total trust relationships
[2025-05-15 21:37:33] WARNING: === Starting Twitter Trust System Collection ===
[2025-05-15 21:37:33] WARNING: Will collect tweets until reaching previous timestamp: 2025-05-12 06:54:05+00:00
[2025-05-15 21:37:33] WARNING: Retrieving page 1...
[2025-05-15 21:37:45] WARNING: Newest tweet is from: 2025-05-12 06:54:05+00:00
[2025-05-15 21:37:45] WARNING: Reached stop point at tweet from 2025-05-12 06:54:05+00:00
[2025-05-15 21:37:45] WARNING: Retrieved 0 new tweets on page 1
[2025-05-15 21:37:45] WARNING: Stopping pagination as we've reached the stop point
[2025-05-15 21:37:45] WARNING: Retrieved a total of 0 tweets across 1 pages
[2025-05-15 21:37:45] WARNING: No new tweets found with trust commands. Exiting without error.
[2025-05-15 21:37:45] WARNING: Collection complete!
[2025-05-15 21:37:45] WARNING: - 0 trust assignments processed
[2025-05-15 21:37:45] WARNING: - 2 users in trust network
[2025-05-15 21:37:45] WARNING: - 31 total trust relationships
[2025-05-15 21:47:34] WARNING: === Starting Twitter Trust System Collection ===
[2025-05-15 21:47:34] WARNING: Will collect tweets until reaching previous timestamp: 2025-05-12 06:54:05+00:00
[2025-05-15 21:47:34] WARNING: Retrieving page 1...
[2025-05-15 21:47:35] WARNING: Newest tweet is from: 2025-05-12 06:54:05+00:00
[2025-05-15 21:47:35] WARNING: Reached stop point at tweet from 2025-05-12 06:54:05+00:00
[2025-05-15 21:47:35] WARNING: Retrieved 0 new tweets on page 1
[2025-05-15 21:47:35] WARNING: Stopping pagination as we've reached the stop point
[2025-05-15 21:47:35] WARNING: Retrieved a total of 0 tweets across 1 pages
[2025-05-15 21:47:35] WARNING: No new tweets found with trust commands. Exiting without error.
[2025-05-15 21:47:35] WARNING: Collection complete!
[2025-05-15 21:47:35] WARNING: - 0 trust assignments processed
[2025-05-15 21:47:35] WARNING: - 2 users in trust network
[2025-05-15 21:47:35] WARNING: - 31 total trust relationships
[2025-05-15 21:57:34] WARNING: === Starting Twitter Trust System Collection ===
[2025-05-15 21:57:34] WARNING: Will collect tweets until reaching previous timestamp: 2025-05-12 06:54:05+00:00
[2025-05-15 21:57:34] WARNING: Retrieving page 1...
[2025-05-15 21:57:35] WARNING: Newest tweet is from: 2025-05-12 06:54:05+00:00
[2025-05-15 21:57:35] WARNING: Reached stop point at tweet from 2025-05-12 06:54:05+00:00
[2025-05-15 21:57:35] WARNING: Retrieved 0 new tweets on page 1
[2025-05-15 21:57:35] WARNING: Stopping pagination as we've reached the stop point
[2025-05-15 21:57:35] WARNING: Retrieved a total of 0 tweets across 1 pages
[2025-05-15 21:57:35] WARNING: No new tweets found with trust commands. Exiting without error.
[2025-05-15 21:57:35] WARNING: Collection complete!
[2025-05-15 21:57:35] WARNING: - 0 trust assignments processed
[2025-05-15 21:57:35] WARNING: - 2 users in trust network
[2025-05-15 21:57:35] WARNING: - 31 total trust relationships
[2025-05-15 21:57:35] Calculating trust scores from collected data...
[2025-05-15 19:37:38] INFO: Community Community A (18 members): AskaPol_UAPs, ChrisUKSharp, DanHaug6, Eyes_OnTheSkies, FettucineSplit, GoodTroubleShow, Halsrethink, JeremyCorbell, JonMajerowski, LueElizondo, PTHellyer, SnakePo9, TheOfficialQF, g_knapp, jamescfox, jayanderson, rosscoulthart, ufobeliever1947
[2025-05-15 19:37:38] INFO: Community Community B (7 members): MiddleofMayhem, OSIRISUAP, ShipsSmall, cosmic_surplus, likeitmatters3, susangerbic, ufoskeptic1968
[2025-05-15 19:37:38] INFO: Community analysis written to community_analysis.txt
[2025-05-15 19:37:38] WARNING: Generating trust network visualization...
[2025-05-15 19:37:39] WARNING: Network visualization saved to visualization/trust_network.png
[2025-05-15 19:37:39] WARNING: Creating JSON data structure...
[2025-05-15 19:37:39] WARNING: Successfully generated js/data.js with:
[2025-05-15 19:37:39] WARNING: - 25 users
[2025-05-15 19:37:39] WARNING: - 31 trust relationships
[2025-05-15 19:37:39] WARNING: - 2 communities
[2025-05-15 19:37:39] WARNING: Trust calculation completed successfully.
[2025-05-15 19:47:49] WARNING: === Starting Trust Score Calculation ===
[2025-05-15 19:47:49] WARNING: Starting trust score calculation...
[2025-05-15 19:47:49] WARNING: Found 25 users in the trust network
[2025-05-15 19:47:49] WARNING: Building trust network graph...
[2025-05-15 19:47:49] WARNING: Calculating PageRank scores...
[2025-05-15 19:47:49] WARNING: Applying distrust penalties...
[2025-05-15 19:47:49] WARNING: Detecting communities...
[2025-05-15 19:47:49] WARNING: Found 8 isolated nodes to assign to communities
[2025-05-15 19:47:49] WARNING: Assigned isolated node Eyes_OnTheSkies to community 1 based on structural balance theory
[2025-05-15 19:47:49] WARNING: Assigned isolated node FettucineSplit to community 1 based on structural balance theory
[2025-05-15 19:47:49] WARNING: Assigned isolated node JonMajerowski to community 1 based on structural balance theory
[2025-05-15 19:47:49] WARNING: Assigned isolated node MiddleofMayhem to community 2 based on structural balance theory
[2025-05-15 19:47:49] WARNING: Assigned isolated node PTHellyer to community 1 based on structural balance theory
[2025-05-15 19:47:49] WARNING: Assigned isolated node SnakePo9 to community 1 based on structural balance theory
[2025-05-15 19:47:49] WARNING: Assigned isolated node jamescfox to community 1 based on structural balance theory
[2025-05-15 19:47:49] WARNING: Assigned isolated node likeitmatters3 to community 2 based on structural balance theory
[2025-05-15 19:47:49] INFO: Analyzing community composition...
[2025-05-15 19:47:49] INFO: Community Community A (18 members): AskaPol_UAPs, ChrisUKSharp, DanHaug6, Eyes_OnTheSkies, FettucineSplit, GoodTroubleShow, Halsrethink, JeremyCorbell, JonMajerowski, LueElizondo, PTHellyer, SnakePo9, TheOfficialQF, g_knapp, jamescfox, jayanderson, rosscoulthart, ufobeliever1947
[2025-05-15 19:47:49] INFO: Community Community B (7 members): MiddleofMayhem, OSIRISUAP, ShipsSmall, cosmic_surplus, likeitmatters3, susangerbic, ufoskeptic1968
[2025-05-15 19:47:49] INFO: Community analysis written to community_analysis.txt
[2025-05-15 19:47:49] WARNING: Generating trust network visualization...
[2025-05-15 19:47:50] WARNING: Network visualization saved to visualization/trust_network.png
[2025-05-15 19:47:50] WARNING: Creating JSON data structure...
[2025-05-15 19:47:50] WARNING: Successfully generated js/data.js with:
[2025-05-15 19:47:50] WARNING: - 25 users
[2025-05-15 19:47:50] WARNING: - 31 trust relationships
[2025-05-15 19:47:50] WARNING: - 2 communities
[2025-05-15 19:47:50] WARNING: Trust calculation completed successfully.
[2025-05-15 19:57:58] WARNING: === Starting Trust Score Calculation ===
[2025-05-15 19:57:58] WARNING: Starting trust score calculation...
[2025-05-15 19:57:58] WARNING: Found 25 users in the trust network
[2025-05-15 19:57:58] WARNING: Building trust network graph...
[2025-05-15 19:57:58] WARNING: Calculating PageRank scores...
[2025-05-15 19:57:58] WARNING: Applying distrust penalties...
[2025-05-15 19:57:58] WARNING: Detecting communities...
[2025-05-15 19:57:58] WARNING: Found 8 isolated nodes to assign to communities
[2025-05-15 19:57:58] WARNING: Assigned isolated node Eyes_OnTheSkies to community 1 based on structural balance theory
[2025-05-15 19:57:58] WARNING: Assigned isolated node FettucineSplit to community 1 based on structural balance theory
[2025-05-15 19:57:58] WARNING: Assigned isolated node JonMajerowski to community 1 based on structural balance theory
[2025-05-15 19:57:58] WARNING: Assigned isolated node MiddleofMayhem to community 2 based on structural balance theory
[2025-05-15 19:57:58] WARNING: Assigned isolated node PTHellyer to community 1 based on structural balance theory
[2025-05-15 19:57:58] WARNING: Assigned isolated node SnakePo9 to community 1 based on structural balance theory
[2025-05-15 19:57:58] WARNING: Assigned isolated node jamescfox to community 1 based on structural balance theory
[2025-05-15 19:57:58] WARNING: Assigned isolated node likeitmatters3 to community 2 based on structural balance theory
[2025-05-15 19:57:58] INFO: Analyzing community composition...
[2025-05-15 19:57:58] INFO: Community Community A (18 members): AskaPol_UAPs, ChrisUKSharp, DanHaug6, Eyes_OnTheSkies, FettucineSplit, GoodTroubleShow, Halsrethink, JeremyCorbell, JonMajerowski, LueElizondo, PTHellyer, SnakePo9, TheOfficialQF, g_knapp, jamescfox, jayanderson, rosscoulthart, ufobeliever1947
[2025-05-15 19:57:58] INFO: Community Community B (7 members): MiddleofMayhem, OSIRISUAP, ShipsSmall, cosmic_surplus, likeitmatters3, susangerbic, ufoskeptic1968
[2025-05-15 19:57:58] INFO: Community analysis written to community_analysis.txt
[2025-05-15 19:57:58] WARNING: Generating trust network visualization...
[2025-05-15 19:57:58] WARNING: Network visualization saved to visualization/trust_network.png
[2025-05-15 19:57:58] WARNING: Creating JSON data structure...
[2025-05-15 19:57:58] WARNING: Successfully generated js/data.js with:
[2025-05-15 19:57:58] WARNING: - 25 users
[2025-05-15 19:57:58] WARNING: - 31 trust relationships
[2025-05-15 19:57:58] WARNING: - 2 communities
[2025-05-15 19:57:58] WARNING: Trust calculation completed successfully.
[2025-05-15 20:07:57] WARNING: === Starting Trust Score Calculation ===
[2025-05-15 20:07:57] WARNING: Starting trust score calculation...
[2025-05-15 20:07:57] WARNING: Found 25 users in the trust network
[2025-05-15 20:07:57] WARNING: Building trust network graph...
[2025-05-15 20:07:57] WARNING: Calculating PageRank scores...
[2025-05-15 20:07:57] WARNING: Applying distrust penalties...
[2025-05-15 20:07:57] WARNING: Detecting communities...
[2025-05-15 20:07:57] WARNING: Found 8 isolated nodes to assign to communities
[2025-05-15 20:07:57] WARNING: Assigned isolated node Eyes_OnTheSkies to community 1 based on structural balance theory
[2025-05-15 20:07:57] WARNING: Assigned isolated node FettucineSplit to community 1 based on structural balance theory
[2025-05-15 20:07:57] WARNING: Assigned isolated node JonMajerowski to community 1 based on structural balance theory
[2025-05-15 20:07:57] WARNING: Assigned isolated node MiddleofMayhem to community 2 based on structural balance theory
[2025-05-15 20:07:57] WARNING: Assigned isolated node PTHellyer to community 1 based on structural balance theory
[2025-05-15 20:07:57] WARNING: Assigned isolated node SnakePo9 to community 1 based on structural balance theory
[2025-05-15 20:07:57] WARNING: Assigned isolated node jamescfox to community 1 based on structural balance theory
[2025-05-15 20:07:57] WARNING: Assigned isolated node likeitmatters3 to community 2 based on structural balance theory
[2025-05-15 20:07:57] INFO: Analyzing community composition...
[2025-05-15 20:07:57] INFO: Community Community A (18 members): AskaPol_UAPs, ChrisUKSharp, DanHaug6, Eyes_OnTheSkies, FettucineSplit, GoodTroubleShow, Halsrethink, JeremyCorbell, JonMajerowski, LueElizondo, PTHellyer, SnakePo9, TheOfficialQF, g_knapp, jamescfox, jayanderson, rosscoulthart, ufobeliever1947
[2025-05-15 20:07:57] INFO: Community Community B (7 members): MiddleofMayhem, OSIRISUAP, ShipsSmall, cosmic_surplus, likeitmatters3, susangerbic, ufoskeptic1968
[2025-05-15 20:07:57] INFO: Community analysis written to community_analysis.txt
[2025-05-15 20:07:57] WARNING: Generating trust network visualization...
[2025-05-15 20:07:58] WARNING: Network visualization saved to visualization/trust_network.png
[2025-05-15 20:07:58] WARNING: Creating JSON data structure...
[2025-05-15 20:07:58] WARNING: Successfully generated js/data.js with:
[2025-05-15 20:07:58] WARNING: - 25 users
[2025-05-15 20:07:58] WARNING: - 31 trust relationships
[2025-05-15 20:07:58] WARNING: - 2 communities
[2025-05-15 20:07:58] WARNING: Trust calculation completed successfully.
[2025-05-15 20:17:38] WARNING: === Starting Trust Score Calculation ===
[2025-05-15 20:17:38] WARNING: Starting trust score calculation...
[2025-05-15 20:17:38] WARNING: Found 25 users in the trust network
[2025-05-15 20:17:38] WARNING: Building trust network graph...
[2025-05-15 20:17:38] WARNING: Calculating PageRank scores...
[2025-05-15 20:17:38] WARNING: Applying distrust penalties...
[2025-05-15 20:17:38] WARNING: Detecting communities...
[2025-05-15 20:17:38] WARNING: Found 8 isolated nodes to assign to communities
[2025-05-15 20:17:38] WARNING: Assigned isolated node Eyes_OnTheSkies to community 1 based on structural balance theory
[2025-05-15 20:17:38] WARNING: Assigned isolated node FettucineSplit to community 1 based on structural balance theory
[2025-05-15 20:17:38] WARNING: Assigned isolated node JonMajerowski to community 1 based on structural balance theory
[2025-05-15 20:17:38] WARNING: Assigned isolated node MiddleofMayhem to community 2 based on structural balance theory
[2025-05-15 20:17:38] WARNING: Assigned isolated node PTHellyer to community 1 based on structural balance theory
[2025-05-15 20:17:38] WARNING: Assigned isolated node SnakePo9 to community 1 based on structural balance theory
[2025-05-15 20:17:38] WARNING: Assigned isolated node jamescfox to community 1 based on structural balance theory
[2025-05-15 20:17:38] WARNING: Assigned isolated node likeitmatters3 to community 2 based on structural balance theory
[2025-05-15 20:17:38] INFO: Analyzing community composition...
[2025-05-15 20:17:38] INFO: Community Community A (18 members): AskaPol_UAPs, ChrisUKSharp, DanHaug6, Eyes_OnTheSkies, FettucineSplit, GoodTroubleShow, Halsrethink, JeremyCorbell, JonMajerowski, LueElizondo, PTHellyer, SnakePo9, TheOfficialQF, g_knapp, jamescfox, jayanderson, rosscoulthart, ufobeliever1947
[2025-05-15 20:17:38] INFO: Community Community B (7 members): MiddleofMayhem, OSIRISUAP, ShipsSmall, cosmic_surplus, likeitmatters3, susangerbic, ufoskeptic1968
[2025-05-15 20:17:38] INFO: Community analysis written to community_analysis.txt
[2025-05-15 20:17:38] WARNING: Generating trust network visualization...
[2025-05-15 20:17:39] WARNING: Network visualization saved to visualization/trust_network.png
[2025-05-15 20:17:39] WARNING: Creating JSON data structure...
[2025-05-15 20:17:39] WARNING: Successfully generated js/data.js with:
[2025-05-15 20:17:39] WARNING: - 25 users
[2025-05-15 20:17:39] WARNING: - 31 trust relationships
[2025-05-15 20:17:39] WARNING: - 2 communities
[2025-05-15 20:17:39] WARNING: Trust calculation completed successfully.
[2025-05-15 20:27:41] WARNING: === Starting Trust Score Calculation ===
[2025-05-15 20:27:41] WARNING: Starting trust score calculation...
[2025-05-15 20:27:41] WARNING: Found 25 users in the trust network
[2025-05-15 20:27:41] WARNING: Building trust network graph...
[2025-05-15 20:27:41] WARNING: Calculating PageRank scores...
[2025-05-15 20:27:41] WARNING: Applying distrust penalties...
[2025-05-15 20:27:41] WARNING: Detecting communities...
[2025-05-15 20:27:41] WARNING: Found 8 isolated nodes to assign to communities
[2025-05-15 20:27:41] WARNING: Assigned isolated node Eyes_OnTheSkies to community 1 based on structural balance theory
[2025-05-15 20:27:41] WARNING: Assigned isolated node FettucineSplit to community 1 based on structural balance theory
[2025-05-15 20:27:41] WARNING: Assigned isolated node JonMajerowski to community 1 based on structural balance theory
[2025-05-15 20:27:41] WARNING: Assigned isolated node MiddleofMayhem to community 2 based on structural balance theory
[2025-05-15 20:27:41] WARNING: Assigned isolated node PTHellyer to community 1 based on structural balance theory
[2025-05-15 20:27:41] WARNING: Assigned isolated node SnakePo9 to community 1 based on structural balance theory
[2025-05-15 20:27:41] WARNING: Assigned isolated node jamescfox to community 1 based on structural balance theory
[2025-05-15 20:27:41] WARNING: Assigned isolated node likeitmatters3 to community 2 based on structural balance theory
[2025-05-15 20:27:41] INFO: Analyzing community composition...
[2025-05-15 20:27:41] INFO: Community Community A (18 members): AskaPol_UAPs, ChrisUKSharp, DanHaug6, Eyes_OnTheSkies, FettucineSplit, GoodTroubleShow, Halsrethink, JeremyCorbell, JonMajerowski, LueElizondo, PTHellyer, SnakePo9, TheOfficialQF, g_knapp, jamescfox, jayanderson, rosscoulthart, ufobeliever1947
[2025-05-15 20:27:41] INFO: Community Community B (7 members): MiddleofMayhem, OSIRISUAP, ShipsSmall, cosmic_surplus, likeitmatters3, susangerbic, ufoskeptic1968
[2025-05-15 20:27:41] INFO: Community analysis written to community_analysis.txt
[2025-05-15 20:27:41] WARNING: Generating trust network visualization...
[2025-05-15 20:27:42] WARNING: Network visualization saved to visualization/trust_network.png
[2025-05-15 20:27:42] WARNING: Creating JSON data structure...
[2025-05-15 20:27:42] WARNING: Successfully generated js/data.js with:
[2025-05-15 20:27:42] WARNING: - 25 users
[2025-05-15 20:27:42] WARNING: - 31 trust relationships
[2025-05-15 20:27:42] WARNING: - 2 communities
[2025-05-15 20:27:42] WARNING: Trust calculation completed successfully.
[2025-05-15 20:37:38] WARNING: === Starting Trust Score Calculation ===
[2025-05-15 20:37:38] WARNING: Starting trust score calculation...
[2025-05-15 20:37:38] WARNING: Found 25 users in the trust network
[2025-05-15 20:37:38] WARNING: Building trust network graph...
[2025-05-15 20:37:38] WARNING: Calculating PageRank scores...
[2025-05-15 20:37:38] WARNING: Applying distrust penalties...
[2025-05-15 20:37:38] WARNING: Detecting communities...
[2025-05-15 20:37:38] WARNING: Found 8 isolated nodes to assign to communities
[2025-05-15 20:37:38] WARNING: Assigned isolated node Eyes_OnTheSkies to community 1 based on structural balance theory
[2025-05-15 20:37:38] WARNING: Assigned isolated node FettucineSplit to community 1 based on structural balance theory
[2025-05-15 20:37:38] WARNING: Assigned isolated node JonMajerowski to community 1 based on structural balance theory
[2025-05-15 20:37:38] WARNING: Assigned isolated node MiddleofMayhem to community 2 based on structural balance theory
[2025-05-15 20:37:38] WARNING: Assigned isolated node PTHellyer to community 1 based on structural balance theory
[2025-05-15 20:37:38] WARNING: Assigned isolated node SnakePo9 to community 1 based on structural balance theory
[2025-05-15 20:37:38] WARNING: Assigned isolated node jamescfox to community 1 based on structural balance theory
[2025-05-15 20:37:38] WARNING: Assigned isolated node likeitmatters3 to community 2 based on structural balance theory
[2025-05-15 20:37:38] INFO: Analyzing community composition...
[2025-05-15 20:37:38] INFO: Community Community A (18 members): AskaPol_UAPs, ChrisUKSharp, DanHaug6, Eyes_OnTheSkies, FettucineSplit, GoodTroubleShow, Halsrethink, JeremyCorbell, JonMajerowski, LueElizondo, PTHellyer, SnakePo9, TheOfficialQF, g_knapp, jamescfox, jayanderson, rosscoulthart, ufobeliever1947
[2025-05-15 20:37:38] INFO: Community Community B (7 members): MiddleofMayhem, OSIRISUAP, ShipsSmall, cosmic_surplus, likeitmatters3, susangerbic, ufoskeptic1968
[2025-05-15 20:37:38] INFO: Community analysis written to community_analysis.txt
[2025-05-15 20:37:38] WARNING: Generating trust network visualization...
[2025-05-15 20:37:39] WARNING: Network visualization saved to visualization/trust_network.png
[2025-05-15 20:37:39] WARNING: Creating JSON data structure...
[2025-05-15 20:37:39] WARNING: Successfully generated js/data.js with:
[2025-05-15 20:37:39] WARNING: - 25 users
[2025-05-15 20:37:39] WARNING: - 31 trust relationships
[2025-05-15 20:37:39] WARNING: - 2 communities
[2025-05-15 20:37:39] WARNING: Trust calculation completed successfully.
[2025-05-15 20:47:38] WARNING: === Starting Trust Score Calculation ===
[2025-05-15 20:47:38] WARNING: Starting trust score calculation...
[2025-05-15 20:47:38] WARNING: Found 25 users in the trust network
[2025-05-15 20:47:38] WARNING: Building trust network graph...
[2025-05-15 20:47:38] WARNING: Calculating PageRank scores...
[2025-05-15 20:47:38] WARNING: Applying distrust penalties...
[2025-05-15 20:47:38] WARNING: Detecting communities...
[2025-05-15 20:47:38] WARNING: Found 8 isolated nodes to assign to communities
[2025-05-15 20:47:38] WARNING: Assigned isolated node Eyes_OnTheSkies to community 1 based on structural balance theory
[2025-05-15 20:47:38] WARNING: Assigned isolated node FettucineSplit to community 1 based on structural balance theory
[2025-05-15 20:47:38] WARNING: Assigned isolated node JonMajerowski to community 1 based on structural balance theory
[2025-05-15 20:47:38] WARNING: Assigned isolated node MiddleofMayhem to community 2 based on structural balance theory
[2025-05-15 20:47:38] WARNING: Assigned isolated node PTHellyer to community 1 based on structural balance theory
[2025-05-15 20:47:38] WARNING: Assigned isolated node SnakePo9 to community 1 based on structural balance theory
[2025-05-15 20:47:38] WARNING: Assigned isolated node jamescfox to community 1 based on structural balance theory
[2025-05-15 20:47:38] WARNING: Assigned isolated node likeitmatters3 to community 2 based on structural balance theory
[2025-05-15 20:47:38] INFO: Analyzing community composition...
[2025-05-15 20:47:38] INFO: Community Community A (18 members): AskaPol_UAPs, ChrisUKSharp, DanHaug6, Eyes_OnTheSkies, FettucineSplit, GoodTroubleShow, Halsrethink, JeremyCorbell, JonMajerowski, LueElizondo, PTHellyer, SnakePo9, TheOfficialQF, g_knapp, jamescfox, jayanderson, rosscoulthart, ufobeliever1947
[2025-05-15 20:47:38] INFO: Community Community B (7 members): MiddleofMayhem, OSIRISUAP, ShipsSmall, cosmic_surplus, likeitmatters3, susangerbic, ufoskeptic1968
[2025-05-15 20:47:38] INFO: Community analysis written to community_analysis.txt
[2025-05-15 20:47:38] WARNING: Generating trust network visualization...
[2025-05-15 20:47:39] WARNING: Network visualization saved to visualization/trust_network.png
[2025-05-15 20:47:39] WARNING: Creating JSON data structure...
[2025-05-15 20:47:39] WARNING: Successfully generated js/data.js with:
[2025-05-15 20:47:39] WARNING: - 25 users
[2025-05-15 20:47:39] WARNING: - 31 trust relationships
[2025-05-15 20:47:39] WARNING: - 2 communities
[2025-05-15 20:47:39] WARNING: Trust calculation completed successfully.
[2025-05-15 20:57:38] WARNING: === Starting Trust Score Calculation ===
[2025-05-15 20:57:38] WARNING: Starting trust score calculation...
[2025-05-15 20:57:38] WARNING: Found 25 users in the trust network
[2025-05-15 20:57:38] WARNING: Building trust network graph...
[2025-05-15 20:57:38] WARNING: Calculating PageRank scores...
[2025-05-15 20:57:38] WARNING: Applying distrust penalties...
[2025-05-15 20:57:38] WARNING: Detecting communities...
[2025-05-15 20:57:38] WARNING: Found 8 isolated nodes to assign to communities
[2025-05-15 20:57:38] WARNING: Assigned isolated node Eyes_OnTheSkies to community 1 based on structural balance theory
[2025-05-15 20:57:38] WARNING: Assigned isolated node FettucineSplit to community 1 based on structural balance theory
[2025-05-15 20:57:38] WARNING: Assigned isolated node JonMajerowski to community 1 based on structural balance theory
[2025-05-15 20:57:38] WARNING: Assigned isolated node MiddleofMayhem to community 2 based on structural balance theory
[2025-05-15 20:57:38] WARNING: Assigned isolated node PTHellyer to community 1 based on structural balance theory
[2025-05-15 20:57:38] WARNING: Assigned isolated node SnakePo9 to community 1 based on structural balance theory
[2025-05-15 20:57:38] WARNING: Assigned isolated node jamescfox to community 1 based on structural balance theory
[2025-05-15 20:57:38] WARNING: Assigned isolated node likeitmatters3 to community 2 based on structural balance theory
[2025-05-15 20:57:38] INFO: Analyzing community composition...
[2025-05-15 20:57:38] INFO: Community Community A (18 members): AskaPol_UAPs, ChrisUKSharp, DanHaug6, Eyes_OnTheSkies, FettucineSplit, GoodTroubleShow, Halsrethink, JeremyCorbell, JonMajerowski, LueElizondo, PTHellyer, SnakePo9, TheOfficialQF, g_knapp, jamescfox, jayanderson, rosscoulthart, ufobeliever1947
[2025-05-15 20:57:38] INFO: Community Community B (7 members): MiddleofMayhem, OSIRISUAP, ShipsSmall, cosmic_surplus, likeitmatters3, susangerbic, ufoskeptic1968
[2025-05-15 20:57:38] INFO: Community analysis written to community_analysis.txt
[2025-05-15 20:57:38] WARNING: Generating trust network visualization...
[2025-05-15 20:57:39] WARNING: Network visualization saved to visualization/trust_network.png
[2025-05-15 20:57:39] WARNING: Creating JSON data structure...
[2025-05-15 20:57:39] WARNING: Successfully generated js/data.js with:
[2025-05-15 20:57:39] WARNING: - 25 users
[2025-05-15 20:57:39] WARNING: - 31 trust relationships
[2025-05-15 20:57:39] WARNING: - 2 communities
[2025-05-15 20:57:39] WARNING: Trust calculation completed successfully.
[2025-05-15 21:07:49] WARNING: === Starting Trust Score Calculation ===
[2025-05-15 21:07:49] WARNING: Starting trust score calculation...
[2025-05-15 21:07:49] WARNING: Found 25 users in the trust network
[2025-05-15 21:07:49] WARNING: Building trust network graph...
[2025-05-15 21:07:49] WARNING: Calculating PageRank scores...
[2025-05-15 21:07:49] WARNING: Applying distrust penalties...
[2025-05-15 21:07:49] WARNING: Detecting communities...
[2025-05-15 21:07:49] WARNING: Found 8 isolated nodes to assign to communities
[2025-05-15 21:07:49] WARNING: Assigned isolated node Eyes_OnTheSkies to community 1 based on structural balance theory
[2025-05-15 21:07:49] WARNING: Assigned isolated node FettucineSplit to community 1 based on structural balance theory
[2025-05-15 21:07:49] WARNING: Assigned isolated node JonMajerowski to community 1 based on structural balance theory
[2025-05-15 21:07:49] WARNING: Assigned isolated node MiddleofMayhem to community 2 based on structural balance theory
[2025-05-15 21:07:49] WARNING: Assigned isolated node PTHellyer to community 1 based on structural balance theory
[2025-05-15 21:07:49] WARNING: Assigned isolated node SnakePo9 to community 1 based on structural balance theory
[2025-05-15 21:07:49] WARNING: Assigned isolated node jamescfox to community 1 based on structural balance theory
[2025-05-15 21:07:49] WARNING: Assigned isolated node likeitmatters3 to community 2 based on structural balance theory
[2025-05-15 21:07:49] INFO: Analyzing community composition...
[2025-05-15 21:07:49] INFO: Community Community A (18 members): AskaPol_UAPs, ChrisUKSharp, DanHaug6, Eyes_OnTheSkies, FettucineSplit, GoodTroubleShow, Halsrethink, JeremyCorbell, JonMajerowski, LueElizondo, PTHellyer, SnakePo9, TheOfficialQF, g_knapp, jamescfox, jayanderson, rosscoulthart, ufobeliever1947
[2025-05-15 21:07:49] INFO: Community Community B (7 members): MiddleofMayhem, OSIRISUAP, ShipsSmall, cosmic_surplus, likeitmatters3, susangerbic, ufoskeptic1968
[2025-05-15 21:07:49] INFO: Community analysis written to community_analysis.txt
[2025-05-15 21:07:49] WARNING: Generating trust network visualization...
[2025-05-15 21:07:49] WARNING: Network visualization saved to visualization/trust_network.png
[2025-05-15 21:07:49] WARNING: Creating JSON data structure...
[2025-05-15 21:07:49] WARNING: Successfully generated js/data.js with:
[2025-05-15 21:07:49] WARNING: - 25 users
[2025-05-15 21:07:49] WARNING: - 31 trust relationships
[2025-05-15 21:07:49] WARNING: - 2 communities
[2025-05-15 21:07:49] WARNING: Trust calculation completed successfully.
[2025-05-15 21:17:38] WARNING: === Starting Trust Score Calculation ===
[2025-05-15 21:17:38] WARNING: Starting trust score calculation...
[2025-05-15 21:17:38] WARNING: Found 25 users in the trust network
[2025-05-15 21:17:38] WARNING: Building trust network graph...
[2025-05-15 21:17:38] WARNING: Calculating PageRank scores...
[2025-05-15 21:17:38] WARNING: Applying distrust penalties...
[2025-05-15 21:17:38] WARNING: Detecting communities...
[2025-05-15 21:17:38] WARNING: Found 8 isolated nodes to assign to communities
[2025-05-15 21:17:38] WARNING: Assigned isolated node Eyes_OnTheSkies to community 1 based on structural balance theory
[2025-05-15 21:17:38] WARNING: Assigned isolated node FettucineSplit to community 1 based on structural balance theory
[2025-05-15 21:17:38] WARNING: Assigned isolated node JonMajerowski to community 1 based on structural balance theory
[2025-05-15 21:17:38] WARNING: Assigned isolated node MiddleofMayhem to community 2 based on structural balance theory
[2025-05-15 21:17:38] WARNING: Assigned isolated node PTHellyer to community 1 based on structural balance theory
[2025-05-15 21:17:38] WARNING: Assigned isolated node SnakePo9 to community 1 based on structural balance theory
[2025-05-15 21:17:38] WARNING: Assigned isolated node jamescfox to community 1 based on structural balance theory
[2025-05-15 21:17:38] WARNING: Assigned isolated node likeitmatters3 to community 2 based on structural balance theory
[2025-05-15 21:17:38] INFO: Analyzing community composition...
[2025-05-15 21:17:38] INFO: Community Community A (18 members): AskaPol_UAPs, ChrisUKSharp, DanHaug6, Eyes_OnTheSkies, FettucineSplit, GoodTroubleShow, Halsrethink, JeremyCorbell, JonMajerowski, LueElizondo, PTHellyer, SnakePo9, TheOfficialQF, g_knapp, jamescfox, jayanderson, rosscoulthart, ufobeliever1947
[2025-05-15 21:17:38] INFO: Community Community B (7 members): MiddleofMayhem, OSIRISUAP, ShipsSmall, cosmic_surplus, likeitmatters3, susangerbic, ufoskeptic1968
[2025-05-15 21:17:38] INFO: Community analysis written to community_analysis.txt
[2025-05-15 21:17:38] WARNING: Generating trust network visualization...
[2025-05-15 21:17:39] WARNING: Network visualization saved to visualization/trust_network.png
[2025-05-15 21:17:39] WARNING: Creating JSON data structure...
[2025-05-15 21:17:39] WARNING: Successfully generated js/data.js with:
[2025-05-15 21:17:39] WARNING: - 25 users
[2025-05-15 21:17:39] WARNING: - 31 trust relationships
[2025-05-15 21:17:39] WARNING: - 2 communities
[2025-05-15 21:17:39] WARNING: Trust calculation completed successfully.
[2025-05-15 21:27:48] WARNING: === Starting Trust Score Calculation ===
[2025-05-15 21:27:48] WARNING: Starting trust score calculation...
[2025-05-15 21:27:48] WARNING: Found 25 users in the trust network
[2025-05-15 21:27:48] WARNING: Building trust network graph...
[2025-05-15 21:27:48] WARNING: Calculating PageRank scores...
[2025-05-15 21:27:48] WARNING: Applying distrust penalties...
[2025-05-15 21:27:48] WARNING: Detecting communities...
[2025-05-15 21:27:48] WARNING: Found 8 isolated nodes to assign to communities
[2025-05-15 21:27:48] WARNING: Assigned isolated node Eyes_OnTheSkies to community 1 based on structural balance theory
[2025-05-15 21:27:48] WARNING: Assigned isolated node FettucineSplit to community 1 based on structural balance theory
[2025-05-15 21:27:48] WARNING: Assigned isolated node JonMajerowski to community 1 based on structural balance theory
[2025-05-15 21:27:48] WARNING: Assigned isolated node MiddleofMayhem to community 2 based on structural balance theory
[2025-05-15 21:27:48] WARNING: Assigned isolated node PTHellyer to community 1 based on structural balance theory
[2025-05-15 21:27:48] WARNING: Assigned isolated node SnakePo9 to community 1 based on structural balance theory
[2025-05-15 21:27:48] WARNING: Assigned isolated node jamescfox to community 1 based on structural balance theory
[2025-05-15 21:27:48] WARNING: Assigned isolated node likeitmatters3 to community 2 based on structural balance theory
[2025-05-15 21:27:48] INFO: Analyzing community composition...
[2025-05-15 21:27:48] INFO: Community Community A (18 members): AskaPol_UAPs, ChrisUKSharp, DanHaug6, Eyes_OnTheSkies, FettucineSplit, GoodTroubleShow, Halsrethink, JeremyCorbell, JonMajerowski, LueElizondo, PTHellyer, SnakePo9, TheOfficialQF, g_knapp, jamescfox, jayanderson, rosscoulthart, ufobeliever1947
[2025-05-15 21:27:48] INFO: Community Community B (7 members): MiddleofMayhem, OSIRISUAP, ShipsSmall, cosmic_surplus, likeitmatters3, susangerbic, ufoskeptic1968
[2025-05-15 21:27:48] INFO: Community analysis written to community_analysis.txt
[2025-05-15 21:27:48] WARNING: Generating trust network visualization...
[2025-05-15 21:27:49] WARNING: Network visualization saved to visualization/trust_network.png
[2025-05-15 21:27:49] WARNING: Creating JSON data structure...
[2025-05-15 21:27:49] WARNING: Successfully generated js/data.js with:
[2025-05-15 21:27:49] WARNING: - 25 users
[2025-05-15 21:27:49] WARNING: - 31 trust relationships
[2025-05-15 21:27:49] WARNING: - 2 communities
[2025-05-15 21:27:49] WARNING: Trust calculation completed successfully.
[2025-05-15 21:37:48] WARNING: === Starting Trust Score Calculation ===
[2025-05-15 21:37:48] WARNING: Starting trust score calculation...
[2025-05-15 21:37:48] WARNING: Found 25 users in the trust network
[2025-05-15 21:37:48] WARNING: Building trust network graph...
[2025-05-15 21:37:48] WARNING: Calculating PageRank scores...
[2025-05-15 21:37:48] WARNING: Applying distrust penalties...
[2025-05-15 21:37:48] WARNING: Detecting communities...
[2025-05-15 21:37:48] WARNING: Found 8 isolated nodes to assign to communities
[2025-05-15 21:37:48] WARNING: Assigned isolated node Eyes_OnTheSkies to community 1 based on structural balance theory
[2025-05-15 21:37:48] WARNING: Assigned isolated node FettucineSplit to community 1 based on structural balance theory
[2025-05-15 21:37:48] WARNING: Assigned isolated node JonMajerowski to community 1 based on structural balance theory
[2025-05-15 21:37:48] WARNING: Assigned isolated node MiddleofMayhem to community 2 based on structural balance theory
[2025-05-15 21:37:48] WARNING: Assigned isolated node PTHellyer to community 1 based on structural balance theory
[2025-05-15 21:37:48] WARNING: Assigned isolated node SnakePo9 to community 1 based on structural balance theory
[2025-05-15 21:37:48] WARNING: Assigned isolated node jamescfox to community 1 based on structural balance theory
[2025-05-15 21:37:48] WARNING: Assigned isolated node likeitmatters3 to community 2 based on structural balance theory
[2025-05-15 21:37:48] INFO: Analyzing community composition...
[2025-05-15 21:37:48] INFO: Community Community A (18 members): AskaPol_UAPs, ChrisUKSharp, DanHaug6, Eyes_OnTheSkies, FettucineSplit, GoodTroubleShow, Halsrethink, JeremyCorbell, JonMajerowski, LueElizondo, PTHellyer, SnakePo9, TheOfficialQF, g_knapp, jamescfox, jayanderson, rosscoulthart, ufobeliever1947
[2025-05-15 21:37:48] INFO: Community Community B (7 members): MiddleofMayhem, OSIRISUAP, ShipsSmall, cosmic_surplus, likeitmatters3, susangerbic, ufoskeptic1968
[2025-05-15 21:37:48] INFO: Community analysis written to community_analysis.txt
[2025-05-15 21:37:48] WARNING: Generating trust network visualization...
[2025-05-15 21:37:49] WARNING: Network visualization saved to visualization/trust_network.png
[2025-05-15 21:37:49] WARNING: Creating JSON data structure...
[2025-05-15 21:37:49] WARNING: Successfully generated js/data.js with:
[2025-05-15 21:37:49] WARNING: - 25 users
[2025-05-15 21:37:49] WARNING: - 31 trust relationships
[2025-05-15 21:37:49] WARNING: - 2 communities
[2025-05-15 21:37:49] WARNING: Trust calculation completed successfully.
[2025-05-15 21:47:39] WARNING: === Starting Trust Score Calculation ===
[2025-05-15 21:47:39] WARNING: Starting trust score calculation...
[2025-05-15 21:47:39] WARNING: Found 25 users in the trust network
[2025-05-15 21:47:39] WARNING: Building trust network graph...
[2025-05-15 21:47:39] WARNING: Calculating PageRank scores...
[2025-05-15 21:47:39] WARNING: Applying distrust penalties...
[2025-05-15 21:47:39] WARNING: Detecting communities...
[2025-05-15 21:47:39] WARNING: Found 8 isolated nodes to assign to communities
[2025-05-15 21:47:39] WARNING: Assigned isolated node Eyes_OnTheSkies to community 1 based on structural balance theory
[2025-05-15 21:47:39] WARNING: Assigned isolated node FettucineSplit to community 1 based on structural balance theory
[2025-05-15 21:47:39] WARNING: Assigned isolated node JonMajerowski to community 1 based on structural balance theory
[2025-05-15 21:47:39] WARNING: Assigned isolated node MiddleofMayhem to community 2 based on structural balance theory
[2025-05-15 21:47:39] WARNING: Assigned isolated node PTHellyer to community 1 based on structural balance theory
[2025-05-15 21:47:39] WARNING: Assigned isolated node SnakePo9 to community 1 based on structural balance theory
[2025-05-15 21:47:39] WARNING: Assigned isolated node jamescfox to community 1 based on structural balance theory
[2025-05-15 21:47:39] WARNING: Assigned isolated node likeitmatters3 to community 2 based on structural balance theory
[2025-05-15 21:47:39] INFO: Analyzing community composition...
[2025-05-15 21:47:39] INFO: Community Community A (18 members): AskaPol_UAPs, ChrisUKSharp, DanHaug6, Eyes_OnTheSkies, FettucineSplit, GoodTroubleShow, Halsrethink, JeremyCorbell, JonMajerowski, LueElizondo, PTHellyer, SnakePo9, TheOfficialQF, g_knapp, jamescfox, jayanderson, rosscoulthart, ufobeliever1947
[2025-05-15 21:47:39] INFO: Community Community B (7 members): MiddleofMayhem, OSIRISUAP, ShipsSmall, cosmic_surplus, likeitmatters3, susangerbic, ufoskeptic1968
[2025-05-15 21:47:39] INFO: Community analysis written to community_analysis.txt
[2025-05-15 21:47:39] WARNING: Generating trust network visualization...
[2025-05-15 21:47:40] WARNING: Network visualization saved to visualization/trust_network.png
[2025-05-15 21:47:40] WARNING: Creating JSON data structure...
[2025-05-15 21:47:40] WARNING: Successfully generated js/data.js with:
[2025-05-15 21:47:40] WARNING: - 25 users
[2025-05-15 21:47:40] WARNING: - 31 trust relationships
[2025-05-15 21:47:40] WARNING: - 2 communities
[2025-05-15 21:47:40] WARNING: Trust calculation completed successfully.
[2025-05-15 21:57:38] WARNING: === Starting Trust Score Calculation ===
[2025-05-15 21:57:38] WARNING: Starting trust score calculation...
[2025-05-15 21:57:38] WARNING: Found 25 users in the trust network
[2025-05-15 21:57:38] WARNING: Building trust network graph...
[2025-05-15 21:57:38] WARNING: Calculating PageRank scores...
[2025-05-15 21:57:38] WARNING: Applying distrust penalties...
[2025-05-15 21:57:38] WARNING: Detecting communities...
[2025-05-15 21:57:38] WARNING: Found 8 isolated nodes to assign to communities
[2025-05-15 21:57:38] WARNING: Assigned isolated node Eyes_OnTheSkies to community 1 based on structural balance theory
[2025-05-15 21:57:38] WARNING: Assigned isolated node FettucineSplit to community 1 based on structural balance theory
[2025-05-15 21:57:38] WARNING: Assigned isolated node JonMajerowski to community 1 based on structural balance theory
[2025-05-15 21:57:38] WARNING: Assigned isolated node MiddleofMayhem to community 2 based on structural balance theory
[2025-05-15 21:57:38] WARNING: Assigned isolated node PTHellyer to community 1 based on structural balance theory
[2025-05-15 21:57:38] WARNING: Assigned isolated node SnakePo9 to community 1 based on structural balance theory
[2025-05-15 21:57:38] WARNING: Assigned isolated node jamescfox to community 1 based on structural balance theory
[2025-05-15 21:57:38] WARNING: Assigned isolated node likeitmatters3 to community 2 based on structural balance theory
[2025-05-15 21:57:38] INFO: Analyzing community composition...
[2025-05-15 21:57:38] INFO: Community Community A (18 members): AskaPol_UAPs, ChrisUKSharp, DanHaug6, Eyes_OnTheSkies, FettucineSplit, GoodTroubleShow, Halsrethink, JeremyCorbell, JonMajerowski, LueElizondo, PTHellyer, SnakePo9, TheOfficialQF, g_knapp, jamescfox, jayanderson, rosscoulthart, ufobeliever1947
[2025-05-15 21:57:38] INFO: Community Community B (7 members): MiddleofMayhem, OSIRISUAP, ShipsSmall, cosmic_surplus, likeitmatters3, susangerbic, ufoskeptic1968
[2025-05-15 21:57:38] INFO: Community analysis written to community_analysis.txt
[2025-05-15 21:57:38] WARNING: Generating trust network visualization...
[2025-05-15 21:57:39] WARNING: Network visualization saved to visualization/trust_network.png
[2025-05-15 21:57:39] WARNING: Creating JSON data structure...
[2025-05-15 21:57:39] WARNING: Successfully generated js/data.js with:
[2025-05-15 21:57:39] WARNING: - 25 users
[2025-05-15 21:57:39] WARNING: - 31 trust relationships
[2025-05-15 21:57:39] WARNING: - 2 communities
[2025-05-15 21:57:39] WARNING: Trust calculation completed successfully.
[2025-05-15 21:57:40] Committing and pushing changes to GitHub...
