[2025-06-06 06:27:32] Starting Twitter Trust System update process...
[2025-06-06 06:27:32] Update frequency set to: 10 minutes
[2025-06-06 06:27:32] Collecting trust assignments from Twitter...
[2025-06-06 06:27:36] Warning: Trust assignments file not updated recently (last modified 05/24/2025 07:17:37)
[2025-06-05 23:57:35] WARNING: Retrieved a total of 0 tweets across 1 pages
[2025-06-05 23:57:35] WARNING: No new tweets found with trust commands. Exiting without error.
[2025-06-05 23:57:35] WARNING: Collection complete!
[2025-06-05 23:57:35] WARNING: - 0 trust assignments processed
[2025-06-05 23:57:35] WARNING: - 2 users in trust network
[2025-06-05 23:57:35] WARNING: - 31 total trust relationships
[2025-06-06 00:07:33] WARNING: === Starting Twitter Trust System Collection ===
[2025-06-06 00:07:33] WARNING: Will collect tweets until reaching previous timestamp: 2025-05-12 06:54:05+00:00
[2025-06-06 00:07:33] WARNING: Retrieving page 1...
[2025-06-06 00:07:35] WARNING: Newest tweet is from: 2025-05-12 06:54:05+00:00
[2025-06-06 00:07:35] WARNING: Reached stop point at tweet from 2025-05-12 06:54:05+00:00
[2025-06-06 00:07:35] WARNING: Retrieved 0 new tweets on page 1
[2025-06-06 00:07:35] WARNING: Stopping pagination as we've reached the stop point
[2025-06-06 00:07:35] WARNING: Retrieved a total of 0 tweets across 1 pages
[2025-06-06 00:07:35] WARNING: No new tweets found with trust commands. Exiting without error.
[2025-06-06 00:07:35] WARNING: Collection complete!
[2025-06-06 00:07:35] WARNING: - 0 trust assignments processed
[2025-06-06 00:07:35] WARNING: - 2 users in trust network
[2025-06-06 00:07:35] WARNING: - 31 total trust relationships
[2025-06-06 00:17:33] WARNING: === Starting Twitter Trust System Collection ===
[2025-06-06 00:17:33] WARNING: Will collect tweets until reaching previous timestamp: 2025-05-12 06:54:05+00:00
[2025-06-06 00:17:33] WARNING: Retrieving page 1...
[2025-06-06 00:17:34] WARNING: Newest tweet is from: 2025-05-12 06:54:05+00:00
[2025-06-06 00:17:34] WARNING: Reached stop point at tweet from 2025-05-12 06:54:05+00:00
[2025-06-06 00:17:34] WARNING: Retrieved 0 new tweets on page 1
[2025-06-06 00:17:34] WARNING: Stopping pagination as we've reached the stop point
[2025-06-06 00:17:34] WARNING: Retrieved a total of 0 tweets across 1 pages
[2025-06-06 00:17:34] WARNING: No new tweets found with trust commands. Exiting without error.
[2025-06-06 00:17:34] WARNING: Collection complete!
[2025-06-06 00:17:34] WARNING: - 0 trust assignments processed
[2025-06-06 00:17:34] WARNING: - 2 users in trust network
[2025-06-06 00:17:34] WARNING: - 31 total trust relationships
[2025-06-06 00:27:33] WARNING: === Starting Twitter Trust System Collection ===
[2025-06-06 00:27:33] WARNING: Will collect tweets until reaching previous timestamp: 2025-05-12 06:54:05+00:00
[2025-06-06 00:27:33] WARNING: Retrieving page 1...
[2025-06-06 00:27:35] WARNING: Newest tweet is from: 2025-05-12 06:54:05+00:00
[2025-06-06 00:27:35] WARNING: Reached stop point at tweet from 2025-05-12 06:54:05+00:00
[2025-06-06 00:27:35] WARNING: Retrieved 0 new tweets on page 1
[2025-06-06 00:27:35] WARNING: Stopping pagination as we've reached the stop point
[2025-06-06 00:27:35] WARNING: Retrieved a total of 0 tweets across 1 pages
[2025-06-06 00:27:35] WARNING: No new tweets found with trust commands. Exiting without error.
[2025-06-06 00:27:35] WARNING: Collection complete!
[2025-06-06 00:27:35] WARNING: - 0 trust assignments processed
[2025-06-06 00:27:35] WARNING: - 2 users in trust network
[2025-06-06 00:27:35] WARNING: - 31 total trust relationships
[2025-06-06 00:37:33] WARNING: === Starting Twitter Trust System Collection ===
[2025-06-06 00:37:33] WARNING: Will collect tweets until reaching previous timestamp: 2025-05-12 06:54:05+00:00
[2025-06-06 00:37:33] WARNING: Retrieving page 1...
[2025-06-06 00:37:34] WARNING: Newest tweet is from: 2025-05-12 06:54:05+00:00
[2025-06-06 00:37:34] WARNING: Reached stop point at tweet from 2025-05-12 06:54:05+00:00
[2025-06-06 00:37:34] WARNING: Retrieved 0 new tweets on page 1
[2025-06-06 00:37:34] WARNING: Stopping pagination as we've reached the stop point
[2025-06-06 00:37:34] WARNING: Retrieved a total of 0 tweets across 1 pages
[2025-06-06 00:37:34] WARNING: No new tweets found with trust commands. Exiting without error.
[2025-06-06 00:37:34] WARNING: Collection complete!
[2025-06-06 00:37:34] WARNING: - 0 trust assignments processed
[2025-06-06 00:37:34] WARNING: - 2 users in trust network
[2025-06-06 00:37:34] WARNING: - 31 total trust relationships
[2025-06-06 00:47:33] WARNING: === Starting Twitter Trust System Collection ===
[2025-06-06 00:47:33] WARNING: Will collect tweets until reaching previous timestamp: 2025-05-12 06:54:05+00:00
[2025-06-06 00:47:33] WARNING: Retrieving page 1...
[2025-06-06 00:47:35] WARNING: Newest tweet is from: 2025-05-12 06:54:05+00:00
[2025-06-06 00:47:35] WARNING: Reached stop point at tweet from 2025-05-12 06:54:05+00:00
[2025-06-06 00:47:35] WARNING: Retrieved 0 new tweets on page 1
[2025-06-06 00:47:35] WARNING: Stopping pagination as we've reached the stop point
[2025-06-06 00:47:35] WARNING: Retrieved a total of 0 tweets across 1 pages
[2025-06-06 00:47:35] WARNING: No new tweets found with trust commands. Exiting without error.
[2025-06-06 00:47:35] WARNING: Collection complete!
[2025-06-06 00:47:35] WARNING: - 0 trust assignments processed
[2025-06-06 00:47:35] WARNING: - 2 users in trust network
[2025-06-06 00:47:35] WARNING: - 31 total trust relationships
[2025-06-06 00:57:33] WARNING: === Starting Twitter Trust System Collection ===
[2025-06-06 00:57:33] WARNING: Will collect tweets until reaching previous timestamp: 2025-05-12 06:54:05+00:00
[2025-06-06 00:57:33] WARNING: Retrieving page 1...
[2025-06-06 00:57:35] WARNING: Newest tweet is from: 2025-05-12 06:54:05+00:00
[2025-06-06 00:57:35] WARNING: Reached stop point at tweet from 2025-05-12 06:54:05+00:00
[2025-06-06 00:57:35] WARNING: Retrieved 0 new tweets on page 1
[2025-06-06 00:57:35] WARNING: Stopping pagination as we've reached the stop point
[2025-06-06 00:57:35] WARNING: Retrieved a total of 0 tweets across 1 pages
[2025-06-06 00:57:35] WARNING: No new tweets found with trust commands. Exiting without error.
[2025-06-06 00:57:35] WARNING: Collection complete!
[2025-06-06 00:57:35] WARNING: - 0 trust assignments processed
[2025-06-06 00:57:35] WARNING: - 2 users in trust network
[2025-06-06 00:57:35] WARNING: - 31 total trust relationships
[2025-06-06 01:07:33] WARNING: === Starting Twitter Trust System Collection ===
[2025-06-06 01:07:33] WARNING: Will collect tweets until reaching previous timestamp: 2025-05-12 06:54:05+00:00
[2025-06-06 01:07:33] WARNING: Retrieving page 1...
[2025-06-06 01:07:34] WARNING: Newest tweet is from: 2025-05-12 06:54:05+00:00
[2025-06-06 01:07:34] WARNING: Reached stop point at tweet from 2025-05-12 06:54:05+00:00
[2025-06-06 01:07:34] WARNING: Retrieved 0 new tweets on page 1
[2025-06-06 01:07:34] WARNING: Stopping pagination as we've reached the stop point
[2025-06-06 01:07:34] WARNING: Retrieved a total of 0 tweets across 1 pages
[2025-06-06 01:07:34] WARNING: No new tweets found with trust commands. Exiting without error.
[2025-06-06 01:07:34] WARNING: Collection complete!
[2025-06-06 01:07:34] WARNING: - 0 trust assignments processed
[2025-06-06 01:07:34] WARNING: - 2 users in trust network
[2025-06-06 01:07:34] WARNING: - 31 total trust relationships
[2025-06-06 01:17:33] WARNING: === Starting Twitter Trust System Collection ===
[2025-06-06 01:17:33] WARNING: Will collect tweets until reaching previous timestamp: 2025-05-12 06:54:05+00:00
[2025-06-06 01:17:33] WARNING: Retrieving page 1...
[2025-06-06 01:17:35] WARNING: Newest tweet is from: 2025-05-12 06:54:05+00:00
[2025-06-06 01:17:35] WARNING: Reached stop point at tweet from 2025-05-12 06:54:05+00:00
[2025-06-06 01:17:35] WARNING: Retrieved 0 new tweets on page 1
[2025-06-06 01:17:35] WARNING: Stopping pagination as we've reached the stop point
[2025-06-06 01:17:35] WARNING: Retrieved a total of 0 tweets across 1 pages
[2025-06-06 01:17:35] WARNING: No new tweets found with trust commands. Exiting without error.
[2025-06-06 01:17:35] WARNING: Collection complete!
[2025-06-06 01:17:35] WARNING: - 0 trust assignments processed
[2025-06-06 01:17:35] WARNING: - 2 users in trust network
[2025-06-06 01:17:35] WARNING: - 31 total trust relationships
[2025-06-06 01:27:33] WARNING: === Starting Twitter Trust System Collection ===
[2025-06-06 01:27:33] WARNING: Will collect tweets until reaching previous timestamp: 2025-05-12 06:54:05+00:00
[2025-06-06 01:27:33] WARNING: Retrieving page 1...
[2025-06-06 01:27:34] WARNING: Newest tweet is from: 2025-05-12 06:54:05+00:00
[2025-06-06 01:27:34] WARNING: Reached stop point at tweet from 2025-05-12 06:54:05+00:00
[2025-06-06 01:27:34] WARNING: Retrieved 0 new tweets on page 1
[2025-06-06 01:27:34] WARNING: Stopping pagination as we've reached the stop point
[2025-06-06 01:27:34] WARNING: Retrieved a total of 0 tweets across 1 pages
[2025-06-06 01:27:34] WARNING: No new tweets found with trust commands. Exiting without error.
[2025-06-06 01:27:34] WARNING: Collection complete!
[2025-06-06 01:27:34] WARNING: - 0 trust assignments processed
[2025-06-06 01:27:34] WARNING: - 2 users in trust network
[2025-06-06 01:27:34] WARNING: - 31 total trust relationships
[2025-06-06 01:37:33] WARNING: === Starting Twitter Trust System Collection ===
[2025-06-06 01:37:33] WARNING: Will collect tweets until reaching previous timestamp: 2025-05-12 06:54:05+00:00
[2025-06-06 01:37:33] WARNING: Retrieving page 1...
[2025-06-06 01:37:35] WARNING: Newest tweet is from: 2025-05-12 06:54:05+00:00
[2025-06-06 01:37:35] WARNING: Reached stop point at tweet from 2025-05-12 06:54:05+00:00
[2025-06-06 01:37:35] WARNING: Retrieved 0 new tweets on page 1
[2025-06-06 01:37:35] WARNING: Stopping pagination as we've reached the stop point
[2025-06-06 01:37:35] WARNING: Retrieved a total of 0 tweets across 1 pages
[2025-06-06 01:37:35] WARNING: No new tweets found with trust commands. Exiting without error.
[2025-06-06 01:37:35] WARNING: Collection complete!
[2025-06-06 01:37:35] WARNING: - 0 trust assignments processed
[2025-06-06 01:37:35] WARNING: - 2 users in trust network
[2025-06-06 01:37:35] WARNING: - 31 total trust relationships
[2025-06-06 01:47:33] WARNING: === Starting Twitter Trust System Collection ===
[2025-06-06 01:47:33] WARNING: Will collect tweets until reaching previous timestamp: 2025-05-12 06:54:05+00:00
[2025-06-06 01:47:33] WARNING: Retrieving page 1...
[2025-06-06 01:47:37] WARNING: Newest tweet is from: 2025-05-12 06:54:05+00:00
[2025-06-06 01:47:37] WARNING: Reached stop point at tweet from 2025-05-12 06:54:05+00:00
[2025-06-06 01:47:37] WARNING: Retrieved 0 new tweets on page 1
[2025-06-06 01:47:37] WARNING: Stopping pagination as we've reached the stop point
[2025-06-06 01:47:37] WARNING: Retrieved a total of 0 tweets across 1 pages
[2025-06-06 01:47:37] WARNING: No new tweets found with trust commands. Exiting without error.
[2025-06-06 01:47:37] WARNING: Collection complete!
[2025-06-06 01:47:37] WARNING: - 0 trust assignments processed
[2025-06-06 01:47:37] WARNING: - 2 users in trust network
[2025-06-06 01:47:37] WARNING: - 31 total trust relationships
[2025-06-06 01:57:34] WARNING: === Starting Twitter Trust System Collection ===
[2025-06-06 01:57:34] WARNING: Will collect tweets until reaching previous timestamp: 2025-05-12 06:54:05+00:00
[2025-06-06 01:57:34] WARNING: Retrieving page 1...
[2025-06-06 01:57:36] WARNING: Newest tweet is from: 2025-05-12 06:54:05+00:00
[2025-06-06 01:57:36] WARNING: Reached stop point at tweet from 2025-05-12 06:54:05+00:00
[2025-06-06 01:57:36] WARNING: Retrieved 0 new tweets on page 1
[2025-06-06 01:57:36] WARNING: Stopping pagination as we've reached the stop point
[2025-06-06 01:57:36] WARNING: Retrieved a total of 0 tweets across 1 pages
[2025-06-06 01:57:36] WARNING: No new tweets found with trust commands. Exiting without error.
[2025-06-06 01:57:36] WARNING: Collection complete!
[2025-06-06 01:57:36] WARNING: - 0 trust assignments processed
[2025-06-06 01:57:36] WARNING: - 2 users in trust network
[2025-06-06 01:57:36] WARNING: - 31 total trust relationships
[2025-06-06 02:07:33] WARNING: === Starting Twitter Trust System Collection ===
[2025-06-06 02:07:33] WARNING: Will collect tweets until reaching previous timestamp: 2025-05-12 06:54:05+00:00
[2025-06-06 02:07:33] WARNING: Retrieving page 1...
[2025-06-06 02:07:35] WARNING: Newest tweet is from: 2025-05-12 06:54:05+00:00
[2025-06-06 02:07:35] WARNING: Reached stop point at tweet from 2025-05-12 06:54:05+00:00
[2025-06-06 02:07:35] WARNING: Retrieved 0 new tweets on page 1
[2025-06-06 02:07:35] WARNING: Stopping pagination as we've reached the stop point
[2025-06-06 02:07:35] WARNING: Retrieved a total of 0 tweets across 1 pages
[2025-06-06 02:07:35] WARNING: No new tweets found with trust commands. Exiting without error.
[2025-06-06 02:07:35] WARNING: Collection complete!
[2025-06-06 02:07:35] WARNING: - 0 trust assignments processed
[2025-06-06 02:07:35] WARNING: - 2 users in trust network
[2025-06-06 02:07:35] WARNING: - 31 total trust relationships
[2025-06-06 02:17:33] WARNING: === Starting Twitter Trust System Collection ===
[2025-06-06 02:17:33] WARNING: Will collect tweets until reaching previous timestamp: 2025-05-12 06:54:05+00:00
[2025-06-06 02:17:33] WARNING: Retrieving page 1...
[2025-06-06 02:17:35] WARNING: Newest tweet is from: 2025-05-12 06:54:05+00:00
[2025-06-06 02:17:35] WARNING: Reached stop point at tweet from 2025-05-12 06:54:05+00:00
[2025-06-06 02:17:35] WARNING: Retrieved 0 new tweets on page 1
[2025-06-06 02:17:35] WARNING: Stopping pagination as we've reached the stop point
[2025-06-06 02:17:35] WARNING: Retrieved a total of 0 tweets across 1 pages
[2025-06-06 02:17:35] WARNING: No new tweets found with trust commands. Exiting without error.
[2025-06-06 02:17:35] WARNING: Collection complete!
[2025-06-06 02:17:35] WARNING: - 0 trust assignments processed
[2025-06-06 02:17:35] WARNING: - 2 users in trust network
[2025-06-06 02:17:35] WARNING: - 31 total trust relationships
[2025-06-06 02:27:33] WARNING: === Starting Twitter Trust System Collection ===
[2025-06-06 02:27:33] WARNING: Will collect tweets until reaching previous timestamp: 2025-05-12 06:54:05+00:00
[2025-06-06 02:27:33] WARNING: Retrieving page 1...
[2025-06-06 02:27:54] WARNING: Error retrieving page 1: Expecting value: line 1 column 1 (char 0)
[2025-06-06 02:27:54] WARNING: Retrieved a total of 0 tweets across 1 pages
[2025-06-06 02:27:54] WARNING: No new tweets found with trust commands. Exiting without error.
[2025-06-06 02:27:54] WARNING: Collection complete!
[2025-06-06 02:27:54] WARNING: - 0 trust assignments processed
[2025-06-06 02:27:54] WARNING: - 2 users in trust network
[2025-06-06 02:27:54] WARNING: - 31 total trust relationships
[2025-06-06 02:37:33] WARNING: === Starting Twitter Trust System Collection ===
[2025-06-06 02:37:33] WARNING: Will collect tweets until reaching previous timestamp: 2025-05-12 06:54:05+00:00
[2025-06-06 02:37:33] WARNING: Retrieving page 1...
[2025-06-06 02:37:54] WARNING: Error retrieving page 1: Expecting value: line 1 column 1 (char 0)
[2025-06-06 02:37:54] WARNING: Retrieved a total of 0 tweets across 1 pages
[2025-06-06 02:37:54] WARNING: No new tweets found with trust commands. Exiting without error.
[2025-06-06 02:37:54] WARNING: Collection complete!
[2025-06-06 02:37:54] WARNING: - 0 trust assignments processed
[2025-06-06 02:37:54] WARNING: - 2 users in trust network
[2025-06-06 02:37:54] WARNING: - 31 total trust relationships
[2025-06-06 02:47:33] WARNING: === Starting Twitter Trust System Collection ===
[2025-06-06 02:47:33] WARNING: Will collect tweets until reaching previous timestamp: 2025-05-12 06:54:05+00:00
[2025-06-06 02:47:33] WARNING: Retrieving page 1...
[2025-06-06 02:47:36] WARNING: Newest tweet is from: 2025-05-12 06:54:05+00:00
[2025-06-06 02:47:36] WARNING: Reached stop point at tweet from 2025-05-12 06:54:05+00:00
[2025-06-06 02:47:36] WARNING: Retrieved 0 new tweets on page 1
[2025-06-06 02:47:36] WARNING: Stopping pagination as we've reached the stop point
[2025-06-06 02:47:36] WARNING: Retrieved a total of 0 tweets across 1 pages
[2025-06-06 02:47:36] WARNING: No new tweets found with trust commands. Exiting without error.
[2025-06-06 02:47:36] WARNING: Collection complete!
[2025-06-06 02:47:36] WARNING: - 0 trust assignments processed
[2025-06-06 02:47:36] WARNING: - 2 users in trust network
[2025-06-06 02:47:36] WARNING: - 31 total trust relationships
[2025-06-06 02:57:33] WARNING: === Starting Twitter Trust System Collection ===
[2025-06-06 02:57:33] WARNING: Will collect tweets until reaching previous timestamp: 2025-05-12 06:54:05+00:00
[2025-06-06 02:57:33] WARNING: Retrieving page 1...
[2025-06-06 02:57:35] WARNING: Newest tweet is from: 2025-05-12 06:54:05+00:00
[2025-06-06 02:57:35] WARNING: Reached stop point at tweet from 2025-05-12 06:54:05+00:00
[2025-06-06 02:57:35] WARNING: Retrieved 0 new tweets on page 1
[2025-06-06 02:57:35] WARNING: Stopping pagination as we've reached the stop point
[2025-06-06 02:57:35] WARNING: Retrieved a total of 0 tweets across 1 pages
[2025-06-06 02:57:35] WARNING: No new tweets found with trust commands. Exiting without error.
[2025-06-06 02:57:35] WARNING: Collection complete!
[2025-06-06 02:57:35] WARNING: - 0 trust assignments processed
[2025-06-06 02:57:35] WARNING: - 2 users in trust network
[2025-06-06 02:57:35] WARNING: - 31 total trust relationships
[2025-06-06 03:07:33] WARNING: === Starting Twitter Trust System Collection ===
[2025-06-06 03:07:33] WARNING: Will collect tweets until reaching previous timestamp: 2025-05-12 06:54:05+00:00
[2025-06-06 03:07:33] WARNING: Retrieving page 1...
[2025-06-06 03:07:35] WARNING: Newest tweet is from: 2025-05-12 06:54:05+00:00
[2025-06-06 03:07:35] WARNING: Reached stop point at tweet from 2025-05-12 06:54:05+00:00
[2025-06-06 03:07:35] WARNING: Retrieved 0 new tweets on page 1
[2025-06-06 03:07:35] WARNING: Stopping pagination as we've reached the stop point
[2025-06-06 03:07:35] WARNING: Retrieved a total of 0 tweets across 1 pages
[2025-06-06 03:07:35] WARNING: No new tweets found with trust commands. Exiting without error.
[2025-06-06 03:07:35] WARNING: Collection complete!
[2025-06-06 03:07:35] WARNING: - 0 trust assignments processed
[2025-06-06 03:07:35] WARNING: - 2 users in trust network
[2025-06-06 03:07:35] WARNING: - 31 total trust relationships
[2025-06-06 03:17:33] WARNING: === Starting Twitter Trust System Collection ===
[2025-06-06 03:17:33] WARNING: Will collect tweets until reaching previous timestamp: 2025-05-12 06:54:05+00:00
[2025-06-06 03:17:33] WARNING: Retrieving page 1...
[2025-06-06 03:17:35] WARNING: Newest tweet is from: 2025-05-12 06:54:05+00:00
[2025-06-06 03:17:35] WARNING: Reached stop point at tweet from 2025-05-12 06:54:05+00:00
[2025-06-06 03:17:35] WARNING: Retrieved 0 new tweets on page 1
[2025-06-06 03:17:35] WARNING: Stopping pagination as we've reached the stop point
[2025-06-06 03:17:35] WARNING: Retrieved a total of 0 tweets across 1 pages
[2025-06-06 03:17:35] WARNING: No new tweets found with trust commands. Exiting without error.
[2025-06-06 03:17:35] WARNING: Collection complete!
[2025-06-06 03:17:35] WARNING: - 0 trust assignments processed
[2025-06-06 03:17:35] WARNING: - 2 users in trust network
[2025-06-06 03:17:35] WARNING: - 31 total trust relationships
[2025-06-06 03:27:33] WARNING: === Starting Twitter Trust System Collection ===
[2025-06-06 03:27:33] WARNING: Will collect tweets until reaching previous timestamp: 2025-05-12 06:54:05+00:00
[2025-06-06 03:27:33] WARNING: Retrieving page 1...
[2025-06-06 03:27:35] WARNING: Newest tweet is from: 2025-05-12 06:54:05+00:00
[2025-06-06 03:27:35] WARNING: Reached stop point at tweet from 2025-05-12 06:54:05+00:00
[2025-06-06 03:27:35] WARNING: Retrieved 0 new tweets on page 1
[2025-06-06 03:27:35] WARNING: Stopping pagination as we've reached the stop point
[2025-06-06 03:27:35] WARNING: Retrieved a total of 0 tweets across 1 pages
[2025-06-06 03:27:35] WARNING: No new tweets found with trust commands. Exiting without error.
[2025-06-06 03:27:35] WARNING: Collection complete!
[2025-06-06 03:27:35] WARNING: - 0 trust assignments processed
[2025-06-06 03:27:35] WARNING: - 2 users in trust network
[2025-06-06 03:27:35] WARNING: - 31 total trust relationships
[2025-06-06 03:37:33] WARNING: === Starting Twitter Trust System Collection ===
[2025-06-06 03:37:33] WARNING: Will collect tweets until reaching previous timestamp: 2025-05-12 06:54:05+00:00
[2025-06-06 03:37:33] WARNING: Retrieving page 1...
[2025-06-06 03:37:36] WARNING: Newest tweet is from: 2025-05-12 06:54:05+00:00
[2025-06-06 03:37:36] WARNING: Reached stop point at tweet from 2025-05-12 06:54:05+00:00
[2025-06-06 03:37:36] WARNING: Retrieved 0 new tweets on page 1
[2025-06-06 03:37:36] WARNING: Stopping pagination as we've reached the stop point
[2025-06-06 03:37:36] WARNING: Retrieved a total of 0 tweets across 1 pages
[2025-06-06 03:37:36] WARNING: No new tweets found with trust commands. Exiting without error.
[2025-06-06 03:37:36] WARNING: Collection complete!
[2025-06-06 03:37:36] WARNING: - 0 trust assignments processed
[2025-06-06 03:37:36] WARNING: - 2 users in trust network
[2025-06-06 03:37:36] WARNING: - 31 total trust relationships
[2025-06-06 03:47:33] WARNING: === Starting Twitter Trust System Collection ===
[2025-06-06 03:47:33] WARNING: Will collect tweets until reaching previous timestamp: 2025-05-12 06:54:05+00:00
[2025-06-06 03:47:33] WARNING: Retrieving page 1...
[2025-06-06 03:47:35] WARNING: Newest tweet is from: 2025-05-12 06:54:05+00:00
[2025-06-06 03:47:35] WARNING: Reached stop point at tweet from 2025-05-12 06:54:05+00:00
[2025-06-06 03:47:35] WARNING: Retrieved 0 new tweets on page 1
[2025-06-06 03:47:35] WARNING: Stopping pagination as we've reached the stop point
[2025-06-06 03:47:35] WARNING: Retrieved a total of 0 tweets across 1 pages
[2025-06-06 03:47:35] WARNING: No new tweets found with trust commands. Exiting without error.
[2025-06-06 03:47:35] WARNING: Collection complete!
[2025-06-06 03:47:35] WARNING: - 0 trust assignments processed
[2025-06-06 03:47:35] WARNING: - 2 users in trust network
[2025-06-06 03:47:35] WARNING: - 31 total trust relationships
[2025-06-06 03:57:33] WARNING: === Starting Twitter Trust System Collection ===
[2025-06-06 03:57:33] WARNING: Will collect tweets until reaching previous timestamp: 2025-05-12 06:54:05+00:00
[2025-06-06 03:57:33] WARNING: Retrieving page 1...
[2025-06-06 03:57:35] WARNING: Newest tweet is from: 2025-05-12 06:54:05+00:00
[2025-06-06 03:57:35] WARNING: Reached stop point at tweet from 2025-05-12 06:54:05+00:00
[2025-06-06 03:57:35] WARNING: Retrieved 0 new tweets on page 1
[2025-06-06 03:57:35] WARNING: Stopping pagination as we've reached the stop point
[2025-06-06 03:57:35] WARNING: Retrieved a total of 0 tweets across 1 pages
[2025-06-06 03:57:35] WARNING: No new tweets found with trust commands. Exiting without error.
[2025-06-06 03:57:35] WARNING: Collection complete!
[2025-06-06 03:57:35] WARNING: - 0 trust assignments processed
[2025-06-06 03:57:35] WARNING: - 2 users in trust network
[2025-06-06 03:57:35] WARNING: - 31 total trust relationships
[2025-06-06 04:07:33] WARNING: === Starting Twitter Trust System Collection ===
[2025-06-06 04:07:33] WARNING: Will collect tweets until reaching previous timestamp: 2025-05-12 06:54:05+00:00
[2025-06-06 04:07:33] WARNING: Retrieving page 1...
[2025-06-06 04:07:35] WARNING: Newest tweet is from: 2025-05-12 06:54:05+00:00
[2025-06-06 04:07:35] WARNING: Reached stop point at tweet from 2025-05-12 06:54:05+00:00
[2025-06-06 04:07:35] WARNING: Retrieved 0 new tweets on page 1
[2025-06-06 04:07:35] WARNING: Stopping pagination as we've reached the stop point
[2025-06-06 04:07:35] WARNING: Retrieved a total of 0 tweets across 1 pages
[2025-06-06 04:07:35] WARNING: No new tweets found with trust commands. Exiting without error.
[2025-06-06 04:07:35] WARNING: Collection complete!
[2025-06-06 04:07:35] WARNING: - 0 trust assignments processed
[2025-06-06 04:07:35] WARNING: - 2 users in trust network
[2025-06-06 04:07:35] WARNING: - 31 total trust relationships
[2025-06-06 04:17:34] WARNING: === Starting Twitter Trust System Collection ===
[2025-06-06 04:17:34] WARNING: Will collect tweets until reaching previous timestamp: 2025-05-12 06:54:05+00:00
[2025-06-06 04:17:34] WARNING: Retrieving page 1...
[2025-06-06 04:17:38] WARNING: Newest tweet is from: 2025-05-12 06:54:05+00:00
[2025-06-06 04:17:38] WARNING: Reached stop point at tweet from 2025-05-12 06:54:05+00:00
[2025-06-06 04:17:38] WARNING: Retrieved 0 new tweets on page 1
[2025-06-06 04:17:38] WARNING: Stopping pagination as we've reached the stop point
[2025-06-06 04:17:38] WARNING: Retrieved a total of 0 tweets across 1 pages
[2025-06-06 04:17:38] WARNING: No new tweets found with trust commands. Exiting without error.
[2025-06-06 04:17:38] WARNING: Collection complete!
[2025-06-06 04:17:38] WARNING: - 0 trust assignments processed
[2025-06-06 04:17:38] WARNING: - 2 users in trust network
[2025-06-06 04:17:38] WARNING: - 31 total trust relationships
[2025-06-06 04:27:33] WARNING: === Starting Twitter Trust System Collection ===
[2025-06-06 04:27:33] WARNING: Will collect tweets until reaching previous timestamp: 2025-05-12 06:54:05+00:00
[2025-06-06 04:27:33] WARNING: Retrieving page 1...
[2025-06-06 04:27:36] WARNING: Newest tweet is from: 2025-05-12 06:54:05+00:00
[2025-06-06 04:27:36] WARNING: Reached stop point at tweet from 2025-05-12 06:54:05+00:00
[2025-06-06 04:27:36] WARNING: Retrieved 0 new tweets on page 1
[2025-06-06 04:27:36] WARNING: Stopping pagination as we've reached the stop point
[2025-06-06 04:27:36] WARNING: Retrieved a total of 0 tweets across 1 pages
[2025-06-06 04:27:36] WARNING: No new tweets found with trust commands. Exiting without error.
[2025-06-06 04:27:36] WARNING: Collection complete!
[2025-06-06 04:27:36] WARNING: - 0 trust assignments processed
[2025-06-06 04:27:36] WARNING: - 2 users in trust network
[2025-06-06 04:27:36] WARNING: - 31 total trust relationships
[2025-06-06 04:37:33] WARNING: === Starting Twitter Trust System Collection ===
[2025-06-06 04:37:33] WARNING: Will collect tweets until reaching previous timestamp: 2025-05-12 06:54:05+00:00
[2025-06-06 04:37:33] WARNING: Retrieving page 1...
[2025-06-06 04:37:35] WARNING: Newest tweet is from: 2025-05-12 06:54:05+00:00
[2025-06-06 04:37:35] WARNING: Reached stop point at tweet from 2025-05-12 06:54:05+00:00
[2025-06-06 04:37:35] WARNING: Retrieved 0 new tweets on page 1
[2025-06-06 04:37:35] WARNING: Stopping pagination as we've reached the stop point
[2025-06-06 04:37:35] WARNING: Retrieved a total of 0 tweets across 1 pages
[2025-06-06 04:37:35] WARNING: No new tweets found with trust commands. Exiting without error.
[2025-06-06 04:37:35] WARNING: Collection complete!
[2025-06-06 04:37:35] WARNING: - 0 trust assignments processed
[2025-06-06 04:37:35] WARNING: - 2 users in trust network
[2025-06-06 04:37:35] WARNING: - 31 total trust relationships
[2025-06-06 04:47:33] WARNING: === Starting Twitter Trust System Collection ===
[2025-06-06 04:47:33] WARNING: Will collect tweets until reaching previous timestamp: 2025-05-12 06:54:05+00:00
[2025-06-06 04:47:33] WARNING: Retrieving page 1...
[2025-06-06 04:47:35] WARNING: Newest tweet is from: 2025-05-12 06:54:05+00:00
[2025-06-06 04:47:35] WARNING: Reached stop point at tweet from 2025-05-12 06:54:05+00:00
[2025-06-06 04:47:35] WARNING: Retrieved 0 new tweets on page 1
[2025-06-06 04:47:35] WARNING: Stopping pagination as we've reached the stop point
[2025-06-06 04:47:35] WARNING: Retrieved a total of 0 tweets across 1 pages
[2025-06-06 04:47:35] WARNING: No new tweets found with trust commands. Exiting without error.
[2025-06-06 04:47:35] WARNING: Collection complete!
[2025-06-06 04:47:35] WARNING: - 0 trust assignments processed
[2025-06-06 04:47:35] WARNING: - 2 users in trust network
[2025-06-06 04:47:35] WARNING: - 31 total trust relationships
[2025-06-06 04:57:33] WARNING: === Starting Twitter Trust System Collection ===
[2025-06-06 04:57:33] WARNING: Will collect tweets until reaching previous timestamp: 2025-05-12 06:54:05+00:00
[2025-06-06 04:57:33] WARNING: Retrieving page 1...
[2025-06-06 04:57:35] WARNING: Newest tweet is from: 2025-05-12 06:54:05+00:00
[2025-06-06 04:57:35] WARNING: Reached stop point at tweet from 2025-05-12 06:54:05+00:00
[2025-06-06 04:57:35] WARNING: Retrieved 0 new tweets on page 1
[2025-06-06 04:57:35] WARNING: Stopping pagination as we've reached the stop point
[2025-06-06 04:57:35] WARNING: Retrieved a total of 0 tweets across 1 pages
[2025-06-06 04:57:35] WARNING: No new tweets found with trust commands. Exiting without error.
[2025-06-06 04:57:35] WARNING: Collection complete!
[2025-06-06 04:57:35] WARNING: - 0 trust assignments processed
[2025-06-06 04:57:35] WARNING: - 2 users in trust network
[2025-06-06 04:57:35] WARNING: - 31 total trust relationships
[2025-06-06 05:07:33] WARNING: === Starting Twitter Trust System Collection ===
[2025-06-06 05:07:33] WARNING: Will collect tweets until reaching previous timestamp: 2025-05-12 06:54:05+00:00
[2025-06-06 05:07:33] WARNING: Retrieving page 1...
[2025-06-06 05:07:35] WARNING: Newest tweet is from: 2025-05-12 06:54:05+00:00
[2025-06-06 05:07:35] WARNING: Reached stop point at tweet from 2025-05-12 06:54:05+00:00
[2025-06-06 05:07:35] WARNING: Retrieved 0 new tweets on page 1
[2025-06-06 05:07:35] WARNING: Stopping pagination as we've reached the stop point
[2025-06-06 05:07:35] WARNING: Retrieved a total of 0 tweets across 1 pages
[2025-06-06 05:07:35] WARNING: No new tweets found with trust commands. Exiting without error.
[2025-06-06 05:07:35] WARNING: Collection complete!
[2025-06-06 05:07:35] WARNING: - 0 trust assignments processed
[2025-06-06 05:07:35] WARNING: - 2 users in trust network
[2025-06-06 05:07:35] WARNING: - 31 total trust relationships
[2025-06-06 05:17:33] WARNING: === Starting Twitter Trust System Collection ===
[2025-06-06 05:17:33] WARNING: Will collect tweets until reaching previous timestamp: 2025-05-12 06:54:05+00:00
[2025-06-06 05:17:33] WARNING: Retrieving page 1...
[2025-06-06 05:17:35] WARNING: Newest tweet is from: 2025-05-12 06:54:05+00:00
[2025-06-06 05:17:35] WARNING: Reached stop point at tweet from 2025-05-12 06:54:05+00:00
[2025-06-06 05:17:35] WARNING: Retrieved 0 new tweets on page 1
[2025-06-06 05:17:35] WARNING: Stopping pagination as we've reached the stop point
[2025-06-06 05:17:35] WARNING: Retrieved a total of 0 tweets across 1 pages
[2025-06-06 05:17:35] WARNING: No new tweets found with trust commands. Exiting without error.
[2025-06-06 05:17:35] WARNING: Collection complete!
[2025-06-06 05:17:35] WARNING: - 0 trust assignments processed
[2025-06-06 05:17:35] WARNING: - 2 users in trust network
[2025-06-06 05:17:35] WARNING: - 31 total trust relationships
[2025-06-06 05:27:33] WARNING: === Starting Twitter Trust System Collection ===
[2025-06-06 05:27:33] WARNING: Will collect tweets until reaching previous timestamp: 2025-05-12 06:54:05+00:00
[2025-06-06 05:27:33] WARNING: Retrieving page 1...
[2025-06-06 05:27:35] WARNING: Newest tweet is from: 2025-05-12 06:54:05+00:00
[2025-06-06 05:27:35] WARNING: Reached stop point at tweet from 2025-05-12 06:54:05+00:00
[2025-06-06 05:27:35] WARNING: Retrieved 0 new tweets on page 1
[2025-06-06 05:27:35] WARNING: Stopping pagination as we've reached the stop point
[2025-06-06 05:27:35] WARNING: Retrieved a total of 0 tweets across 1 pages
[2025-06-06 05:27:35] WARNING: No new tweets found with trust commands. Exiting without error.
[2025-06-06 05:27:35] WARNING: Collection complete!
[2025-06-06 05:27:35] WARNING: - 0 trust assignments processed
[2025-06-06 05:27:35] WARNING: - 2 users in trust network
[2025-06-06 05:27:35] WARNING: - 31 total trust relationships
[2025-06-06 05:37:33] WARNING: === Starting Twitter Trust System Collection ===
[2025-06-06 05:37:33] WARNING: Will collect tweets until reaching previous timestamp: 2025-05-12 06:54:05+00:00
[2025-06-06 05:37:33] WARNING: Retrieving page 1...
[2025-06-06 05:37:35] WARNING: Newest tweet is from: 2025-05-12 06:54:05+00:00
[2025-06-06 05:37:35] WARNING: Reached stop point at tweet from 2025-05-12 06:54:05+00:00
[2025-06-06 05:37:35] WARNING: Retrieved 0 new tweets on page 1
[2025-06-06 05:37:35] WARNING: Stopping pagination as we've reached the stop point
[2025-06-06 05:37:35] WARNING: Retrieved a total of 0 tweets across 1 pages
[2025-06-06 05:37:35] WARNING: No new tweets found with trust commands. Exiting without error.
[2025-06-06 05:37:35] WARNING: Collection complete!
[2025-06-06 05:37:35] WARNING: - 0 trust assignments processed
[2025-06-06 05:37:35] WARNING: - 2 users in trust network
[2025-06-06 05:37:35] WARNING: - 31 total trust relationships
[2025-06-06 05:47:33] WARNING: === Starting Twitter Trust System Collection ===
[2025-06-06 05:47:33] WARNING: Will collect tweets until reaching previous timestamp: 2025-05-12 06:54:05+00:00
[2025-06-06 05:47:33] WARNING: Retrieving page 1...
[2025-06-06 05:47:35] WARNING: Newest tweet is from: 2025-05-12 06:54:05+00:00
[2025-06-06 05:47:35] WARNING: Reached stop point at tweet from 2025-05-12 06:54:05+00:00
[2025-06-06 05:47:35] WARNING: Retrieved 0 new tweets on page 1
[2025-06-06 05:47:35] WARNING: Stopping pagination as we've reached the stop point
[2025-06-06 05:47:35] WARNING: Retrieved a total of 0 tweets across 1 pages
[2025-06-06 05:47:35] WARNING: No new tweets found with trust commands. Exiting without error.
[2025-06-06 05:47:35] WARNING: Collection complete!
[2025-06-06 05:47:35] WARNING: - 0 trust assignments processed
[2025-06-06 05:47:35] WARNING: - 2 users in trust network
[2025-06-06 05:47:35] WARNING: - 31 total trust relationships
[2025-06-06 05:57:33] WARNING: === Starting Twitter Trust System Collection ===
[2025-06-06 05:57:33] WARNING: Will collect tweets until reaching previous timestamp: 2025-05-12 06:54:05+00:00
[2025-06-06 05:57:33] WARNING: Retrieving page 1...
[2025-06-06 05:57:35] WARNING: Newest tweet is from: 2025-05-12 06:54:05+00:00
[2025-06-06 05:57:35] WARNING: Reached stop point at tweet from 2025-05-12 06:54:05+00:00
[2025-06-06 05:57:35] WARNING: Retrieved 0 new tweets on page 1
[2025-06-06 05:57:35] WARNING: Stopping pagination as we've reached the stop point
[2025-06-06 05:57:35] WARNING: Retrieved a total of 0 tweets across 1 pages
[2025-06-06 05:57:35] WARNING: No new tweets found with trust commands. Exiting without error.
[2025-06-06 05:57:35] WARNING: Collection complete!
[2025-06-06 05:57:35] WARNING: - 0 trust assignments processed
[2025-06-06 05:57:35] WARNING: - 2 users in trust network
[2025-06-06 05:57:35] WARNING: - 31 total trust relationships
[2025-06-06 06:07:33] WARNING: === Starting Twitter Trust System Collection ===
[2025-06-06 06:07:33] WARNING: Will collect tweets until reaching previous timestamp: 2025-05-12 06:54:05+00:00
[2025-06-06 06:07:33] WARNING: Retrieving page 1...
[2025-06-06 06:07:35] WARNING: Newest tweet is from: 2025-05-12 06:54:05+00:00
[2025-06-06 06:07:35] WARNING: Reached stop point at tweet from 2025-05-12 06:54:05+00:00
[2025-06-06 06:07:35] WARNING: Retrieved 0 new tweets on page 1
[2025-06-06 06:07:35] WARNING: Stopping pagination as we've reached the stop point
[2025-06-06 06:07:35] WARNING: Retrieved a total of 0 tweets across 1 pages
[2025-06-06 06:07:35] WARNING: No new tweets found with trust commands. Exiting without error.
[2025-06-06 06:07:35] WARNING: Collection complete!
[2025-06-06 06:07:35] WARNING: - 0 trust assignments processed
[2025-06-06 06:07:35] WARNING: - 2 users in trust network
[2025-06-06 06:07:35] WARNING: - 31 total trust relationships
[2025-06-06 06:17:33] WARNING: === Starting Twitter Trust System Collection ===
[2025-06-06 06:17:33] WARNING: Will collect tweets until reaching previous timestamp: 2025-05-12 06:54:05+00:00
[2025-06-06 06:17:33] WARNING: Retrieving page 1...
[2025-06-06 06:17:35] WARNING: Newest tweet is from: 2025-05-12 06:54:05+00:00
[2025-06-06 06:17:35] WARNING: Reached stop point at tweet from 2025-05-12 06:54:05+00:00
[2025-06-06 06:17:35] WARNING: Retrieved 0 new tweets on page 1
[2025-06-06 06:17:35] WARNING: Stopping pagination as we've reached the stop point
[2025-06-06 06:17:35] WARNING: Retrieved a total of 0 tweets across 1 pages
[2025-06-06 06:17:35] WARNING: No new tweets found with trust commands. Exiting without error.
[2025-06-06 06:17:35] WARNING: Collection complete!
[2025-06-06 06:17:35] WARNING: - 0 trust assignments processed
[2025-06-06 06:17:35] WARNING: - 2 users in trust network
[2025-06-06 06:17:35] WARNING: - 31 total trust relationships
[2025-06-06 06:27:33] WARNING: === Starting Twitter Trust System Collection ===
[2025-06-06 06:27:33] WARNING: Will collect tweets until reaching previous timestamp: 2025-05-12 06:54:05+00:00
[2025-06-06 06:27:33] WARNING: Retrieving page 1...
[2025-06-06 06:27:36] WARNING: Newest tweet is from: 2025-05-12 06:54:05+00:00
[2025-06-06 06:27:36] WARNING: Reached stop point at tweet from 2025-05-12 06:54:05+00:00
[2025-06-06 06:27:36] WARNING: Retrieved 0 new tweets on page 1
[2025-06-06 06:27:36] WARNING: Stopping pagination as we've reached the stop point
[2025-06-06 06:27:36] WARNING: Retrieved a total of 0 tweets across 1 pages
[2025-06-06 06:27:36] WARNING: No new tweets found with trust commands. Exiting without error.
[2025-06-06 06:27:36] WARNING: Collection complete!
[2025-06-06 06:27:36] WARNING: - 0 trust assignments processed
[2025-06-06 06:27:36] WARNING: - 2 users in trust network
[2025-06-06 06:27:36] WARNING: - 31 total trust relationships
[2025-06-06 06:27:36] Calculating trust scores from collected data...
[2025-06-06 06:27:39] INFO: Community Community A (18 members): AskaPol_UAPs, ChrisUKSharp, DanHaug6, Eyes_OnTheSkies, FettucineSplit, GoodTroubleShow, Halsrethink, JeremyCorbell, JonMajerowski, LueElizondo, PTHellyer, SnakePo9, TheOfficialQF, g_knapp, jamescfox, jayanderson, rosscoulthart, ufobeliever1947
[2025-06-06 06:27:39] INFO: Community Community B (7 members): MiddleofMayhem, OSIRISUAP, ShipsSmall, cosmic_surplus, likeitmatters3, susangerbic, ufoskeptic1968
[2025-06-06 06:27:39] INFO: Community analysis written to community_analysis.txt
[2025-06-06 06:27:39] WARNING: Generating trust network visualization...
[2025-06-06 06:27:40] WARNING: Network visualization saved to visualization/trust_network.png
[2025-06-06 06:27:40] WARNING: Creating JSON data structure...
[2025-06-06 06:27:40] WARNING: Successfully generated js/data.js with:
[2025-06-06 06:27:40] WARNING: - 25 users
[2025-06-06 06:27:40] WARNING: - 31 trust relationships
[2025-06-06 06:27:40] WARNING: - 2 communities
[2025-06-06 06:27:40] WARNING: Trust calculation completed successfully.
[2025-06-06 06:27:40] Committing and pushing changes to GitHub...
