[2025-06-10 14:57:31] Starting Twitter Trust System update process...
[2025-06-10 14:57:31] Update frequency set to: 10 minutes
[2025-06-10 14:57:31] Collecting trust assignments from Twitter...
[2025-06-10 14:57:34] Warning: Trust assignments file not updated recently (last modified 05/24/2025 07:17:37)
[2025-06-10 06:37:35] WARNING: - 0 trust assignments processed
[2025-06-10 06:37:35] WARNING: - 2 users in trust network
[2025-06-10 06:37:35] WARNING: - 31 total trust relationships
[2025-06-10 06:47:33] WARNING: === Starting Twitter Trust System Collection ===
[2025-06-10 06:47:33] WARNING: Will collect tweets until reaching previous timestamp: 2025-05-12 06:54:05+00:00
[2025-06-10 06:47:33] WARNING: Retrieving page 1...
[2025-06-10 06:47:35] WARNING: Newest tweet is from: 2025-05-12 06:54:05+00:00
[2025-06-10 06:47:35] WARNING: Reached stop point at tweet from 2025-05-12 06:54:05+00:00
[2025-06-10 06:47:35] WARNING: Retrieved 0 new tweets on page 1
[2025-06-10 06:47:35] WARNING: Stopping pagination as we've reached the stop point
[2025-06-10 06:47:35] WARNING: Retrieved a total of 0 tweets across 1 pages
[2025-06-10 06:47:35] WARNING: No new tweets found with trust commands. Exiting without error.
[2025-06-10 06:47:35] WARNING: Collection complete!
[2025-06-10 06:47:35] WARNING: - 0 trust assignments processed
[2025-06-10 06:47:35] WARNING: - 2 users in trust network
[2025-06-10 06:47:35] WARNING: - 31 total trust relationships
[2025-06-10 06:57:33] WARNING: === Starting Twitter Trust System Collection ===
[2025-06-10 06:57:33] WARNING: Will collect tweets until reaching previous timestamp: 2025-05-12 06:54:05+00:00
[2025-06-10 06:57:33] WARNING: Retrieving page 1...
[2025-06-10 06:57:35] WARNING: Newest tweet is from: 2025-05-12 06:54:05+00:00
[2025-06-10 06:57:35] WARNING: Reached stop point at tweet from 2025-05-12 06:54:05+00:00
[2025-06-10 06:57:35] WARNING: Retrieved 0 new tweets on page 1
[2025-06-10 06:57:35] WARNING: Stopping pagination as we've reached the stop point
[2025-06-10 06:57:35] WARNING: Retrieved a total of 0 tweets across 1 pages
[2025-06-10 06:57:35] WARNING: No new tweets found with trust commands. Exiting without error.
[2025-06-10 06:57:35] WARNING: Collection complete!
[2025-06-10 06:57:35] WARNING: - 0 trust assignments processed
[2025-06-10 06:57:35] WARNING: - 2 users in trust network
[2025-06-10 06:57:35] WARNING: - 31 total trust relationships
[2025-06-10 07:07:33] WARNING: === Starting Twitter Trust System Collection ===
[2025-06-10 07:07:33] WARNING: Will collect tweets until reaching previous timestamp: 2025-05-12 06:54:05+00:00
[2025-06-10 07:07:33] WARNING: Retrieving page 1...
[2025-06-10 07:07:35] WARNING: Newest tweet is from: 2025-05-12 06:54:05+00:00
[2025-06-10 07:07:35] WARNING: Reached stop point at tweet from 2025-05-12 06:54:05+00:00
[2025-06-10 07:07:35] WARNING: Retrieved 0 new tweets on page 1
[2025-06-10 07:07:35] WARNING: Stopping pagination as we've reached the stop point
[2025-06-10 07:07:35] WARNING: Retrieved a total of 0 tweets across 1 pages
[2025-06-10 07:07:35] WARNING: No new tweets found with trust commands. Exiting without error.
[2025-06-10 07:07:35] WARNING: Collection complete!
[2025-06-10 07:07:35] WARNING: - 0 trust assignments processed
[2025-06-10 07:07:35] WARNING: - 2 users in trust network
[2025-06-10 07:07:35] WARNING: - 31 total trust relationships
[2025-06-10 07:17:33] WARNING: === Starting Twitter Trust System Collection ===
[2025-06-10 07:17:33] WARNING: Will collect tweets until reaching previous timestamp: 2025-05-12 06:54:05+00:00
[2025-06-10 07:17:33] WARNING: Retrieving page 1...
[2025-06-10 07:17:36] WARNING: Newest tweet is from: 2025-05-12 06:54:05+00:00
[2025-06-10 07:17:36] WARNING: Reached stop point at tweet from 2025-05-12 06:54:05+00:00
[2025-06-10 07:17:36] WARNING: Retrieved 0 new tweets on page 1
[2025-06-10 07:17:36] WARNING: Stopping pagination as we've reached the stop point
[2025-06-10 07:17:36] WARNING: Retrieved a total of 0 tweets across 1 pages
[2025-06-10 07:17:36] WARNING: No new tweets found with trust commands. Exiting without error.
[2025-06-10 07:17:36] WARNING: Collection complete!
[2025-06-10 07:17:36] WARNING: - 0 trust assignments processed
[2025-06-10 07:17:36] WARNING: - 2 users in trust network
[2025-06-10 07:17:36] WARNING: - 31 total trust relationships
[2025-06-10 07:27:33] WARNING: === Starting Twitter Trust System Collection ===
[2025-06-10 07:27:33] WARNING: Will collect tweets until reaching previous timestamp: 2025-05-12 06:54:05+00:00
[2025-06-10 07:27:33] WARNING: Retrieving page 1...
[2025-06-10 07:27:36] WARNING: Newest tweet is from: 2025-05-12 06:54:05+00:00
[2025-06-10 07:27:36] WARNING: Reached stop point at tweet from 2025-05-12 06:54:05+00:00
[2025-06-10 07:27:36] WARNING: Retrieved 0 new tweets on page 1
[2025-06-10 07:27:36] WARNING: Stopping pagination as we've reached the stop point
[2025-06-10 07:27:36] WARNING: Retrieved a total of 0 tweets across 1 pages
[2025-06-10 07:27:36] WARNING: No new tweets found with trust commands. Exiting without error.
[2025-06-10 07:27:36] WARNING: Collection complete!
[2025-06-10 07:27:36] WARNING: - 0 trust assignments processed
[2025-06-10 07:27:36] WARNING: - 2 users in trust network
[2025-06-10 07:27:36] WARNING: - 31 total trust relationships
[2025-06-10 07:37:33] WARNING: === Starting Twitter Trust System Collection ===
[2025-06-10 07:37:33] WARNING: Will collect tweets until reaching previous timestamp: 2025-05-12 06:54:05+00:00
[2025-06-10 07:37:33] WARNING: Retrieving page 1...
[2025-06-10 07:37:35] WARNING: Newest tweet is from: 2025-05-12 06:54:05+00:00
[2025-06-10 07:37:35] WARNING: Reached stop point at tweet from 2025-05-12 06:54:05+00:00
[2025-06-10 07:37:35] WARNING: Retrieved 0 new tweets on page 1
[2025-06-10 07:37:35] WARNING: Stopping pagination as we've reached the stop point
[2025-06-10 07:37:35] WARNING: Retrieved a total of 0 tweets across 1 pages
[2025-06-10 07:37:35] WARNING: No new tweets found with trust commands. Exiting without error.
[2025-06-10 07:37:35] WARNING: Collection complete!
[2025-06-10 07:37:35] WARNING: - 0 trust assignments processed
[2025-06-10 07:37:35] WARNING: - 2 users in trust network
[2025-06-10 07:37:35] WARNING: - 31 total trust relationships
[2025-06-10 07:47:34] WARNING: === Starting Twitter Trust System Collection ===
[2025-06-10 07:47:34] WARNING: Will collect tweets until reaching previous timestamp: 2025-05-12 06:54:05+00:00
[2025-06-10 07:47:34] WARNING: Retrieving page 1...
[2025-06-10 07:47:35] WARNING: Newest tweet is from: 2025-05-12 06:54:05+00:00
[2025-06-10 07:47:35] WARNING: Reached stop point at tweet from 2025-05-12 06:54:05+00:00
[2025-06-10 07:47:35] WARNING: Retrieved 0 new tweets on page 1
[2025-06-10 07:47:35] WARNING: Stopping pagination as we've reached the stop point
[2025-06-10 07:47:35] WARNING: Retrieved a total of 0 tweets across 1 pages
[2025-06-10 07:47:35] WARNING: No new tweets found with trust commands. Exiting without error.
[2025-06-10 07:47:35] WARNING: Collection complete!
[2025-06-10 07:47:35] WARNING: - 0 trust assignments processed
[2025-06-10 07:47:35] WARNING: - 2 users in trust network
[2025-06-10 07:47:35] WARNING: - 31 total trust relationships
[2025-06-10 07:57:34] WARNING: === Starting Twitter Trust System Collection ===
[2025-06-10 07:57:34] WARNING: Will collect tweets until reaching previous timestamp: 2025-05-12 06:54:05+00:00
[2025-06-10 07:57:34] WARNING: Retrieving page 1...
[2025-06-10 07:57:37] WARNING: Newest tweet is from: 2025-05-12 06:54:05+00:00
[2025-06-10 07:57:37] WARNING: Reached stop point at tweet from 2025-05-12 06:54:05+00:00
[2025-06-10 07:57:37] WARNING: Retrieved 0 new tweets on page 1
[2025-06-10 07:57:37] WARNING: Stopping pagination as we've reached the stop point
[2025-06-10 07:57:37] WARNING: Retrieved a total of 0 tweets across 1 pages
[2025-06-10 07:57:37] WARNING: No new tweets found with trust commands. Exiting without error.
[2025-06-10 07:57:37] WARNING: Collection complete!
[2025-06-10 07:57:37] WARNING: - 0 trust assignments processed
[2025-06-10 07:57:37] WARNING: - 2 users in trust network
[2025-06-10 07:57:37] WARNING: - 31 total trust relationships
[2025-06-10 08:07:33] WARNING: === Starting Twitter Trust System Collection ===
[2025-06-10 08:07:33] WARNING: Will collect tweets until reaching previous timestamp: 2025-05-12 06:54:05+00:00
[2025-06-10 08:07:33] WARNING: Retrieving page 1...
[2025-06-10 08:07:35] WARNING: Newest tweet is from: 2025-05-12 06:54:05+00:00
[2025-06-10 08:07:35] WARNING: Reached stop point at tweet from 2025-05-12 06:54:05+00:00
[2025-06-10 08:07:35] WARNING: Retrieved 0 new tweets on page 1
[2025-06-10 08:07:35] WARNING: Stopping pagination as we've reached the stop point
[2025-06-10 08:07:35] WARNING: Retrieved a total of 0 tweets across 1 pages
[2025-06-10 08:07:35] WARNING: No new tweets found with trust commands. Exiting without error.
[2025-06-10 08:07:35] WARNING: Collection complete!
[2025-06-10 08:07:35] WARNING: - 0 trust assignments processed
[2025-06-10 08:07:35] WARNING: - 2 users in trust network
[2025-06-10 08:07:35] WARNING: - 31 total trust relationships
[2025-06-10 08:17:33] WARNING: === Starting Twitter Trust System Collection ===
[2025-06-10 08:17:33] WARNING: Will collect tweets until reaching previous timestamp: 2025-05-12 06:54:05+00:00
[2025-06-10 08:17:33] WARNING: Retrieving page 1...
[2025-06-10 08:17:35] WARNING: Newest tweet is from: 2025-05-12 06:54:05+00:00
[2025-06-10 08:17:35] WARNING: Reached stop point at tweet from 2025-05-12 06:54:05+00:00
[2025-06-10 08:17:35] WARNING: Retrieved 0 new tweets on page 1
[2025-06-10 08:17:35] WARNING: Stopping pagination as we've reached the stop point
[2025-06-10 08:17:35] WARNING: Retrieved a total of 0 tweets across 1 pages
[2025-06-10 08:17:35] WARNING: No new tweets found with trust commands. Exiting without error.
[2025-06-10 08:17:35] WARNING: Collection complete!
[2025-06-10 08:17:35] WARNING: - 0 trust assignments processed
[2025-06-10 08:17:35] WARNING: - 2 users in trust network
[2025-06-10 08:17:35] WARNING: - 31 total trust relationships
[2025-06-10 08:27:33] WARNING: === Starting Twitter Trust System Collection ===
[2025-06-10 08:27:33] WARNING: Will collect tweets until reaching previous timestamp: 2025-05-12 06:54:05+00:00
[2025-06-10 08:27:33] WARNING: Retrieving page 1...
[2025-06-10 08:27:36] WARNING: Newest tweet is from: 2025-05-12 06:54:05+00:00
[2025-06-10 08:27:36] WARNING: Reached stop point at tweet from 2025-05-12 06:54:05+00:00
[2025-06-10 08:27:36] WARNING: Retrieved 0 new tweets on page 1
[2025-06-10 08:27:36] WARNING: Stopping pagination as we've reached the stop point
[2025-06-10 08:27:36] WARNING: Retrieved a total of 0 tweets across 1 pages
[2025-06-10 08:27:36] WARNING: No new tweets found with trust commands. Exiting without error.
[2025-06-10 08:27:36] WARNING: Collection complete!
[2025-06-10 08:27:36] WARNING: - 0 trust assignments processed
[2025-06-10 08:27:36] WARNING: - 2 users in trust network
[2025-06-10 08:27:36] WARNING: - 31 total trust relationships
[2025-06-10 08:37:33] WARNING: === Starting Twitter Trust System Collection ===
[2025-06-10 08:37:33] WARNING: Will collect tweets until reaching previous timestamp: 2025-05-12 06:54:05+00:00
[2025-06-10 08:37:33] WARNING: Retrieving page 1...
[2025-06-10 08:37:36] WARNING: Newest tweet is from: 2025-05-12 06:54:05+00:00
[2025-06-10 08:37:36] WARNING: Reached stop point at tweet from 2025-05-12 06:54:05+00:00
[2025-06-10 08:37:36] WARNING: Retrieved 0 new tweets on page 1
[2025-06-10 08:37:36] WARNING: Stopping pagination as we've reached the stop point
[2025-06-10 08:37:36] WARNING: Retrieved a total of 0 tweets across 1 pages
[2025-06-10 08:37:36] WARNING: No new tweets found with trust commands. Exiting without error.
[2025-06-10 08:37:36] WARNING: Collection complete!
[2025-06-10 08:37:36] WARNING: - 0 trust assignments processed
[2025-06-10 08:37:36] WARNING: - 2 users in trust network
[2025-06-10 08:37:36] WARNING: - 31 total trust relationships
[2025-06-10 08:47:33] WARNING: === Starting Twitter Trust System Collection ===
[2025-06-10 08:47:33] WARNING: Will collect tweets until reaching previous timestamp: 2025-05-12 06:54:05+00:00
[2025-06-10 08:47:33] WARNING: Retrieving page 1...
[2025-06-10 08:47:35] WARNING: Newest tweet is from: 2025-05-12 06:54:05+00:00
[2025-06-10 08:47:35] WARNING: Reached stop point at tweet from 2025-05-12 06:54:05+00:00
[2025-06-10 08:47:35] WARNING: Retrieved 0 new tweets on page 1
[2025-06-10 08:47:35] WARNING: Stopping pagination as we've reached the stop point
[2025-06-10 08:47:35] WARNING: Retrieved a total of 0 tweets across 1 pages
[2025-06-10 08:47:35] WARNING: No new tweets found with trust commands. Exiting without error.
[2025-06-10 08:47:35] WARNING: Collection complete!
[2025-06-10 08:47:35] WARNING: - 0 trust assignments processed
[2025-06-10 08:47:35] WARNING: - 2 users in trust network
[2025-06-10 08:47:35] WARNING: - 31 total trust relationships
[2025-06-10 08:57:35] WARNING: === Starting Twitter Trust System Collection ===
[2025-06-10 08:57:35] WARNING: Will collect tweets until reaching previous timestamp: 2025-05-12 06:54:05+00:00
[2025-06-10 08:57:35] WARNING: Retrieving page 1...
[2025-06-10 08:57:37] WARNING: Newest tweet is from: 2025-05-12 06:54:05+00:00
[2025-06-10 08:57:37] WARNING: Reached stop point at tweet from 2025-05-12 06:54:05+00:00
[2025-06-10 08:57:37] WARNING: Retrieved 0 new tweets on page 1
[2025-06-10 08:57:37] WARNING: Stopping pagination as we've reached the stop point
[2025-06-10 08:57:37] WARNING: Retrieved a total of 0 tweets across 1 pages
[2025-06-10 08:57:37] WARNING: No new tweets found with trust commands. Exiting without error.
[2025-06-10 08:57:37] WARNING: Collection complete!
[2025-06-10 08:57:37] WARNING: - 0 trust assignments processed
[2025-06-10 08:57:37] WARNING: - 2 users in trust network
[2025-06-10 08:57:37] WARNING: - 31 total trust relationships
[2025-06-10 09:07:34] WARNING: === Starting Twitter Trust System Collection ===
[2025-06-10 09:07:34] WARNING: Will collect tweets until reaching previous timestamp: 2025-05-12 06:54:05+00:00
[2025-06-10 09:07:34] WARNING: Retrieving page 1...
[2025-06-10 09:07:37] WARNING: Newest tweet is from: 2025-05-12 06:54:05+00:00
[2025-06-10 09:07:37] WARNING: Reached stop point at tweet from 2025-05-12 06:54:05+00:00
[2025-06-10 09:07:37] WARNING: Retrieved 0 new tweets on page 1
[2025-06-10 09:07:37] WARNING: Stopping pagination as we've reached the stop point
[2025-06-10 09:07:37] WARNING: Retrieved a total of 0 tweets across 1 pages
[2025-06-10 09:07:37] WARNING: No new tweets found with trust commands. Exiting without error.
[2025-06-10 09:07:37] WARNING: Collection complete!
[2025-06-10 09:07:37] WARNING: - 0 trust assignments processed
[2025-06-10 09:07:37] WARNING: - 2 users in trust network
[2025-06-10 09:07:37] WARNING: - 31 total trust relationships
[2025-06-10 09:17:33] WARNING: === Starting Twitter Trust System Collection ===
[2025-06-10 09:17:33] WARNING: Will collect tweets until reaching previous timestamp: 2025-05-12 06:54:05+00:00
[2025-06-10 09:17:33] WARNING: Retrieving page 1...
[2025-06-10 09:17:35] WARNING: Newest tweet is from: 2025-05-12 06:54:05+00:00
[2025-06-10 09:17:35] WARNING: Reached stop point at tweet from 2025-05-12 06:54:05+00:00
[2025-06-10 09:17:35] WARNING: Retrieved 0 new tweets on page 1
[2025-06-10 09:17:35] WARNING: Stopping pagination as we've reached the stop point
[2025-06-10 09:17:35] WARNING: Retrieved a total of 0 tweets across 1 pages
[2025-06-10 09:17:35] WARNING: No new tweets found with trust commands. Exiting without error.
[2025-06-10 09:17:35] WARNING: Collection complete!
[2025-06-10 09:17:35] WARNING: - 0 trust assignments processed
[2025-06-10 09:17:35] WARNING: - 2 users in trust network
[2025-06-10 09:17:35] WARNING: - 31 total trust relationships
[2025-06-10 09:27:32] WARNING: === Starting Twitter Trust System Collection ===
[2025-06-10 09:27:32] WARNING: Will collect tweets until reaching previous timestamp: 2025-05-12 06:54:05+00:00
[2025-06-10 09:27:32] WARNING: Retrieving page 1...
[2025-06-10 09:27:34] WARNING: Newest tweet is from: 2025-05-12 06:54:05+00:00
[2025-06-10 09:27:34] WARNING: Reached stop point at tweet from 2025-05-12 06:54:05+00:00
[2025-06-10 09:27:34] WARNING: Retrieved 0 new tweets on page 1
[2025-06-10 09:27:34] WARNING: Stopping pagination as we've reached the stop point
[2025-06-10 09:27:34] WARNING: Retrieved a total of 0 tweets across 1 pages
[2025-06-10 09:27:34] WARNING: No new tweets found with trust commands. Exiting without error.
[2025-06-10 09:27:34] WARNING: Collection complete!
[2025-06-10 09:27:34] WARNING: - 0 trust assignments processed
[2025-06-10 09:27:34] WARNING: - 2 users in trust network
[2025-06-10 09:27:34] WARNING: - 31 total trust relationships
[2025-06-10 09:37:32] WARNING: === Starting Twitter Trust System Collection ===
[2025-06-10 09:37:32] WARNING: Will collect tweets until reaching previous timestamp: 2025-05-12 06:54:05+00:00
[2025-06-10 09:37:32] WARNING: Retrieving page 1...
[2025-06-10 09:37:35] WARNING: Newest tweet is from: 2025-05-12 06:54:05+00:00
[2025-06-10 09:37:35] WARNING: Reached stop point at tweet from 2025-05-12 06:54:05+00:00
[2025-06-10 09:37:35] WARNING: Retrieved 0 new tweets on page 1
[2025-06-10 09:37:35] WARNING: Stopping pagination as we've reached the stop point
[2025-06-10 09:37:35] WARNING: Retrieved a total of 0 tweets across 1 pages
[2025-06-10 09:37:35] WARNING: No new tweets found with trust commands. Exiting without error.
[2025-06-10 09:37:35] WARNING: Collection complete!
[2025-06-10 09:37:35] WARNING: - 0 trust assignments processed
[2025-06-10 09:37:35] WARNING: - 2 users in trust network
[2025-06-10 09:37:35] WARNING: - 31 total trust relationships
[2025-06-10 09:47:32] WARNING: === Starting Twitter Trust System Collection ===
[2025-06-10 09:47:32] WARNING: Will collect tweets until reaching previous timestamp: 2025-05-12 06:54:05+00:00
[2025-06-10 09:47:32] WARNING: Retrieving page 1...
[2025-06-10 09:47:34] WARNING: Newest tweet is from: 2025-05-12 06:54:05+00:00
[2025-06-10 09:47:34] WARNING: Reached stop point at tweet from 2025-05-12 06:54:05+00:00
[2025-06-10 09:47:34] WARNING: Retrieved 0 new tweets on page 1
[2025-06-10 09:47:34] WARNING: Stopping pagination as we've reached the stop point
[2025-06-10 09:47:34] WARNING: Retrieved a total of 0 tweets across 1 pages
[2025-06-10 09:47:34] WARNING: No new tweets found with trust commands. Exiting without error.
[2025-06-10 09:47:34] WARNING: Collection complete!
[2025-06-10 09:47:34] WARNING: - 0 trust assignments processed
[2025-06-10 09:47:34] WARNING: - 2 users in trust network
[2025-06-10 09:47:34] WARNING: - 31 total trust relationships
[2025-06-10 09:57:32] WARNING: === Starting Twitter Trust System Collection ===
[2025-06-10 09:57:32] WARNING: Will collect tweets until reaching previous timestamp: 2025-05-12 06:54:05+00:00
[2025-06-10 09:57:32] WARNING: Retrieving page 1...
[2025-06-10 09:57:34] WARNING: Newest tweet is from: 2025-05-12 06:54:05+00:00
[2025-06-10 09:57:34] WARNING: Reached stop point at tweet from 2025-05-12 06:54:05+00:00
[2025-06-10 09:57:34] WARNING: Retrieved 0 new tweets on page 1
[2025-06-10 09:57:34] WARNING: Stopping pagination as we've reached the stop point
[2025-06-10 09:57:34] WARNING: Retrieved a total of 0 tweets across 1 pages
[2025-06-10 09:57:34] WARNING: No new tweets found with trust commands. Exiting without error.
[2025-06-10 09:57:34] WARNING: Collection complete!
[2025-06-10 09:57:34] WARNING: - 0 trust assignments processed
[2025-06-10 09:57:34] WARNING: - 2 users in trust network
[2025-06-10 09:57:34] WARNING: - 31 total trust relationships
[2025-06-10 10:07:32] WARNING: === Starting Twitter Trust System Collection ===
[2025-06-10 10:07:32] WARNING: Will collect tweets until reaching previous timestamp: 2025-05-12 06:54:05+00:00
[2025-06-10 10:07:32] WARNING: Retrieving page 1...
[2025-06-10 10:07:34] WARNING: Newest tweet is from: 2025-05-12 06:54:05+00:00
[2025-06-10 10:07:34] WARNING: Reached stop point at tweet from 2025-05-12 06:54:05+00:00
[2025-06-10 10:07:34] WARNING: Retrieved 0 new tweets on page 1
[2025-06-10 10:07:34] WARNING: Stopping pagination as we've reached the stop point
[2025-06-10 10:07:34] WARNING: Retrieved a total of 0 tweets across 1 pages
[2025-06-10 10:07:34] WARNING: No new tweets found with trust commands. Exiting without error.
[2025-06-10 10:07:34] WARNING: Collection complete!
[2025-06-10 10:07:34] WARNING: - 0 trust assignments processed
[2025-06-10 10:07:34] WARNING: - 2 users in trust network
[2025-06-10 10:07:34] WARNING: - 31 total trust relationships
[2025-06-10 10:17:33] WARNING: === Starting Twitter Trust System Collection ===
[2025-06-10 10:17:33] WARNING: Will collect tweets until reaching previous timestamp: 2025-05-12 06:54:05+00:00
[2025-06-10 10:17:33] WARNING: Retrieving page 1...
[2025-06-10 10:17:36] WARNING: Newest tweet is from: 2025-05-12 06:54:05+00:00
[2025-06-10 10:17:36] WARNING: Reached stop point at tweet from 2025-05-12 06:54:05+00:00
[2025-06-10 10:17:36] WARNING: Retrieved 0 new tweets on page 1
[2025-06-10 10:17:36] WARNING: Stopping pagination as we've reached the stop point
[2025-06-10 10:17:36] WARNING: Retrieved a total of 0 tweets across 1 pages
[2025-06-10 10:17:36] WARNING: No new tweets found with trust commands. Exiting without error.
[2025-06-10 10:17:36] WARNING: Collection complete!
[2025-06-10 10:17:36] WARNING: - 0 trust assignments processed
[2025-06-10 10:17:36] WARNING: - 2 users in trust network
[2025-06-10 10:17:36] WARNING: - 31 total trust relationships
[2025-06-10 10:27:32] WARNING: === Starting Twitter Trust System Collection ===
[2025-06-10 10:27:32] WARNING: Will collect tweets until reaching previous timestamp: 2025-05-12 06:54:05+00:00
[2025-06-10 10:27:32] WARNING: Retrieving page 1...
[2025-06-10 10:27:34] WARNING: Newest tweet is from: 2025-05-12 06:54:05+00:00
[2025-06-10 10:27:34] WARNING: Reached stop point at tweet from 2025-05-12 06:54:05+00:00
[2025-06-10 10:27:34] WARNING: Retrieved 0 new tweets on page 1
[2025-06-10 10:27:34] WARNING: Stopping pagination as we've reached the stop point
[2025-06-10 10:27:34] WARNING: Retrieved a total of 0 tweets across 1 pages
[2025-06-10 10:27:34] WARNING: No new tweets found with trust commands. Exiting without error.
[2025-06-10 10:27:34] WARNING: Collection complete!
[2025-06-10 10:27:34] WARNING: - 0 trust assignments processed
[2025-06-10 10:27:34] WARNING: - 2 users in trust network
[2025-06-10 10:27:34] WARNING: - 31 total trust relationships
[2025-06-10 10:37:32] WARNING: === Starting Twitter Trust System Collection ===
[2025-06-10 10:37:32] WARNING: Will collect tweets until reaching previous timestamp: 2025-05-12 06:54:05+00:00
[2025-06-10 10:37:32] WARNING: Retrieving page 1...
[2025-06-10 10:37:35] WARNING: Newest tweet is from: 2025-05-12 06:54:05+00:00
[2025-06-10 10:37:35] WARNING: Reached stop point at tweet from 2025-05-12 06:54:05+00:00
[2025-06-10 10:37:35] WARNING: Retrieved 0 new tweets on page 1
[2025-06-10 10:37:35] WARNING: Stopping pagination as we've reached the stop point
[2025-06-10 10:37:35] WARNING: Retrieved a total of 0 tweets across 1 pages
[2025-06-10 10:37:35] WARNING: No new tweets found with trust commands. Exiting without error.
[2025-06-10 10:37:35] WARNING: Collection complete!
[2025-06-10 10:37:35] WARNING: - 0 trust assignments processed
[2025-06-10 10:37:35] WARNING: - 2 users in trust network
[2025-06-10 10:37:35] WARNING: - 31 total trust relationships
[2025-06-10 10:47:33] WARNING: === Starting Twitter Trust System Collection ===
[2025-06-10 10:47:33] WARNING: Will collect tweets until reaching previous timestamp: 2025-05-12 06:54:05+00:00
[2025-06-10 10:47:33] WARNING: Retrieving page 1...
[2025-06-10 10:47:34] WARNING: Newest tweet is from: 2025-05-12 06:54:05+00:00
[2025-06-10 10:47:34] WARNING: Reached stop point at tweet from 2025-05-12 06:54:05+00:00
[2025-06-10 10:47:34] WARNING: Retrieved 0 new tweets on page 1
[2025-06-10 10:47:34] WARNING: Stopping pagination as we've reached the stop point
[2025-06-10 10:47:34] WARNING: Retrieved a total of 0 tweets across 1 pages
[2025-06-10 10:47:34] WARNING: No new tweets found with trust commands. Exiting without error.
[2025-06-10 10:47:34] WARNING: Collection complete!
[2025-06-10 10:47:34] WARNING: - 0 trust assignments processed
[2025-06-10 10:47:34] WARNING: - 2 users in trust network
[2025-06-10 10:47:34] WARNING: - 31 total trust relationships
[2025-06-10 10:57:33] WARNING: === Starting Twitter Trust System Collection ===
[2025-06-10 10:57:33] WARNING: Will collect tweets until reaching previous timestamp: 2025-05-12 06:54:05+00:00
[2025-06-10 10:57:33] WARNING: Retrieving page 1...
[2025-06-10 10:57:35] WARNING: Newest tweet is from: 2025-05-12 06:54:05+00:00
[2025-06-10 10:57:35] WARNING: Reached stop point at tweet from 2025-05-12 06:54:05+00:00
[2025-06-10 10:57:35] WARNING: Retrieved 0 new tweets on page 1
[2025-06-10 10:57:35] WARNING: Stopping pagination as we've reached the stop point
[2025-06-10 10:57:35] WARNING: Retrieved a total of 0 tweets across 1 pages
[2025-06-10 10:57:35] WARNING: No new tweets found with trust commands. Exiting without error.
[2025-06-10 10:57:35] WARNING: Collection complete!
[2025-06-10 10:57:35] WARNING: - 0 trust assignments processed
[2025-06-10 10:57:35] WARNING: - 2 users in trust network
[2025-06-10 10:57:35] WARNING: - 31 total trust relationships
[2025-06-10 11:07:33] WARNING: === Starting Twitter Trust System Collection ===
[2025-06-10 11:07:33] WARNING: Will collect tweets until reaching previous timestamp: 2025-05-12 06:54:05+00:00
[2025-06-10 11:07:33] WARNING: Retrieving page 1...
[2025-06-10 11:07:36] WARNING: Newest tweet is from: 2025-05-12 06:54:05+00:00
[2025-06-10 11:07:36] WARNING: Reached stop point at tweet from 2025-05-12 06:54:05+00:00
[2025-06-10 11:07:36] WARNING: Retrieved 0 new tweets on page 1
[2025-06-10 11:07:36] WARNING: Stopping pagination as we've reached the stop point
[2025-06-10 11:07:36] WARNING: Retrieved a total of 0 tweets across 1 pages
[2025-06-10 11:07:36] WARNING: No new tweets found with trust commands. Exiting without error.
[2025-06-10 11:07:36] WARNING: Collection complete!
[2025-06-10 11:07:36] WARNING: - 0 trust assignments processed
[2025-06-10 11:07:36] WARNING: - 2 users in trust network
[2025-06-10 11:07:36] WARNING: - 31 total trust relationships
[2025-06-10 11:17:33] WARNING: === Starting Twitter Trust System Collection ===
[2025-06-10 11:17:33] WARNING: Will collect tweets until reaching previous timestamp: 2025-05-12 06:54:05+00:00
[2025-06-10 11:17:33] WARNING: Retrieving page 1...
[2025-06-10 11:17:34] WARNING: Newest tweet is from: 2025-05-12 06:54:05+00:00
[2025-06-10 11:17:34] WARNING: Reached stop point at tweet from 2025-05-12 06:54:05+00:00
[2025-06-10 11:17:34] WARNING: Retrieved 0 new tweets on page 1
[2025-06-10 11:17:34] WARNING: Stopping pagination as we've reached the stop point
[2025-06-10 11:17:34] WARNING: Retrieved a total of 0 tweets across 1 pages
[2025-06-10 11:17:34] WARNING: No new tweets found with trust commands. Exiting without error.
[2025-06-10 11:17:34] WARNING: Collection complete!
[2025-06-10 11:17:34] WARNING: - 0 trust assignments processed
[2025-06-10 11:17:34] WARNING: - 2 users in trust network
[2025-06-10 11:17:34] WARNING: - 31 total trust relationships
[2025-06-10 11:27:32] WARNING: === Starting Twitter Trust System Collection ===
[2025-06-10 11:27:32] WARNING: Will collect tweets until reaching previous timestamp: 2025-05-12 06:54:05+00:00
[2025-06-10 11:27:32] WARNING: Retrieving page 1...
[2025-06-10 11:27:34] WARNING: Newest tweet is from: 2025-05-12 06:54:05+00:00
[2025-06-10 11:27:34] WARNING: Reached stop point at tweet from 2025-05-12 06:54:05+00:00
[2025-06-10 11:27:34] WARNING: Retrieved 0 new tweets on page 1
[2025-06-10 11:27:34] WARNING: Stopping pagination as we've reached the stop point
[2025-06-10 11:27:34] WARNING: Retrieved a total of 0 tweets across 1 pages
[2025-06-10 11:27:34] WARNING: No new tweets found with trust commands. Exiting without error.
[2025-06-10 11:27:34] WARNING: Collection complete!
[2025-06-10 11:27:34] WARNING: - 0 trust assignments processed
[2025-06-10 11:27:34] WARNING: - 2 users in trust network
[2025-06-10 11:27:34] WARNING: - 31 total trust relationships
[2025-06-10 11:37:33] WARNING: === Starting Twitter Trust System Collection ===
[2025-06-10 11:37:33] WARNING: Will collect tweets until reaching previous timestamp: 2025-05-12 06:54:05+00:00
[2025-06-10 11:37:33] WARNING: Retrieving page 1...
[2025-06-10 11:37:39] WARNING: Newest tweet is from: 2025-05-12 06:54:05+00:00
[2025-06-10 11:37:39] WARNING: Reached stop point at tweet from 2025-05-12 06:54:05+00:00
[2025-06-10 11:37:39] WARNING: Retrieved 0 new tweets on page 1
[2025-06-10 11:37:39] WARNING: Stopping pagination as we've reached the stop point
[2025-06-10 11:37:39] WARNING: Retrieved a total of 0 tweets across 1 pages
[2025-06-10 11:37:39] WARNING: No new tweets found with trust commands. Exiting without error.
[2025-06-10 11:37:39] WARNING: Collection complete!
[2025-06-10 11:37:39] WARNING: - 0 trust assignments processed
[2025-06-10 11:37:39] WARNING: - 2 users in trust network
[2025-06-10 11:37:39] WARNING: - 31 total trust relationships
[2025-06-10 11:47:33] WARNING: === Starting Twitter Trust System Collection ===
[2025-06-10 11:47:33] WARNING: Will collect tweets until reaching previous timestamp: 2025-05-12 06:54:05+00:00
[2025-06-10 11:47:33] WARNING: Retrieving page 1...
[2025-06-10 11:47:35] WARNING: Newest tweet is from: 2025-05-12 06:54:05+00:00
[2025-06-10 11:47:35] WARNING: Reached stop point at tweet from 2025-05-12 06:54:05+00:00
[2025-06-10 11:47:35] WARNING: Retrieved 0 new tweets on page 1
[2025-06-10 11:47:35] WARNING: Stopping pagination as we've reached the stop point
[2025-06-10 11:47:35] WARNING: Retrieved a total of 0 tweets across 1 pages
[2025-06-10 11:47:35] WARNING: No new tweets found with trust commands. Exiting without error.
[2025-06-10 11:47:35] WARNING: Collection complete!
[2025-06-10 11:47:35] WARNING: - 0 trust assignments processed
[2025-06-10 11:47:35] WARNING: - 2 users in trust network
[2025-06-10 11:47:35] WARNING: - 31 total trust relationships
[2025-06-10 11:57:32] WARNING: === Starting Twitter Trust System Collection ===
[2025-06-10 11:57:32] WARNING: Will collect tweets until reaching previous timestamp: 2025-05-12 06:54:05+00:00
[2025-06-10 11:57:32] WARNING: Retrieving page 1...
[2025-06-10 11:57:36] WARNING: Newest tweet is from: 2025-05-12 06:54:05+00:00
[2025-06-10 11:57:36] WARNING: Reached stop point at tweet from 2025-05-12 06:54:05+00:00
[2025-06-10 11:57:36] WARNING: Retrieved 0 new tweets on page 1
[2025-06-10 11:57:36] WARNING: Stopping pagination as we've reached the stop point
[2025-06-10 11:57:36] WARNING: Retrieved a total of 0 tweets across 1 pages
[2025-06-10 11:57:36] WARNING: No new tweets found with trust commands. Exiting without error.
[2025-06-10 11:57:36] WARNING: Collection complete!
[2025-06-10 11:57:36] WARNING: - 0 trust assignments processed
[2025-06-10 11:57:36] WARNING: - 2 users in trust network
[2025-06-10 11:57:36] WARNING: - 31 total trust relationships
[2025-06-10 12:07:33] WARNING: === Starting Twitter Trust System Collection ===
[2025-06-10 12:07:33] WARNING: Will collect tweets until reaching previous timestamp: 2025-05-12 06:54:05+00:00
[2025-06-10 12:07:33] WARNING: Retrieving page 1...
[2025-06-10 12:07:34] WARNING: Newest tweet is from: 2025-05-12 06:54:05+00:00
[2025-06-10 12:07:34] WARNING: Reached stop point at tweet from 2025-05-12 06:54:05+00:00
[2025-06-10 12:07:34] WARNING: Retrieved 0 new tweets on page 1
[2025-06-10 12:07:34] WARNING: Stopping pagination as we've reached the stop point
[2025-06-10 12:07:34] WARNING: Retrieved a total of 0 tweets across 1 pages
[2025-06-10 12:07:34] WARNING: No new tweets found with trust commands. Exiting without error.
[2025-06-10 12:07:34] WARNING: Collection complete!
[2025-06-10 12:07:34] WARNING: - 0 trust assignments processed
[2025-06-10 12:07:34] WARNING: - 2 users in trust network
[2025-06-10 12:07:34] WARNING: - 31 total trust relationships
[2025-06-10 12:17:33] WARNING: === Starting Twitter Trust System Collection ===
[2025-06-10 12:17:33] WARNING: Will collect tweets until reaching previous timestamp: 2025-05-12 06:54:05+00:00
[2025-06-10 12:17:33] WARNING: Retrieving page 1...
[2025-06-10 12:17:34] WARNING: Newest tweet is from: 2025-05-12 06:54:05+00:00
[2025-06-10 12:17:34] WARNING: Reached stop point at tweet from 2025-05-12 06:54:05+00:00
[2025-06-10 12:17:34] WARNING: Retrieved 0 new tweets on page 1
[2025-06-10 12:17:34] WARNING: Stopping pagination as we've reached the stop point
[2025-06-10 12:17:34] WARNING: Retrieved a total of 0 tweets across 1 pages
[2025-06-10 12:17:34] WARNING: No new tweets found with trust commands. Exiting without error.
[2025-06-10 12:17:34] WARNING: Collection complete!
[2025-06-10 12:17:34] WARNING: - 0 trust assignments processed
[2025-06-10 12:17:34] WARNING: - 2 users in trust network
[2025-06-10 12:17:34] WARNING: - 31 total trust relationships
[2025-06-10 12:27:33] WARNING: === Starting Twitter Trust System Collection ===
[2025-06-10 12:27:33] WARNING: Will collect tweets until reaching previous timestamp: 2025-05-12 06:54:05+00:00
[2025-06-10 12:27:33] WARNING: Retrieving page 1...
[2025-06-10 12:27:36] WARNING: Newest tweet is from: 2025-05-12 06:54:05+00:00
[2025-06-10 12:27:36] WARNING: Reached stop point at tweet from 2025-05-12 06:54:05+00:00
[2025-06-10 12:27:36] WARNING: Retrieved 0 new tweets on page 1
[2025-06-10 12:27:36] WARNING: Stopping pagination as we've reached the stop point
[2025-06-10 12:27:36] WARNING: Retrieved a total of 0 tweets across 1 pages
[2025-06-10 12:27:36] WARNING: No new tweets found with trust commands. Exiting without error.
[2025-06-10 12:27:36] WARNING: Collection complete!
[2025-06-10 12:27:36] WARNING: - 0 trust assignments processed
[2025-06-10 12:27:36] WARNING: - 2 users in trust network
[2025-06-10 12:27:36] WARNING: - 31 total trust relationships
[2025-06-10 12:37:33] WARNING: === Starting Twitter Trust System Collection ===
[2025-06-10 12:37:33] WARNING: Will collect tweets until reaching previous timestamp: 2025-05-12 06:54:05+00:00
[2025-06-10 12:37:33] WARNING: Retrieving page 1...
[2025-06-10 12:37:34] WARNING: Newest tweet is from: 2025-05-12 06:54:05+00:00
[2025-06-10 12:37:34] WARNING: Reached stop point at tweet from 2025-05-12 06:54:05+00:00
[2025-06-10 12:37:34] WARNING: Retrieved 0 new tweets on page 1
[2025-06-10 12:37:34] WARNING: Stopping pagination as we've reached the stop point
[2025-06-10 12:37:34] WARNING: Retrieved a total of 0 tweets across 1 pages
[2025-06-10 12:37:34] WARNING: No new tweets found with trust commands. Exiting without error.
[2025-06-10 12:37:34] WARNING: Collection complete!
[2025-06-10 12:37:34] WARNING: - 0 trust assignments processed
[2025-06-10 12:37:34] WARNING: - 2 users in trust network
[2025-06-10 12:37:34] WARNING: - 31 total trust relationships
[2025-06-10 12:47:33] WARNING: === Starting Twitter Trust System Collection ===
[2025-06-10 12:47:33] WARNING: Will collect tweets until reaching previous timestamp: 2025-05-12 06:54:05+00:00
[2025-06-10 12:47:33] WARNING: Retrieving page 1...
[2025-06-10 12:47:34] WARNING: Newest tweet is from: 2025-05-12 06:54:05+00:00
[2025-06-10 12:47:34] WARNING: Reached stop point at tweet from 2025-05-12 06:54:05+00:00
[2025-06-10 12:47:34] WARNING: Retrieved 0 new tweets on page 1
[2025-06-10 12:47:34] WARNING: Stopping pagination as we've reached the stop point
[2025-06-10 12:47:34] WARNING: Retrieved a total of 0 tweets across 1 pages
[2025-06-10 12:47:34] WARNING: No new tweets found with trust commands. Exiting without error.
[2025-06-10 12:47:34] WARNING: Collection complete!
[2025-06-10 12:47:34] WARNING: - 0 trust assignments processed
[2025-06-10 12:47:34] WARNING: - 2 users in trust network
[2025-06-10 12:47:34] WARNING: - 31 total trust relationships
[2025-06-10 12:57:33] WARNING: === Starting Twitter Trust System Collection ===
[2025-06-10 12:57:33] WARNING: Will collect tweets until reaching previous timestamp: 2025-05-12 06:54:05+00:00
[2025-06-10 12:57:33] WARNING: Retrieving page 1...
[2025-06-10 12:57:34] WARNING: Newest tweet is from: 2025-05-12 06:54:05+00:00
[2025-06-10 12:57:34] WARNING: Reached stop point at tweet from 2025-05-12 06:54:05+00:00
[2025-06-10 12:57:34] WARNING: Retrieved 0 new tweets on page 1
[2025-06-10 12:57:34] WARNING: Stopping pagination as we've reached the stop point
[2025-06-10 12:57:34] WARNING: Retrieved a total of 0 tweets across 1 pages
[2025-06-10 12:57:34] WARNING: No new tweets found with trust commands. Exiting without error.
[2025-06-10 12:57:34] WARNING: Collection complete!
[2025-06-10 12:57:34] WARNING: - 0 trust assignments processed
[2025-06-10 12:57:34] WARNING: - 2 users in trust network
[2025-06-10 12:57:34] WARNING: - 31 total trust relationships
[2025-06-10 13:07:33] WARNING: === Starting Twitter Trust System Collection ===
[2025-06-10 13:07:33] WARNING: Will collect tweets until reaching previous timestamp: 2025-05-12 06:54:05+00:00
[2025-06-10 13:07:33] WARNING: Retrieving page 1...
[2025-06-10 13:07:35] WARNING: Newest tweet is from: 2025-05-12 06:54:05+00:00
[2025-06-10 13:07:35] WARNING: Reached stop point at tweet from 2025-05-12 06:54:05+00:00
[2025-06-10 13:07:35] WARNING: Retrieved 0 new tweets on page 1
[2025-06-10 13:07:35] WARNING: Stopping pagination as we've reached the stop point
[2025-06-10 13:07:35] WARNING: Retrieved a total of 0 tweets across 1 pages
[2025-06-10 13:07:35] WARNING: No new tweets found with trust commands. Exiting without error.
[2025-06-10 13:07:35] WARNING: Collection complete!
[2025-06-10 13:07:35] WARNING: - 0 trust assignments processed
[2025-06-10 13:07:35] WARNING: - 2 users in trust network
[2025-06-10 13:07:35] WARNING: - 31 total trust relationships
[2025-06-10 13:17:33] WARNING: === Starting Twitter Trust System Collection ===
[2025-06-10 13:17:33] WARNING: Will collect tweets until reaching previous timestamp: 2025-05-12 06:54:05+00:00
[2025-06-10 13:17:33] WARNING: Retrieving page 1...
[2025-06-10 13:17:35] WARNING: Newest tweet is from: 2025-05-12 06:54:05+00:00
[2025-06-10 13:17:35] WARNING: Reached stop point at tweet from 2025-05-12 06:54:05+00:00
[2025-06-10 13:17:35] WARNING: Retrieved 0 new tweets on page 1
[2025-06-10 13:17:35] WARNING: Stopping pagination as we've reached the stop point
[2025-06-10 13:17:35] WARNING: Retrieved a total of 0 tweets across 1 pages
[2025-06-10 13:17:35] WARNING: No new tweets found with trust commands. Exiting without error.
[2025-06-10 13:17:35] WARNING: Collection complete!
[2025-06-10 13:17:35] WARNING: - 0 trust assignments processed
[2025-06-10 13:17:35] WARNING: - 2 users in trust network
[2025-06-10 13:17:35] WARNING: - 31 total trust relationships
[2025-06-10 13:27:33] WARNING: === Starting Twitter Trust System Collection ===
[2025-06-10 13:27:33] WARNING: Will collect tweets until reaching previous timestamp: 2025-05-12 06:54:05+00:00
[2025-06-10 13:27:33] WARNING: Retrieving page 1...
[2025-06-10 13:27:34] WARNING: Newest tweet is from: 2025-05-12 06:54:05+00:00
[2025-06-10 13:27:34] WARNING: Reached stop point at tweet from 2025-05-12 06:54:05+00:00
[2025-06-10 13:27:34] WARNING: Retrieved 0 new tweets on page 1
[2025-06-10 13:27:34] WARNING: Stopping pagination as we've reached the stop point
[2025-06-10 13:27:34] WARNING: Retrieved a total of 0 tweets across 1 pages
[2025-06-10 13:27:34] WARNING: No new tweets found with trust commands. Exiting without error.
[2025-06-10 13:27:34] WARNING: Collection complete!
[2025-06-10 13:27:34] WARNING: - 0 trust assignments processed
[2025-06-10 13:27:34] WARNING: - 2 users in trust network
[2025-06-10 13:27:34] WARNING: - 31 total trust relationships
[2025-06-10 13:37:33] WARNING: === Starting Twitter Trust System Collection ===
[2025-06-10 13:37:33] WARNING: Will collect tweets until reaching previous timestamp: 2025-05-12 06:54:05+00:00
[2025-06-10 13:37:33] WARNING: Retrieving page 1...
[2025-06-10 13:37:37] WARNING: Newest tweet is from: 2025-05-12 06:54:05+00:00
[2025-06-10 13:37:37] WARNING: Reached stop point at tweet from 2025-05-12 06:54:05+00:00
[2025-06-10 13:37:37] WARNING: Retrieved 0 new tweets on page 1
[2025-06-10 13:37:37] WARNING: Stopping pagination as we've reached the stop point
[2025-06-10 13:37:37] WARNING: Retrieved a total of 0 tweets across 1 pages
[2025-06-10 13:37:37] WARNING: No new tweets found with trust commands. Exiting without error.
[2025-06-10 13:37:37] WARNING: Collection complete!
[2025-06-10 13:37:37] WARNING: - 0 trust assignments processed
[2025-06-10 13:37:37] WARNING: - 2 users in trust network
[2025-06-10 13:37:37] WARNING: - 31 total trust relationships
[2025-06-10 13:47:33] WARNING: === Starting Twitter Trust System Collection ===
[2025-06-10 13:47:33] WARNING: Will collect tweets until reaching previous timestamp: 2025-05-12 06:54:05+00:00
[2025-06-10 13:47:33] WARNING: Retrieving page 1...
[2025-06-10 13:47:56] WARNING: Newest tweet is from: 2025-05-12 06:54:05+00:00
[2025-06-10 13:47:56] WARNING: Reached stop point at tweet from 2025-05-12 06:54:05+00:00
[2025-06-10 13:47:56] WARNING: Retrieved 0 new tweets on page 1
[2025-06-10 13:47:56] WARNING: Stopping pagination as we've reached the stop point
[2025-06-10 13:47:56] WARNING: Retrieved a total of 0 tweets across 1 pages
[2025-06-10 13:47:56] WARNING: No new tweets found with trust commands. Exiting without error.
[2025-06-10 13:47:56] WARNING: Collection complete!
[2025-06-10 13:47:56] WARNING: - 0 trust assignments processed
[2025-06-10 13:47:56] WARNING: - 2 users in trust network
[2025-06-10 13:47:56] WARNING: - 31 total trust relationships
[2025-06-10 13:57:33] WARNING: === Starting Twitter Trust System Collection ===
[2025-06-10 13:57:33] WARNING: Will collect tweets until reaching previous timestamp: 2025-05-12 06:54:05+00:00
[2025-06-10 13:57:33] WARNING: Retrieving page 1...
[2025-06-10 13:57:35] WARNING: Newest tweet is from: 2025-05-12 06:54:05+00:00
[2025-06-10 13:57:35] WARNING: Reached stop point at tweet from 2025-05-12 06:54:05+00:00
[2025-06-10 13:57:35] WARNING: Retrieved 0 new tweets on page 1
[2025-06-10 13:57:35] WARNING: Stopping pagination as we've reached the stop point
[2025-06-10 13:57:35] WARNING: Retrieved a total of 0 tweets across 1 pages
[2025-06-10 13:57:35] WARNING: No new tweets found with trust commands. Exiting without error.
[2025-06-10 13:57:35] WARNING: Collection complete!
[2025-06-10 13:57:35] WARNING: - 0 trust assignments processed
[2025-06-10 13:57:35] WARNING: - 2 users in trust network
[2025-06-10 13:57:35] WARNING: - 31 total trust relationships
[2025-06-10 14:07:33] WARNING: === Starting Twitter Trust System Collection ===
[2025-06-10 14:07:33] WARNING: Will collect tweets until reaching previous timestamp: 2025-05-12 06:54:05+00:00
[2025-06-10 14:07:33] WARNING: Retrieving page 1...
[2025-06-10 14:07:44] WARNING: Newest tweet is from: 2025-05-12 06:54:05+00:00
[2025-06-10 14:07:44] WARNING: Reached stop point at tweet from 2025-05-12 06:54:05+00:00
[2025-06-10 14:07:44] WARNING: Retrieved 0 new tweets on page 1
[2025-06-10 14:07:44] WARNING: Stopping pagination as we've reached the stop point
[2025-06-10 14:07:44] WARNING: Retrieved a total of 0 tweets across 1 pages
[2025-06-10 14:07:44] WARNING: No new tweets found with trust commands. Exiting without error.
[2025-06-10 14:07:44] WARNING: Collection complete!
[2025-06-10 14:07:44] WARNING: - 0 trust assignments processed
[2025-06-10 14:07:44] WARNING: - 2 users in trust network
[2025-06-10 14:07:44] WARNING: - 31 total trust relationships
[2025-06-10 14:17:33] WARNING: === Starting Twitter Trust System Collection ===
[2025-06-10 14:17:33] WARNING: Will collect tweets until reaching previous timestamp: 2025-05-12 06:54:05+00:00
[2025-06-10 14:17:33] WARNING: Retrieving page 1...
[2025-06-10 14:17:34] WARNING: Newest tweet is from: 2025-05-12 06:54:05+00:00
[2025-06-10 14:17:34] WARNING: Reached stop point at tweet from 2025-05-12 06:54:05+00:00
[2025-06-10 14:17:34] WARNING: Retrieved 0 new tweets on page 1
[2025-06-10 14:17:34] WARNING: Stopping pagination as we've reached the stop point
[2025-06-10 14:17:34] WARNING: Retrieved a total of 0 tweets across 1 pages
[2025-06-10 14:17:34] WARNING: No new tweets found with trust commands. Exiting without error.
[2025-06-10 14:17:34] WARNING: Collection complete!
[2025-06-10 14:17:34] WARNING: - 0 trust assignments processed
[2025-06-10 14:17:34] WARNING: - 2 users in trust network
[2025-06-10 14:17:34] WARNING: - 31 total trust relationships
[2025-06-10 14:27:33] WARNING: === Starting Twitter Trust System Collection ===
[2025-06-10 14:27:33] WARNING: Will collect tweets until reaching previous timestamp: 2025-05-12 06:54:05+00:00
[2025-06-10 14:27:33] WARNING: Retrieving page 1...
[2025-06-10 14:27:34] WARNING: Newest tweet is from: 2025-05-12 06:54:05+00:00
[2025-06-10 14:27:34] WARNING: Reached stop point at tweet from 2025-05-12 06:54:05+00:00
[2025-06-10 14:27:34] WARNING: Retrieved 0 new tweets on page 1
[2025-06-10 14:27:34] WARNING: Stopping pagination as we've reached the stop point
[2025-06-10 14:27:34] WARNING: Retrieved a total of 0 tweets across 1 pages
[2025-06-10 14:27:34] WARNING: No new tweets found with trust commands. Exiting without error.
[2025-06-10 14:27:34] WARNING: Collection complete!
[2025-06-10 14:27:34] WARNING: - 0 trust assignments processed
[2025-06-10 14:27:34] WARNING: - 2 users in trust network
[2025-06-10 14:27:34] WARNING: - 31 total trust relationships
[2025-06-10 14:37:33] WARNING: === Starting Twitter Trust System Collection ===
[2025-06-10 14:37:33] WARNING: Will collect tweets until reaching previous timestamp: 2025-05-12 06:54:05+00:00
[2025-06-10 14:37:33] WARNING: Retrieving page 1...
[2025-06-10 14:37:34] WARNING: Newest tweet is from: 2025-05-12 06:54:05+00:00
[2025-06-10 14:37:34] WARNING: Reached stop point at tweet from 2025-05-12 06:54:05+00:00
[2025-06-10 14:37:34] WARNING: Retrieved 0 new tweets on page 1
[2025-06-10 14:37:34] WARNING: Stopping pagination as we've reached the stop point
[2025-06-10 14:37:34] WARNING: Retrieved a total of 0 tweets across 1 pages
[2025-06-10 14:37:34] WARNING: No new tweets found with trust commands. Exiting without error.
[2025-06-10 14:37:34] WARNING: Collection complete!
[2025-06-10 14:37:34] WARNING: - 0 trust assignments processed
[2025-06-10 14:37:34] WARNING: - 2 users in trust network
[2025-06-10 14:37:34] WARNING: - 31 total trust relationships
[2025-06-10 14:47:33] WARNING: === Starting Twitter Trust System Collection ===
[2025-06-10 14:47:33] WARNING: Will collect tweets until reaching previous timestamp: 2025-05-12 06:54:05+00:00
[2025-06-10 14:47:33] WARNING: Retrieving page 1...
[2025-06-10 14:47:35] WARNING: Newest tweet is from: 2025-05-12 06:54:05+00:00
[2025-06-10 14:47:35] WARNING: Reached stop point at tweet from 2025-05-12 06:54:05+00:00
[2025-06-10 14:47:35] WARNING: Retrieved 0 new tweets on page 1
[2025-06-10 14:47:35] WARNING: Stopping pagination as we've reached the stop point
[2025-06-10 14:47:35] WARNING: Retrieved a total of 0 tweets across 1 pages
[2025-06-10 14:47:35] WARNING: No new tweets found with trust commands. Exiting without error.
[2025-06-10 14:47:35] WARNING: Collection complete!
[2025-06-10 14:47:35] WARNING: - 0 trust assignments processed
[2025-06-10 14:47:35] WARNING: - 2 users in trust network
[2025-06-10 14:47:35] WARNING: - 31 total trust relationships
[2025-06-10 14:57:33] WARNING: === Starting Twitter Trust System Collection ===
[2025-06-10 14:57:33] WARNING: Will collect tweets until reaching previous timestamp: 2025-05-12 06:54:05+00:00
[2025-06-10 14:57:33] WARNING: Retrieving page 1...
[2025-06-10 14:57:34] WARNING: Newest tweet is from: 2025-05-12 06:54:05+00:00
[2025-06-10 14:57:34] WARNING: Reached stop point at tweet from 2025-05-12 06:54:05+00:00
[2025-06-10 14:57:34] WARNING: Retrieved 0 new tweets on page 1
[2025-06-10 14:57:34] WARNING: Stopping pagination as we've reached the stop point
[2025-06-10 14:57:34] WARNING: Retrieved a total of 0 tweets across 1 pages
[2025-06-10 14:57:34] WARNING: No new tweets found with trust commands. Exiting without error.
[2025-06-10 14:57:34] WARNING: Collection complete!
[2025-06-10 14:57:34] WARNING: - 0 trust assignments processed
[2025-06-10 14:57:34] WARNING: - 2 users in trust network
[2025-06-10 14:57:34] WARNING: - 31 total trust relationships
[2025-06-10 14:57:34] Calculating trust scores from collected data...
[2025-06-10 14:57:37] INFO: Community Community A (18 members): AskaPol_UAPs, ChrisUKSharp, DanHaug6, Eyes_OnTheSkies, FettucineSplit, GoodTroubleShow, Halsrethink, JeremyCorbell, JonMajerowski, LueElizondo, PTHellyer, SnakePo9, TheOfficialQF, g_knapp, jamescfox, jayanderson, rosscoulthart, ufobeliever1947
[2025-06-10 14:57:37] INFO: Community Community B (7 members): MiddleofMayhem, OSIRISUAP, ShipsSmall, cosmic_surplus, likeitmatters3, susangerbic, ufoskeptic1968
[2025-06-10 14:57:37] INFO: Community analysis written to community_analysis.txt
[2025-06-10 14:57:37] WARNING: Generating trust network visualization...
[2025-06-10 14:57:38] WARNING: Network visualization saved to visualization/trust_network.png
[2025-06-10 14:57:38] WARNING: Creating JSON data structure...
[2025-06-10 14:57:38] WARNING: Successfully generated js/data.js with:
[2025-06-10 14:57:38] WARNING: - 25 users
[2025-06-10 14:57:38] WARNING: - 31 trust relationships
[2025-06-10 14:57:38] WARNING: - 2 communities
[2025-06-10 14:57:38] WARNING: Trust calculation completed successfully.
[2025-06-10 14:57:38] Committing and pushing changes to GitHub...
