[2025-05-24 08:57:31] Starting Twitter Trust System update process...
[2025-05-24 08:57:31] Update frequency set to: 10 minutes
[2025-05-24 08:57:31] Collecting trust assignments from Twitter...
[2025-05-24 08:57:37] Warning: Trust assignments file not updated recently (last modified 05/24/2025 07:17:37)
[2025-05-24 06:27:44] WARNING: - 0 trust assignments processed
[2025-05-24 06:27:44] WARNING: - 2 users in trust network
[2025-05-24 06:27:44] WARNING: - 31 total trust relationships
[2025-05-24 06:37:33] WARNING: === Starting Twitter Trust System Collection ===
[2025-05-24 06:37:33] WARNING: Will collect tweets until reaching previous timestamp: 2025-05-12 06:54:05+00:00
[2025-05-24 06:37:33] WARNING: Retrieving page 1...
[2025-05-24 06:37:54] WARNING: Error retrieving page 1: Expecting value: line 1 column 1 (char 0)
[2025-05-24 06:37:54] WARNING: Retrieved a total of 0 tweets across 1 pages
[2025-05-24 06:37:54] WARNING: No new tweets found with trust commands. Exiting without error.
[2025-05-24 06:37:54] WARNING: Collection complete!
[2025-05-24 06:37:54] WARNING: - 0 trust assignments processed
[2025-05-24 06:37:54] WARNING: - 2 users in trust network
[2025-05-24 06:37:54] WARNING: - 31 total trust relationships
[2025-05-24 06:47:33] WARNING: === Starting Twitter Trust System Collection ===
[2025-05-24 06:47:33] WARNING: Will collect tweets until reaching previous timestamp: 2025-05-12 06:54:05+00:00
[2025-05-24 06:47:33] WARNING: Retrieving page 1...
[2025-05-24 06:47:46] WARNING: Newest tweet is from: 2025-05-12 06:54:05+00:00
[2025-05-24 06:47:46] WARNING: Reached stop point at tweet from 2025-05-12 06:54:05+00:00
[2025-05-24 06:47:46] WARNING: Retrieved 0 new tweets on page 1
[2025-05-24 06:47:46] WARNING: Stopping pagination as we've reached the stop point
[2025-05-24 06:47:46] WARNING: Retrieved a total of 0 tweets across 1 pages
[2025-05-24 06:47:46] WARNING: No new tweets found with trust commands. Exiting without error.
[2025-05-24 06:47:46] WARNING: Collection complete!
[2025-05-24 06:47:46] WARNING: - 0 trust assignments processed
[2025-05-24 06:47:46] WARNING: - 2 users in trust network
[2025-05-24 06:47:46] WARNING: - 31 total trust relationships
[2025-05-24 06:57:33] WARNING: === Starting Twitter Trust System Collection ===
[2025-05-24 06:57:33] WARNING: Will collect tweets until reaching previous timestamp: 2025-05-12 06:54:05+00:00
[2025-05-24 06:57:33] WARNING: Retrieving page 1...
[2025-05-24 06:57:37] WARNING: Newest tweet is from: 2025-05-12 06:54:05+00:00
[2025-05-24 06:57:37] WARNING: Reached stop point at tweet from 2025-05-12 06:54:05+00:00
[2025-05-24 06:57:37] WARNING: Retrieved 0 new tweets on page 1
[2025-05-24 06:57:37] WARNING: Stopping pagination as we've reached the stop point
[2025-05-24 06:57:37] WARNING: Retrieved a total of 0 tweets across 1 pages
[2025-05-24 06:57:37] WARNING: No new tweets found with trust commands. Exiting without error.
[2025-05-24 06:57:37] WARNING: Collection complete!
[2025-05-24 06:57:37] WARNING: - 0 trust assignments processed
[2025-05-24 06:57:37] WARNING: - 2 users in trust network
[2025-05-24 06:57:37] WARNING: - 31 total trust relationships
[2025-05-24 07:07:33] WARNING: === Starting Twitter Trust System Collection ===
[2025-05-24 07:07:33] WARNING: Will collect tweets until reaching previous timestamp: 2025-05-12 06:54:05+00:00
[2025-05-24 07:07:33] WARNING: Retrieving page 1...
[2025-05-24 07:07:35] WARNING: Error parsing newest tweet time: Parser must be a string or character stream, not NoneType
[2025-05-24 07:07:35] WARNING: Error parsing tweet time: Parser must be a string or character stream, not NoneType
[2025-05-24 07:07:35] WARNING: Error parsing tweet time: Parser must be a string or character stream, not NoneType
[2025-05-24 07:07:35] WARNING: Reached stop point at tweet from 2025-05-12 06:38:14+00:00
[2025-05-24 07:07:35] WARNING: Retrieved 2 new tweets on page 1
[2025-05-24 07:07:35] WARNING: Stopping pagination as we've reached the stop point
[2025-05-24 07:07:35] WARNING: Retrieved a total of 2 tweets across 1 pages
[2025-05-24 07:07:35] WARNING: Processing 2 tweets for trust commands
[2025-05-24 07:07:35] WARNING: Successfully saved 0 trust assignments (0 new/changed)
[2025-05-24 07:07:35] WARNING: Collection complete!
[2025-05-24 07:07:35] WARNING: - 0 trust assignments processed
[2025-05-24 07:07:35] WARNING: - 2 users in trust network
[2025-05-24 07:07:35] WARNING: - 31 total trust relationships
[2025-05-24 07:17:33] WARNING: === Starting Twitter Trust System Collection ===
[2025-05-24 07:17:33] WARNING: Will collect tweets until reaching previous timestamp: 2025-05-12 06:54:05+00:00
[2025-05-24 07:17:33] WARNING: Retrieving page 1...
[2025-05-24 07:17:37] WARNING: Error parsing newest tweet time: Parser must be a string or character stream, not NoneType
[2025-05-24 07:17:37] WARNING: Error parsing tweet time: Parser must be a string or character stream, not NoneType
[2025-05-24 07:17:37] WARNING: Error parsing tweet time: Parser must be a string or character stream, not NoneType
[2025-05-24 07:17:37] WARNING: Error parsing tweet time: Parser must be a string or character stream, not NoneType
[2025-05-24 07:17:37] WARNING: Reached stop point at tweet from 2025-05-12 05:38:05+00:00
[2025-05-24 07:17:37] WARNING: Retrieved 3 new tweets on page 1
[2025-05-24 07:17:37] WARNING: Stopping pagination as we've reached the stop point
[2025-05-24 07:17:37] WARNING: Retrieved a total of 3 tweets across 1 pages
[2025-05-24 07:17:37] WARNING: Processing 3 tweets for trust commands
[2025-05-24 07:17:37] WARNING: Successfully saved 0 trust assignments (0 new/changed)
[2025-05-24 07:17:37] WARNING: Collection complete!
[2025-05-24 07:17:37] WARNING: - 0 trust assignments processed
[2025-05-24 07:17:37] WARNING: - 2 users in trust network
[2025-05-24 07:17:37] WARNING: - 31 total trust relationships
[2025-05-24 07:27:33] WARNING: === Starting Twitter Trust System Collection ===
[2025-05-24 07:27:33] WARNING: Will collect tweets until reaching previous timestamp: 2025-05-12 06:54:05+00:00
[2025-05-24 07:27:33] WARNING: Retrieving page 1...
[2025-05-24 07:27:35] WARNING: Newest tweet is from: 2025-05-12 06:54:05+00:00
[2025-05-24 07:27:35] WARNING: Reached stop point at tweet from 2025-05-12 06:54:05+00:00
[2025-05-24 07:27:35] WARNING: Retrieved 0 new tweets on page 1
[2025-05-24 07:27:35] WARNING: Stopping pagination as we've reached the stop point
[2025-05-24 07:27:35] WARNING: Retrieved a total of 0 tweets across 1 pages
[2025-05-24 07:27:35] WARNING: No new tweets found with trust commands. Exiting without error.
[2025-05-24 07:27:35] WARNING: Collection complete!
[2025-05-24 07:27:35] WARNING: - 0 trust assignments processed
[2025-05-24 07:27:35] WARNING: - 2 users in trust network
[2025-05-24 07:27:35] WARNING: - 31 total trust relationships
[2025-05-24 07:37:33] WARNING: === Starting Twitter Trust System Collection ===
[2025-05-24 07:37:33] WARNING: Will collect tweets until reaching previous timestamp: 2025-05-12 06:54:05+00:00
[2025-05-24 07:37:33] WARNING: Retrieving page 1...
[2025-05-24 07:37:36] WARNING: No tweets found on this page
[2025-05-24 07:37:36] WARNING: Retrieved a total of 0 tweets across 1 pages
[2025-05-24 07:37:36] WARNING: No new tweets found with trust commands. Exiting without error.
[2025-05-24 07:37:36] WARNING: Collection complete!
[2025-05-24 07:37:36] WARNING: - 0 trust assignments processed
[2025-05-24 07:37:36] WARNING: - 2 users in trust network
[2025-05-24 07:37:36] WARNING: - 31 total trust relationships
[2025-05-24 07:47:33] WARNING: === Starting Twitter Trust System Collection ===
[2025-05-24 07:47:33] WARNING: Will collect tweets until reaching previous timestamp: 2025-05-12 06:54:05+00:00
[2025-05-24 07:47:33] WARNING: Retrieving page 1...
[2025-05-24 07:47:35] WARNING: Newest tweet is from: 2025-05-12 06:54:05+00:00
[2025-05-24 07:47:35] WARNING: Reached stop point at tweet from 2025-05-12 06:54:05+00:00
[2025-05-24 07:47:35] WARNING: Retrieved 0 new tweets on page 1
[2025-05-24 07:47:35] WARNING: Stopping pagination as we've reached the stop point
[2025-05-24 07:47:35] WARNING: Retrieved a total of 0 tweets across 1 pages
[2025-05-24 07:47:35] WARNING: No new tweets found with trust commands. Exiting without error.
[2025-05-24 07:47:35] WARNING: Collection complete!
[2025-05-24 07:47:35] WARNING: - 0 trust assignments processed
[2025-05-24 07:47:35] WARNING: - 2 users in trust network
[2025-05-24 07:47:35] WARNING: - 31 total trust relationships
[2025-05-24 07:57:33] WARNING: === Starting Twitter Trust System Collection ===
[2025-05-24 07:57:33] WARNING: Will collect tweets until reaching previous timestamp: 2025-05-12 06:54:05+00:00
[2025-05-24 07:57:33] WARNING: Retrieving page 1...
[2025-05-24 07:57:34] WARNING: Newest tweet is from: 2025-05-12 06:54:05+00:00
[2025-05-24 07:57:34] WARNING: Reached stop point at tweet from 2025-05-12 06:54:05+00:00
[2025-05-24 07:57:34] WARNING: Retrieved 0 new tweets on page 1
[2025-05-24 07:57:34] WARNING: Stopping pagination as we've reached the stop point
[2025-05-24 07:57:34] WARNING: Retrieved a total of 0 tweets across 1 pages
[2025-05-24 07:57:34] WARNING: No new tweets found with trust commands. Exiting without error.
[2025-05-24 07:57:34] WARNING: Collection complete!
[2025-05-24 07:57:34] WARNING: - 0 trust assignments processed
[2025-05-24 07:57:34] WARNING: - 2 users in trust network
[2025-05-24 07:57:34] WARNING: - 31 total trust relationships
[2025-05-24 08:07:33] WARNING: === Starting Twitter Trust System Collection ===
[2025-05-24 08:07:33] WARNING: Will collect tweets until reaching previous timestamp: 2025-05-12 06:54:05+00:00
[2025-05-24 08:07:33] WARNING: Retrieving page 1...
[2025-05-24 08:07:35] WARNING: Newest tweet is from: 2025-05-12 06:54:05+00:00
[2025-05-24 08:07:35] WARNING: Reached stop point at tweet from 2025-05-12 06:54:05+00:00
[2025-05-24 08:07:35] WARNING: Retrieved 0 new tweets on page 1
[2025-05-24 08:07:35] WARNING: Stopping pagination as we've reached the stop point
[2025-05-24 08:07:35] WARNING: Retrieved a total of 0 tweets across 1 pages
[2025-05-24 08:07:35] WARNING: No new tweets found with trust commands. Exiting without error.
[2025-05-24 08:07:35] WARNING: Collection complete!
[2025-05-24 08:07:35] WARNING: - 0 trust assignments processed
[2025-05-24 08:07:35] WARNING: - 2 users in trust network
[2025-05-24 08:07:35] WARNING: - 31 total trust relationships
[2025-05-24 08:17:33] WARNING: === Starting Twitter Trust System Collection ===
[2025-05-24 08:17:33] WARNING: Will collect tweets until reaching previous timestamp: 2025-05-12 06:54:05+00:00
[2025-05-24 08:17:33] WARNING: Retrieving page 1...
[2025-05-24 08:17:36] WARNING: Newest tweet is from: 2025-05-12 06:54:05+00:00
[2025-05-24 08:17:36] WARNING: Reached stop point at tweet from 2025-05-12 06:54:05+00:00
[2025-05-24 08:17:36] WARNING: Retrieved 0 new tweets on page 1
[2025-05-24 08:17:36] WARNING: Stopping pagination as we've reached the stop point
[2025-05-24 08:17:36] WARNING: Retrieved a total of 0 tweets across 1 pages
[2025-05-24 08:17:36] WARNING: No new tweets found with trust commands. Exiting without error.
[2025-05-24 08:17:36] WARNING: Collection complete!
[2025-05-24 08:17:36] WARNING: - 0 trust assignments processed
[2025-05-24 08:17:36] WARNING: - 2 users in trust network
[2025-05-24 08:17:36] WARNING: - 31 total trust relationships
[2025-05-24 08:27:33] WARNING: === Starting Twitter Trust System Collection ===
[2025-05-24 08:27:33] WARNING: Will collect tweets until reaching previous timestamp: 2025-05-12 06:54:05+00:00
[2025-05-24 08:27:33] WARNING: Retrieving page 1...
[2025-05-24 08:27:36] WARNING: Newest tweet is from: 2025-05-12 06:54:05+00:00
[2025-05-24 08:27:36] WARNING: Reached stop point at tweet from 2025-05-12 06:54:05+00:00
[2025-05-24 08:27:36] WARNING: Retrieved 0 new tweets on page 1
[2025-05-24 08:27:36] WARNING: Stopping pagination as we've reached the stop point
[2025-05-24 08:27:36] WARNING: Retrieved a total of 0 tweets across 1 pages
[2025-05-24 08:27:36] WARNING: No new tweets found with trust commands. Exiting without error.
[2025-05-24 08:27:36] WARNING: Collection complete!
[2025-05-24 08:27:36] WARNING: - 0 trust assignments processed
[2025-05-24 08:27:36] WARNING: - 2 users in trust network
[2025-05-24 08:27:36] WARNING: - 31 total trust relationships
[2025-05-24 08:37:33] WARNING: === Starting Twitter Trust System Collection ===
[2025-05-24 08:37:33] WARNING: Will collect tweets until reaching previous timestamp: 2025-05-12 06:54:05+00:00
[2025-05-24 08:37:33] WARNING: Retrieving page 1...
[2025-05-24 08:37:37] WARNING: Newest tweet is from: 2025-05-12 06:54:05+00:00
[2025-05-24 08:37:37] WARNING: Reached stop point at tweet from 2025-05-12 06:54:05+00:00
[2025-05-24 08:37:37] WARNING: Retrieved 0 new tweets on page 1
[2025-05-24 08:37:37] WARNING: Stopping pagination as we've reached the stop point
[2025-05-24 08:37:37] WARNING: Retrieved a total of 0 tweets across 1 pages
[2025-05-24 08:37:37] WARNING: No new tweets found with trust commands. Exiting without error.
[2025-05-24 08:37:37] WARNING: Collection complete!
[2025-05-24 08:37:37] WARNING: - 0 trust assignments processed
[2025-05-24 08:37:37] WARNING: - 2 users in trust network
[2025-05-24 08:37:37] WARNING: - 31 total trust relationships
[2025-05-24 08:47:33] WARNING: === Starting Twitter Trust System Collection ===
[2025-05-24 08:47:33] WARNING: Will collect tweets until reaching previous timestamp: 2025-05-12 06:54:05+00:00
[2025-05-24 08:47:33] WARNING: Retrieving page 1...
[2025-05-24 08:47:41] WARNING: Newest tweet is from: 2025-05-12 06:54:05+00:00
[2025-05-24 08:47:41] WARNING: Reached stop point at tweet from 2025-05-12 06:54:05+00:00
[2025-05-24 08:47:41] WARNING: Retrieved 0 new tweets on page 1
[2025-05-24 08:47:41] WARNING: Stopping pagination as we've reached the stop point
[2025-05-24 08:47:41] WARNING: Retrieved a total of 0 tweets across 1 pages
[2025-05-24 08:47:41] WARNING: No new tweets found with trust commands. Exiting without error.
[2025-05-24 08:47:41] WARNING: Collection complete!
[2025-05-24 08:47:41] WARNING: - 0 trust assignments processed
[2025-05-24 08:47:41] WARNING: - 2 users in trust network
[2025-05-24 08:47:41] WARNING: - 31 total trust relationships
[2025-05-24 08:57:33] WARNING: === Starting Twitter Trust System Collection ===
[2025-05-24 08:57:33] WARNING: Will collect tweets until reaching previous timestamp: 2025-05-12 06:54:05+00:00
[2025-05-24 08:57:33] WARNING: Retrieving page 1...
[2025-05-24 08:57:37] WARNING: Newest tweet is from: 2025-05-12 06:54:05+00:00
[2025-05-24 08:57:37] WARNING: Reached stop point at tweet from 2025-05-12 06:54:05+00:00
[2025-05-24 08:57:37] WARNING: Retrieved 0 new tweets on page 1
[2025-05-24 08:57:37] WARNING: Stopping pagination as we've reached the stop point
[2025-05-24 08:57:37] WARNING: Retrieved a total of 0 tweets across 1 pages
[2025-05-24 08:57:37] WARNING: No new tweets found with trust commands. Exiting without error.
[2025-05-24 08:57:37] WARNING: Collection complete!
[2025-05-24 08:57:37] WARNING: - 0 trust assignments processed
[2025-05-24 08:57:37] WARNING: - 2 users in trust network
[2025-05-24 08:57:37] WARNING: - 31 total trust relationships
[2025-05-24 08:57:37] Calculating trust scores from collected data...
[2025-05-24 06:47:49] INFO: Community Community A (18 members): AskaPol_UAPs, ChrisUKSharp, DanHaug6, Eyes_OnTheSkies, FettucineSplit, GoodTroubleShow, Halsrethink, JeremyCorbell, JonMajerowski, LueElizondo, PTHellyer, SnakePo9, TheOfficialQF, g_knapp, jamescfox, jayanderson, rosscoulthart, ufobeliever1947
[2025-05-24 06:47:49] INFO: Community Community B (7 members): MiddleofMayhem, OSIRISUAP, ShipsSmall, cosmic_surplus, likeitmatters3, susangerbic, ufoskeptic1968
[2025-05-24 06:47:49] INFO: Community analysis written to community_analysis.txt
[2025-05-24 06:47:49] WARNING: Generating trust network visualization...
[2025-05-24 06:47:50] WARNING: Network visualization saved to visualization/trust_network.png
[2025-05-24 06:47:50] WARNING: Creating JSON data structure...
[2025-05-24 06:47:50] WARNING: Successfully generated js/data.js with:
[2025-05-24 06:47:50] WARNING: - 25 users
[2025-05-24 06:47:50] WARNING: - 31 trust relationships
[2025-05-24 06:47:50] WARNING: - 2 communities
[2025-05-24 06:47:50] WARNING: Trust calculation completed successfully.
[2025-05-24 06:57:40] WARNING: === Starting Trust Score Calculation ===
[2025-05-24 06:57:40] WARNING: Starting trust score calculation...
[2025-05-24 06:57:40] WARNING: Found 25 users in the trust network
[2025-05-24 06:57:40] WARNING: Building trust network graph...
[2025-05-24 06:57:40] WARNING: Calculating PageRank scores...
[2025-05-24 06:57:40] WARNING: Applying distrust penalties...
[2025-05-24 06:57:40] WARNING: Detecting communities...
[2025-05-24 06:57:40] WARNING: Found 8 isolated nodes to assign to communities
[2025-05-24 06:57:40] WARNING: Assigned isolated node Eyes_OnTheSkies to community 1 based on structural balance theory
[2025-05-24 06:57:40] WARNING: Assigned isolated node FettucineSplit to community 1 based on structural balance theory
[2025-05-24 06:57:40] WARNING: Assigned isolated node JonMajerowski to community 1 based on structural balance theory
[2025-05-24 06:57:40] WARNING: Assigned isolated node MiddleofMayhem to community 2 based on structural balance theory
[2025-05-24 06:57:40] WARNING: Assigned isolated node PTHellyer to community 1 based on structural balance theory
[2025-05-24 06:57:40] WARNING: Assigned isolated node SnakePo9 to community 1 based on structural balance theory
[2025-05-24 06:57:40] WARNING: Assigned isolated node jamescfox to community 1 based on structural balance theory
[2025-05-24 06:57:40] WARNING: Assigned isolated node likeitmatters3 to community 2 based on structural balance theory
[2025-05-24 06:57:40] INFO: Analyzing community composition...
[2025-05-24 06:57:40] INFO: Community Community A (18 members): AskaPol_UAPs, ChrisUKSharp, DanHaug6, Eyes_OnTheSkies, FettucineSplit, GoodTroubleShow, Halsrethink, JeremyCorbell, JonMajerowski, LueElizondo, PTHellyer, SnakePo9, TheOfficialQF, g_knapp, jamescfox, jayanderson, rosscoulthart, ufobeliever1947
[2025-05-24 06:57:40] INFO: Community Community B (7 members): MiddleofMayhem, OSIRISUAP, ShipsSmall, cosmic_surplus, likeitmatters3, susangerbic, ufoskeptic1968
[2025-05-24 06:57:40] INFO: Community analysis written to community_analysis.txt
[2025-05-24 06:57:40] WARNING: Generating trust network visualization...
[2025-05-24 06:57:41] WARNING: Network visualization saved to visualization/trust_network.png
[2025-05-24 06:57:41] WARNING: Creating JSON data structure...
[2025-05-24 06:57:41] WARNING: Successfully generated js/data.js with:
[2025-05-24 06:57:41] WARNING: - 25 users
[2025-05-24 06:57:41] WARNING: - 31 trust relationships
[2025-05-24 06:57:41] WARNING: - 2 communities
[2025-05-24 06:57:41] WARNING: Trust calculation completed successfully.
[2025-05-24 07:07:38] WARNING: === Starting Trust Score Calculation ===
[2025-05-24 07:07:38] WARNING: Starting trust score calculation...
[2025-05-24 07:07:38] WARNING: Found 25 users in the trust network
[2025-05-24 07:07:38] WARNING: Building trust network graph...
[2025-05-24 07:07:38] WARNING: Calculating PageRank scores...
[2025-05-24 07:07:38] WARNING: Applying distrust penalties...
[2025-05-24 07:07:38] WARNING: Detecting communities...
[2025-05-24 07:07:38] WARNING: Found 8 isolated nodes to assign to communities
[2025-05-24 07:07:38] WARNING: Assigned isolated node Eyes_OnTheSkies to community 1 based on structural balance theory
[2025-05-24 07:07:38] WARNING: Assigned isolated node FettucineSplit to community 1 based on structural balance theory
[2025-05-24 07:07:38] WARNING: Assigned isolated node JonMajerowski to community 1 based on structural balance theory
[2025-05-24 07:07:38] WARNING: Assigned isolated node MiddleofMayhem to community 2 based on structural balance theory
[2025-05-24 07:07:38] WARNING: Assigned isolated node PTHellyer to community 1 based on structural balance theory
[2025-05-24 07:07:38] WARNING: Assigned isolated node SnakePo9 to community 1 based on structural balance theory
[2025-05-24 07:07:38] WARNING: Assigned isolated node jamescfox to community 1 based on structural balance theory
[2025-05-24 07:07:38] WARNING: Assigned isolated node likeitmatters3 to community 2 based on structural balance theory
[2025-05-24 07:07:38] INFO: Analyzing community composition...
[2025-05-24 07:07:38] INFO: Community Community A (18 members): AskaPol_UAPs, ChrisUKSharp, DanHaug6, Eyes_OnTheSkies, FettucineSplit, GoodTroubleShow, Halsrethink, JeremyCorbell, JonMajerowski, LueElizondo, PTHellyer, SnakePo9, TheOfficialQF, g_knapp, jamescfox, jayanderson, rosscoulthart, ufobeliever1947
[2025-05-24 07:07:38] INFO: Community Community B (7 members): MiddleofMayhem, OSIRISUAP, ShipsSmall, cosmic_surplus, likeitmatters3, susangerbic, ufoskeptic1968
[2025-05-24 07:07:38] INFO: Community analysis written to community_analysis.txt
[2025-05-24 07:07:38] WARNING: Generating trust network visualization...
[2025-05-24 07:07:39] WARNING: Network visualization saved to visualization/trust_network.png
[2025-05-24 07:07:39] WARNING: Creating JSON data structure...
[2025-05-24 07:07:39] WARNING: Successfully generated js/data.js with:
[2025-05-24 07:07:39] WARNING: - 25 users
[2025-05-24 07:07:39] WARNING: - 31 trust relationships
[2025-05-24 07:07:39] WARNING: - 2 communities
[2025-05-24 07:07:39] WARNING: Trust calculation completed successfully.
[2025-05-24 07:17:40] WARNING: === Starting Trust Score Calculation ===
[2025-05-24 07:17:40] WARNING: Starting trust score calculation...
[2025-05-24 07:17:40] WARNING: Found 25 users in the trust network
[2025-05-24 07:17:40] WARNING: Building trust network graph...
[2025-05-24 07:17:40] WARNING: Calculating PageRank scores...
[2025-05-24 07:17:40] WARNING: Applying distrust penalties...
[2025-05-24 07:17:40] WARNING: Detecting communities...
[2025-05-24 07:17:40] WARNING: Found 8 isolated nodes to assign to communities
[2025-05-24 07:17:40] WARNING: Assigned isolated node Eyes_OnTheSkies to community 1 based on structural balance theory
[2025-05-24 07:17:40] WARNING: Assigned isolated node FettucineSplit to community 1 based on structural balance theory
[2025-05-24 07:17:40] WARNING: Assigned isolated node JonMajerowski to community 1 based on structural balance theory
[2025-05-24 07:17:40] WARNING: Assigned isolated node MiddleofMayhem to community 2 based on structural balance theory
[2025-05-24 07:17:40] WARNING: Assigned isolated node PTHellyer to community 1 based on structural balance theory
[2025-05-24 07:17:40] WARNING: Assigned isolated node SnakePo9 to community 1 based on structural balance theory
[2025-05-24 07:17:40] WARNING: Assigned isolated node jamescfox to community 1 based on structural balance theory
[2025-05-24 07:17:40] WARNING: Assigned isolated node likeitmatters3 to community 2 based on structural balance theory
[2025-05-24 07:17:40] INFO: Analyzing community composition...
[2025-05-24 07:17:40] INFO: Community Community A (18 members): AskaPol_UAPs, ChrisUKSharp, DanHaug6, Eyes_OnTheSkies, FettucineSplit, GoodTroubleShow, Halsrethink, JeremyCorbell, JonMajerowski, LueElizondo, PTHellyer, SnakePo9, TheOfficialQF, g_knapp, jamescfox, jayanderson, rosscoulthart, ufobeliever1947
[2025-05-24 07:17:40] INFO: Community Community B (7 members): MiddleofMayhem, OSIRISUAP, ShipsSmall, cosmic_surplus, likeitmatters3, susangerbic, ufoskeptic1968
[2025-05-24 07:17:40] INFO: Community analysis written to community_analysis.txt
[2025-05-24 07:17:40] WARNING: Generating trust network visualization...
[2025-05-24 07:17:41] WARNING: Network visualization saved to visualization/trust_network.png
[2025-05-24 07:17:41] WARNING: Creating JSON data structure...
[2025-05-24 07:17:41] WARNING: Successfully generated js/data.js with:
[2025-05-24 07:17:41] WARNING: - 25 users
[2025-05-24 07:17:41] WARNING: - 31 trust relationships
[2025-05-24 07:17:41] WARNING: - 2 communities
[2025-05-24 07:17:41] WARNING: Trust calculation completed successfully.
[2025-05-24 07:27:38] WARNING: === Starting Trust Score Calculation ===
[2025-05-24 07:27:38] WARNING: Starting trust score calculation...
[2025-05-24 07:27:38] WARNING: Found 25 users in the trust network
[2025-05-24 07:27:38] WARNING: Building trust network graph...
[2025-05-24 07:27:38] WARNING: Calculating PageRank scores...
[2025-05-24 07:27:38] WARNING: Applying distrust penalties...
[2025-05-24 07:27:38] WARNING: Detecting communities...
[2025-05-24 07:27:38] WARNING: Found 8 isolated nodes to assign to communities
[2025-05-24 07:27:38] WARNING: Assigned isolated node Eyes_OnTheSkies to community 1 based on structural balance theory
[2025-05-24 07:27:38] WARNING: Assigned isolated node FettucineSplit to community 1 based on structural balance theory
[2025-05-24 07:27:38] WARNING: Assigned isolated node JonMajerowski to community 1 based on structural balance theory
[2025-05-24 07:27:38] WARNING: Assigned isolated node MiddleofMayhem to community 2 based on structural balance theory
[2025-05-24 07:27:38] WARNING: Assigned isolated node PTHellyer to community 1 based on structural balance theory
[2025-05-24 07:27:38] WARNING: Assigned isolated node SnakePo9 to community 1 based on structural balance theory
[2025-05-24 07:27:38] WARNING: Assigned isolated node jamescfox to community 1 based on structural balance theory
[2025-05-24 07:27:38] WARNING: Assigned isolated node likeitmatters3 to community 2 based on structural balance theory
[2025-05-24 07:27:38] INFO: Analyzing community composition...
[2025-05-24 07:27:38] INFO: Community Community A (18 members): AskaPol_UAPs, ChrisUKSharp, DanHaug6, Eyes_OnTheSkies, FettucineSplit, GoodTroubleShow, Halsrethink, JeremyCorbell, JonMajerowski, LueElizondo, PTHellyer, SnakePo9, TheOfficialQF, g_knapp, jamescfox, jayanderson, rosscoulthart, ufobeliever1947
[2025-05-24 07:27:38] INFO: Community Community B (7 members): MiddleofMayhem, OSIRISUAP, ShipsSmall, cosmic_surplus, likeitmatters3, susangerbic, ufoskeptic1968
[2025-05-24 07:27:38] INFO: Community analysis written to community_analysis.txt
[2025-05-24 07:27:38] WARNING: Generating trust network visualization...
[2025-05-24 07:27:38] WARNING: Network visualization saved to visualization/trust_network.png
[2025-05-24 07:27:38] WARNING: Creating JSON data structure...
[2025-05-24 07:27:38] WARNING: Successfully generated js/data.js with:
[2025-05-24 07:27:38] WARNING: - 25 users
[2025-05-24 07:27:38] WARNING: - 31 trust relationships
[2025-05-24 07:27:38] WARNING: - 2 communities
[2025-05-24 07:27:38] WARNING: Trust calculation completed successfully.
[2025-05-24 07:37:40] WARNING: === Starting Trust Score Calculation ===
[2025-05-24 07:37:40] WARNING: Starting trust score calculation...
[2025-05-24 07:37:40] WARNING: Found 25 users in the trust network
[2025-05-24 07:37:40] WARNING: Building trust network graph...
[2025-05-24 07:37:40] WARNING: Calculating PageRank scores...
[2025-05-24 07:37:40] WARNING: Applying distrust penalties...
[2025-05-24 07:37:40] WARNING: Detecting communities...
[2025-05-24 07:37:40] WARNING: Found 8 isolated nodes to assign to communities
[2025-05-24 07:37:40] WARNING: Assigned isolated node Eyes_OnTheSkies to community 1 based on structural balance theory
[2025-05-24 07:37:40] WARNING: Assigned isolated node FettucineSplit to community 1 based on structural balance theory
[2025-05-24 07:37:40] WARNING: Assigned isolated node JonMajerowski to community 1 based on structural balance theory
[2025-05-24 07:37:40] WARNING: Assigned isolated node MiddleofMayhem to community 2 based on structural balance theory
[2025-05-24 07:37:40] WARNING: Assigned isolated node PTHellyer to community 1 based on structural balance theory
[2025-05-24 07:37:40] WARNING: Assigned isolated node SnakePo9 to community 1 based on structural balance theory
[2025-05-24 07:37:40] WARNING: Assigned isolated node jamescfox to community 1 based on structural balance theory
[2025-05-24 07:37:40] WARNING: Assigned isolated node likeitmatters3 to community 2 based on structural balance theory
[2025-05-24 07:37:40] INFO: Analyzing community composition...
[2025-05-24 07:37:40] INFO: Community Community A (18 members): AskaPol_UAPs, ChrisUKSharp, DanHaug6, Eyes_OnTheSkies, FettucineSplit, GoodTroubleShow, Halsrethink, JeremyCorbell, JonMajerowski, LueElizondo, PTHellyer, SnakePo9, TheOfficialQF, g_knapp, jamescfox, jayanderson, rosscoulthart, ufobeliever1947
[2025-05-24 07:37:40] INFO: Community Community B (7 members): MiddleofMayhem, OSIRISUAP, ShipsSmall, cosmic_surplus, likeitmatters3, susangerbic, ufoskeptic1968
[2025-05-24 07:37:40] INFO: Community analysis written to community_analysis.txt
[2025-05-24 07:37:40] WARNING: Generating trust network visualization...
[2025-05-24 07:37:40] WARNING: Network visualization saved to visualization/trust_network.png
[2025-05-24 07:37:40] WARNING: Creating JSON data structure...
[2025-05-24 07:37:40] WARNING: Successfully generated js/data.js with:
[2025-05-24 07:37:40] WARNING: - 25 users
[2025-05-24 07:37:40] WARNING: - 31 trust relationships
[2025-05-24 07:37:40] WARNING: - 2 communities
[2025-05-24 07:37:40] WARNING: Trust calculation completed successfully.
[2025-05-24 07:47:38] WARNING: === Starting Trust Score Calculation ===
[2025-05-24 07:47:38] WARNING: Starting trust score calculation...
[2025-05-24 07:47:38] WARNING: Found 25 users in the trust network
[2025-05-24 07:47:38] WARNING: Building trust network graph...
[2025-05-24 07:47:38] WARNING: Calculating PageRank scores...
[2025-05-24 07:47:38] WARNING: Applying distrust penalties...
[2025-05-24 07:47:38] WARNING: Detecting communities...
[2025-05-24 07:47:38] WARNING: Found 8 isolated nodes to assign to communities
[2025-05-24 07:47:38] WARNING: Assigned isolated node Eyes_OnTheSkies to community 1 based on structural balance theory
[2025-05-24 07:47:38] WARNING: Assigned isolated node FettucineSplit to community 1 based on structural balance theory
[2025-05-24 07:47:38] WARNING: Assigned isolated node JonMajerowski to community 1 based on structural balance theory
[2025-05-24 07:47:38] WARNING: Assigned isolated node MiddleofMayhem to community 2 based on structural balance theory
[2025-05-24 07:47:38] WARNING: Assigned isolated node PTHellyer to community 1 based on structural balance theory
[2025-05-24 07:47:38] WARNING: Assigned isolated node SnakePo9 to community 1 based on structural balance theory
[2025-05-24 07:47:38] WARNING: Assigned isolated node jamescfox to community 1 based on structural balance theory
[2025-05-24 07:47:38] WARNING: Assigned isolated node likeitmatters3 to community 2 based on structural balance theory
[2025-05-24 07:47:38] INFO: Analyzing community composition...
[2025-05-24 07:47:38] INFO: Community Community A (18 members): AskaPol_UAPs, ChrisUKSharp, DanHaug6, Eyes_OnTheSkies, FettucineSplit, GoodTroubleShow, Halsrethink, JeremyCorbell, JonMajerowski, LueElizondo, PTHellyer, SnakePo9, TheOfficialQF, g_knapp, jamescfox, jayanderson, rosscoulthart, ufobeliever1947
[2025-05-24 07:47:38] INFO: Community Community B (7 members): MiddleofMayhem, OSIRISUAP, ShipsSmall, cosmic_surplus, likeitmatters3, susangerbic, ufoskeptic1968
[2025-05-24 07:47:38] INFO: Community analysis written to community_analysis.txt
[2025-05-24 07:47:38] WARNING: Generating trust network visualization...
[2025-05-24 07:47:39] WARNING: Network visualization saved to visualization/trust_network.png
[2025-05-24 07:47:39] WARNING: Creating JSON data structure...
[2025-05-24 07:47:39] WARNING: Successfully generated js/data.js with:
[2025-05-24 07:47:39] WARNING: - 25 users
[2025-05-24 07:47:39] WARNING: - 31 trust relationships
[2025-05-24 07:47:39] WARNING: - 2 communities
[2025-05-24 07:47:39] WARNING: Trust calculation completed successfully.
[2025-05-24 07:57:37] WARNING: === Starting Trust Score Calculation ===
[2025-05-24 07:57:37] WARNING: Starting trust score calculation...
[2025-05-24 07:57:37] WARNING: Found 25 users in the trust network
[2025-05-24 07:57:37] WARNING: Building trust network graph...
[2025-05-24 07:57:37] WARNING: Calculating PageRank scores...
[2025-05-24 07:57:37] WARNING: Applying distrust penalties...
[2025-05-24 07:57:37] WARNING: Detecting communities...
[2025-05-24 07:57:37] WARNING: Found 8 isolated nodes to assign to communities
[2025-05-24 07:57:37] WARNING: Assigned isolated node Eyes_OnTheSkies to community 1 based on structural balance theory
[2025-05-24 07:57:37] WARNING: Assigned isolated node FettucineSplit to community 1 based on structural balance theory
[2025-05-24 07:57:37] WARNING: Assigned isolated node JonMajerowski to community 1 based on structural balance theory
[2025-05-24 07:57:37] WARNING: Assigned isolated node MiddleofMayhem to community 2 based on structural balance theory
[2025-05-24 07:57:37] WARNING: Assigned isolated node PTHellyer to community 1 based on structural balance theory
[2025-05-24 07:57:37] WARNING: Assigned isolated node SnakePo9 to community 1 based on structural balance theory
[2025-05-24 07:57:37] WARNING: Assigned isolated node jamescfox to community 1 based on structural balance theory
[2025-05-24 07:57:37] WARNING: Assigned isolated node likeitmatters3 to community 2 based on structural balance theory
[2025-05-24 07:57:37] INFO: Analyzing community composition...
[2025-05-24 07:57:37] INFO: Community Community A (18 members): AskaPol_UAPs, ChrisUKSharp, DanHaug6, Eyes_OnTheSkies, FettucineSplit, GoodTroubleShow, Halsrethink, JeremyCorbell, JonMajerowski, LueElizondo, PTHellyer, SnakePo9, TheOfficialQF, g_knapp, jamescfox, jayanderson, rosscoulthart, ufobeliever1947
[2025-05-24 07:57:37] INFO: Community Community B (7 members): MiddleofMayhem, OSIRISUAP, ShipsSmall, cosmic_surplus, likeitmatters3, susangerbic, ufoskeptic1968
[2025-05-24 07:57:37] INFO: Community analysis written to community_analysis.txt
[2025-05-24 07:57:37] WARNING: Generating trust network visualization...
[2025-05-24 07:57:38] WARNING: Network visualization saved to visualization/trust_network.png
[2025-05-24 07:57:38] WARNING: Creating JSON data structure...
[2025-05-24 07:57:38] WARNING: Successfully generated js/data.js with:
[2025-05-24 07:57:38] WARNING: - 25 users
[2025-05-24 07:57:38] WARNING: - 31 trust relationships
[2025-05-24 07:57:38] WARNING: - 2 communities
[2025-05-24 07:57:38] WARNING: Trust calculation completed successfully.
[2025-05-24 08:07:38] WARNING: === Starting Trust Score Calculation ===
[2025-05-24 08:07:38] WARNING: Starting trust score calculation...
[2025-05-24 08:07:38] WARNING: Found 25 users in the trust network
[2025-05-24 08:07:38] WARNING: Building trust network graph...
[2025-05-24 08:07:38] WARNING: Calculating PageRank scores...
[2025-05-24 08:07:38] WARNING: Applying distrust penalties...
[2025-05-24 08:07:38] WARNING: Detecting communities...
[2025-05-24 08:07:38] WARNING: Found 8 isolated nodes to assign to communities
[2025-05-24 08:07:38] WARNING: Assigned isolated node Eyes_OnTheSkies to community 1 based on structural balance theory
[2025-05-24 08:07:38] WARNING: Assigned isolated node FettucineSplit to community 1 based on structural balance theory
[2025-05-24 08:07:38] WARNING: Assigned isolated node JonMajerowski to community 1 based on structural balance theory
[2025-05-24 08:07:38] WARNING: Assigned isolated node MiddleofMayhem to community 2 based on structural balance theory
[2025-05-24 08:07:38] WARNING: Assigned isolated node PTHellyer to community 1 based on structural balance theory
[2025-05-24 08:07:38] WARNING: Assigned isolated node SnakePo9 to community 1 based on structural balance theory
[2025-05-24 08:07:38] WARNING: Assigned isolated node jamescfox to community 1 based on structural balance theory
[2025-05-24 08:07:38] WARNING: Assigned isolated node likeitmatters3 to community 2 based on structural balance theory
[2025-05-24 08:07:38] INFO: Analyzing community composition...
[2025-05-24 08:07:38] INFO: Community Community A (18 members): AskaPol_UAPs, ChrisUKSharp, DanHaug6, Eyes_OnTheSkies, FettucineSplit, GoodTroubleShow, Halsrethink, JeremyCorbell, JonMajerowski, LueElizondo, PTHellyer, SnakePo9, TheOfficialQF, g_knapp, jamescfox, jayanderson, rosscoulthart, ufobeliever1947
[2025-05-24 08:07:38] INFO: Community Community B (7 members): MiddleofMayhem, OSIRISUAP, ShipsSmall, cosmic_surplus, likeitmatters3, susangerbic, ufoskeptic1968
[2025-05-24 08:07:38] INFO: Community analysis written to community_analysis.txt
[2025-05-24 08:07:38] WARNING: Generating trust network visualization...
[2025-05-24 08:07:39] WARNING: Network visualization saved to visualization/trust_network.png
[2025-05-24 08:07:39] WARNING: Creating JSON data structure...
[2025-05-24 08:07:39] WARNING: Successfully generated js/data.js with:
[2025-05-24 08:07:39] WARNING: - 25 users
[2025-05-24 08:07:39] WARNING: - 31 trust relationships
[2025-05-24 08:07:39] WARNING: - 2 communities
[2025-05-24 08:07:39] WARNING: Trust calculation completed successfully.
[2025-05-24 08:17:39] WARNING: === Starting Trust Score Calculation ===
[2025-05-24 08:17:39] WARNING: Starting trust score calculation...
[2025-05-24 08:17:39] WARNING: Found 25 users in the trust network
[2025-05-24 08:17:39] WARNING: Building trust network graph...
[2025-05-24 08:17:39] WARNING: Calculating PageRank scores...
[2025-05-24 08:17:39] WARNING: Applying distrust penalties...
[2025-05-24 08:17:39] WARNING: Detecting communities...
[2025-05-24 08:17:39] WARNING: Found 8 isolated nodes to assign to communities
[2025-05-24 08:17:39] WARNING: Assigned isolated node Eyes_OnTheSkies to community 1 based on structural balance theory
[2025-05-24 08:17:39] WARNING: Assigned isolated node FettucineSplit to community 1 based on structural balance theory
[2025-05-24 08:17:39] WARNING: Assigned isolated node JonMajerowski to community 1 based on structural balance theory
[2025-05-24 08:17:39] WARNING: Assigned isolated node MiddleofMayhem to community 2 based on structural balance theory
[2025-05-24 08:17:39] WARNING: Assigned isolated node PTHellyer to community 1 based on structural balance theory
[2025-05-24 08:17:39] WARNING: Assigned isolated node SnakePo9 to community 1 based on structural balance theory
[2025-05-24 08:17:39] WARNING: Assigned isolated node jamescfox to community 1 based on structural balance theory
[2025-05-24 08:17:39] WARNING: Assigned isolated node likeitmatters3 to community 2 based on structural balance theory
[2025-05-24 08:17:39] INFO: Analyzing community composition...
[2025-05-24 08:17:39] INFO: Community Community A (18 members): AskaPol_UAPs, ChrisUKSharp, DanHaug6, Eyes_OnTheSkies, FettucineSplit, GoodTroubleShow, Halsrethink, JeremyCorbell, JonMajerowski, LueElizondo, PTHellyer, SnakePo9, TheOfficialQF, g_knapp, jamescfox, jayanderson, rosscoulthart, ufobeliever1947
[2025-05-24 08:17:39] INFO: Community Community B (7 members): MiddleofMayhem, OSIRISUAP, ShipsSmall, cosmic_surplus, likeitmatters3, susangerbic, ufoskeptic1968
[2025-05-24 08:17:39] INFO: Community analysis written to community_analysis.txt
[2025-05-24 08:17:39] WARNING: Generating trust network visualization...
[2025-05-24 08:17:40] WARNING: Network visualization saved to visualization/trust_network.png
[2025-05-24 08:17:40] WARNING: Creating JSON data structure...
[2025-05-24 08:17:40] WARNING: Successfully generated js/data.js with:
[2025-05-24 08:17:40] WARNING: - 25 users
[2025-05-24 08:17:40] WARNING: - 31 trust relationships
[2025-05-24 08:17:40] WARNING: - 2 communities
[2025-05-24 08:17:40] WARNING: Trust calculation completed successfully.
[2025-05-24 08:27:39] WARNING: === Starting Trust Score Calculation ===
[2025-05-24 08:27:39] WARNING: Starting trust score calculation...
[2025-05-24 08:27:39] WARNING: Found 25 users in the trust network
[2025-05-24 08:27:39] WARNING: Building trust network graph...
[2025-05-24 08:27:39] WARNING: Calculating PageRank scores...
[2025-05-24 08:27:39] WARNING: Applying distrust penalties...
[2025-05-24 08:27:39] WARNING: Detecting communities...
[2025-05-24 08:27:39] WARNING: Found 8 isolated nodes to assign to communities
[2025-05-24 08:27:39] WARNING: Assigned isolated node Eyes_OnTheSkies to community 1 based on structural balance theory
[2025-05-24 08:27:39] WARNING: Assigned isolated node FettucineSplit to community 1 based on structural balance theory
[2025-05-24 08:27:39] WARNING: Assigned isolated node JonMajerowski to community 1 based on structural balance theory
[2025-05-24 08:27:39] WARNING: Assigned isolated node MiddleofMayhem to community 2 based on structural balance theory
[2025-05-24 08:27:39] WARNING: Assigned isolated node PTHellyer to community 1 based on structural balance theory
[2025-05-24 08:27:39] WARNING: Assigned isolated node SnakePo9 to community 1 based on structural balance theory
[2025-05-24 08:27:39] WARNING: Assigned isolated node jamescfox to community 1 based on structural balance theory
[2025-05-24 08:27:39] WARNING: Assigned isolated node likeitmatters3 to community 2 based on structural balance theory
[2025-05-24 08:27:39] INFO: Analyzing community composition...
[2025-05-24 08:27:39] INFO: Community Community A (18 members): AskaPol_UAPs, ChrisUKSharp, DanHaug6, Eyes_OnTheSkies, FettucineSplit, GoodTroubleShow, Halsrethink, JeremyCorbell, JonMajerowski, LueElizondo, PTHellyer, SnakePo9, TheOfficialQF, g_knapp, jamescfox, jayanderson, rosscoulthart, ufobeliever1947
[2025-05-24 08:27:39] INFO: Community Community B (7 members): MiddleofMayhem, OSIRISUAP, ShipsSmall, cosmic_surplus, likeitmatters3, susangerbic, ufoskeptic1968
[2025-05-24 08:27:39] INFO: Community analysis written to community_analysis.txt
[2025-05-24 08:27:39] WARNING: Generating trust network visualization...
[2025-05-24 08:27:40] WARNING: Network visualization saved to visualization/trust_network.png
[2025-05-24 08:27:40] WARNING: Creating JSON data structure...
[2025-05-24 08:27:40] WARNING: Successfully generated js/data.js with:
[2025-05-24 08:27:40] WARNING: - 25 users
[2025-05-24 08:27:40] WARNING: - 31 trust relationships
[2025-05-24 08:27:40] WARNING: - 2 communities
[2025-05-24 08:27:40] WARNING: Trust calculation completed successfully.
[2025-05-24 08:37:40] WARNING: === Starting Trust Score Calculation ===
[2025-05-24 08:37:40] WARNING: Starting trust score calculation...
[2025-05-24 08:37:40] WARNING: Found 25 users in the trust network
[2025-05-24 08:37:40] WARNING: Building trust network graph...
[2025-05-24 08:37:40] WARNING: Calculating PageRank scores...
[2025-05-24 08:37:40] WARNING: Applying distrust penalties...
[2025-05-24 08:37:40] WARNING: Detecting communities...
[2025-05-24 08:37:40] WARNING: Found 8 isolated nodes to assign to communities
[2025-05-24 08:37:40] WARNING: Assigned isolated node Eyes_OnTheSkies to community 1 based on structural balance theory
[2025-05-24 08:37:40] WARNING: Assigned isolated node FettucineSplit to community 1 based on structural balance theory
[2025-05-24 08:37:40] WARNING: Assigned isolated node JonMajerowski to community 1 based on structural balance theory
[2025-05-24 08:37:40] WARNING: Assigned isolated node MiddleofMayhem to community 2 based on structural balance theory
[2025-05-24 08:37:40] WARNING: Assigned isolated node PTHellyer to community 1 based on structural balance theory
[2025-05-24 08:37:40] WARNING: Assigned isolated node SnakePo9 to community 1 based on structural balance theory
[2025-05-24 08:37:40] WARNING: Assigned isolated node jamescfox to community 1 based on structural balance theory
[2025-05-24 08:37:40] WARNING: Assigned isolated node likeitmatters3 to community 2 based on structural balance theory
[2025-05-24 08:37:40] INFO: Analyzing community composition...
[2025-05-24 08:37:40] INFO: Community Community A (18 members): AskaPol_UAPs, ChrisUKSharp, DanHaug6, Eyes_OnTheSkies, FettucineSplit, GoodTroubleShow, Halsrethink, JeremyCorbell, JonMajerowski, LueElizondo, PTHellyer, SnakePo9, TheOfficialQF, g_knapp, jamescfox, jayanderson, rosscoulthart, ufobeliever1947
[2025-05-24 08:37:40] INFO: Community Community B (7 members): MiddleofMayhem, OSIRISUAP, ShipsSmall, cosmic_surplus, likeitmatters3, susangerbic, ufoskeptic1968
[2025-05-24 08:37:40] INFO: Community analysis written to community_analysis.txt
[2025-05-24 08:37:40] WARNING: Generating trust network visualization...
[2025-05-24 08:37:40] WARNING: Network visualization saved to visualization/trust_network.png
[2025-05-24 08:37:40] WARNING: Creating JSON data structure...
[2025-05-24 08:37:40] WARNING: Successfully generated js/data.js with:
[2025-05-24 08:37:40] WARNING: - 25 users
[2025-05-24 08:37:40] WARNING: - 31 trust relationships
[2025-05-24 08:37:40] WARNING: - 2 communities
[2025-05-24 08:37:40] WARNING: Trust calculation completed successfully.
[2025-05-24 08:47:45] WARNING: === Starting Trust Score Calculation ===
[2025-05-24 08:47:45] WARNING: Starting trust score calculation...
[2025-05-24 08:47:45] WARNING: Found 25 users in the trust network
[2025-05-24 08:47:45] WARNING: Building trust network graph...
[2025-05-24 08:47:45] WARNING: Calculating PageRank scores...
[2025-05-24 08:47:45] WARNING: Applying distrust penalties...
[2025-05-24 08:47:45] WARNING: Detecting communities...
[2025-05-24 08:47:45] WARNING: Found 8 isolated nodes to assign to communities
[2025-05-24 08:47:45] WARNING: Assigned isolated node Eyes_OnTheSkies to community 1 based on structural balance theory
[2025-05-24 08:47:45] WARNING: Assigned isolated node FettucineSplit to community 1 based on structural balance theory
[2025-05-24 08:47:45] WARNING: Assigned isolated node JonMajerowski to community 1 based on structural balance theory
[2025-05-24 08:47:45] WARNING: Assigned isolated node MiddleofMayhem to community 2 based on structural balance theory
[2025-05-24 08:47:45] WARNING: Assigned isolated node PTHellyer to community 1 based on structural balance theory
[2025-05-24 08:47:45] WARNING: Assigned isolated node SnakePo9 to community 1 based on structural balance theory
[2025-05-24 08:47:45] WARNING: Assigned isolated node jamescfox to community 1 based on structural balance theory
[2025-05-24 08:47:45] WARNING: Assigned isolated node likeitmatters3 to community 2 based on structural balance theory
[2025-05-24 08:47:45] INFO: Analyzing community composition...
[2025-05-24 08:47:45] INFO: Community Community A (18 members): AskaPol_UAPs, ChrisUKSharp, DanHaug6, Eyes_OnTheSkies, FettucineSplit, GoodTroubleShow, Halsrethink, JeremyCorbell, JonMajerowski, LueElizondo, PTHellyer, SnakePo9, TheOfficialQF, g_knapp, jamescfox, jayanderson, rosscoulthart, ufobeliever1947
[2025-05-24 08:47:45] INFO: Community Community B (7 members): MiddleofMayhem, OSIRISUAP, ShipsSmall, cosmic_surplus, likeitmatters3, susangerbic, ufoskeptic1968
[2025-05-24 08:47:45] INFO: Community analysis written to community_analysis.txt
[2025-05-24 08:47:45] WARNING: Generating trust network visualization...
[2025-05-24 08:47:45] WARNING: Network visualization saved to visualization/trust_network.png
[2025-05-24 08:47:45] WARNING: Creating JSON data structure...
[2025-05-24 08:47:45] WARNING: Successfully generated js/data.js with:
[2025-05-24 08:47:45] WARNING: - 25 users
[2025-05-24 08:47:45] WARNING: - 31 trust relationships
[2025-05-24 08:47:45] WARNING: - 2 communities
[2025-05-24 08:47:45] WARNING: Trust calculation completed successfully.
[2025-05-24 08:57:40] WARNING: === Starting Trust Score Calculation ===
[2025-05-24 08:57:40] WARNING: Starting trust score calculation...
[2025-05-24 08:57:40] WARNING: Found 25 users in the trust network
[2025-05-24 08:57:40] WARNING: Building trust network graph...
[2025-05-24 08:57:40] WARNING: Calculating PageRank scores...
[2025-05-24 08:57:40] WARNING: Applying distrust penalties...
[2025-05-24 08:57:40] WARNING: Detecting communities...
[2025-05-24 08:57:40] WARNING: Found 8 isolated nodes to assign to communities
[2025-05-24 08:57:40] WARNING: Assigned isolated node Eyes_OnTheSkies to community 1 based on structural balance theory
[2025-05-24 08:57:40] WARNING: Assigned isolated node FettucineSplit to community 1 based on structural balance theory
[2025-05-24 08:57:40] WARNING: Assigned isolated node JonMajerowski to community 1 based on structural balance theory
[2025-05-24 08:57:40] WARNING: Assigned isolated node MiddleofMayhem to community 2 based on structural balance theory
[2025-05-24 08:57:40] WARNING: Assigned isolated node PTHellyer to community 1 based on structural balance theory
[2025-05-24 08:57:40] WARNING: Assigned isolated node SnakePo9 to community 1 based on structural balance theory
[2025-05-24 08:57:40] WARNING: Assigned isolated node jamescfox to community 1 based on structural balance theory
[2025-05-24 08:57:40] WARNING: Assigned isolated node likeitmatters3 to community 2 based on structural balance theory
[2025-05-24 08:57:40] INFO: Analyzing community composition...
[2025-05-24 08:57:40] INFO: Community Community A (18 members): AskaPol_UAPs, ChrisUKSharp, DanHaug6, Eyes_OnTheSkies, FettucineSplit, GoodTroubleShow, Halsrethink, JeremyCorbell, JonMajerowski, LueElizondo, PTHellyer, SnakePo9, TheOfficialQF, g_knapp, jamescfox, jayanderson, rosscoulthart, ufobeliever1947
[2025-05-24 08:57:40] INFO: Community Community B (7 members): MiddleofMayhem, OSIRISUAP, ShipsSmall, cosmic_surplus, likeitmatters3, susangerbic, ufoskeptic1968
[2025-05-24 08:57:40] INFO: Community analysis written to community_analysis.txt
[2025-05-24 08:57:40] WARNING: Generating trust network visualization...
[2025-05-24 08:57:41] WARNING: Network visualization saved to visualization/trust_network.png
[2025-05-24 08:57:41] WARNING: Creating JSON data structure...
[2025-05-24 08:57:41] WARNING: Successfully generated js/data.js with:
[2025-05-24 08:57:41] WARNING: - 25 users
[2025-05-24 08:57:41] WARNING: - 31 trust relationships
[2025-05-24 08:57:41] WARNING: - 2 communities
[2025-05-24 08:57:41] WARNING: Trust calculation completed successfully.
[2025-05-24 08:57:41] Committing and pushing changes to GitHub...
