[2025-05-26 09:27:32] Starting Twitter Trust System update process...
[2025-05-26 09:27:32] Update frequency set to: 10 minutes
[2025-05-26 09:27:32] Collecting trust assignments from Twitter...
[2025-05-26 09:27:45] Warning: Trust assignments file not updated recently (last modified 05/24/2025 07:17:37)
[2025-05-26 09:27:45] WARNING: Stopping pagination as we've reached the stop point
[2025-05-26 09:27:45] WARNING: Retrieved a total of 0 tweets across 1 pages
[2025-05-26 09:27:45] WARNING: No new tweets found with trust commands. Exiting without error.
[2025-05-26 09:27:45] WARNING: Collection complete!
[2025-05-26 09:27:45] WARNING: - 0 trust assignments processed
[2025-05-26 09:27:45] WARNING: - 2 users in trust network
[2025-05-26 09:27:45] WARNING: - 31 total trust relationships
[2025-05-26 09:27:45] Calculating trust scores from collected data...
[2025-05-26 09:27:48] INFO: Community Community A (18 members): AskaPol_UAPs, ChrisUKSharp, DanHaug6, Eyes_OnTheSkies, FettucineSplit, GoodTroubleShow, Halsrethink, JeremyCorbell, JonMajerowski, LueElizondo, PTHellyer, SnakePo9, TheOfficialQF, g_knapp, jamescfox, jayanderson, rosscoulthart, ufobeliever1947
[2025-05-26 09:27:48] INFO: Community Community B (7 members): MiddleofMayhem, OSIRISUAP, ShipsSmall, cosmic_surplus, likeitmatters3, susangerbic, ufoskeptic1968
[2025-05-26 09:27:48] INFO: Community analysis written to community_analysis.txt
[2025-05-26 09:27:48] WARNING: Generating trust network visualization...
[2025-05-26 09:27:49] WARNING: Network visualization saved to visualization/trust_network.png
[2025-05-26 09:27:49] WARNING: Creating JSON data structure...
[2025-05-26 09:27:49] WARNING: Successfully generated js/data.js with:
[2025-05-26 09:27:49] WARNING: - 25 users
[2025-05-26 09:27:49] WARNING: - 31 trust relationships
[2025-05-26 09:27:49] WARNING: - 2 communities
[2025-05-26 09:27:49] WARNING: Trust calculation completed successfully.
[2025-05-26 09:27:49] Committing and pushing changes to GitHub...
