[2025-05-13 08:27:31] Starting Twitter Trust System update process...
[2025-05-13 08:27:31] Update frequency set to: 10 minutes
[2025-05-13 08:27:31] Collecting trust assignments from Twitter...
[2025-05-13 08:27:35] Warning: Trust assignments file not updated recently (last modified 05/11/2025 23:57:36)
[2025-05-12 10:47:33] WARNING: === Starting Twitter Trust System Collection ===
[2025-05-12 10:47:33] WARNING: Will collect tweets until reaching previous timestamp: 2025-05-12 06:54:05+00:00
[2025-05-12 10:47:33] WARNING: Retrieving page 1...
[2025-05-12 10:47:35] WARNING: Newest tweet is from: 2025-05-12 06:54:05+00:00
[2025-05-12 10:47:35] WARNING: Reached stop point at tweet from 2025-05-12 06:54:05+00:00
[2025-05-12 10:47:35] WARNING: Retrieved 0 new tweets on page 1
[2025-05-12 10:47:35] WARNING: Stopping pagination as we've reached the stop point
[2025-05-12 10:47:35] WARNING: Retrieved a total of 0 tweets across 1 pages
[2025-05-12 10:47:35] WARNING: No new tweets found with trust commands. Exiting without error.
[2025-05-12 10:47:35] WARNING: Collection complete!
[2025-05-12 10:47:35] WARNING: - 0 trust assignments processed
[2025-05-12 10:47:35] WARNING: - 2 users in trust network
[2025-05-12 10:47:35] WARNING: - 31 total trust relationships
[2025-05-12 10:57:33] WARNING: === Starting Twitter Trust System Collection ===
[2025-05-12 10:57:33] WARNING: Will collect tweets until reaching previous timestamp: 2025-05-12 06:54:05+00:00
[2025-05-12 10:57:33] WARNING: Retrieving page 1...
[2025-05-12 10:57:35] WARNING: Newest tweet is from: 2025-05-12 06:54:05+00:00
[2025-05-12 10:57:35] WARNING: Reached stop point at tweet from 2025-05-12 06:54:05+00:00
[2025-05-12 10:57:35] WARNING: Retrieved 0 new tweets on page 1
[2025-05-12 10:57:35] WARNING: Stopping pagination as we've reached the stop point
[2025-05-12 10:57:35] WARNING: Retrieved a total of 0 tweets across 1 pages
[2025-05-12 10:57:35] WARNING: No new tweets found with trust commands. Exiting without error.
[2025-05-12 10:57:35] WARNING: Collection complete!
[2025-05-12 10:57:35] WARNING: - 0 trust assignments processed
[2025-05-12 10:57:35] WARNING: - 2 users in trust network
[2025-05-12 10:57:35] WARNING: - 31 total trust relationships
[2025-05-12 11:07:33] WARNING: === Starting Twitter Trust System Collection ===
[2025-05-12 11:07:33] WARNING: Will collect tweets until reaching previous timestamp: 2025-05-12 06:54:05+00:00
[2025-05-12 11:07:33] WARNING: Retrieving page 1...
[2025-05-12 11:07:35] WARNING: Newest tweet is from: 2025-05-12 06:54:05+00:00
[2025-05-12 11:07:35] WARNING: Reached stop point at tweet from 2025-05-12 06:54:05+00:00
[2025-05-12 11:07:35] WARNING: Retrieved 0 new tweets on page 1
[2025-05-12 11:07:35] WARNING: Stopping pagination as we've reached the stop point
[2025-05-12 11:07:35] WARNING: Retrieved a total of 0 tweets across 1 pages
[2025-05-12 11:07:35] WARNING: No new tweets found with trust commands. Exiting without error.
[2025-05-12 11:07:35] WARNING: Collection complete!
[2025-05-12 11:07:35] WARNING: - 0 trust assignments processed
[2025-05-12 11:07:35] WARNING: - 2 users in trust network
[2025-05-12 11:07:35] WARNING: - 31 total trust relationships
[2025-05-12 11:17:33] WARNING: === Starting Twitter Trust System Collection ===
[2025-05-12 11:17:33] WARNING: Will collect tweets until reaching previous timestamp: 2025-05-12 06:54:05+00:00
[2025-05-12 11:17:33] WARNING: Retrieving page 1...
[2025-05-12 11:17:36] WARNING: Newest tweet is from: 2025-05-12 06:54:05+00:00
[2025-05-12 11:17:36] WARNING: Reached stop point at tweet from 2025-05-12 06:54:05+00:00
[2025-05-12 11:17:36] WARNING: Retrieved 0 new tweets on page 1
[2025-05-12 11:17:36] WARNING: Stopping pagination as we've reached the stop point
[2025-05-12 11:17:36] WARNING: Retrieved a total of 0 tweets across 1 pages
[2025-05-12 11:17:36] WARNING: No new tweets found with trust commands. Exiting without error.
[2025-05-12 11:17:36] WARNING: Collection complete!
[2025-05-12 11:17:36] WARNING: - 0 trust assignments processed
[2025-05-12 11:17:36] WARNING: - 2 users in trust network
[2025-05-12 11:17:36] WARNING: - 31 total trust relationships
[2025-05-12 11:27:33] WARNING: === Starting Twitter Trust System Collection ===
[2025-05-12 11:27:33] WARNING: Will collect tweets until reaching previous timestamp: 2025-05-12 06:54:05+00:00
[2025-05-12 11:27:33] WARNING: Retrieving page 1...
[2025-05-12 11:27:35] WARNING: Newest tweet is from: 2025-05-12 06:54:05+00:00
[2025-05-12 11:27:35] WARNING: Reached stop point at tweet from 2025-05-12 06:54:05+00:00
[2025-05-12 11:27:35] WARNING: Retrieved 0 new tweets on page 1
[2025-05-12 11:27:35] WARNING: Stopping pagination as we've reached the stop point
[2025-05-12 11:27:35] WARNING: Retrieved a total of 0 tweets across 1 pages
[2025-05-12 11:27:35] WARNING: No new tweets found with trust commands. Exiting without error.
[2025-05-12 11:27:35] WARNING: Collection complete!
[2025-05-12 11:27:35] WARNING: - 0 trust assignments processed
[2025-05-12 11:27:35] WARNING: - 2 users in trust network
[2025-05-12 11:27:35] WARNING: - 31 total trust relationships
[2025-05-12 11:37:33] WARNING: === Starting Twitter Trust System Collection ===
[2025-05-12 11:37:33] WARNING: Will collect tweets until reaching previous timestamp: 2025-05-12 06:54:05+00:00
[2025-05-12 11:37:33] WARNING: Retrieving page 1...
[2025-05-12 11:37:37] WARNING: Newest tweet is from: 2025-05-12 06:54:05+00:00
[2025-05-12 11:37:37] WARNING: Reached stop point at tweet from 2025-05-12 06:54:05+00:00
[2025-05-12 11:37:37] WARNING: Retrieved 0 new tweets on page 1
[2025-05-12 11:37:37] WARNING: Stopping pagination as we've reached the stop point
[2025-05-12 11:37:37] WARNING: Retrieved a total of 0 tweets across 1 pages
[2025-05-12 11:37:37] WARNING: No new tweets found with trust commands. Exiting without error.
[2025-05-12 11:37:37] WARNING: Collection complete!
[2025-05-12 11:37:37] WARNING: - 0 trust assignments processed
[2025-05-12 11:37:37] WARNING: - 2 users in trust network
[2025-05-12 11:37:37] WARNING: - 31 total trust relationships
[2025-05-12 11:47:33] WARNING: === Starting Twitter Trust System Collection ===
[2025-05-12 11:47:33] WARNING: Will collect tweets until reaching previous timestamp: 2025-05-12 06:54:05+00:00
[2025-05-12 11:47:33] WARNING: Retrieving page 1...
[2025-05-12 11:47:35] WARNING: Newest tweet is from: 2025-05-12 06:54:05+00:00
[2025-05-12 11:47:35] WARNING: Reached stop point at tweet from 2025-05-12 06:54:05+00:00
[2025-05-12 11:47:35] WARNING: Retrieved 0 new tweets on page 1
[2025-05-12 11:47:35] WARNING: Stopping pagination as we've reached the stop point
[2025-05-12 11:47:35] WARNING: Retrieved a total of 0 tweets across 1 pages
[2025-05-12 11:47:35] WARNING: No new tweets found with trust commands. Exiting without error.
[2025-05-12 11:47:35] WARNING: Collection complete!
[2025-05-12 11:47:35] WARNING: - 0 trust assignments processed
[2025-05-12 11:47:35] WARNING: - 2 users in trust network
[2025-05-12 11:47:35] WARNING: - 31 total trust relationships
[2025-05-12 11:57:33] WARNING: === Starting Twitter Trust System Collection ===
[2025-05-12 11:57:33] WARNING: Will collect tweets until reaching previous timestamp: 2025-05-12 06:54:05+00:00
[2025-05-12 11:57:33] WARNING: Retrieving page 1...
[2025-05-12 11:57:36] WARNING: Newest tweet is from: 2025-05-12 06:54:05+00:00
[2025-05-12 11:57:36] WARNING: Reached stop point at tweet from 2025-05-12 06:54:05+00:00
[2025-05-12 11:57:36] WARNING: Retrieved 0 new tweets on page 1
[2025-05-12 11:57:36] WARNING: Stopping pagination as we've reached the stop point
[2025-05-12 11:57:36] WARNING: Retrieved a total of 0 tweets across 1 pages
[2025-05-12 11:57:36] WARNING: No new tweets found with trust commands. Exiting without error.
[2025-05-12 11:57:36] WARNING: Collection complete!
[2025-05-12 11:57:36] WARNING: - 0 trust assignments processed
[2025-05-12 11:57:36] WARNING: - 2 users in trust network
[2025-05-12 11:57:36] WARNING: - 31 total trust relationships
[2025-05-12 12:07:34] WARNING: === Starting Twitter Trust System Collection ===
[2025-05-12 12:07:34] WARNING: Will collect tweets until reaching previous timestamp: 2025-05-12 06:54:05+00:00
[2025-05-12 12:07:34] WARNING: Retrieving page 1...
[2025-05-12 12:07:36] WARNING: Newest tweet is from: 2025-05-12 06:54:05+00:00
[2025-05-12 12:07:36] WARNING: Reached stop point at tweet from 2025-05-12 06:54:05+00:00
[2025-05-12 12:07:36] WARNING: Retrieved 0 new tweets on page 1
[2025-05-12 12:07:36] WARNING: Stopping pagination as we've reached the stop point
[2025-05-12 12:07:36] WARNING: Retrieved a total of 0 tweets across 1 pages
[2025-05-12 12:07:36] WARNING: No new tweets found with trust commands. Exiting without error.
[2025-05-12 12:07:36] WARNING: Collection complete!
[2025-05-12 12:07:36] WARNING: - 0 trust assignments processed
[2025-05-12 12:07:36] WARNING: - 2 users in trust network
[2025-05-12 12:07:36] WARNING: - 31 total trust relationships
[2025-05-12 12:17:33] WARNING: === Starting Twitter Trust System Collection ===
[2025-05-12 12:17:33] WARNING: Will collect tweets until reaching previous timestamp: 2025-05-12 06:54:05+00:00
[2025-05-12 12:17:33] WARNING: Retrieving page 1...
[2025-05-12 12:17:35] WARNING: Newest tweet is from: 2025-05-12 06:54:05+00:00
[2025-05-12 12:17:35] WARNING: Reached stop point at tweet from 2025-05-12 06:54:05+00:00
[2025-05-12 12:17:35] WARNING: Retrieved 0 new tweets on page 1
[2025-05-12 12:17:35] WARNING: Stopping pagination as we've reached the stop point
[2025-05-12 12:17:35] WARNING: Retrieved a total of 0 tweets across 1 pages
[2025-05-12 12:17:35] WARNING: No new tweets found with trust commands. Exiting without error.
[2025-05-12 12:17:35] WARNING: Collection complete!
[2025-05-12 12:17:35] WARNING: - 0 trust assignments processed
[2025-05-12 12:17:35] WARNING: - 2 users in trust network
[2025-05-12 12:17:35] WARNING: - 31 total trust relationships
[2025-05-12 22:37:33] WARNING: === Starting Twitter Trust System Collection ===
[2025-05-12 22:37:33] WARNING: Will collect tweets until reaching previous timestamp: 2025-05-12 06:54:05+00:00
[2025-05-12 22:37:33] WARNING: Retrieving page 1...
[2025-05-12 22:37:35] WARNING: Newest tweet is from: 2025-05-12 06:54:05+00:00
[2025-05-12 22:37:35] WARNING: Reached stop point at tweet from 2025-05-12 06:54:05+00:00
[2025-05-12 22:37:35] WARNING: Retrieved 0 new tweets on page 1
[2025-05-12 22:37:35] WARNING: Stopping pagination as we've reached the stop point
[2025-05-12 22:37:35] WARNING: Retrieved a total of 0 tweets across 1 pages
[2025-05-12 22:37:35] WARNING: No new tweets found with trust commands. Exiting without error.
[2025-05-12 22:37:35] WARNING: Collection complete!
[2025-05-12 22:37:35] WARNING: - 0 trust assignments processed
[2025-05-12 22:37:35] WARNING: - 2 users in trust network
[2025-05-12 22:37:35] WARNING: - 31 total trust relationships
[2025-05-12 22:47:33] WARNING: === Starting Twitter Trust System Collection ===
[2025-05-12 22:47:33] WARNING: Will collect tweets until reaching previous timestamp: 2025-05-12 06:54:05+00:00
[2025-05-12 22:47:33] WARNING: Retrieving page 1...
[2025-05-12 22:47:35] WARNING: Newest tweet is from: 2025-05-12 06:54:05+00:00
[2025-05-12 22:47:35] WARNING: Reached stop point at tweet from 2025-05-12 06:54:05+00:00
[2025-05-12 22:47:35] WARNING: Retrieved 0 new tweets on page 1
[2025-05-12 22:47:35] WARNING: Stopping pagination as we've reached the stop point
[2025-05-12 22:47:35] WARNING: Retrieved a total of 0 tweets across 1 pages
[2025-05-12 22:47:35] WARNING: No new tweets found with trust commands. Exiting without error.
[2025-05-12 22:47:35] WARNING: Collection complete!
[2025-05-12 22:47:35] WARNING: - 0 trust assignments processed
[2025-05-12 22:47:35] WARNING: - 2 users in trust network
[2025-05-12 22:47:35] WARNING: - 31 total trust relationships
[2025-05-12 22:57:33] WARNING: === Starting Twitter Trust System Collection ===
[2025-05-12 22:57:33] WARNING: Will collect tweets until reaching previous timestamp: 2025-05-12 06:54:05+00:00
[2025-05-12 22:57:33] WARNING: Retrieving page 1...
[2025-05-12 22:57:35] WARNING: Newest tweet is from: 2025-05-12 06:54:05+00:00
[2025-05-12 22:57:35] WARNING: Reached stop point at tweet from 2025-05-12 06:54:05+00:00
[2025-05-12 22:57:35] WARNING: Retrieved 0 new tweets on page 1
[2025-05-12 22:57:35] WARNING: Stopping pagination as we've reached the stop point
[2025-05-12 22:57:35] WARNING: Retrieved a total of 0 tweets across 1 pages
[2025-05-12 22:57:35] WARNING: No new tweets found with trust commands. Exiting without error.
[2025-05-12 22:57:35] WARNING: Collection complete!
[2025-05-12 22:57:35] WARNING: - 0 trust assignments processed
[2025-05-12 22:57:35] WARNING: - 2 users in trust network
[2025-05-12 22:57:35] WARNING: - 31 total trust relationships
[2025-05-12 23:07:33] WARNING: === Starting Twitter Trust System Collection ===
[2025-05-12 23:07:33] WARNING: Will collect tweets until reaching previous timestamp: 2025-05-12 06:54:05+00:00
[2025-05-12 23:07:33] WARNING: Retrieving page 1...
[2025-05-12 23:07:35] WARNING: Newest tweet is from: 2025-05-12 06:54:05+00:00
[2025-05-12 23:07:35] WARNING: Reached stop point at tweet from 2025-05-12 06:54:05+00:00
[2025-05-12 23:07:35] WARNING: Retrieved 0 new tweets on page 1
[2025-05-12 23:07:35] WARNING: Stopping pagination as we've reached the stop point
[2025-05-12 23:07:35] WARNING: Retrieved a total of 0 tweets across 1 pages
[2025-05-12 23:07:35] WARNING: No new tweets found with trust commands. Exiting without error.
[2025-05-12 23:07:35] WARNING: Collection complete!
[2025-05-12 23:07:35] WARNING: - 0 trust assignments processed
[2025-05-12 23:07:35] WARNING: - 2 users in trust network
[2025-05-12 23:07:35] WARNING: - 31 total trust relationships
[2025-05-12 23:17:33] WARNING: === Starting Twitter Trust System Collection ===
[2025-05-12 23:17:33] WARNING: Will collect tweets until reaching previous timestamp: 2025-05-12 06:54:05+00:00
[2025-05-12 23:17:33] WARNING: Retrieving page 1...
[2025-05-12 23:17:35] WARNING: Newest tweet is from: 2025-05-12 06:54:05+00:00
[2025-05-12 23:17:35] WARNING: Reached stop point at tweet from 2025-05-12 06:54:05+00:00
[2025-05-12 23:17:35] WARNING: Retrieved 0 new tweets on page 1
[2025-05-12 23:17:35] WARNING: Stopping pagination as we've reached the stop point
[2025-05-12 23:17:35] WARNING: Retrieved a total of 0 tweets across 1 pages
[2025-05-12 23:17:35] WARNING: No new tweets found with trust commands. Exiting without error.
[2025-05-12 23:17:35] WARNING: Collection complete!
[2025-05-12 23:17:35] WARNING: - 0 trust assignments processed
[2025-05-12 23:17:35] WARNING: - 2 users in trust network
[2025-05-12 23:17:35] WARNING: - 31 total trust relationships
[2025-05-12 23:27:34] WARNING: === Starting Twitter Trust System Collection ===
[2025-05-12 23:27:34] WARNING: Will collect tweets until reaching previous timestamp: 2025-05-12 06:54:05+00:00
[2025-05-12 23:27:34] WARNING: Retrieving page 1...
[2025-05-12 23:27:35] WARNING: Newest tweet is from: 2025-05-12 06:54:05+00:00
[2025-05-12 23:27:35] WARNING: Reached stop point at tweet from 2025-05-12 06:54:05+00:00
[2025-05-12 23:27:35] WARNING: Retrieved 0 new tweets on page 1
[2025-05-12 23:27:35] WARNING: Stopping pagination as we've reached the stop point
[2025-05-12 23:27:35] WARNING: Retrieved a total of 0 tweets across 1 pages
[2025-05-12 23:27:35] WARNING: No new tweets found with trust commands. Exiting without error.
[2025-05-12 23:27:35] WARNING: Collection complete!
[2025-05-12 23:27:35] WARNING: - 0 trust assignments processed
[2025-05-12 23:27:35] WARNING: - 2 users in trust network
[2025-05-12 23:27:35] WARNING: - 31 total trust relationships
[2025-05-12 23:37:33] WARNING: === Starting Twitter Trust System Collection ===
[2025-05-12 23:37:33] WARNING: Will collect tweets until reaching previous timestamp: 2025-05-12 06:54:05+00:00
[2025-05-12 23:37:33] WARNING: Retrieving page 1...
[2025-05-12 23:37:35] WARNING: Newest tweet is from: 2025-05-12 06:54:05+00:00
[2025-05-12 23:37:35] WARNING: Reached stop point at tweet from 2025-05-12 06:54:05+00:00
[2025-05-12 23:37:35] WARNING: Retrieved 0 new tweets on page 1
[2025-05-12 23:37:35] WARNING: Stopping pagination as we've reached the stop point
[2025-05-12 23:37:35] WARNING: Retrieved a total of 0 tweets across 1 pages
[2025-05-12 23:37:35] WARNING: No new tweets found with trust commands. Exiting without error.
[2025-05-12 23:37:35] WARNING: Collection complete!
[2025-05-12 23:37:35] WARNING: - 0 trust assignments processed
[2025-05-12 23:37:35] WARNING: - 2 users in trust network
[2025-05-12 23:37:35] WARNING: - 31 total trust relationships
[2025-05-12 23:47:34] WARNING: === Starting Twitter Trust System Collection ===
[2025-05-12 23:47:34] WARNING: Will collect tweets until reaching previous timestamp: 2025-05-12 06:54:05+00:00
[2025-05-12 23:47:34] WARNING: Retrieving page 1...
[2025-05-12 23:47:35] WARNING: Newest tweet is from: 2025-05-12 06:54:05+00:00
[2025-05-12 23:47:35] WARNING: Reached stop point at tweet from 2025-05-12 06:54:05+00:00
[2025-05-12 23:47:35] WARNING: Retrieved 0 new tweets on page 1
[2025-05-12 23:47:35] WARNING: Stopping pagination as we've reached the stop point
[2025-05-12 23:47:35] WARNING: Retrieved a total of 0 tweets across 1 pages
[2025-05-12 23:47:35] WARNING: No new tweets found with trust commands. Exiting without error.
[2025-05-12 23:47:35] WARNING: Collection complete!
[2025-05-12 23:47:35] WARNING: - 0 trust assignments processed
[2025-05-12 23:47:35] WARNING: - 2 users in trust network
[2025-05-12 23:47:35] WARNING: - 31 total trust relationships
[2025-05-12 23:57:33] WARNING: === Starting Twitter Trust System Collection ===
[2025-05-12 23:57:33] WARNING: Will collect tweets until reaching previous timestamp: 2025-05-12 06:54:05+00:00
[2025-05-12 23:57:33] WARNING: Retrieving page 1...
[2025-05-12 23:57:36] WARNING: Newest tweet is from: 2025-05-12 06:54:05+00:00
[2025-05-12 23:57:36] WARNING: Reached stop point at tweet from 2025-05-12 06:54:05+00:00
[2025-05-12 23:57:36] WARNING: Retrieved 0 new tweets on page 1
[2025-05-12 23:57:36] WARNING: Stopping pagination as we've reached the stop point
[2025-05-12 23:57:36] WARNING: Retrieved a total of 0 tweets across 1 pages
[2025-05-12 23:57:36] WARNING: No new tweets found with trust commands. Exiting without error.
[2025-05-12 23:57:36] WARNING: Collection complete!
[2025-05-12 23:57:36] WARNING: - 0 trust assignments processed
[2025-05-12 23:57:36] WARNING: - 2 users in trust network
[2025-05-12 23:57:36] WARNING: - 31 total trust relationships
[2025-05-13 00:07:33] WARNING: === Starting Twitter Trust System Collection ===
[2025-05-13 00:07:33] WARNING: Will collect tweets until reaching previous timestamp: 2025-05-12 06:54:05+00:00
[2025-05-13 00:07:33] WARNING: Retrieving page 1...
[2025-05-13 00:07:35] WARNING: Newest tweet is from: 2025-05-12 06:54:05+00:00
[2025-05-13 00:07:35] WARNING: Reached stop point at tweet from 2025-05-12 06:54:05+00:00
[2025-05-13 00:07:35] WARNING: Retrieved 0 new tweets on page 1
[2025-05-13 00:07:35] WARNING: Stopping pagination as we've reached the stop point
[2025-05-13 00:07:35] WARNING: Retrieved a total of 0 tweets across 1 pages
[2025-05-13 00:07:35] WARNING: No new tweets found with trust commands. Exiting without error.
[2025-05-13 00:07:35] WARNING: Collection complete!
[2025-05-13 00:07:35] WARNING: - 0 trust assignments processed
[2025-05-13 00:07:35] WARNING: - 2 users in trust network
[2025-05-13 00:07:35] WARNING: - 31 total trust relationships
[2025-05-13 00:17:33] WARNING: === Starting Twitter Trust System Collection ===
[2025-05-13 00:17:33] WARNING: Will collect tweets until reaching previous timestamp: 2025-05-12 06:54:05+00:00
[2025-05-13 00:17:33] WARNING: Retrieving page 1...
[2025-05-13 00:17:35] WARNING: Newest tweet is from: 2025-05-12 06:54:05+00:00
[2025-05-13 00:17:35] WARNING: Reached stop point at tweet from 2025-05-12 06:54:05+00:00
[2025-05-13 00:17:35] WARNING: Retrieved 0 new tweets on page 1
[2025-05-13 00:17:35] WARNING: Stopping pagination as we've reached the stop point
[2025-05-13 00:17:35] WARNING: Retrieved a total of 0 tweets across 1 pages
[2025-05-13 00:17:35] WARNING: No new tweets found with trust commands. Exiting without error.
[2025-05-13 00:17:35] WARNING: Collection complete!
[2025-05-13 00:17:35] WARNING: - 0 trust assignments processed
[2025-05-13 00:17:35] WARNING: - 2 users in trust network
[2025-05-13 00:17:35] WARNING: - 31 total trust relationships
[2025-05-13 00:27:33] WARNING: === Starting Twitter Trust System Collection ===
[2025-05-13 00:27:33] WARNING: Will collect tweets until reaching previous timestamp: 2025-05-12 06:54:05+00:00
[2025-05-13 00:27:33] WARNING: Retrieving page 1...
[2025-05-13 00:27:35] WARNING: Newest tweet is from: 2025-05-12 06:54:05+00:00
[2025-05-13 00:27:35] WARNING: Reached stop point at tweet from 2025-05-12 06:54:05+00:00
[2025-05-13 00:27:35] WARNING: Retrieved 0 new tweets on page 1
[2025-05-13 00:27:35] WARNING: Stopping pagination as we've reached the stop point
[2025-05-13 00:27:35] WARNING: Retrieved a total of 0 tweets across 1 pages
[2025-05-13 00:27:35] WARNING: No new tweets found with trust commands. Exiting without error.
[2025-05-13 00:27:35] WARNING: Collection complete!
[2025-05-13 00:27:35] WARNING: - 0 trust assignments processed
[2025-05-13 00:27:35] WARNING: - 2 users in trust network
[2025-05-13 00:27:35] WARNING: - 31 total trust relationships
[2025-05-13 00:37:33] WARNING: === Starting Twitter Trust System Collection ===
[2025-05-13 00:37:33] WARNING: Will collect tweets until reaching previous timestamp: 2025-05-12 06:54:05+00:00
[2025-05-13 00:37:33] WARNING: Retrieving page 1...
[2025-05-13 00:37:35] WARNING: Newest tweet is from: 2025-05-12 06:54:05+00:00
[2025-05-13 00:37:35] WARNING: Reached stop point at tweet from 2025-05-12 06:54:05+00:00
[2025-05-13 00:37:35] WARNING: Retrieved 0 new tweets on page 1
[2025-05-13 00:37:35] WARNING: Stopping pagination as we've reached the stop point
[2025-05-13 00:37:35] WARNING: Retrieved a total of 0 tweets across 1 pages
[2025-05-13 00:37:35] WARNING: No new tweets found with trust commands. Exiting without error.
[2025-05-13 00:37:35] WARNING: Collection complete!
[2025-05-13 00:37:35] WARNING: - 0 trust assignments processed
[2025-05-13 00:37:35] WARNING: - 2 users in trust network
[2025-05-13 00:37:35] WARNING: - 31 total trust relationships
[2025-05-13 00:47:34] WARNING: === Starting Twitter Trust System Collection ===
[2025-05-13 00:47:34] WARNING: Will collect tweets until reaching previous timestamp: 2025-05-12 06:54:05+00:00
[2025-05-13 00:47:34] WARNING: Retrieving page 1...
[2025-05-13 00:47:35] WARNING: Newest tweet is from: 2025-05-12 06:54:05+00:00
[2025-05-13 00:47:35] WARNING: Reached stop point at tweet from 2025-05-12 06:54:05+00:00
[2025-05-13 00:47:35] WARNING: Retrieved 0 new tweets on page 1
[2025-05-13 00:47:35] WARNING: Stopping pagination as we've reached the stop point
[2025-05-13 00:47:35] WARNING: Retrieved a total of 0 tweets across 1 pages
[2025-05-13 00:47:35] WARNING: No new tweets found with trust commands. Exiting without error.
[2025-05-13 00:47:35] WARNING: Collection complete!
[2025-05-13 00:47:35] WARNING: - 0 trust assignments processed
[2025-05-13 00:47:35] WARNING: - 2 users in trust network
[2025-05-13 00:47:35] WARNING: - 31 total trust relationships
[2025-05-13 00:57:34] WARNING: === Starting Twitter Trust System Collection ===
[2025-05-13 00:57:34] WARNING: Will collect tweets until reaching previous timestamp: 2025-05-12 06:54:05+00:00
[2025-05-13 00:57:34] WARNING: Retrieving page 1...
[2025-05-13 00:57:35] WARNING: Newest tweet is from: 2025-05-12 06:54:05+00:00
[2025-05-13 00:57:35] WARNING: Reached stop point at tweet from 2025-05-12 06:54:05+00:00
[2025-05-13 00:57:35] WARNING: Retrieved 0 new tweets on page 1
[2025-05-13 00:57:35] WARNING: Stopping pagination as we've reached the stop point
[2025-05-13 00:57:35] WARNING: Retrieved a total of 0 tweets across 1 pages
[2025-05-13 00:57:35] WARNING: No new tweets found with trust commands. Exiting without error.
[2025-05-13 00:57:35] WARNING: Collection complete!
[2025-05-13 00:57:35] WARNING: - 0 trust assignments processed
[2025-05-13 00:57:35] WARNING: - 2 users in trust network
[2025-05-13 00:57:35] WARNING: - 31 total trust relationships
[2025-05-13 01:07:33] WARNING: === Starting Twitter Trust System Collection ===
[2025-05-13 01:07:33] WARNING: Will collect tweets until reaching previous timestamp: 2025-05-12 06:54:05+00:00
[2025-05-13 01:07:33] WARNING: Retrieving page 1...
[2025-05-13 01:07:35] WARNING: Newest tweet is from: 2025-05-12 06:54:05+00:00
[2025-05-13 01:07:35] WARNING: Reached stop point at tweet from 2025-05-12 06:54:05+00:00
[2025-05-13 01:07:35] WARNING: Retrieved 0 new tweets on page 1
[2025-05-13 01:07:35] WARNING: Stopping pagination as we've reached the stop point
[2025-05-13 01:07:35] WARNING: Retrieved a total of 0 tweets across 1 pages
[2025-05-13 01:07:35] WARNING: No new tweets found with trust commands. Exiting without error.
[2025-05-13 01:07:35] WARNING: Collection complete!
[2025-05-13 01:07:35] WARNING: - 0 trust assignments processed
[2025-05-13 01:07:35] WARNING: - 2 users in trust network
[2025-05-13 01:07:35] WARNING: - 31 total trust relationships
[2025-05-13 01:17:34] WARNING: === Starting Twitter Trust System Collection ===
[2025-05-13 01:17:34] WARNING: Will collect tweets until reaching previous timestamp: 2025-05-12 06:54:05+00:00
[2025-05-13 01:17:34] WARNING: Retrieving page 1...
[2025-05-13 01:17:36] WARNING: Newest tweet is from: 2025-05-12 06:54:05+00:00
[2025-05-13 01:17:36] WARNING: Reached stop point at tweet from 2025-05-12 06:54:05+00:00
[2025-05-13 01:17:36] WARNING: Retrieved 0 new tweets on page 1
[2025-05-13 01:17:36] WARNING: Stopping pagination as we've reached the stop point
[2025-05-13 01:17:36] WARNING: Retrieved a total of 0 tweets across 1 pages
[2025-05-13 01:17:36] WARNING: No new tweets found with trust commands. Exiting without error.
[2025-05-13 01:17:36] WARNING: Collection complete!
[2025-05-13 01:17:36] WARNING: - 0 trust assignments processed
[2025-05-13 01:17:36] WARNING: - 2 users in trust network
[2025-05-13 01:17:36] WARNING: - 31 total trust relationships
[2025-05-13 01:27:33] WARNING: === Starting Twitter Trust System Collection ===
[2025-05-13 01:27:33] WARNING: Will collect tweets until reaching previous timestamp: 2025-05-12 06:54:05+00:00
[2025-05-13 01:27:33] WARNING: Retrieving page 1...
[2025-05-13 01:27:35] WARNING: Newest tweet is from: 2025-05-12 06:54:05+00:00
[2025-05-13 01:27:35] WARNING: Reached stop point at tweet from 2025-05-12 06:54:05+00:00
[2025-05-13 01:27:35] WARNING: Retrieved 0 new tweets on page 1
[2025-05-13 01:27:35] WARNING: Stopping pagination as we've reached the stop point
[2025-05-13 01:27:35] WARNING: Retrieved a total of 0 tweets across 1 pages
[2025-05-13 01:27:35] WARNING: No new tweets found with trust commands. Exiting without error.
[2025-05-13 01:27:35] WARNING: Collection complete!
[2025-05-13 01:27:35] WARNING: - 0 trust assignments processed
[2025-05-13 01:27:35] WARNING: - 2 users in trust network
[2025-05-13 01:27:35] WARNING: - 31 total trust relationships
[2025-05-13 01:37:34] WARNING: === Starting Twitter Trust System Collection ===
[2025-05-13 01:37:34] WARNING: Will collect tweets until reaching previous timestamp: 2025-05-12 06:54:05+00:00
[2025-05-13 01:37:34] WARNING: Retrieving page 1...
[2025-05-13 01:37:36] WARNING: Newest tweet is from: 2025-05-12 06:54:05+00:00
[2025-05-13 01:37:36] WARNING: Reached stop point at tweet from 2025-05-12 06:54:05+00:00
[2025-05-13 01:37:36] WARNING: Retrieved 0 new tweets on page 1
[2025-05-13 01:37:36] WARNING: Stopping pagination as we've reached the stop point
[2025-05-13 01:37:36] WARNING: Retrieved a total of 0 tweets across 1 pages
[2025-05-13 01:37:36] WARNING: No new tweets found with trust commands. Exiting without error.
[2025-05-13 01:37:36] WARNING: Collection complete!
[2025-05-13 01:37:36] WARNING: - 0 trust assignments processed
[2025-05-13 01:37:36] WARNING: - 2 users in trust network
[2025-05-13 01:37:36] WARNING: - 31 total trust relationships
[2025-05-13 01:47:33] WARNING: === Starting Twitter Trust System Collection ===
[2025-05-13 01:47:33] WARNING: Will collect tweets until reaching previous timestamp: 2025-05-12 06:54:05+00:00
[2025-05-13 01:47:33] WARNING: Retrieving page 1...
[2025-05-13 01:47:35] WARNING: Newest tweet is from: 2025-05-12 06:54:05+00:00
[2025-05-13 01:47:35] WARNING: Reached stop point at tweet from 2025-05-12 06:54:05+00:00
[2025-05-13 01:47:35] WARNING: Retrieved 0 new tweets on page 1
[2025-05-13 01:47:35] WARNING: Stopping pagination as we've reached the stop point
[2025-05-13 01:47:35] WARNING: Retrieved a total of 0 tweets across 1 pages
[2025-05-13 01:47:35] WARNING: No new tweets found with trust commands. Exiting without error.
[2025-05-13 01:47:35] WARNING: Collection complete!
[2025-05-13 01:47:35] WARNING: - 0 trust assignments processed
[2025-05-13 01:47:35] WARNING: - 2 users in trust network
[2025-05-13 01:47:35] WARNING: - 31 total trust relationships
[2025-05-13 01:57:33] WARNING: === Starting Twitter Trust System Collection ===
[2025-05-13 01:57:33] WARNING: Will collect tweets until reaching previous timestamp: 2025-05-12 06:54:05+00:00
[2025-05-13 01:57:33] WARNING: Retrieving page 1...
[2025-05-13 01:57:37] WARNING: Newest tweet is from: 2025-05-12 06:54:05+00:00
[2025-05-13 01:57:37] WARNING: Reached stop point at tweet from 2025-05-12 06:54:05+00:00
[2025-05-13 01:57:37] WARNING: Retrieved 0 new tweets on page 1
[2025-05-13 01:57:37] WARNING: Stopping pagination as we've reached the stop point
[2025-05-13 01:57:37] WARNING: Retrieved a total of 0 tweets across 1 pages
[2025-05-13 01:57:37] WARNING: No new tweets found with trust commands. Exiting without error.
[2025-05-13 01:57:37] WARNING: Collection complete!
[2025-05-13 01:57:37] WARNING: - 0 trust assignments processed
[2025-05-13 01:57:37] WARNING: - 2 users in trust network
[2025-05-13 01:57:37] WARNING: - 31 total trust relationships
[2025-05-13 02:07:33] WARNING: === Starting Twitter Trust System Collection ===
[2025-05-13 02:07:33] WARNING: Will collect tweets until reaching previous timestamp: 2025-05-12 06:54:05+00:00
[2025-05-13 02:07:33] WARNING: Retrieving page 1...
[2025-05-13 02:07:35] WARNING: Newest tweet is from: 2025-05-12 06:54:05+00:00
[2025-05-13 02:07:35] WARNING: Reached stop point at tweet from 2025-05-12 06:54:05+00:00
[2025-05-13 02:07:35] WARNING: Retrieved 0 new tweets on page 1
[2025-05-13 02:07:35] WARNING: Stopping pagination as we've reached the stop point
[2025-05-13 02:07:35] WARNING: Retrieved a total of 0 tweets across 1 pages
[2025-05-13 02:07:35] WARNING: No new tweets found with trust commands. Exiting without error.
[2025-05-13 02:07:35] WARNING: Collection complete!
[2025-05-13 02:07:35] WARNING: - 0 trust assignments processed
[2025-05-13 02:07:35] WARNING: - 2 users in trust network
[2025-05-13 02:07:35] WARNING: - 31 total trust relationships
[2025-05-13 07:01:02] WARNING: === Starting Twitter Trust System Collection ===
[2025-05-13 07:01:02] WARNING: Will collect tweets until reaching previous timestamp: 2025-05-12 06:54:05+00:00
[2025-05-13 07:01:02] WARNING: Retrieving page 1...
[2025-05-13 07:01:03] WARNING: Newest tweet is from: 2025-05-12 06:54:05+00:00
[2025-05-13 07:01:03] WARNING: Reached stop point at tweet from 2025-05-12 06:54:05+00:00
[2025-05-13 07:01:03] WARNING: Retrieved 0 new tweets on page 1
[2025-05-13 07:01:03] WARNING: Stopping pagination as we've reached the stop point
[2025-05-13 07:01:03] WARNING: Retrieved a total of 0 tweets across 1 pages
[2025-05-13 07:01:03] WARNING: No new tweets found with trust commands. Exiting without error.
[2025-05-13 07:01:03] WARNING: Collection complete!
[2025-05-13 07:01:03] WARNING: - 0 trust assignments processed
[2025-05-13 07:01:03] WARNING: - 2 users in trust network
[2025-05-13 07:01:03] WARNING: - 31 total trust relationships
[2025-05-13 07:07:33] WARNING: === Starting Twitter Trust System Collection ===
[2025-05-13 07:07:33] WARNING: Will collect tweets until reaching previous timestamp: 2025-05-12 06:54:05+00:00
[2025-05-13 07:07:33] WARNING: Retrieving page 1...
[2025-05-13 07:07:35] WARNING: Newest tweet is from: 2025-05-12 06:54:05+00:00
[2025-05-13 07:07:35] WARNING: Reached stop point at tweet from 2025-05-12 06:54:05+00:00
[2025-05-13 07:07:35] WARNING: Retrieved 0 new tweets on page 1
[2025-05-13 07:07:35] WARNING: Stopping pagination as we've reached the stop point
[2025-05-13 07:07:35] WARNING: Retrieved a total of 0 tweets across 1 pages
[2025-05-13 07:07:35] WARNING: No new tweets found with trust commands. Exiting without error.
[2025-05-13 07:07:35] WARNING: Collection complete!
[2025-05-13 07:07:35] WARNING: - 0 trust assignments processed
[2025-05-13 07:07:35] WARNING: - 2 users in trust network
[2025-05-13 07:07:35] WARNING: - 31 total trust relationships
[2025-05-13 07:17:34] WARNING: === Starting Twitter Trust System Collection ===
[2025-05-13 07:17:34] WARNING: Will collect tweets until reaching previous timestamp: 2025-05-12 06:54:05+00:00
[2025-05-13 07:17:34] WARNING: Retrieving page 1...
[2025-05-13 07:17:36] WARNING: Newest tweet is from: 2025-05-12 06:54:05+00:00
[2025-05-13 07:17:36] WARNING: Reached stop point at tweet from 2025-05-12 06:54:05+00:00
[2025-05-13 07:17:36] WARNING: Retrieved 0 new tweets on page 1
[2025-05-13 07:17:36] WARNING: Stopping pagination as we've reached the stop point
[2025-05-13 07:17:36] WARNING: Retrieved a total of 0 tweets across 1 pages
[2025-05-13 07:17:36] WARNING: No new tweets found with trust commands. Exiting without error.
[2025-05-13 07:17:36] WARNING: Collection complete!
[2025-05-13 07:17:36] WARNING: - 0 trust assignments processed
[2025-05-13 07:17:36] WARNING: - 2 users in trust network
[2025-05-13 07:17:36] WARNING: - 31 total trust relationships
[2025-05-13 07:27:33] WARNING: === Starting Twitter Trust System Collection ===
[2025-05-13 07:27:33] WARNING: Will collect tweets until reaching previous timestamp: 2025-05-12 06:54:05+00:00
[2025-05-13 07:27:33] WARNING: Retrieving page 1...
[2025-05-13 07:27:35] WARNING: Newest tweet is from: 2025-05-12 06:54:05+00:00
[2025-05-13 07:27:35] WARNING: Reached stop point at tweet from 2025-05-12 06:54:05+00:00
[2025-05-13 07:27:35] WARNING: Retrieved 0 new tweets on page 1
[2025-05-13 07:27:35] WARNING: Stopping pagination as we've reached the stop point
[2025-05-13 07:27:35] WARNING: Retrieved a total of 0 tweets across 1 pages
[2025-05-13 07:27:35] WARNING: No new tweets found with trust commands. Exiting without error.
[2025-05-13 07:27:35] WARNING: Collection complete!
[2025-05-13 07:27:35] WARNING: - 0 trust assignments processed
[2025-05-13 07:27:35] WARNING: - 2 users in trust network
[2025-05-13 07:27:35] WARNING: - 31 total trust relationships
[2025-05-13 07:37:34] WARNING: === Starting Twitter Trust System Collection ===
[2025-05-13 07:37:34] WARNING: Will collect tweets until reaching previous timestamp: 2025-05-12 06:54:05+00:00
[2025-05-13 07:37:34] WARNING: Retrieving page 1...
[2025-05-13 07:37:36] WARNING: Newest tweet is from: 2025-05-12 06:54:05+00:00
[2025-05-13 07:37:36] WARNING: Reached stop point at tweet from 2025-05-12 06:54:05+00:00
[2025-05-13 07:37:36] WARNING: Retrieved 0 new tweets on page 1
[2025-05-13 07:37:36] WARNING: Stopping pagination as we've reached the stop point
[2025-05-13 07:37:36] WARNING: Retrieved a total of 0 tweets across 1 pages
[2025-05-13 07:37:36] WARNING: No new tweets found with trust commands. Exiting without error.
[2025-05-13 07:37:36] WARNING: Collection complete!
[2025-05-13 07:37:36] WARNING: - 0 trust assignments processed
[2025-05-13 07:37:36] WARNING: - 2 users in trust network
[2025-05-13 07:37:36] WARNING: - 31 total trust relationships
[2025-05-13 07:47:33] WARNING: === Starting Twitter Trust System Collection ===
[2025-05-13 07:47:33] WARNING: Will collect tweets until reaching previous timestamp: 2025-05-12 06:54:05+00:00
[2025-05-13 07:47:33] WARNING: Retrieving page 1...
[2025-05-13 07:47:35] WARNING: Newest tweet is from: 2025-05-12 06:54:05+00:00
[2025-05-13 07:47:35] WARNING: Reached stop point at tweet from 2025-05-12 06:54:05+00:00
[2025-05-13 07:47:35] WARNING: Retrieved 0 new tweets on page 1
[2025-05-13 07:47:35] WARNING: Stopping pagination as we've reached the stop point
[2025-05-13 07:47:35] WARNING: Retrieved a total of 0 tweets across 1 pages
[2025-05-13 07:47:35] WARNING: No new tweets found with trust commands. Exiting without error.
[2025-05-13 07:47:35] WARNING: Collection complete!
[2025-05-13 07:47:35] WARNING: - 0 trust assignments processed
[2025-05-13 07:47:35] WARNING: - 2 users in trust network
[2025-05-13 07:47:35] WARNING: - 31 total trust relationships
[2025-05-13 07:57:33] WARNING: === Starting Twitter Trust System Collection ===
[2025-05-13 07:57:33] WARNING: Will collect tweets until reaching previous timestamp: 2025-05-12 06:54:05+00:00
[2025-05-13 07:57:33] WARNING: Retrieving page 1...
[2025-05-13 07:57:35] WARNING: Newest tweet is from: 2025-05-12 06:54:05+00:00
[2025-05-13 07:57:35] WARNING: Reached stop point at tweet from 2025-05-12 06:54:05+00:00
[2025-05-13 07:57:35] WARNING: Retrieved 0 new tweets on page 1
[2025-05-13 07:57:35] WARNING: Stopping pagination as we've reached the stop point
[2025-05-13 07:57:35] WARNING: Retrieved a total of 0 tweets across 1 pages
[2025-05-13 07:57:35] WARNING: No new tweets found with trust commands. Exiting without error.
[2025-05-13 07:57:35] WARNING: Collection complete!
[2025-05-13 07:57:35] WARNING: - 0 trust assignments processed
[2025-05-13 07:57:35] WARNING: - 2 users in trust network
[2025-05-13 07:57:35] WARNING: - 31 total trust relationships
[2025-05-13 08:07:33] WARNING: === Starting Twitter Trust System Collection ===
[2025-05-13 08:07:33] WARNING: Will collect tweets until reaching previous timestamp: 2025-05-12 06:54:05+00:00
[2025-05-13 08:07:33] WARNING: Retrieving page 1...
[2025-05-13 08:07:34] WARNING: Newest tweet is from: 2025-05-12 06:54:05+00:00
[2025-05-13 08:07:34] WARNING: Reached stop point at tweet from 2025-05-12 06:54:05+00:00
[2025-05-13 08:07:34] WARNING: Retrieved 0 new tweets on page 1
[2025-05-13 08:07:34] WARNING: Stopping pagination as we've reached the stop point
[2025-05-13 08:07:34] WARNING: Retrieved a total of 0 tweets across 1 pages
[2025-05-13 08:07:34] WARNING: No new tweets found with trust commands. Exiting without error.
[2025-05-13 08:07:34] WARNING: Collection complete!
[2025-05-13 08:07:34] WARNING: - 0 trust assignments processed
[2025-05-13 08:07:34] WARNING: - 2 users in trust network
[2025-05-13 08:07:34] WARNING: - 31 total trust relationships
[2025-05-13 08:17:33] WARNING: === Starting Twitter Trust System Collection ===
[2025-05-13 08:17:33] WARNING: Will collect tweets until reaching previous timestamp: 2025-05-12 06:54:05+00:00
[2025-05-13 08:17:33] WARNING: Retrieving page 1...
[2025-05-13 08:17:34] WARNING: Newest tweet is from: 2025-05-12 06:54:05+00:00
[2025-05-13 08:17:34] WARNING: Reached stop point at tweet from 2025-05-12 06:54:05+00:00
[2025-05-13 08:17:34] WARNING: Retrieved 0 new tweets on page 1
[2025-05-13 08:17:34] WARNING: Stopping pagination as we've reached the stop point
[2025-05-13 08:17:34] WARNING: Retrieved a total of 0 tweets across 1 pages
[2025-05-13 08:17:34] WARNING: No new tweets found with trust commands. Exiting without error.
[2025-05-13 08:17:34] WARNING: Collection complete!
[2025-05-13 08:17:34] WARNING: - 0 trust assignments processed
[2025-05-13 08:17:34] WARNING: - 2 users in trust network
[2025-05-13 08:17:34] WARNING: - 31 total trust relationships
[2025-05-13 08:27:33] WARNING: === Starting Twitter Trust System Collection ===
[2025-05-13 08:27:33] WARNING: Will collect tweets until reaching previous timestamp: 2025-05-12 06:54:05+00:00
[2025-05-13 08:27:33] WARNING: Retrieving page 1...
[2025-05-13 08:27:34] WARNING: Newest tweet is from: 2025-05-12 06:54:05+00:00
[2025-05-13 08:27:34] WARNING: Reached stop point at tweet from 2025-05-12 06:54:05+00:00
[2025-05-13 08:27:34] WARNING: Retrieved 0 new tweets on page 1
[2025-05-13 08:27:34] WARNING: Stopping pagination as we've reached the stop point
[2025-05-13 08:27:34] WARNING: Retrieved a total of 0 tweets across 1 pages
[2025-05-13 08:27:35] WARNING: No new tweets found with trust commands. Exiting without error.
[2025-05-13 08:27:35] WARNING: Collection complete!
[2025-05-13 08:27:35] WARNING: - 0 trust assignments processed
[2025-05-13 08:27:35] WARNING: - 2 users in trust network
[2025-05-13 08:27:35] WARNING: - 31 total trust relationships
[2025-05-13 08:27:35] Calculating trust scores from collected data...
[2025-05-13 01:17:39] INFO: Community Community A (18 members): AskaPol_UAPs, ChrisUKSharp, DanHaug6, Eyes_OnTheSkies, FettucineSplit, GoodTroubleShow, Halsrethink, JeremyCorbell, JonMajerowski, LueElizondo, PTHellyer, SnakePo9, TheOfficialQF, g_knapp, jamescfox, jayanderson, rosscoulthart, ufobeliever1947
[2025-05-13 01:17:39] INFO: Community Community B (7 members): MiddleofMayhem, OSIRISUAP, ShipsSmall, cosmic_surplus, likeitmatters3, susangerbic, ufoskeptic1968
[2025-05-13 01:17:39] INFO: Community analysis written to community_analysis.txt
[2025-05-13 01:17:39] WARNING: Generating trust network visualization...
[2025-05-13 01:17:40] WARNING: Network visualization saved to visualization/trust_network.png
[2025-05-13 01:17:40] WARNING: Creating JSON data structure...
[2025-05-13 01:17:40] WARNING: Successfully generated js/data.js with:
[2025-05-13 01:17:40] WARNING: - 25 users
[2025-05-13 01:17:40] WARNING: - 31 trust relationships
[2025-05-13 01:17:40] WARNING: - 2 communities
[2025-05-13 01:17:40] WARNING: Trust calculation completed successfully.
[2025-05-13 01:27:39] WARNING: === Starting Trust Score Calculation ===
[2025-05-13 01:27:39] WARNING: Starting trust score calculation...
[2025-05-13 01:27:39] WARNING: Found 25 users in the trust network
[2025-05-13 01:27:39] WARNING: Building trust network graph...
[2025-05-13 01:27:39] WARNING: Calculating PageRank scores...
[2025-05-13 01:27:39] WARNING: Applying distrust penalties...
[2025-05-13 01:27:39] WARNING: Detecting communities...
[2025-05-13 01:27:39] WARNING: Found 8 isolated nodes to assign to communities
[2025-05-13 01:27:39] WARNING: Assigned isolated node Eyes_OnTheSkies to community 1 based on structural balance theory
[2025-05-13 01:27:39] WARNING: Assigned isolated node FettucineSplit to community 1 based on structural balance theory
[2025-05-13 01:27:39] WARNING: Assigned isolated node JonMajerowski to community 1 based on structural balance theory
[2025-05-13 01:27:39] WARNING: Assigned isolated node MiddleofMayhem to community 2 based on structural balance theory
[2025-05-13 01:27:39] WARNING: Assigned isolated node PTHellyer to community 1 based on structural balance theory
[2025-05-13 01:27:39] WARNING: Assigned isolated node SnakePo9 to community 1 based on structural balance theory
[2025-05-13 01:27:39] WARNING: Assigned isolated node jamescfox to community 1 based on structural balance theory
[2025-05-13 01:27:39] WARNING: Assigned isolated node likeitmatters3 to community 2 based on structural balance theory
[2025-05-13 01:27:39] INFO: Analyzing community composition...
[2025-05-13 01:27:39] INFO: Community Community A (18 members): AskaPol_UAPs, ChrisUKSharp, DanHaug6, Eyes_OnTheSkies, FettucineSplit, GoodTroubleShow, Halsrethink, JeremyCorbell, JonMajerowski, LueElizondo, PTHellyer, SnakePo9, TheOfficialQF, g_knapp, jamescfox, jayanderson, rosscoulthart, ufobeliever1947
[2025-05-13 01:27:39] INFO: Community Community B (7 members): MiddleofMayhem, OSIRISUAP, ShipsSmall, cosmic_surplus, likeitmatters3, susangerbic, ufoskeptic1968
[2025-05-13 01:27:39] INFO: Community analysis written to community_analysis.txt
[2025-05-13 01:27:39] WARNING: Generating trust network visualization...
[2025-05-13 01:27:40] WARNING: Network visualization saved to visualization/trust_network.png
[2025-05-13 01:27:40] WARNING: Creating JSON data structure...
[2025-05-13 01:27:40] WARNING: Successfully generated js/data.js with:
[2025-05-13 01:27:40] WARNING: - 25 users
[2025-05-13 01:27:40] WARNING: - 31 trust relationships
[2025-05-13 01:27:40] WARNING: - 2 communities
[2025-05-13 01:27:40] WARNING: Trust calculation completed successfully.
[2025-05-13 01:37:40] WARNING: === Starting Trust Score Calculation ===
[2025-05-13 01:37:40] WARNING: Starting trust score calculation...
[2025-05-13 01:37:40] WARNING: Found 25 users in the trust network
[2025-05-13 01:37:40] WARNING: Building trust network graph...
[2025-05-13 01:37:40] WARNING: Calculating PageRank scores...
[2025-05-13 01:37:40] WARNING: Applying distrust penalties...
[2025-05-13 01:37:40] WARNING: Detecting communities...
[2025-05-13 01:37:40] WARNING: Found 8 isolated nodes to assign to communities
[2025-05-13 01:37:40] WARNING: Assigned isolated node Eyes_OnTheSkies to community 1 based on structural balance theory
[2025-05-13 01:37:40] WARNING: Assigned isolated node FettucineSplit to community 1 based on structural balance theory
[2025-05-13 01:37:40] WARNING: Assigned isolated node JonMajerowski to community 1 based on structural balance theory
[2025-05-13 01:37:40] WARNING: Assigned isolated node MiddleofMayhem to community 2 based on structural balance theory
[2025-05-13 01:37:40] WARNING: Assigned isolated node PTHellyer to community 1 based on structural balance theory
[2025-05-13 01:37:40] WARNING: Assigned isolated node SnakePo9 to community 1 based on structural balance theory
[2025-05-13 01:37:40] WARNING: Assigned isolated node jamescfox to community 1 based on structural balance theory
[2025-05-13 01:37:40] WARNING: Assigned isolated node likeitmatters3 to community 2 based on structural balance theory
[2025-05-13 01:37:40] INFO: Analyzing community composition...
[2025-05-13 01:37:40] INFO: Community Community A (18 members): AskaPol_UAPs, ChrisUKSharp, DanHaug6, Eyes_OnTheSkies, FettucineSplit, GoodTroubleShow, Halsrethink, JeremyCorbell, JonMajerowski, LueElizondo, PTHellyer, SnakePo9, TheOfficialQF, g_knapp, jamescfox, jayanderson, rosscoulthart, ufobeliever1947
[2025-05-13 01:37:40] INFO: Community Community B (7 members): MiddleofMayhem, OSIRISUAP, ShipsSmall, cosmic_surplus, likeitmatters3, susangerbic, ufoskeptic1968
[2025-05-13 01:37:40] INFO: Community analysis written to community_analysis.txt
[2025-05-13 01:37:40] WARNING: Generating trust network visualization...
[2025-05-13 01:37:41] WARNING: Network visualization saved to visualization/trust_network.png
[2025-05-13 01:37:41] WARNING: Creating JSON data structure...
[2025-05-13 01:37:41] WARNING: Successfully generated js/data.js with:
[2025-05-13 01:37:41] WARNING: - 25 users
[2025-05-13 01:37:41] WARNING: - 31 trust relationships
[2025-05-13 01:37:41] WARNING: - 2 communities
[2025-05-13 01:37:41] WARNING: Trust calculation completed successfully.
[2025-05-13 01:47:39] WARNING: === Starting Trust Score Calculation ===
[2025-05-13 01:47:39] WARNING: Starting trust score calculation...
[2025-05-13 01:47:39] WARNING: Found 25 users in the trust network
[2025-05-13 01:47:39] WARNING: Building trust network graph...
[2025-05-13 01:47:39] WARNING: Calculating PageRank scores...
[2025-05-13 01:47:39] WARNING: Applying distrust penalties...
[2025-05-13 01:47:39] WARNING: Detecting communities...
[2025-05-13 01:47:39] WARNING: Found 8 isolated nodes to assign to communities
[2025-05-13 01:47:39] WARNING: Assigned isolated node Eyes_OnTheSkies to community 1 based on structural balance theory
[2025-05-13 01:47:39] WARNING: Assigned isolated node FettucineSplit to community 1 based on structural balance theory
[2025-05-13 01:47:39] WARNING: Assigned isolated node JonMajerowski to community 1 based on structural balance theory
[2025-05-13 01:47:39] WARNING: Assigned isolated node MiddleofMayhem to community 2 based on structural balance theory
[2025-05-13 01:47:39] WARNING: Assigned isolated node PTHellyer to community 1 based on structural balance theory
[2025-05-13 01:47:39] WARNING: Assigned isolated node SnakePo9 to community 1 based on structural balance theory
[2025-05-13 01:47:39] WARNING: Assigned isolated node jamescfox to community 1 based on structural balance theory
[2025-05-13 01:47:39] WARNING: Assigned isolated node likeitmatters3 to community 2 based on structural balance theory
[2025-05-13 01:47:39] INFO: Analyzing community composition...
[2025-05-13 01:47:39] INFO: Community Community A (18 members): AskaPol_UAPs, ChrisUKSharp, DanHaug6, Eyes_OnTheSkies, FettucineSplit, GoodTroubleShow, Halsrethink, JeremyCorbell, JonMajerowski, LueElizondo, PTHellyer, SnakePo9, TheOfficialQF, g_knapp, jamescfox, jayanderson, rosscoulthart, ufobeliever1947
[2025-05-13 01:47:39] INFO: Community Community B (7 members): MiddleofMayhem, OSIRISUAP, ShipsSmall, cosmic_surplus, likeitmatters3, susangerbic, ufoskeptic1968
[2025-05-13 01:47:39] INFO: Community analysis written to community_analysis.txt
[2025-05-13 01:47:39] WARNING: Generating trust network visualization...
[2025-05-13 01:47:40] WARNING: Network visualization saved to visualization/trust_network.png
[2025-05-13 01:47:40] WARNING: Creating JSON data structure...
[2025-05-13 01:47:40] WARNING: Successfully generated js/data.js with:
[2025-05-13 01:47:40] WARNING: - 25 users
[2025-05-13 01:47:40] WARNING: - 31 trust relationships
[2025-05-13 01:47:40] WARNING: - 2 communities
[2025-05-13 01:47:40] WARNING: Trust calculation completed successfully.
[2025-05-13 01:57:41] WARNING: === Starting Trust Score Calculation ===
[2025-05-13 01:57:41] WARNING: Starting trust score calculation...
[2025-05-13 01:57:41] WARNING: Found 25 users in the trust network
[2025-05-13 01:57:41] WARNING: Building trust network graph...
[2025-05-13 01:57:41] WARNING: Calculating PageRank scores...
[2025-05-13 01:57:41] WARNING: Applying distrust penalties...
[2025-05-13 01:57:41] WARNING: Detecting communities...
[2025-05-13 01:57:41] WARNING: Found 8 isolated nodes to assign to communities
[2025-05-13 01:57:41] WARNING: Assigned isolated node Eyes_OnTheSkies to community 1 based on structural balance theory
[2025-05-13 01:57:41] WARNING: Assigned isolated node FettucineSplit to community 1 based on structural balance theory
[2025-05-13 01:57:41] WARNING: Assigned isolated node JonMajerowski to community 1 based on structural balance theory
[2025-05-13 01:57:41] WARNING: Assigned isolated node MiddleofMayhem to community 2 based on structural balance theory
[2025-05-13 01:57:41] WARNING: Assigned isolated node PTHellyer to community 1 based on structural balance theory
[2025-05-13 01:57:41] WARNING: Assigned isolated node SnakePo9 to community 1 based on structural balance theory
[2025-05-13 01:57:41] WARNING: Assigned isolated node jamescfox to community 1 based on structural balance theory
[2025-05-13 01:57:41] WARNING: Assigned isolated node likeitmatters3 to community 2 based on structural balance theory
[2025-05-13 01:57:41] INFO: Analyzing community composition...
[2025-05-13 01:57:41] INFO: Community Community A (18 members): AskaPol_UAPs, ChrisUKSharp, DanHaug6, Eyes_OnTheSkies, FettucineSplit, GoodTroubleShow, Halsrethink, JeremyCorbell, JonMajerowski, LueElizondo, PTHellyer, SnakePo9, TheOfficialQF, g_knapp, jamescfox, jayanderson, rosscoulthart, ufobeliever1947
[2025-05-13 01:57:41] INFO: Community Community B (7 members): MiddleofMayhem, OSIRISUAP, ShipsSmall, cosmic_surplus, likeitmatters3, susangerbic, ufoskeptic1968
[2025-05-13 01:57:41] INFO: Community analysis written to community_analysis.txt
[2025-05-13 01:57:41] WARNING: Generating trust network visualization...
[2025-05-13 01:57:42] WARNING: Network visualization saved to visualization/trust_network.png
[2025-05-13 01:57:42] WARNING: Creating JSON data structure...
[2025-05-13 01:57:42] WARNING: Successfully generated js/data.js with:
[2025-05-13 01:57:42] WARNING: - 25 users
[2025-05-13 01:57:42] WARNING: - 31 trust relationships
[2025-05-13 01:57:42] WARNING: - 2 communities
[2025-05-13 01:57:42] WARNING: Trust calculation completed successfully.
[2025-05-13 02:07:39] WARNING: === Starting Trust Score Calculation ===
[2025-05-13 02:07:39] WARNING: Starting trust score calculation...
[2025-05-13 02:07:39] WARNING: Found 25 users in the trust network
[2025-05-13 02:07:39] WARNING: Building trust network graph...
[2025-05-13 02:07:39] WARNING: Calculating PageRank scores...
[2025-05-13 02:07:39] WARNING: Applying distrust penalties...
[2025-05-13 02:07:39] WARNING: Detecting communities...
[2025-05-13 02:07:39] WARNING: Found 8 isolated nodes to assign to communities
[2025-05-13 02:07:39] WARNING: Assigned isolated node Eyes_OnTheSkies to community 1 based on structural balance theory
[2025-05-13 02:07:39] WARNING: Assigned isolated node FettucineSplit to community 1 based on structural balance theory
[2025-05-13 02:07:39] WARNING: Assigned isolated node JonMajerowski to community 1 based on structural balance theory
[2025-05-13 02:07:39] WARNING: Assigned isolated node MiddleofMayhem to community 2 based on structural balance theory
[2025-05-13 02:07:39] WARNING: Assigned isolated node PTHellyer to community 1 based on structural balance theory
[2025-05-13 02:07:39] WARNING: Assigned isolated node SnakePo9 to community 1 based on structural balance theory
[2025-05-13 02:07:39] WARNING: Assigned isolated node jamescfox to community 1 based on structural balance theory
[2025-05-13 02:07:39] WARNING: Assigned isolated node likeitmatters3 to community 2 based on structural balance theory
[2025-05-13 02:07:39] INFO: Analyzing community composition...
[2025-05-13 02:07:39] INFO: Community Community A (18 members): AskaPol_UAPs, ChrisUKSharp, DanHaug6, Eyes_OnTheSkies, FettucineSplit, GoodTroubleShow, Halsrethink, JeremyCorbell, JonMajerowski, LueElizondo, PTHellyer, SnakePo9, TheOfficialQF, g_knapp, jamescfox, jayanderson, rosscoulthart, ufobeliever1947
[2025-05-13 02:07:39] INFO: Community Community B (7 members): MiddleofMayhem, OSIRISUAP, ShipsSmall, cosmic_surplus, likeitmatters3, susangerbic, ufoskeptic1968
[2025-05-13 02:07:39] INFO: Community analysis written to community_analysis.txt
[2025-05-13 02:07:39] WARNING: Generating trust network visualization...
[2025-05-13 02:07:40] WARNING: Network visualization saved to visualization/trust_network.png
[2025-05-13 02:07:40] WARNING: Creating JSON data structure...
[2025-05-13 02:07:40] WARNING: Successfully generated js/data.js with:
[2025-05-13 02:07:40] WARNING: - 25 users
[2025-05-13 02:07:40] WARNING: - 31 trust relationships
[2025-05-13 02:07:40] WARNING: - 2 communities
[2025-05-13 02:07:40] WARNING: Trust calculation completed successfully.
[2025-05-13 07:01:08] WARNING: === Starting Trust Score Calculation ===
[2025-05-13 07:01:08] WARNING: Starting trust score calculation...
[2025-05-13 07:01:08] WARNING: Found 25 users in the trust network
[2025-05-13 07:01:08] WARNING: Building trust network graph...
[2025-05-13 07:01:08] WARNING: Calculating PageRank scores...
[2025-05-13 07:01:08] WARNING: Applying distrust penalties...
[2025-05-13 07:01:08] WARNING: Detecting communities...
[2025-05-13 07:01:08] WARNING: Found 8 isolated nodes to assign to communities
[2025-05-13 07:01:08] WARNING: Assigned isolated node Eyes_OnTheSkies to community 1 based on structural balance theory
[2025-05-13 07:01:08] WARNING: Assigned isolated node FettucineSplit to community 1 based on structural balance theory
[2025-05-13 07:01:08] WARNING: Assigned isolated node JonMajerowski to community 1 based on structural balance theory
[2025-05-13 07:01:08] WARNING: Assigned isolated node MiddleofMayhem to community 2 based on structural balance theory
[2025-05-13 07:01:08] WARNING: Assigned isolated node PTHellyer to community 1 based on structural balance theory
[2025-05-13 07:01:08] WARNING: Assigned isolated node SnakePo9 to community 1 based on structural balance theory
[2025-05-13 07:01:08] WARNING: Assigned isolated node jamescfox to community 1 based on structural balance theory
[2025-05-13 07:01:08] WARNING: Assigned isolated node likeitmatters3 to community 2 based on structural balance theory
[2025-05-13 07:01:08] INFO: Analyzing community composition...
[2025-05-13 07:01:08] INFO: Community Community A (18 members): AskaPol_UAPs, ChrisUKSharp, DanHaug6, Eyes_OnTheSkies, FettucineSplit, GoodTroubleShow, Halsrethink, JeremyCorbell, JonMajerowski, LueElizondo, PTHellyer, SnakePo9, TheOfficialQF, g_knapp, jamescfox, jayanderson, rosscoulthart, ufobeliever1947
[2025-05-13 07:01:08] INFO: Community Community B (7 members): MiddleofMayhem, OSIRISUAP, ShipsSmall, cosmic_surplus, likeitmatters3, susangerbic, ufoskeptic1968
[2025-05-13 07:01:08] INFO: Community analysis written to community_analysis.txt
[2025-05-13 07:01:08] WARNING: Generating trust network visualization...
[2025-05-13 07:01:09] WARNING: Network visualization saved to visualization/trust_network.png
[2025-05-13 07:01:09] WARNING: Creating JSON data structure...
[2025-05-13 07:01:09] WARNING: Successfully generated js/data.js with:
[2025-05-13 07:01:09] WARNING: - 25 users
[2025-05-13 07:01:09] WARNING: - 31 trust relationships
[2025-05-13 07:01:09] WARNING: - 2 communities
[2025-05-13 07:01:09] WARNING: Trust calculation completed successfully.
[2025-05-13 07:07:38] WARNING: === Starting Trust Score Calculation ===
[2025-05-13 07:07:38] WARNING: Starting trust score calculation...
[2025-05-13 07:07:38] WARNING: Found 25 users in the trust network
[2025-05-13 07:07:38] WARNING: Building trust network graph...
[2025-05-13 07:07:38] WARNING: Calculating PageRank scores...
[2025-05-13 07:07:38] WARNING: Applying distrust penalties...
[2025-05-13 07:07:38] WARNING: Detecting communities...
[2025-05-13 07:07:38] WARNING: Found 8 isolated nodes to assign to communities
[2025-05-13 07:07:38] WARNING: Assigned isolated node Eyes_OnTheSkies to community 1 based on structural balance theory
[2025-05-13 07:07:38] WARNING: Assigned isolated node FettucineSplit to community 1 based on structural balance theory
[2025-05-13 07:07:38] WARNING: Assigned isolated node JonMajerowski to community 1 based on structural balance theory
[2025-05-13 07:07:38] WARNING: Assigned isolated node MiddleofMayhem to community 2 based on structural balance theory
[2025-05-13 07:07:38] WARNING: Assigned isolated node PTHellyer to community 1 based on structural balance theory
[2025-05-13 07:07:38] WARNING: Assigned isolated node SnakePo9 to community 1 based on structural balance theory
[2025-05-13 07:07:38] WARNING: Assigned isolated node jamescfox to community 1 based on structural balance theory
[2025-05-13 07:07:38] WARNING: Assigned isolated node likeitmatters3 to community 2 based on structural balance theory
[2025-05-13 07:07:38] INFO: Analyzing community composition...
[2025-05-13 07:07:38] INFO: Community Community A (18 members): AskaPol_UAPs, ChrisUKSharp, DanHaug6, Eyes_OnTheSkies, FettucineSplit, GoodTroubleShow, Halsrethink, JeremyCorbell, JonMajerowski, LueElizondo, PTHellyer, SnakePo9, TheOfficialQF, g_knapp, jamescfox, jayanderson, rosscoulthart, ufobeliever1947
[2025-05-13 07:07:38] INFO: Community Community B (7 members): MiddleofMayhem, OSIRISUAP, ShipsSmall, cosmic_surplus, likeitmatters3, susangerbic, ufoskeptic1968
[2025-05-13 07:07:38] INFO: Community analysis written to community_analysis.txt
[2025-05-13 07:07:38] WARNING: Generating trust network visualization...
[2025-05-13 07:07:39] WARNING: Network visualization saved to visualization/trust_network.png
[2025-05-13 07:07:39] WARNING: Creating JSON data structure...
[2025-05-13 07:07:39] WARNING: Successfully generated js/data.js with:
[2025-05-13 07:07:39] WARNING: - 25 users
[2025-05-13 07:07:39] WARNING: - 31 trust relationships
[2025-05-13 07:07:39] WARNING: - 2 communities
[2025-05-13 07:07:39] WARNING: Trust calculation completed successfully.
[2025-05-13 07:17:40] WARNING: === Starting Trust Score Calculation ===
[2025-05-13 07:17:40] WARNING: Starting trust score calculation...
[2025-05-13 07:17:40] WARNING: Found 25 users in the trust network
[2025-05-13 07:17:40] WARNING: Building trust network graph...
[2025-05-13 07:17:40] WARNING: Calculating PageRank scores...
[2025-05-13 07:17:40] WARNING: Applying distrust penalties...
[2025-05-13 07:17:40] WARNING: Detecting communities...
[2025-05-13 07:17:40] WARNING: Found 8 isolated nodes to assign to communities
[2025-05-13 07:17:40] WARNING: Assigned isolated node Eyes_OnTheSkies to community 1 based on structural balance theory
[2025-05-13 07:17:40] WARNING: Assigned isolated node FettucineSplit to community 1 based on structural balance theory
[2025-05-13 07:17:40] WARNING: Assigned isolated node JonMajerowski to community 1 based on structural balance theory
[2025-05-13 07:17:40] WARNING: Assigned isolated node MiddleofMayhem to community 2 based on structural balance theory
[2025-05-13 07:17:40] WARNING: Assigned isolated node PTHellyer to community 1 based on structural balance theory
[2025-05-13 07:17:40] WARNING: Assigned isolated node SnakePo9 to community 1 based on structural balance theory
[2025-05-13 07:17:40] WARNING: Assigned isolated node jamescfox to community 1 based on structural balance theory
[2025-05-13 07:17:40] WARNING: Assigned isolated node likeitmatters3 to community 2 based on structural balance theory
[2025-05-13 07:17:40] INFO: Analyzing community composition...
[2025-05-13 07:17:40] INFO: Community Community A (18 members): AskaPol_UAPs, ChrisUKSharp, DanHaug6, Eyes_OnTheSkies, FettucineSplit, GoodTroubleShow, Halsrethink, JeremyCorbell, JonMajerowski, LueElizondo, PTHellyer, SnakePo9, TheOfficialQF, g_knapp, jamescfox, jayanderson, rosscoulthart, ufobeliever1947
[2025-05-13 07:17:40] INFO: Community Community B (7 members): MiddleofMayhem, OSIRISUAP, ShipsSmall, cosmic_surplus, likeitmatters3, susangerbic, ufoskeptic1968
[2025-05-13 07:17:40] INFO: Community analysis written to community_analysis.txt
[2025-05-13 07:17:40] WARNING: Generating trust network visualization...
[2025-05-13 07:17:41] WARNING: Network visualization saved to visualization/trust_network.png
[2025-05-13 07:17:41] WARNING: Creating JSON data structure...
[2025-05-13 07:17:41] WARNING: Successfully generated js/data.js with:
[2025-05-13 07:17:41] WARNING: - 25 users
[2025-05-13 07:17:41] WARNING: - 31 trust relationships
[2025-05-13 07:17:41] WARNING: - 2 communities
[2025-05-13 07:17:41] WARNING: Trust calculation completed successfully.
[2025-05-13 07:27:39] WARNING: === Starting Trust Score Calculation ===
[2025-05-13 07:27:39] WARNING: Starting trust score calculation...
[2025-05-13 07:27:39] WARNING: Found 25 users in the trust network
[2025-05-13 07:27:39] WARNING: Building trust network graph...
[2025-05-13 07:27:39] WARNING: Calculating PageRank scores...
[2025-05-13 07:27:39] WARNING: Applying distrust penalties...
[2025-05-13 07:27:39] WARNING: Detecting communities...
[2025-05-13 07:27:39] WARNING: Found 8 isolated nodes to assign to communities
[2025-05-13 07:27:39] WARNING: Assigned isolated node Eyes_OnTheSkies to community 1 based on structural balance theory
[2025-05-13 07:27:39] WARNING: Assigned isolated node FettucineSplit to community 1 based on structural balance theory
[2025-05-13 07:27:39] WARNING: Assigned isolated node JonMajerowski to community 1 based on structural balance theory
[2025-05-13 07:27:39] WARNING: Assigned isolated node MiddleofMayhem to community 2 based on structural balance theory
[2025-05-13 07:27:39] WARNING: Assigned isolated node PTHellyer to community 1 based on structural balance theory
[2025-05-13 07:27:39] WARNING: Assigned isolated node SnakePo9 to community 1 based on structural balance theory
[2025-05-13 07:27:39] WARNING: Assigned isolated node jamescfox to community 1 based on structural balance theory
[2025-05-13 07:27:39] WARNING: Assigned isolated node likeitmatters3 to community 2 based on structural balance theory
[2025-05-13 07:27:39] INFO: Analyzing community composition...
[2025-05-13 07:27:39] INFO: Community Community A (18 members): AskaPol_UAPs, ChrisUKSharp, DanHaug6, Eyes_OnTheSkies, FettucineSplit, GoodTroubleShow, Halsrethink, JeremyCorbell, JonMajerowski, LueElizondo, PTHellyer, SnakePo9, TheOfficialQF, g_knapp, jamescfox, jayanderson, rosscoulthart, ufobeliever1947
[2025-05-13 07:27:39] INFO: Community Community B (7 members): MiddleofMayhem, OSIRISUAP, ShipsSmall, cosmic_surplus, likeitmatters3, susangerbic, ufoskeptic1968
[2025-05-13 07:27:39] INFO: Community analysis written to community_analysis.txt
[2025-05-13 07:27:39] WARNING: Generating trust network visualization...
[2025-05-13 07:27:39] WARNING: Network visualization saved to visualization/trust_network.png
[2025-05-13 07:27:39] WARNING: Creating JSON data structure...
[2025-05-13 07:27:39] WARNING: Successfully generated js/data.js with:
[2025-05-13 07:27:39] WARNING: - 25 users
[2025-05-13 07:27:39] WARNING: - 31 trust relationships
[2025-05-13 07:27:39] WARNING: - 2 communities
[2025-05-13 07:27:39] WARNING: Trust calculation completed successfully.
[2025-05-13 07:37:42] WARNING: === Starting Trust Score Calculation ===
[2025-05-13 07:37:42] WARNING: Starting trust score calculation...
[2025-05-13 07:37:42] WARNING: Found 25 users in the trust network
[2025-05-13 07:37:42] WARNING: Building trust network graph...
[2025-05-13 07:37:42] WARNING: Calculating PageRank scores...
[2025-05-13 07:37:42] WARNING: Applying distrust penalties...
[2025-05-13 07:37:42] WARNING: Detecting communities...
[2025-05-13 07:37:42] WARNING: Found 8 isolated nodes to assign to communities
[2025-05-13 07:37:42] WARNING: Assigned isolated node Eyes_OnTheSkies to community 1 based on structural balance theory
[2025-05-13 07:37:42] WARNING: Assigned isolated node FettucineSplit to community 1 based on structural balance theory
[2025-05-13 07:37:42] WARNING: Assigned isolated node JonMajerowski to community 1 based on structural balance theory
[2025-05-13 07:37:42] WARNING: Assigned isolated node MiddleofMayhem to community 2 based on structural balance theory
[2025-05-13 07:37:42] WARNING: Assigned isolated node PTHellyer to community 1 based on structural balance theory
[2025-05-13 07:37:42] WARNING: Assigned isolated node SnakePo9 to community 1 based on structural balance theory
[2025-05-13 07:37:42] WARNING: Assigned isolated node jamescfox to community 1 based on structural balance theory
[2025-05-13 07:37:42] WARNING: Assigned isolated node likeitmatters3 to community 2 based on structural balance theory
[2025-05-13 07:37:42] INFO: Analyzing community composition...
[2025-05-13 07:37:42] INFO: Community Community A (18 members): AskaPol_UAPs, ChrisUKSharp, DanHaug6, Eyes_OnTheSkies, FettucineSplit, GoodTroubleShow, Halsrethink, JeremyCorbell, JonMajerowski, LueElizondo, PTHellyer, SnakePo9, TheOfficialQF, g_knapp, jamescfox, jayanderson, rosscoulthart, ufobeliever1947
[2025-05-13 07:37:42] INFO: Community Community B (7 members): MiddleofMayhem, OSIRISUAP, ShipsSmall, cosmic_surplus, likeitmatters3, susangerbic, ufoskeptic1968
[2025-05-13 07:37:42] INFO: Community analysis written to community_analysis.txt
[2025-05-13 07:37:42] WARNING: Generating trust network visualization...
[2025-05-13 07:37:44] WARNING: Network visualization saved to visualization/trust_network.png
[2025-05-13 07:37:44] WARNING: Creating JSON data structure...
[2025-05-13 07:37:44] WARNING: Successfully generated js/data.js with:
[2025-05-13 07:37:44] WARNING: - 25 users
[2025-05-13 07:37:44] WARNING: - 31 trust relationships
[2025-05-13 07:37:44] WARNING: - 2 communities
[2025-05-13 07:37:44] WARNING: Trust calculation completed successfully.
[2025-05-13 07:47:38] WARNING: === Starting Trust Score Calculation ===
[2025-05-13 07:47:38] WARNING: Starting trust score calculation...
[2025-05-13 07:47:38] WARNING: Found 25 users in the trust network
[2025-05-13 07:47:38] WARNING: Building trust network graph...
[2025-05-13 07:47:38] WARNING: Calculating PageRank scores...
[2025-05-13 07:47:38] WARNING: Applying distrust penalties...
[2025-05-13 07:47:38] WARNING: Detecting communities...
[2025-05-13 07:47:38] WARNING: Found 8 isolated nodes to assign to communities
[2025-05-13 07:47:38] WARNING: Assigned isolated node Eyes_OnTheSkies to community 1 based on structural balance theory
[2025-05-13 07:47:38] WARNING: Assigned isolated node FettucineSplit to community 1 based on structural balance theory
[2025-05-13 07:47:38] WARNING: Assigned isolated node JonMajerowski to community 1 based on structural balance theory
[2025-05-13 07:47:38] WARNING: Assigned isolated node MiddleofMayhem to community 2 based on structural balance theory
[2025-05-13 07:47:38] WARNING: Assigned isolated node PTHellyer to community 1 based on structural balance theory
[2025-05-13 07:47:38] WARNING: Assigned isolated node SnakePo9 to community 1 based on structural balance theory
[2025-05-13 07:47:38] WARNING: Assigned isolated node jamescfox to community 1 based on structural balance theory
[2025-05-13 07:47:38] WARNING: Assigned isolated node likeitmatters3 to community 2 based on structural balance theory
[2025-05-13 07:47:38] INFO: Analyzing community composition...
[2025-05-13 07:47:38] INFO: Community Community A (18 members): AskaPol_UAPs, ChrisUKSharp, DanHaug6, Eyes_OnTheSkies, FettucineSplit, GoodTroubleShow, Halsrethink, JeremyCorbell, JonMajerowski, LueElizondo, PTHellyer, SnakePo9, TheOfficialQF, g_knapp, jamescfox, jayanderson, rosscoulthart, ufobeliever1947
[2025-05-13 07:47:38] INFO: Community Community B (7 members): MiddleofMayhem, OSIRISUAP, ShipsSmall, cosmic_surplus, likeitmatters3, susangerbic, ufoskeptic1968
[2025-05-13 07:47:38] INFO: Community analysis written to community_analysis.txt
[2025-05-13 07:47:38] WARNING: Generating trust network visualization...
[2025-05-13 07:47:39] WARNING: Network visualization saved to visualization/trust_network.png
[2025-05-13 07:47:39] WARNING: Creating JSON data structure...
[2025-05-13 07:47:39] WARNING: Successfully generated js/data.js with:
[2025-05-13 07:47:39] WARNING: - 25 users
[2025-05-13 07:47:39] WARNING: - 31 trust relationships
[2025-05-13 07:47:39] WARNING: - 2 communities
[2025-05-13 07:47:39] WARNING: Trust calculation completed successfully.
[2025-05-13 07:57:38] WARNING: === Starting Trust Score Calculation ===
[2025-05-13 07:57:38] WARNING: Starting trust score calculation...
[2025-05-13 07:57:38] WARNING: Found 25 users in the trust network
[2025-05-13 07:57:38] WARNING: Building trust network graph...
[2025-05-13 07:57:38] WARNING: Calculating PageRank scores...
[2025-05-13 07:57:38] WARNING: Applying distrust penalties...
[2025-05-13 07:57:38] WARNING: Detecting communities...
[2025-05-13 07:57:38] WARNING: Found 8 isolated nodes to assign to communities
[2025-05-13 07:57:38] WARNING: Assigned isolated node Eyes_OnTheSkies to community 1 based on structural balance theory
[2025-05-13 07:57:38] WARNING: Assigned isolated node FettucineSplit to community 1 based on structural balance theory
[2025-05-13 07:57:38] WARNING: Assigned isolated node JonMajerowski to community 1 based on structural balance theory
[2025-05-13 07:57:38] WARNING: Assigned isolated node MiddleofMayhem to community 2 based on structural balance theory
[2025-05-13 07:57:38] WARNING: Assigned isolated node PTHellyer to community 1 based on structural balance theory
[2025-05-13 07:57:38] WARNING: Assigned isolated node SnakePo9 to community 1 based on structural balance theory
[2025-05-13 07:57:38] WARNING: Assigned isolated node jamescfox to community 1 based on structural balance theory
[2025-05-13 07:57:38] WARNING: Assigned isolated node likeitmatters3 to community 2 based on structural balance theory
[2025-05-13 07:57:38] INFO: Analyzing community composition...
[2025-05-13 07:57:38] INFO: Community Community A (18 members): AskaPol_UAPs, ChrisUKSharp, DanHaug6, Eyes_OnTheSkies, FettucineSplit, GoodTroubleShow, Halsrethink, JeremyCorbell, JonMajerowski, LueElizondo, PTHellyer, SnakePo9, TheOfficialQF, g_knapp, jamescfox, jayanderson, rosscoulthart, ufobeliever1947
[2025-05-13 07:57:38] INFO: Community Community B (7 members): MiddleofMayhem, OSIRISUAP, ShipsSmall, cosmic_surplus, likeitmatters3, susangerbic, ufoskeptic1968
[2025-05-13 07:57:38] INFO: Community analysis written to community_analysis.txt
[2025-05-13 07:57:38] WARNING: Generating trust network visualization...
[2025-05-13 07:57:39] WARNING: Network visualization saved to visualization/trust_network.png
[2025-05-13 07:57:39] WARNING: Creating JSON data structure...
[2025-05-13 07:57:39] WARNING: Successfully generated js/data.js with:
[2025-05-13 07:57:39] WARNING: - 25 users
[2025-05-13 07:57:39] WARNING: - 31 trust relationships
[2025-05-13 07:57:39] WARNING: - 2 communities
[2025-05-13 07:57:39] WARNING: Trust calculation completed successfully.
[2025-05-13 08:07:38] WARNING: === Starting Trust Score Calculation ===
[2025-05-13 08:07:38] WARNING: Starting trust score calculation...
[2025-05-13 08:07:38] WARNING: Found 25 users in the trust network
[2025-05-13 08:07:38] WARNING: Building trust network graph...
[2025-05-13 08:07:38] WARNING: Calculating PageRank scores...
[2025-05-13 08:07:38] WARNING: Applying distrust penalties...
[2025-05-13 08:07:38] WARNING: Detecting communities...
[2025-05-13 08:07:38] WARNING: Found 8 isolated nodes to assign to communities
[2025-05-13 08:07:38] WARNING: Assigned isolated node Eyes_OnTheSkies to community 1 based on structural balance theory
[2025-05-13 08:07:38] WARNING: Assigned isolated node FettucineSplit to community 1 based on structural balance theory
[2025-05-13 08:07:38] WARNING: Assigned isolated node JonMajerowski to community 1 based on structural balance theory
[2025-05-13 08:07:38] WARNING: Assigned isolated node MiddleofMayhem to community 2 based on structural balance theory
[2025-05-13 08:07:38] WARNING: Assigned isolated node PTHellyer to community 1 based on structural balance theory
[2025-05-13 08:07:38] WARNING: Assigned isolated node SnakePo9 to community 1 based on structural balance theory
[2025-05-13 08:07:38] WARNING: Assigned isolated node jamescfox to community 1 based on structural balance theory
[2025-05-13 08:07:38] WARNING: Assigned isolated node likeitmatters3 to community 2 based on structural balance theory
[2025-05-13 08:07:38] INFO: Analyzing community composition...
[2025-05-13 08:07:38] INFO: Community Community A (18 members): AskaPol_UAPs, ChrisUKSharp, DanHaug6, Eyes_OnTheSkies, FettucineSplit, GoodTroubleShow, Halsrethink, JeremyCorbell, JonMajerowski, LueElizondo, PTHellyer, SnakePo9, TheOfficialQF, g_knapp, jamescfox, jayanderson, rosscoulthart, ufobeliever1947
[2025-05-13 08:07:38] INFO: Community Community B (7 members): MiddleofMayhem, OSIRISUAP, ShipsSmall, cosmic_surplus, likeitmatters3, susangerbic, ufoskeptic1968
[2025-05-13 08:07:38] INFO: Community analysis written to community_analysis.txt
[2025-05-13 08:07:38] WARNING: Generating trust network visualization...
[2025-05-13 08:07:39] WARNING: Network visualization saved to visualization/trust_network.png
[2025-05-13 08:07:39] WARNING: Creating JSON data structure...
[2025-05-13 08:07:39] WARNING: Successfully generated js/data.js with:
[2025-05-13 08:07:39] WARNING: - 25 users
[2025-05-13 08:07:39] WARNING: - 31 trust relationships
[2025-05-13 08:07:39] WARNING: - 2 communities
[2025-05-13 08:07:39] WARNING: Trust calculation completed successfully.
[2025-05-13 08:17:38] WARNING: === Starting Trust Score Calculation ===
[2025-05-13 08:17:38] WARNING: Starting trust score calculation...
[2025-05-13 08:17:38] WARNING: Found 25 users in the trust network
[2025-05-13 08:17:38] WARNING: Building trust network graph...
[2025-05-13 08:17:38] WARNING: Calculating PageRank scores...
[2025-05-13 08:17:38] WARNING: Applying distrust penalties...
[2025-05-13 08:17:38] WARNING: Detecting communities...
[2025-05-13 08:17:38] WARNING: Found 8 isolated nodes to assign to communities
[2025-05-13 08:17:38] WARNING: Assigned isolated node Eyes_OnTheSkies to community 1 based on structural balance theory
[2025-05-13 08:17:38] WARNING: Assigned isolated node FettucineSplit to community 1 based on structural balance theory
[2025-05-13 08:17:38] WARNING: Assigned isolated node JonMajerowski to community 1 based on structural balance theory
[2025-05-13 08:17:38] WARNING: Assigned isolated node MiddleofMayhem to community 2 based on structural balance theory
[2025-05-13 08:17:38] WARNING: Assigned isolated node PTHellyer to community 1 based on structural balance theory
[2025-05-13 08:17:38] WARNING: Assigned isolated node SnakePo9 to community 1 based on structural balance theory
[2025-05-13 08:17:38] WARNING: Assigned isolated node jamescfox to community 1 based on structural balance theory
[2025-05-13 08:17:38] WARNING: Assigned isolated node likeitmatters3 to community 2 based on structural balance theory
[2025-05-13 08:17:38] INFO: Analyzing community composition...
[2025-05-13 08:17:38] INFO: Community Community A (18 members): AskaPol_UAPs, ChrisUKSharp, DanHaug6, Eyes_OnTheSkies, FettucineSplit, GoodTroubleShow, Halsrethink, JeremyCorbell, JonMajerowski, LueElizondo, PTHellyer, SnakePo9, TheOfficialQF, g_knapp, jamescfox, jayanderson, rosscoulthart, ufobeliever1947
[2025-05-13 08:17:38] INFO: Community Community B (7 members): MiddleofMayhem, OSIRISUAP, ShipsSmall, cosmic_surplus, likeitmatters3, susangerbic, ufoskeptic1968
[2025-05-13 08:17:38] INFO: Community analysis written to community_analysis.txt
[2025-05-13 08:17:38] WARNING: Generating trust network visualization...
[2025-05-13 08:17:39] WARNING: Network visualization saved to visualization/trust_network.png
[2025-05-13 08:17:39] WARNING: Creating JSON data structure...
[2025-05-13 08:17:39] WARNING: Successfully generated js/data.js with:
[2025-05-13 08:17:39] WARNING: - 25 users
[2025-05-13 08:17:39] WARNING: - 31 trust relationships
[2025-05-13 08:17:39] WARNING: - 2 communities
[2025-05-13 08:17:39] WARNING: Trust calculation completed successfully.
[2025-05-13 08:27:38] WARNING: === Starting Trust Score Calculation ===
[2025-05-13 08:27:38] WARNING: Starting trust score calculation...
[2025-05-13 08:27:38] WARNING: Found 25 users in the trust network
[2025-05-13 08:27:38] WARNING: Building trust network graph...
[2025-05-13 08:27:38] WARNING: Calculating PageRank scores...
[2025-05-13 08:27:38] WARNING: Applying distrust penalties...
[2025-05-13 08:27:38] WARNING: Detecting communities...
[2025-05-13 08:27:38] WARNING: Found 8 isolated nodes to assign to communities
[2025-05-13 08:27:38] WARNING: Assigned isolated node Eyes_OnTheSkies to community 1 based on structural balance theory
[2025-05-13 08:27:38] WARNING: Assigned isolated node FettucineSplit to community 1 based on structural balance theory
[2025-05-13 08:27:38] WARNING: Assigned isolated node JonMajerowski to community 1 based on structural balance theory
[2025-05-13 08:27:38] WARNING: Assigned isolated node MiddleofMayhem to community 2 based on structural balance theory
[2025-05-13 08:27:38] WARNING: Assigned isolated node PTHellyer to community 1 based on structural balance theory
[2025-05-13 08:27:38] WARNING: Assigned isolated node SnakePo9 to community 1 based on structural balance theory
[2025-05-13 08:27:38] WARNING: Assigned isolated node jamescfox to community 1 based on structural balance theory
[2025-05-13 08:27:38] WARNING: Assigned isolated node likeitmatters3 to community 2 based on structural balance theory
[2025-05-13 08:27:38] INFO: Analyzing community composition...
[2025-05-13 08:27:38] INFO: Community Community A (18 members): AskaPol_UAPs, ChrisUKSharp, DanHaug6, Eyes_OnTheSkies, FettucineSplit, GoodTroubleShow, Halsrethink, JeremyCorbell, JonMajerowski, LueElizondo, PTHellyer, SnakePo9, TheOfficialQF, g_knapp, jamescfox, jayanderson, rosscoulthart, ufobeliever1947
[2025-05-13 08:27:38] INFO: Community Community B (7 members): MiddleofMayhem, OSIRISUAP, ShipsSmall, cosmic_surplus, likeitmatters3, susangerbic, ufoskeptic1968
[2025-05-13 08:27:38] INFO: Community analysis written to community_analysis.txt
[2025-05-13 08:27:38] WARNING: Generating trust network visualization...
[2025-05-13 08:27:39] WARNING: Network visualization saved to visualization/trust_network.png
[2025-05-13 08:27:39] WARNING: Creating JSON data structure...
[2025-05-13 08:27:39] WARNING: Successfully generated js/data.js with:
[2025-05-13 08:27:39] WARNING: - 25 users
[2025-05-13 08:27:39] WARNING: - 31 trust relationships
[2025-05-13 08:27:39] WARNING: - 2 communities
[2025-05-13 08:27:39] WARNING: Trust calculation completed successfully.
[2025-05-13 08:27:39] Committing and pushing changes to GitHub...
