[2025-05-24 06:27:31] Starting Twitter Trust System update process...
[2025-05-24 06:27:31] Update frequency set to: 10 minutes
[2025-05-24 06:27:31] Collecting trust assignments from Twitter...
[2025-05-24 06:27:44] Warning: Trust assignments file not updated recently (last modified 05/11/2025 23:57:36)
[2025-05-24 06:27:44] WARNING: - 0 trust assignments processed
[2025-05-24 06:27:44] WARNING: - 2 users in trust network
[2025-05-24 06:27:44] WARNING: - 31 total trust relationships
[2025-05-24 06:27:44] Calculating trust scores from collected data...
[2025-05-24 03:37:38] INFO: Community Community A (18 members): AskaPol_UAPs, ChrisUKSharp, DanHaug6, Eyes_OnTheSkies, FettucineSplit, GoodTroubleShow, Halsrethink, JeremyCorbell, JonMajerowski, LueElizondo, PTHellyer, SnakePo9, TheOfficialQF, g_knapp, jamescfox, jayanderson, rosscoulthart, ufobeliever1947
[2025-05-24 03:37:38] INFO: Community Community B (7 members): MiddleofMayhem, OSIRISUAP, ShipsSmall, cosmic_surplus, likeitmatters3, susangerbic, ufoskeptic1968
[2025-05-24 03:37:38] INFO: Community analysis written to community_analysis.txt
[2025-05-24 03:37:38] WARNING: Generating trust network visualization...
[2025-05-24 03:37:38] WARNING: Network visualization saved to visualization/trust_network.png
[2025-05-24 03:37:38] WARNING: Creating JSON data structure...
[2025-05-24 03:37:38] WARNING: Successfully generated js/data.js with:
[2025-05-24 03:37:38] WARNING: - 25 users
[2025-05-24 03:37:38] WARNING: - 31 trust relationships
[2025-05-24 03:37:38] WARNING: - 2 communities
[2025-05-24 03:37:38] WARNING: Trust calculation completed successfully.
[2025-05-24 03:47:47] WARNING: === Starting Trust Score Calculation ===
[2025-05-24 03:47:47] WARNING: Starting trust score calculation...
[2025-05-24 03:47:47] WARNING: Found 25 users in the trust network
[2025-05-24 03:47:47] WARNING: Building trust network graph...
[2025-05-24 03:47:47] WARNING: Calculating PageRank scores...
[2025-05-24 03:47:47] WARNING: Applying distrust penalties...
[2025-05-24 03:47:47] WARNING: Detecting communities...
[2025-05-24 03:47:47] WARNING: Found 8 isolated nodes to assign to communities
[2025-05-24 03:47:47] WARNING: Assigned isolated node Eyes_OnTheSkies to community 1 based on structural balance theory
[2025-05-24 03:47:47] WARNING: Assigned isolated node FettucineSplit to community 1 based on structural balance theory
[2025-05-24 03:47:47] WARNING: Assigned isolated node JonMajerowski to community 1 based on structural balance theory
[2025-05-24 03:47:47] WARNING: Assigned isolated node MiddleofMayhem to community 2 based on structural balance theory
[2025-05-24 03:47:47] WARNING: Assigned isolated node PTHellyer to community 1 based on structural balance theory
[2025-05-24 03:47:47] WARNING: Assigned isolated node SnakePo9 to community 1 based on structural balance theory
[2025-05-24 03:47:47] WARNING: Assigned isolated node jamescfox to community 1 based on structural balance theory
[2025-05-24 03:47:47] WARNING: Assigned isolated node likeitmatters3 to community 2 based on structural balance theory
[2025-05-24 03:47:47] INFO: Analyzing community composition...
[2025-05-24 03:47:47] INFO: Community Community A (18 members): AskaPol_UAPs, ChrisUKSharp, DanHaug6, Eyes_OnTheSkies, FettucineSplit, GoodTroubleShow, Halsrethink, JeremyCorbell, JonMajerowski, LueElizondo, PTHellyer, SnakePo9, TheOfficialQF, g_knapp, jamescfox, jayanderson, rosscoulthart, ufobeliever1947
[2025-05-24 03:47:47] INFO: Community Community B (7 members): MiddleofMayhem, OSIRISUAP, ShipsSmall, cosmic_surplus, likeitmatters3, susangerbic, ufoskeptic1968
[2025-05-24 03:47:47] INFO: Community analysis written to community_analysis.txt
[2025-05-24 03:47:47] WARNING: Generating trust network visualization...
[2025-05-24 03:47:48] WARNING: Network visualization saved to visualization/trust_network.png
[2025-05-24 03:47:48] WARNING: Creating JSON data structure...
[2025-05-24 03:47:48] WARNING: Successfully generated js/data.js with:
[2025-05-24 03:47:48] WARNING: - 25 users
[2025-05-24 03:47:48] WARNING: - 31 trust relationships
[2025-05-24 03:47:48] WARNING: - 2 communities
[2025-05-24 03:47:48] WARNING: Trust calculation completed successfully.
[2025-05-24 03:57:38] WARNING: === Starting Trust Score Calculation ===
[2025-05-24 03:57:38] WARNING: Starting trust score calculation...
[2025-05-24 03:57:38] WARNING: Found 25 users in the trust network
[2025-05-24 03:57:38] WARNING: Building trust network graph...
[2025-05-24 03:57:38] WARNING: Calculating PageRank scores...
[2025-05-24 03:57:38] WARNING: Applying distrust penalties...
[2025-05-24 03:57:38] WARNING: Detecting communities...
[2025-05-24 03:57:38] WARNING: Found 8 isolated nodes to assign to communities
[2025-05-24 03:57:38] WARNING: Assigned isolated node Eyes_OnTheSkies to community 1 based on structural balance theory
[2025-05-24 03:57:38] WARNING: Assigned isolated node FettucineSplit to community 1 based on structural balance theory
[2025-05-24 03:57:38] WARNING: Assigned isolated node JonMajerowski to community 1 based on structural balance theory
[2025-05-24 03:57:38] WARNING: Assigned isolated node MiddleofMayhem to community 2 based on structural balance theory
[2025-05-24 03:57:38] WARNING: Assigned isolated node PTHellyer to community 1 based on structural balance theory
[2025-05-24 03:57:38] WARNING: Assigned isolated node SnakePo9 to community 1 based on structural balance theory
[2025-05-24 03:57:38] WARNING: Assigned isolated node jamescfox to community 1 based on structural balance theory
[2025-05-24 03:57:38] WARNING: Assigned isolated node likeitmatters3 to community 2 based on structural balance theory
[2025-05-24 03:57:38] INFO: Analyzing community composition...
[2025-05-24 03:57:38] INFO: Community Community A (18 members): AskaPol_UAPs, ChrisUKSharp, DanHaug6, Eyes_OnTheSkies, FettucineSplit, GoodTroubleShow, Halsrethink, JeremyCorbell, JonMajerowski, LueElizondo, PTHellyer, SnakePo9, TheOfficialQF, g_knapp, jamescfox, jayanderson, rosscoulthart, ufobeliever1947
[2025-05-24 03:57:38] INFO: Community Community B (7 members): MiddleofMayhem, OSIRISUAP, ShipsSmall, cosmic_surplus, likeitmatters3, susangerbic, ufoskeptic1968
[2025-05-24 03:57:38] INFO: Community analysis written to community_analysis.txt
[2025-05-24 03:57:38] WARNING: Generating trust network visualization...
[2025-05-24 03:57:39] WARNING: Network visualization saved to visualization/trust_network.png
[2025-05-24 03:57:39] WARNING: Creating JSON data structure...
[2025-05-24 03:57:39] WARNING: Successfully generated js/data.js with:
[2025-05-24 03:57:39] WARNING: - 25 users
[2025-05-24 03:57:39] WARNING: - 31 trust relationships
[2025-05-24 03:57:39] WARNING: - 2 communities
[2025-05-24 03:57:39] WARNING: Trust calculation completed successfully.
[2025-05-24 04:07:39] WARNING: === Starting Trust Score Calculation ===
[2025-05-24 04:07:39] WARNING: Starting trust score calculation...
[2025-05-24 04:07:39] WARNING: Found 25 users in the trust network
[2025-05-24 04:07:39] WARNING: Building trust network graph...
[2025-05-24 04:07:39] WARNING: Calculating PageRank scores...
[2025-05-24 04:07:39] WARNING: Applying distrust penalties...
[2025-05-24 04:07:39] WARNING: Detecting communities...
[2025-05-24 04:07:39] WARNING: Found 8 isolated nodes to assign to communities
[2025-05-24 04:07:39] WARNING: Assigned isolated node Eyes_OnTheSkies to community 1 based on structural balance theory
[2025-05-24 04:07:39] WARNING: Assigned isolated node FettucineSplit to community 1 based on structural balance theory
[2025-05-24 04:07:39] WARNING: Assigned isolated node JonMajerowski to community 1 based on structural balance theory
[2025-05-24 04:07:39] WARNING: Assigned isolated node MiddleofMayhem to community 2 based on structural balance theory
[2025-05-24 04:07:39] WARNING: Assigned isolated node PTHellyer to community 1 based on structural balance theory
[2025-05-24 04:07:39] WARNING: Assigned isolated node SnakePo9 to community 1 based on structural balance theory
[2025-05-24 04:07:39] WARNING: Assigned isolated node jamescfox to community 1 based on structural balance theory
[2025-05-24 04:07:39] WARNING: Assigned isolated node likeitmatters3 to community 2 based on structural balance theory
[2025-05-24 04:07:39] INFO: Analyzing community composition...
[2025-05-24 04:07:39] INFO: Community Community A (18 members): AskaPol_UAPs, ChrisUKSharp, DanHaug6, Eyes_OnTheSkies, FettucineSplit, GoodTroubleShow, Halsrethink, JeremyCorbell, JonMajerowski, LueElizondo, PTHellyer, SnakePo9, TheOfficialQF, g_knapp, jamescfox, jayanderson, rosscoulthart, ufobeliever1947
[2025-05-24 04:07:39] INFO: Community Community B (7 members): MiddleofMayhem, OSIRISUAP, ShipsSmall, cosmic_surplus, likeitmatters3, susangerbic, ufoskeptic1968
[2025-05-24 04:07:39] INFO: Community analysis written to community_analysis.txt
[2025-05-24 04:07:39] WARNING: Generating trust network visualization...
[2025-05-24 04:07:40] WARNING: Network visualization saved to visualization/trust_network.png
[2025-05-24 04:07:40] WARNING: Creating JSON data structure...
[2025-05-24 04:07:40] WARNING: Successfully generated js/data.js with:
[2025-05-24 04:07:40] WARNING: - 25 users
[2025-05-24 04:07:40] WARNING: - 31 trust relationships
[2025-05-24 04:07:40] WARNING: - 2 communities
[2025-05-24 04:07:40] WARNING: Trust calculation completed successfully.
[2025-05-24 04:17:37] WARNING: === Starting Trust Score Calculation ===
[2025-05-24 04:17:37] WARNING: Starting trust score calculation...
[2025-05-24 04:17:37] WARNING: Found 25 users in the trust network
[2025-05-24 04:17:37] WARNING: Building trust network graph...
[2025-05-24 04:17:37] WARNING: Calculating PageRank scores...
[2025-05-24 04:17:37] WARNING: Applying distrust penalties...
[2025-05-24 04:17:37] WARNING: Detecting communities...
[2025-05-24 04:17:37] WARNING: Found 8 isolated nodes to assign to communities
[2025-05-24 04:17:37] WARNING: Assigned isolated node Eyes_OnTheSkies to community 1 based on structural balance theory
[2025-05-24 04:17:37] WARNING: Assigned isolated node FettucineSplit to community 1 based on structural balance theory
[2025-05-24 04:17:37] WARNING: Assigned isolated node JonMajerowski to community 1 based on structural balance theory
[2025-05-24 04:17:37] WARNING: Assigned isolated node MiddleofMayhem to community 2 based on structural balance theory
[2025-05-24 04:17:37] WARNING: Assigned isolated node PTHellyer to community 1 based on structural balance theory
[2025-05-24 04:17:37] WARNING: Assigned isolated node SnakePo9 to community 1 based on structural balance theory
[2025-05-24 04:17:37] WARNING: Assigned isolated node jamescfox to community 1 based on structural balance theory
[2025-05-24 04:17:37] WARNING: Assigned isolated node likeitmatters3 to community 2 based on structural balance theory
[2025-05-24 04:17:37] INFO: Analyzing community composition...
[2025-05-24 04:17:37] INFO: Community Community A (18 members): AskaPol_UAPs, ChrisUKSharp, DanHaug6, Eyes_OnTheSkies, FettucineSplit, GoodTroubleShow, Halsrethink, JeremyCorbell, JonMajerowski, LueElizondo, PTHellyer, SnakePo9, TheOfficialQF, g_knapp, jamescfox, jayanderson, rosscoulthart, ufobeliever1947
[2025-05-24 04:17:37] INFO: Community Community B (7 members): MiddleofMayhem, OSIRISUAP, ShipsSmall, cosmic_surplus, likeitmatters3, susangerbic, ufoskeptic1968
[2025-05-24 04:17:37] INFO: Community analysis written to community_analysis.txt
[2025-05-24 04:17:37] WARNING: Generating trust network visualization...
[2025-05-24 04:17:38] WARNING: Network visualization saved to visualization/trust_network.png
[2025-05-24 04:17:38] WARNING: Creating JSON data structure...
[2025-05-24 04:17:38] WARNING: Successfully generated js/data.js with:
[2025-05-24 04:17:38] WARNING: - 25 users
[2025-05-24 04:17:38] WARNING: - 31 trust relationships
[2025-05-24 04:17:38] WARNING: - 2 communities
[2025-05-24 04:17:38] WARNING: Trust calculation completed successfully.
[2025-05-24 04:27:37] WARNING: === Starting Trust Score Calculation ===
[2025-05-24 04:27:37] WARNING: Starting trust score calculation...
[2025-05-24 04:27:37] WARNING: Found 25 users in the trust network
[2025-05-24 04:27:37] WARNING: Building trust network graph...
[2025-05-24 04:27:37] WARNING: Calculating PageRank scores...
[2025-05-24 04:27:37] WARNING: Applying distrust penalties...
[2025-05-24 04:27:37] WARNING: Detecting communities...
[2025-05-24 04:27:37] WARNING: Found 8 isolated nodes to assign to communities
[2025-05-24 04:27:37] WARNING: Assigned isolated node Eyes_OnTheSkies to community 1 based on structural balance theory
[2025-05-24 04:27:37] WARNING: Assigned isolated node FettucineSplit to community 1 based on structural balance theory
[2025-05-24 04:27:37] WARNING: Assigned isolated node JonMajerowski to community 1 based on structural balance theory
[2025-05-24 04:27:37] WARNING: Assigned isolated node MiddleofMayhem to community 2 based on structural balance theory
[2025-05-24 04:27:37] WARNING: Assigned isolated node PTHellyer to community 1 based on structural balance theory
[2025-05-24 04:27:37] WARNING: Assigned isolated node SnakePo9 to community 1 based on structural balance theory
[2025-05-24 04:27:37] WARNING: Assigned isolated node jamescfox to community 1 based on structural balance theory
[2025-05-24 04:27:37] WARNING: Assigned isolated node likeitmatters3 to community 2 based on structural balance theory
[2025-05-24 04:27:37] INFO: Analyzing community composition...
[2025-05-24 04:27:37] INFO: Community Community A (18 members): AskaPol_UAPs, ChrisUKSharp, DanHaug6, Eyes_OnTheSkies, FettucineSplit, GoodTroubleShow, Halsrethink, JeremyCorbell, JonMajerowski, LueElizondo, PTHellyer, SnakePo9, TheOfficialQF, g_knapp, jamescfox, jayanderson, rosscoulthart, ufobeliever1947
[2025-05-24 04:27:37] INFO: Community Community B (7 members): MiddleofMayhem, OSIRISUAP, ShipsSmall, cosmic_surplus, likeitmatters3, susangerbic, ufoskeptic1968
[2025-05-24 04:27:37] INFO: Community analysis written to community_analysis.txt
[2025-05-24 04:27:37] WARNING: Generating trust network visualization...
[2025-05-24 04:27:38] WARNING: Network visualization saved to visualization/trust_network.png
[2025-05-24 04:27:38] WARNING: Creating JSON data structure...
[2025-05-24 04:27:38] WARNING: Successfully generated js/data.js with:
[2025-05-24 04:27:38] WARNING: - 25 users
[2025-05-24 04:27:38] WARNING: - 31 trust relationships
[2025-05-24 04:27:38] WARNING: - 2 communities
[2025-05-24 04:27:38] WARNING: Trust calculation completed successfully.
[2025-05-24 04:37:37] WARNING: === Starting Trust Score Calculation ===
[2025-05-24 04:37:37] WARNING: Starting trust score calculation...
[2025-05-24 04:37:37] WARNING: Found 25 users in the trust network
[2025-05-24 04:37:37] WARNING: Building trust network graph...
[2025-05-24 04:37:37] WARNING: Calculating PageRank scores...
[2025-05-24 04:37:37] WARNING: Applying distrust penalties...
[2025-05-24 04:37:37] WARNING: Detecting communities...
[2025-05-24 04:37:37] WARNING: Found 8 isolated nodes to assign to communities
[2025-05-24 04:37:37] WARNING: Assigned isolated node Eyes_OnTheSkies to community 1 based on structural balance theory
[2025-05-24 04:37:37] WARNING: Assigned isolated node FettucineSplit to community 1 based on structural balance theory
[2025-05-24 04:37:37] WARNING: Assigned isolated node JonMajerowski to community 1 based on structural balance theory
[2025-05-24 04:37:37] WARNING: Assigned isolated node MiddleofMayhem to community 2 based on structural balance theory
[2025-05-24 04:37:37] WARNING: Assigned isolated node PTHellyer to community 1 based on structural balance theory
[2025-05-24 04:37:37] WARNING: Assigned isolated node SnakePo9 to community 1 based on structural balance theory
[2025-05-24 04:37:37] WARNING: Assigned isolated node jamescfox to community 1 based on structural balance theory
[2025-05-24 04:37:37] WARNING: Assigned isolated node likeitmatters3 to community 2 based on structural balance theory
[2025-05-24 04:37:37] INFO: Analyzing community composition...
[2025-05-24 04:37:37] INFO: Community Community A (18 members): AskaPol_UAPs, ChrisUKSharp, DanHaug6, Eyes_OnTheSkies, FettucineSplit, GoodTroubleShow, Halsrethink, JeremyCorbell, JonMajerowski, LueElizondo, PTHellyer, SnakePo9, TheOfficialQF, g_knapp, jamescfox, jayanderson, rosscoulthart, ufobeliever1947
[2025-05-24 04:37:37] INFO: Community Community B (7 members): MiddleofMayhem, OSIRISUAP, ShipsSmall, cosmic_surplus, likeitmatters3, susangerbic, ufoskeptic1968
[2025-05-24 04:37:37] INFO: Community analysis written to community_analysis.txt
[2025-05-24 04:37:37] WARNING: Generating trust network visualization...
[2025-05-24 04:37:38] WARNING: Network visualization saved to visualization/trust_network.png
[2025-05-24 04:37:38] WARNING: Creating JSON data structure...
[2025-05-24 04:37:38] WARNING: Successfully generated js/data.js with:
[2025-05-24 04:37:38] WARNING: - 25 users
[2025-05-24 04:37:38] WARNING: - 31 trust relationships
[2025-05-24 04:37:38] WARNING: - 2 communities
[2025-05-24 04:37:38] WARNING: Trust calculation completed successfully.
[2025-05-24 04:47:37] WARNING: === Starting Trust Score Calculation ===
[2025-05-24 04:47:37] WARNING: Starting trust score calculation...
[2025-05-24 04:47:37] WARNING: Found 25 users in the trust network
[2025-05-24 04:47:37] WARNING: Building trust network graph...
[2025-05-24 04:47:37] WARNING: Calculating PageRank scores...
[2025-05-24 04:47:37] WARNING: Applying distrust penalties...
[2025-05-24 04:47:37] WARNING: Detecting communities...
[2025-05-24 04:47:37] WARNING: Found 8 isolated nodes to assign to communities
[2025-05-24 04:47:37] WARNING: Assigned isolated node Eyes_OnTheSkies to community 1 based on structural balance theory
[2025-05-24 04:47:37] WARNING: Assigned isolated node FettucineSplit to community 1 based on structural balance theory
[2025-05-24 04:47:37] WARNING: Assigned isolated node JonMajerowski to community 1 based on structural balance theory
[2025-05-24 04:47:37] WARNING: Assigned isolated node MiddleofMayhem to community 2 based on structural balance theory
[2025-05-24 04:47:37] WARNING: Assigned isolated node PTHellyer to community 1 based on structural balance theory
[2025-05-24 04:47:37] WARNING: Assigned isolated node SnakePo9 to community 1 based on structural balance theory
[2025-05-24 04:47:37] WARNING: Assigned isolated node jamescfox to community 1 based on structural balance theory
[2025-05-24 04:47:37] WARNING: Assigned isolated node likeitmatters3 to community 2 based on structural balance theory
[2025-05-24 04:47:37] INFO: Analyzing community composition...
[2025-05-24 04:47:37] INFO: Community Community A (18 members): AskaPol_UAPs, ChrisUKSharp, DanHaug6, Eyes_OnTheSkies, FettucineSplit, GoodTroubleShow, Halsrethink, JeremyCorbell, JonMajerowski, LueElizondo, PTHellyer, SnakePo9, TheOfficialQF, g_knapp, jamescfox, jayanderson, rosscoulthart, ufobeliever1947
[2025-05-24 04:47:37] INFO: Community Community B (7 members): MiddleofMayhem, OSIRISUAP, ShipsSmall, cosmic_surplus, likeitmatters3, susangerbic, ufoskeptic1968
[2025-05-24 04:47:37] INFO: Community analysis written to community_analysis.txt
[2025-05-24 04:47:37] WARNING: Generating trust network visualization...
[2025-05-24 04:47:38] WARNING: Network visualization saved to visualization/trust_network.png
[2025-05-24 04:47:38] WARNING: Creating JSON data structure...
[2025-05-24 04:47:38] WARNING: Successfully generated js/data.js with:
[2025-05-24 04:47:38] WARNING: - 25 users
[2025-05-24 04:47:38] WARNING: - 31 trust relationships
[2025-05-24 04:47:38] WARNING: - 2 communities
[2025-05-24 04:47:38] WARNING: Trust calculation completed successfully.
[2025-05-24 04:57:37] WARNING: === Starting Trust Score Calculation ===
[2025-05-24 04:57:37] WARNING: Starting trust score calculation...
[2025-05-24 04:57:37] WARNING: Found 25 users in the trust network
[2025-05-24 04:57:37] WARNING: Building trust network graph...
[2025-05-24 04:57:37] WARNING: Calculating PageRank scores...
[2025-05-24 04:57:37] WARNING: Applying distrust penalties...
[2025-05-24 04:57:37] WARNING: Detecting communities...
[2025-05-24 04:57:37] WARNING: Found 8 isolated nodes to assign to communities
[2025-05-24 04:57:37] WARNING: Assigned isolated node Eyes_OnTheSkies to community 1 based on structural balance theory
[2025-05-24 04:57:37] WARNING: Assigned isolated node FettucineSplit to community 1 based on structural balance theory
[2025-05-24 04:57:37] WARNING: Assigned isolated node JonMajerowski to community 1 based on structural balance theory
[2025-05-24 04:57:37] WARNING: Assigned isolated node MiddleofMayhem to community 2 based on structural balance theory
[2025-05-24 04:57:37] WARNING: Assigned isolated node PTHellyer to community 1 based on structural balance theory
[2025-05-24 04:57:37] WARNING: Assigned isolated node SnakePo9 to community 1 based on structural balance theory
[2025-05-24 04:57:37] WARNING: Assigned isolated node jamescfox to community 1 based on structural balance theory
[2025-05-24 04:57:37] WARNING: Assigned isolated node likeitmatters3 to community 2 based on structural balance theory
[2025-05-24 04:57:37] INFO: Analyzing community composition...
[2025-05-24 04:57:37] INFO: Community Community A (18 members): AskaPol_UAPs, ChrisUKSharp, DanHaug6, Eyes_OnTheSkies, FettucineSplit, GoodTroubleShow, Halsrethink, JeremyCorbell, JonMajerowski, LueElizondo, PTHellyer, SnakePo9, TheOfficialQF, g_knapp, jamescfox, jayanderson, rosscoulthart, ufobeliever1947
[2025-05-24 04:57:37] INFO: Community Community B (7 members): MiddleofMayhem, OSIRISUAP, ShipsSmall, cosmic_surplus, likeitmatters3, susangerbic, ufoskeptic1968
[2025-05-24 04:57:37] INFO: Community analysis written to community_analysis.txt
[2025-05-24 04:57:37] WARNING: Generating trust network visualization...
[2025-05-24 04:57:38] WARNING: Network visualization saved to visualization/trust_network.png
[2025-05-24 04:57:38] WARNING: Creating JSON data structure...
[2025-05-24 04:57:38] WARNING: Successfully generated js/data.js with:
[2025-05-24 04:57:38] WARNING: - 25 users
[2025-05-24 04:57:38] WARNING: - 31 trust relationships
[2025-05-24 04:57:38] WARNING: - 2 communities
[2025-05-24 04:57:38] WARNING: Trust calculation completed successfully.
[2025-05-24 05:07:37] WARNING: === Starting Trust Score Calculation ===
[2025-05-24 05:07:37] WARNING: Starting trust score calculation...
[2025-05-24 05:07:37] WARNING: Found 25 users in the trust network
[2025-05-24 05:07:37] WARNING: Building trust network graph...
[2025-05-24 05:07:37] WARNING: Calculating PageRank scores...
[2025-05-24 05:07:37] WARNING: Applying distrust penalties...
[2025-05-24 05:07:37] WARNING: Detecting communities...
[2025-05-24 05:07:37] WARNING: Found 8 isolated nodes to assign to communities
[2025-05-24 05:07:37] WARNING: Assigned isolated node Eyes_OnTheSkies to community 1 based on structural balance theory
[2025-05-24 05:07:37] WARNING: Assigned isolated node FettucineSplit to community 1 based on structural balance theory
[2025-05-24 05:07:37] WARNING: Assigned isolated node JonMajerowski to community 1 based on structural balance theory
[2025-05-24 05:07:37] WARNING: Assigned isolated node MiddleofMayhem to community 2 based on structural balance theory
[2025-05-24 05:07:37] WARNING: Assigned isolated node PTHellyer to community 1 based on structural balance theory
[2025-05-24 05:07:37] WARNING: Assigned isolated node SnakePo9 to community 1 based on structural balance theory
[2025-05-24 05:07:37] WARNING: Assigned isolated node jamescfox to community 1 based on structural balance theory
[2025-05-24 05:07:37] WARNING: Assigned isolated node likeitmatters3 to community 2 based on structural balance theory
[2025-05-24 05:07:37] INFO: Analyzing community composition...
[2025-05-24 05:07:37] INFO: Community Community A (18 members): AskaPol_UAPs, ChrisUKSharp, DanHaug6, Eyes_OnTheSkies, FettucineSplit, GoodTroubleShow, Halsrethink, JeremyCorbell, JonMajerowski, LueElizondo, PTHellyer, SnakePo9, TheOfficialQF, g_knapp, jamescfox, jayanderson, rosscoulthart, ufobeliever1947
[2025-05-24 05:07:37] INFO: Community Community B (7 members): MiddleofMayhem, OSIRISUAP, ShipsSmall, cosmic_surplus, likeitmatters3, susangerbic, ufoskeptic1968
[2025-05-24 05:07:37] INFO: Community analysis written to community_analysis.txt
[2025-05-24 05:07:37] WARNING: Generating trust network visualization...
[2025-05-24 05:07:38] WARNING: Network visualization saved to visualization/trust_network.png
[2025-05-24 05:07:38] WARNING: Creating JSON data structure...
[2025-05-24 05:07:38] WARNING: Successfully generated js/data.js with:
[2025-05-24 05:07:38] WARNING: - 25 users
[2025-05-24 05:07:38] WARNING: - 31 trust relationships
[2025-05-24 05:07:38] WARNING: - 2 communities
[2025-05-24 05:07:38] WARNING: Trust calculation completed successfully.
[2025-05-24 05:17:38] WARNING: === Starting Trust Score Calculation ===
[2025-05-24 05:17:38] WARNING: Starting trust score calculation...
[2025-05-24 05:17:38] WARNING: Found 25 users in the trust network
[2025-05-24 05:17:38] WARNING: Building trust network graph...
[2025-05-24 05:17:38] WARNING: Calculating PageRank scores...
[2025-05-24 05:17:38] WARNING: Applying distrust penalties...
[2025-05-24 05:17:38] WARNING: Detecting communities...
[2025-05-24 05:17:38] WARNING: Found 8 isolated nodes to assign to communities
[2025-05-24 05:17:38] WARNING: Assigned isolated node Eyes_OnTheSkies to community 1 based on structural balance theory
[2025-05-24 05:17:38] WARNING: Assigned isolated node FettucineSplit to community 1 based on structural balance theory
[2025-05-24 05:17:38] WARNING: Assigned isolated node JonMajerowski to community 1 based on structural balance theory
[2025-05-24 05:17:38] WARNING: Assigned isolated node MiddleofMayhem to community 2 based on structural balance theory
[2025-05-24 05:17:38] WARNING: Assigned isolated node PTHellyer to community 1 based on structural balance theory
[2025-05-24 05:17:38] WARNING: Assigned isolated node SnakePo9 to community 1 based on structural balance theory
[2025-05-24 05:17:38] WARNING: Assigned isolated node jamescfox to community 1 based on structural balance theory
[2025-05-24 05:17:38] WARNING: Assigned isolated node likeitmatters3 to community 2 based on structural balance theory
[2025-05-24 05:17:38] INFO: Analyzing community composition...
[2025-05-24 05:17:38] INFO: Community Community A (18 members): AskaPol_UAPs, ChrisUKSharp, DanHaug6, Eyes_OnTheSkies, FettucineSplit, GoodTroubleShow, Halsrethink, JeremyCorbell, JonMajerowski, LueElizondo, PTHellyer, SnakePo9, TheOfficialQF, g_knapp, jamescfox, jayanderson, rosscoulthart, ufobeliever1947
[2025-05-24 05:17:38] INFO: Community Community B (7 members): MiddleofMayhem, OSIRISUAP, ShipsSmall, cosmic_surplus, likeitmatters3, susangerbic, ufoskeptic1968
[2025-05-24 05:17:38] INFO: Community analysis written to community_analysis.txt
[2025-05-24 05:17:38] WARNING: Generating trust network visualization...
[2025-05-24 05:17:38] WARNING: Network visualization saved to visualization/trust_network.png
[2025-05-24 05:17:38] WARNING: Creating JSON data structure...
[2025-05-24 05:17:38] WARNING: Successfully generated js/data.js with:
[2025-05-24 05:17:38] WARNING: - 25 users
[2025-05-24 05:17:38] WARNING: - 31 trust relationships
[2025-05-24 05:17:38] WARNING: - 2 communities
[2025-05-24 05:17:38] WARNING: Trust calculation completed successfully.
[2025-05-24 05:27:38] WARNING: === Starting Trust Score Calculation ===
[2025-05-24 05:27:38] WARNING: Starting trust score calculation...
[2025-05-24 05:27:38] WARNING: Found 25 users in the trust network
[2025-05-24 05:27:38] WARNING: Building trust network graph...
[2025-05-24 05:27:38] WARNING: Calculating PageRank scores...
[2025-05-24 05:27:38] WARNING: Applying distrust penalties...
[2025-05-24 05:27:38] WARNING: Detecting communities...
[2025-05-24 05:27:38] WARNING: Found 8 isolated nodes to assign to communities
[2025-05-24 05:27:38] WARNING: Assigned isolated node Eyes_OnTheSkies to community 1 based on structural balance theory
[2025-05-24 05:27:38] WARNING: Assigned isolated node FettucineSplit to community 1 based on structural balance theory
[2025-05-24 05:27:38] WARNING: Assigned isolated node JonMajerowski to community 1 based on structural balance theory
[2025-05-24 05:27:38] WARNING: Assigned isolated node MiddleofMayhem to community 2 based on structural balance theory
[2025-05-24 05:27:38] WARNING: Assigned isolated node PTHellyer to community 1 based on structural balance theory
[2025-05-24 05:27:38] WARNING: Assigned isolated node SnakePo9 to community 1 based on structural balance theory
[2025-05-24 05:27:38] WARNING: Assigned isolated node jamescfox to community 1 based on structural balance theory
[2025-05-24 05:27:38] WARNING: Assigned isolated node likeitmatters3 to community 2 based on structural balance theory
[2025-05-24 05:27:38] INFO: Analyzing community composition...
[2025-05-24 05:27:38] INFO: Community Community A (18 members): AskaPol_UAPs, ChrisUKSharp, DanHaug6, Eyes_OnTheSkies, FettucineSplit, GoodTroubleShow, Halsrethink, JeremyCorbell, JonMajerowski, LueElizondo, PTHellyer, SnakePo9, TheOfficialQF, g_knapp, jamescfox, jayanderson, rosscoulthart, ufobeliever1947
[2025-05-24 05:27:38] INFO: Community Community B (7 members): MiddleofMayhem, OSIRISUAP, ShipsSmall, cosmic_surplus, likeitmatters3, susangerbic, ufoskeptic1968
[2025-05-24 05:27:38] INFO: Community analysis written to community_analysis.txt
[2025-05-24 05:27:38] WARNING: Generating trust network visualization...
[2025-05-24 05:27:39] WARNING: Network visualization saved to visualization/trust_network.png
[2025-05-24 05:27:39] WARNING: Creating JSON data structure...
[2025-05-24 05:27:39] WARNING: Successfully generated js/data.js with:
[2025-05-24 05:27:39] WARNING: - 25 users
[2025-05-24 05:27:39] WARNING: - 31 trust relationships
[2025-05-24 05:27:39] WARNING: - 2 communities
[2025-05-24 05:27:39] WARNING: Trust calculation completed successfully.
[2025-05-24 05:37:42] WARNING: === Starting Trust Score Calculation ===
[2025-05-24 05:37:42] WARNING: Starting trust score calculation...
[2025-05-24 05:37:42] WARNING: Found 25 users in the trust network
[2025-05-24 05:37:42] WARNING: Building trust network graph...
[2025-05-24 05:37:42] WARNING: Calculating PageRank scores...
[2025-05-24 05:37:42] WARNING: Applying distrust penalties...
[2025-05-24 05:37:42] WARNING: Detecting communities...
[2025-05-24 05:37:42] WARNING: Found 8 isolated nodes to assign to communities
[2025-05-24 05:37:42] WARNING: Assigned isolated node Eyes_OnTheSkies to community 1 based on structural balance theory
[2025-05-24 05:37:42] WARNING: Assigned isolated node FettucineSplit to community 1 based on structural balance theory
[2025-05-24 05:37:42] WARNING: Assigned isolated node JonMajerowski to community 1 based on structural balance theory
[2025-05-24 05:37:42] WARNING: Assigned isolated node MiddleofMayhem to community 2 based on structural balance theory
[2025-05-24 05:37:42] WARNING: Assigned isolated node PTHellyer to community 1 based on structural balance theory
[2025-05-24 05:37:42] WARNING: Assigned isolated node SnakePo9 to community 1 based on structural balance theory
[2025-05-24 05:37:42] WARNING: Assigned isolated node jamescfox to community 1 based on structural balance theory
[2025-05-24 05:37:42] WARNING: Assigned isolated node likeitmatters3 to community 2 based on structural balance theory
[2025-05-24 05:37:42] INFO: Analyzing community composition...
[2025-05-24 05:37:42] INFO: Community Community A (18 members): AskaPol_UAPs, ChrisUKSharp, DanHaug6, Eyes_OnTheSkies, FettucineSplit, GoodTroubleShow, Halsrethink, JeremyCorbell, JonMajerowski, LueElizondo, PTHellyer, SnakePo9, TheOfficialQF, g_knapp, jamescfox, jayanderson, rosscoulthart, ufobeliever1947
[2025-05-24 05:37:42] INFO: Community Community B (7 members): MiddleofMayhem, OSIRISUAP, ShipsSmall, cosmic_surplus, likeitmatters3, susangerbic, ufoskeptic1968
[2025-05-24 05:37:42] INFO: Community analysis written to community_analysis.txt
[2025-05-24 05:37:42] WARNING: Generating trust network visualization...
[2025-05-24 05:37:43] WARNING: Network visualization saved to visualization/trust_network.png
[2025-05-24 05:37:43] WARNING: Creating JSON data structure...
[2025-05-24 05:37:43] WARNING: Successfully generated js/data.js with:
[2025-05-24 05:37:43] WARNING: - 25 users
[2025-05-24 05:37:43] WARNING: - 31 trust relationships
[2025-05-24 05:37:43] WARNING: - 2 communities
[2025-05-24 05:37:43] WARNING: Trust calculation completed successfully.
[2025-05-24 05:47:39] WARNING: === Starting Trust Score Calculation ===
[2025-05-24 05:47:39] WARNING: Starting trust score calculation...
[2025-05-24 05:47:39] WARNING: Found 25 users in the trust network
[2025-05-24 05:47:39] WARNING: Building trust network graph...
[2025-05-24 05:47:39] WARNING: Calculating PageRank scores...
[2025-05-24 05:47:39] WARNING: Applying distrust penalties...
[2025-05-24 05:47:39] WARNING: Detecting communities...
[2025-05-24 05:47:39] WARNING: Found 8 isolated nodes to assign to communities
[2025-05-24 05:47:39] WARNING: Assigned isolated node Eyes_OnTheSkies to community 1 based on structural balance theory
[2025-05-24 05:47:39] WARNING: Assigned isolated node FettucineSplit to community 1 based on structural balance theory
[2025-05-24 05:47:39] WARNING: Assigned isolated node JonMajerowski to community 1 based on structural balance theory
[2025-05-24 05:47:39] WARNING: Assigned isolated node MiddleofMayhem to community 2 based on structural balance theory
[2025-05-24 05:47:39] WARNING: Assigned isolated node PTHellyer to community 1 based on structural balance theory
[2025-05-24 05:47:39] WARNING: Assigned isolated node SnakePo9 to community 1 based on structural balance theory
[2025-05-24 05:47:39] WARNING: Assigned isolated node jamescfox to community 1 based on structural balance theory
[2025-05-24 05:47:39] WARNING: Assigned isolated node likeitmatters3 to community 2 based on structural balance theory
[2025-05-24 05:47:39] INFO: Analyzing community composition...
[2025-05-24 05:47:39] INFO: Community Community A (18 members): AskaPol_UAPs, ChrisUKSharp, DanHaug6, Eyes_OnTheSkies, FettucineSplit, GoodTroubleShow, Halsrethink, JeremyCorbell, JonMajerowski, LueElizondo, PTHellyer, SnakePo9, TheOfficialQF, g_knapp, jamescfox, jayanderson, rosscoulthart, ufobeliever1947
[2025-05-24 05:47:39] INFO: Community Community B (7 members): MiddleofMayhem, OSIRISUAP, ShipsSmall, cosmic_surplus, likeitmatters3, susangerbic, ufoskeptic1968
[2025-05-24 05:47:39] INFO: Community analysis written to community_analysis.txt
[2025-05-24 05:47:39] WARNING: Generating trust network visualization...
[2025-05-24 05:47:40] WARNING: Network visualization saved to visualization/trust_network.png
[2025-05-24 05:47:40] WARNING: Creating JSON data structure...
[2025-05-24 05:47:40] WARNING: Successfully generated js/data.js with:
[2025-05-24 05:47:40] WARNING: - 25 users
[2025-05-24 05:47:40] WARNING: - 31 trust relationships
[2025-05-24 05:47:40] WARNING: - 2 communities
[2025-05-24 05:47:40] WARNING: Trust calculation completed successfully.
[2025-05-24 05:57:45] WARNING: === Starting Trust Score Calculation ===
[2025-05-24 05:57:45] WARNING: Starting trust score calculation...
[2025-05-24 05:57:45] WARNING: Found 25 users in the trust network
[2025-05-24 05:57:45] WARNING: Building trust network graph...
[2025-05-24 05:57:45] WARNING: Calculating PageRank scores...
[2025-05-24 05:57:45] WARNING: Applying distrust penalties...
[2025-05-24 05:57:45] WARNING: Detecting communities...
[2025-05-24 05:57:45] WARNING: Found 8 isolated nodes to assign to communities
[2025-05-24 05:57:45] WARNING: Assigned isolated node Eyes_OnTheSkies to community 1 based on structural balance theory
[2025-05-24 05:57:45] WARNING: Assigned isolated node FettucineSplit to community 1 based on structural balance theory
[2025-05-24 05:57:45] WARNING: Assigned isolated node JonMajerowski to community 1 based on structural balance theory
[2025-05-24 05:57:45] WARNING: Assigned isolated node MiddleofMayhem to community 2 based on structural balance theory
[2025-05-24 05:57:45] WARNING: Assigned isolated node PTHellyer to community 1 based on structural balance theory
[2025-05-24 05:57:45] WARNING: Assigned isolated node SnakePo9 to community 1 based on structural balance theory
[2025-05-24 05:57:45] WARNING: Assigned isolated node jamescfox to community 1 based on structural balance theory
[2025-05-24 05:57:45] WARNING: Assigned isolated node likeitmatters3 to community 2 based on structural balance theory
[2025-05-24 05:57:45] INFO: Analyzing community composition...
[2025-05-24 05:57:45] INFO: Community Community A (18 members): AskaPol_UAPs, ChrisUKSharp, DanHaug6, Eyes_OnTheSkies, FettucineSplit, GoodTroubleShow, Halsrethink, JeremyCorbell, JonMajerowski, LueElizondo, PTHellyer, SnakePo9, TheOfficialQF, g_knapp, jamescfox, jayanderson, rosscoulthart, ufobeliever1947
[2025-05-24 05:57:45] INFO: Community Community B (7 members): MiddleofMayhem, OSIRISUAP, ShipsSmall, cosmic_surplus, likeitmatters3, susangerbic, ufoskeptic1968
[2025-05-24 05:57:45] INFO: Community analysis written to community_analysis.txt
[2025-05-24 05:57:45] WARNING: Generating trust network visualization...
[2025-05-24 05:57:46] WARNING: Network visualization saved to visualization/trust_network.png
[2025-05-24 05:57:46] WARNING: Creating JSON data structure...
[2025-05-24 05:57:46] WARNING: Successfully generated js/data.js with:
[2025-05-24 05:57:46] WARNING: - 25 users
[2025-05-24 05:57:46] WARNING: - 31 trust relationships
[2025-05-24 05:57:46] WARNING: - 2 communities
[2025-05-24 05:57:46] WARNING: Trust calculation completed successfully.
[2025-05-24 06:07:56] WARNING: === Starting Trust Score Calculation ===
[2025-05-24 06:07:56] WARNING: Starting trust score calculation...
[2025-05-24 06:07:56] WARNING: Found 25 users in the trust network
[2025-05-24 06:07:56] WARNING: Building trust network graph...
[2025-05-24 06:07:56] WARNING: Calculating PageRank scores...
[2025-05-24 06:07:56] WARNING: Applying distrust penalties...
[2025-05-24 06:07:56] WARNING: Detecting communities...
[2025-05-24 06:07:57] WARNING: Found 8 isolated nodes to assign to communities
[2025-05-24 06:07:57] WARNING: Assigned isolated node Eyes_OnTheSkies to community 1 based on structural balance theory
[2025-05-24 06:07:57] WARNING: Assigned isolated node FettucineSplit to community 1 based on structural balance theory
[2025-05-24 06:07:57] WARNING: Assigned isolated node JonMajerowski to community 1 based on structural balance theory
[2025-05-24 06:07:57] WARNING: Assigned isolated node MiddleofMayhem to community 2 based on structural balance theory
[2025-05-24 06:07:57] WARNING: Assigned isolated node PTHellyer to community 1 based on structural balance theory
[2025-05-24 06:07:57] WARNING: Assigned isolated node SnakePo9 to community 1 based on structural balance theory
[2025-05-24 06:07:57] WARNING: Assigned isolated node jamescfox to community 1 based on structural balance theory
[2025-05-24 06:07:57] WARNING: Assigned isolated node likeitmatters3 to community 2 based on structural balance theory
[2025-05-24 06:07:57] INFO: Analyzing community composition...
[2025-05-24 06:07:57] INFO: Community Community A (18 members): AskaPol_UAPs, ChrisUKSharp, DanHaug6, Eyes_OnTheSkies, FettucineSplit, GoodTroubleShow, Halsrethink, JeremyCorbell, JonMajerowski, LueElizondo, PTHellyer, SnakePo9, TheOfficialQF, g_knapp, jamescfox, jayanderson, rosscoulthart, ufobeliever1947
[2025-05-24 06:07:57] INFO: Community Community B (7 members): MiddleofMayhem, OSIRISUAP, ShipsSmall, cosmic_surplus, likeitmatters3, susangerbic, ufoskeptic1968
[2025-05-24 06:07:57] INFO: Community analysis written to community_analysis.txt
[2025-05-24 06:07:57] WARNING: Generating trust network visualization...
[2025-05-24 06:07:57] WARNING: Network visualization saved to visualization/trust_network.png
[2025-05-24 06:07:57] WARNING: Creating JSON data structure...
[2025-05-24 06:07:57] WARNING: Successfully generated js/data.js with:
[2025-05-24 06:07:57] WARNING: - 25 users
[2025-05-24 06:07:57] WARNING: - 31 trust relationships
[2025-05-24 06:07:57] WARNING: - 2 communities
[2025-05-24 06:07:57] WARNING: Trust calculation completed successfully.
[2025-05-24 06:17:57] WARNING: === Starting Trust Score Calculation ===
[2025-05-24 06:17:57] WARNING: Starting trust score calculation...
[2025-05-24 06:17:57] WARNING: Found 25 users in the trust network
[2025-05-24 06:17:57] WARNING: Building trust network graph...
[2025-05-24 06:17:57] WARNING: Calculating PageRank scores...
[2025-05-24 06:17:57] WARNING: Applying distrust penalties...
[2025-05-24 06:17:57] WARNING: Detecting communities...
[2025-05-24 06:17:57] WARNING: Found 8 isolated nodes to assign to communities
[2025-05-24 06:17:57] WARNING: Assigned isolated node Eyes_OnTheSkies to community 1 based on structural balance theory
[2025-05-24 06:17:57] WARNING: Assigned isolated node FettucineSplit to community 1 based on structural balance theory
[2025-05-24 06:17:57] WARNING: Assigned isolated node JonMajerowski to community 1 based on structural balance theory
[2025-05-24 06:17:57] WARNING: Assigned isolated node MiddleofMayhem to community 2 based on structural balance theory
[2025-05-24 06:17:57] WARNING: Assigned isolated node PTHellyer to community 1 based on structural balance theory
[2025-05-24 06:17:57] WARNING: Assigned isolated node SnakePo9 to community 1 based on structural balance theory
[2025-05-24 06:17:57] WARNING: Assigned isolated node jamescfox to community 1 based on structural balance theory
[2025-05-24 06:17:57] WARNING: Assigned isolated node likeitmatters3 to community 2 based on structural balance theory
[2025-05-24 06:17:57] INFO: Analyzing community composition...
[2025-05-24 06:17:57] INFO: Community Community A (18 members): AskaPol_UAPs, ChrisUKSharp, DanHaug6, Eyes_OnTheSkies, FettucineSplit, GoodTroubleShow, Halsrethink, JeremyCorbell, JonMajerowski, LueElizondo, PTHellyer, SnakePo9, TheOfficialQF, g_knapp, jamescfox, jayanderson, rosscoulthart, ufobeliever1947
[2025-05-24 06:17:57] INFO: Community Community B (7 members): MiddleofMayhem, OSIRISUAP, ShipsSmall, cosmic_surplus, likeitmatters3, susangerbic, ufoskeptic1968
[2025-05-24 06:17:57] INFO: Community analysis written to community_analysis.txt
[2025-05-24 06:17:57] WARNING: Generating trust network visualization...
[2025-05-24 06:17:57] WARNING: Network visualization saved to visualization/trust_network.png
[2025-05-24 06:17:57] WARNING: Creating JSON data structure...
[2025-05-24 06:17:57] WARNING: Successfully generated js/data.js with:
[2025-05-24 06:17:57] WARNING: - 25 users
[2025-05-24 06:17:57] WARNING: - 31 trust relationships
[2025-05-24 06:17:57] WARNING: - 2 communities
[2025-05-24 06:17:57] WARNING: Trust calculation completed successfully.
[2025-05-24 06:27:47] WARNING: === Starting Trust Score Calculation ===
[2025-05-24 06:27:47] WARNING: Starting trust score calculation...
[2025-05-24 06:27:47] WARNING: Found 25 users in the trust network
[2025-05-24 06:27:47] WARNING: Building trust network graph...
[2025-05-24 06:27:47] WARNING: Calculating PageRank scores...
[2025-05-24 06:27:47] WARNING: Applying distrust penalties...
[2025-05-24 06:27:47] WARNING: Detecting communities...
[2025-05-24 06:27:47] WARNING: Found 8 isolated nodes to assign to communities
[2025-05-24 06:27:47] WARNING: Assigned isolated node Eyes_OnTheSkies to community 1 based on structural balance theory
[2025-05-24 06:27:47] WARNING: Assigned isolated node FettucineSplit to community 1 based on structural balance theory
[2025-05-24 06:27:47] WARNING: Assigned isolated node JonMajerowski to community 1 based on structural balance theory
[2025-05-24 06:27:47] WARNING: Assigned isolated node MiddleofMayhem to community 2 based on structural balance theory
[2025-05-24 06:27:47] WARNING: Assigned isolated node PTHellyer to community 1 based on structural balance theory
[2025-05-24 06:27:47] WARNING: Assigned isolated node SnakePo9 to community 1 based on structural balance theory
[2025-05-24 06:27:47] WARNING: Assigned isolated node jamescfox to community 1 based on structural balance theory
[2025-05-24 06:27:47] WARNING: Assigned isolated node likeitmatters3 to community 2 based on structural balance theory
[2025-05-24 06:27:47] INFO: Analyzing community composition...
[2025-05-24 06:27:47] INFO: Community Community A (18 members): AskaPol_UAPs, ChrisUKSharp, DanHaug6, Eyes_OnTheSkies, FettucineSplit, GoodTroubleShow, Halsrethink, JeremyCorbell, JonMajerowski, LueElizondo, PTHellyer, SnakePo9, TheOfficialQF, g_knapp, jamescfox, jayanderson, rosscoulthart, ufobeliever1947
[2025-05-24 06:27:47] INFO: Community Community B (7 members): MiddleofMayhem, OSIRISUAP, ShipsSmall, cosmic_surplus, likeitmatters3, susangerbic, ufoskeptic1968
[2025-05-24 06:27:47] INFO: Community analysis written to community_analysis.txt
[2025-05-24 06:27:47] WARNING: Generating trust network visualization...
[2025-05-24 06:27:47] WARNING: Network visualization saved to visualization/trust_network.png
[2025-05-24 06:27:47] WARNING: Creating JSON data structure...
[2025-05-24 06:27:47] WARNING: Successfully generated js/data.js with:
[2025-05-24 06:27:47] WARNING: - 25 users
[2025-05-24 06:27:47] WARNING: - 31 trust relationships
[2025-05-24 06:27:47] WARNING: - 2 communities
[2025-05-24 06:27:47] WARNING: Trust calculation completed successfully.
[2025-05-24 06:27:48] Committing and pushing changes to GitHub...
