[2025-06-09 11:07:31] Starting Twitter Trust System update process...
[2025-06-09 11:07:31] Update frequency set to: 10 minutes
[2025-06-09 11:07:31] Collecting trust assignments from Twitter...
[2025-06-09 11:07:34] Warning: Trust assignments file not updated recently (last modified 05/24/2025 07:17:37)
[2025-06-09 04:37:34] WARNING: Reached stop point at tweet from 2025-05-12 06:54:05+00:00
[2025-06-09 04:37:34] WARNING: Retrieved 0 new tweets on page 1
[2025-06-09 04:37:34] WARNING: Stopping pagination as we've reached the stop point
[2025-06-09 04:37:34] WARNING: Retrieved a total of 0 tweets across 1 pages
[2025-06-09 04:37:34] WARNING: No new tweets found with trust commands. Exiting without error.
[2025-06-09 04:37:34] WARNING: Collection complete!
[2025-06-09 04:37:34] WARNING: - 0 trust assignments processed
[2025-06-09 04:37:34] WARNING: - 2 users in trust network
[2025-06-09 04:37:34] WARNING: - 31 total trust relationships
[2025-06-09 04:47:33] WARNING: === Starting Twitter Trust System Collection ===
[2025-06-09 04:47:33] WARNING: Will collect tweets until reaching previous timestamp: 2025-05-12 06:54:05+00:00
[2025-06-09 04:47:33] WARNING: Retrieving page 1...
[2025-06-09 04:47:34] WARNING: Newest tweet is from: 2025-05-12 06:54:05+00:00
[2025-06-09 04:47:34] WARNING: Reached stop point at tweet from 2025-05-12 06:54:05+00:00
[2025-06-09 04:47:34] WARNING: Retrieved 0 new tweets on page 1
[2025-06-09 04:47:34] WARNING: Stopping pagination as we've reached the stop point
[2025-06-09 04:47:34] WARNING: Retrieved a total of 0 tweets across 1 pages
[2025-06-09 04:47:34] WARNING: No new tweets found with trust commands. Exiting without error.
[2025-06-09 04:47:34] WARNING: Collection complete!
[2025-06-09 04:47:34] WARNING: - 0 trust assignments processed
[2025-06-09 04:47:34] WARNING: - 2 users in trust network
[2025-06-09 04:47:34] WARNING: - 31 total trust relationships
[2025-06-09 04:57:33] WARNING: === Starting Twitter Trust System Collection ===
[2025-06-09 04:57:33] WARNING: Will collect tweets until reaching previous timestamp: 2025-05-12 06:54:05+00:00
[2025-06-09 04:57:33] WARNING: Retrieving page 1...
[2025-06-09 04:57:38] WARNING: Newest tweet is from: 2025-05-12 06:54:05+00:00
[2025-06-09 04:57:38] WARNING: Reached stop point at tweet from 2025-05-12 06:54:05+00:00
[2025-06-09 04:57:38] WARNING: Retrieved 0 new tweets on page 1
[2025-06-09 04:57:38] WARNING: Stopping pagination as we've reached the stop point
[2025-06-09 04:57:38] WARNING: Retrieved a total of 0 tweets across 1 pages
[2025-06-09 04:57:38] WARNING: No new tweets found with trust commands. Exiting without error.
[2025-06-09 04:57:38] WARNING: Collection complete!
[2025-06-09 04:57:38] WARNING: - 0 trust assignments processed
[2025-06-09 04:57:38] WARNING: - 2 users in trust network
[2025-06-09 04:57:38] WARNING: - 31 total trust relationships
[2025-06-09 05:07:33] WARNING: === Starting Twitter Trust System Collection ===
[2025-06-09 05:07:33] WARNING: Will collect tweets until reaching previous timestamp: 2025-05-12 06:54:05+00:00
[2025-06-09 05:07:33] WARNING: Retrieving page 1...
[2025-06-09 05:07:36] WARNING: Newest tweet is from: 2025-05-12 06:54:05+00:00
[2025-06-09 05:07:36] WARNING: Reached stop point at tweet from 2025-05-12 06:54:05+00:00
[2025-06-09 05:07:36] WARNING: Retrieved 0 new tweets on page 1
[2025-06-09 05:07:36] WARNING: Stopping pagination as we've reached the stop point
[2025-06-09 05:07:36] WARNING: Retrieved a total of 0 tweets across 1 pages
[2025-06-09 05:07:36] WARNING: No new tweets found with trust commands. Exiting without error.
[2025-06-09 05:07:36] WARNING: Collection complete!
[2025-06-09 05:07:36] WARNING: - 0 trust assignments processed
[2025-06-09 05:07:36] WARNING: - 2 users in trust network
[2025-06-09 05:07:36] WARNING: - 31 total trust relationships
[2025-06-09 05:17:33] WARNING: === Starting Twitter Trust System Collection ===
[2025-06-09 05:17:33] WARNING: Will collect tweets until reaching previous timestamp: 2025-05-12 06:54:05+00:00
[2025-06-09 05:17:33] WARNING: Retrieving page 1...
[2025-06-09 05:17:35] WARNING: Newest tweet is from: 2025-05-12 06:54:05+00:00
[2025-06-09 05:17:35] WARNING: Reached stop point at tweet from 2025-05-12 06:54:05+00:00
[2025-06-09 05:17:35] WARNING: Retrieved 0 new tweets on page 1
[2025-06-09 05:17:35] WARNING: Stopping pagination as we've reached the stop point
[2025-06-09 05:17:35] WARNING: Retrieved a total of 0 tweets across 1 pages
[2025-06-09 05:17:35] WARNING: No new tweets found with trust commands. Exiting without error.
[2025-06-09 05:17:35] WARNING: Collection complete!
[2025-06-09 05:17:35] WARNING: - 0 trust assignments processed
[2025-06-09 05:17:35] WARNING: - 2 users in trust network
[2025-06-09 05:17:35] WARNING: - 31 total trust relationships
[2025-06-09 05:27:33] WARNING: === Starting Twitter Trust System Collection ===
[2025-06-09 05:27:33] WARNING: Will collect tweets until reaching previous timestamp: 2025-05-12 06:54:05+00:00
[2025-06-09 05:27:33] WARNING: Retrieving page 1...
[2025-06-09 05:27:36] WARNING: Newest tweet is from: 2025-05-12 06:54:05+00:00
[2025-06-09 05:27:36] WARNING: Reached stop point at tweet from 2025-05-12 06:54:05+00:00
[2025-06-09 05:27:36] WARNING: Retrieved 0 new tweets on page 1
[2025-06-09 05:27:36] WARNING: Stopping pagination as we've reached the stop point
[2025-06-09 05:27:36] WARNING: Retrieved a total of 0 tweets across 1 pages
[2025-06-09 05:27:36] WARNING: No new tweets found with trust commands. Exiting without error.
[2025-06-09 05:27:36] WARNING: Collection complete!
[2025-06-09 05:27:36] WARNING: - 0 trust assignments processed
[2025-06-09 05:27:36] WARNING: - 2 users in trust network
[2025-06-09 05:27:36] WARNING: - 31 total trust relationships
[2025-06-09 05:37:33] WARNING: === Starting Twitter Trust System Collection ===
[2025-06-09 05:37:33] WARNING: Will collect tweets until reaching previous timestamp: 2025-05-12 06:54:05+00:00
[2025-06-09 05:37:33] WARNING: Retrieving page 1...
[2025-06-09 05:37:35] WARNING: Newest tweet is from: 2025-05-12 06:54:05+00:00
[2025-06-09 05:37:35] WARNING: Reached stop point at tweet from 2025-05-12 06:54:05+00:00
[2025-06-09 05:37:35] WARNING: Retrieved 0 new tweets on page 1
[2025-06-09 05:37:35] WARNING: Stopping pagination as we've reached the stop point
[2025-06-09 05:37:35] WARNING: Retrieved a total of 0 tweets across 1 pages
[2025-06-09 05:37:35] WARNING: No new tweets found with trust commands. Exiting without error.
[2025-06-09 05:37:35] WARNING: Collection complete!
[2025-06-09 05:37:35] WARNING: - 0 trust assignments processed
[2025-06-09 05:37:35] WARNING: - 2 users in trust network
[2025-06-09 05:37:35] WARNING: - 31 total trust relationships
[2025-06-09 05:47:33] WARNING: === Starting Twitter Trust System Collection ===
[2025-06-09 05:47:33] WARNING: Will collect tweets until reaching previous timestamp: 2025-05-12 06:54:05+00:00
[2025-06-09 05:47:33] WARNING: Retrieving page 1...
[2025-06-09 05:47:35] WARNING: Newest tweet is from: 2025-05-12 06:54:05+00:00
[2025-06-09 05:47:35] WARNING: Reached stop point at tweet from 2025-05-12 06:54:05+00:00
[2025-06-09 05:47:35] WARNING: Retrieved 0 new tweets on page 1
[2025-06-09 05:47:35] WARNING: Stopping pagination as we've reached the stop point
[2025-06-09 05:47:35] WARNING: Retrieved a total of 0 tweets across 1 pages
[2025-06-09 05:47:35] WARNING: No new tweets found with trust commands. Exiting without error.
[2025-06-09 05:47:35] WARNING: Collection complete!
[2025-06-09 05:47:35] WARNING: - 0 trust assignments processed
[2025-06-09 05:47:35] WARNING: - 2 users in trust network
[2025-06-09 05:47:35] WARNING: - 31 total trust relationships
[2025-06-09 05:57:33] WARNING: === Starting Twitter Trust System Collection ===
[2025-06-09 05:57:33] WARNING: Will collect tweets until reaching previous timestamp: 2025-05-12 06:54:05+00:00
[2025-06-09 05:57:33] WARNING: Retrieving page 1...
[2025-06-09 05:57:38] WARNING: Newest tweet is from: 2025-05-12 06:54:05+00:00
[2025-06-09 05:57:38] WARNING: Reached stop point at tweet from 2025-05-12 06:54:05+00:00
[2025-06-09 05:57:38] WARNING: Retrieved 0 new tweets on page 1
[2025-06-09 05:57:38] WARNING: Stopping pagination as we've reached the stop point
[2025-06-09 05:57:38] WARNING: Retrieved a total of 0 tweets across 1 pages
[2025-06-09 05:57:38] WARNING: No new tweets found with trust commands. Exiting without error.
[2025-06-09 05:57:38] WARNING: Collection complete!
[2025-06-09 05:57:38] WARNING: - 0 trust assignments processed
[2025-06-09 05:57:38] WARNING: - 2 users in trust network
[2025-06-09 05:57:38] WARNING: - 31 total trust relationships
[2025-06-09 06:07:33] WARNING: === Starting Twitter Trust System Collection ===
[2025-06-09 06:07:33] WARNING: Will collect tweets until reaching previous timestamp: 2025-05-12 06:54:05+00:00
[2025-06-09 06:07:33] WARNING: Retrieving page 1...
[2025-06-09 06:07:35] WARNING: Newest tweet is from: 2025-05-12 06:54:05+00:00
[2025-06-09 06:07:35] WARNING: Reached stop point at tweet from 2025-05-12 06:54:05+00:00
[2025-06-09 06:07:35] WARNING: Retrieved 0 new tweets on page 1
[2025-06-09 06:07:35] WARNING: Stopping pagination as we've reached the stop point
[2025-06-09 06:07:35] WARNING: Retrieved a total of 0 tweets across 1 pages
[2025-06-09 06:07:35] WARNING: No new tweets found with trust commands. Exiting without error.
[2025-06-09 06:07:35] WARNING: Collection complete!
[2025-06-09 06:07:35] WARNING: - 0 trust assignments processed
[2025-06-09 06:07:35] WARNING: - 2 users in trust network
[2025-06-09 06:07:35] WARNING: - 31 total trust relationships
[2025-06-09 06:17:33] WARNING: === Starting Twitter Trust System Collection ===
[2025-06-09 06:17:33] WARNING: Will collect tweets until reaching previous timestamp: 2025-05-12 06:54:05+00:00
[2025-06-09 06:17:33] WARNING: Retrieving page 1...
[2025-06-09 06:17:35] WARNING: Newest tweet is from: 2025-05-12 06:54:05+00:00
[2025-06-09 06:17:35] WARNING: Reached stop point at tweet from 2025-05-12 06:54:05+00:00
[2025-06-09 06:17:35] WARNING: Retrieved 0 new tweets on page 1
[2025-06-09 06:17:35] WARNING: Stopping pagination as we've reached the stop point
[2025-06-09 06:17:35] WARNING: Retrieved a total of 0 tweets across 1 pages
[2025-06-09 06:17:35] WARNING: No new tweets found with trust commands. Exiting without error.
[2025-06-09 06:17:35] WARNING: Collection complete!
[2025-06-09 06:17:35] WARNING: - 0 trust assignments processed
[2025-06-09 06:17:35] WARNING: - 2 users in trust network
[2025-06-09 06:17:35] WARNING: - 31 total trust relationships
[2025-06-09 06:27:33] WARNING: === Starting Twitter Trust System Collection ===
[2025-06-09 06:27:33] WARNING: Will collect tweets until reaching previous timestamp: 2025-05-12 06:54:05+00:00
[2025-06-09 06:27:33] WARNING: Retrieving page 1...
[2025-06-09 06:27:35] WARNING: Newest tweet is from: 2025-05-12 06:54:05+00:00
[2025-06-09 06:27:35] WARNING: Reached stop point at tweet from 2025-05-12 06:54:05+00:00
[2025-06-09 06:27:35] WARNING: Retrieved 0 new tweets on page 1
[2025-06-09 06:27:35] WARNING: Stopping pagination as we've reached the stop point
[2025-06-09 06:27:35] WARNING: Retrieved a total of 0 tweets across 1 pages
[2025-06-09 06:27:35] WARNING: No new tweets found with trust commands. Exiting without error.
[2025-06-09 06:27:35] WARNING: Collection complete!
[2025-06-09 06:27:35] WARNING: - 0 trust assignments processed
[2025-06-09 06:27:35] WARNING: - 2 users in trust network
[2025-06-09 06:27:35] WARNING: - 31 total trust relationships
[2025-06-09 06:37:33] WARNING: === Starting Twitter Trust System Collection ===
[2025-06-09 06:37:33] WARNING: Will collect tweets until reaching previous timestamp: 2025-05-12 06:54:05+00:00
[2025-06-09 06:37:33] WARNING: Retrieving page 1...
[2025-06-09 06:37:41] WARNING: Newest tweet is from: 2025-05-12 06:54:05+00:00
[2025-06-09 06:37:41] WARNING: Reached stop point at tweet from 2025-05-12 06:54:05+00:00
[2025-06-09 06:37:41] WARNING: Retrieved 0 new tweets on page 1
[2025-06-09 06:37:41] WARNING: Stopping pagination as we've reached the stop point
[2025-06-09 06:37:41] WARNING: Retrieved a total of 0 tweets across 1 pages
[2025-06-09 06:37:41] WARNING: No new tweets found with trust commands. Exiting without error.
[2025-06-09 06:37:41] WARNING: Collection complete!
[2025-06-09 06:37:41] WARNING: - 0 trust assignments processed
[2025-06-09 06:37:41] WARNING: - 2 users in trust network
[2025-06-09 06:37:41] WARNING: - 31 total trust relationships
[2025-06-09 06:47:33] WARNING: === Starting Twitter Trust System Collection ===
[2025-06-09 06:47:33] WARNING: Will collect tweets until reaching previous timestamp: 2025-05-12 06:54:05+00:00
[2025-06-09 06:47:33] WARNING: Retrieving page 1...
[2025-06-09 06:47:40] WARNING: Newest tweet is from: 2025-05-12 06:54:05+00:00
[2025-06-09 06:47:40] WARNING: Reached stop point at tweet from 2025-05-12 06:54:05+00:00
[2025-06-09 06:47:40] WARNING: Retrieved 0 new tweets on page 1
[2025-06-09 06:47:40] WARNING: Stopping pagination as we've reached the stop point
[2025-06-09 06:47:40] WARNING: Retrieved a total of 0 tweets across 1 pages
[2025-06-09 06:47:40] WARNING: No new tweets found with trust commands. Exiting without error.
[2025-06-09 06:47:40] WARNING: Collection complete!
[2025-06-09 06:47:40] WARNING: - 0 trust assignments processed
[2025-06-09 06:47:40] WARNING: - 2 users in trust network
[2025-06-09 06:47:40] WARNING: - 31 total trust relationships
[2025-06-09 06:57:33] WARNING: === Starting Twitter Trust System Collection ===
[2025-06-09 06:57:33] WARNING: Will collect tweets until reaching previous timestamp: 2025-05-12 06:54:05+00:00
[2025-06-09 06:57:33] WARNING: Retrieving page 1...
[2025-06-09 06:57:35] WARNING: Newest tweet is from: 2025-05-12 06:54:05+00:00
[2025-06-09 06:57:35] WARNING: Reached stop point at tweet from 2025-05-12 06:54:05+00:00
[2025-06-09 06:57:35] WARNING: Retrieved 0 new tweets on page 1
[2025-06-09 06:57:35] WARNING: Stopping pagination as we've reached the stop point
[2025-06-09 06:57:35] WARNING: Retrieved a total of 0 tweets across 1 pages
[2025-06-09 06:57:35] WARNING: No new tweets found with trust commands. Exiting without error.
[2025-06-09 06:57:35] WARNING: Collection complete!
[2025-06-09 06:57:35] WARNING: - 0 trust assignments processed
[2025-06-09 06:57:35] WARNING: - 2 users in trust network
[2025-06-09 06:57:35] WARNING: - 31 total trust relationships
[2025-06-09 07:07:33] WARNING: === Starting Twitter Trust System Collection ===
[2025-06-09 07:07:33] WARNING: Will collect tweets until reaching previous timestamp: 2025-05-12 06:54:05+00:00
[2025-06-09 07:07:33] WARNING: Retrieving page 1...
[2025-06-09 07:07:35] WARNING: Newest tweet is from: 2025-05-12 06:54:05+00:00
[2025-06-09 07:07:35] WARNING: Reached stop point at tweet from 2025-05-12 06:54:05+00:00
[2025-06-09 07:07:35] WARNING: Retrieved 0 new tweets on page 1
[2025-06-09 07:07:35] WARNING: Stopping pagination as we've reached the stop point
[2025-06-09 07:07:35] WARNING: Retrieved a total of 0 tweets across 1 pages
[2025-06-09 07:07:35] WARNING: No new tweets found with trust commands. Exiting without error.
[2025-06-09 07:07:35] WARNING: Collection complete!
[2025-06-09 07:07:35] WARNING: - 0 trust assignments processed
[2025-06-09 07:07:35] WARNING: - 2 users in trust network
[2025-06-09 07:07:35] WARNING: - 31 total trust relationships
[2025-06-09 07:17:33] WARNING: === Starting Twitter Trust System Collection ===
[2025-06-09 07:17:33] WARNING: Will collect tweets until reaching previous timestamp: 2025-05-12 06:54:05+00:00
[2025-06-09 07:17:33] WARNING: Retrieving page 1...
[2025-06-09 07:17:35] WARNING: Newest tweet is from: 2025-05-12 06:54:05+00:00
[2025-06-09 07:17:35] WARNING: Reached stop point at tweet from 2025-05-12 06:54:05+00:00
[2025-06-09 07:17:35] WARNING: Retrieved 0 new tweets on page 1
[2025-06-09 07:17:35] WARNING: Stopping pagination as we've reached the stop point
[2025-06-09 07:17:35] WARNING: Retrieved a total of 0 tweets across 1 pages
[2025-06-09 07:17:35] WARNING: No new tweets found with trust commands. Exiting without error.
[2025-06-09 07:17:35] WARNING: Collection complete!
[2025-06-09 07:17:35] WARNING: - 0 trust assignments processed
[2025-06-09 07:17:35] WARNING: - 2 users in trust network
[2025-06-09 07:17:35] WARNING: - 31 total trust relationships
[2025-06-09 07:27:33] WARNING: === Starting Twitter Trust System Collection ===
[2025-06-09 07:27:33] WARNING: Will collect tweets until reaching previous timestamp: 2025-05-12 06:54:05+00:00
[2025-06-09 07:27:33] WARNING: Retrieving page 1...
[2025-06-09 07:27:35] WARNING: Newest tweet is from: 2025-05-12 06:54:05+00:00
[2025-06-09 07:27:35] WARNING: Reached stop point at tweet from 2025-05-12 06:54:05+00:00
[2025-06-09 07:27:35] WARNING: Retrieved 0 new tweets on page 1
[2025-06-09 07:27:35] WARNING: Stopping pagination as we've reached the stop point
[2025-06-09 07:27:35] WARNING: Retrieved a total of 0 tweets across 1 pages
[2025-06-09 07:27:35] WARNING: No new tweets found with trust commands. Exiting without error.
[2025-06-09 07:27:35] WARNING: Collection complete!
[2025-06-09 07:27:35] WARNING: - 0 trust assignments processed
[2025-06-09 07:27:35] WARNING: - 2 users in trust network
[2025-06-09 07:27:35] WARNING: - 31 total trust relationships
[2025-06-09 07:37:33] WARNING: === Starting Twitter Trust System Collection ===
[2025-06-09 07:37:33] WARNING: Will collect tweets until reaching previous timestamp: 2025-05-12 06:54:05+00:00
[2025-06-09 07:37:33] WARNING: Retrieving page 1...
[2025-06-09 07:37:35] WARNING: Newest tweet is from: 2025-05-12 06:54:05+00:00
[2025-06-09 07:37:35] WARNING: Reached stop point at tweet from 2025-05-12 06:54:05+00:00
[2025-06-09 07:37:35] WARNING: Retrieved 0 new tweets on page 1
[2025-06-09 07:37:35] WARNING: Stopping pagination as we've reached the stop point
[2025-06-09 07:37:35] WARNING: Retrieved a total of 0 tweets across 1 pages
[2025-06-09 07:37:35] WARNING: No new tweets found with trust commands. Exiting without error.
[2025-06-09 07:37:35] WARNING: Collection complete!
[2025-06-09 07:37:35] WARNING: - 0 trust assignments processed
[2025-06-09 07:37:35] WARNING: - 2 users in trust network
[2025-06-09 07:37:35] WARNING: - 31 total trust relationships
[2025-06-09 07:47:33] WARNING: === Starting Twitter Trust System Collection ===
[2025-06-09 07:47:33] WARNING: Will collect tweets until reaching previous timestamp: 2025-05-12 06:54:05+00:00
[2025-06-09 07:47:33] WARNING: Retrieving page 1...
[2025-06-09 07:47:35] WARNING: Newest tweet is from: 2025-05-12 06:54:05+00:00
[2025-06-09 07:47:35] WARNING: Reached stop point at tweet from 2025-05-12 06:54:05+00:00
[2025-06-09 07:47:35] WARNING: Retrieved 0 new tweets on page 1
[2025-06-09 07:47:35] WARNING: Stopping pagination as we've reached the stop point
[2025-06-09 07:47:35] WARNING: Retrieved a total of 0 tweets across 1 pages
[2025-06-09 07:47:35] WARNING: No new tweets found with trust commands. Exiting without error.
[2025-06-09 07:47:35] WARNING: Collection complete!
[2025-06-09 07:47:35] WARNING: - 0 trust assignments processed
[2025-06-09 07:47:35] WARNING: - 2 users in trust network
[2025-06-09 07:47:35] WARNING: - 31 total trust relationships
[2025-06-09 07:57:34] WARNING: === Starting Twitter Trust System Collection ===
[2025-06-09 07:57:34] WARNING: Will collect tweets until reaching previous timestamp: 2025-05-12 06:54:05+00:00
[2025-06-09 07:57:34] WARNING: Retrieving page 1...
[2025-06-09 07:57:35] WARNING: Newest tweet is from: 2025-05-12 06:54:05+00:00
[2025-06-09 07:57:35] WARNING: Reached stop point at tweet from 2025-05-12 06:54:05+00:00
[2025-06-09 07:57:35] WARNING: Retrieved 0 new tweets on page 1
[2025-06-09 07:57:35] WARNING: Stopping pagination as we've reached the stop point
[2025-06-09 07:57:35] WARNING: Retrieved a total of 0 tweets across 1 pages
[2025-06-09 07:57:35] WARNING: No new tweets found with trust commands. Exiting without error.
[2025-06-09 07:57:35] WARNING: Collection complete!
[2025-06-09 07:57:35] WARNING: - 0 trust assignments processed
[2025-06-09 07:57:35] WARNING: - 2 users in trust network
[2025-06-09 07:57:35] WARNING: - 31 total trust relationships
[2025-06-09 08:07:33] WARNING: === Starting Twitter Trust System Collection ===
[2025-06-09 08:07:33] WARNING: Will collect tweets until reaching previous timestamp: 2025-05-12 06:54:05+00:00
[2025-06-09 08:07:33] WARNING: Retrieving page 1...
[2025-06-09 08:07:35] WARNING: Newest tweet is from: 2025-05-12 06:54:05+00:00
[2025-06-09 08:07:35] WARNING: Reached stop point at tweet from 2025-05-12 06:54:05+00:00
[2025-06-09 08:07:35] WARNING: Retrieved 0 new tweets on page 1
[2025-06-09 08:07:35] WARNING: Stopping pagination as we've reached the stop point
[2025-06-09 08:07:35] WARNING: Retrieved a total of 0 tweets across 1 pages
[2025-06-09 08:07:35] WARNING: No new tweets found with trust commands. Exiting without error.
[2025-06-09 08:07:35] WARNING: Collection complete!
[2025-06-09 08:07:35] WARNING: - 0 trust assignments processed
[2025-06-09 08:07:35] WARNING: - 2 users in trust network
[2025-06-09 08:07:35] WARNING: - 31 total trust relationships
[2025-06-09 08:17:33] WARNING: === Starting Twitter Trust System Collection ===
[2025-06-09 08:17:33] WARNING: Will collect tweets until reaching previous timestamp: 2025-05-12 06:54:05+00:00
[2025-06-09 08:17:33] WARNING: Retrieving page 1...
[2025-06-09 08:17:35] WARNING: Newest tweet is from: 2025-05-12 06:54:05+00:00
[2025-06-09 08:17:35] WARNING: Reached stop point at tweet from 2025-05-12 06:54:05+00:00
[2025-06-09 08:17:35] WARNING: Retrieved 0 new tweets on page 1
[2025-06-09 08:17:35] WARNING: Stopping pagination as we've reached the stop point
[2025-06-09 08:17:35] WARNING: Retrieved a total of 0 tweets across 1 pages
[2025-06-09 08:17:35] WARNING: No new tweets found with trust commands. Exiting without error.
[2025-06-09 08:17:35] WARNING: Collection complete!
[2025-06-09 08:17:35] WARNING: - 0 trust assignments processed
[2025-06-09 08:17:35] WARNING: - 2 users in trust network
[2025-06-09 08:17:35] WARNING: - 31 total trust relationships
[2025-06-09 08:27:33] WARNING: === Starting Twitter Trust System Collection ===
[2025-06-09 08:27:33] WARNING: Will collect tweets until reaching previous timestamp: 2025-05-12 06:54:05+00:00
[2025-06-09 08:27:33] WARNING: Retrieving page 1...
[2025-06-09 08:27:35] WARNING: Newest tweet is from: 2025-05-12 06:54:05+00:00
[2025-06-09 08:27:35] WARNING: Reached stop point at tweet from 2025-05-12 06:54:05+00:00
[2025-06-09 08:27:35] WARNING: Retrieved 0 new tweets on page 1
[2025-06-09 08:27:35] WARNING: Stopping pagination as we've reached the stop point
[2025-06-09 08:27:35] WARNING: Retrieved a total of 0 tweets across 1 pages
[2025-06-09 08:27:35] WARNING: No new tweets found with trust commands. Exiting without error.
[2025-06-09 08:27:35] WARNING: Collection complete!
[2025-06-09 08:27:35] WARNING: - 0 trust assignments processed
[2025-06-09 08:27:35] WARNING: - 2 users in trust network
[2025-06-09 08:27:35] WARNING: - 31 total trust relationships
[2025-06-09 08:37:33] WARNING: === Starting Twitter Trust System Collection ===
[2025-06-09 08:37:33] WARNING: Will collect tweets until reaching previous timestamp: 2025-05-12 06:54:05+00:00
[2025-06-09 08:37:33] WARNING: Retrieving page 1...
[2025-06-09 08:37:35] WARNING: Newest tweet is from: 2025-05-12 06:54:05+00:00
[2025-06-09 08:37:35] WARNING: Reached stop point at tweet from 2025-05-12 06:54:05+00:00
[2025-06-09 08:37:35] WARNING: Retrieved 0 new tweets on page 1
[2025-06-09 08:37:35] WARNING: Stopping pagination as we've reached the stop point
[2025-06-09 08:37:35] WARNING: Retrieved a total of 0 tweets across 1 pages
[2025-06-09 08:37:35] WARNING: No new tweets found with trust commands. Exiting without error.
[2025-06-09 08:37:35] WARNING: Collection complete!
[2025-06-09 08:37:35] WARNING: - 0 trust assignments processed
[2025-06-09 08:37:35] WARNING: - 2 users in trust network
[2025-06-09 08:37:35] WARNING: - 31 total trust relationships
[2025-06-09 08:47:33] WARNING: === Starting Twitter Trust System Collection ===
[2025-06-09 08:47:33] WARNING: Will collect tweets until reaching previous timestamp: 2025-05-12 06:54:05+00:00
[2025-06-09 08:47:33] WARNING: Retrieving page 1...
[2025-06-09 08:47:35] WARNING: Newest tweet is from: 2025-05-12 06:54:05+00:00
[2025-06-09 08:47:35] WARNING: Reached stop point at tweet from 2025-05-12 06:54:05+00:00
[2025-06-09 08:47:35] WARNING: Retrieved 0 new tweets on page 1
[2025-06-09 08:47:35] WARNING: Stopping pagination as we've reached the stop point
[2025-06-09 08:47:35] WARNING: Retrieved a total of 0 tweets across 1 pages
[2025-06-09 08:47:35] WARNING: No new tweets found with trust commands. Exiting without error.
[2025-06-09 08:47:35] WARNING: Collection complete!
[2025-06-09 08:47:35] WARNING: - 0 trust assignments processed
[2025-06-09 08:47:35] WARNING: - 2 users in trust network
[2025-06-09 08:47:35] WARNING: - 31 total trust relationships
[2025-06-09 08:57:33] WARNING: === Starting Twitter Trust System Collection ===
[2025-06-09 08:57:33] WARNING: Will collect tweets until reaching previous timestamp: 2025-05-12 06:54:05+00:00
[2025-06-09 08:57:33] WARNING: Retrieving page 1...
[2025-06-09 08:57:35] WARNING: Newest tweet is from: 2025-05-12 06:54:05+00:00
[2025-06-09 08:57:35] WARNING: Reached stop point at tweet from 2025-05-12 06:54:05+00:00
[2025-06-09 08:57:35] WARNING: Retrieved 0 new tweets on page 1
[2025-06-09 08:57:35] WARNING: Stopping pagination as we've reached the stop point
[2025-06-09 08:57:35] WARNING: Retrieved a total of 0 tweets across 1 pages
[2025-06-09 08:57:35] WARNING: No new tweets found with trust commands. Exiting without error.
[2025-06-09 08:57:35] WARNING: Collection complete!
[2025-06-09 08:57:35] WARNING: - 0 trust assignments processed
[2025-06-09 08:57:35] WARNING: - 2 users in trust network
[2025-06-09 08:57:35] WARNING: - 31 total trust relationships
[2025-06-09 09:07:33] WARNING: === Starting Twitter Trust System Collection ===
[2025-06-09 09:07:33] WARNING: Will collect tweets until reaching previous timestamp: 2025-05-12 06:54:05+00:00
[2025-06-09 09:07:33] WARNING: Retrieving page 1...
[2025-06-09 09:07:35] WARNING: Newest tweet is from: 2025-05-12 06:54:05+00:00
[2025-06-09 09:07:35] WARNING: Reached stop point at tweet from 2025-05-12 06:54:05+00:00
[2025-06-09 09:07:35] WARNING: Retrieved 0 new tweets on page 1
[2025-06-09 09:07:35] WARNING: Stopping pagination as we've reached the stop point
[2025-06-09 09:07:35] WARNING: Retrieved a total of 0 tweets across 1 pages
[2025-06-09 09:07:35] WARNING: No new tweets found with trust commands. Exiting without error.
[2025-06-09 09:07:35] WARNING: Collection complete!
[2025-06-09 09:07:35] WARNING: - 0 trust assignments processed
[2025-06-09 09:07:35] WARNING: - 2 users in trust network
[2025-06-09 09:07:35] WARNING: - 31 total trust relationships
[2025-06-09 09:17:33] WARNING: === Starting Twitter Trust System Collection ===
[2025-06-09 09:17:33] WARNING: Will collect tweets until reaching previous timestamp: 2025-05-12 06:54:05+00:00
[2025-06-09 09:17:33] WARNING: Retrieving page 1...
[2025-06-09 09:17:35] WARNING: Newest tweet is from: 2025-05-12 06:54:05+00:00
[2025-06-09 09:17:35] WARNING: Reached stop point at tweet from 2025-05-12 06:54:05+00:00
[2025-06-09 09:17:35] WARNING: Retrieved 0 new tweets on page 1
[2025-06-09 09:17:35] WARNING: Stopping pagination as we've reached the stop point
[2025-06-09 09:17:35] WARNING: Retrieved a total of 0 tweets across 1 pages
[2025-06-09 09:17:35] WARNING: No new tweets found with trust commands. Exiting without error.
[2025-06-09 09:17:35] WARNING: Collection complete!
[2025-06-09 09:17:35] WARNING: - 0 trust assignments processed
[2025-06-09 09:17:35] WARNING: - 2 users in trust network
[2025-06-09 09:17:35] WARNING: - 31 total trust relationships
[2025-06-09 09:27:33] WARNING: === Starting Twitter Trust System Collection ===
[2025-06-09 09:27:33] WARNING: Will collect tweets until reaching previous timestamp: 2025-05-12 06:54:05+00:00
[2025-06-09 09:27:33] WARNING: Retrieving page 1...
[2025-06-09 09:27:36] WARNING: Newest tweet is from: 2025-05-12 06:54:05+00:00
[2025-06-09 09:27:36] WARNING: Reached stop point at tweet from 2025-05-12 06:54:05+00:00
[2025-06-09 09:27:36] WARNING: Retrieved 0 new tweets on page 1
[2025-06-09 09:27:36] WARNING: Stopping pagination as we've reached the stop point
[2025-06-09 09:27:36] WARNING: Retrieved a total of 0 tweets across 1 pages
[2025-06-09 09:27:36] WARNING: No new tweets found with trust commands. Exiting without error.
[2025-06-09 09:27:36] WARNING: Collection complete!
[2025-06-09 09:27:36] WARNING: - 0 trust assignments processed
[2025-06-09 09:27:36] WARNING: - 2 users in trust network
[2025-06-09 09:27:36] WARNING: - 31 total trust relationships
[2025-06-09 09:37:33] WARNING: === Starting Twitter Trust System Collection ===
[2025-06-09 09:37:33] WARNING: Will collect tweets until reaching previous timestamp: 2025-05-12 06:54:05+00:00
[2025-06-09 09:37:33] WARNING: Retrieving page 1...
[2025-06-09 09:37:35] WARNING: Newest tweet is from: 2025-05-12 06:54:05+00:00
[2025-06-09 09:37:35] WARNING: Reached stop point at tweet from 2025-05-12 06:54:05+00:00
[2025-06-09 09:37:35] WARNING: Retrieved 0 new tweets on page 1
[2025-06-09 09:37:35] WARNING: Stopping pagination as we've reached the stop point
[2025-06-09 09:37:35] WARNING: Retrieved a total of 0 tweets across 1 pages
[2025-06-09 09:37:35] WARNING: No new tweets found with trust commands. Exiting without error.
[2025-06-09 09:37:35] WARNING: Collection complete!
[2025-06-09 09:37:35] WARNING: - 0 trust assignments processed
[2025-06-09 09:37:35] WARNING: - 2 users in trust network
[2025-06-09 09:37:35] WARNING: - 31 total trust relationships
[2025-06-09 09:47:33] WARNING: === Starting Twitter Trust System Collection ===
[2025-06-09 09:47:33] WARNING: Will collect tweets until reaching previous timestamp: 2025-05-12 06:54:05+00:00
[2025-06-09 09:47:33] WARNING: Retrieving page 1...
[2025-06-09 09:47:35] WARNING: Newest tweet is from: 2025-05-12 06:54:05+00:00
[2025-06-09 09:47:35] WARNING: Reached stop point at tweet from 2025-05-12 06:54:05+00:00
[2025-06-09 09:47:35] WARNING: Retrieved 0 new tweets on page 1
[2025-06-09 09:47:35] WARNING: Stopping pagination as we've reached the stop point
[2025-06-09 09:47:35] WARNING: Retrieved a total of 0 tweets across 1 pages
[2025-06-09 09:47:35] WARNING: No new tweets found with trust commands. Exiting without error.
[2025-06-09 09:47:35] WARNING: Collection complete!
[2025-06-09 09:47:35] WARNING: - 0 trust assignments processed
[2025-06-09 09:47:35] WARNING: - 2 users in trust network
[2025-06-09 09:47:35] WARNING: - 31 total trust relationships
[2025-06-09 09:57:33] WARNING: === Starting Twitter Trust System Collection ===
[2025-06-09 09:57:33] WARNING: Will collect tweets until reaching previous timestamp: 2025-05-12 06:54:05+00:00
[2025-06-09 09:57:33] WARNING: Retrieving page 1...
[2025-06-09 09:57:35] WARNING: Newest tweet is from: 2025-05-12 06:54:05+00:00
[2025-06-09 09:57:35] WARNING: Reached stop point at tweet from 2025-05-12 06:54:05+00:00
[2025-06-09 09:57:35] WARNING: Retrieved 0 new tweets on page 1
[2025-06-09 09:57:35] WARNING: Stopping pagination as we've reached the stop point
[2025-06-09 09:57:35] WARNING: Retrieved a total of 0 tweets across 1 pages
[2025-06-09 09:57:35] WARNING: No new tweets found with trust commands. Exiting without error.
[2025-06-09 09:57:35] WARNING: Collection complete!
[2025-06-09 09:57:35] WARNING: - 0 trust assignments processed
[2025-06-09 09:57:35] WARNING: - 2 users in trust network
[2025-06-09 09:57:35] WARNING: - 31 total trust relationships
[2025-06-09 10:07:33] WARNING: === Starting Twitter Trust System Collection ===
[2025-06-09 10:07:33] WARNING: Will collect tweets until reaching previous timestamp: 2025-05-12 06:54:05+00:00
[2025-06-09 10:07:33] WARNING: Retrieving page 1...
[2025-06-09 10:07:35] WARNING: Newest tweet is from: 2025-05-12 06:54:05+00:00
[2025-06-09 10:07:35] WARNING: Reached stop point at tweet from 2025-05-12 06:54:05+00:00
[2025-06-09 10:07:35] WARNING: Retrieved 0 new tweets on page 1
[2025-06-09 10:07:35] WARNING: Stopping pagination as we've reached the stop point
[2025-06-09 10:07:35] WARNING: Retrieved a total of 0 tweets across 1 pages
[2025-06-09 10:07:35] WARNING: No new tweets found with trust commands. Exiting without error.
[2025-06-09 10:07:35] WARNING: Collection complete!
[2025-06-09 10:07:35] WARNING: - 0 trust assignments processed
[2025-06-09 10:07:35] WARNING: - 2 users in trust network
[2025-06-09 10:07:35] WARNING: - 31 total trust relationships
[2025-06-09 10:17:33] WARNING: === Starting Twitter Trust System Collection ===
[2025-06-09 10:17:33] WARNING: Will collect tweets until reaching previous timestamp: 2025-05-12 06:54:05+00:00
[2025-06-09 10:17:33] WARNING: Retrieving page 1...
[2025-06-09 10:17:35] WARNING: Newest tweet is from: 2025-05-12 06:54:05+00:00
[2025-06-09 10:17:35] WARNING: Reached stop point at tweet from 2025-05-12 06:54:05+00:00
[2025-06-09 10:17:35] WARNING: Retrieved 0 new tweets on page 1
[2025-06-09 10:17:35] WARNING: Stopping pagination as we've reached the stop point
[2025-06-09 10:17:35] WARNING: Retrieved a total of 0 tweets across 1 pages
[2025-06-09 10:17:35] WARNING: No new tweets found with trust commands. Exiting without error.
[2025-06-09 10:17:35] WARNING: Collection complete!
[2025-06-09 10:17:35] WARNING: - 0 trust assignments processed
[2025-06-09 10:17:35] WARNING: - 2 users in trust network
[2025-06-09 10:17:35] WARNING: - 31 total trust relationships
[2025-06-09 10:27:34] WARNING: === Starting Twitter Trust System Collection ===
[2025-06-09 10:27:34] WARNING: Will collect tweets until reaching previous timestamp: 2025-05-12 06:54:05+00:00
[2025-06-09 10:27:34] WARNING: Retrieving page 1...
[2025-06-09 10:27:36] WARNING: Newest tweet is from: 2025-05-12 06:54:05+00:00
[2025-06-09 10:27:36] WARNING: Reached stop point at tweet from 2025-05-12 06:54:05+00:00
[2025-06-09 10:27:36] WARNING: Retrieved 0 new tweets on page 1
[2025-06-09 10:27:36] WARNING: Stopping pagination as we've reached the stop point
[2025-06-09 10:27:36] WARNING: Retrieved a total of 0 tweets across 1 pages
[2025-06-09 10:27:36] WARNING: No new tweets found with trust commands. Exiting without error.
[2025-06-09 10:27:36] WARNING: Collection complete!
[2025-06-09 10:27:36] WARNING: - 0 trust assignments processed
[2025-06-09 10:27:36] WARNING: - 2 users in trust network
[2025-06-09 10:27:36] WARNING: - 31 total trust relationships
[2025-06-09 10:37:36] WARNING: === Starting Twitter Trust System Collection ===
[2025-06-09 10:37:36] WARNING: Will collect tweets until reaching previous timestamp: 2025-05-12 06:54:05+00:00
[2025-06-09 10:37:36] WARNING: Retrieving page 1...
[2025-06-09 10:37:39] WARNING: Newest tweet is from: 2025-05-12 06:54:05+00:00
[2025-06-09 10:37:39] WARNING: Reached stop point at tweet from 2025-05-12 06:54:05+00:00
[2025-06-09 10:37:39] WARNING: Retrieved 0 new tweets on page 1
[2025-06-09 10:37:39] WARNING: Stopping pagination as we've reached the stop point
[2025-06-09 10:37:39] WARNING: Retrieved a total of 0 tweets across 1 pages
[2025-06-09 10:37:39] WARNING: No new tweets found with trust commands. Exiting without error.
[2025-06-09 10:37:39] WARNING: Collection complete!
[2025-06-09 10:37:39] WARNING: - 0 trust assignments processed
[2025-06-09 10:37:39] WARNING: - 2 users in trust network
[2025-06-09 10:37:39] WARNING: - 31 total trust relationships
[2025-06-09 10:47:35] WARNING: === Starting Twitter Trust System Collection ===
[2025-06-09 10:47:35] WARNING: Will collect tweets until reaching previous timestamp: 2025-05-12 06:54:05+00:00
[2025-06-09 10:47:35] WARNING: Retrieving page 1...
[2025-06-09 10:47:37] WARNING: Newest tweet is from: 2025-05-12 06:54:05+00:00
[2025-06-09 10:47:37] WARNING: Reached stop point at tweet from 2025-05-12 06:54:05+00:00
[2025-06-09 10:47:37] WARNING: Retrieved 0 new tweets on page 1
[2025-06-09 10:47:37] WARNING: Stopping pagination as we've reached the stop point
[2025-06-09 10:47:37] WARNING: Retrieved a total of 0 tweets across 1 pages
[2025-06-09 10:47:37] WARNING: No new tweets found with trust commands. Exiting without error.
[2025-06-09 10:47:37] WARNING: Collection complete!
[2025-06-09 10:47:37] WARNING: - 0 trust assignments processed
[2025-06-09 10:47:37] WARNING: - 2 users in trust network
[2025-06-09 10:47:37] WARNING: - 31 total trust relationships
[2025-06-09 10:57:35] WARNING: === Starting Twitter Trust System Collection ===
[2025-06-09 10:57:35] WARNING: Will collect tweets until reaching previous timestamp: 2025-05-12 06:54:05+00:00
[2025-06-09 10:57:35] WARNING: Retrieving page 1...
[2025-06-09 10:57:36] WARNING: Newest tweet is from: 2025-05-12 06:54:05+00:00
[2025-06-09 10:57:36] WARNING: Reached stop point at tweet from 2025-05-12 06:54:05+00:00
[2025-06-09 10:57:36] WARNING: Retrieved 0 new tweets on page 1
[2025-06-09 10:57:36] WARNING: Stopping pagination as we've reached the stop point
[2025-06-09 10:57:36] WARNING: Retrieved a total of 0 tweets across 1 pages
[2025-06-09 10:57:36] WARNING: No new tweets found with trust commands. Exiting without error.
[2025-06-09 10:57:36] WARNING: Collection complete!
[2025-06-09 10:57:36] WARNING: - 0 trust assignments processed
[2025-06-09 10:57:36] WARNING: - 2 users in trust network
[2025-06-09 10:57:36] WARNING: - 31 total trust relationships
[2025-06-09 11:07:32] WARNING: === Starting Twitter Trust System Collection ===
[2025-06-09 11:07:32] WARNING: Will collect tweets until reaching previous timestamp: 2025-05-12 06:54:05+00:00
[2025-06-09 11:07:32] WARNING: Retrieving page 1...
[2025-06-09 11:07:34] WARNING: Newest tweet is from: 2025-05-12 06:54:05+00:00
[2025-06-09 11:07:34] WARNING: Reached stop point at tweet from 2025-05-12 06:54:05+00:00
[2025-06-09 11:07:34] WARNING: Retrieved 0 new tweets on page 1
[2025-06-09 11:07:34] WARNING: Stopping pagination as we've reached the stop point
[2025-06-09 11:07:34] WARNING: Retrieved a total of 0 tweets across 1 pages
[2025-06-09 11:07:34] WARNING: No new tweets found with trust commands. Exiting without error.
[2025-06-09 11:07:34] WARNING: Collection complete!
[2025-06-09 11:07:34] WARNING: - 0 trust assignments processed
[2025-06-09 11:07:34] WARNING: - 2 users in trust network
[2025-06-09 11:07:34] WARNING: - 31 total trust relationships
[2025-06-09 11:07:34] Calculating trust scores from collected data...
[2025-06-09 10:27:40] INFO: Community Community A (18 members): AskaPol_UAPs, ChrisUKSharp, DanHaug6, Eyes_OnTheSkies, FettucineSplit, GoodTroubleShow, Halsrethink, JeremyCorbell, JonMajerowski, LueElizondo, PTHellyer, SnakePo9, TheOfficialQF, g_knapp, jamescfox, jayanderson, rosscoulthart, ufobeliever1947
[2025-06-09 10:27:40] INFO: Community Community B (7 members): MiddleofMayhem, OSIRISUAP, ShipsSmall, cosmic_surplus, likeitmatters3, susangerbic, ufoskeptic1968
[2025-06-09 10:27:40] INFO: Community analysis written to community_analysis.txt
[2025-06-09 10:27:40] WARNING: Generating trust network visualization...
[2025-06-09 10:27:41] WARNING: Network visualization saved to visualization/trust_network.png
[2025-06-09 10:27:41] WARNING: Creating JSON data structure...
[2025-06-09 10:27:41] WARNING: Successfully generated js/data.js with:
[2025-06-09 10:27:41] WARNING: - 25 users
[2025-06-09 10:27:41] WARNING: - 31 trust relationships
[2025-06-09 10:27:41] WARNING: - 2 communities
[2025-06-09 10:27:41] WARNING: Trust calculation completed successfully.
[2025-06-09 10:37:50] WARNING: === Starting Trust Score Calculation ===
[2025-06-09 10:37:50] WARNING: Starting trust score calculation...
[2025-06-09 10:37:50] WARNING: Found 25 users in the trust network
[2025-06-09 10:37:50] WARNING: Building trust network graph...
[2025-06-09 10:37:50] WARNING: Calculating PageRank scores...
[2025-06-09 10:37:50] WARNING: Applying distrust penalties...
[2025-06-09 10:37:50] WARNING: Detecting communities...
[2025-06-09 10:37:50] WARNING: Found 8 isolated nodes to assign to communities
[2025-06-09 10:37:50] WARNING: Assigned isolated node Eyes_OnTheSkies to community 1 based on structural balance theory
[2025-06-09 10:37:50] WARNING: Assigned isolated node FettucineSplit to community 1 based on structural balance theory
[2025-06-09 10:37:50] WARNING: Assigned isolated node JonMajerowski to community 1 based on structural balance theory
[2025-06-09 10:37:50] WARNING: Assigned isolated node MiddleofMayhem to community 2 based on structural balance theory
[2025-06-09 10:37:50] WARNING: Assigned isolated node PTHellyer to community 1 based on structural balance theory
[2025-06-09 10:37:50] WARNING: Assigned isolated node SnakePo9 to community 1 based on structural balance theory
[2025-06-09 10:37:50] WARNING: Assigned isolated node jamescfox to community 1 based on structural balance theory
[2025-06-09 10:37:50] WARNING: Assigned isolated node likeitmatters3 to community 2 based on structural balance theory
[2025-06-09 10:37:50] INFO: Analyzing community composition...
[2025-06-09 10:37:50] INFO: Community Community A (18 members): AskaPol_UAPs, ChrisUKSharp, DanHaug6, Eyes_OnTheSkies, FettucineSplit, GoodTroubleShow, Halsrethink, JeremyCorbell, JonMajerowski, LueElizondo, PTHellyer, SnakePo9, TheOfficialQF, g_knapp, jamescfox, jayanderson, rosscoulthart, ufobeliever1947
[2025-06-09 10:37:50] INFO: Community Community B (7 members): MiddleofMayhem, OSIRISUAP, ShipsSmall, cosmic_surplus, likeitmatters3, susangerbic, ufoskeptic1968
[2025-06-09 10:37:50] INFO: Community analysis written to community_analysis.txt
[2025-06-09 10:37:50] WARNING: Generating trust network visualization...
[2025-06-09 10:37:51] WARNING: Network visualization saved to visualization/trust_network.png
[2025-06-09 10:37:51] WARNING: Creating JSON data structure...
[2025-06-09 10:37:51] WARNING: Successfully generated js/data.js with:
[2025-06-09 10:37:51] WARNING: - 25 users
[2025-06-09 10:37:51] WARNING: - 31 trust relationships
[2025-06-09 10:37:51] WARNING: - 2 communities
[2025-06-09 10:37:51] WARNING: Trust calculation completed successfully.
[2025-06-09 10:47:42] WARNING: === Starting Trust Score Calculation ===
[2025-06-09 10:47:42] WARNING: Starting trust score calculation...
[2025-06-09 10:47:42] WARNING: Found 25 users in the trust network
[2025-06-09 10:47:42] WARNING: Building trust network graph...
[2025-06-09 10:47:42] WARNING: Calculating PageRank scores...
[2025-06-09 10:47:42] WARNING: Applying distrust penalties...
[2025-06-09 10:47:42] WARNING: Detecting communities...
[2025-06-09 10:47:42] WARNING: Found 8 isolated nodes to assign to communities
[2025-06-09 10:47:42] WARNING: Assigned isolated node Eyes_OnTheSkies to community 1 based on structural balance theory
[2025-06-09 10:47:42] WARNING: Assigned isolated node FettucineSplit to community 1 based on structural balance theory
[2025-06-09 10:47:42] WARNING: Assigned isolated node JonMajerowski to community 1 based on structural balance theory
[2025-06-09 10:47:42] WARNING: Assigned isolated node MiddleofMayhem to community 2 based on structural balance theory
[2025-06-09 10:47:42] WARNING: Assigned isolated node PTHellyer to community 1 based on structural balance theory
[2025-06-09 10:47:42] WARNING: Assigned isolated node SnakePo9 to community 1 based on structural balance theory
[2025-06-09 10:47:42] WARNING: Assigned isolated node jamescfox to community 1 based on structural balance theory
[2025-06-09 10:47:42] WARNING: Assigned isolated node likeitmatters3 to community 2 based on structural balance theory
[2025-06-09 10:47:42] INFO: Analyzing community composition...
[2025-06-09 10:47:42] INFO: Community Community A (18 members): AskaPol_UAPs, ChrisUKSharp, DanHaug6, Eyes_OnTheSkies, FettucineSplit, GoodTroubleShow, Halsrethink, JeremyCorbell, JonMajerowski, LueElizondo, PTHellyer, SnakePo9, TheOfficialQF, g_knapp, jamescfox, jayanderson, rosscoulthart, ufobeliever1947
[2025-06-09 10:47:42] INFO: Community Community B (7 members): MiddleofMayhem, OSIRISUAP, ShipsSmall, cosmic_surplus, likeitmatters3, susangerbic, ufoskeptic1968
[2025-06-09 10:47:42] INFO: Community analysis written to community_analysis.txt
[2025-06-09 10:47:42] WARNING: Generating trust network visualization...
[2025-06-09 10:47:44] WARNING: Network visualization saved to visualization/trust_network.png
[2025-06-09 10:47:44] WARNING: Creating JSON data structure...
[2025-06-09 10:47:44] WARNING: Successfully generated js/data.js with:
[2025-06-09 10:47:44] WARNING: - 25 users
[2025-06-09 10:47:44] WARNING: - 31 trust relationships
[2025-06-09 10:47:44] WARNING: - 2 communities
[2025-06-09 10:47:44] WARNING: Trust calculation completed successfully.
[2025-06-09 10:57:41] WARNING: === Starting Trust Score Calculation ===
[2025-06-09 10:57:41] WARNING: Starting trust score calculation...
[2025-06-09 10:57:41] WARNING: Found 25 users in the trust network
[2025-06-09 10:57:41] WARNING: Building trust network graph...
[2025-06-09 10:57:41] WARNING: Calculating PageRank scores...
[2025-06-09 10:57:41] WARNING: Applying distrust penalties...
[2025-06-09 10:57:41] WARNING: Detecting communities...
[2025-06-09 10:57:41] WARNING: Found 8 isolated nodes to assign to communities
[2025-06-09 10:57:41] WARNING: Assigned isolated node Eyes_OnTheSkies to community 1 based on structural balance theory
[2025-06-09 10:57:41] WARNING: Assigned isolated node FettucineSplit to community 1 based on structural balance theory
[2025-06-09 10:57:41] WARNING: Assigned isolated node JonMajerowski to community 1 based on structural balance theory
[2025-06-09 10:57:41] WARNING: Assigned isolated node MiddleofMayhem to community 2 based on structural balance theory
[2025-06-09 10:57:41] WARNING: Assigned isolated node PTHellyer to community 1 based on structural balance theory
[2025-06-09 10:57:41] WARNING: Assigned isolated node SnakePo9 to community 1 based on structural balance theory
[2025-06-09 10:57:41] WARNING: Assigned isolated node jamescfox to community 1 based on structural balance theory
[2025-06-09 10:57:41] WARNING: Assigned isolated node likeitmatters3 to community 2 based on structural balance theory
[2025-06-09 10:57:41] INFO: Analyzing community composition...
[2025-06-09 10:57:41] INFO: Community Community A (18 members): AskaPol_UAPs, ChrisUKSharp, DanHaug6, Eyes_OnTheSkies, FettucineSplit, GoodTroubleShow, Halsrethink, JeremyCorbell, JonMajerowski, LueElizondo, PTHellyer, SnakePo9, TheOfficialQF, g_knapp, jamescfox, jayanderson, rosscoulthart, ufobeliever1947
[2025-06-09 10:57:41] INFO: Community Community B (7 members): MiddleofMayhem, OSIRISUAP, ShipsSmall, cosmic_surplus, likeitmatters3, susangerbic, ufoskeptic1968
[2025-06-09 10:57:41] INFO: Community analysis written to community_analysis.txt
[2025-06-09 10:57:41] WARNING: Generating trust network visualization...
[2025-06-09 10:57:43] WARNING: Network visualization saved to visualization/trust_network.png
[2025-06-09 10:57:43] WARNING: Creating JSON data structure...
[2025-06-09 10:57:43] WARNING: Successfully generated js/data.js with:
[2025-06-09 10:57:43] WARNING: - 25 users
[2025-06-09 10:57:43] WARNING: - 31 trust relationships
[2025-06-09 10:57:43] WARNING: - 2 communities
[2025-06-09 10:57:43] WARNING: Trust calculation completed successfully.
[2025-06-09 11:07:38] WARNING: === Starting Trust Score Calculation ===
[2025-06-09 11:07:38] WARNING: Starting trust score calculation...
[2025-06-09 11:07:38] WARNING: Found 25 users in the trust network
[2025-06-09 11:07:38] WARNING: Building trust network graph...
[2025-06-09 11:07:38] WARNING: Calculating PageRank scores...
[2025-06-09 11:07:38] WARNING: Applying distrust penalties...
[2025-06-09 11:07:38] WARNING: Detecting communities...
[2025-06-09 11:07:38] WARNING: Found 8 isolated nodes to assign to communities
[2025-06-09 11:07:38] WARNING: Assigned isolated node Eyes_OnTheSkies to community 1 based on structural balance theory
[2025-06-09 11:07:38] WARNING: Assigned isolated node FettucineSplit to community 1 based on structural balance theory
[2025-06-09 11:07:38] WARNING: Assigned isolated node JonMajerowski to community 1 based on structural balance theory
[2025-06-09 11:07:38] WARNING: Assigned isolated node MiddleofMayhem to community 2 based on structural balance theory
[2025-06-09 11:07:38] WARNING: Assigned isolated node PTHellyer to community 1 based on structural balance theory
[2025-06-09 11:07:38] WARNING: Assigned isolated node SnakePo9 to community 1 based on structural balance theory
[2025-06-09 11:07:38] WARNING: Assigned isolated node jamescfox to community 1 based on structural balance theory
[2025-06-09 11:07:38] WARNING: Assigned isolated node likeitmatters3 to community 2 based on structural balance theory
[2025-06-09 11:07:38] INFO: Analyzing community composition...
[2025-06-09 11:07:38] INFO: Community Community A (18 members): AskaPol_UAPs, ChrisUKSharp, DanHaug6, Eyes_OnTheSkies, FettucineSplit, GoodTroubleShow, Halsrethink, JeremyCorbell, JonMajerowski, LueElizondo, PTHellyer, SnakePo9, TheOfficialQF, g_knapp, jamescfox, jayanderson, rosscoulthart, ufobeliever1947
[2025-06-09 11:07:38] INFO: Community Community B (7 members): MiddleofMayhem, OSIRISUAP, ShipsSmall, cosmic_surplus, likeitmatters3, susangerbic, ufoskeptic1968
[2025-06-09 11:07:38] INFO: Community analysis written to community_analysis.txt
[2025-06-09 11:07:38] WARNING: Generating trust network visualization...
[2025-06-09 11:07:39] WARNING: Network visualization saved to visualization/trust_network.png
[2025-06-09 11:07:39] WARNING: Creating JSON data structure...
[2025-06-09 11:07:39] WARNING: Successfully generated js/data.js with:
[2025-06-09 11:07:39] WARNING: - 25 users
[2025-06-09 11:07:39] WARNING: - 31 trust relationships
[2025-06-09 11:07:39] WARNING: - 2 communities
[2025-06-09 11:07:39] WARNING: Trust calculation completed successfully.
[2025-06-09 11:07:39] Committing and pushing changes to GitHub...
