[2025-06-03 21:40:03] Starting Twitter Trust System update process...
[2025-06-03 21:40:03] Update frequency set to: 10 minutes
[2025-06-03 21:40:03] Collecting trust assignments from Twitter...
[2025-06-03 21:40:11] Warning: Trust assignments file not updated recently (last modified 05/24/2025 07:17:37)
[2025-06-03 16:57:33] WARNING: === Starting Twitter Trust System Collection ===
[2025-06-03 16:57:33] WARNING: Will collect tweets until reaching previous timestamp: 2025-05-12 06:54:05+00:00
[2025-06-03 16:57:33] WARNING: Retrieving page 1...
[2025-06-03 16:57:35] WARNING: Newest tweet is from: 2025-05-12 06:54:05+00:00
[2025-06-03 16:57:35] WARNING: Reached stop point at tweet from 2025-05-12 06:54:05+00:00
[2025-06-03 16:57:35] WARNING: Retrieved 0 new tweets on page 1
[2025-06-03 16:57:35] WARNING: Stopping pagination as we've reached the stop point
[2025-06-03 16:57:35] WARNING: Retrieved a total of 0 tweets across 1 pages
[2025-06-03 16:57:35] WARNING: No new tweets found with trust commands. Exiting without error.
[2025-06-03 16:57:35] WARNING: Collection complete!
[2025-06-03 16:57:35] WARNING: - 0 trust assignments processed
[2025-06-03 16:57:35] WARNING: - 2 users in trust network
[2025-06-03 16:57:35] WARNING: - 31 total trust relationships
[2025-06-03 17:07:33] WARNING: === Starting Twitter Trust System Collection ===
[2025-06-03 17:07:33] WARNING: Will collect tweets until reaching previous timestamp: 2025-05-12 06:54:05+00:00
[2025-06-03 17:07:33] WARNING: Retrieving page 1...
[2025-06-03 17:07:35] WARNING: Newest tweet is from: 2025-05-12 06:54:05+00:00
[2025-06-03 17:07:35] WARNING: Reached stop point at tweet from 2025-05-12 06:54:05+00:00
[2025-06-03 17:07:35] WARNING: Retrieved 0 new tweets on page 1
[2025-06-03 17:07:35] WARNING: Stopping pagination as we've reached the stop point
[2025-06-03 17:07:35] WARNING: Retrieved a total of 0 tweets across 1 pages
[2025-06-03 17:07:35] WARNING: No new tweets found with trust commands. Exiting without error.
[2025-06-03 17:07:35] WARNING: Collection complete!
[2025-06-03 17:07:35] WARNING: - 0 trust assignments processed
[2025-06-03 17:07:35] WARNING: - 2 users in trust network
[2025-06-03 17:07:35] WARNING: - 31 total trust relationships
[2025-06-03 17:17:32] WARNING: === Starting Twitter Trust System Collection ===
[2025-06-03 17:17:32] WARNING: Will collect tweets until reaching previous timestamp: 2025-05-12 06:54:05+00:00
[2025-06-03 17:17:32] WARNING: Retrieving page 1...
[2025-06-03 17:17:37] WARNING: Newest tweet is from: 2025-05-12 06:54:05+00:00
[2025-06-03 17:17:37] WARNING: Reached stop point at tweet from 2025-05-12 06:54:05+00:00
[2025-06-03 17:17:37] WARNING: Retrieved 0 new tweets on page 1
[2025-06-03 17:17:37] WARNING: Stopping pagination as we've reached the stop point
[2025-06-03 17:17:37] WARNING: Retrieved a total of 0 tweets across 1 pages
[2025-06-03 17:17:37] WARNING: No new tweets found with trust commands. Exiting without error.
[2025-06-03 17:17:37] WARNING: Collection complete!
[2025-06-03 17:17:37] WARNING: - 0 trust assignments processed
[2025-06-03 17:17:37] WARNING: - 2 users in trust network
[2025-06-03 17:17:37] WARNING: - 31 total trust relationships
[2025-06-03 17:27:32] WARNING: === Starting Twitter Trust System Collection ===
[2025-06-03 17:27:32] WARNING: Will collect tweets until reaching previous timestamp: 2025-05-12 06:54:05+00:00
[2025-06-03 17:27:32] WARNING: Retrieving page 1...
[2025-06-03 17:27:36] WARNING: Newest tweet is from: 2025-05-12 06:54:05+00:00
[2025-06-03 17:27:36] WARNING: Reached stop point at tweet from 2025-05-12 06:54:05+00:00
[2025-06-03 17:27:36] WARNING: Retrieved 0 new tweets on page 1
[2025-06-03 17:27:36] WARNING: Stopping pagination as we've reached the stop point
[2025-06-03 17:27:36] WARNING: Retrieved a total of 0 tweets across 1 pages
[2025-06-03 17:27:36] WARNING: No new tweets found with trust commands. Exiting without error.
[2025-06-03 17:27:36] WARNING: Collection complete!
[2025-06-03 17:27:36] WARNING: - 0 trust assignments processed
[2025-06-03 17:27:36] WARNING: - 2 users in trust network
[2025-06-03 17:27:36] WARNING: - 31 total trust relationships
[2025-06-03 17:37:32] WARNING: === Starting Twitter Trust System Collection ===
[2025-06-03 17:37:32] WARNING: Will collect tweets until reaching previous timestamp: 2025-05-12 06:54:05+00:00
[2025-06-03 17:37:32] WARNING: Retrieving page 1...
[2025-06-03 17:37:35] WARNING: Newest tweet is from: 2025-05-12 06:54:05+00:00
[2025-06-03 17:37:35] WARNING: Reached stop point at tweet from 2025-05-12 06:54:05+00:00
[2025-06-03 17:37:35] WARNING: Retrieved 0 new tweets on page 1
[2025-06-03 17:37:35] WARNING: Stopping pagination as we've reached the stop point
[2025-06-03 17:37:35] WARNING: Retrieved a total of 0 tweets across 1 pages
[2025-06-03 17:37:35] WARNING: No new tweets found with trust commands. Exiting without error.
[2025-06-03 17:37:35] WARNING: Collection complete!
[2025-06-03 17:37:35] WARNING: - 0 trust assignments processed
[2025-06-03 17:37:35] WARNING: - 2 users in trust network
[2025-06-03 17:37:35] WARNING: - 31 total trust relationships
[2025-06-03 17:47:32] WARNING: === Starting Twitter Trust System Collection ===
[2025-06-03 17:47:32] WARNING: Will collect tweets until reaching previous timestamp: 2025-05-12 06:54:05+00:00
[2025-06-03 17:47:32] WARNING: Retrieving page 1...
[2025-06-03 17:47:34] WARNING: Newest tweet is from: 2025-05-12 06:54:05+00:00
[2025-06-03 17:47:34] WARNING: Reached stop point at tweet from 2025-05-12 06:54:05+00:00
[2025-06-03 17:47:34] WARNING: Retrieved 0 new tweets on page 1
[2025-06-03 17:47:34] WARNING: Stopping pagination as we've reached the stop point
[2025-06-03 17:47:34] WARNING: Retrieved a total of 0 tweets across 1 pages
[2025-06-03 17:47:34] WARNING: No new tweets found with trust commands. Exiting without error.
[2025-06-03 17:47:34] WARNING: Collection complete!
[2025-06-03 17:47:34] WARNING: - 0 trust assignments processed
[2025-06-03 17:47:34] WARNING: - 2 users in trust network
[2025-06-03 17:47:34] WARNING: - 31 total trust relationships
[2025-06-03 17:57:33] WARNING: === Starting Twitter Trust System Collection ===
[2025-06-03 17:57:33] WARNING: Will collect tweets until reaching previous timestamp: 2025-05-12 06:54:05+00:00
[2025-06-03 17:57:33] WARNING: Retrieving page 1...
[2025-06-03 17:57:35] WARNING: Newest tweet is from: 2025-05-12 06:54:05+00:00
[2025-06-03 17:57:35] WARNING: Reached stop point at tweet from 2025-05-12 06:54:05+00:00
[2025-06-03 17:57:35] WARNING: Retrieved 0 new tweets on page 1
[2025-06-03 17:57:35] WARNING: Stopping pagination as we've reached the stop point
[2025-06-03 17:57:35] WARNING: Retrieved a total of 0 tweets across 1 pages
[2025-06-03 17:57:35] WARNING: No new tweets found with trust commands. Exiting without error.
[2025-06-03 17:57:35] WARNING: Collection complete!
[2025-06-03 17:57:35] WARNING: - 0 trust assignments processed
[2025-06-03 17:57:35] WARNING: - 2 users in trust network
[2025-06-03 17:57:35] WARNING: - 31 total trust relationships
[2025-06-03 18:07:32] WARNING: === Starting Twitter Trust System Collection ===
[2025-06-03 18:07:32] WARNING: Will collect tweets until reaching previous timestamp: 2025-05-12 06:54:05+00:00
[2025-06-03 18:07:32] WARNING: Retrieving page 1...
[2025-06-03 18:07:35] WARNING: Newest tweet is from: 2025-05-12 06:54:05+00:00
[2025-06-03 18:07:35] WARNING: Reached stop point at tweet from 2025-05-12 06:54:05+00:00
[2025-06-03 18:07:35] WARNING: Retrieved 0 new tweets on page 1
[2025-06-03 18:07:35] WARNING: Stopping pagination as we've reached the stop point
[2025-06-03 18:07:35] WARNING: Retrieved a total of 0 tweets across 1 pages
[2025-06-03 18:07:35] WARNING: No new tweets found with trust commands. Exiting without error.
[2025-06-03 18:07:35] WARNING: Collection complete!
[2025-06-03 18:07:35] WARNING: - 0 trust assignments processed
[2025-06-03 18:07:35] WARNING: - 2 users in trust network
[2025-06-03 18:07:35] WARNING: - 31 total trust relationships
[2025-06-03 18:17:32] WARNING: === Starting Twitter Trust System Collection ===
[2025-06-03 18:17:32] WARNING: Will collect tweets until reaching previous timestamp: 2025-05-12 06:54:05+00:00
[2025-06-03 18:17:32] WARNING: Retrieving page 1...
[2025-06-03 18:17:37] WARNING: Newest tweet is from: 2025-05-12 06:54:05+00:00
[2025-06-03 18:17:37] WARNING: Reached stop point at tweet from 2025-05-12 06:54:05+00:00
[2025-06-03 18:17:37] WARNING: Retrieved 0 new tweets on page 1
[2025-06-03 18:17:37] WARNING: Stopping pagination as we've reached the stop point
[2025-06-03 18:17:37] WARNING: Retrieved a total of 0 tweets across 1 pages
[2025-06-03 18:17:37] WARNING: No new tweets found with trust commands. Exiting without error.
[2025-06-03 18:17:37] WARNING: Collection complete!
[2025-06-03 18:17:37] WARNING: - 0 trust assignments processed
[2025-06-03 18:17:37] WARNING: - 2 users in trust network
[2025-06-03 18:17:37] WARNING: - 31 total trust relationships
[2025-06-03 18:27:32] WARNING: === Starting Twitter Trust System Collection ===
[2025-06-03 18:27:32] WARNING: Will collect tweets until reaching previous timestamp: 2025-05-12 06:54:05+00:00
[2025-06-03 18:27:32] WARNING: Retrieving page 1...
[2025-06-03 18:27:34] WARNING: Newest tweet is from: 2025-05-12 06:54:05+00:00
[2025-06-03 18:27:34] WARNING: Reached stop point at tweet from 2025-05-12 06:54:05+00:00
[2025-06-03 18:27:34] WARNING: Retrieved 0 new tweets on page 1
[2025-06-03 18:27:34] WARNING: Stopping pagination as we've reached the stop point
[2025-06-03 18:27:34] WARNING: Retrieved a total of 0 tweets across 1 pages
[2025-06-03 18:27:34] WARNING: No new tweets found with trust commands. Exiting without error.
[2025-06-03 18:27:34] WARNING: Collection complete!
[2025-06-03 18:27:34] WARNING: - 0 trust assignments processed
[2025-06-03 18:27:34] WARNING: - 2 users in trust network
[2025-06-03 18:27:34] WARNING: - 31 total trust relationships
[2025-06-03 18:37:32] WARNING: === Starting Twitter Trust System Collection ===
[2025-06-03 18:37:32] WARNING: Will collect tweets until reaching previous timestamp: 2025-05-12 06:54:05+00:00
[2025-06-03 18:37:32] WARNING: Retrieving page 1...
[2025-06-03 18:37:34] WARNING: Newest tweet is from: 2025-05-12 06:54:05+00:00
[2025-06-03 18:37:34] WARNING: Reached stop point at tweet from 2025-05-12 06:54:05+00:00
[2025-06-03 18:37:34] WARNING: Retrieved 0 new tweets on page 1
[2025-06-03 18:37:34] WARNING: Stopping pagination as we've reached the stop point
[2025-06-03 18:37:34] WARNING: Retrieved a total of 0 tweets across 1 pages
[2025-06-03 18:37:34] WARNING: No new tweets found with trust commands. Exiting without error.
[2025-06-03 18:37:34] WARNING: Collection complete!
[2025-06-03 18:37:34] WARNING: - 0 trust assignments processed
[2025-06-03 18:37:34] WARNING: - 2 users in trust network
[2025-06-03 18:37:34] WARNING: - 31 total trust relationships
[2025-06-03 18:47:33] WARNING: === Starting Twitter Trust System Collection ===
[2025-06-03 18:47:33] WARNING: Will collect tweets until reaching previous timestamp: 2025-05-12 06:54:05+00:00
[2025-06-03 18:47:33] WARNING: Retrieving page 1...
[2025-06-03 18:47:35] WARNING: Newest tweet is from: 2025-05-12 06:54:05+00:00
[2025-06-03 18:47:35] WARNING: Reached stop point at tweet from 2025-05-12 06:54:05+00:00
[2025-06-03 18:47:35] WARNING: Retrieved 0 new tweets on page 1
[2025-06-03 18:47:35] WARNING: Stopping pagination as we've reached the stop point
[2025-06-03 18:47:35] WARNING: Retrieved a total of 0 tweets across 1 pages
[2025-06-03 18:47:35] WARNING: No new tweets found with trust commands. Exiting without error.
[2025-06-03 18:47:35] WARNING: Collection complete!
[2025-06-03 18:47:35] WARNING: - 0 trust assignments processed
[2025-06-03 18:47:35] WARNING: - 2 users in trust network
[2025-06-03 18:47:35] WARNING: - 31 total trust relationships
[2025-06-03 18:57:32] WARNING: === Starting Twitter Trust System Collection ===
[2025-06-03 18:57:32] WARNING: Will collect tweets until reaching previous timestamp: 2025-05-12 06:54:05+00:00
[2025-06-03 18:57:32] WARNING: Retrieving page 1...
[2025-06-03 18:57:34] WARNING: Newest tweet is from: 2025-05-12 06:54:05+00:00
[2025-06-03 18:57:34] WARNING: Reached stop point at tweet from 2025-05-12 06:54:05+00:00
[2025-06-03 18:57:34] WARNING: Retrieved 0 new tweets on page 1
[2025-06-03 18:57:34] WARNING: Stopping pagination as we've reached the stop point
[2025-06-03 18:57:34] WARNING: Retrieved a total of 0 tweets across 1 pages
[2025-06-03 18:57:34] WARNING: No new tweets found with trust commands. Exiting without error.
[2025-06-03 18:57:34] WARNING: Collection complete!
[2025-06-03 18:57:34] WARNING: - 0 trust assignments processed
[2025-06-03 18:57:34] WARNING: - 2 users in trust network
[2025-06-03 18:57:34] WARNING: - 31 total trust relationships
[2025-06-03 19:07:32] WARNING: === Starting Twitter Trust System Collection ===
[2025-06-03 19:07:32] WARNING: Will collect tweets until reaching previous timestamp: 2025-05-12 06:54:05+00:00
[2025-06-03 19:07:32] WARNING: Retrieving page 1...
[2025-06-03 19:07:34] WARNING: Newest tweet is from: 2025-05-12 06:54:05+00:00
[2025-06-03 19:07:34] WARNING: Reached stop point at tweet from 2025-05-12 06:54:05+00:00
[2025-06-03 19:07:34] WARNING: Retrieved 0 new tweets on page 1
[2025-06-03 19:07:34] WARNING: Stopping pagination as we've reached the stop point
[2025-06-03 19:07:34] WARNING: Retrieved a total of 0 tweets across 1 pages
[2025-06-03 19:07:34] WARNING: No new tweets found with trust commands. Exiting without error.
[2025-06-03 19:07:34] WARNING: Collection complete!
[2025-06-03 19:07:34] WARNING: - 0 trust assignments processed
[2025-06-03 19:07:34] WARNING: - 2 users in trust network
[2025-06-03 19:07:34] WARNING: - 31 total trust relationships
[2025-06-03 19:17:32] WARNING: === Starting Twitter Trust System Collection ===
[2025-06-03 19:17:32] WARNING: Will collect tweets until reaching previous timestamp: 2025-05-12 06:54:05+00:00
[2025-06-03 19:17:32] WARNING: Retrieving page 1...
[2025-06-03 19:17:34] WARNING: Newest tweet is from: 2025-05-12 06:54:05+00:00
[2025-06-03 19:17:34] WARNING: Reached stop point at tweet from 2025-05-12 06:54:05+00:00
[2025-06-03 19:17:34] WARNING: Retrieved 0 new tweets on page 1
[2025-06-03 19:17:34] WARNING: Stopping pagination as we've reached the stop point
[2025-06-03 19:17:34] WARNING: Retrieved a total of 0 tweets across 1 pages
[2025-06-03 19:17:34] WARNING: No new tweets found with trust commands. Exiting without error.
[2025-06-03 19:17:34] WARNING: Collection complete!
[2025-06-03 19:17:34] WARNING: - 0 trust assignments processed
[2025-06-03 19:17:34] WARNING: - 2 users in trust network
[2025-06-03 19:17:34] WARNING: - 31 total trust relationships
[2025-06-03 19:27:32] WARNING: === Starting Twitter Trust System Collection ===
[2025-06-03 19:27:32] WARNING: Will collect tweets until reaching previous timestamp: 2025-05-12 06:54:05+00:00
[2025-06-03 19:27:32] WARNING: Retrieving page 1...
[2025-06-03 19:27:34] WARNING: Newest tweet is from: 2025-05-12 06:54:05+00:00
[2025-06-03 19:27:34] WARNING: Reached stop point at tweet from 2025-05-12 06:54:05+00:00
[2025-06-03 19:27:34] WARNING: Retrieved 0 new tweets on page 1
[2025-06-03 19:27:34] WARNING: Stopping pagination as we've reached the stop point
[2025-06-03 19:27:34] WARNING: Retrieved a total of 0 tweets across 1 pages
[2025-06-03 19:27:34] WARNING: No new tweets found with trust commands. Exiting without error.
[2025-06-03 19:27:34] WARNING: Collection complete!
[2025-06-03 19:27:34] WARNING: - 0 trust assignments processed
[2025-06-03 19:27:34] WARNING: - 2 users in trust network
[2025-06-03 19:27:34] WARNING: - 31 total trust relationships
[2025-06-03 19:37:33] WARNING: === Starting Twitter Trust System Collection ===
[2025-06-03 19:37:33] WARNING: Will collect tweets until reaching previous timestamp: 2025-05-12 06:54:05+00:00
[2025-06-03 19:37:33] WARNING: Retrieving page 1...
[2025-06-03 19:37:36] WARNING: Newest tweet is from: 2025-05-12 06:54:05+00:00
[2025-06-03 19:37:36] WARNING: Reached stop point at tweet from 2025-05-12 06:54:05+00:00
[2025-06-03 19:37:36] WARNING: Retrieved 0 new tweets on page 1
[2025-06-03 19:37:36] WARNING: Stopping pagination as we've reached the stop point
[2025-06-03 19:37:36] WARNING: Retrieved a total of 0 tweets across 1 pages
[2025-06-03 19:37:36] WARNING: No new tweets found with trust commands. Exiting without error.
[2025-06-03 19:37:36] WARNING: Collection complete!
[2025-06-03 19:37:36] WARNING: - 0 trust assignments processed
[2025-06-03 19:37:36] WARNING: - 2 users in trust network
[2025-06-03 19:37:36] WARNING: - 31 total trust relationships
[2025-06-03 19:47:34] WARNING: === Starting Twitter Trust System Collection ===
[2025-06-03 19:47:34] WARNING: Will collect tweets until reaching previous timestamp: 2025-05-12 06:54:05+00:00
[2025-06-03 19:47:34] WARNING: Retrieving page 1...
[2025-06-03 19:47:36] WARNING: Newest tweet is from: 2025-05-12 06:54:05+00:00
[2025-06-03 19:47:36] WARNING: Reached stop point at tweet from 2025-05-12 06:54:05+00:00
[2025-06-03 19:47:36] WARNING: Retrieved 0 new tweets on page 1
[2025-06-03 19:47:36] WARNING: Stopping pagination as we've reached the stop point
[2025-06-03 19:47:36] WARNING: Retrieved a total of 0 tweets across 1 pages
[2025-06-03 19:47:36] WARNING: No new tweets found with trust commands. Exiting without error.
[2025-06-03 19:47:36] WARNING: Collection complete!
[2025-06-03 19:47:36] WARNING: - 0 trust assignments processed
[2025-06-03 19:47:36] WARNING: - 2 users in trust network
[2025-06-03 19:47:36] WARNING: - 31 total trust relationships
[2025-06-03 19:57:33] WARNING: === Starting Twitter Trust System Collection ===
[2025-06-03 19:57:33] WARNING: Will collect tweets until reaching previous timestamp: 2025-05-12 06:54:05+00:00
[2025-06-03 19:57:33] WARNING: Retrieving page 1...
[2025-06-03 19:57:34] WARNING: Newest tweet is from: 2025-05-12 06:54:05+00:00
[2025-06-03 19:57:34] WARNING: Reached stop point at tweet from 2025-05-12 06:54:05+00:00
[2025-06-03 19:57:34] WARNING: Retrieved 0 new tweets on page 1
[2025-06-03 19:57:34] WARNING: Stopping pagination as we've reached the stop point
[2025-06-03 19:57:34] WARNING: Retrieved a total of 0 tweets across 1 pages
[2025-06-03 19:57:34] WARNING: No new tweets found with trust commands. Exiting without error.
[2025-06-03 19:57:34] WARNING: Collection complete!
[2025-06-03 19:57:34] WARNING: - 0 trust assignments processed
[2025-06-03 19:57:34] WARNING: - 2 users in trust network
[2025-06-03 19:57:34] WARNING: - 31 total trust relationships
[2025-06-03 20:07:33] WARNING: === Starting Twitter Trust System Collection ===
[2025-06-03 20:07:33] WARNING: Will collect tweets until reaching previous timestamp: 2025-05-12 06:54:05+00:00
[2025-06-03 20:07:33] WARNING: Retrieving page 1...
[2025-06-03 20:07:34] WARNING: Newest tweet is from: 2025-05-12 06:54:05+00:00
[2025-06-03 20:07:34] WARNING: Reached stop point at tweet from 2025-05-12 06:54:05+00:00
[2025-06-03 20:07:34] WARNING: Retrieved 0 new tweets on page 1
[2025-06-03 20:07:34] WARNING: Stopping pagination as we've reached the stop point
[2025-06-03 20:07:34] WARNING: Retrieved a total of 0 tweets across 1 pages
[2025-06-03 20:07:34] WARNING: No new tweets found with trust commands. Exiting without error.
[2025-06-03 20:07:34] WARNING: Collection complete!
[2025-06-03 20:07:34] WARNING: - 0 trust assignments processed
[2025-06-03 20:07:34] WARNING: - 2 users in trust network
[2025-06-03 20:07:34] WARNING: - 31 total trust relationships
[2025-06-03 20:17:33] WARNING: === Starting Twitter Trust System Collection ===
[2025-06-03 20:17:33] WARNING: Will collect tweets until reaching previous timestamp: 2025-05-12 06:54:05+00:00
[2025-06-03 20:17:33] WARNING: Retrieving page 1...
[2025-06-03 20:17:35] WARNING: Newest tweet is from: 2025-05-12 06:54:05+00:00
[2025-06-03 20:17:35] WARNING: Reached stop point at tweet from 2025-05-12 06:54:05+00:00
[2025-06-03 20:17:35] WARNING: Retrieved 0 new tweets on page 1
[2025-06-03 20:17:35] WARNING: Stopping pagination as we've reached the stop point
[2025-06-03 20:17:35] WARNING: Retrieved a total of 0 tweets across 1 pages
[2025-06-03 20:17:35] WARNING: No new tweets found with trust commands. Exiting without error.
[2025-06-03 20:17:35] WARNING: Collection complete!
[2025-06-03 20:17:35] WARNING: - 0 trust assignments processed
[2025-06-03 20:17:35] WARNING: - 2 users in trust network
[2025-06-03 20:17:35] WARNING: - 31 total trust relationships
[2025-06-03 20:27:33] WARNING: === Starting Twitter Trust System Collection ===
[2025-06-03 20:27:33] WARNING: Will collect tweets until reaching previous timestamp: 2025-05-12 06:54:05+00:00
[2025-06-03 20:27:33] WARNING: Retrieving page 1...
[2025-06-03 20:27:36] WARNING: Newest tweet is from: 2025-05-12 06:54:05+00:00
[2025-06-03 20:27:36] WARNING: Reached stop point at tweet from 2025-05-12 06:54:05+00:00
[2025-06-03 20:27:36] WARNING: Retrieved 0 new tweets on page 1
[2025-06-03 20:27:36] WARNING: Stopping pagination as we've reached the stop point
[2025-06-03 20:27:36] WARNING: Retrieved a total of 0 tweets across 1 pages
[2025-06-03 20:27:36] WARNING: No new tweets found with trust commands. Exiting without error.
[2025-06-03 20:27:36] WARNING: Collection complete!
[2025-06-03 20:27:36] WARNING: - 0 trust assignments processed
[2025-06-03 20:27:36] WARNING: - 2 users in trust network
[2025-06-03 20:27:36] WARNING: - 31 total trust relationships
[2025-06-03 20:37:33] WARNING: === Starting Twitter Trust System Collection ===
[2025-06-03 20:37:33] WARNING: Will collect tweets until reaching previous timestamp: 2025-05-12 06:54:05+00:00
[2025-06-03 20:37:33] WARNING: Retrieving page 1...
[2025-06-03 20:37:35] WARNING: Newest tweet is from: 2025-05-12 06:54:05+00:00
[2025-06-03 20:37:35] WARNING: Reached stop point at tweet from 2025-05-12 06:54:05+00:00
[2025-06-03 20:37:35] WARNING: Retrieved 0 new tweets on page 1
[2025-06-03 20:37:35] WARNING: Stopping pagination as we've reached the stop point
[2025-06-03 20:37:35] WARNING: Retrieved a total of 0 tweets across 1 pages
[2025-06-03 20:37:35] WARNING: No new tweets found with trust commands. Exiting without error.
[2025-06-03 20:37:35] WARNING: Collection complete!
[2025-06-03 20:37:35] WARNING: - 0 trust assignments processed
[2025-06-03 20:37:35] WARNING: - 2 users in trust network
[2025-06-03 20:37:35] WARNING: - 31 total trust relationships
[2025-06-03 20:47:35] WARNING: === Starting Twitter Trust System Collection ===
[2025-06-03 20:47:35] WARNING: Will collect tweets until reaching previous timestamp: 2025-05-12 06:54:05+00:00
[2025-06-03 20:47:35] WARNING: Retrieving page 1...
[2025-06-03 20:47:37] WARNING: Newest tweet is from: 2025-05-12 06:54:05+00:00
[2025-06-03 20:47:37] WARNING: Reached stop point at tweet from 2025-05-12 06:54:05+00:00
[2025-06-03 20:47:37] WARNING: Retrieved 0 new tweets on page 1
[2025-06-03 20:47:37] WARNING: Stopping pagination as we've reached the stop point
[2025-06-03 20:47:37] WARNING: Retrieved a total of 0 tweets across 1 pages
[2025-06-03 20:47:37] WARNING: No new tweets found with trust commands. Exiting without error.
[2025-06-03 20:47:37] WARNING: Collection complete!
[2025-06-03 20:47:37] WARNING: - 0 trust assignments processed
[2025-06-03 20:47:37] WARNING: - 2 users in trust network
[2025-06-03 20:47:37] WARNING: - 31 total trust relationships
[2025-06-03 21:25:51] WARNING: === Starting Twitter Trust System Collection ===
[2025-06-03 21:25:51] WARNING: Will collect tweets until reaching previous timestamp: 2025-05-12 06:54:05+00:00
[2025-06-03 21:25:51] WARNING: Retrieving page 1...
[2025-06-03 21:25:54] WARNING: Newest tweet is from: 2025-05-12 06:54:05+00:00
[2025-06-03 21:25:54] WARNING: Reached stop point at tweet from 2025-05-12 06:54:05+00:00
[2025-06-03 21:25:54] WARNING: Retrieved 0 new tweets on page 1
[2025-06-03 21:25:54] WARNING: Stopping pagination as we've reached the stop point
[2025-06-03 21:25:54] WARNING: Retrieved a total of 0 tweets across 1 pages
[2025-06-03 21:25:55] WARNING: No new tweets found with trust commands. Exiting without error.
[2025-06-03 21:25:55] WARNING: Collection complete!
[2025-06-03 21:25:55] WARNING: - 0 trust assignments processed
[2025-06-03 21:25:55] WARNING: - 2 users in trust network
[2025-06-03 21:25:55] WARNING: - 31 total trust relationships
[2025-06-03 21:40:07] WARNING: === Starting Twitter Trust System Collection ===
[2025-06-03 21:40:07] WARNING: Will collect tweets until reaching previous timestamp: 2025-05-12 06:54:05+00:00
[2025-06-03 21:40:07] WARNING: Retrieving page 1...
[2025-06-03 21:40:11] WARNING: Newest tweet is from: 2025-05-12 06:54:05+00:00
[2025-06-03 21:40:11] WARNING: Reached stop point at tweet from 2025-05-12 06:54:05+00:00
[2025-06-03 21:40:11] WARNING: Retrieved 0 new tweets on page 1
[2025-06-03 21:40:11] WARNING: Stopping pagination as we've reached the stop point
[2025-06-03 21:40:11] WARNING: Retrieved a total of 0 tweets across 1 pages
[2025-06-03 21:40:11] WARNING: No new tweets found with trust commands. Exiting without error.
[2025-06-03 21:40:11] WARNING: Collection complete!
[2025-06-03 21:40:11] WARNING: - 0 trust assignments processed
[2025-06-03 21:40:11] WARNING: - 2 users in trust network
[2025-06-03 21:40:11] WARNING: - 31 total trust relationships
[2025-06-03 21:40:11] Calculating trust scores from collected data...
[2025-06-03 20:47:44] INFO: Community Community A (18 members): AskaPol_UAPs, ChrisUKSharp, DanHaug6, Eyes_OnTheSkies, FettucineSplit, GoodTroubleShow, Halsrethink, JeremyCorbell, JonMajerowski, LueElizondo, PTHellyer, SnakePo9, TheOfficialQF, g_knapp, jamescfox, jayanderson, rosscoulthart, ufobeliever1947
[2025-06-03 20:47:44] INFO: Community Community B (7 members): MiddleofMayhem, OSIRISUAP, ShipsSmall, cosmic_surplus, likeitmatters3, susangerbic, ufoskeptic1968
[2025-06-03 20:47:44] INFO: Community analysis written to community_analysis.txt
[2025-06-03 20:47:44] WARNING: Generating trust network visualization...
[2025-06-03 20:47:45] WARNING: Network visualization saved to visualization/trust_network.png
[2025-06-03 20:47:45] WARNING: Creating JSON data structure...
[2025-06-03 20:47:45] WARNING: Successfully generated js/data.js with:
[2025-06-03 20:47:45] WARNING: - 25 users
[2025-06-03 20:47:45] WARNING: - 31 trust relationships
[2025-06-03 20:47:45] WARNING: - 2 communities
[2025-06-03 20:47:45] WARNING: Trust calculation completed successfully.
[2025-06-03 21:28:16] WARNING: === Starting Trust Score Calculation ===
[2025-06-03 21:28:16] WARNING: Starting trust score calculation...
[2025-06-03 21:28:16] WARNING: Found 25 users in the trust network
[2025-06-03 21:28:16] WARNING: Building trust network graph...
[2025-06-03 21:28:16] WARNING: Calculating PageRank scores...
[2025-06-03 21:28:16] WARNING: Applying distrust penalties...
[2025-06-03 21:28:16] WARNING: Detecting communities...
[2025-06-03 21:28:16] WARNING: Found 8 isolated nodes to assign to communities
[2025-06-03 21:28:16] WARNING: Assigned isolated node Eyes_OnTheSkies to community 1 based on structural balance theory
[2025-06-03 21:28:16] WARNING: Assigned isolated node FettucineSplit to community 1 based on structural balance theory
[2025-06-03 21:28:16] WARNING: Assigned isolated node JonMajerowski to community 1 based on structural balance theory
[2025-06-03 21:28:16] WARNING: Assigned isolated node MiddleofMayhem to community 2 based on structural balance theory
[2025-06-03 21:28:16] WARNING: Assigned isolated node PTHellyer to community 1 based on structural balance theory
[2025-06-03 21:28:16] WARNING: Assigned isolated node SnakePo9 to community 1 based on structural balance theory
[2025-06-03 21:28:16] WARNING: Assigned isolated node jamescfox to community 1 based on structural balance theory
[2025-06-03 21:28:16] WARNING: Assigned isolated node likeitmatters3 to community 2 based on structural balance theory
[2025-06-03 21:28:16] INFO: Analyzing community composition...
[2025-06-03 21:28:16] INFO: Community Community A (18 members): AskaPol_UAPs, ChrisUKSharp, DanHaug6, Eyes_OnTheSkies, FettucineSplit, GoodTroubleShow, Halsrethink, JeremyCorbell, JonMajerowski, LueElizondo, PTHellyer, SnakePo9, TheOfficialQF, g_knapp, jamescfox, jayanderson, rosscoulthart, ufobeliever1947
[2025-06-03 21:28:16] INFO: Community Community B (7 members): MiddleofMayhem, OSIRISUAP, ShipsSmall, cosmic_surplus, likeitmatters3, susangerbic, ufoskeptic1968
[2025-06-03 21:28:16] INFO: Community analysis written to community_analysis.txt
[2025-06-03 21:28:16] WARNING: Generating trust network visualization...
[2025-06-03 21:28:22] WARNING: Network visualization saved to visualization/trust_network.png
[2025-06-03 21:28:22] WARNING: Creating JSON data structure...
[2025-06-03 21:28:22] WARNING: Successfully generated js/data.js with:
[2025-06-03 21:28:22] WARNING: - 25 users
[2025-06-03 21:28:22] WARNING: - 31 trust relationships
[2025-06-03 21:28:22] WARNING: - 2 communities
[2025-06-03 21:28:22] WARNING: Trust calculation completed successfully.
[2025-06-03 21:40:22] WARNING: === Starting Trust Score Calculation ===
[2025-06-03 21:40:22] WARNING: Starting trust score calculation...
[2025-06-03 21:40:22] WARNING: Found 25 users in the trust network
[2025-06-03 21:40:22] WARNING: Building trust network graph...
[2025-06-03 21:40:22] WARNING: Calculating PageRank scores...
[2025-06-03 21:40:22] WARNING: Applying distrust penalties...
[2025-06-03 21:40:22] WARNING: Detecting communities...
[2025-06-03 21:40:22] WARNING: Found 8 isolated nodes to assign to communities
[2025-06-03 21:40:22] WARNING: Assigned isolated node Eyes_OnTheSkies to community 1 based on structural balance theory
[2025-06-03 21:40:22] WARNING: Assigned isolated node FettucineSplit to community 1 based on structural balance theory
[2025-06-03 21:40:22] WARNING: Assigned isolated node JonMajerowski to community 1 based on structural balance theory
[2025-06-03 21:40:22] WARNING: Assigned isolated node MiddleofMayhem to community 2 based on structural balance theory
[2025-06-03 21:40:22] WARNING: Assigned isolated node PTHellyer to community 1 based on structural balance theory
[2025-06-03 21:40:22] WARNING: Assigned isolated node SnakePo9 to community 1 based on structural balance theory
[2025-06-03 21:40:22] WARNING: Assigned isolated node jamescfox to community 1 based on structural balance theory
[2025-06-03 21:40:22] WARNING: Assigned isolated node likeitmatters3 to community 2 based on structural balance theory
[2025-06-03 21:40:22] INFO: Analyzing community composition...
[2025-06-03 21:40:22] INFO: Community Community A (18 members): AskaPol_UAPs, ChrisUKSharp, DanHaug6, Eyes_OnTheSkies, FettucineSplit, GoodTroubleShow, Halsrethink, JeremyCorbell, JonMajerowski, LueElizondo, PTHellyer, SnakePo9, TheOfficialQF, g_knapp, jamescfox, jayanderson, rosscoulthart, ufobeliever1947
[2025-06-03 21:40:22] INFO: Community Community B (7 members): MiddleofMayhem, OSIRISUAP, ShipsSmall, cosmic_surplus, likeitmatters3, susangerbic, ufoskeptic1968
[2025-06-03 21:40:22] INFO: Community analysis written to community_analysis.txt
[2025-06-03 21:40:22] WARNING: Generating trust network visualization...
[2025-06-03 21:40:24] WARNING: Network visualization saved to visualization/trust_network.png
[2025-06-03 21:40:24] WARNING: Creating JSON data structure...
[2025-06-03 21:40:24] WARNING: Successfully generated js/data.js with:
[2025-06-03 21:40:24] WARNING: - 25 users
[2025-06-03 21:40:24] WARNING: - 31 trust relationships
[2025-06-03 21:40:24] WARNING: - 2 communities
[2025-06-03 21:40:24] WARNING: Trust calculation completed successfully.
[2025-06-03 21:40:26] Committing and pushing changes to GitHub...
