[2025-05-12 08:47:31] Starting Twitter Trust System update process...
[2025-05-12 08:47:31] Update frequency set to: 10 minutes
[2025-05-12 08:47:31] Collecting trust assignments from Twitter...
[2025-05-12 08:47:35] Warning: Trust assignments file not updated recently (last modified 05/11/2025 23:57:36)
[2025-05-12 02:17:33] WARNING: === Starting Twitter Trust System Collection ===
[2025-05-12 02:17:33] WARNING: Will collect tweets until reaching previous timestamp: 2025-05-12 06:54:05+00:00
[2025-05-12 02:17:33] WARNING: Retrieving page 1...
[2025-05-12 02:17:35] WARNING: Newest tweet is from: 2025-05-12 06:54:05+00:00
[2025-05-12 02:17:35] WARNING: Reached stop point at tweet from 2025-05-12 06:54:05+00:00
[2025-05-12 02:17:35] WARNING: Retrieved 0 new tweets on page 1
[2025-05-12 02:17:35] WARNING: Stopping pagination as we've reached the stop point
[2025-05-12 02:17:35] WARNING: Retrieved a total of 0 tweets across 1 pages
[2025-05-12 02:17:35] WARNING: No new tweets found with trust commands. Exiting without error.
[2025-05-12 02:17:35] WARNING: Collection complete!
[2025-05-12 02:17:35] WARNING: - 0 trust assignments processed
[2025-05-12 02:17:35] WARNING: - 2 users in trust network
[2025-05-12 02:17:35] WARNING: - 31 total trust relationships
[2025-05-12 02:27:33] WARNING: === Starting Twitter Trust System Collection ===
[2025-05-12 02:27:33] WARNING: Will collect tweets until reaching previous timestamp: 2025-05-12 06:54:05+00:00
[2025-05-12 02:27:33] WARNING: Retrieving page 1...
[2025-05-12 02:27:36] WARNING: Newest tweet is from: 2025-05-12 06:54:05+00:00
[2025-05-12 02:27:36] WARNING: Reached stop point at tweet from 2025-05-12 06:54:05+00:00
[2025-05-12 02:27:36] WARNING: Retrieved 0 new tweets on page 1
[2025-05-12 02:27:36] WARNING: Stopping pagination as we've reached the stop point
[2025-05-12 02:27:36] WARNING: Retrieved a total of 0 tweets across 1 pages
[2025-05-12 02:27:36] WARNING: No new tweets found with trust commands. Exiting without error.
[2025-05-12 02:27:36] WARNING: Collection complete!
[2025-05-12 02:27:36] WARNING: - 0 trust assignments processed
[2025-05-12 02:27:36] WARNING: - 2 users in trust network
[2025-05-12 02:27:36] WARNING: - 31 total trust relationships
[2025-05-12 02:37:33] WARNING: === Starting Twitter Trust System Collection ===
[2025-05-12 02:37:33] WARNING: Will collect tweets until reaching previous timestamp: 2025-05-12 06:54:05+00:00
[2025-05-12 02:37:33] WARNING: Retrieving page 1...
[2025-05-12 02:37:37] WARNING: Newest tweet is from: 2025-05-12 06:54:05+00:00
[2025-05-12 02:37:37] WARNING: Reached stop point at tweet from 2025-05-12 06:54:05+00:00
[2025-05-12 02:37:37] WARNING: Retrieved 0 new tweets on page 1
[2025-05-12 02:37:37] WARNING: Stopping pagination as we've reached the stop point
[2025-05-12 02:37:37] WARNING: Retrieved a total of 0 tweets across 1 pages
[2025-05-12 02:37:37] WARNING: No new tweets found with trust commands. Exiting without error.
[2025-05-12 02:37:37] WARNING: Collection complete!
[2025-05-12 02:37:37] WARNING: - 0 trust assignments processed
[2025-05-12 02:37:37] WARNING: - 2 users in trust network
[2025-05-12 02:37:37] WARNING: - 31 total trust relationships
[2025-05-12 02:47:33] WARNING: === Starting Twitter Trust System Collection ===
[2025-05-12 02:47:33] WARNING: Will collect tweets until reaching previous timestamp: 2025-05-12 06:54:05+00:00
[2025-05-12 02:47:33] WARNING: Retrieving page 1...
[2025-05-12 02:47:36] WARNING: Newest tweet is from: 2025-05-12 06:54:05+00:00
[2025-05-12 02:47:36] WARNING: Reached stop point at tweet from 2025-05-12 06:54:05+00:00
[2025-05-12 02:47:36] WARNING: Retrieved 0 new tweets on page 1
[2025-05-12 02:47:36] WARNING: Stopping pagination as we've reached the stop point
[2025-05-12 02:47:36] WARNING: Retrieved a total of 0 tweets across 1 pages
[2025-05-12 02:47:36] WARNING: No new tweets found with trust commands. Exiting without error.
[2025-05-12 02:47:36] WARNING: Collection complete!
[2025-05-12 02:47:36] WARNING: - 0 trust assignments processed
[2025-05-12 02:47:36] WARNING: - 2 users in trust network
[2025-05-12 02:47:36] WARNING: - 31 total trust relationships
[2025-05-12 02:57:33] WARNING: === Starting Twitter Trust System Collection ===
[2025-05-12 02:57:33] WARNING: Will collect tweets until reaching previous timestamp: 2025-05-12 06:54:05+00:00
[2025-05-12 02:57:33] WARNING: Retrieving page 1...
[2025-05-12 02:57:35] WARNING: Newest tweet is from: 2025-05-12 06:54:05+00:00
[2025-05-12 02:57:35] WARNING: Reached stop point at tweet from 2025-05-12 06:54:05+00:00
[2025-05-12 02:57:35] WARNING: Retrieved 0 new tweets on page 1
[2025-05-12 02:57:35] WARNING: Stopping pagination as we've reached the stop point
[2025-05-12 02:57:35] WARNING: Retrieved a total of 0 tweets across 1 pages
[2025-05-12 02:57:35] WARNING: No new tweets found with trust commands. Exiting without error.
[2025-05-12 02:57:35] WARNING: Collection complete!
[2025-05-12 02:57:35] WARNING: - 0 trust assignments processed
[2025-05-12 02:57:35] WARNING: - 2 users in trust network
[2025-05-12 02:57:35] WARNING: - 31 total trust relationships
[2025-05-12 03:07:33] WARNING: === Starting Twitter Trust System Collection ===
[2025-05-12 03:07:33] WARNING: Will collect tweets until reaching previous timestamp: 2025-05-12 06:54:05+00:00
[2025-05-12 03:07:33] WARNING: Retrieving page 1...
[2025-05-12 03:07:35] WARNING: Newest tweet is from: 2025-05-12 06:54:05+00:00
[2025-05-12 03:07:35] WARNING: Reached stop point at tweet from 2025-05-12 06:54:05+00:00
[2025-05-12 03:07:35] WARNING: Retrieved 0 new tweets on page 1
[2025-05-12 03:07:35] WARNING: Stopping pagination as we've reached the stop point
[2025-05-12 03:07:35] WARNING: Retrieved a total of 0 tweets across 1 pages
[2025-05-12 03:07:35] WARNING: No new tweets found with trust commands. Exiting without error.
[2025-05-12 03:07:35] WARNING: Collection complete!
[2025-05-12 03:07:35] WARNING: - 0 trust assignments processed
[2025-05-12 03:07:35] WARNING: - 2 users in trust network
[2025-05-12 03:07:35] WARNING: - 31 total trust relationships
[2025-05-12 03:17:33] WARNING: === Starting Twitter Trust System Collection ===
[2025-05-12 03:17:33] WARNING: Will collect tweets until reaching previous timestamp: 2025-05-12 06:54:05+00:00
[2025-05-12 03:17:33] WARNING: Retrieving page 1...
[2025-05-12 03:17:35] WARNING: Newest tweet is from: 2025-05-12 06:54:05+00:00
[2025-05-12 03:17:35] WARNING: Reached stop point at tweet from 2025-05-12 06:54:05+00:00
[2025-05-12 03:17:35] WARNING: Retrieved 0 new tweets on page 1
[2025-05-12 03:17:35] WARNING: Stopping pagination as we've reached the stop point
[2025-05-12 03:17:35] WARNING: Retrieved a total of 0 tweets across 1 pages
[2025-05-12 03:17:35] WARNING: No new tweets found with trust commands. Exiting without error.
[2025-05-12 03:17:35] WARNING: Collection complete!
[2025-05-12 03:17:35] WARNING: - 0 trust assignments processed
[2025-05-12 03:17:35] WARNING: - 2 users in trust network
[2025-05-12 03:17:35] WARNING: - 31 total trust relationships
[2025-05-12 03:27:33] WARNING: === Starting Twitter Trust System Collection ===
[2025-05-12 03:27:33] WARNING: Will collect tweets until reaching previous timestamp: 2025-05-12 06:54:05+00:00
[2025-05-12 03:27:33] WARNING: Retrieving page 1...
[2025-05-12 03:27:35] WARNING: Newest tweet is from: 2025-05-12 06:54:05+00:00
[2025-05-12 03:27:35] WARNING: Reached stop point at tweet from 2025-05-12 06:54:05+00:00
[2025-05-12 03:27:35] WARNING: Retrieved 0 new tweets on page 1
[2025-05-12 03:27:35] WARNING: Stopping pagination as we've reached the stop point
[2025-05-12 03:27:35] WARNING: Retrieved a total of 0 tweets across 1 pages
[2025-05-12 03:27:35] WARNING: No new tweets found with trust commands. Exiting without error.
[2025-05-12 03:27:35] WARNING: Collection complete!
[2025-05-12 03:27:35] WARNING: - 0 trust assignments processed
[2025-05-12 03:27:35] WARNING: - 2 users in trust network
[2025-05-12 03:27:35] WARNING: - 31 total trust relationships
[2025-05-12 03:37:33] WARNING: === Starting Twitter Trust System Collection ===
[2025-05-12 03:37:33] WARNING: Will collect tweets until reaching previous timestamp: 2025-05-12 06:54:05+00:00
[2025-05-12 03:37:33] WARNING: Retrieving page 1...
[2025-05-12 03:37:35] WARNING: Newest tweet is from: 2025-05-12 06:54:05+00:00
[2025-05-12 03:37:35] WARNING: Reached stop point at tweet from 2025-05-12 06:54:05+00:00
[2025-05-12 03:37:35] WARNING: Retrieved 0 new tweets on page 1
[2025-05-12 03:37:35] WARNING: Stopping pagination as we've reached the stop point
[2025-05-12 03:37:35] WARNING: Retrieved a total of 0 tweets across 1 pages
[2025-05-12 03:37:35] WARNING: No new tweets found with trust commands. Exiting without error.
[2025-05-12 03:37:35] WARNING: Collection complete!
[2025-05-12 03:37:35] WARNING: - 0 trust assignments processed
[2025-05-12 03:37:35] WARNING: - 2 users in trust network
[2025-05-12 03:37:35] WARNING: - 31 total trust relationships
[2025-05-12 03:47:33] WARNING: === Starting Twitter Trust System Collection ===
[2025-05-12 03:47:33] WARNING: Will collect tweets until reaching previous timestamp: 2025-05-12 06:54:05+00:00
[2025-05-12 03:47:33] WARNING: Retrieving page 1...
[2025-05-12 03:47:35] WARNING: Newest tweet is from: 2025-05-12 06:54:05+00:00
[2025-05-12 03:47:35] WARNING: Reached stop point at tweet from 2025-05-12 06:54:05+00:00
[2025-05-12 03:47:35] WARNING: Retrieved 0 new tweets on page 1
[2025-05-12 03:47:35] WARNING: Stopping pagination as we've reached the stop point
[2025-05-12 03:47:35] WARNING: Retrieved a total of 0 tweets across 1 pages
[2025-05-12 03:47:35] WARNING: No new tweets found with trust commands. Exiting without error.
[2025-05-12 03:47:35] WARNING: Collection complete!
[2025-05-12 03:47:35] WARNING: - 0 trust assignments processed
[2025-05-12 03:47:35] WARNING: - 2 users in trust network
[2025-05-12 03:47:35] WARNING: - 31 total trust relationships
[2025-05-12 03:57:33] WARNING: === Starting Twitter Trust System Collection ===
[2025-05-12 03:57:33] WARNING: Will collect tweets until reaching previous timestamp: 2025-05-12 06:54:05+00:00
[2025-05-12 03:57:33] WARNING: Retrieving page 1...
[2025-05-12 03:57:35] WARNING: Newest tweet is from: 2025-05-12 06:54:05+00:00
[2025-05-12 03:57:35] WARNING: Reached stop point at tweet from 2025-05-12 06:54:05+00:00
[2025-05-12 03:57:35] WARNING: Retrieved 0 new tweets on page 1
[2025-05-12 03:57:35] WARNING: Stopping pagination as we've reached the stop point
[2025-05-12 03:57:35] WARNING: Retrieved a total of 0 tweets across 1 pages
[2025-05-12 03:57:35] WARNING: No new tweets found with trust commands. Exiting without error.
[2025-05-12 03:57:35] WARNING: Collection complete!
[2025-05-12 03:57:35] WARNING: - 0 trust assignments processed
[2025-05-12 03:57:35] WARNING: - 2 users in trust network
[2025-05-12 03:57:35] WARNING: - 31 total trust relationships
[2025-05-12 04:07:33] WARNING: === Starting Twitter Trust System Collection ===
[2025-05-12 04:07:33] WARNING: Will collect tweets until reaching previous timestamp: 2025-05-12 06:54:05+00:00
[2025-05-12 04:07:33] WARNING: Retrieving page 1...
[2025-05-12 04:07:35] WARNING: Newest tweet is from: 2025-05-12 06:54:05+00:00
[2025-05-12 04:07:35] WARNING: Reached stop point at tweet from 2025-05-12 06:54:05+00:00
[2025-05-12 04:07:35] WARNING: Retrieved 0 new tweets on page 1
[2025-05-12 04:07:35] WARNING: Stopping pagination as we've reached the stop point
[2025-05-12 04:07:35] WARNING: Retrieved a total of 0 tweets across 1 pages
[2025-05-12 04:07:35] WARNING: No new tweets found with trust commands. Exiting without error.
[2025-05-12 04:07:35] WARNING: Collection complete!
[2025-05-12 04:07:35] WARNING: - 0 trust assignments processed
[2025-05-12 04:07:35] WARNING: - 2 users in trust network
[2025-05-12 04:07:35] WARNING: - 31 total trust relationships
[2025-05-12 04:17:33] WARNING: === Starting Twitter Trust System Collection ===
[2025-05-12 04:17:33] WARNING: Will collect tweets until reaching previous timestamp: 2025-05-12 06:54:05+00:00
[2025-05-12 04:17:33] WARNING: Retrieving page 1...
[2025-05-12 04:17:35] WARNING: Newest tweet is from: 2025-05-12 06:54:05+00:00
[2025-05-12 04:17:35] WARNING: Reached stop point at tweet from 2025-05-12 06:54:05+00:00
[2025-05-12 04:17:35] WARNING: Retrieved 0 new tweets on page 1
[2025-05-12 04:17:35] WARNING: Stopping pagination as we've reached the stop point
[2025-05-12 04:17:35] WARNING: Retrieved a total of 0 tweets across 1 pages
[2025-05-12 04:17:35] WARNING: No new tweets found with trust commands. Exiting without error.
[2025-05-12 04:17:35] WARNING: Collection complete!
[2025-05-12 04:17:35] WARNING: - 0 trust assignments processed
[2025-05-12 04:17:35] WARNING: - 2 users in trust network
[2025-05-12 04:17:35] WARNING: - 31 total trust relationships
[2025-05-12 04:27:33] WARNING: === Starting Twitter Trust System Collection ===
[2025-05-12 04:27:33] WARNING: Will collect tweets until reaching previous timestamp: 2025-05-12 06:54:05+00:00
[2025-05-12 04:27:33] WARNING: Retrieving page 1...
[2025-05-12 04:27:34] WARNING: Newest tweet is from: 2025-05-12 06:54:05+00:00
[2025-05-12 04:27:34] WARNING: Reached stop point at tweet from 2025-05-12 06:54:05+00:00
[2025-05-12 04:27:34] WARNING: Retrieved 0 new tweets on page 1
[2025-05-12 04:27:34] WARNING: Stopping pagination as we've reached the stop point
[2025-05-12 04:27:34] WARNING: Retrieved a total of 0 tweets across 1 pages
[2025-05-12 04:27:34] WARNING: No new tweets found with trust commands. Exiting without error.
[2025-05-12 04:27:34] WARNING: Collection complete!
[2025-05-12 04:27:34] WARNING: - 0 trust assignments processed
[2025-05-12 04:27:34] WARNING: - 2 users in trust network
[2025-05-12 04:27:34] WARNING: - 31 total trust relationships
[2025-05-12 04:37:33] WARNING: === Starting Twitter Trust System Collection ===
[2025-05-12 04:37:33] WARNING: Will collect tweets until reaching previous timestamp: 2025-05-12 06:54:05+00:00
[2025-05-12 04:37:33] WARNING: Retrieving page 1...
[2025-05-12 04:37:34] WARNING: Newest tweet is from: 2025-05-12 06:54:05+00:00
[2025-05-12 04:37:34] WARNING: Reached stop point at tweet from 2025-05-12 06:54:05+00:00
[2025-05-12 04:37:34] WARNING: Retrieved 0 new tweets on page 1
[2025-05-12 04:37:34] WARNING: Stopping pagination as we've reached the stop point
[2025-05-12 04:37:34] WARNING: Retrieved a total of 0 tweets across 1 pages
[2025-05-12 04:37:34] WARNING: No new tweets found with trust commands. Exiting without error.
[2025-05-12 04:37:34] WARNING: Collection complete!
[2025-05-12 04:37:34] WARNING: - 0 trust assignments processed
[2025-05-12 04:37:34] WARNING: - 2 users in trust network
[2025-05-12 04:37:34] WARNING: - 31 total trust relationships
[2025-05-12 04:47:33] WARNING: === Starting Twitter Trust System Collection ===
[2025-05-12 04:47:33] WARNING: Will collect tweets until reaching previous timestamp: 2025-05-12 06:54:05+00:00
[2025-05-12 04:47:33] WARNING: Retrieving page 1...
[2025-05-12 04:47:34] WARNING: Newest tweet is from: 2025-05-12 06:54:05+00:00
[2025-05-12 04:47:34] WARNING: Reached stop point at tweet from 2025-05-12 06:54:05+00:00
[2025-05-12 04:47:34] WARNING: Retrieved 0 new tweets on page 1
[2025-05-12 04:47:34] WARNING: Stopping pagination as we've reached the stop point
[2025-05-12 04:47:34] WARNING: Retrieved a total of 0 tweets across 1 pages
[2025-05-12 04:47:34] WARNING: No new tweets found with trust commands. Exiting without error.
[2025-05-12 04:47:34] WARNING: Collection complete!
[2025-05-12 04:47:34] WARNING: - 0 trust assignments processed
[2025-05-12 04:47:34] WARNING: - 2 users in trust network
[2025-05-12 04:47:34] WARNING: - 31 total trust relationships
[2025-05-12 04:57:33] WARNING: === Starting Twitter Trust System Collection ===
[2025-05-12 04:57:33] WARNING: Will collect tweets until reaching previous timestamp: 2025-05-12 06:54:05+00:00
[2025-05-12 04:57:33] WARNING: Retrieving page 1...
[2025-05-12 04:57:35] WARNING: Newest tweet is from: 2025-05-12 06:54:05+00:00
[2025-05-12 04:57:35] WARNING: Reached stop point at tweet from 2025-05-12 06:54:05+00:00
[2025-05-12 04:57:35] WARNING: Retrieved 0 new tweets on page 1
[2025-05-12 04:57:35] WARNING: Stopping pagination as we've reached the stop point
[2025-05-12 04:57:35] WARNING: Retrieved a total of 0 tweets across 1 pages
[2025-05-12 04:57:35] WARNING: No new tweets found with trust commands. Exiting without error.
[2025-05-12 04:57:35] WARNING: Collection complete!
[2025-05-12 04:57:35] WARNING: - 0 trust assignments processed
[2025-05-12 04:57:35] WARNING: - 2 users in trust network
[2025-05-12 04:57:35] WARNING: - 31 total trust relationships
[2025-05-12 05:07:33] WARNING: === Starting Twitter Trust System Collection ===
[2025-05-12 05:07:33] WARNING: Will collect tweets until reaching previous timestamp: 2025-05-12 06:54:05+00:00
[2025-05-12 05:07:33] WARNING: Retrieving page 1...
[2025-05-12 05:07:34] WARNING: Newest tweet is from: 2025-05-12 06:54:05+00:00
[2025-05-12 05:07:34] WARNING: Reached stop point at tweet from 2025-05-12 06:54:05+00:00
[2025-05-12 05:07:34] WARNING: Retrieved 0 new tweets on page 1
[2025-05-12 05:07:34] WARNING: Stopping pagination as we've reached the stop point
[2025-05-12 05:07:34] WARNING: Retrieved a total of 0 tweets across 1 pages
[2025-05-12 05:07:34] WARNING: No new tweets found with trust commands. Exiting without error.
[2025-05-12 05:07:34] WARNING: Collection complete!
[2025-05-12 05:07:34] WARNING: - 0 trust assignments processed
[2025-05-12 05:07:34] WARNING: - 2 users in trust network
[2025-05-12 05:07:34] WARNING: - 31 total trust relationships
[2025-05-12 05:17:33] WARNING: === Starting Twitter Trust System Collection ===
[2025-05-12 05:17:33] WARNING: Will collect tweets until reaching previous timestamp: 2025-05-12 06:54:05+00:00
[2025-05-12 05:17:33] WARNING: Retrieving page 1...
[2025-05-12 05:17:35] WARNING: Newest tweet is from: 2025-05-12 06:54:05+00:00
[2025-05-12 05:17:35] WARNING: Reached stop point at tweet from 2025-05-12 06:54:05+00:00
[2025-05-12 05:17:35] WARNING: Retrieved 0 new tweets on page 1
[2025-05-12 05:17:35] WARNING: Stopping pagination as we've reached the stop point
[2025-05-12 05:17:35] WARNING: Retrieved a total of 0 tweets across 1 pages
[2025-05-12 05:17:35] WARNING: No new tweets found with trust commands. Exiting without error.
[2025-05-12 05:17:35] WARNING: Collection complete!
[2025-05-12 05:17:35] WARNING: - 0 trust assignments processed
[2025-05-12 05:17:35] WARNING: - 2 users in trust network
[2025-05-12 05:17:35] WARNING: - 31 total trust relationships
[2025-05-12 05:27:33] WARNING: === Starting Twitter Trust System Collection ===
[2025-05-12 05:27:33] WARNING: Will collect tweets until reaching previous timestamp: 2025-05-12 06:54:05+00:00
[2025-05-12 05:27:33] WARNING: Retrieving page 1...
[2025-05-12 05:27:35] WARNING: Newest tweet is from: 2025-05-12 06:54:05+00:00
[2025-05-12 05:27:35] WARNING: Reached stop point at tweet from 2025-05-12 06:54:05+00:00
[2025-05-12 05:27:35] WARNING: Retrieved 0 new tweets on page 1
[2025-05-12 05:27:35] WARNING: Stopping pagination as we've reached the stop point
[2025-05-12 05:27:35] WARNING: Retrieved a total of 0 tweets across 1 pages
[2025-05-12 05:27:35] WARNING: No new tweets found with trust commands. Exiting without error.
[2025-05-12 05:27:35] WARNING: Collection complete!
[2025-05-12 05:27:35] WARNING: - 0 trust assignments processed
[2025-05-12 05:27:35] WARNING: - 2 users in trust network
[2025-05-12 05:27:35] WARNING: - 31 total trust relationships
[2025-05-12 05:37:33] WARNING: === Starting Twitter Trust System Collection ===
[2025-05-12 05:37:33] WARNING: Will collect tweets until reaching previous timestamp: 2025-05-12 06:54:05+00:00
[2025-05-12 05:37:33] WARNING: Retrieving page 1...
[2025-05-12 05:37:34] WARNING: Newest tweet is from: 2025-05-12 06:54:05+00:00
[2025-05-12 05:37:34] WARNING: Reached stop point at tweet from 2025-05-12 06:54:05+00:00
[2025-05-12 05:37:34] WARNING: Retrieved 0 new tweets on page 1
[2025-05-12 05:37:34] WARNING: Stopping pagination as we've reached the stop point
[2025-05-12 05:37:34] WARNING: Retrieved a total of 0 tweets across 1 pages
[2025-05-12 05:37:34] WARNING: No new tweets found with trust commands. Exiting without error.
[2025-05-12 05:37:34] WARNING: Collection complete!
[2025-05-12 05:37:34] WARNING: - 0 trust assignments processed
[2025-05-12 05:37:34] WARNING: - 2 users in trust network
[2025-05-12 05:37:34] WARNING: - 31 total trust relationships
[2025-05-12 05:47:33] WARNING: === Starting Twitter Trust System Collection ===
[2025-05-12 05:47:33] WARNING: Will collect tweets until reaching previous timestamp: 2025-05-12 06:54:05+00:00
[2025-05-12 05:47:33] WARNING: Retrieving page 1...
[2025-05-12 05:47:34] WARNING: Newest tweet is from: 2025-05-12 06:54:05+00:00
[2025-05-12 05:47:34] WARNING: Reached stop point at tweet from 2025-05-12 06:54:05+00:00
[2025-05-12 05:47:34] WARNING: Retrieved 0 new tweets on page 1
[2025-05-12 05:47:34] WARNING: Stopping pagination as we've reached the stop point
[2025-05-12 05:47:34] WARNING: Retrieved a total of 0 tweets across 1 pages
[2025-05-12 05:47:34] WARNING: No new tweets found with trust commands. Exiting without error.
[2025-05-12 05:47:34] WARNING: Collection complete!
[2025-05-12 05:47:34] WARNING: - 0 trust assignments processed
[2025-05-12 05:47:34] WARNING: - 2 users in trust network
[2025-05-12 05:47:34] WARNING: - 31 total trust relationships
[2025-05-12 05:57:33] WARNING: === Starting Twitter Trust System Collection ===
[2025-05-12 05:57:33] WARNING: Will collect tweets until reaching previous timestamp: 2025-05-12 06:54:05+00:00
[2025-05-12 05:57:33] WARNING: Retrieving page 1...
[2025-05-12 05:57:35] WARNING: Newest tweet is from: 2025-05-12 06:54:05+00:00
[2025-05-12 05:57:35] WARNING: Reached stop point at tweet from 2025-05-12 06:54:05+00:00
[2025-05-12 05:57:35] WARNING: Retrieved 0 new tweets on page 1
[2025-05-12 05:57:35] WARNING: Stopping pagination as we've reached the stop point
[2025-05-12 05:57:35] WARNING: Retrieved a total of 0 tweets across 1 pages
[2025-05-12 05:57:35] WARNING: No new tweets found with trust commands. Exiting without error.
[2025-05-12 05:57:35] WARNING: Collection complete!
[2025-05-12 05:57:35] WARNING: - 0 trust assignments processed
[2025-05-12 05:57:35] WARNING: - 2 users in trust network
[2025-05-12 05:57:35] WARNING: - 31 total trust relationships
[2025-05-12 06:07:33] WARNING: === Starting Twitter Trust System Collection ===
[2025-05-12 06:07:33] WARNING: Will collect tweets until reaching previous timestamp: 2025-05-12 06:54:05+00:00
[2025-05-12 06:07:33] WARNING: Retrieving page 1...
[2025-05-12 06:07:35] WARNING: Newest tweet is from: 2025-05-12 06:54:05+00:00
[2025-05-12 06:07:35] WARNING: Reached stop point at tweet from 2025-05-12 06:54:05+00:00
[2025-05-12 06:07:35] WARNING: Retrieved 0 new tweets on page 1
[2025-05-12 06:07:35] WARNING: Stopping pagination as we've reached the stop point
[2025-05-12 06:07:35] WARNING: Retrieved a total of 0 tweets across 1 pages
[2025-05-12 06:07:35] WARNING: No new tweets found with trust commands. Exiting without error.
[2025-05-12 06:07:35] WARNING: Collection complete!
[2025-05-12 06:07:35] WARNING: - 0 trust assignments processed
[2025-05-12 06:07:35] WARNING: - 2 users in trust network
[2025-05-12 06:07:35] WARNING: - 31 total trust relationships
[2025-05-12 06:17:33] WARNING: === Starting Twitter Trust System Collection ===
[2025-05-12 06:17:33] WARNING: Will collect tweets until reaching previous timestamp: 2025-05-12 06:54:05+00:00
[2025-05-12 06:17:33] WARNING: Retrieving page 1...
[2025-05-12 06:17:34] WARNING: Newest tweet is from: 2025-05-12 06:54:05+00:00
[2025-05-12 06:17:34] WARNING: Reached stop point at tweet from 2025-05-12 06:54:05+00:00
[2025-05-12 06:17:34] WARNING: Retrieved 0 new tweets on page 1
[2025-05-12 06:17:34] WARNING: Stopping pagination as we've reached the stop point
[2025-05-12 06:17:34] WARNING: Retrieved a total of 0 tweets across 1 pages
[2025-05-12 06:17:34] WARNING: No new tweets found with trust commands. Exiting without error.
[2025-05-12 06:17:34] WARNING: Collection complete!
[2025-05-12 06:17:34] WARNING: - 0 trust assignments processed
[2025-05-12 06:17:34] WARNING: - 2 users in trust network
[2025-05-12 06:17:34] WARNING: - 31 total trust relationships
[2025-05-12 06:27:33] WARNING: === Starting Twitter Trust System Collection ===
[2025-05-12 06:27:33] WARNING: Will collect tweets until reaching previous timestamp: 2025-05-12 06:54:05+00:00
[2025-05-12 06:27:33] WARNING: Retrieving page 1...
[2025-05-12 06:27:35] WARNING: Newest tweet is from: 2025-05-12 06:54:05+00:00
[2025-05-12 06:27:35] WARNING: Reached stop point at tweet from 2025-05-12 06:54:05+00:00
[2025-05-12 06:27:35] WARNING: Retrieved 0 new tweets on page 1
[2025-05-12 06:27:35] WARNING: Stopping pagination as we've reached the stop point
[2025-05-12 06:27:35] WARNING: Retrieved a total of 0 tweets across 1 pages
[2025-05-12 06:27:35] WARNING: No new tweets found with trust commands. Exiting without error.
[2025-05-12 06:27:35] WARNING: Collection complete!
[2025-05-12 06:27:35] WARNING: - 0 trust assignments processed
[2025-05-12 06:27:35] WARNING: - 2 users in trust network
[2025-05-12 06:27:35] WARNING: - 31 total trust relationships
[2025-05-12 06:37:33] WARNING: === Starting Twitter Trust System Collection ===
[2025-05-12 06:37:33] WARNING: Will collect tweets until reaching previous timestamp: 2025-05-12 06:54:05+00:00
[2025-05-12 06:37:33] WARNING: Retrieving page 1...
[2025-05-12 06:37:35] WARNING: Newest tweet is from: 2025-05-12 06:54:05+00:00
[2025-05-12 06:37:35] WARNING: Reached stop point at tweet from 2025-05-12 06:54:05+00:00
[2025-05-12 06:37:35] WARNING: Retrieved 0 new tweets on page 1
[2025-05-12 06:37:35] WARNING: Stopping pagination as we've reached the stop point
[2025-05-12 06:37:35] WARNING: Retrieved a total of 0 tweets across 1 pages
[2025-05-12 06:37:35] WARNING: No new tweets found with trust commands. Exiting without error.
[2025-05-12 06:37:35] WARNING: Collection complete!
[2025-05-12 06:37:35] WARNING: - 0 trust assignments processed
[2025-05-12 06:37:35] WARNING: - 2 users in trust network
[2025-05-12 06:37:35] WARNING: - 31 total trust relationships
[2025-05-12 06:47:33] WARNING: === Starting Twitter Trust System Collection ===
[2025-05-12 06:47:33] WARNING: Will collect tweets until reaching previous timestamp: 2025-05-12 06:54:05+00:00
[2025-05-12 06:47:33] WARNING: Retrieving page 1...
[2025-05-12 06:47:35] WARNING: Newest tweet is from: 2025-05-12 06:54:05+00:00
[2025-05-12 06:47:35] WARNING: Reached stop point at tweet from 2025-05-12 06:54:05+00:00
[2025-05-12 06:47:35] WARNING: Retrieved 0 new tweets on page 1
[2025-05-12 06:47:35] WARNING: Stopping pagination as we've reached the stop point
[2025-05-12 06:47:35] WARNING: Retrieved a total of 0 tweets across 1 pages
[2025-05-12 06:47:35] WARNING: No new tweets found with trust commands. Exiting without error.
[2025-05-12 06:47:35] WARNING: Collection complete!
[2025-05-12 06:47:35] WARNING: - 0 trust assignments processed
[2025-05-12 06:47:35] WARNING: - 2 users in trust network
[2025-05-12 06:47:35] WARNING: - 31 total trust relationships
[2025-05-12 06:57:33] WARNING: === Starting Twitter Trust System Collection ===
[2025-05-12 06:57:33] WARNING: Will collect tweets until reaching previous timestamp: 2025-05-12 06:54:05+00:00
[2025-05-12 06:57:33] WARNING: Retrieving page 1...
[2025-05-12 06:57:35] WARNING: Newest tweet is from: 2025-05-12 06:54:05+00:00
[2025-05-12 06:57:35] WARNING: Reached stop point at tweet from 2025-05-12 06:54:05+00:00
[2025-05-12 06:57:35] WARNING: Retrieved 0 new tweets on page 1
[2025-05-12 06:57:35] WARNING: Stopping pagination as we've reached the stop point
[2025-05-12 06:57:35] WARNING: Retrieved a total of 0 tweets across 1 pages
[2025-05-12 06:57:35] WARNING: No new tweets found with trust commands. Exiting without error.
[2025-05-12 06:57:35] WARNING: Collection complete!
[2025-05-12 06:57:35] WARNING: - 0 trust assignments processed
[2025-05-12 06:57:35] WARNING: - 2 users in trust network
[2025-05-12 06:57:35] WARNING: - 31 total trust relationships
[2025-05-12 07:07:33] WARNING: === Starting Twitter Trust System Collection ===
[2025-05-12 07:07:33] WARNING: Will collect tweets until reaching previous timestamp: 2025-05-12 06:54:05+00:00
[2025-05-12 07:07:33] WARNING: Retrieving page 1...
[2025-05-12 07:07:35] WARNING: Newest tweet is from: 2025-05-12 06:54:05+00:00
[2025-05-12 07:07:35] WARNING: Reached stop point at tweet from 2025-05-12 06:54:05+00:00
[2025-05-12 07:07:35] WARNING: Retrieved 0 new tweets on page 1
[2025-05-12 07:07:35] WARNING: Stopping pagination as we've reached the stop point
[2025-05-12 07:07:35] WARNING: Retrieved a total of 0 tweets across 1 pages
[2025-05-12 07:07:35] WARNING: No new tweets found with trust commands. Exiting without error.
[2025-05-12 07:07:35] WARNING: Collection complete!
[2025-05-12 07:07:35] WARNING: - 0 trust assignments processed
[2025-05-12 07:07:35] WARNING: - 2 users in trust network
[2025-05-12 07:07:35] WARNING: - 31 total trust relationships
[2025-05-12 07:17:33] WARNING: === Starting Twitter Trust System Collection ===
[2025-05-12 07:17:33] WARNING: Will collect tweets until reaching previous timestamp: 2025-05-12 06:54:05+00:00
[2025-05-12 07:17:33] WARNING: Retrieving page 1...
[2025-05-12 07:17:35] WARNING: Newest tweet is from: 2025-05-12 06:54:05+00:00
[2025-05-12 07:17:35] WARNING: Reached stop point at tweet from 2025-05-12 06:54:05+00:00
[2025-05-12 07:17:35] WARNING: Retrieved 0 new tweets on page 1
[2025-05-12 07:17:35] WARNING: Stopping pagination as we've reached the stop point
[2025-05-12 07:17:35] WARNING: Retrieved a total of 0 tweets across 1 pages
[2025-05-12 07:17:35] WARNING: No new tweets found with trust commands. Exiting without error.
[2025-05-12 07:17:35] WARNING: Collection complete!
[2025-05-12 07:17:35] WARNING: - 0 trust assignments processed
[2025-05-12 07:17:35] WARNING: - 2 users in trust network
[2025-05-12 07:17:35] WARNING: - 31 total trust relationships
[2025-05-12 07:27:33] WARNING: === Starting Twitter Trust System Collection ===
[2025-05-12 07:27:33] WARNING: Will collect tweets until reaching previous timestamp: 2025-05-12 06:54:05+00:00
[2025-05-12 07:27:33] WARNING: Retrieving page 1...
[2025-05-12 07:27:34] WARNING: Newest tweet is from: 2025-05-12 06:54:05+00:00
[2025-05-12 07:27:34] WARNING: Reached stop point at tweet from 2025-05-12 06:54:05+00:00
[2025-05-12 07:27:34] WARNING: Retrieved 0 new tweets on page 1
[2025-05-12 07:27:34] WARNING: Stopping pagination as we've reached the stop point
[2025-05-12 07:27:34] WARNING: Retrieved a total of 0 tweets across 1 pages
[2025-05-12 07:27:34] WARNING: No new tweets found with trust commands. Exiting without error.
[2025-05-12 07:27:34] WARNING: Collection complete!
[2025-05-12 07:27:34] WARNING: - 0 trust assignments processed
[2025-05-12 07:27:34] WARNING: - 2 users in trust network
[2025-05-12 07:27:34] WARNING: - 31 total trust relationships
[2025-05-12 07:37:33] WARNING: === Starting Twitter Trust System Collection ===
[2025-05-12 07:37:33] WARNING: Will collect tweets until reaching previous timestamp: 2025-05-12 06:54:05+00:00
[2025-05-12 07:37:33] WARNING: Retrieving page 1...
[2025-05-12 07:37:35] WARNING: Newest tweet is from: 2025-05-12 06:54:05+00:00
[2025-05-12 07:37:35] WARNING: Reached stop point at tweet from 2025-05-12 06:54:05+00:00
[2025-05-12 07:37:35] WARNING: Retrieved 0 new tweets on page 1
[2025-05-12 07:37:35] WARNING: Stopping pagination as we've reached the stop point
[2025-05-12 07:37:35] WARNING: Retrieved a total of 0 tweets across 1 pages
[2025-05-12 07:37:35] WARNING: No new tweets found with trust commands. Exiting without error.
[2025-05-12 07:37:35] WARNING: Collection complete!
[2025-05-12 07:37:35] WARNING: - 0 trust assignments processed
[2025-05-12 07:37:35] WARNING: - 2 users in trust network
[2025-05-12 07:37:35] WARNING: - 31 total trust relationships
[2025-05-12 07:47:33] WARNING: === Starting Twitter Trust System Collection ===
[2025-05-12 07:47:33] WARNING: Will collect tweets until reaching previous timestamp: 2025-05-12 06:54:05+00:00
[2025-05-12 07:47:33] WARNING: Retrieving page 1...
[2025-05-12 07:47:35] WARNING: Newest tweet is from: 2025-05-12 06:54:05+00:00
[2025-05-12 07:47:35] WARNING: Reached stop point at tweet from 2025-05-12 06:54:05+00:00
[2025-05-12 07:47:35] WARNING: Retrieved 0 new tweets on page 1
[2025-05-12 07:47:35] WARNING: Stopping pagination as we've reached the stop point
[2025-05-12 07:47:35] WARNING: Retrieved a total of 0 tweets across 1 pages
[2025-05-12 07:47:35] WARNING: No new tweets found with trust commands. Exiting without error.
[2025-05-12 07:47:35] WARNING: Collection complete!
[2025-05-12 07:47:35] WARNING: - 0 trust assignments processed
[2025-05-12 07:47:35] WARNING: - 2 users in trust network
[2025-05-12 07:47:35] WARNING: - 31 total trust relationships
[2025-05-12 07:57:33] WARNING: === Starting Twitter Trust System Collection ===
[2025-05-12 07:57:33] WARNING: Will collect tweets until reaching previous timestamp: 2025-05-12 06:54:05+00:00
[2025-05-12 07:57:33] WARNING: Retrieving page 1...
[2025-05-12 07:57:35] WARNING: Newest tweet is from: 2025-05-12 06:54:05+00:00
[2025-05-12 07:57:35] WARNING: Reached stop point at tweet from 2025-05-12 06:54:05+00:00
[2025-05-12 07:57:35] WARNING: Retrieved 0 new tweets on page 1
[2025-05-12 07:57:35] WARNING: Stopping pagination as we've reached the stop point
[2025-05-12 07:57:35] WARNING: Retrieved a total of 0 tweets across 1 pages
[2025-05-12 07:57:35] WARNING: No new tweets found with trust commands. Exiting without error.
[2025-05-12 07:57:35] WARNING: Collection complete!
[2025-05-12 07:57:35] WARNING: - 0 trust assignments processed
[2025-05-12 07:57:35] WARNING: - 2 users in trust network
[2025-05-12 07:57:35] WARNING: - 31 total trust relationships
[2025-05-12 08:07:33] WARNING: === Starting Twitter Trust System Collection ===
[2025-05-12 08:07:33] WARNING: Will collect tweets until reaching previous timestamp: 2025-05-12 06:54:05+00:00
[2025-05-12 08:07:33] WARNING: Retrieving page 1...
[2025-05-12 08:07:35] WARNING: Newest tweet is from: 2025-05-12 06:54:05+00:00
[2025-05-12 08:07:35] WARNING: Reached stop point at tweet from 2025-05-12 06:54:05+00:00
[2025-05-12 08:07:35] WARNING: Retrieved 0 new tweets on page 1
[2025-05-12 08:07:35] WARNING: Stopping pagination as we've reached the stop point
[2025-05-12 08:07:35] WARNING: Retrieved a total of 0 tweets across 1 pages
[2025-05-12 08:07:35] WARNING: No new tweets found with trust commands. Exiting without error.
[2025-05-12 08:07:35] WARNING: Collection complete!
[2025-05-12 08:07:35] WARNING: - 0 trust assignments processed
[2025-05-12 08:07:35] WARNING: - 2 users in trust network
[2025-05-12 08:07:35] WARNING: - 31 total trust relationships
[2025-05-12 08:17:33] WARNING: === Starting Twitter Trust System Collection ===
[2025-05-12 08:17:33] WARNING: Will collect tweets until reaching previous timestamp: 2025-05-12 06:54:05+00:00
[2025-05-12 08:17:33] WARNING: Retrieving page 1...
[2025-05-12 08:17:35] WARNING: Newest tweet is from: 2025-05-12 06:54:05+00:00
[2025-05-12 08:17:35] WARNING: Reached stop point at tweet from 2025-05-12 06:54:05+00:00
[2025-05-12 08:17:35] WARNING: Retrieved 0 new tweets on page 1
[2025-05-12 08:17:35] WARNING: Stopping pagination as we've reached the stop point
[2025-05-12 08:17:35] WARNING: Retrieved a total of 0 tweets across 1 pages
[2025-05-12 08:17:35] WARNING: No new tweets found with trust commands. Exiting without error.
[2025-05-12 08:17:35] WARNING: Collection complete!
[2025-05-12 08:17:35] WARNING: - 0 trust assignments processed
[2025-05-12 08:17:35] WARNING: - 2 users in trust network
[2025-05-12 08:17:35] WARNING: - 31 total trust relationships
[2025-05-12 08:27:33] WARNING: === Starting Twitter Trust System Collection ===
[2025-05-12 08:27:33] WARNING: Will collect tweets until reaching previous timestamp: 2025-05-12 06:54:05+00:00
[2025-05-12 08:27:33] WARNING: Retrieving page 1...
[2025-05-12 08:27:35] WARNING: Newest tweet is from: 2025-05-12 06:54:05+00:00
[2025-05-12 08:27:35] WARNING: Reached stop point at tweet from 2025-05-12 06:54:05+00:00
[2025-05-12 08:27:35] WARNING: Retrieved 0 new tweets on page 1
[2025-05-12 08:27:35] WARNING: Stopping pagination as we've reached the stop point
[2025-05-12 08:27:35] WARNING: Retrieved a total of 0 tweets across 1 pages
[2025-05-12 08:27:35] WARNING: No new tweets found with trust commands. Exiting without error.
[2025-05-12 08:27:35] WARNING: Collection complete!
[2025-05-12 08:27:35] WARNING: - 0 trust assignments processed
[2025-05-12 08:27:35] WARNING: - 2 users in trust network
[2025-05-12 08:27:35] WARNING: - 31 total trust relationships
[2025-05-12 08:37:33] WARNING: === Starting Twitter Trust System Collection ===
[2025-05-12 08:37:33] WARNING: Will collect tweets until reaching previous timestamp: 2025-05-12 06:54:05+00:00
[2025-05-12 08:37:33] WARNING: Retrieving page 1...
[2025-05-12 08:37:35] WARNING: Newest tweet is from: 2025-05-12 06:54:05+00:00
[2025-05-12 08:37:35] WARNING: Reached stop point at tweet from 2025-05-12 06:54:05+00:00
[2025-05-12 08:37:35] WARNING: Retrieved 0 new tweets on page 1
[2025-05-12 08:37:35] WARNING: Stopping pagination as we've reached the stop point
[2025-05-12 08:37:35] WARNING: Retrieved a total of 0 tweets across 1 pages
[2025-05-12 08:37:35] WARNING: No new tweets found with trust commands. Exiting without error.
[2025-05-12 08:37:35] WARNING: Collection complete!
[2025-05-12 08:37:35] WARNING: - 0 trust assignments processed
[2025-05-12 08:37:35] WARNING: - 2 users in trust network
[2025-05-12 08:37:35] WARNING: - 31 total trust relationships
[2025-05-12 08:47:33] WARNING: === Starting Twitter Trust System Collection ===
[2025-05-12 08:47:33] WARNING: Will collect tweets until reaching previous timestamp: 2025-05-12 06:54:05+00:00
[2025-05-12 08:47:33] WARNING: Retrieving page 1...
[2025-05-12 08:47:35] WARNING: Newest tweet is from: 2025-05-12 06:54:05+00:00
[2025-05-12 08:47:35] WARNING: Reached stop point at tweet from 2025-05-12 06:54:05+00:00
[2025-05-12 08:47:35] WARNING: Retrieved 0 new tweets on page 1
[2025-05-12 08:47:35] WARNING: Stopping pagination as we've reached the stop point
[2025-05-12 08:47:35] WARNING: Retrieved a total of 0 tweets across 1 pages
[2025-05-12 08:47:35] WARNING: No new tweets found with trust commands. Exiting without error.
[2025-05-12 08:47:35] WARNING: Collection complete!
[2025-05-12 08:47:35] WARNING: - 0 trust assignments processed
[2025-05-12 08:47:35] WARNING: - 2 users in trust network
[2025-05-12 08:47:35] WARNING: - 31 total trust relationships
[2025-05-12 08:47:35] Calculating trust scores from collected data...
[2025-05-12 08:47:39] INFO: Community Community A (18 members): AskaPol_UAPs, ChrisUKSharp, DanHaug6, Eyes_OnTheSkies, FettucineSplit, GoodTroubleShow, Halsrethink, JeremyCorbell, JonMajerowski, LueElizondo, PTHellyer, SnakePo9, TheOfficialQF, g_knapp, jamescfox, jayanderson, rosscoulthart, ufobeliever1947
[2025-05-12 08:47:39] INFO: Community Community B (7 members): MiddleofMayhem, OSIRISUAP, ShipsSmall, cosmic_surplus, likeitmatters3, susangerbic, ufoskeptic1968
[2025-05-12 08:47:39] INFO: Community analysis written to community_analysis.txt
[2025-05-12 08:47:39] WARNING: Generating trust network visualization...
[2025-05-12 08:47:40] WARNING: Network visualization saved to visualization/trust_network.png
[2025-05-12 08:47:40] WARNING: Creating JSON data structure...
[2025-05-12 08:47:40] WARNING: Successfully generated js/data.js with:
[2025-05-12 08:47:40] WARNING: - 25 users
[2025-05-12 08:47:40] WARNING: - 31 trust relationships
[2025-05-12 08:47:40] WARNING: - 2 communities
[2025-05-12 08:47:40] WARNING: Trust calculation completed successfully.
[2025-05-12 08:47:40] Committing and pushing changes to GitHub...
[2025-05-12 08:47:42] Successfully updated the trust system!
[2025-05-12 08:47:42] Website will be updated at https://github.com/UFOtwittertrust/ufotwittertrust/
[2025-05-12 08:47:42] Trust system update completed with 0 total trust relationships
[2025-05-12 08:47:42] 
[2025-05-12 08:47:42] To participate in the trust system, users should tweet:
[2025-05-12 08:47:42] #ufotrust @username +70
[2025-05-12 08:47:42] or
[2025-05-12 08:47:42] #ufotrust @username -30
[2025-05-12 08:47:42] 
[2025-05-12 08:47:42] The system will be updated every 10 minutes with new trust assignments.
