[2025-06-12 13:17:32] Starting Twitter Trust System update process...
[2025-06-12 13:17:32] Update frequency set to: 10 minutes
[2025-06-12 13:17:32] Collecting trust assignments from Twitter...
[2025-06-12 13:17:35] Warning: Trust assignments file not updated recently (last modified 05/24/2025 07:17:37)
[2025-06-12 09:47:33] WARNING: === Starting Twitter Trust System Collection ===
[2025-06-12 09:47:33] WARNING: Will collect tweets until reaching previous timestamp: 2025-05-12 06:54:05+00:00
[2025-06-12 09:47:33] WARNING: Retrieving page 1...
[2025-06-12 09:47:34] WARNING: Newest tweet is from: 2025-05-12 06:54:05+00:00
[2025-06-12 09:47:34] WARNING: Reached stop point at tweet from 2025-05-12 06:54:05+00:00
[2025-06-12 09:47:34] WARNING: Retrieved 0 new tweets on page 1
[2025-06-12 09:47:34] WARNING: Stopping pagination as we've reached the stop point
[2025-06-12 09:47:34] WARNING: Retrieved a total of 0 tweets across 1 pages
[2025-06-12 09:47:34] WARNING: No new tweets found with trust commands. Exiting without error.
[2025-06-12 09:47:34] WARNING: Collection complete!
[2025-06-12 09:47:34] WARNING: - 0 trust assignments processed
[2025-06-12 09:47:34] WARNING: - 2 users in trust network
[2025-06-12 09:47:34] WARNING: - 31 total trust relationships
[2025-06-12 09:57:33] WARNING: === Starting Twitter Trust System Collection ===
[2025-06-12 09:57:33] WARNING: Will collect tweets until reaching previous timestamp: 2025-05-12 06:54:05+00:00
[2025-06-12 09:57:33] WARNING: Retrieving page 1...
[2025-06-12 09:57:35] WARNING: Newest tweet is from: 2025-05-12 06:54:05+00:00
[2025-06-12 09:57:35] WARNING: Reached stop point at tweet from 2025-05-12 06:54:05+00:00
[2025-06-12 09:57:35] WARNING: Retrieved 0 new tweets on page 1
[2025-06-12 09:57:35] WARNING: Stopping pagination as we've reached the stop point
[2025-06-12 09:57:35] WARNING: Retrieved a total of 0 tweets across 1 pages
[2025-06-12 09:57:35] WARNING: No new tweets found with trust commands. Exiting without error.
[2025-06-12 09:57:35] WARNING: Collection complete!
[2025-06-12 09:57:35] WARNING: - 0 trust assignments processed
[2025-06-12 09:57:35] WARNING: - 2 users in trust network
[2025-06-12 09:57:35] WARNING: - 31 total trust relationships
[2025-06-12 10:07:33] WARNING: === Starting Twitter Trust System Collection ===
[2025-06-12 10:07:33] WARNING: Will collect tweets until reaching previous timestamp: 2025-05-12 06:54:05+00:00
[2025-06-12 10:07:33] WARNING: Retrieving page 1...
[2025-06-12 10:07:36] WARNING: Newest tweet is from: 2025-05-12 06:54:05+00:00
[2025-06-12 10:07:36] WARNING: Reached stop point at tweet from 2025-05-12 06:54:05+00:00
[2025-06-12 10:07:36] WARNING: Retrieved 0 new tweets on page 1
[2025-06-12 10:07:36] WARNING: Stopping pagination as we've reached the stop point
[2025-06-12 10:07:36] WARNING: Retrieved a total of 0 tweets across 1 pages
[2025-06-12 10:07:36] WARNING: No new tweets found with trust commands. Exiting without error.
[2025-06-12 10:07:36] WARNING: Collection complete!
[2025-06-12 10:07:36] WARNING: - 0 trust assignments processed
[2025-06-12 10:07:36] WARNING: - 2 users in trust network
[2025-06-12 10:07:36] WARNING: - 31 total trust relationships
[2025-06-12 10:17:33] WARNING: === Starting Twitter Trust System Collection ===
[2025-06-12 10:17:33] WARNING: Will collect tweets until reaching previous timestamp: 2025-05-12 06:54:05+00:00
[2025-06-12 10:17:33] WARNING: Retrieving page 1...
[2025-06-12 10:17:35] WARNING: Newest tweet is from: 2025-05-12 06:54:05+00:00
[2025-06-12 10:17:35] WARNING: Reached stop point at tweet from 2025-05-12 06:54:05+00:00
[2025-06-12 10:17:35] WARNING: Retrieved 0 new tweets on page 1
[2025-06-12 10:17:35] WARNING: Stopping pagination as we've reached the stop point
[2025-06-12 10:17:35] WARNING: Retrieved a total of 0 tweets across 1 pages
[2025-06-12 10:17:35] WARNING: No new tweets found with trust commands. Exiting without error.
[2025-06-12 10:17:35] WARNING: Collection complete!
[2025-06-12 10:17:35] WARNING: - 0 trust assignments processed
[2025-06-12 10:17:35] WARNING: - 2 users in trust network
[2025-06-12 10:17:35] WARNING: - 31 total trust relationships
[2025-06-12 10:27:33] WARNING: === Starting Twitter Trust System Collection ===
[2025-06-12 10:27:33] WARNING: Will collect tweets until reaching previous timestamp: 2025-05-12 06:54:05+00:00
[2025-06-12 10:27:33] WARNING: Retrieving page 1...
[2025-06-12 10:27:34] WARNING: Newest tweet is from: 2025-05-12 06:54:05+00:00
[2025-06-12 10:27:34] WARNING: Reached stop point at tweet from 2025-05-12 06:54:05+00:00
[2025-06-12 10:27:34] WARNING: Retrieved 0 new tweets on page 1
[2025-06-12 10:27:34] WARNING: Stopping pagination as we've reached the stop point
[2025-06-12 10:27:34] WARNING: Retrieved a total of 0 tweets across 1 pages
[2025-06-12 10:27:34] WARNING: No new tweets found with trust commands. Exiting without error.
[2025-06-12 10:27:34] WARNING: Collection complete!
[2025-06-12 10:27:34] WARNING: - 0 trust assignments processed
[2025-06-12 10:27:34] WARNING: - 2 users in trust network
[2025-06-12 10:27:34] WARNING: - 31 total trust relationships
[2025-06-12 10:37:33] WARNING: === Starting Twitter Trust System Collection ===
[2025-06-12 10:37:33] WARNING: Will collect tweets until reaching previous timestamp: 2025-05-12 06:54:05+00:00
[2025-06-12 10:37:33] WARNING: Retrieving page 1...
[2025-06-12 10:37:35] WARNING: Newest tweet is from: 2025-05-12 06:54:05+00:00
[2025-06-12 10:37:35] WARNING: Reached stop point at tweet from 2025-05-12 06:54:05+00:00
[2025-06-12 10:37:35] WARNING: Retrieved 0 new tweets on page 1
[2025-06-12 10:37:35] WARNING: Stopping pagination as we've reached the stop point
[2025-06-12 10:37:35] WARNING: Retrieved a total of 0 tweets across 1 pages
[2025-06-12 10:37:35] WARNING: No new tweets found with trust commands. Exiting without error.
[2025-06-12 10:37:35] WARNING: Collection complete!
[2025-06-12 10:37:35] WARNING: - 0 trust assignments processed
[2025-06-12 10:37:35] WARNING: - 2 users in trust network
[2025-06-12 10:37:35] WARNING: - 31 total trust relationships
[2025-06-12 10:47:33] WARNING: === Starting Twitter Trust System Collection ===
[2025-06-12 10:47:33] WARNING: Will collect tweets until reaching previous timestamp: 2025-05-12 06:54:05+00:00
[2025-06-12 10:47:33] WARNING: Retrieving page 1...
[2025-06-12 10:47:34] WARNING: Newest tweet is from: 2025-05-12 06:54:05+00:00
[2025-06-12 10:47:34] WARNING: Reached stop point at tweet from 2025-05-12 06:54:05+00:00
[2025-06-12 10:47:34] WARNING: Retrieved 0 new tweets on page 1
[2025-06-12 10:47:34] WARNING: Stopping pagination as we've reached the stop point
[2025-06-12 10:47:34] WARNING: Retrieved a total of 0 tweets across 1 pages
[2025-06-12 10:47:34] WARNING: No new tweets found with trust commands. Exiting without error.
[2025-06-12 10:47:34] WARNING: Collection complete!
[2025-06-12 10:47:34] WARNING: - 0 trust assignments processed
[2025-06-12 10:47:34] WARNING: - 2 users in trust network
[2025-06-12 10:47:34] WARNING: - 31 total trust relationships
[2025-06-12 10:57:33] WARNING: === Starting Twitter Trust System Collection ===
[2025-06-12 10:57:33] WARNING: Will collect tweets until reaching previous timestamp: 2025-05-12 06:54:05+00:00
[2025-06-12 10:57:33] WARNING: Retrieving page 1...
[2025-06-12 10:57:34] WARNING: Newest tweet is from: 2025-05-12 06:54:05+00:00
[2025-06-12 10:57:34] WARNING: Reached stop point at tweet from 2025-05-12 06:54:05+00:00
[2025-06-12 10:57:34] WARNING: Retrieved 0 new tweets on page 1
[2025-06-12 10:57:34] WARNING: Stopping pagination as we've reached the stop point
[2025-06-12 10:57:35] WARNING: Retrieved a total of 0 tweets across 1 pages
[2025-06-12 10:57:35] WARNING: No new tweets found with trust commands. Exiting without error.
[2025-06-12 10:57:35] WARNING: Collection complete!
[2025-06-12 10:57:35] WARNING: - 0 trust assignments processed
[2025-06-12 10:57:35] WARNING: - 2 users in trust network
[2025-06-12 10:57:35] WARNING: - 31 total trust relationships
[2025-06-12 11:07:33] WARNING: === Starting Twitter Trust System Collection ===
[2025-06-12 11:07:33] WARNING: Will collect tweets until reaching previous timestamp: 2025-05-12 06:54:05+00:00
[2025-06-12 11:07:33] WARNING: Retrieving page 1...
[2025-06-12 11:07:34] WARNING: Newest tweet is from: 2025-05-12 06:54:05+00:00
[2025-06-12 11:07:34] WARNING: Reached stop point at tweet from 2025-05-12 06:54:05+00:00
[2025-06-12 11:07:34] WARNING: Retrieved 0 new tweets on page 1
[2025-06-12 11:07:34] WARNING: Stopping pagination as we've reached the stop point
[2025-06-12 11:07:34] WARNING: Retrieved a total of 0 tweets across 1 pages
[2025-06-12 11:07:34] WARNING: No new tweets found with trust commands. Exiting without error.
[2025-06-12 11:07:34] WARNING: Collection complete!
[2025-06-12 11:07:34] WARNING: - 0 trust assignments processed
[2025-06-12 11:07:34] WARNING: - 2 users in trust network
[2025-06-12 11:07:34] WARNING: - 31 total trust relationships
[2025-06-12 11:17:33] WARNING: === Starting Twitter Trust System Collection ===
[2025-06-12 11:17:33] WARNING: Will collect tweets until reaching previous timestamp: 2025-05-12 06:54:05+00:00
[2025-06-12 11:17:33] WARNING: Retrieving page 1...
[2025-06-12 11:17:34] WARNING: Newest tweet is from: 2025-05-12 06:54:05+00:00
[2025-06-12 11:17:34] WARNING: Reached stop point at tweet from 2025-05-12 06:54:05+00:00
[2025-06-12 11:17:34] WARNING: Retrieved 0 new tweets on page 1
[2025-06-12 11:17:34] WARNING: Stopping pagination as we've reached the stop point
[2025-06-12 11:17:34] WARNING: Retrieved a total of 0 tweets across 1 pages
[2025-06-12 11:17:34] WARNING: No new tweets found with trust commands. Exiting without error.
[2025-06-12 11:17:34] WARNING: Collection complete!
[2025-06-12 11:17:34] WARNING: - 0 trust assignments processed
[2025-06-12 11:17:34] WARNING: - 2 users in trust network
[2025-06-12 11:17:34] WARNING: - 31 total trust relationships
[2025-06-12 11:27:33] WARNING: === Starting Twitter Trust System Collection ===
[2025-06-12 11:27:33] WARNING: Will collect tweets until reaching previous timestamp: 2025-05-12 06:54:05+00:00
[2025-06-12 11:27:33] WARNING: Retrieving page 1...
[2025-06-12 11:27:35] WARNING: Newest tweet is from: 2025-05-12 06:54:05+00:00
[2025-06-12 11:27:35] WARNING: Reached stop point at tweet from 2025-05-12 06:54:05+00:00
[2025-06-12 11:27:35] WARNING: Retrieved 0 new tweets on page 1
[2025-06-12 11:27:35] WARNING: Stopping pagination as we've reached the stop point
[2025-06-12 11:27:35] WARNING: Retrieved a total of 0 tweets across 1 pages
[2025-06-12 11:27:35] WARNING: No new tweets found with trust commands. Exiting without error.
[2025-06-12 11:27:35] WARNING: Collection complete!
[2025-06-12 11:27:35] WARNING: - 0 trust assignments processed
[2025-06-12 11:27:35] WARNING: - 2 users in trust network
[2025-06-12 11:27:35] WARNING: - 31 total trust relationships
[2025-06-12 11:37:33] WARNING: === Starting Twitter Trust System Collection ===
[2025-06-12 11:37:33] WARNING: Will collect tweets until reaching previous timestamp: 2025-05-12 06:54:05+00:00
[2025-06-12 11:37:33] WARNING: Retrieving page 1...
[2025-06-12 11:37:35] WARNING: Newest tweet is from: 2025-05-12 06:54:05+00:00
[2025-06-12 11:37:35] WARNING: Reached stop point at tweet from 2025-05-12 06:54:05+00:00
[2025-06-12 11:37:35] WARNING: Retrieved 0 new tweets on page 1
[2025-06-12 11:37:35] WARNING: Stopping pagination as we've reached the stop point
[2025-06-12 11:37:35] WARNING: Retrieved a total of 0 tweets across 1 pages
[2025-06-12 11:37:35] WARNING: No new tweets found with trust commands. Exiting without error.
[2025-06-12 11:37:35] WARNING: Collection complete!
[2025-06-12 11:37:35] WARNING: - 0 trust assignments processed
[2025-06-12 11:37:35] WARNING: - 2 users in trust network
[2025-06-12 11:37:35] WARNING: - 31 total trust relationships
[2025-06-12 11:47:33] WARNING: === Starting Twitter Trust System Collection ===
[2025-06-12 11:47:33] WARNING: Will collect tweets until reaching previous timestamp: 2025-05-12 06:54:05+00:00
[2025-06-12 11:47:33] WARNING: Retrieving page 1...
[2025-06-12 11:47:35] WARNING: Newest tweet is from: 2025-05-12 06:54:05+00:00
[2025-06-12 11:47:35] WARNING: Reached stop point at tweet from 2025-05-12 06:54:05+00:00
[2025-06-12 11:47:35] WARNING: Retrieved 0 new tweets on page 1
[2025-06-12 11:47:35] WARNING: Stopping pagination as we've reached the stop point
[2025-06-12 11:47:35] WARNING: Retrieved a total of 0 tweets across 1 pages
[2025-06-12 11:47:35] WARNING: No new tweets found with trust commands. Exiting without error.
[2025-06-12 11:47:35] WARNING: Collection complete!
[2025-06-12 11:47:35] WARNING: - 0 trust assignments processed
[2025-06-12 11:47:35] WARNING: - 2 users in trust network
[2025-06-12 11:47:35] WARNING: - 31 total trust relationships
[2025-06-12 11:57:33] WARNING: === Starting Twitter Trust System Collection ===
[2025-06-12 11:57:33] WARNING: Will collect tweets until reaching previous timestamp: 2025-05-12 06:54:05+00:00
[2025-06-12 11:57:33] WARNING: Retrieving page 1...
[2025-06-12 11:57:35] WARNING: Newest tweet is from: 2025-05-12 06:54:05+00:00
[2025-06-12 11:57:35] WARNING: Reached stop point at tweet from 2025-05-12 06:54:05+00:00
[2025-06-12 11:57:35] WARNING: Retrieved 0 new tweets on page 1
[2025-06-12 11:57:35] WARNING: Stopping pagination as we've reached the stop point
[2025-06-12 11:57:35] WARNING: Retrieved a total of 0 tweets across 1 pages
[2025-06-12 11:57:35] WARNING: No new tweets found with trust commands. Exiting without error.
[2025-06-12 11:57:35] WARNING: Collection complete!
[2025-06-12 11:57:35] WARNING: - 0 trust assignments processed
[2025-06-12 11:57:35] WARNING: - 2 users in trust network
[2025-06-12 11:57:35] WARNING: - 31 total trust relationships
[2025-06-12 12:07:33] WARNING: === Starting Twitter Trust System Collection ===
[2025-06-12 12:07:33] WARNING: Will collect tweets until reaching previous timestamp: 2025-05-12 06:54:05+00:00
[2025-06-12 12:07:33] WARNING: Retrieving page 1...
[2025-06-12 12:07:35] WARNING: Newest tweet is from: 2025-05-12 06:54:05+00:00
[2025-06-12 12:07:35] WARNING: Reached stop point at tweet from 2025-05-12 06:54:05+00:00
[2025-06-12 12:07:35] WARNING: Retrieved 0 new tweets on page 1
[2025-06-12 12:07:35] WARNING: Stopping pagination as we've reached the stop point
[2025-06-12 12:07:35] WARNING: Retrieved a total of 0 tweets across 1 pages
[2025-06-12 12:07:35] WARNING: No new tweets found with trust commands. Exiting without error.
[2025-06-12 12:07:35] WARNING: Collection complete!
[2025-06-12 12:07:35] WARNING: - 0 trust assignments processed
[2025-06-12 12:07:35] WARNING: - 2 users in trust network
[2025-06-12 12:07:35] WARNING: - 31 total trust relationships
[2025-06-12 12:17:33] WARNING: === Starting Twitter Trust System Collection ===
[2025-06-12 12:17:33] WARNING: Will collect tweets until reaching previous timestamp: 2025-05-12 06:54:05+00:00
[2025-06-12 12:17:33] WARNING: Retrieving page 1...
[2025-06-12 12:17:36] WARNING: Newest tweet is from: 2025-05-12 06:54:05+00:00
[2025-06-12 12:17:36] WARNING: Reached stop point at tweet from 2025-05-12 06:54:05+00:00
[2025-06-12 12:17:36] WARNING: Retrieved 0 new tweets on page 1
[2025-06-12 12:17:36] WARNING: Stopping pagination as we've reached the stop point
[2025-06-12 12:17:36] WARNING: Retrieved a total of 0 tweets across 1 pages
[2025-06-12 12:17:36] WARNING: No new tweets found with trust commands. Exiting without error.
[2025-06-12 12:17:36] WARNING: Collection complete!
[2025-06-12 12:17:36] WARNING: - 0 trust assignments processed
[2025-06-12 12:17:36] WARNING: - 2 users in trust network
[2025-06-12 12:17:36] WARNING: - 31 total trust relationships
[2025-06-12 12:27:33] WARNING: === Starting Twitter Trust System Collection ===
[2025-06-12 12:27:33] WARNING: Will collect tweets until reaching previous timestamp: 2025-05-12 06:54:05+00:00
[2025-06-12 12:27:33] WARNING: Retrieving page 1...
[2025-06-12 12:27:36] WARNING: Newest tweet is from: 2025-05-12 06:54:05+00:00
[2025-06-12 12:27:36] WARNING: Reached stop point at tweet from 2025-05-12 06:54:05+00:00
[2025-06-12 12:27:36] WARNING: Retrieved 0 new tweets on page 1
[2025-06-12 12:27:36] WARNING: Stopping pagination as we've reached the stop point
[2025-06-12 12:27:36] WARNING: Retrieved a total of 0 tweets across 1 pages
[2025-06-12 12:27:36] WARNING: No new tweets found with trust commands. Exiting without error.
[2025-06-12 12:27:36] WARNING: Collection complete!
[2025-06-12 12:27:36] WARNING: - 0 trust assignments processed
[2025-06-12 12:27:36] WARNING: - 2 users in trust network
[2025-06-12 12:27:36] WARNING: - 31 total trust relationships
[2025-06-12 12:37:33] WARNING: === Starting Twitter Trust System Collection ===
[2025-06-12 12:37:33] WARNING: Will collect tweets until reaching previous timestamp: 2025-05-12 06:54:05+00:00
[2025-06-12 12:37:33] WARNING: Retrieving page 1...
[2025-06-12 12:37:35] WARNING: Newest tweet is from: 2025-05-12 06:54:05+00:00
[2025-06-12 12:37:35] WARNING: Reached stop point at tweet from 2025-05-12 06:54:05+00:00
[2025-06-12 12:37:35] WARNING: Retrieved 0 new tweets on page 1
[2025-06-12 12:37:35] WARNING: Stopping pagination as we've reached the stop point
[2025-06-12 12:37:35] WARNING: Retrieved a total of 0 tweets across 1 pages
[2025-06-12 12:37:35] WARNING: No new tweets found with trust commands. Exiting without error.
[2025-06-12 12:37:35] WARNING: Collection complete!
[2025-06-12 12:37:35] WARNING: - 0 trust assignments processed
[2025-06-12 12:37:35] WARNING: - 2 users in trust network
[2025-06-12 12:37:35] WARNING: - 31 total trust relationships
[2025-06-12 12:47:33] WARNING: === Starting Twitter Trust System Collection ===
[2025-06-12 12:47:33] WARNING: Will collect tweets until reaching previous timestamp: 2025-05-12 06:54:05+00:00
[2025-06-12 12:47:33] WARNING: Retrieving page 1...
[2025-06-12 12:47:43] WARNING: Newest tweet is from: 2025-05-12 06:54:05+00:00
[2025-06-12 12:47:43] WARNING: Reached stop point at tweet from 2025-05-12 06:54:05+00:00
[2025-06-12 12:47:43] WARNING: Retrieved 0 new tweets on page 1
[2025-06-12 12:47:43] WARNING: Stopping pagination as we've reached the stop point
[2025-06-12 12:47:43] WARNING: Retrieved a total of 0 tweets across 1 pages
[2025-06-12 12:47:43] WARNING: No new tweets found with trust commands. Exiting without error.
[2025-06-12 12:47:43] WARNING: Collection complete!
[2025-06-12 12:47:43] WARNING: - 0 trust assignments processed
[2025-06-12 12:47:43] WARNING: - 2 users in trust network
[2025-06-12 12:47:43] WARNING: - 31 total trust relationships
[2025-06-12 12:57:33] WARNING: === Starting Twitter Trust System Collection ===
[2025-06-12 12:57:33] WARNING: Will collect tweets until reaching previous timestamp: 2025-05-12 06:54:05+00:00
[2025-06-12 12:57:33] WARNING: Retrieving page 1...
[2025-06-12 12:57:35] WARNING: Newest tweet is from: 2025-05-12 06:54:05+00:00
[2025-06-12 12:57:35] WARNING: Reached stop point at tweet from 2025-05-12 06:54:05+00:00
[2025-06-12 12:57:35] WARNING: Retrieved 0 new tweets on page 1
[2025-06-12 12:57:35] WARNING: Stopping pagination as we've reached the stop point
[2025-06-12 12:57:35] WARNING: Retrieved a total of 0 tweets across 1 pages
[2025-06-12 12:57:35] WARNING: No new tweets found with trust commands. Exiting without error.
[2025-06-12 12:57:35] WARNING: Collection complete!
[2025-06-12 12:57:35] WARNING: - 0 trust assignments processed
[2025-06-12 12:57:35] WARNING: - 2 users in trust network
[2025-06-12 12:57:35] WARNING: - 31 total trust relationships
[2025-06-12 13:07:33] WARNING: === Starting Twitter Trust System Collection ===
[2025-06-12 13:07:33] WARNING: Will collect tweets until reaching previous timestamp: 2025-05-12 06:54:05+00:00
[2025-06-12 13:07:33] WARNING: Retrieving page 1...
[2025-06-12 13:07:40] WARNING: Newest tweet is from: 2025-05-12 06:54:05+00:00
[2025-06-12 13:07:40] WARNING: Reached stop point at tweet from 2025-05-12 06:54:05+00:00
[2025-06-12 13:07:40] WARNING: Retrieved 0 new tweets on page 1
[2025-06-12 13:07:40] WARNING: Stopping pagination as we've reached the stop point
[2025-06-12 13:07:40] WARNING: Retrieved a total of 0 tweets across 1 pages
[2025-06-12 13:07:40] WARNING: No new tweets found with trust commands. Exiting without error.
[2025-06-12 13:07:40] WARNING: Collection complete!
[2025-06-12 13:07:40] WARNING: - 0 trust assignments processed
[2025-06-12 13:07:40] WARNING: - 2 users in trust network
[2025-06-12 13:07:40] WARNING: - 31 total trust relationships
[2025-06-12 13:17:33] WARNING: === Starting Twitter Trust System Collection ===
[2025-06-12 13:17:33] WARNING: Will collect tweets until reaching previous timestamp: 2025-05-12 06:54:05+00:00
[2025-06-12 13:17:33] WARNING: Retrieving page 1...
[2025-06-12 13:17:35] WARNING: Newest tweet is from: 2025-05-12 06:54:05+00:00
[2025-06-12 13:17:35] WARNING: Reached stop point at tweet from 2025-05-12 06:54:05+00:00
[2025-06-12 13:17:35] WARNING: Retrieved 0 new tweets on page 1
[2025-06-12 13:17:35] WARNING: Stopping pagination as we've reached the stop point
[2025-06-12 13:17:35] WARNING: Retrieved a total of 0 tweets across 1 pages
[2025-06-12 13:17:35] WARNING: No new tweets found with trust commands. Exiting without error.
[2025-06-12 13:17:35] WARNING: Collection complete!
[2025-06-12 13:17:35] WARNING: - 0 trust assignments processed
[2025-06-12 13:17:35] WARNING: - 2 users in trust network
[2025-06-12 13:17:35] WARNING: - 31 total trust relationships
[2025-06-12 13:17:35] Calculating trust scores from collected data...
[2025-06-12 11:17:38] INFO: Community Community A (18 members): AskaPol_UAPs, ChrisUKSharp, DanHaug6, Eyes_OnTheSkies, FettucineSplit, GoodTroubleShow, Halsrethink, JeremyCorbell, JonMajerowski, LueElizondo, PTHellyer, SnakePo9, TheOfficialQF, g_knapp, jamescfox, jayanderson, rosscoulthart, ufobeliever1947
[2025-06-12 11:17:38] INFO: Community Community B (7 members): MiddleofMayhem, OSIRISUAP, ShipsSmall, cosmic_surplus, likeitmatters3, susangerbic, ufoskeptic1968
[2025-06-12 11:17:38] INFO: Community analysis written to community_analysis.txt
[2025-06-12 11:17:38] WARNING: Generating trust network visualization...
[2025-06-12 11:17:38] WARNING: Network visualization saved to visualization/trust_network.png
[2025-06-12 11:17:38] WARNING: Creating JSON data structure...
[2025-06-12 11:17:38] WARNING: Successfully generated js/data.js with:
[2025-06-12 11:17:38] WARNING: - 25 users
[2025-06-12 11:17:38] WARNING: - 31 trust relationships
[2025-06-12 11:17:38] WARNING: - 2 communities
[2025-06-12 11:17:38] WARNING: Trust calculation completed successfully.
[2025-06-12 11:27:38] WARNING: === Starting Trust Score Calculation ===
[2025-06-12 11:27:38] WARNING: Starting trust score calculation...
[2025-06-12 11:27:38] WARNING: Found 25 users in the trust network
[2025-06-12 11:27:38] WARNING: Building trust network graph...
[2025-06-12 11:27:38] WARNING: Calculating PageRank scores...
[2025-06-12 11:27:38] WARNING: Applying distrust penalties...
[2025-06-12 11:27:38] WARNING: Detecting communities...
[2025-06-12 11:27:38] WARNING: Found 8 isolated nodes to assign to communities
[2025-06-12 11:27:38] WARNING: Assigned isolated node Eyes_OnTheSkies to community 1 based on structural balance theory
[2025-06-12 11:27:38] WARNING: Assigned isolated node FettucineSplit to community 1 based on structural balance theory
[2025-06-12 11:27:38] WARNING: Assigned isolated node JonMajerowski to community 1 based on structural balance theory
[2025-06-12 11:27:38] WARNING: Assigned isolated node MiddleofMayhem to community 2 based on structural balance theory
[2025-06-12 11:27:38] WARNING: Assigned isolated node PTHellyer to community 1 based on structural balance theory
[2025-06-12 11:27:38] WARNING: Assigned isolated node SnakePo9 to community 1 based on structural balance theory
[2025-06-12 11:27:38] WARNING: Assigned isolated node jamescfox to community 1 based on structural balance theory
[2025-06-12 11:27:38] WARNING: Assigned isolated node likeitmatters3 to community 2 based on structural balance theory
[2025-06-12 11:27:38] INFO: Analyzing community composition...
[2025-06-12 11:27:38] INFO: Community Community A (18 members): AskaPol_UAPs, ChrisUKSharp, DanHaug6, Eyes_OnTheSkies, FettucineSplit, GoodTroubleShow, Halsrethink, JeremyCorbell, JonMajerowski, LueElizondo, PTHellyer, SnakePo9, TheOfficialQF, g_knapp, jamescfox, jayanderson, rosscoulthart, ufobeliever1947
[2025-06-12 11:27:38] INFO: Community Community B (7 members): MiddleofMayhem, OSIRISUAP, ShipsSmall, cosmic_surplus, likeitmatters3, susangerbic, ufoskeptic1968
[2025-06-12 11:27:38] INFO: Community analysis written to community_analysis.txt
[2025-06-12 11:27:38] WARNING: Generating trust network visualization...
[2025-06-12 11:27:39] WARNING: Network visualization saved to visualization/trust_network.png
[2025-06-12 11:27:39] WARNING: Creating JSON data structure...
[2025-06-12 11:27:39] WARNING: Successfully generated js/data.js with:
[2025-06-12 11:27:39] WARNING: - 25 users
[2025-06-12 11:27:39] WARNING: - 31 trust relationships
[2025-06-12 11:27:39] WARNING: - 2 communities
[2025-06-12 11:27:39] WARNING: Trust calculation completed successfully.
[2025-06-12 11:37:38] WARNING: === Starting Trust Score Calculation ===
[2025-06-12 11:37:38] WARNING: Starting trust score calculation...
[2025-06-12 11:37:38] WARNING: Found 25 users in the trust network
[2025-06-12 11:37:38] WARNING: Building trust network graph...
[2025-06-12 11:37:38] WARNING: Calculating PageRank scores...
[2025-06-12 11:37:38] WARNING: Applying distrust penalties...
[2025-06-12 11:37:38] WARNING: Detecting communities...
[2025-06-12 11:37:38] WARNING: Found 8 isolated nodes to assign to communities
[2025-06-12 11:37:38] WARNING: Assigned isolated node Eyes_OnTheSkies to community 1 based on structural balance theory
[2025-06-12 11:37:38] WARNING: Assigned isolated node FettucineSplit to community 1 based on structural balance theory
[2025-06-12 11:37:38] WARNING: Assigned isolated node JonMajerowski to community 1 based on structural balance theory
[2025-06-12 11:37:38] WARNING: Assigned isolated node MiddleofMayhem to community 2 based on structural balance theory
[2025-06-12 11:37:38] WARNING: Assigned isolated node PTHellyer to community 1 based on structural balance theory
[2025-06-12 11:37:38] WARNING: Assigned isolated node SnakePo9 to community 1 based on structural balance theory
[2025-06-12 11:37:38] WARNING: Assigned isolated node jamescfox to community 1 based on structural balance theory
[2025-06-12 11:37:38] WARNING: Assigned isolated node likeitmatters3 to community 2 based on structural balance theory
[2025-06-12 11:37:38] INFO: Analyzing community composition...
[2025-06-12 11:37:38] INFO: Community Community A (18 members): AskaPol_UAPs, ChrisUKSharp, DanHaug6, Eyes_OnTheSkies, FettucineSplit, GoodTroubleShow, Halsrethink, JeremyCorbell, JonMajerowski, LueElizondo, PTHellyer, SnakePo9, TheOfficialQF, g_knapp, jamescfox, jayanderson, rosscoulthart, ufobeliever1947
[2025-06-12 11:37:38] INFO: Community Community B (7 members): MiddleofMayhem, OSIRISUAP, ShipsSmall, cosmic_surplus, likeitmatters3, susangerbic, ufoskeptic1968
[2025-06-12 11:37:38] INFO: Community analysis written to community_analysis.txt
[2025-06-12 11:37:38] WARNING: Generating trust network visualization...
[2025-06-12 11:37:39] WARNING: Network visualization saved to visualization/trust_network.png
[2025-06-12 11:37:39] WARNING: Creating JSON data structure...
[2025-06-12 11:37:39] WARNING: Successfully generated js/data.js with:
[2025-06-12 11:37:39] WARNING: - 25 users
[2025-06-12 11:37:39] WARNING: - 31 trust relationships
[2025-06-12 11:37:39] WARNING: - 2 communities
[2025-06-12 11:37:39] WARNING: Trust calculation completed successfully.
[2025-06-12 11:47:38] WARNING: === Starting Trust Score Calculation ===
[2025-06-12 11:47:38] WARNING: Starting trust score calculation...
[2025-06-12 11:47:38] WARNING: Found 25 users in the trust network
[2025-06-12 11:47:38] WARNING: Building trust network graph...
[2025-06-12 11:47:38] WARNING: Calculating PageRank scores...
[2025-06-12 11:47:38] WARNING: Applying distrust penalties...
[2025-06-12 11:47:38] WARNING: Detecting communities...
[2025-06-12 11:47:38] WARNING: Found 8 isolated nodes to assign to communities
[2025-06-12 11:47:38] WARNING: Assigned isolated node Eyes_OnTheSkies to community 1 based on structural balance theory
[2025-06-12 11:47:38] WARNING: Assigned isolated node FettucineSplit to community 1 based on structural balance theory
[2025-06-12 11:47:38] WARNING: Assigned isolated node JonMajerowski to community 1 based on structural balance theory
[2025-06-12 11:47:38] WARNING: Assigned isolated node MiddleofMayhem to community 2 based on structural balance theory
[2025-06-12 11:47:38] WARNING: Assigned isolated node PTHellyer to community 1 based on structural balance theory
[2025-06-12 11:47:38] WARNING: Assigned isolated node SnakePo9 to community 1 based on structural balance theory
[2025-06-12 11:47:38] WARNING: Assigned isolated node jamescfox to community 1 based on structural balance theory
[2025-06-12 11:47:38] WARNING: Assigned isolated node likeitmatters3 to community 2 based on structural balance theory
[2025-06-12 11:47:38] INFO: Analyzing community composition...
[2025-06-12 11:47:38] INFO: Community Community A (18 members): AskaPol_UAPs, ChrisUKSharp, DanHaug6, Eyes_OnTheSkies, FettucineSplit, GoodTroubleShow, Halsrethink, JeremyCorbell, JonMajerowski, LueElizondo, PTHellyer, SnakePo9, TheOfficialQF, g_knapp, jamescfox, jayanderson, rosscoulthart, ufobeliever1947
[2025-06-12 11:47:38] INFO: Community Community B (7 members): MiddleofMayhem, OSIRISUAP, ShipsSmall, cosmic_surplus, likeitmatters3, susangerbic, ufoskeptic1968
[2025-06-12 11:47:38] INFO: Community analysis written to community_analysis.txt
[2025-06-12 11:47:38] WARNING: Generating trust network visualization...
[2025-06-12 11:47:38] WARNING: Network visualization saved to visualization/trust_network.png
[2025-06-12 11:47:38] WARNING: Creating JSON data structure...
[2025-06-12 11:47:38] WARNING: Successfully generated js/data.js with:
[2025-06-12 11:47:38] WARNING: - 25 users
[2025-06-12 11:47:38] WARNING: - 31 trust relationships
[2025-06-12 11:47:38] WARNING: - 2 communities
[2025-06-12 11:47:38] WARNING: Trust calculation completed successfully.
[2025-06-12 11:57:38] WARNING: === Starting Trust Score Calculation ===
[2025-06-12 11:57:38] WARNING: Starting trust score calculation...
[2025-06-12 11:57:38] WARNING: Found 25 users in the trust network
[2025-06-12 11:57:38] WARNING: Building trust network graph...
[2025-06-12 11:57:38] WARNING: Calculating PageRank scores...
[2025-06-12 11:57:38] WARNING: Applying distrust penalties...
[2025-06-12 11:57:38] WARNING: Detecting communities...
[2025-06-12 11:57:38] WARNING: Found 8 isolated nodes to assign to communities
[2025-06-12 11:57:38] WARNING: Assigned isolated node Eyes_OnTheSkies to community 1 based on structural balance theory
[2025-06-12 11:57:38] WARNING: Assigned isolated node FettucineSplit to community 1 based on structural balance theory
[2025-06-12 11:57:38] WARNING: Assigned isolated node JonMajerowski to community 1 based on structural balance theory
[2025-06-12 11:57:38] WARNING: Assigned isolated node MiddleofMayhem to community 2 based on structural balance theory
[2025-06-12 11:57:38] WARNING: Assigned isolated node PTHellyer to community 1 based on structural balance theory
[2025-06-12 11:57:38] WARNING: Assigned isolated node SnakePo9 to community 1 based on structural balance theory
[2025-06-12 11:57:38] WARNING: Assigned isolated node jamescfox to community 1 based on structural balance theory
[2025-06-12 11:57:38] WARNING: Assigned isolated node likeitmatters3 to community 2 based on structural balance theory
[2025-06-12 11:57:38] INFO: Analyzing community composition...
[2025-06-12 11:57:38] INFO: Community Community A (18 members): AskaPol_UAPs, ChrisUKSharp, DanHaug6, Eyes_OnTheSkies, FettucineSplit, GoodTroubleShow, Halsrethink, JeremyCorbell, JonMajerowski, LueElizondo, PTHellyer, SnakePo9, TheOfficialQF, g_knapp, jamescfox, jayanderson, rosscoulthart, ufobeliever1947
[2025-06-12 11:57:38] INFO: Community Community B (7 members): MiddleofMayhem, OSIRISUAP, ShipsSmall, cosmic_surplus, likeitmatters3, susangerbic, ufoskeptic1968
[2025-06-12 11:57:38] INFO: Community analysis written to community_analysis.txt
[2025-06-12 11:57:38] WARNING: Generating trust network visualization...
[2025-06-12 11:57:38] WARNING: Network visualization saved to visualization/trust_network.png
[2025-06-12 11:57:38] WARNING: Creating JSON data structure...
[2025-06-12 11:57:38] WARNING: Successfully generated js/data.js with:
[2025-06-12 11:57:38] WARNING: - 25 users
[2025-06-12 11:57:38] WARNING: - 31 trust relationships
[2025-06-12 11:57:38] WARNING: - 2 communities
[2025-06-12 11:57:38] WARNING: Trust calculation completed successfully.
[2025-06-12 12:07:38] WARNING: === Starting Trust Score Calculation ===
[2025-06-12 12:07:38] WARNING: Starting trust score calculation...
[2025-06-12 12:07:38] WARNING: Found 25 users in the trust network
[2025-06-12 12:07:38] WARNING: Building trust network graph...
[2025-06-12 12:07:38] WARNING: Calculating PageRank scores...
[2025-06-12 12:07:38] WARNING: Applying distrust penalties...
[2025-06-12 12:07:38] WARNING: Detecting communities...
[2025-06-12 12:07:38] WARNING: Found 8 isolated nodes to assign to communities
[2025-06-12 12:07:38] WARNING: Assigned isolated node Eyes_OnTheSkies to community 1 based on structural balance theory
[2025-06-12 12:07:38] WARNING: Assigned isolated node FettucineSplit to community 1 based on structural balance theory
[2025-06-12 12:07:38] WARNING: Assigned isolated node JonMajerowski to community 1 based on structural balance theory
[2025-06-12 12:07:38] WARNING: Assigned isolated node MiddleofMayhem to community 2 based on structural balance theory
[2025-06-12 12:07:38] WARNING: Assigned isolated node PTHellyer to community 1 based on structural balance theory
[2025-06-12 12:07:38] WARNING: Assigned isolated node SnakePo9 to community 1 based on structural balance theory
[2025-06-12 12:07:38] WARNING: Assigned isolated node jamescfox to community 1 based on structural balance theory
[2025-06-12 12:07:38] WARNING: Assigned isolated node likeitmatters3 to community 2 based on structural balance theory
[2025-06-12 12:07:38] INFO: Analyzing community composition...
[2025-06-12 12:07:38] INFO: Community Community A (18 members): AskaPol_UAPs, ChrisUKSharp, DanHaug6, Eyes_OnTheSkies, FettucineSplit, GoodTroubleShow, Halsrethink, JeremyCorbell, JonMajerowski, LueElizondo, PTHellyer, SnakePo9, TheOfficialQF, g_knapp, jamescfox, jayanderson, rosscoulthart, ufobeliever1947
[2025-06-12 12:07:38] INFO: Community Community B (7 members): MiddleofMayhem, OSIRISUAP, ShipsSmall, cosmic_surplus, likeitmatters3, susangerbic, ufoskeptic1968
[2025-06-12 12:07:38] INFO: Community analysis written to community_analysis.txt
[2025-06-12 12:07:38] WARNING: Generating trust network visualization...
[2025-06-12 12:07:39] WARNING: Network visualization saved to visualization/trust_network.png
[2025-06-12 12:07:39] WARNING: Creating JSON data structure...
[2025-06-12 12:07:39] WARNING: Successfully generated js/data.js with:
[2025-06-12 12:07:39] WARNING: - 25 users
[2025-06-12 12:07:39] WARNING: - 31 trust relationships
[2025-06-12 12:07:39] WARNING: - 2 communities
[2025-06-12 12:07:39] WARNING: Trust calculation completed successfully.
[2025-06-12 12:17:39] WARNING: === Starting Trust Score Calculation ===
[2025-06-12 12:17:39] WARNING: Starting trust score calculation...
[2025-06-12 12:17:39] WARNING: Found 25 users in the trust network
[2025-06-12 12:17:39] WARNING: Building trust network graph...
[2025-06-12 12:17:39] WARNING: Calculating PageRank scores...
[2025-06-12 12:17:39] WARNING: Applying distrust penalties...
[2025-06-12 12:17:39] WARNING: Detecting communities...
[2025-06-12 12:17:39] WARNING: Found 8 isolated nodes to assign to communities
[2025-06-12 12:17:39] WARNING: Assigned isolated node Eyes_OnTheSkies to community 1 based on structural balance theory
[2025-06-12 12:17:39] WARNING: Assigned isolated node FettucineSplit to community 1 based on structural balance theory
[2025-06-12 12:17:39] WARNING: Assigned isolated node JonMajerowski to community 1 based on structural balance theory
[2025-06-12 12:17:39] WARNING: Assigned isolated node MiddleofMayhem to community 2 based on structural balance theory
[2025-06-12 12:17:39] WARNING: Assigned isolated node PTHellyer to community 1 based on structural balance theory
[2025-06-12 12:17:39] WARNING: Assigned isolated node SnakePo9 to community 1 based on structural balance theory
[2025-06-12 12:17:39] WARNING: Assigned isolated node jamescfox to community 1 based on structural balance theory
[2025-06-12 12:17:39] WARNING: Assigned isolated node likeitmatters3 to community 2 based on structural balance theory
[2025-06-12 12:17:39] INFO: Analyzing community composition...
[2025-06-12 12:17:39] INFO: Community Community A (18 members): AskaPol_UAPs, ChrisUKSharp, DanHaug6, Eyes_OnTheSkies, FettucineSplit, GoodTroubleShow, Halsrethink, JeremyCorbell, JonMajerowski, LueElizondo, PTHellyer, SnakePo9, TheOfficialQF, g_knapp, jamescfox, jayanderson, rosscoulthart, ufobeliever1947
[2025-06-12 12:17:39] INFO: Community Community B (7 members): MiddleofMayhem, OSIRISUAP, ShipsSmall, cosmic_surplus, likeitmatters3, susangerbic, ufoskeptic1968
[2025-06-12 12:17:39] INFO: Community analysis written to community_analysis.txt
[2025-06-12 12:17:39] WARNING: Generating trust network visualization...
[2025-06-12 12:17:40] WARNING: Network visualization saved to visualization/trust_network.png
[2025-06-12 12:17:40] WARNING: Creating JSON data structure...
[2025-06-12 12:17:40] WARNING: Successfully generated js/data.js with:
[2025-06-12 12:17:40] WARNING: - 25 users
[2025-06-12 12:17:40] WARNING: - 31 trust relationships
[2025-06-12 12:17:40] WARNING: - 2 communities
[2025-06-12 12:17:40] WARNING: Trust calculation completed successfully.
[2025-06-12 12:27:39] WARNING: === Starting Trust Score Calculation ===
[2025-06-12 12:27:39] WARNING: Starting trust score calculation...
[2025-06-12 12:27:39] WARNING: Found 25 users in the trust network
[2025-06-12 12:27:39] WARNING: Building trust network graph...
[2025-06-12 12:27:39] WARNING: Calculating PageRank scores...
[2025-06-12 12:27:39] WARNING: Applying distrust penalties...
[2025-06-12 12:27:39] WARNING: Detecting communities...
[2025-06-12 12:27:39] WARNING: Found 8 isolated nodes to assign to communities
[2025-06-12 12:27:39] WARNING: Assigned isolated node Eyes_OnTheSkies to community 1 based on structural balance theory
[2025-06-12 12:27:39] WARNING: Assigned isolated node FettucineSplit to community 1 based on structural balance theory
[2025-06-12 12:27:39] WARNING: Assigned isolated node JonMajerowski to community 1 based on structural balance theory
[2025-06-12 12:27:39] WARNING: Assigned isolated node MiddleofMayhem to community 2 based on structural balance theory
[2025-06-12 12:27:39] WARNING: Assigned isolated node PTHellyer to community 1 based on structural balance theory
[2025-06-12 12:27:39] WARNING: Assigned isolated node SnakePo9 to community 1 based on structural balance theory
[2025-06-12 12:27:39] WARNING: Assigned isolated node jamescfox to community 1 based on structural balance theory
[2025-06-12 12:27:39] WARNING: Assigned isolated node likeitmatters3 to community 2 based on structural balance theory
[2025-06-12 12:27:39] INFO: Analyzing community composition...
[2025-06-12 12:27:39] INFO: Community Community A (18 members): AskaPol_UAPs, ChrisUKSharp, DanHaug6, Eyes_OnTheSkies, FettucineSplit, GoodTroubleShow, Halsrethink, JeremyCorbell, JonMajerowski, LueElizondo, PTHellyer, SnakePo9, TheOfficialQF, g_knapp, jamescfox, jayanderson, rosscoulthart, ufobeliever1947
[2025-06-12 12:27:39] INFO: Community Community B (7 members): MiddleofMayhem, OSIRISUAP, ShipsSmall, cosmic_surplus, likeitmatters3, susangerbic, ufoskeptic1968
[2025-06-12 12:27:39] INFO: Community analysis written to community_analysis.txt
[2025-06-12 12:27:39] WARNING: Generating trust network visualization...
[2025-06-12 12:27:40] WARNING: Network visualization saved to visualization/trust_network.png
[2025-06-12 12:27:40] WARNING: Creating JSON data structure...
[2025-06-12 12:27:40] WARNING: Successfully generated js/data.js with:
[2025-06-12 12:27:40] WARNING: - 25 users
[2025-06-12 12:27:40] WARNING: - 31 trust relationships
[2025-06-12 12:27:40] WARNING: - 2 communities
[2025-06-12 12:27:40] WARNING: Trust calculation completed successfully.
[2025-06-12 12:37:38] WARNING: === Starting Trust Score Calculation ===
[2025-06-12 12:37:38] WARNING: Starting trust score calculation...
[2025-06-12 12:37:38] WARNING: Found 25 users in the trust network
[2025-06-12 12:37:38] WARNING: Building trust network graph...
[2025-06-12 12:37:38] WARNING: Calculating PageRank scores...
[2025-06-12 12:37:38] WARNING: Applying distrust penalties...
[2025-06-12 12:37:38] WARNING: Detecting communities...
[2025-06-12 12:37:38] WARNING: Found 8 isolated nodes to assign to communities
[2025-06-12 12:37:38] WARNING: Assigned isolated node Eyes_OnTheSkies to community 1 based on structural balance theory
[2025-06-12 12:37:38] WARNING: Assigned isolated node FettucineSplit to community 1 based on structural balance theory
[2025-06-12 12:37:38] WARNING: Assigned isolated node JonMajerowski to community 1 based on structural balance theory
[2025-06-12 12:37:38] WARNING: Assigned isolated node MiddleofMayhem to community 2 based on structural balance theory
[2025-06-12 12:37:38] WARNING: Assigned isolated node PTHellyer to community 1 based on structural balance theory
[2025-06-12 12:37:38] WARNING: Assigned isolated node SnakePo9 to community 1 based on structural balance theory
[2025-06-12 12:37:38] WARNING: Assigned isolated node jamescfox to community 1 based on structural balance theory
[2025-06-12 12:37:38] WARNING: Assigned isolated node likeitmatters3 to community 2 based on structural balance theory
[2025-06-12 12:37:38] INFO: Analyzing community composition...
[2025-06-12 12:37:38] INFO: Community Community A (18 members): AskaPol_UAPs, ChrisUKSharp, DanHaug6, Eyes_OnTheSkies, FettucineSplit, GoodTroubleShow, Halsrethink, JeremyCorbell, JonMajerowski, LueElizondo, PTHellyer, SnakePo9, TheOfficialQF, g_knapp, jamescfox, jayanderson, rosscoulthart, ufobeliever1947
[2025-06-12 12:37:38] INFO: Community Community B (7 members): MiddleofMayhem, OSIRISUAP, ShipsSmall, cosmic_surplus, likeitmatters3, susangerbic, ufoskeptic1968
[2025-06-12 12:37:38] INFO: Community analysis written to community_analysis.txt
[2025-06-12 12:37:38] WARNING: Generating trust network visualization...
[2025-06-12 12:37:39] WARNING: Network visualization saved to visualization/trust_network.png
[2025-06-12 12:37:39] WARNING: Creating JSON data structure...
[2025-06-12 12:37:39] WARNING: Successfully generated js/data.js with:
[2025-06-12 12:37:39] WARNING: - 25 users
[2025-06-12 12:37:39] WARNING: - 31 trust relationships
[2025-06-12 12:37:39] WARNING: - 2 communities
[2025-06-12 12:37:39] WARNING: Trust calculation completed successfully.
[2025-06-12 12:47:46] WARNING: === Starting Trust Score Calculation ===
[2025-06-12 12:47:46] WARNING: Starting trust score calculation...
[2025-06-12 12:47:46] WARNING: Found 25 users in the trust network
[2025-06-12 12:47:46] WARNING: Building trust network graph...
[2025-06-12 12:47:46] WARNING: Calculating PageRank scores...
[2025-06-12 12:47:46] WARNING: Applying distrust penalties...
[2025-06-12 12:47:46] WARNING: Detecting communities...
[2025-06-12 12:47:46] WARNING: Found 8 isolated nodes to assign to communities
[2025-06-12 12:47:46] WARNING: Assigned isolated node Eyes_OnTheSkies to community 1 based on structural balance theory
[2025-06-12 12:47:46] WARNING: Assigned isolated node FettucineSplit to community 1 based on structural balance theory
[2025-06-12 12:47:46] WARNING: Assigned isolated node JonMajerowski to community 1 based on structural balance theory
[2025-06-12 12:47:46] WARNING: Assigned isolated node MiddleofMayhem to community 2 based on structural balance theory
[2025-06-12 12:47:46] WARNING: Assigned isolated node PTHellyer to community 1 based on structural balance theory
[2025-06-12 12:47:46] WARNING: Assigned isolated node SnakePo9 to community 1 based on structural balance theory
[2025-06-12 12:47:46] WARNING: Assigned isolated node jamescfox to community 1 based on structural balance theory
[2025-06-12 12:47:46] WARNING: Assigned isolated node likeitmatters3 to community 2 based on structural balance theory
[2025-06-12 12:47:46] INFO: Analyzing community composition...
[2025-06-12 12:47:46] INFO: Community Community A (18 members): AskaPol_UAPs, ChrisUKSharp, DanHaug6, Eyes_OnTheSkies, FettucineSplit, GoodTroubleShow, Halsrethink, JeremyCorbell, JonMajerowski, LueElizondo, PTHellyer, SnakePo9, TheOfficialQF, g_knapp, jamescfox, jayanderson, rosscoulthart, ufobeliever1947
[2025-06-12 12:47:46] INFO: Community Community B (7 members): MiddleofMayhem, OSIRISUAP, ShipsSmall, cosmic_surplus, likeitmatters3, susangerbic, ufoskeptic1968
[2025-06-12 12:47:46] INFO: Community analysis written to community_analysis.txt
[2025-06-12 12:47:46] WARNING: Generating trust network visualization...
[2025-06-12 12:47:47] WARNING: Network visualization saved to visualization/trust_network.png
[2025-06-12 12:47:47] WARNING: Creating JSON data structure...
[2025-06-12 12:47:47] WARNING: Successfully generated js/data.js with:
[2025-06-12 12:47:47] WARNING: - 25 users
[2025-06-12 12:47:47] WARNING: - 31 trust relationships
[2025-06-12 12:47:47] WARNING: - 2 communities
[2025-06-12 12:47:47] WARNING: Trust calculation completed successfully.
[2025-06-12 12:57:38] WARNING: === Starting Trust Score Calculation ===
[2025-06-12 12:57:38] WARNING: Starting trust score calculation...
[2025-06-12 12:57:38] WARNING: Found 25 users in the trust network
[2025-06-12 12:57:38] WARNING: Building trust network graph...
[2025-06-12 12:57:38] WARNING: Calculating PageRank scores...
[2025-06-12 12:57:38] WARNING: Applying distrust penalties...
[2025-06-12 12:57:38] WARNING: Detecting communities...
[2025-06-12 12:57:38] WARNING: Found 8 isolated nodes to assign to communities
[2025-06-12 12:57:38] WARNING: Assigned isolated node Eyes_OnTheSkies to community 1 based on structural balance theory
[2025-06-12 12:57:38] WARNING: Assigned isolated node FettucineSplit to community 1 based on structural balance theory
[2025-06-12 12:57:38] WARNING: Assigned isolated node JonMajerowski to community 1 based on structural balance theory
[2025-06-12 12:57:38] WARNING: Assigned isolated node MiddleofMayhem to community 2 based on structural balance theory
[2025-06-12 12:57:38] WARNING: Assigned isolated node PTHellyer to community 1 based on structural balance theory
[2025-06-12 12:57:38] WARNING: Assigned isolated node SnakePo9 to community 1 based on structural balance theory
[2025-06-12 12:57:38] WARNING: Assigned isolated node jamescfox to community 1 based on structural balance theory
[2025-06-12 12:57:38] WARNING: Assigned isolated node likeitmatters3 to community 2 based on structural balance theory
[2025-06-12 12:57:38] INFO: Analyzing community composition...
[2025-06-12 12:57:38] INFO: Community Community A (18 members): AskaPol_UAPs, ChrisUKSharp, DanHaug6, Eyes_OnTheSkies, FettucineSplit, GoodTroubleShow, Halsrethink, JeremyCorbell, JonMajerowski, LueElizondo, PTHellyer, SnakePo9, TheOfficialQF, g_knapp, jamescfox, jayanderson, rosscoulthart, ufobeliever1947
[2025-06-12 12:57:38] INFO: Community Community B (7 members): MiddleofMayhem, OSIRISUAP, ShipsSmall, cosmic_surplus, likeitmatters3, susangerbic, ufoskeptic1968
[2025-06-12 12:57:38] INFO: Community analysis written to community_analysis.txt
[2025-06-12 12:57:38] WARNING: Generating trust network visualization...
[2025-06-12 12:57:38] WARNING: Network visualization saved to visualization/trust_network.png
[2025-06-12 12:57:38] WARNING: Creating JSON data structure...
[2025-06-12 12:57:38] WARNING: Successfully generated js/data.js with:
[2025-06-12 12:57:38] WARNING: - 25 users
[2025-06-12 12:57:38] WARNING: - 31 trust relationships
[2025-06-12 12:57:38] WARNING: - 2 communities
[2025-06-12 12:57:38] WARNING: Trust calculation completed successfully.
[2025-06-12 13:07:43] WARNING: === Starting Trust Score Calculation ===
[2025-06-12 13:07:43] WARNING: Starting trust score calculation...
[2025-06-12 13:07:43] WARNING: Found 25 users in the trust network
[2025-06-12 13:07:43] WARNING: Building trust network graph...
[2025-06-12 13:07:43] WARNING: Calculating PageRank scores...
[2025-06-12 13:07:43] WARNING: Applying distrust penalties...
[2025-06-12 13:07:43] WARNING: Detecting communities...
[2025-06-12 13:07:43] WARNING: Found 8 isolated nodes to assign to communities
[2025-06-12 13:07:43] WARNING: Assigned isolated node Eyes_OnTheSkies to community 1 based on structural balance theory
[2025-06-12 13:07:43] WARNING: Assigned isolated node FettucineSplit to community 1 based on structural balance theory
[2025-06-12 13:07:43] WARNING: Assigned isolated node JonMajerowski to community 1 based on structural balance theory
[2025-06-12 13:07:43] WARNING: Assigned isolated node MiddleofMayhem to community 2 based on structural balance theory
[2025-06-12 13:07:43] WARNING: Assigned isolated node PTHellyer to community 1 based on structural balance theory
[2025-06-12 13:07:43] WARNING: Assigned isolated node SnakePo9 to community 1 based on structural balance theory
[2025-06-12 13:07:43] WARNING: Assigned isolated node jamescfox to community 1 based on structural balance theory
[2025-06-12 13:07:43] WARNING: Assigned isolated node likeitmatters3 to community 2 based on structural balance theory
[2025-06-12 13:07:43] INFO: Analyzing community composition...
[2025-06-12 13:07:43] INFO: Community Community A (18 members): AskaPol_UAPs, ChrisUKSharp, DanHaug6, Eyes_OnTheSkies, FettucineSplit, GoodTroubleShow, Halsrethink, JeremyCorbell, JonMajerowski, LueElizondo, PTHellyer, SnakePo9, TheOfficialQF, g_knapp, jamescfox, jayanderson, rosscoulthart, ufobeliever1947
[2025-06-12 13:07:43] INFO: Community Community B (7 members): MiddleofMayhem, OSIRISUAP, ShipsSmall, cosmic_surplus, likeitmatters3, susangerbic, ufoskeptic1968
[2025-06-12 13:07:43] INFO: Community analysis written to community_analysis.txt
[2025-06-12 13:07:43] WARNING: Generating trust network visualization...
[2025-06-12 13:07:44] WARNING: Network visualization saved to visualization/trust_network.png
[2025-06-12 13:07:44] WARNING: Creating JSON data structure...
[2025-06-12 13:07:44] WARNING: Successfully generated js/data.js with:
[2025-06-12 13:07:44] WARNING: - 25 users
[2025-06-12 13:07:44] WARNING: - 31 trust relationships
[2025-06-12 13:07:44] WARNING: - 2 communities
[2025-06-12 13:07:44] WARNING: Trust calculation completed successfully.
[2025-06-12 13:17:38] WARNING: === Starting Trust Score Calculation ===
[2025-06-12 13:17:38] WARNING: Starting trust score calculation...
[2025-06-12 13:17:38] WARNING: Found 25 users in the trust network
[2025-06-12 13:17:38] WARNING: Building trust network graph...
[2025-06-12 13:17:38] WARNING: Calculating PageRank scores...
[2025-06-12 13:17:38] WARNING: Applying distrust penalties...
[2025-06-12 13:17:38] WARNING: Detecting communities...
[2025-06-12 13:17:38] WARNING: Found 8 isolated nodes to assign to communities
[2025-06-12 13:17:38] WARNING: Assigned isolated node Eyes_OnTheSkies to community 1 based on structural balance theory
[2025-06-12 13:17:38] WARNING: Assigned isolated node FettucineSplit to community 1 based on structural balance theory
[2025-06-12 13:17:38] WARNING: Assigned isolated node JonMajerowski to community 1 based on structural balance theory
[2025-06-12 13:17:38] WARNING: Assigned isolated node MiddleofMayhem to community 2 based on structural balance theory
[2025-06-12 13:17:38] WARNING: Assigned isolated node PTHellyer to community 1 based on structural balance theory
[2025-06-12 13:17:38] WARNING: Assigned isolated node SnakePo9 to community 1 based on structural balance theory
[2025-06-12 13:17:38] WARNING: Assigned isolated node jamescfox to community 1 based on structural balance theory
[2025-06-12 13:17:38] WARNING: Assigned isolated node likeitmatters3 to community 2 based on structural balance theory
[2025-06-12 13:17:38] INFO: Analyzing community composition...
[2025-06-12 13:17:38] INFO: Community Community A (18 members): AskaPol_UAPs, ChrisUKSharp, DanHaug6, Eyes_OnTheSkies, FettucineSplit, GoodTroubleShow, Halsrethink, JeremyCorbell, JonMajerowski, LueElizondo, PTHellyer, SnakePo9, TheOfficialQF, g_knapp, jamescfox, jayanderson, rosscoulthart, ufobeliever1947
[2025-06-12 13:17:38] INFO: Community Community B (7 members): MiddleofMayhem, OSIRISUAP, ShipsSmall, cosmic_surplus, likeitmatters3, susangerbic, ufoskeptic1968
[2025-06-12 13:17:38] INFO: Community analysis written to community_analysis.txt
[2025-06-12 13:17:38] WARNING: Generating trust network visualization...
[2025-06-12 13:17:39] WARNING: Network visualization saved to visualization/trust_network.png
[2025-06-12 13:17:39] WARNING: Creating JSON data structure...
[2025-06-12 13:17:39] WARNING: Successfully generated js/data.js with:
[2025-06-12 13:17:39] WARNING: - 25 users
[2025-06-12 13:17:39] WARNING: - 31 trust relationships
[2025-06-12 13:17:39] WARNING: - 2 communities
[2025-06-12 13:17:39] WARNING: Trust calculation completed successfully.
[2025-06-12 13:17:39] Committing and pushing changes to GitHub...
