[2025-06-09 22:17:31] Starting Twitter Trust System update process...
[2025-06-09 22:17:31] Update frequency set to: 10 minutes
[2025-06-09 22:17:31] Collecting trust assignments from Twitter...
[2025-06-09 22:17:54] Warning: Trust assignments file not updated recently (last modified 05/24/2025 07:17:37)
[2025-06-09 21:57:44] WARNING: No new tweets found with trust commands. Exiting without error.
[2025-06-09 21:57:44] WARNING: Collection complete!
[2025-06-09 21:57:44] WARNING: - 0 trust assignments processed
[2025-06-09 21:57:44] WARNING: - 2 users in trust network
[2025-06-09 21:57:44] WARNING: - 31 total trust relationships
[2025-06-09 22:07:33] WARNING: === Starting Twitter Trust System Collection ===
[2025-06-09 22:07:33] WARNING: Will collect tweets until reaching previous timestamp: 2025-05-12 06:54:05+00:00
[2025-06-09 22:07:33] WARNING: Retrieving page 1...
[2025-06-09 22:07:44] WARNING: Error retrieving page 1: Expecting value: line 1 column 1 (char 0)
[2025-06-09 22:07:44] WARNING: Retrieved a total of 0 tweets across 1 pages
[2025-06-09 22:07:44] WARNING: No new tweets found with trust commands. Exiting without error.
[2025-06-09 22:07:44] WARNING: Collection complete!
[2025-06-09 22:07:44] WARNING: - 0 trust assignments processed
[2025-06-09 22:07:44] WARNING: - 2 users in trust network
[2025-06-09 22:07:44] WARNING: - 31 total trust relationships
[2025-06-09 22:17:33] WARNING: === Starting Twitter Trust System Collection ===
[2025-06-09 22:17:33] WARNING: Will collect tweets until reaching previous timestamp: 2025-05-12 06:54:05+00:00
[2025-06-09 22:17:33] WARNING: Retrieving page 1...
[2025-06-09 22:17:54] WARNING: Error retrieving page 1: Expecting value: line 1 column 1 (char 0)
[2025-06-09 22:17:54] WARNING: Retrieved a total of 0 tweets across 1 pages
[2025-06-09 22:17:54] WARNING: No new tweets found with trust commands. Exiting without error.
[2025-06-09 22:17:54] WARNING: Collection complete!
[2025-06-09 22:17:54] WARNING: - 0 trust assignments processed
[2025-06-09 22:17:54] WARNING: - 2 users in trust network
[2025-06-09 22:17:54] WARNING: - 31 total trust relationships
[2025-06-09 22:17:54] Calculating trust scores from collected data...
[2025-06-09 19:57:50] INFO: Community Community A (18 members): AskaPol_UAPs, ChrisUKSharp, DanHaug6, Eyes_OnTheSkies, FettucineSplit, GoodTroubleShow, Halsrethink, JeremyCorbell, JonMajerowski, LueElizondo, PTHellyer, SnakePo9, TheOfficialQF, g_knapp, jamescfox, jayanderson, rosscoulthart, ufobeliever1947
[2025-06-09 19:57:50] INFO: Community Community B (7 members): MiddleofMayhem, OSIRISUAP, ShipsSmall, cosmic_surplus, likeitmatters3, susangerbic, ufoskeptic1968
[2025-06-09 19:57:50] INFO: Community analysis written to community_analysis.txt
[2025-06-09 19:57:50] WARNING: Generating trust network visualization...
[2025-06-09 19:57:51] WARNING: Network visualization saved to visualization/trust_network.png
[2025-06-09 19:57:51] WARNING: Creating JSON data structure...
[2025-06-09 19:57:51] WARNING: Successfully generated js/data.js with:
[2025-06-09 19:57:51] WARNING: - 25 users
[2025-06-09 19:57:51] WARNING: - 31 trust relationships
[2025-06-09 19:57:51] WARNING: - 2 communities
[2025-06-09 19:57:51] WARNING: Trust calculation completed successfully.
[2025-06-09 20:07:38] WARNING: === Starting Trust Score Calculation ===
[2025-06-09 20:07:38] WARNING: Starting trust score calculation...
[2025-06-09 20:07:38] WARNING: Found 25 users in the trust network
[2025-06-09 20:07:38] WARNING: Building trust network graph...
[2025-06-09 20:07:38] WARNING: Calculating PageRank scores...
[2025-06-09 20:07:38] WARNING: Applying distrust penalties...
[2025-06-09 20:07:38] WARNING: Detecting communities...
[2025-06-09 20:07:38] WARNING: Found 8 isolated nodes to assign to communities
[2025-06-09 20:07:38] WARNING: Assigned isolated node Eyes_OnTheSkies to community 1 based on structural balance theory
[2025-06-09 20:07:38] WARNING: Assigned isolated node FettucineSplit to community 1 based on structural balance theory
[2025-06-09 20:07:38] WARNING: Assigned isolated node JonMajerowski to community 1 based on structural balance theory
[2025-06-09 20:07:38] WARNING: Assigned isolated node MiddleofMayhem to community 2 based on structural balance theory
[2025-06-09 20:07:38] WARNING: Assigned isolated node PTHellyer to community 1 based on structural balance theory
[2025-06-09 20:07:38] WARNING: Assigned isolated node SnakePo9 to community 1 based on structural balance theory
[2025-06-09 20:07:38] WARNING: Assigned isolated node jamescfox to community 1 based on structural balance theory
[2025-06-09 20:07:38] WARNING: Assigned isolated node likeitmatters3 to community 2 based on structural balance theory
[2025-06-09 20:07:38] INFO: Analyzing community composition...
[2025-06-09 20:07:38] INFO: Community Community A (18 members): AskaPol_UAPs, ChrisUKSharp, DanHaug6, Eyes_OnTheSkies, FettucineSplit, GoodTroubleShow, Halsrethink, JeremyCorbell, JonMajerowski, LueElizondo, PTHellyer, SnakePo9, TheOfficialQF, g_knapp, jamescfox, jayanderson, rosscoulthart, ufobeliever1947
[2025-06-09 20:07:38] INFO: Community Community B (7 members): MiddleofMayhem, OSIRISUAP, ShipsSmall, cosmic_surplus, likeitmatters3, susangerbic, ufoskeptic1968
[2025-06-09 20:07:38] INFO: Community analysis written to community_analysis.txt
[2025-06-09 20:07:38] WARNING: Generating trust network visualization...
[2025-06-09 20:07:39] WARNING: Network visualization saved to visualization/trust_network.png
[2025-06-09 20:07:39] WARNING: Creating JSON data structure...
[2025-06-09 20:07:39] WARNING: Successfully generated js/data.js with:
[2025-06-09 20:07:39] WARNING: - 25 users
[2025-06-09 20:07:39] WARNING: - 31 trust relationships
[2025-06-09 20:07:39] WARNING: - 2 communities
[2025-06-09 20:07:39] WARNING: Trust calculation completed successfully.
[2025-06-09 20:17:39] WARNING: === Starting Trust Score Calculation ===
[2025-06-09 20:17:39] WARNING: Starting trust score calculation...
[2025-06-09 20:17:39] WARNING: Found 25 users in the trust network
[2025-06-09 20:17:39] WARNING: Building trust network graph...
[2025-06-09 20:17:39] WARNING: Calculating PageRank scores...
[2025-06-09 20:17:39] WARNING: Applying distrust penalties...
[2025-06-09 20:17:39] WARNING: Detecting communities...
[2025-06-09 20:17:39] WARNING: Found 8 isolated nodes to assign to communities
[2025-06-09 20:17:39] WARNING: Assigned isolated node Eyes_OnTheSkies to community 1 based on structural balance theory
[2025-06-09 20:17:39] WARNING: Assigned isolated node FettucineSplit to community 1 based on structural balance theory
[2025-06-09 20:17:39] WARNING: Assigned isolated node JonMajerowski to community 1 based on structural balance theory
[2025-06-09 20:17:39] WARNING: Assigned isolated node MiddleofMayhem to community 2 based on structural balance theory
[2025-06-09 20:17:39] WARNING: Assigned isolated node PTHellyer to community 1 based on structural balance theory
[2025-06-09 20:17:39] WARNING: Assigned isolated node SnakePo9 to community 1 based on structural balance theory
[2025-06-09 20:17:39] WARNING: Assigned isolated node jamescfox to community 1 based on structural balance theory
[2025-06-09 20:17:39] WARNING: Assigned isolated node likeitmatters3 to community 2 based on structural balance theory
[2025-06-09 20:17:39] INFO: Analyzing community composition...
[2025-06-09 20:17:39] INFO: Community Community A (18 members): AskaPol_UAPs, ChrisUKSharp, DanHaug6, Eyes_OnTheSkies, FettucineSplit, GoodTroubleShow, Halsrethink, JeremyCorbell, JonMajerowski, LueElizondo, PTHellyer, SnakePo9, TheOfficialQF, g_knapp, jamescfox, jayanderson, rosscoulthart, ufobeliever1947
[2025-06-09 20:17:39] INFO: Community Community B (7 members): MiddleofMayhem, OSIRISUAP, ShipsSmall, cosmic_surplus, likeitmatters3, susangerbic, ufoskeptic1968
[2025-06-09 20:17:39] INFO: Community analysis written to community_analysis.txt
[2025-06-09 20:17:39] WARNING: Generating trust network visualization...
[2025-06-09 20:17:40] WARNING: Network visualization saved to visualization/trust_network.png
[2025-06-09 20:17:40] WARNING: Creating JSON data structure...
[2025-06-09 20:17:40] WARNING: Successfully generated js/data.js with:
[2025-06-09 20:17:40] WARNING: - 25 users
[2025-06-09 20:17:40] WARNING: - 31 trust relationships
[2025-06-09 20:17:40] WARNING: - 2 communities
[2025-06-09 20:17:40] WARNING: Trust calculation completed successfully.
[2025-06-09 20:27:41] WARNING: === Starting Trust Score Calculation ===
[2025-06-09 20:27:41] WARNING: Starting trust score calculation...
[2025-06-09 20:27:41] WARNING: Found 25 users in the trust network
[2025-06-09 20:27:41] WARNING: Building trust network graph...
[2025-06-09 20:27:41] WARNING: Calculating PageRank scores...
[2025-06-09 20:27:41] WARNING: Applying distrust penalties...
[2025-06-09 20:27:41] WARNING: Detecting communities...
[2025-06-09 20:27:41] WARNING: Found 8 isolated nodes to assign to communities
[2025-06-09 20:27:41] WARNING: Assigned isolated node Eyes_OnTheSkies to community 1 based on structural balance theory
[2025-06-09 20:27:41] WARNING: Assigned isolated node FettucineSplit to community 1 based on structural balance theory
[2025-06-09 20:27:41] WARNING: Assigned isolated node JonMajerowski to community 1 based on structural balance theory
[2025-06-09 20:27:41] WARNING: Assigned isolated node MiddleofMayhem to community 2 based on structural balance theory
[2025-06-09 20:27:41] WARNING: Assigned isolated node PTHellyer to community 1 based on structural balance theory
[2025-06-09 20:27:41] WARNING: Assigned isolated node SnakePo9 to community 1 based on structural balance theory
[2025-06-09 20:27:41] WARNING: Assigned isolated node jamescfox to community 1 based on structural balance theory
[2025-06-09 20:27:41] WARNING: Assigned isolated node likeitmatters3 to community 2 based on structural balance theory
[2025-06-09 20:27:41] INFO: Analyzing community composition...
[2025-06-09 20:27:41] INFO: Community Community A (18 members): AskaPol_UAPs, ChrisUKSharp, DanHaug6, Eyes_OnTheSkies, FettucineSplit, GoodTroubleShow, Halsrethink, JeremyCorbell, JonMajerowski, LueElizondo, PTHellyer, SnakePo9, TheOfficialQF, g_knapp, jamescfox, jayanderson, rosscoulthart, ufobeliever1947
[2025-06-09 20:27:41] INFO: Community Community B (7 members): MiddleofMayhem, OSIRISUAP, ShipsSmall, cosmic_surplus, likeitmatters3, susangerbic, ufoskeptic1968
[2025-06-09 20:27:41] INFO: Community analysis written to community_analysis.txt
[2025-06-09 20:27:41] WARNING: Generating trust network visualization...
[2025-06-09 20:27:42] WARNING: Network visualization saved to visualization/trust_network.png
[2025-06-09 20:27:42] WARNING: Creating JSON data structure...
[2025-06-09 20:27:42] WARNING: Successfully generated js/data.js with:
[2025-06-09 20:27:42] WARNING: - 25 users
[2025-06-09 20:27:42] WARNING: - 31 trust relationships
[2025-06-09 20:27:42] WARNING: - 2 communities
[2025-06-09 20:27:42] WARNING: Trust calculation completed successfully.
[2025-06-09 20:37:50] WARNING: === Starting Trust Score Calculation ===
[2025-06-09 20:37:50] WARNING: Starting trust score calculation...
[2025-06-09 20:37:50] WARNING: Found 25 users in the trust network
[2025-06-09 20:37:50] WARNING: Building trust network graph...
[2025-06-09 20:37:50] WARNING: Calculating PageRank scores...
[2025-06-09 20:37:50] WARNING: Applying distrust penalties...
[2025-06-09 20:37:50] WARNING: Detecting communities...
[2025-06-09 20:37:50] WARNING: Found 8 isolated nodes to assign to communities
[2025-06-09 20:37:50] WARNING: Assigned isolated node Eyes_OnTheSkies to community 1 based on structural balance theory
[2025-06-09 20:37:50] WARNING: Assigned isolated node FettucineSplit to community 1 based on structural balance theory
[2025-06-09 20:37:50] WARNING: Assigned isolated node JonMajerowski to community 1 based on structural balance theory
[2025-06-09 20:37:50] WARNING: Assigned isolated node MiddleofMayhem to community 2 based on structural balance theory
[2025-06-09 20:37:50] WARNING: Assigned isolated node PTHellyer to community 1 based on structural balance theory
[2025-06-09 20:37:50] WARNING: Assigned isolated node SnakePo9 to community 1 based on structural balance theory
[2025-06-09 20:37:50] WARNING: Assigned isolated node jamescfox to community 1 based on structural balance theory
[2025-06-09 20:37:50] WARNING: Assigned isolated node likeitmatters3 to community 2 based on structural balance theory
[2025-06-09 20:37:50] INFO: Analyzing community composition...
[2025-06-09 20:37:50] INFO: Community Community A (18 members): AskaPol_UAPs, ChrisUKSharp, DanHaug6, Eyes_OnTheSkies, FettucineSplit, GoodTroubleShow, Halsrethink, JeremyCorbell, JonMajerowski, LueElizondo, PTHellyer, SnakePo9, TheOfficialQF, g_knapp, jamescfox, jayanderson, rosscoulthart, ufobeliever1947
[2025-06-09 20:37:50] INFO: Community Community B (7 members): MiddleofMayhem, OSIRISUAP, ShipsSmall, cosmic_surplus, likeitmatters3, susangerbic, ufoskeptic1968
[2025-06-09 20:37:50] INFO: Community analysis written to community_analysis.txt
[2025-06-09 20:37:50] WARNING: Generating trust network visualization...
[2025-06-09 20:37:51] WARNING: Network visualization saved to visualization/trust_network.png
[2025-06-09 20:37:51] WARNING: Creating JSON data structure...
[2025-06-09 20:37:51] WARNING: Successfully generated js/data.js with:
[2025-06-09 20:37:51] WARNING: - 25 users
[2025-06-09 20:37:51] WARNING: - 31 trust relationships
[2025-06-09 20:37:51] WARNING: - 2 communities
[2025-06-09 20:37:51] WARNING: Trust calculation completed successfully.
[2025-06-09 20:47:53] WARNING: === Starting Trust Score Calculation ===
[2025-06-09 20:47:53] WARNING: Starting trust score calculation...
[2025-06-09 20:47:53] WARNING: Found 25 users in the trust network
[2025-06-09 20:47:53] WARNING: Building trust network graph...
[2025-06-09 20:47:53] WARNING: Calculating PageRank scores...
[2025-06-09 20:47:53] WARNING: Applying distrust penalties...
[2025-06-09 20:47:53] WARNING: Detecting communities...
[2025-06-09 20:47:53] WARNING: Found 8 isolated nodes to assign to communities
[2025-06-09 20:47:53] WARNING: Assigned isolated node Eyes_OnTheSkies to community 1 based on structural balance theory
[2025-06-09 20:47:53] WARNING: Assigned isolated node FettucineSplit to community 1 based on structural balance theory
[2025-06-09 20:47:53] WARNING: Assigned isolated node JonMajerowski to community 1 based on structural balance theory
[2025-06-09 20:47:53] WARNING: Assigned isolated node MiddleofMayhem to community 2 based on structural balance theory
[2025-06-09 20:47:53] WARNING: Assigned isolated node PTHellyer to community 1 based on structural balance theory
[2025-06-09 20:47:53] WARNING: Assigned isolated node SnakePo9 to community 1 based on structural balance theory
[2025-06-09 20:47:53] WARNING: Assigned isolated node jamescfox to community 1 based on structural balance theory
[2025-06-09 20:47:53] WARNING: Assigned isolated node likeitmatters3 to community 2 based on structural balance theory
[2025-06-09 20:47:53] INFO: Analyzing community composition...
[2025-06-09 20:47:53] INFO: Community Community A (18 members): AskaPol_UAPs, ChrisUKSharp, DanHaug6, Eyes_OnTheSkies, FettucineSplit, GoodTroubleShow, Halsrethink, JeremyCorbell, JonMajerowski, LueElizondo, PTHellyer, SnakePo9, TheOfficialQF, g_knapp, jamescfox, jayanderson, rosscoulthart, ufobeliever1947
[2025-06-09 20:47:53] INFO: Community Community B (7 members): MiddleofMayhem, OSIRISUAP, ShipsSmall, cosmic_surplus, likeitmatters3, susangerbic, ufoskeptic1968
[2025-06-09 20:47:53] INFO: Community analysis written to community_analysis.txt
[2025-06-09 20:47:53] WARNING: Generating trust network visualization...
[2025-06-09 20:47:54] WARNING: Network visualization saved to visualization/trust_network.png
[2025-06-09 20:47:54] WARNING: Creating JSON data structure...
[2025-06-09 20:47:54] WARNING: Successfully generated js/data.js with:
[2025-06-09 20:47:54] WARNING: - 25 users
[2025-06-09 20:47:54] WARNING: - 31 trust relationships
[2025-06-09 20:47:54] WARNING: - 2 communities
[2025-06-09 20:47:54] WARNING: Trust calculation completed successfully.
[2025-06-09 20:57:57] WARNING: === Starting Trust Score Calculation ===
[2025-06-09 20:57:57] WARNING: Starting trust score calculation...
[2025-06-09 20:57:57] WARNING: Found 25 users in the trust network
[2025-06-09 20:57:57] WARNING: Building trust network graph...
[2025-06-09 20:57:57] WARNING: Calculating PageRank scores...
[2025-06-09 20:57:57] WARNING: Applying distrust penalties...
[2025-06-09 20:57:57] WARNING: Detecting communities...
[2025-06-09 20:57:57] WARNING: Found 8 isolated nodes to assign to communities
[2025-06-09 20:57:57] WARNING: Assigned isolated node Eyes_OnTheSkies to community 1 based on structural balance theory
[2025-06-09 20:57:57] WARNING: Assigned isolated node FettucineSplit to community 1 based on structural balance theory
[2025-06-09 20:57:57] WARNING: Assigned isolated node JonMajerowski to community 1 based on structural balance theory
[2025-06-09 20:57:57] WARNING: Assigned isolated node MiddleofMayhem to community 2 based on structural balance theory
[2025-06-09 20:57:57] WARNING: Assigned isolated node PTHellyer to community 1 based on structural balance theory
[2025-06-09 20:57:57] WARNING: Assigned isolated node SnakePo9 to community 1 based on structural balance theory
[2025-06-09 20:57:57] WARNING: Assigned isolated node jamescfox to community 1 based on structural balance theory
[2025-06-09 20:57:57] WARNING: Assigned isolated node likeitmatters3 to community 2 based on structural balance theory
[2025-06-09 20:57:57] INFO: Analyzing community composition...
[2025-06-09 20:57:57] INFO: Community Community A (18 members): AskaPol_UAPs, ChrisUKSharp, DanHaug6, Eyes_OnTheSkies, FettucineSplit, GoodTroubleShow, Halsrethink, JeremyCorbell, JonMajerowski, LueElizondo, PTHellyer, SnakePo9, TheOfficialQF, g_knapp, jamescfox, jayanderson, rosscoulthart, ufobeliever1947
[2025-06-09 20:57:57] INFO: Community Community B (7 members): MiddleofMayhem, OSIRISUAP, ShipsSmall, cosmic_surplus, likeitmatters3, susangerbic, ufoskeptic1968
[2025-06-09 20:57:57] INFO: Community analysis written to community_analysis.txt
[2025-06-09 20:57:57] WARNING: Generating trust network visualization...
[2025-06-09 20:57:58] WARNING: Network visualization saved to visualization/trust_network.png
[2025-06-09 20:57:58] WARNING: Creating JSON data structure...
[2025-06-09 20:57:58] WARNING: Successfully generated js/data.js with:
[2025-06-09 20:57:58] WARNING: - 25 users
[2025-06-09 20:57:58] WARNING: - 31 trust relationships
[2025-06-09 20:57:58] WARNING: - 2 communities
[2025-06-09 20:57:58] WARNING: Trust calculation completed successfully.
[2025-06-09 21:07:47] WARNING: === Starting Trust Score Calculation ===
[2025-06-09 21:07:47] WARNING: Starting trust score calculation...
[2025-06-09 21:07:47] WARNING: Found 25 users in the trust network
[2025-06-09 21:07:47] WARNING: Building trust network graph...
[2025-06-09 21:07:47] WARNING: Calculating PageRank scores...
[2025-06-09 21:07:47] WARNING: Applying distrust penalties...
[2025-06-09 21:07:47] WARNING: Detecting communities...
[2025-06-09 21:07:47] WARNING: Found 8 isolated nodes to assign to communities
[2025-06-09 21:07:47] WARNING: Assigned isolated node Eyes_OnTheSkies to community 1 based on structural balance theory
[2025-06-09 21:07:47] WARNING: Assigned isolated node FettucineSplit to community 1 based on structural balance theory
[2025-06-09 21:07:47] WARNING: Assigned isolated node JonMajerowski to community 1 based on structural balance theory
[2025-06-09 21:07:47] WARNING: Assigned isolated node MiddleofMayhem to community 2 based on structural balance theory
[2025-06-09 21:07:47] WARNING: Assigned isolated node PTHellyer to community 1 based on structural balance theory
[2025-06-09 21:07:47] WARNING: Assigned isolated node SnakePo9 to community 1 based on structural balance theory
[2025-06-09 21:07:47] WARNING: Assigned isolated node jamescfox to community 1 based on structural balance theory
[2025-06-09 21:07:47] WARNING: Assigned isolated node likeitmatters3 to community 2 based on structural balance theory
[2025-06-09 21:07:47] INFO: Analyzing community composition...
[2025-06-09 21:07:47] INFO: Community Community A (18 members): AskaPol_UAPs, ChrisUKSharp, DanHaug6, Eyes_OnTheSkies, FettucineSplit, GoodTroubleShow, Halsrethink, JeremyCorbell, JonMajerowski, LueElizondo, PTHellyer, SnakePo9, TheOfficialQF, g_knapp, jamescfox, jayanderson, rosscoulthart, ufobeliever1947
[2025-06-09 21:07:47] INFO: Community Community B (7 members): MiddleofMayhem, OSIRISUAP, ShipsSmall, cosmic_surplus, likeitmatters3, susangerbic, ufoskeptic1968
[2025-06-09 21:07:47] INFO: Community analysis written to community_analysis.txt
[2025-06-09 21:07:47] WARNING: Generating trust network visualization...
[2025-06-09 21:07:48] WARNING: Network visualization saved to visualization/trust_network.png
[2025-06-09 21:07:48] WARNING: Creating JSON data structure...
[2025-06-09 21:07:48] WARNING: Successfully generated js/data.js with:
[2025-06-09 21:07:48] WARNING: - 25 users
[2025-06-09 21:07:48] WARNING: - 31 trust relationships
[2025-06-09 21:07:48] WARNING: - 2 communities
[2025-06-09 21:07:48] WARNING: Trust calculation completed successfully.
[2025-06-09 21:17:47] WARNING: === Starting Trust Score Calculation ===
[2025-06-09 21:17:47] WARNING: Starting trust score calculation...
[2025-06-09 21:17:47] WARNING: Found 25 users in the trust network
[2025-06-09 21:17:47] WARNING: Building trust network graph...
[2025-06-09 21:17:47] WARNING: Calculating PageRank scores...
[2025-06-09 21:17:47] WARNING: Applying distrust penalties...
[2025-06-09 21:17:47] WARNING: Detecting communities...
[2025-06-09 21:17:47] WARNING: Found 8 isolated nodes to assign to communities
[2025-06-09 21:17:47] WARNING: Assigned isolated node Eyes_OnTheSkies to community 1 based on structural balance theory
[2025-06-09 21:17:47] WARNING: Assigned isolated node FettucineSplit to community 1 based on structural balance theory
[2025-06-09 21:17:47] WARNING: Assigned isolated node JonMajerowski to community 1 based on structural balance theory
[2025-06-09 21:17:47] WARNING: Assigned isolated node MiddleofMayhem to community 2 based on structural balance theory
[2025-06-09 21:17:47] WARNING: Assigned isolated node PTHellyer to community 1 based on structural balance theory
[2025-06-09 21:17:47] WARNING: Assigned isolated node SnakePo9 to community 1 based on structural balance theory
[2025-06-09 21:17:47] WARNING: Assigned isolated node jamescfox to community 1 based on structural balance theory
[2025-06-09 21:17:47] WARNING: Assigned isolated node likeitmatters3 to community 2 based on structural balance theory
[2025-06-09 21:17:47] INFO: Analyzing community composition...
[2025-06-09 21:17:47] INFO: Community Community A (18 members): AskaPol_UAPs, ChrisUKSharp, DanHaug6, Eyes_OnTheSkies, FettucineSplit, GoodTroubleShow, Halsrethink, JeremyCorbell, JonMajerowski, LueElizondo, PTHellyer, SnakePo9, TheOfficialQF, g_knapp, jamescfox, jayanderson, rosscoulthart, ufobeliever1947
[2025-06-09 21:17:47] INFO: Community Community B (7 members): MiddleofMayhem, OSIRISUAP, ShipsSmall, cosmic_surplus, likeitmatters3, susangerbic, ufoskeptic1968
[2025-06-09 21:17:47] INFO: Community analysis written to community_analysis.txt
[2025-06-09 21:17:47] WARNING: Generating trust network visualization...
[2025-06-09 21:17:48] WARNING: Network visualization saved to visualization/trust_network.png
[2025-06-09 21:17:48] WARNING: Creating JSON data structure...
[2025-06-09 21:17:48] WARNING: Successfully generated js/data.js with:
[2025-06-09 21:17:48] WARNING: - 25 users
[2025-06-09 21:17:48] WARNING: - 31 trust relationships
[2025-06-09 21:17:48] WARNING: - 2 communities
[2025-06-09 21:17:48] WARNING: Trust calculation completed successfully.
[2025-06-09 21:27:39] WARNING: === Starting Trust Score Calculation ===
[2025-06-09 21:27:39] WARNING: Starting trust score calculation...
[2025-06-09 21:27:39] WARNING: Found 25 users in the trust network
[2025-06-09 21:27:39] WARNING: Building trust network graph...
[2025-06-09 21:27:39] WARNING: Calculating PageRank scores...
[2025-06-09 21:27:39] WARNING: Applying distrust penalties...
[2025-06-09 21:27:39] WARNING: Detecting communities...
[2025-06-09 21:27:39] WARNING: Found 8 isolated nodes to assign to communities
[2025-06-09 21:27:39] WARNING: Assigned isolated node Eyes_OnTheSkies to community 1 based on structural balance theory
[2025-06-09 21:27:39] WARNING: Assigned isolated node FettucineSplit to community 1 based on structural balance theory
[2025-06-09 21:27:39] WARNING: Assigned isolated node JonMajerowski to community 1 based on structural balance theory
[2025-06-09 21:27:39] WARNING: Assigned isolated node MiddleofMayhem to community 2 based on structural balance theory
[2025-06-09 21:27:39] WARNING: Assigned isolated node PTHellyer to community 1 based on structural balance theory
[2025-06-09 21:27:39] WARNING: Assigned isolated node SnakePo9 to community 1 based on structural balance theory
[2025-06-09 21:27:39] WARNING: Assigned isolated node jamescfox to community 1 based on structural balance theory
[2025-06-09 21:27:39] WARNING: Assigned isolated node likeitmatters3 to community 2 based on structural balance theory
[2025-06-09 21:27:39] INFO: Analyzing community composition...
[2025-06-09 21:27:39] INFO: Community Community A (18 members): AskaPol_UAPs, ChrisUKSharp, DanHaug6, Eyes_OnTheSkies, FettucineSplit, GoodTroubleShow, Halsrethink, JeremyCorbell, JonMajerowski, LueElizondo, PTHellyer, SnakePo9, TheOfficialQF, g_knapp, jamescfox, jayanderson, rosscoulthart, ufobeliever1947
[2025-06-09 21:27:39] INFO: Community Community B (7 members): MiddleofMayhem, OSIRISUAP, ShipsSmall, cosmic_surplus, likeitmatters3, susangerbic, ufoskeptic1968
[2025-06-09 21:27:39] INFO: Community analysis written to community_analysis.txt
[2025-06-09 21:27:39] WARNING: Generating trust network visualization...
[2025-06-09 21:27:39] WARNING: Network visualization saved to visualization/trust_network.png
[2025-06-09 21:27:39] WARNING: Creating JSON data structure...
[2025-06-09 21:27:39] WARNING: Successfully generated js/data.js with:
[2025-06-09 21:27:39] WARNING: - 25 users
[2025-06-09 21:27:39] WARNING: - 31 trust relationships
[2025-06-09 21:27:39] WARNING: - 2 communities
[2025-06-09 21:27:39] WARNING: Trust calculation completed successfully.
[2025-06-09 21:37:37] WARNING: === Starting Trust Score Calculation ===
[2025-06-09 21:37:37] WARNING: Starting trust score calculation...
[2025-06-09 21:37:37] WARNING: Found 25 users in the trust network
[2025-06-09 21:37:37] WARNING: Building trust network graph...
[2025-06-09 21:37:37] WARNING: Calculating PageRank scores...
[2025-06-09 21:37:37] WARNING: Applying distrust penalties...
[2025-06-09 21:37:37] WARNING: Detecting communities...
[2025-06-09 21:37:37] WARNING: Found 8 isolated nodes to assign to communities
[2025-06-09 21:37:37] WARNING: Assigned isolated node Eyes_OnTheSkies to community 1 based on structural balance theory
[2025-06-09 21:37:37] WARNING: Assigned isolated node FettucineSplit to community 1 based on structural balance theory
[2025-06-09 21:37:37] WARNING: Assigned isolated node JonMajerowski to community 1 based on structural balance theory
[2025-06-09 21:37:37] WARNING: Assigned isolated node MiddleofMayhem to community 2 based on structural balance theory
[2025-06-09 21:37:37] WARNING: Assigned isolated node PTHellyer to community 1 based on structural balance theory
[2025-06-09 21:37:37] WARNING: Assigned isolated node SnakePo9 to community 1 based on structural balance theory
[2025-06-09 21:37:37] WARNING: Assigned isolated node jamescfox to community 1 based on structural balance theory
[2025-06-09 21:37:37] WARNING: Assigned isolated node likeitmatters3 to community 2 based on structural balance theory
[2025-06-09 21:37:37] INFO: Analyzing community composition...
[2025-06-09 21:37:37] INFO: Community Community A (18 members): AskaPol_UAPs, ChrisUKSharp, DanHaug6, Eyes_OnTheSkies, FettucineSplit, GoodTroubleShow, Halsrethink, JeremyCorbell, JonMajerowski, LueElizondo, PTHellyer, SnakePo9, TheOfficialQF, g_knapp, jamescfox, jayanderson, rosscoulthart, ufobeliever1947
[2025-06-09 21:37:37] INFO: Community Community B (7 members): MiddleofMayhem, OSIRISUAP, ShipsSmall, cosmic_surplus, likeitmatters3, susangerbic, ufoskeptic1968
[2025-06-09 21:37:37] INFO: Community analysis written to community_analysis.txt
[2025-06-09 21:37:37] WARNING: Generating trust network visualization...
[2025-06-09 21:37:38] WARNING: Network visualization saved to visualization/trust_network.png
[2025-06-09 21:37:38] WARNING: Creating JSON data structure...
[2025-06-09 21:37:38] WARNING: Successfully generated js/data.js with:
[2025-06-09 21:37:38] WARNING: - 25 users
[2025-06-09 21:37:38] WARNING: - 31 trust relationships
[2025-06-09 21:37:38] WARNING: - 2 communities
[2025-06-09 21:37:38] WARNING: Trust calculation completed successfully.
[2025-06-09 21:47:57] WARNING: === Starting Trust Score Calculation ===
[2025-06-09 21:47:57] WARNING: Starting trust score calculation...
[2025-06-09 21:47:57] WARNING: Found 25 users in the trust network
[2025-06-09 21:47:57] WARNING: Building trust network graph...
[2025-06-09 21:47:57] WARNING: Calculating PageRank scores...
[2025-06-09 21:47:57] WARNING: Applying distrust penalties...
[2025-06-09 21:47:57] WARNING: Detecting communities...
[2025-06-09 21:47:57] WARNING: Found 8 isolated nodes to assign to communities
[2025-06-09 21:47:57] WARNING: Assigned isolated node Eyes_OnTheSkies to community 1 based on structural balance theory
[2025-06-09 21:47:57] WARNING: Assigned isolated node FettucineSplit to community 1 based on structural balance theory
[2025-06-09 21:47:57] WARNING: Assigned isolated node JonMajerowski to community 1 based on structural balance theory
[2025-06-09 21:47:57] WARNING: Assigned isolated node MiddleofMayhem to community 2 based on structural balance theory
[2025-06-09 21:47:57] WARNING: Assigned isolated node PTHellyer to community 1 based on structural balance theory
[2025-06-09 21:47:57] WARNING: Assigned isolated node SnakePo9 to community 1 based on structural balance theory
[2025-06-09 21:47:57] WARNING: Assigned isolated node jamescfox to community 1 based on structural balance theory
[2025-06-09 21:47:57] WARNING: Assigned isolated node likeitmatters3 to community 2 based on structural balance theory
[2025-06-09 21:47:57] INFO: Analyzing community composition...
[2025-06-09 21:47:57] INFO: Community Community A (18 members): AskaPol_UAPs, ChrisUKSharp, DanHaug6, Eyes_OnTheSkies, FettucineSplit, GoodTroubleShow, Halsrethink, JeremyCorbell, JonMajerowski, LueElizondo, PTHellyer, SnakePo9, TheOfficialQF, g_knapp, jamescfox, jayanderson, rosscoulthart, ufobeliever1947
[2025-06-09 21:47:57] INFO: Community Community B (7 members): MiddleofMayhem, OSIRISUAP, ShipsSmall, cosmic_surplus, likeitmatters3, susangerbic, ufoskeptic1968
[2025-06-09 21:47:57] INFO: Community analysis written to community_analysis.txt
[2025-06-09 21:47:57] WARNING: Generating trust network visualization...
[2025-06-09 21:47:58] WARNING: Network visualization saved to visualization/trust_network.png
[2025-06-09 21:47:58] WARNING: Creating JSON data structure...
[2025-06-09 21:47:58] WARNING: Successfully generated js/data.js with:
[2025-06-09 21:47:58] WARNING: - 25 users
[2025-06-09 21:47:58] WARNING: - 31 trust relationships
[2025-06-09 21:47:58] WARNING: - 2 communities
[2025-06-09 21:47:58] WARNING: Trust calculation completed successfully.
[2025-06-09 21:57:47] WARNING: === Starting Trust Score Calculation ===
[2025-06-09 21:57:47] WARNING: Starting trust score calculation...
[2025-06-09 21:57:47] WARNING: Found 25 users in the trust network
[2025-06-09 21:57:47] WARNING: Building trust network graph...
[2025-06-09 21:57:47] WARNING: Calculating PageRank scores...
[2025-06-09 21:57:47] WARNING: Applying distrust penalties...
[2025-06-09 21:57:47] WARNING: Detecting communities...
[2025-06-09 21:57:47] WARNING: Found 8 isolated nodes to assign to communities
[2025-06-09 21:57:47] WARNING: Assigned isolated node Eyes_OnTheSkies to community 1 based on structural balance theory
[2025-06-09 21:57:47] WARNING: Assigned isolated node FettucineSplit to community 1 based on structural balance theory
[2025-06-09 21:57:47] WARNING: Assigned isolated node JonMajerowski to community 1 based on structural balance theory
[2025-06-09 21:57:47] WARNING: Assigned isolated node MiddleofMayhem to community 2 based on structural balance theory
[2025-06-09 21:57:47] WARNING: Assigned isolated node PTHellyer to community 1 based on structural balance theory
[2025-06-09 21:57:47] WARNING: Assigned isolated node SnakePo9 to community 1 based on structural balance theory
[2025-06-09 21:57:47] WARNING: Assigned isolated node jamescfox to community 1 based on structural balance theory
[2025-06-09 21:57:47] WARNING: Assigned isolated node likeitmatters3 to community 2 based on structural balance theory
[2025-06-09 21:57:47] INFO: Analyzing community composition...
[2025-06-09 21:57:47] INFO: Community Community A (18 members): AskaPol_UAPs, ChrisUKSharp, DanHaug6, Eyes_OnTheSkies, FettucineSplit, GoodTroubleShow, Halsrethink, JeremyCorbell, JonMajerowski, LueElizondo, PTHellyer, SnakePo9, TheOfficialQF, g_knapp, jamescfox, jayanderson, rosscoulthart, ufobeliever1947
[2025-06-09 21:57:47] INFO: Community Community B (7 members): MiddleofMayhem, OSIRISUAP, ShipsSmall, cosmic_surplus, likeitmatters3, susangerbic, ufoskeptic1968
[2025-06-09 21:57:47] INFO: Community analysis written to community_analysis.txt
[2025-06-09 21:57:47] WARNING: Generating trust network visualization...
[2025-06-09 21:57:48] WARNING: Network visualization saved to visualization/trust_network.png
[2025-06-09 21:57:48] WARNING: Creating JSON data structure...
[2025-06-09 21:57:48] WARNING: Successfully generated js/data.js with:
[2025-06-09 21:57:48] WARNING: - 25 users
[2025-06-09 21:57:48] WARNING: - 31 trust relationships
[2025-06-09 21:57:48] WARNING: - 2 communities
[2025-06-09 21:57:48] WARNING: Trust calculation completed successfully.
[2025-06-09 22:07:47] WARNING: === Starting Trust Score Calculation ===
[2025-06-09 22:07:47] WARNING: Starting trust score calculation...
[2025-06-09 22:07:47] WARNING: Found 25 users in the trust network
[2025-06-09 22:07:47] WARNING: Building trust network graph...
[2025-06-09 22:07:47] WARNING: Calculating PageRank scores...
[2025-06-09 22:07:47] WARNING: Applying distrust penalties...
[2025-06-09 22:07:47] WARNING: Detecting communities...
[2025-06-09 22:07:47] WARNING: Found 8 isolated nodes to assign to communities
[2025-06-09 22:07:47] WARNING: Assigned isolated node Eyes_OnTheSkies to community 1 based on structural balance theory
[2025-06-09 22:07:47] WARNING: Assigned isolated node FettucineSplit to community 1 based on structural balance theory
[2025-06-09 22:07:47] WARNING: Assigned isolated node JonMajerowski to community 1 based on structural balance theory
[2025-06-09 22:07:47] WARNING: Assigned isolated node MiddleofMayhem to community 2 based on structural balance theory
[2025-06-09 22:07:47] WARNING: Assigned isolated node PTHellyer to community 1 based on structural balance theory
[2025-06-09 22:07:47] WARNING: Assigned isolated node SnakePo9 to community 1 based on structural balance theory
[2025-06-09 22:07:47] WARNING: Assigned isolated node jamescfox to community 1 based on structural balance theory
[2025-06-09 22:07:47] WARNING: Assigned isolated node likeitmatters3 to community 2 based on structural balance theory
[2025-06-09 22:07:47] INFO: Analyzing community composition...
[2025-06-09 22:07:47] INFO: Community Community A (18 members): AskaPol_UAPs, ChrisUKSharp, DanHaug6, Eyes_OnTheSkies, FettucineSplit, GoodTroubleShow, Halsrethink, JeremyCorbell, JonMajerowski, LueElizondo, PTHellyer, SnakePo9, TheOfficialQF, g_knapp, jamescfox, jayanderson, rosscoulthart, ufobeliever1947
[2025-06-09 22:07:47] INFO: Community Community B (7 members): MiddleofMayhem, OSIRISUAP, ShipsSmall, cosmic_surplus, likeitmatters3, susangerbic, ufoskeptic1968
[2025-06-09 22:07:47] INFO: Community analysis written to community_analysis.txt
[2025-06-09 22:07:47] WARNING: Generating trust network visualization...
[2025-06-09 22:07:48] WARNING: Network visualization saved to visualization/trust_network.png
[2025-06-09 22:07:48] WARNING: Creating JSON data structure...
[2025-06-09 22:07:48] WARNING: Successfully generated js/data.js with:
[2025-06-09 22:07:48] WARNING: - 25 users
[2025-06-09 22:07:48] WARNING: - 31 trust relationships
[2025-06-09 22:07:48] WARNING: - 2 communities
[2025-06-09 22:07:48] WARNING: Trust calculation completed successfully.
[2025-06-09 22:17:57] WARNING: === Starting Trust Score Calculation ===
[2025-06-09 22:17:57] WARNING: Starting trust score calculation...
[2025-06-09 22:17:57] WARNING: Found 25 users in the trust network
[2025-06-09 22:17:57] WARNING: Building trust network graph...
[2025-06-09 22:17:57] WARNING: Calculating PageRank scores...
[2025-06-09 22:17:57] WARNING: Applying distrust penalties...
[2025-06-09 22:17:57] WARNING: Detecting communities...
[2025-06-09 22:17:57] WARNING: Found 8 isolated nodes to assign to communities
[2025-06-09 22:17:57] WARNING: Assigned isolated node Eyes_OnTheSkies to community 1 based on structural balance theory
[2025-06-09 22:17:57] WARNING: Assigned isolated node FettucineSplit to community 1 based on structural balance theory
[2025-06-09 22:17:57] WARNING: Assigned isolated node JonMajerowski to community 1 based on structural balance theory
[2025-06-09 22:17:57] WARNING: Assigned isolated node MiddleofMayhem to community 2 based on structural balance theory
[2025-06-09 22:17:57] WARNING: Assigned isolated node PTHellyer to community 1 based on structural balance theory
[2025-06-09 22:17:57] WARNING: Assigned isolated node SnakePo9 to community 1 based on structural balance theory
[2025-06-09 22:17:57] WARNING: Assigned isolated node jamescfox to community 1 based on structural balance theory
[2025-06-09 22:17:57] WARNING: Assigned isolated node likeitmatters3 to community 2 based on structural balance theory
[2025-06-09 22:17:57] INFO: Analyzing community composition...
[2025-06-09 22:17:57] INFO: Community Community A (18 members): AskaPol_UAPs, ChrisUKSharp, DanHaug6, Eyes_OnTheSkies, FettucineSplit, GoodTroubleShow, Halsrethink, JeremyCorbell, JonMajerowski, LueElizondo, PTHellyer, SnakePo9, TheOfficialQF, g_knapp, jamescfox, jayanderson, rosscoulthart, ufobeliever1947
[2025-06-09 22:17:57] INFO: Community Community B (7 members): MiddleofMayhem, OSIRISUAP, ShipsSmall, cosmic_surplus, likeitmatters3, susangerbic, ufoskeptic1968
[2025-06-09 22:17:57] INFO: Community analysis written to community_analysis.txt
[2025-06-09 22:17:57] WARNING: Generating trust network visualization...
[2025-06-09 22:17:58] WARNING: Network visualization saved to visualization/trust_network.png
[2025-06-09 22:17:58] WARNING: Creating JSON data structure...
[2025-06-09 22:17:58] WARNING: Successfully generated js/data.js with:
[2025-06-09 22:17:58] WARNING: - 25 users
[2025-06-09 22:17:58] WARNING: - 31 trust relationships
[2025-06-09 22:17:58] WARNING: - 2 communities
[2025-06-09 22:17:58] WARNING: Trust calculation completed successfully.
[2025-06-09 22:17:58] Committing and pushing changes to GitHub...
