[2025-05-12 11:57:32] Starting Twitter Trust System update process...
[2025-05-12 11:57:32] Update frequency set to: 10 minutes
[2025-05-12 11:57:32] Collecting trust assignments from Twitter...
[2025-05-12 11:57:36] Warning: Trust assignments file not updated recently (last modified 05/11/2025 23:57:36)
[2025-05-12 10:47:33] WARNING: === Starting Twitter Trust System Collection ===
[2025-05-12 10:47:33] WARNING: Will collect tweets until reaching previous timestamp: 2025-05-12 06:54:05+00:00
[2025-05-12 10:47:33] WARNING: Retrieving page 1...
[2025-05-12 10:47:35] WARNING: Newest tweet is from: 2025-05-12 06:54:05+00:00
[2025-05-12 10:47:35] WARNING: Reached stop point at tweet from 2025-05-12 06:54:05+00:00
[2025-05-12 10:47:35] WARNING: Retrieved 0 new tweets on page 1
[2025-05-12 10:47:35] WARNING: Stopping pagination as we've reached the stop point
[2025-05-12 10:47:35] WARNING: Retrieved a total of 0 tweets across 1 pages
[2025-05-12 10:47:35] WARNING: No new tweets found with trust commands. Exiting without error.
[2025-05-12 10:47:35] WARNING: Collection complete!
[2025-05-12 10:47:35] WARNING: - 0 trust assignments processed
[2025-05-12 10:47:35] WARNING: - 2 users in trust network
[2025-05-12 10:47:35] WARNING: - 31 total trust relationships
[2025-05-12 10:57:33] WARNING: === Starting Twitter Trust System Collection ===
[2025-05-12 10:57:33] WARNING: Will collect tweets until reaching previous timestamp: 2025-05-12 06:54:05+00:00
[2025-05-12 10:57:33] WARNING: Retrieving page 1...
[2025-05-12 10:57:35] WARNING: Newest tweet is from: 2025-05-12 06:54:05+00:00
[2025-05-12 10:57:35] WARNING: Reached stop point at tweet from 2025-05-12 06:54:05+00:00
[2025-05-12 10:57:35] WARNING: Retrieved 0 new tweets on page 1
[2025-05-12 10:57:35] WARNING: Stopping pagination as we've reached the stop point
[2025-05-12 10:57:35] WARNING: Retrieved a total of 0 tweets across 1 pages
[2025-05-12 10:57:35] WARNING: No new tweets found with trust commands. Exiting without error.
[2025-05-12 10:57:35] WARNING: Collection complete!
[2025-05-12 10:57:35] WARNING: - 0 trust assignments processed
[2025-05-12 10:57:35] WARNING: - 2 users in trust network
[2025-05-12 10:57:35] WARNING: - 31 total trust relationships
[2025-05-12 11:07:33] WARNING: === Starting Twitter Trust System Collection ===
[2025-05-12 11:07:33] WARNING: Will collect tweets until reaching previous timestamp: 2025-05-12 06:54:05+00:00
[2025-05-12 11:07:33] WARNING: Retrieving page 1...
[2025-05-12 11:07:35] WARNING: Newest tweet is from: 2025-05-12 06:54:05+00:00
[2025-05-12 11:07:35] WARNING: Reached stop point at tweet from 2025-05-12 06:54:05+00:00
[2025-05-12 11:07:35] WARNING: Retrieved 0 new tweets on page 1
[2025-05-12 11:07:35] WARNING: Stopping pagination as we've reached the stop point
[2025-05-12 11:07:35] WARNING: Retrieved a total of 0 tweets across 1 pages
[2025-05-12 11:07:35] WARNING: No new tweets found with trust commands. Exiting without error.
[2025-05-12 11:07:35] WARNING: Collection complete!
[2025-05-12 11:07:35] WARNING: - 0 trust assignments processed
[2025-05-12 11:07:35] WARNING: - 2 users in trust network
[2025-05-12 11:07:35] WARNING: - 31 total trust relationships
[2025-05-12 11:17:33] WARNING: === Starting Twitter Trust System Collection ===
[2025-05-12 11:17:33] WARNING: Will collect tweets until reaching previous timestamp: 2025-05-12 06:54:05+00:00
[2025-05-12 11:17:33] WARNING: Retrieving page 1...
[2025-05-12 11:17:36] WARNING: Newest tweet is from: 2025-05-12 06:54:05+00:00
[2025-05-12 11:17:36] WARNING: Reached stop point at tweet from 2025-05-12 06:54:05+00:00
[2025-05-12 11:17:36] WARNING: Retrieved 0 new tweets on page 1
[2025-05-12 11:17:36] WARNING: Stopping pagination as we've reached the stop point
[2025-05-12 11:17:36] WARNING: Retrieved a total of 0 tweets across 1 pages
[2025-05-12 11:17:36] WARNING: No new tweets found with trust commands. Exiting without error.
[2025-05-12 11:17:36] WARNING: Collection complete!
[2025-05-12 11:17:36] WARNING: - 0 trust assignments processed
[2025-05-12 11:17:36] WARNING: - 2 users in trust network
[2025-05-12 11:17:36] WARNING: - 31 total trust relationships
[2025-05-12 11:27:33] WARNING: === Starting Twitter Trust System Collection ===
[2025-05-12 11:27:33] WARNING: Will collect tweets until reaching previous timestamp: 2025-05-12 06:54:05+00:00
[2025-05-12 11:27:33] WARNING: Retrieving page 1...
[2025-05-12 11:27:35] WARNING: Newest tweet is from: 2025-05-12 06:54:05+00:00
[2025-05-12 11:27:35] WARNING: Reached stop point at tweet from 2025-05-12 06:54:05+00:00
[2025-05-12 11:27:35] WARNING: Retrieved 0 new tweets on page 1
[2025-05-12 11:27:35] WARNING: Stopping pagination as we've reached the stop point
[2025-05-12 11:27:35] WARNING: Retrieved a total of 0 tweets across 1 pages
[2025-05-12 11:27:35] WARNING: No new tweets found with trust commands. Exiting without error.
[2025-05-12 11:27:35] WARNING: Collection complete!
[2025-05-12 11:27:35] WARNING: - 0 trust assignments processed
[2025-05-12 11:27:35] WARNING: - 2 users in trust network
[2025-05-12 11:27:35] WARNING: - 31 total trust relationships
[2025-05-12 11:37:33] WARNING: === Starting Twitter Trust System Collection ===
[2025-05-12 11:37:33] WARNING: Will collect tweets until reaching previous timestamp: 2025-05-12 06:54:05+00:00
[2025-05-12 11:37:33] WARNING: Retrieving page 1...
[2025-05-12 11:37:37] WARNING: Newest tweet is from: 2025-05-12 06:54:05+00:00
[2025-05-12 11:37:37] WARNING: Reached stop point at tweet from 2025-05-12 06:54:05+00:00
[2025-05-12 11:37:37] WARNING: Retrieved 0 new tweets on page 1
[2025-05-12 11:37:37] WARNING: Stopping pagination as we've reached the stop point
[2025-05-12 11:37:37] WARNING: Retrieved a total of 0 tweets across 1 pages
[2025-05-12 11:37:37] WARNING: No new tweets found with trust commands. Exiting without error.
[2025-05-12 11:37:37] WARNING: Collection complete!
[2025-05-12 11:37:37] WARNING: - 0 trust assignments processed
[2025-05-12 11:37:37] WARNING: - 2 users in trust network
[2025-05-12 11:37:37] WARNING: - 31 total trust relationships
[2025-05-12 11:47:33] WARNING: === Starting Twitter Trust System Collection ===
[2025-05-12 11:47:33] WARNING: Will collect tweets until reaching previous timestamp: 2025-05-12 06:54:05+00:00
[2025-05-12 11:47:33] WARNING: Retrieving page 1...
[2025-05-12 11:47:35] WARNING: Newest tweet is from: 2025-05-12 06:54:05+00:00
[2025-05-12 11:47:35] WARNING: Reached stop point at tweet from 2025-05-12 06:54:05+00:00
[2025-05-12 11:47:35] WARNING: Retrieved 0 new tweets on page 1
[2025-05-12 11:47:35] WARNING: Stopping pagination as we've reached the stop point
[2025-05-12 11:47:35] WARNING: Retrieved a total of 0 tweets across 1 pages
[2025-05-12 11:47:35] WARNING: No new tweets found with trust commands. Exiting without error.
[2025-05-12 11:47:35] WARNING: Collection complete!
[2025-05-12 11:47:35] WARNING: - 0 trust assignments processed
[2025-05-12 11:47:35] WARNING: - 2 users in trust network
[2025-05-12 11:47:35] WARNING: - 31 total trust relationships
[2025-05-12 11:57:33] WARNING: === Starting Twitter Trust System Collection ===
[2025-05-12 11:57:33] WARNING: Will collect tweets until reaching previous timestamp: 2025-05-12 06:54:05+00:00
[2025-05-12 11:57:33] WARNING: Retrieving page 1...
[2025-05-12 11:57:36] WARNING: Newest tweet is from: 2025-05-12 06:54:05+00:00
[2025-05-12 11:57:36] WARNING: Reached stop point at tweet from 2025-05-12 06:54:05+00:00
[2025-05-12 11:57:36] WARNING: Retrieved 0 new tweets on page 1
[2025-05-12 11:57:36] WARNING: Stopping pagination as we've reached the stop point
[2025-05-12 11:57:36] WARNING: Retrieved a total of 0 tweets across 1 pages
[2025-05-12 11:57:36] WARNING: No new tweets found with trust commands. Exiting without error.
[2025-05-12 11:57:36] WARNING: Collection complete!
[2025-05-12 11:57:36] WARNING: - 0 trust assignments processed
[2025-05-12 11:57:36] WARNING: - 2 users in trust network
[2025-05-12 11:57:36] WARNING: - 31 total trust relationships
[2025-05-12 11:57:36] Calculating trust scores from collected data...
[2025-05-12 11:57:40] INFO: Community Community A (18 members): AskaPol_UAPs, ChrisUKSharp, DanHaug6, Eyes_OnTheSkies, FettucineSplit, GoodTroubleShow, Halsrethink, JeremyCorbell, JonMajerowski, LueElizondo, PTHellyer, SnakePo9, TheOfficialQF, g_knapp, jamescfox, jayanderson, rosscoulthart, ufobeliever1947
[2025-05-12 11:57:40] INFO: Community Community B (7 members): MiddleofMayhem, OSIRISUAP, ShipsSmall, cosmic_surplus, likeitmatters3, susangerbic, ufoskeptic1968
[2025-05-12 11:57:40] INFO: Community analysis written to community_analysis.txt
[2025-05-12 11:57:40] WARNING: Generating trust network visualization...
[2025-05-12 11:57:41] WARNING: Network visualization saved to visualization/trust_network.png
[2025-05-12 11:57:41] WARNING: Creating JSON data structure...
[2025-05-12 11:57:41] WARNING: Successfully generated js/data.js with:
[2025-05-12 11:57:41] WARNING: - 25 users
[2025-05-12 11:57:41] WARNING: - 31 trust relationships
[2025-05-12 11:57:41] WARNING: - 2 communities
[2025-05-12 11:57:41] WARNING: Trust calculation completed successfully.
[2025-05-12 11:57:41] Committing and pushing changes to GitHub...
[2025-05-12 11:57:43] Successfully updated the trust system!
[2025-05-12 11:57:43] Website will be updated at https://github.com/UFOtwittertrust/ufotwittertrust/
[2025-05-12 11:57:43] Trust system update completed with 0 total trust relationships
[2025-05-12 11:57:43] 
[2025-05-12 11:57:43] To participate in the trust system, users should tweet:
[2025-05-12 11:57:43] #ufotrust @username +70
[2025-05-12 11:57:43] or
[2025-05-12 11:57:43] #ufotrust @username -30
[2025-05-12 11:57:43] 
[2025-05-12 11:57:43] The system will be updated every 10 minutes with new trust assignments.
