[2025-06-03 15:27:33] Starting Twitter Trust System update process...
[2025-06-03 15:27:33] Update frequency set to: 10 minutes
[2025-06-03 15:27:33] Collecting trust assignments from Twitter...
[2025-06-03 15:27:39] Warning: Trust assignments file not updated recently (last modified 05/24/2025 07:17:37)
[2025-06-03 08:27:33] WARNING: === Starting Twitter Trust System Collection ===
[2025-06-03 08:27:33] WARNING: Will collect tweets until reaching previous timestamp: 2025-05-12 06:54:05+00:00
[2025-06-03 08:27:33] WARNING: Retrieving page 1...
[2025-06-03 08:27:35] WARNING: Newest tweet is from: 2025-05-12 06:54:05+00:00
[2025-06-03 08:27:35] WARNING: Reached stop point at tweet from 2025-05-12 06:54:05+00:00
[2025-06-03 08:27:35] WARNING: Retrieved 0 new tweets on page 1
[2025-06-03 08:27:35] WARNING: Stopping pagination as we've reached the stop point
[2025-06-03 08:27:35] WARNING: Retrieved a total of 0 tweets across 1 pages
[2025-06-03 08:27:35] WARNING: No new tweets found with trust commands. Exiting without error.
[2025-06-03 08:27:35] WARNING: Collection complete!
[2025-06-03 08:27:35] WARNING: - 0 trust assignments processed
[2025-06-03 08:27:35] WARNING: - 2 users in trust network
[2025-06-03 08:27:35] WARNING: - 31 total trust relationships
[2025-06-03 08:37:33] WARNING: === Starting Twitter Trust System Collection ===
[2025-06-03 08:37:33] WARNING: Will collect tweets until reaching previous timestamp: 2025-05-12 06:54:05+00:00
[2025-06-03 08:37:33] WARNING: Retrieving page 1...
[2025-06-03 08:37:35] WARNING: Newest tweet is from: 2025-05-12 06:54:05+00:00
[2025-06-03 08:37:35] WARNING: Reached stop point at tweet from 2025-05-12 06:54:05+00:00
[2025-06-03 08:37:35] WARNING: Retrieved 0 new tweets on page 1
[2025-06-03 08:37:35] WARNING: Stopping pagination as we've reached the stop point
[2025-06-03 08:37:35] WARNING: Retrieved a total of 0 tweets across 1 pages
[2025-06-03 08:37:35] WARNING: No new tweets found with trust commands. Exiting without error.
[2025-06-03 08:37:35] WARNING: Collection complete!
[2025-06-03 08:37:35] WARNING: - 0 trust assignments processed
[2025-06-03 08:37:35] WARNING: - 2 users in trust network
[2025-06-03 08:37:35] WARNING: - 31 total trust relationships
[2025-06-03 08:47:34] WARNING: === Starting Twitter Trust System Collection ===
[2025-06-03 08:47:34] WARNING: Will collect tweets until reaching previous timestamp: 2025-05-12 06:54:05+00:00
[2025-06-03 08:47:34] WARNING: Retrieving page 1...
[2025-06-03 08:47:35] WARNING: Newest tweet is from: 2025-05-12 06:54:05+00:00
[2025-06-03 08:47:35] WARNING: Reached stop point at tweet from 2025-05-12 06:54:05+00:00
[2025-06-03 08:47:35] WARNING: Retrieved 0 new tweets on page 1
[2025-06-03 08:47:35] WARNING: Stopping pagination as we've reached the stop point
[2025-06-03 08:47:35] WARNING: Retrieved a total of 0 tweets across 1 pages
[2025-06-03 08:47:35] WARNING: No new tweets found with trust commands. Exiting without error.
[2025-06-03 08:47:35] WARNING: Collection complete!
[2025-06-03 08:47:35] WARNING: - 0 trust assignments processed
[2025-06-03 08:47:35] WARNING: - 2 users in trust network
[2025-06-03 08:47:35] WARNING: - 31 total trust relationships
[2025-06-03 08:57:34] WARNING: === Starting Twitter Trust System Collection ===
[2025-06-03 08:57:34] WARNING: Will collect tweets until reaching previous timestamp: 2025-05-12 06:54:05+00:00
[2025-06-03 08:57:34] WARNING: Retrieving page 1...
[2025-06-03 08:57:36] WARNING: Newest tweet is from: 2025-05-12 06:54:05+00:00
[2025-06-03 08:57:36] WARNING: Reached stop point at tweet from 2025-05-12 06:54:05+00:00
[2025-06-03 08:57:36] WARNING: Retrieved 0 new tweets on page 1
[2025-06-03 08:57:36] WARNING: Stopping pagination as we've reached the stop point
[2025-06-03 08:57:36] WARNING: Retrieved a total of 0 tweets across 1 pages
[2025-06-03 08:57:36] WARNING: No new tweets found with trust commands. Exiting without error.
[2025-06-03 08:57:36] WARNING: Collection complete!
[2025-06-03 08:57:36] WARNING: - 0 trust assignments processed
[2025-06-03 08:57:36] WARNING: - 2 users in trust network
[2025-06-03 08:57:36] WARNING: - 31 total trust relationships
[2025-06-03 09:07:33] WARNING: === Starting Twitter Trust System Collection ===
[2025-06-03 09:07:33] WARNING: Will collect tweets until reaching previous timestamp: 2025-05-12 06:54:05+00:00
[2025-06-03 09:07:33] WARNING: Retrieving page 1...
[2025-06-03 09:07:35] WARNING: Newest tweet is from: 2025-05-12 06:54:05+00:00
[2025-06-03 09:07:35] WARNING: Reached stop point at tweet from 2025-05-12 06:54:05+00:00
[2025-06-03 09:07:35] WARNING: Retrieved 0 new tweets on page 1
[2025-06-03 09:07:35] WARNING: Stopping pagination as we've reached the stop point
[2025-06-03 09:07:35] WARNING: Retrieved a total of 0 tweets across 1 pages
[2025-06-03 09:07:35] WARNING: No new tweets found with trust commands. Exiting without error.
[2025-06-03 09:07:35] WARNING: Collection complete!
[2025-06-03 09:07:35] WARNING: - 0 trust assignments processed
[2025-06-03 09:07:35] WARNING: - 2 users in trust network
[2025-06-03 09:07:35] WARNING: - 31 total trust relationships
[2025-06-03 09:17:33] WARNING: === Starting Twitter Trust System Collection ===
[2025-06-03 09:17:33] WARNING: Will collect tweets until reaching previous timestamp: 2025-05-12 06:54:05+00:00
[2025-06-03 09:17:33] WARNING: Retrieving page 1...
[2025-06-03 09:17:37] WARNING: Newest tweet is from: 2025-05-12 06:54:05+00:00
[2025-06-03 09:17:37] WARNING: Reached stop point at tweet from 2025-05-12 06:54:05+00:00
[2025-06-03 09:17:37] WARNING: Retrieved 0 new tweets on page 1
[2025-06-03 09:17:37] WARNING: Stopping pagination as we've reached the stop point
[2025-06-03 09:17:37] WARNING: Retrieved a total of 0 tweets across 1 pages
[2025-06-03 09:17:37] WARNING: No new tweets found with trust commands. Exiting without error.
[2025-06-03 09:17:37] WARNING: Collection complete!
[2025-06-03 09:17:37] WARNING: - 0 trust assignments processed
[2025-06-03 09:17:37] WARNING: - 2 users in trust network
[2025-06-03 09:17:37] WARNING: - 31 total trust relationships
[2025-06-03 09:27:33] WARNING: === Starting Twitter Trust System Collection ===
[2025-06-03 09:27:33] WARNING: Will collect tweets until reaching previous timestamp: 2025-05-12 06:54:05+00:00
[2025-06-03 09:27:33] WARNING: Retrieving page 1...
[2025-06-03 09:27:35] WARNING: Newest tweet is from: 2025-05-12 06:54:05+00:00
[2025-06-03 09:27:35] WARNING: Reached stop point at tweet from 2025-05-12 06:54:05+00:00
[2025-06-03 09:27:35] WARNING: Retrieved 0 new tweets on page 1
[2025-06-03 09:27:35] WARNING: Stopping pagination as we've reached the stop point
[2025-06-03 09:27:35] WARNING: Retrieved a total of 0 tweets across 1 pages
[2025-06-03 09:27:35] WARNING: No new tweets found with trust commands. Exiting without error.
[2025-06-03 09:27:35] WARNING: Collection complete!
[2025-06-03 09:27:35] WARNING: - 0 trust assignments processed
[2025-06-03 09:27:35] WARNING: - 2 users in trust network
[2025-06-03 09:27:35] WARNING: - 31 total trust relationships
[2025-06-03 09:37:33] WARNING: === Starting Twitter Trust System Collection ===
[2025-06-03 09:37:33] WARNING: Will collect tweets until reaching previous timestamp: 2025-05-12 06:54:05+00:00
[2025-06-03 09:37:33] WARNING: Retrieving page 1...
[2025-06-03 09:37:35] WARNING: Newest tweet is from: 2025-05-12 06:54:05+00:00
[2025-06-03 09:37:35] WARNING: Reached stop point at tweet from 2025-05-12 06:54:05+00:00
[2025-06-03 09:37:35] WARNING: Retrieved 0 new tweets on page 1
[2025-06-03 09:37:35] WARNING: Stopping pagination as we've reached the stop point
[2025-06-03 09:37:35] WARNING: Retrieved a total of 0 tweets across 1 pages
[2025-06-03 09:37:35] WARNING: No new tweets found with trust commands. Exiting without error.
[2025-06-03 09:37:35] WARNING: Collection complete!
[2025-06-03 09:37:35] WARNING: - 0 trust assignments processed
[2025-06-03 09:37:35] WARNING: - 2 users in trust network
[2025-06-03 09:37:35] WARNING: - 31 total trust relationships
[2025-06-03 09:47:33] WARNING: === Starting Twitter Trust System Collection ===
[2025-06-03 09:47:33] WARNING: Will collect tweets until reaching previous timestamp: 2025-05-12 06:54:05+00:00
[2025-06-03 09:47:33] WARNING: Retrieving page 1...
[2025-06-03 09:47:35] WARNING: Newest tweet is from: 2025-05-12 06:54:05+00:00
[2025-06-03 09:47:35] WARNING: Reached stop point at tweet from 2025-05-12 06:54:05+00:00
[2025-06-03 09:47:35] WARNING: Retrieved 0 new tweets on page 1
[2025-06-03 09:47:35] WARNING: Stopping pagination as we've reached the stop point
[2025-06-03 09:47:35] WARNING: Retrieved a total of 0 tweets across 1 pages
[2025-06-03 09:47:35] WARNING: No new tweets found with trust commands. Exiting without error.
[2025-06-03 09:47:35] WARNING: Collection complete!
[2025-06-03 09:47:35] WARNING: - 0 trust assignments processed
[2025-06-03 09:47:35] WARNING: - 2 users in trust network
[2025-06-03 09:47:35] WARNING: - 31 total trust relationships
[2025-06-03 09:57:33] WARNING: === Starting Twitter Trust System Collection ===
[2025-06-03 09:57:33] WARNING: Will collect tweets until reaching previous timestamp: 2025-05-12 06:54:05+00:00
[2025-06-03 09:57:33] WARNING: Retrieving page 1...
[2025-06-03 09:57:35] WARNING: Newest tweet is from: 2025-05-12 06:54:05+00:00
[2025-06-03 09:57:35] WARNING: Reached stop point at tweet from 2025-05-12 06:54:05+00:00
[2025-06-03 09:57:35] WARNING: Retrieved 0 new tweets on page 1
[2025-06-03 09:57:35] WARNING: Stopping pagination as we've reached the stop point
[2025-06-03 09:57:35] WARNING: Retrieved a total of 0 tweets across 1 pages
[2025-06-03 09:57:35] WARNING: No new tweets found with trust commands. Exiting without error.
[2025-06-03 09:57:35] WARNING: Collection complete!
[2025-06-03 09:57:35] WARNING: - 0 trust assignments processed
[2025-06-03 09:57:35] WARNING: - 2 users in trust network
[2025-06-03 09:57:35] WARNING: - 31 total trust relationships
[2025-06-03 10:07:33] WARNING: === Starting Twitter Trust System Collection ===
[2025-06-03 10:07:33] WARNING: Will collect tweets until reaching previous timestamp: 2025-05-12 06:54:05+00:00
[2025-06-03 10:07:33] WARNING: Retrieving page 1...
[2025-06-03 10:07:35] WARNING: Newest tweet is from: 2025-05-12 06:54:05+00:00
[2025-06-03 10:07:35] WARNING: Reached stop point at tweet from 2025-05-12 06:54:05+00:00
[2025-06-03 10:07:35] WARNING: Retrieved 0 new tweets on page 1
[2025-06-03 10:07:35] WARNING: Stopping pagination as we've reached the stop point
[2025-06-03 10:07:35] WARNING: Retrieved a total of 0 tweets across 1 pages
[2025-06-03 10:07:35] WARNING: No new tweets found with trust commands. Exiting without error.
[2025-06-03 10:07:35] WARNING: Collection complete!
[2025-06-03 10:07:35] WARNING: - 0 trust assignments processed
[2025-06-03 10:07:35] WARNING: - 2 users in trust network
[2025-06-03 10:07:35] WARNING: - 31 total trust relationships
[2025-06-03 10:17:34] WARNING: === Starting Twitter Trust System Collection ===
[2025-06-03 10:17:34] WARNING: Will collect tweets until reaching previous timestamp: 2025-05-12 06:54:05+00:00
[2025-06-03 10:17:34] WARNING: Retrieving page 1...
[2025-06-03 10:17:36] WARNING: Newest tweet is from: 2025-05-12 06:54:05+00:00
[2025-06-03 10:17:36] WARNING: Reached stop point at tweet from 2025-05-12 06:54:05+00:00
[2025-06-03 10:17:36] WARNING: Retrieved 0 new tweets on page 1
[2025-06-03 10:17:36] WARNING: Stopping pagination as we've reached the stop point
[2025-06-03 10:17:36] WARNING: Retrieved a total of 0 tweets across 1 pages
[2025-06-03 10:17:36] WARNING: No new tweets found with trust commands. Exiting without error.
[2025-06-03 10:17:36] WARNING: Collection complete!
[2025-06-03 10:17:36] WARNING: - 0 trust assignments processed
[2025-06-03 10:17:36] WARNING: - 2 users in trust network
[2025-06-03 10:17:36] WARNING: - 31 total trust relationships
[2025-06-03 10:27:33] WARNING: === Starting Twitter Trust System Collection ===
[2025-06-03 10:27:33] WARNING: Will collect tweets until reaching previous timestamp: 2025-05-12 06:54:05+00:00
[2025-06-03 10:27:33] WARNING: Retrieving page 1...
[2025-06-03 10:27:36] WARNING: Newest tweet is from: 2025-05-12 06:54:05+00:00
[2025-06-03 10:27:36] WARNING: Reached stop point at tweet from 2025-05-12 06:54:05+00:00
[2025-06-03 10:27:36] WARNING: Retrieved 0 new tweets on page 1
[2025-06-03 10:27:36] WARNING: Stopping pagination as we've reached the stop point
[2025-06-03 10:27:36] WARNING: Retrieved a total of 0 tweets across 1 pages
[2025-06-03 10:27:36] WARNING: No new tweets found with trust commands. Exiting without error.
[2025-06-03 10:27:36] WARNING: Collection complete!
[2025-06-03 10:27:36] WARNING: - 0 trust assignments processed
[2025-06-03 10:27:36] WARNING: - 2 users in trust network
[2025-06-03 10:27:36] WARNING: - 31 total trust relationships
[2025-06-03 10:44:04] WARNING: === Starting Twitter Trust System Collection ===
[2025-06-03 10:44:04] WARNING: Will collect tweets until reaching previous timestamp: 2025-05-12 06:54:05+00:00
[2025-06-03 10:44:04] WARNING: Retrieving page 1...
[2025-06-03 10:44:06] WARNING: Newest tweet is from: 2025-05-12 06:54:05+00:00
[2025-06-03 10:44:06] WARNING: Reached stop point at tweet from 2025-05-12 06:54:05+00:00
[2025-06-03 10:44:06] WARNING: Retrieved 0 new tweets on page 1
[2025-06-03 10:44:06] WARNING: Stopping pagination as we've reached the stop point
[2025-06-03 10:44:06] WARNING: Retrieved a total of 0 tweets across 1 pages
[2025-06-03 10:44:06] WARNING: No new tweets found with trust commands. Exiting without error.
[2025-06-03 10:44:06] WARNING: Collection complete!
[2025-06-03 10:44:06] WARNING: - 0 trust assignments processed
[2025-06-03 10:44:06] WARNING: - 2 users in trust network
[2025-06-03 10:44:06] WARNING: - 31 total trust relationships
[2025-06-03 10:48:08] WARNING: === Starting Twitter Trust System Collection ===
[2025-06-03 10:48:08] WARNING: Will collect tweets until reaching previous timestamp: 2025-05-12 06:54:05+00:00
[2025-06-03 10:48:08] WARNING: Retrieving page 1...
[2025-06-03 10:48:10] WARNING: Newest tweet is from: 2025-05-12 06:54:05+00:00
[2025-06-03 10:48:10] WARNING: Reached stop point at tweet from 2025-05-12 06:54:05+00:00
[2025-06-03 10:48:10] WARNING: Retrieved 0 new tweets on page 1
[2025-06-03 10:48:10] WARNING: Stopping pagination as we've reached the stop point
[2025-06-03 10:48:10] WARNING: Retrieved a total of 0 tweets across 1 pages
[2025-06-03 10:48:10] WARNING: No new tweets found with trust commands. Exiting without error.
[2025-06-03 10:48:10] WARNING: Collection complete!
[2025-06-03 10:48:10] WARNING: - 0 trust assignments processed
[2025-06-03 10:48:10] WARNING: - 2 users in trust network
[2025-06-03 10:48:10] WARNING: - 31 total trust relationships
[2025-06-03 10:57:33] WARNING: === Starting Twitter Trust System Collection ===
[2025-06-03 10:57:33] WARNING: Will collect tweets until reaching previous timestamp: 2025-05-12 06:54:05+00:00
[2025-06-03 10:57:33] WARNING: Retrieving page 1...
[2025-06-03 10:57:35] WARNING: Newest tweet is from: 2025-05-12 06:54:05+00:00
[2025-06-03 10:57:35] WARNING: Reached stop point at tweet from 2025-05-12 06:54:05+00:00
[2025-06-03 10:57:35] WARNING: Retrieved 0 new tweets on page 1
[2025-06-03 10:57:35] WARNING: Stopping pagination as we've reached the stop point
[2025-06-03 10:57:35] WARNING: Retrieved a total of 0 tweets across 1 pages
[2025-06-03 10:57:35] WARNING: No new tweets found with trust commands. Exiting without error.
[2025-06-03 10:57:35] WARNING: Collection complete!
[2025-06-03 10:57:35] WARNING: - 0 trust assignments processed
[2025-06-03 10:57:35] WARNING: - 2 users in trust network
[2025-06-03 10:57:35] WARNING: - 31 total trust relationships
[2025-06-03 11:07:33] WARNING: === Starting Twitter Trust System Collection ===
[2025-06-03 11:07:33] WARNING: Will collect tweets until reaching previous timestamp: 2025-05-12 06:54:05+00:00
[2025-06-03 11:07:33] WARNING: Retrieving page 1...
[2025-06-03 11:07:36] WARNING: Newest tweet is from: 2025-05-12 06:54:05+00:00
[2025-06-03 11:07:36] WARNING: Reached stop point at tweet from 2025-05-12 06:54:05+00:00
[2025-06-03 11:07:36] WARNING: Retrieved 0 new tweets on page 1
[2025-06-03 11:07:36] WARNING: Stopping pagination as we've reached the stop point
[2025-06-03 11:07:36] WARNING: Retrieved a total of 0 tweets across 1 pages
[2025-06-03 11:07:36] WARNING: No new tweets found with trust commands. Exiting without error.
[2025-06-03 11:07:36] WARNING: Collection complete!
[2025-06-03 11:07:36] WARNING: - 0 trust assignments processed
[2025-06-03 11:07:36] WARNING: - 2 users in trust network
[2025-06-03 11:07:36] WARNING: - 31 total trust relationships
[2025-06-03 11:17:33] WARNING: === Starting Twitter Trust System Collection ===
[2025-06-03 11:17:33] WARNING: Will collect tweets until reaching previous timestamp: 2025-05-12 06:54:05+00:00
[2025-06-03 11:17:33] WARNING: Retrieving page 1...
[2025-06-03 11:17:35] WARNING: Newest tweet is from: 2025-05-12 06:54:05+00:00
[2025-06-03 11:17:35] WARNING: Reached stop point at tweet from 2025-05-12 06:54:05+00:00
[2025-06-03 11:17:35] WARNING: Retrieved 0 new tweets on page 1
[2025-06-03 11:17:35] WARNING: Stopping pagination as we've reached the stop point
[2025-06-03 11:17:35] WARNING: Retrieved a total of 0 tweets across 1 pages
[2025-06-03 11:17:35] WARNING: No new tweets found with trust commands. Exiting without error.
[2025-06-03 11:17:35] WARNING: Collection complete!
[2025-06-03 11:17:35] WARNING: - 0 trust assignments processed
[2025-06-03 11:17:35] WARNING: - 2 users in trust network
[2025-06-03 11:17:35] WARNING: - 31 total trust relationships
[2025-06-03 11:27:33] WARNING: === Starting Twitter Trust System Collection ===
[2025-06-03 11:27:33] WARNING: Will collect tweets until reaching previous timestamp: 2025-05-12 06:54:05+00:00
[2025-06-03 11:27:33] WARNING: Retrieving page 1...
[2025-06-03 11:27:35] WARNING: Newest tweet is from: 2025-05-12 06:54:05+00:00
[2025-06-03 11:27:35] WARNING: Reached stop point at tweet from 2025-05-12 06:54:05+00:00
[2025-06-03 11:27:35] WARNING: Retrieved 0 new tweets on page 1
[2025-06-03 11:27:35] WARNING: Stopping pagination as we've reached the stop point
[2025-06-03 11:27:35] WARNING: Retrieved a total of 0 tweets across 1 pages
[2025-06-03 11:27:35] WARNING: No new tweets found with trust commands. Exiting without error.
[2025-06-03 11:27:35] WARNING: Collection complete!
[2025-06-03 11:27:35] WARNING: - 0 trust assignments processed
[2025-06-03 11:27:35] WARNING: - 2 users in trust network
[2025-06-03 11:27:35] WARNING: - 31 total trust relationships
[2025-06-03 11:37:33] WARNING: === Starting Twitter Trust System Collection ===
[2025-06-03 11:37:33] WARNING: Will collect tweets until reaching previous timestamp: 2025-05-12 06:54:05+00:00
[2025-06-03 11:37:33] WARNING: Retrieving page 1...
[2025-06-03 11:37:35] WARNING: Newest tweet is from: 2025-05-12 06:54:05+00:00
[2025-06-03 11:37:35] WARNING: Reached stop point at tweet from 2025-05-12 06:54:05+00:00
[2025-06-03 11:37:35] WARNING: Retrieved 0 new tweets on page 1
[2025-06-03 11:37:35] WARNING: Stopping pagination as we've reached the stop point
[2025-06-03 11:37:35] WARNING: Retrieved a total of 0 tweets across 1 pages
[2025-06-03 11:37:36] WARNING: No new tweets found with trust commands. Exiting without error.
[2025-06-03 11:37:36] WARNING: Collection complete!
[2025-06-03 11:37:36] WARNING: - 0 trust assignments processed
[2025-06-03 11:37:36] WARNING: - 2 users in trust network
[2025-06-03 11:37:36] WARNING: - 31 total trust relationships
[2025-06-03 11:47:41] WARNING: === Starting Twitter Trust System Collection ===
[2025-06-03 11:47:41] WARNING: Will collect tweets until reaching previous timestamp: 2025-05-12 06:54:05+00:00
[2025-06-03 11:47:41] WARNING: Retrieving page 1...
[2025-06-03 11:47:43] WARNING: Newest tweet is from: 2025-05-12 06:54:05+00:00
[2025-06-03 11:47:43] WARNING: Reached stop point at tweet from 2025-05-12 06:54:05+00:00
[2025-06-03 11:47:43] WARNING: Retrieved 0 new tweets on page 1
[2025-06-03 11:47:43] WARNING: Stopping pagination as we've reached the stop point
[2025-06-03 11:47:43] WARNING: Retrieved a total of 0 tweets across 1 pages
[2025-06-03 11:47:43] WARNING: No new tweets found with trust commands. Exiting without error.
[2025-06-03 11:47:43] WARNING: Collection complete!
[2025-06-03 11:47:43] WARNING: - 0 trust assignments processed
[2025-06-03 11:47:43] WARNING: - 2 users in trust network
[2025-06-03 11:47:43] WARNING: - 31 total trust relationships
[2025-06-03 11:57:35] WARNING: === Starting Twitter Trust System Collection ===
[2025-06-03 11:57:35] WARNING: Will collect tweets until reaching previous timestamp: 2025-05-12 06:54:05+00:00
[2025-06-03 11:57:35] WARNING: Retrieving page 1...
[2025-06-03 11:57:36] WARNING: Newest tweet is from: 2025-05-12 06:54:05+00:00
[2025-06-03 11:57:36] WARNING: Reached stop point at tweet from 2025-05-12 06:54:05+00:00
[2025-06-03 11:57:36] WARNING: Retrieved 0 new tweets on page 1
[2025-06-03 11:57:36] WARNING: Stopping pagination as we've reached the stop point
[2025-06-03 11:57:36] WARNING: Retrieved a total of 0 tweets across 1 pages
[2025-06-03 11:57:36] WARNING: No new tweets found with trust commands. Exiting without error.
[2025-06-03 11:57:36] WARNING: Collection complete!
[2025-06-03 11:57:36] WARNING: - 0 trust assignments processed
[2025-06-03 11:57:36] WARNING: - 2 users in trust network
[2025-06-03 11:57:36] WARNING: - 31 total trust relationships
[2025-06-03 12:07:34] WARNING: === Starting Twitter Trust System Collection ===
[2025-06-03 12:07:34] WARNING: Will collect tweets until reaching previous timestamp: 2025-05-12 06:54:05+00:00
[2025-06-03 12:07:34] WARNING: Retrieving page 1...
[2025-06-03 12:07:36] WARNING: Newest tweet is from: 2025-05-12 06:54:05+00:00
[2025-06-03 12:07:36] WARNING: Reached stop point at tweet from 2025-05-12 06:54:05+00:00
[2025-06-03 12:07:36] WARNING: Retrieved 0 new tweets on page 1
[2025-06-03 12:07:36] WARNING: Stopping pagination as we've reached the stop point
[2025-06-03 12:07:36] WARNING: Retrieved a total of 0 tweets across 1 pages
[2025-06-03 12:07:36] WARNING: No new tweets found with trust commands. Exiting without error.
[2025-06-03 12:07:36] WARNING: Collection complete!
[2025-06-03 12:07:36] WARNING: - 0 trust assignments processed
[2025-06-03 12:07:36] WARNING: - 2 users in trust network
[2025-06-03 12:07:36] WARNING: - 31 total trust relationships
[2025-06-03 12:17:34] WARNING: === Starting Twitter Trust System Collection ===
[2025-06-03 12:17:34] WARNING: Will collect tweets until reaching previous timestamp: 2025-05-12 06:54:05+00:00
[2025-06-03 12:17:34] WARNING: Retrieving page 1...
[2025-06-03 12:17:35] WARNING: Newest tweet is from: 2025-05-12 06:54:05+00:00
[2025-06-03 12:17:35] WARNING: Reached stop point at tweet from 2025-05-12 06:54:05+00:00
[2025-06-03 12:17:35] WARNING: Retrieved 0 new tweets on page 1
[2025-06-03 12:17:35] WARNING: Stopping pagination as we've reached the stop point
[2025-06-03 12:17:35] WARNING: Retrieved a total of 0 tweets across 1 pages
[2025-06-03 12:17:35] WARNING: No new tweets found with trust commands. Exiting without error.
[2025-06-03 12:17:35] WARNING: Collection complete!
[2025-06-03 12:17:35] WARNING: - 0 trust assignments processed
[2025-06-03 12:17:35] WARNING: - 2 users in trust network
[2025-06-03 12:17:35] WARNING: - 31 total trust relationships
[2025-06-03 12:27:33] WARNING: === Starting Twitter Trust System Collection ===
[2025-06-03 12:27:33] WARNING: Will collect tweets until reaching previous timestamp: 2025-05-12 06:54:05+00:00
[2025-06-03 12:27:33] WARNING: Retrieving page 1...
[2025-06-03 12:27:35] WARNING: Newest tweet is from: 2025-05-12 06:54:05+00:00
[2025-06-03 12:27:35] WARNING: Reached stop point at tweet from 2025-05-12 06:54:05+00:00
[2025-06-03 12:27:35] WARNING: Retrieved 0 new tweets on page 1
[2025-06-03 12:27:35] WARNING: Stopping pagination as we've reached the stop point
[2025-06-03 12:27:35] WARNING: Retrieved a total of 0 tweets across 1 pages
[2025-06-03 12:27:35] WARNING: No new tweets found with trust commands. Exiting without error.
[2025-06-03 12:27:35] WARNING: Collection complete!
[2025-06-03 12:27:35] WARNING: - 0 trust assignments processed
[2025-06-03 12:27:35] WARNING: - 2 users in trust network
[2025-06-03 12:27:35] WARNING: - 31 total trust relationships
[2025-06-03 12:37:33] WARNING: === Starting Twitter Trust System Collection ===
[2025-06-03 12:37:33] WARNING: Will collect tweets until reaching previous timestamp: 2025-05-12 06:54:05+00:00
[2025-06-03 12:37:33] WARNING: Retrieving page 1...
[2025-06-03 12:37:35] WARNING: Newest tweet is from: 2025-05-12 06:54:05+00:00
[2025-06-03 12:37:35] WARNING: Reached stop point at tweet from 2025-05-12 06:54:05+00:00
[2025-06-03 12:37:35] WARNING: Retrieved 0 new tweets on page 1
[2025-06-03 12:37:35] WARNING: Stopping pagination as we've reached the stop point
[2025-06-03 12:37:35] WARNING: Retrieved a total of 0 tweets across 1 pages
[2025-06-03 12:37:35] WARNING: No new tweets found with trust commands. Exiting without error.
[2025-06-03 12:37:35] WARNING: Collection complete!
[2025-06-03 12:37:35] WARNING: - 0 trust assignments processed
[2025-06-03 12:37:35] WARNING: - 2 users in trust network
[2025-06-03 12:37:35] WARNING: - 31 total trust relationships
[2025-06-03 12:47:34] WARNING: === Starting Twitter Trust System Collection ===
[2025-06-03 12:47:34] WARNING: Will collect tweets until reaching previous timestamp: 2025-05-12 06:54:05+00:00
[2025-06-03 12:47:34] WARNING: Retrieving page 1...
[2025-06-03 12:47:39] WARNING: Newest tweet is from: 2025-05-12 06:54:05+00:00
[2025-06-03 12:47:39] WARNING: Reached stop point at tweet from 2025-05-12 06:54:05+00:00
[2025-06-03 12:47:39] WARNING: Retrieved 0 new tweets on page 1
[2025-06-03 12:47:39] WARNING: Stopping pagination as we've reached the stop point
[2025-06-03 12:47:39] WARNING: Retrieved a total of 0 tweets across 1 pages
[2025-06-03 12:47:39] WARNING: No new tweets found with trust commands. Exiting without error.
[2025-06-03 12:47:39] WARNING: Collection complete!
[2025-06-03 12:47:39] WARNING: - 0 trust assignments processed
[2025-06-03 12:47:39] WARNING: - 2 users in trust network
[2025-06-03 12:47:39] WARNING: - 31 total trust relationships
[2025-06-03 12:57:37] WARNING: === Starting Twitter Trust System Collection ===
[2025-06-03 12:57:37] WARNING: Will collect tweets until reaching previous timestamp: 2025-05-12 06:54:05+00:00
[2025-06-03 12:57:37] WARNING: Retrieving page 1...
[2025-06-03 12:57:38] WARNING: Newest tweet is from: 2025-05-12 06:54:05+00:00
[2025-06-03 12:57:38] WARNING: Reached stop point at tweet from 2025-05-12 06:54:05+00:00
[2025-06-03 12:57:38] WARNING: Retrieved 0 new tweets on page 1
[2025-06-03 12:57:38] WARNING: Stopping pagination as we've reached the stop point
[2025-06-03 12:57:38] WARNING: Retrieved a total of 0 tweets across 1 pages
[2025-06-03 12:57:38] WARNING: No new tweets found with trust commands. Exiting without error.
[2025-06-03 12:57:38] WARNING: Collection complete!
[2025-06-03 12:57:38] WARNING: - 0 trust assignments processed
[2025-06-03 12:57:38] WARNING: - 2 users in trust network
[2025-06-03 12:57:38] WARNING: - 31 total trust relationships
[2025-06-03 13:07:34] WARNING: === Starting Twitter Trust System Collection ===
[2025-06-03 13:07:34] WARNING: Will collect tweets until reaching previous timestamp: 2025-05-12 06:54:05+00:00
[2025-06-03 13:07:34] WARNING: Retrieving page 1...
[2025-06-03 13:07:36] WARNING: Newest tweet is from: 2025-05-12 06:54:05+00:00
[2025-06-03 13:07:36] WARNING: Reached stop point at tweet from 2025-05-12 06:54:05+00:00
[2025-06-03 13:07:36] WARNING: Retrieved 0 new tweets on page 1
[2025-06-03 13:07:36] WARNING: Stopping pagination as we've reached the stop point
[2025-06-03 13:07:36] WARNING: Retrieved a total of 0 tweets across 1 pages
[2025-06-03 13:07:36] WARNING: No new tweets found with trust commands. Exiting without error.
[2025-06-03 13:07:36] WARNING: Collection complete!
[2025-06-03 13:07:36] WARNING: - 0 trust assignments processed
[2025-06-03 13:07:36] WARNING: - 2 users in trust network
[2025-06-03 13:07:36] WARNING: - 31 total trust relationships
[2025-06-03 13:17:34] WARNING: === Starting Twitter Trust System Collection ===
[2025-06-03 13:17:34] WARNING: Will collect tweets until reaching previous timestamp: 2025-05-12 06:54:05+00:00
[2025-06-03 13:17:34] WARNING: Retrieving page 1...
[2025-06-03 13:17:36] WARNING: Newest tweet is from: 2025-05-12 06:54:05+00:00
[2025-06-03 13:17:36] WARNING: Reached stop point at tweet from 2025-05-12 06:54:05+00:00
[2025-06-03 13:17:36] WARNING: Retrieved 0 new tweets on page 1
[2025-06-03 13:17:36] WARNING: Stopping pagination as we've reached the stop point
[2025-06-03 13:17:36] WARNING: Retrieved a total of 0 tweets across 1 pages
[2025-06-03 13:17:36] WARNING: No new tweets found with trust commands. Exiting without error.
[2025-06-03 13:17:36] WARNING: Collection complete!
[2025-06-03 13:17:36] WARNING: - 0 trust assignments processed
[2025-06-03 13:17:36] WARNING: - 2 users in trust network
[2025-06-03 13:17:36] WARNING: - 31 total trust relationships
[2025-06-03 13:27:33] WARNING: === Starting Twitter Trust System Collection ===
[2025-06-03 13:27:33] WARNING: Will collect tweets until reaching previous timestamp: 2025-05-12 06:54:05+00:00
[2025-06-03 13:27:33] WARNING: Retrieving page 1...
[2025-06-03 13:27:36] WARNING: Newest tweet is from: 2025-05-12 06:54:05+00:00
[2025-06-03 13:27:36] WARNING: Reached stop point at tweet from 2025-05-12 06:54:05+00:00
[2025-06-03 13:27:36] WARNING: Retrieved 0 new tweets on page 1
[2025-06-03 13:27:36] WARNING: Stopping pagination as we've reached the stop point
[2025-06-03 13:27:36] WARNING: Retrieved a total of 0 tweets across 1 pages
[2025-06-03 13:27:36] WARNING: No new tweets found with trust commands. Exiting without error.
[2025-06-03 13:27:36] WARNING: Collection complete!
[2025-06-03 13:27:36] WARNING: - 0 trust assignments processed
[2025-06-03 13:27:36] WARNING: - 2 users in trust network
[2025-06-03 13:27:36] WARNING: - 31 total trust relationships
[2025-06-03 13:37:33] WARNING: === Starting Twitter Trust System Collection ===
[2025-06-03 13:37:33] WARNING: Will collect tweets until reaching previous timestamp: 2025-05-12 06:54:05+00:00
[2025-06-03 13:37:33] WARNING: Retrieving page 1...
[2025-06-03 13:37:37] WARNING: Newest tweet is from: 2025-05-12 06:54:05+00:00
[2025-06-03 13:37:37] WARNING: Reached stop point at tweet from 2025-05-12 06:54:05+00:00
[2025-06-03 13:37:37] WARNING: Retrieved 0 new tweets on page 1
[2025-06-03 13:37:37] WARNING: Stopping pagination as we've reached the stop point
[2025-06-03 13:37:37] WARNING: Retrieved a total of 0 tweets across 1 pages
[2025-06-03 13:37:37] WARNING: No new tweets found with trust commands. Exiting without error.
[2025-06-03 13:37:37] WARNING: Collection complete!
[2025-06-03 13:37:37] WARNING: - 0 trust assignments processed
[2025-06-03 13:37:37] WARNING: - 2 users in trust network
[2025-06-03 13:37:37] WARNING: - 31 total trust relationships
[2025-06-03 13:47:35] WARNING: === Starting Twitter Trust System Collection ===
[2025-06-03 13:47:35] WARNING: Will collect tweets until reaching previous timestamp: 2025-05-12 06:54:05+00:00
[2025-06-03 13:47:35] WARNING: Retrieving page 1...
[2025-06-03 13:47:38] WARNING: Newest tweet is from: 2025-05-12 06:54:05+00:00
[2025-06-03 13:47:38] WARNING: Reached stop point at tweet from 2025-05-12 06:54:05+00:00
[2025-06-03 13:47:38] WARNING: Retrieved 0 new tweets on page 1
[2025-06-03 13:47:38] WARNING: Stopping pagination as we've reached the stop point
[2025-06-03 13:47:38] WARNING: Retrieved a total of 0 tweets across 1 pages
[2025-06-03 13:47:38] WARNING: No new tweets found with trust commands. Exiting without error.
[2025-06-03 13:47:38] WARNING: Collection complete!
[2025-06-03 13:47:38] WARNING: - 0 trust assignments processed
[2025-06-03 13:47:38] WARNING: - 2 users in trust network
[2025-06-03 13:47:38] WARNING: - 31 total trust relationships
[2025-06-03 13:57:35] WARNING: === Starting Twitter Trust System Collection ===
[2025-06-03 13:57:35] WARNING: Will collect tweets until reaching previous timestamp: 2025-05-12 06:54:05+00:00
[2025-06-03 13:57:35] WARNING: Retrieving page 1...
[2025-06-03 13:57:36] WARNING: Newest tweet is from: 2025-05-12 06:54:05+00:00
[2025-06-03 13:57:36] WARNING: Reached stop point at tweet from 2025-05-12 06:54:05+00:00
[2025-06-03 13:57:36] WARNING: Retrieved 0 new tweets on page 1
[2025-06-03 13:57:36] WARNING: Stopping pagination as we've reached the stop point
[2025-06-03 13:57:36] WARNING: Retrieved a total of 0 tweets across 1 pages
[2025-06-03 13:57:36] WARNING: No new tweets found with trust commands. Exiting without error.
[2025-06-03 13:57:36] WARNING: Collection complete!
[2025-06-03 13:57:36] WARNING: - 0 trust assignments processed
[2025-06-03 13:57:36] WARNING: - 2 users in trust network
[2025-06-03 13:57:36] WARNING: - 31 total trust relationships
[2025-06-03 14:07:34] WARNING: === Starting Twitter Trust System Collection ===
[2025-06-03 14:07:34] WARNING: Will collect tweets until reaching previous timestamp: 2025-05-12 06:54:05+00:00
[2025-06-03 14:07:34] WARNING: Retrieving page 1...
[2025-06-03 14:07:35] WARNING: Newest tweet is from: 2025-05-12 06:54:05+00:00
[2025-06-03 14:07:35] WARNING: Reached stop point at tweet from 2025-05-12 06:54:05+00:00
[2025-06-03 14:07:35] WARNING: Retrieved 0 new tweets on page 1
[2025-06-03 14:07:35] WARNING: Stopping pagination as we've reached the stop point
[2025-06-03 14:07:35] WARNING: Retrieved a total of 0 tweets across 1 pages
[2025-06-03 14:07:35] WARNING: No new tweets found with trust commands. Exiting without error.
[2025-06-03 14:07:35] WARNING: Collection complete!
[2025-06-03 14:07:35] WARNING: - 0 trust assignments processed
[2025-06-03 14:07:35] WARNING: - 2 users in trust network
[2025-06-03 14:07:35] WARNING: - 31 total trust relationships
[2025-06-03 14:17:34] WARNING: === Starting Twitter Trust System Collection ===
[2025-06-03 14:17:34] WARNING: Will collect tweets until reaching previous timestamp: 2025-05-12 06:54:05+00:00
[2025-06-03 14:17:34] WARNING: Retrieving page 1...
[2025-06-03 14:17:36] WARNING: Newest tweet is from: 2025-05-12 06:54:05+00:00
[2025-06-03 14:17:36] WARNING: Reached stop point at tweet from 2025-05-12 06:54:05+00:00
[2025-06-03 14:17:36] WARNING: Retrieved 0 new tweets on page 1
[2025-06-03 14:17:36] WARNING: Stopping pagination as we've reached the stop point
[2025-06-03 14:17:36] WARNING: Retrieved a total of 0 tweets across 1 pages
[2025-06-03 14:17:36] WARNING: No new tweets found with trust commands. Exiting without error.
[2025-06-03 14:17:36] WARNING: Collection complete!
[2025-06-03 14:17:36] WARNING: - 0 trust assignments processed
[2025-06-03 14:17:36] WARNING: - 2 users in trust network
[2025-06-03 14:17:36] WARNING: - 31 total trust relationships
[2025-06-03 14:27:35] WARNING: === Starting Twitter Trust System Collection ===
[2025-06-03 14:27:35] WARNING: Will collect tweets until reaching previous timestamp: 2025-05-12 06:54:05+00:00
[2025-06-03 14:27:35] WARNING: Retrieving page 1...
[2025-06-03 14:27:36] WARNING: Newest tweet is from: 2025-05-12 06:54:05+00:00
[2025-06-03 14:27:36] WARNING: Reached stop point at tweet from 2025-05-12 06:54:05+00:00
[2025-06-03 14:27:36] WARNING: Retrieved 0 new tweets on page 1
[2025-06-03 14:27:36] WARNING: Stopping pagination as we've reached the stop point
[2025-06-03 14:27:36] WARNING: Retrieved a total of 0 tweets across 1 pages
[2025-06-03 14:27:36] WARNING: No new tweets found with trust commands. Exiting without error.
[2025-06-03 14:27:36] WARNING: Collection complete!
[2025-06-03 14:27:36] WARNING: - 0 trust assignments processed
[2025-06-03 14:27:36] WARNING: - 2 users in trust network
[2025-06-03 14:27:36] WARNING: - 31 total trust relationships
[2025-06-03 14:37:34] WARNING: === Starting Twitter Trust System Collection ===
[2025-06-03 14:37:34] WARNING: Will collect tweets until reaching previous timestamp: 2025-05-12 06:54:05+00:00
[2025-06-03 14:37:34] WARNING: Retrieving page 1...
[2025-06-03 14:37:36] WARNING: Newest tweet is from: 2025-05-12 06:54:05+00:00
[2025-06-03 14:37:36] WARNING: Reached stop point at tweet from 2025-05-12 06:54:05+00:00
[2025-06-03 14:37:36] WARNING: Retrieved 0 new tweets on page 1
[2025-06-03 14:37:36] WARNING: Stopping pagination as we've reached the stop point
[2025-06-03 14:37:36] WARNING: Retrieved a total of 0 tweets across 1 pages
[2025-06-03 14:37:36] WARNING: No new tweets found with trust commands. Exiting without error.
[2025-06-03 14:37:36] WARNING: Collection complete!
[2025-06-03 14:37:36] WARNING: - 0 trust assignments processed
[2025-06-03 14:37:36] WARNING: - 2 users in trust network
[2025-06-03 14:37:36] WARNING: - 31 total trust relationships
[2025-06-03 14:47:35] WARNING: === Starting Twitter Trust System Collection ===
[2025-06-03 14:47:35] WARNING: Will collect tweets until reaching previous timestamp: 2025-05-12 06:54:05+00:00
[2025-06-03 14:47:35] WARNING: Retrieving page 1...
[2025-06-03 14:47:37] WARNING: Newest tweet is from: 2025-05-12 06:54:05+00:00
[2025-06-03 14:47:37] WARNING: Reached stop point at tweet from 2025-05-12 06:54:05+00:00
[2025-06-03 14:47:37] WARNING: Retrieved 0 new tweets on page 1
[2025-06-03 14:47:37] WARNING: Stopping pagination as we've reached the stop point
[2025-06-03 14:47:37] WARNING: Retrieved a total of 0 tweets across 1 pages
[2025-06-03 14:47:37] WARNING: No new tweets found with trust commands. Exiting without error.
[2025-06-03 14:47:37] WARNING: Collection complete!
[2025-06-03 14:47:37] WARNING: - 0 trust assignments processed
[2025-06-03 14:47:37] WARNING: - 2 users in trust network
[2025-06-03 14:47:37] WARNING: - 31 total trust relationships
[2025-06-03 14:57:35] WARNING: === Starting Twitter Trust System Collection ===
[2025-06-03 14:57:35] WARNING: Will collect tweets until reaching previous timestamp: 2025-05-12 06:54:05+00:00
[2025-06-03 14:57:35] WARNING: Retrieving page 1...
[2025-06-03 14:57:38] WARNING: Newest tweet is from: 2025-05-12 06:54:05+00:00
[2025-06-03 14:57:38] WARNING: Reached stop point at tweet from 2025-05-12 06:54:05+00:00
[2025-06-03 14:57:38] WARNING: Retrieved 0 new tweets on page 1
[2025-06-03 14:57:38] WARNING: Stopping pagination as we've reached the stop point
[2025-06-03 14:57:38] WARNING: Retrieved a total of 0 tweets across 1 pages
[2025-06-03 14:57:38] WARNING: No new tweets found with trust commands. Exiting without error.
[2025-06-03 14:57:38] WARNING: Collection complete!
[2025-06-03 14:57:38] WARNING: - 0 trust assignments processed
[2025-06-03 14:57:38] WARNING: - 2 users in trust network
[2025-06-03 14:57:38] WARNING: - 31 total trust relationships
[2025-06-03 15:07:33] WARNING: === Starting Twitter Trust System Collection ===
[2025-06-03 15:07:33] WARNING: Will collect tweets until reaching previous timestamp: 2025-05-12 06:54:05+00:00
[2025-06-03 15:07:33] WARNING: Retrieving page 1...
[2025-06-03 15:07:36] WARNING: Newest tweet is from: 2025-05-12 06:54:05+00:00
[2025-06-03 15:07:36] WARNING: Reached stop point at tweet from 2025-05-12 06:54:05+00:00
[2025-06-03 15:07:36] WARNING: Retrieved 0 new tweets on page 1
[2025-06-03 15:07:36] WARNING: Stopping pagination as we've reached the stop point
[2025-06-03 15:07:36] WARNING: Retrieved a total of 0 tweets across 1 pages
[2025-06-03 15:07:36] WARNING: No new tweets found with trust commands. Exiting without error.
[2025-06-03 15:07:36] WARNING: Collection complete!
[2025-06-03 15:07:36] WARNING: - 0 trust assignments processed
[2025-06-03 15:07:36] WARNING: - 2 users in trust network
[2025-06-03 15:07:36] WARNING: - 31 total trust relationships
[2025-06-03 15:17:33] WARNING: === Starting Twitter Trust System Collection ===
[2025-06-03 15:17:33] WARNING: Will collect tweets until reaching previous timestamp: 2025-05-12 06:54:05+00:00
[2025-06-03 15:17:33] WARNING: Retrieving page 1...
[2025-06-03 15:17:35] WARNING: Newest tweet is from: 2025-05-12 06:54:05+00:00
[2025-06-03 15:17:35] WARNING: Reached stop point at tweet from 2025-05-12 06:54:05+00:00
[2025-06-03 15:17:35] WARNING: Retrieved 0 new tweets on page 1
[2025-06-03 15:17:35] WARNING: Stopping pagination as we've reached the stop point
[2025-06-03 15:17:35] WARNING: Retrieved a total of 0 tweets across 1 pages
[2025-06-03 15:17:35] WARNING: No new tweets found with trust commands. Exiting without error.
[2025-06-03 15:17:35] WARNING: Collection complete!
[2025-06-03 15:17:35] WARNING: - 0 trust assignments processed
[2025-06-03 15:17:35] WARNING: - 2 users in trust network
[2025-06-03 15:17:35] WARNING: - 31 total trust relationships
[2025-06-03 15:27:35] WARNING: === Starting Twitter Trust System Collection ===
[2025-06-03 15:27:35] WARNING: Will collect tweets until reaching previous timestamp: 2025-05-12 06:54:05+00:00
[2025-06-03 15:27:35] WARNING: Retrieving page 1...
[2025-06-03 15:27:39] WARNING: Newest tweet is from: 2025-05-12 06:54:05+00:00
[2025-06-03 15:27:39] WARNING: Reached stop point at tweet from 2025-05-12 06:54:05+00:00
[2025-06-03 15:27:39] WARNING: Retrieved 0 new tweets on page 1
[2025-06-03 15:27:39] WARNING: Stopping pagination as we've reached the stop point
[2025-06-03 15:27:39] WARNING: Retrieved a total of 0 tweets across 1 pages
[2025-06-03 15:27:39] WARNING: No new tweets found with trust commands. Exiting without error.
[2025-06-03 15:27:39] WARNING: Collection complete!
[2025-06-03 15:27:39] WARNING: - 0 trust assignments processed
[2025-06-03 15:27:39] WARNING: - 2 users in trust network
[2025-06-03 15:27:39] WARNING: - 31 total trust relationships
[2025-06-03 15:27:39] Calculating trust scores from collected data...
[2025-06-03 14:27:41] INFO: Community Community A (18 members): AskaPol_UAPs, ChrisUKSharp, DanHaug6, Eyes_OnTheSkies, FettucineSplit, GoodTroubleShow, Halsrethink, JeremyCorbell, JonMajerowski, LueElizondo, PTHellyer, SnakePo9, TheOfficialQF, g_knapp, jamescfox, jayanderson, rosscoulthart, ufobeliever1947
[2025-06-03 14:27:41] INFO: Community Community B (7 members): MiddleofMayhem, OSIRISUAP, ShipsSmall, cosmic_surplus, likeitmatters3, susangerbic, ufoskeptic1968
[2025-06-03 14:27:41] INFO: Community analysis written to community_analysis.txt
[2025-06-03 14:27:41] WARNING: Generating trust network visualization...
[2025-06-03 14:27:42] WARNING: Network visualization saved to visualization/trust_network.png
[2025-06-03 14:27:42] WARNING: Creating JSON data structure...
[2025-06-03 14:27:42] WARNING: Successfully generated js/data.js with:
[2025-06-03 14:27:42] WARNING: - 25 users
[2025-06-03 14:27:42] WARNING: - 31 trust relationships
[2025-06-03 14:27:42] WARNING: - 2 communities
[2025-06-03 14:27:42] WARNING: Trust calculation completed successfully.
[2025-06-03 14:37:40] WARNING: === Starting Trust Score Calculation ===
[2025-06-03 14:37:40] WARNING: Starting trust score calculation...
[2025-06-03 14:37:40] WARNING: Found 25 users in the trust network
[2025-06-03 14:37:40] WARNING: Building trust network graph...
[2025-06-03 14:37:40] WARNING: Calculating PageRank scores...
[2025-06-03 14:37:40] WARNING: Applying distrust penalties...
[2025-06-03 14:37:40] WARNING: Detecting communities...
[2025-06-03 14:37:40] WARNING: Found 8 isolated nodes to assign to communities
[2025-06-03 14:37:40] WARNING: Assigned isolated node Eyes_OnTheSkies to community 1 based on structural balance theory
[2025-06-03 14:37:40] WARNING: Assigned isolated node FettucineSplit to community 1 based on structural balance theory
[2025-06-03 14:37:40] WARNING: Assigned isolated node JonMajerowski to community 1 based on structural balance theory
[2025-06-03 14:37:40] WARNING: Assigned isolated node MiddleofMayhem to community 2 based on structural balance theory
[2025-06-03 14:37:40] WARNING: Assigned isolated node PTHellyer to community 1 based on structural balance theory
[2025-06-03 14:37:40] WARNING: Assigned isolated node SnakePo9 to community 1 based on structural balance theory
[2025-06-03 14:37:40] WARNING: Assigned isolated node jamescfox to community 1 based on structural balance theory
[2025-06-03 14:37:40] WARNING: Assigned isolated node likeitmatters3 to community 2 based on structural balance theory
[2025-06-03 14:37:40] INFO: Analyzing community composition...
[2025-06-03 14:37:40] INFO: Community Community A (18 members): AskaPol_UAPs, ChrisUKSharp, DanHaug6, Eyes_OnTheSkies, FettucineSplit, GoodTroubleShow, Halsrethink, JeremyCorbell, JonMajerowski, LueElizondo, PTHellyer, SnakePo9, TheOfficialQF, g_knapp, jamescfox, jayanderson, rosscoulthart, ufobeliever1947
[2025-06-03 14:37:40] INFO: Community Community B (7 members): MiddleofMayhem, OSIRISUAP, ShipsSmall, cosmic_surplus, likeitmatters3, susangerbic, ufoskeptic1968
[2025-06-03 14:37:40] INFO: Community analysis written to community_analysis.txt
[2025-06-03 14:37:40] WARNING: Generating trust network visualization...
[2025-06-03 14:37:41] WARNING: Network visualization saved to visualization/trust_network.png
[2025-06-03 14:37:41] WARNING: Creating JSON data structure...
[2025-06-03 14:37:41] WARNING: Successfully generated js/data.js with:
[2025-06-03 14:37:41] WARNING: - 25 users
[2025-06-03 14:37:41] WARNING: - 31 trust relationships
[2025-06-03 14:37:41] WARNING: - 2 communities
[2025-06-03 14:37:41] WARNING: Trust calculation completed successfully.
[2025-06-03 14:47:42] WARNING: === Starting Trust Score Calculation ===
[2025-06-03 14:47:42] WARNING: Starting trust score calculation...
[2025-06-03 14:47:42] WARNING: Found 25 users in the trust network
[2025-06-03 14:47:42] WARNING: Building trust network graph...
[2025-06-03 14:47:42] WARNING: Calculating PageRank scores...
[2025-06-03 14:47:42] WARNING: Applying distrust penalties...
[2025-06-03 14:47:42] WARNING: Detecting communities...
[2025-06-03 14:47:42] WARNING: Found 8 isolated nodes to assign to communities
[2025-06-03 14:47:42] WARNING: Assigned isolated node Eyes_OnTheSkies to community 1 based on structural balance theory
[2025-06-03 14:47:42] WARNING: Assigned isolated node FettucineSplit to community 1 based on structural balance theory
[2025-06-03 14:47:42] WARNING: Assigned isolated node JonMajerowski to community 1 based on structural balance theory
[2025-06-03 14:47:42] WARNING: Assigned isolated node MiddleofMayhem to community 2 based on structural balance theory
[2025-06-03 14:47:42] WARNING: Assigned isolated node PTHellyer to community 1 based on structural balance theory
[2025-06-03 14:47:42] WARNING: Assigned isolated node SnakePo9 to community 1 based on structural balance theory
[2025-06-03 14:47:42] WARNING: Assigned isolated node jamescfox to community 1 based on structural balance theory
[2025-06-03 14:47:42] WARNING: Assigned isolated node likeitmatters3 to community 2 based on structural balance theory
[2025-06-03 14:47:42] INFO: Analyzing community composition...
[2025-06-03 14:47:42] INFO: Community Community A (18 members): AskaPol_UAPs, ChrisUKSharp, DanHaug6, Eyes_OnTheSkies, FettucineSplit, GoodTroubleShow, Halsrethink, JeremyCorbell, JonMajerowski, LueElizondo, PTHellyer, SnakePo9, TheOfficialQF, g_knapp, jamescfox, jayanderson, rosscoulthart, ufobeliever1947
[2025-06-03 14:47:42] INFO: Community Community B (7 members): MiddleofMayhem, OSIRISUAP, ShipsSmall, cosmic_surplus, likeitmatters3, susangerbic, ufoskeptic1968
[2025-06-03 14:47:42] INFO: Community analysis written to community_analysis.txt
[2025-06-03 14:47:42] WARNING: Generating trust network visualization...
[2025-06-03 14:47:43] WARNING: Network visualization saved to visualization/trust_network.png
[2025-06-03 14:47:43] WARNING: Creating JSON data structure...
[2025-06-03 14:47:43] WARNING: Successfully generated js/data.js with:
[2025-06-03 14:47:43] WARNING: - 25 users
[2025-06-03 14:47:43] WARNING: - 31 trust relationships
[2025-06-03 14:47:43] WARNING: - 2 communities
[2025-06-03 14:47:43] WARNING: Trust calculation completed successfully.
[2025-06-03 14:57:42] WARNING: === Starting Trust Score Calculation ===
[2025-06-03 14:57:42] WARNING: Starting trust score calculation...
[2025-06-03 14:57:42] WARNING: Found 25 users in the trust network
[2025-06-03 14:57:42] WARNING: Building trust network graph...
[2025-06-03 14:57:42] WARNING: Calculating PageRank scores...
[2025-06-03 14:57:42] WARNING: Applying distrust penalties...
[2025-06-03 14:57:42] WARNING: Detecting communities...
[2025-06-03 14:57:42] WARNING: Found 8 isolated nodes to assign to communities
[2025-06-03 14:57:42] WARNING: Assigned isolated node Eyes_OnTheSkies to community 1 based on structural balance theory
[2025-06-03 14:57:42] WARNING: Assigned isolated node FettucineSplit to community 1 based on structural balance theory
[2025-06-03 14:57:42] WARNING: Assigned isolated node JonMajerowski to community 1 based on structural balance theory
[2025-06-03 14:57:42] WARNING: Assigned isolated node MiddleofMayhem to community 2 based on structural balance theory
[2025-06-03 14:57:42] WARNING: Assigned isolated node PTHellyer to community 1 based on structural balance theory
[2025-06-03 14:57:42] WARNING: Assigned isolated node SnakePo9 to community 1 based on structural balance theory
[2025-06-03 14:57:42] WARNING: Assigned isolated node jamescfox to community 1 based on structural balance theory
[2025-06-03 14:57:42] WARNING: Assigned isolated node likeitmatters3 to community 2 based on structural balance theory
[2025-06-03 14:57:42] INFO: Analyzing community composition...
[2025-06-03 14:57:42] INFO: Community Community A (18 members): AskaPol_UAPs, ChrisUKSharp, DanHaug6, Eyes_OnTheSkies, FettucineSplit, GoodTroubleShow, Halsrethink, JeremyCorbell, JonMajerowski, LueElizondo, PTHellyer, SnakePo9, TheOfficialQF, g_knapp, jamescfox, jayanderson, rosscoulthart, ufobeliever1947
[2025-06-03 14:57:42] INFO: Community Community B (7 members): MiddleofMayhem, OSIRISUAP, ShipsSmall, cosmic_surplus, likeitmatters3, susangerbic, ufoskeptic1968
[2025-06-03 14:57:42] INFO: Community analysis written to community_analysis.txt
[2025-06-03 14:57:42] WARNING: Generating trust network visualization...
[2025-06-03 14:57:43] WARNING: Network visualization saved to visualization/trust_network.png
[2025-06-03 14:57:43] WARNING: Creating JSON data structure...
[2025-06-03 14:57:43] WARNING: Successfully generated js/data.js with:
[2025-06-03 14:57:43] WARNING: - 25 users
[2025-06-03 14:57:43] WARNING: - 31 trust relationships
[2025-06-03 14:57:43] WARNING: - 2 communities
[2025-06-03 14:57:43] WARNING: Trust calculation completed successfully.
[2025-06-03 15:07:40] WARNING: === Starting Trust Score Calculation ===
[2025-06-03 15:07:40] WARNING: Starting trust score calculation...
[2025-06-03 15:07:40] WARNING: Found 25 users in the trust network
[2025-06-03 15:07:40] WARNING: Building trust network graph...
[2025-06-03 15:07:40] WARNING: Calculating PageRank scores...
[2025-06-03 15:07:40] WARNING: Applying distrust penalties...
[2025-06-03 15:07:40] WARNING: Detecting communities...
[2025-06-03 15:07:40] WARNING: Found 8 isolated nodes to assign to communities
[2025-06-03 15:07:40] WARNING: Assigned isolated node Eyes_OnTheSkies to community 1 based on structural balance theory
[2025-06-03 15:07:40] WARNING: Assigned isolated node FettucineSplit to community 1 based on structural balance theory
[2025-06-03 15:07:40] WARNING: Assigned isolated node JonMajerowski to community 1 based on structural balance theory
[2025-06-03 15:07:40] WARNING: Assigned isolated node MiddleofMayhem to community 2 based on structural balance theory
[2025-06-03 15:07:40] WARNING: Assigned isolated node PTHellyer to community 1 based on structural balance theory
[2025-06-03 15:07:40] WARNING: Assigned isolated node SnakePo9 to community 1 based on structural balance theory
[2025-06-03 15:07:40] WARNING: Assigned isolated node jamescfox to community 1 based on structural balance theory
[2025-06-03 15:07:40] WARNING: Assigned isolated node likeitmatters3 to community 2 based on structural balance theory
[2025-06-03 15:07:40] INFO: Analyzing community composition...
[2025-06-03 15:07:40] INFO: Community Community A (18 members): AskaPol_UAPs, ChrisUKSharp, DanHaug6, Eyes_OnTheSkies, FettucineSplit, GoodTroubleShow, Halsrethink, JeremyCorbell, JonMajerowski, LueElizondo, PTHellyer, SnakePo9, TheOfficialQF, g_knapp, jamescfox, jayanderson, rosscoulthart, ufobeliever1947
[2025-06-03 15:07:40] INFO: Community Community B (7 members): MiddleofMayhem, OSIRISUAP, ShipsSmall, cosmic_surplus, likeitmatters3, susangerbic, ufoskeptic1968
[2025-06-03 15:07:40] INFO: Community analysis written to community_analysis.txt
[2025-06-03 15:07:40] WARNING: Generating trust network visualization...
[2025-06-03 15:07:41] WARNING: Network visualization saved to visualization/trust_network.png
[2025-06-03 15:07:41] WARNING: Creating JSON data structure...
[2025-06-03 15:07:41] WARNING: Successfully generated js/data.js with:
[2025-06-03 15:07:41] WARNING: - 25 users
[2025-06-03 15:07:41] WARNING: - 31 trust relationships
[2025-06-03 15:07:41] WARNING: - 2 communities
[2025-06-03 15:07:41] WARNING: Trust calculation completed successfully.
[2025-06-03 15:17:39] WARNING: === Starting Trust Score Calculation ===
[2025-06-03 15:17:39] WARNING: Starting trust score calculation...
[2025-06-03 15:17:39] WARNING: Found 25 users in the trust network
[2025-06-03 15:17:39] WARNING: Building trust network graph...
[2025-06-03 15:17:39] WARNING: Calculating PageRank scores...
[2025-06-03 15:17:39] WARNING: Applying distrust penalties...
[2025-06-03 15:17:39] WARNING: Detecting communities...
[2025-06-03 15:17:39] WARNING: Found 8 isolated nodes to assign to communities
[2025-06-03 15:17:39] WARNING: Assigned isolated node Eyes_OnTheSkies to community 1 based on structural balance theory
[2025-06-03 15:17:39] WARNING: Assigned isolated node FettucineSplit to community 1 based on structural balance theory
[2025-06-03 15:17:39] WARNING: Assigned isolated node JonMajerowski to community 1 based on structural balance theory
[2025-06-03 15:17:39] WARNING: Assigned isolated node MiddleofMayhem to community 2 based on structural balance theory
[2025-06-03 15:17:39] WARNING: Assigned isolated node PTHellyer to community 1 based on structural balance theory
[2025-06-03 15:17:39] WARNING: Assigned isolated node SnakePo9 to community 1 based on structural balance theory
[2025-06-03 15:17:39] WARNING: Assigned isolated node jamescfox to community 1 based on structural balance theory
[2025-06-03 15:17:39] WARNING: Assigned isolated node likeitmatters3 to community 2 based on structural balance theory
[2025-06-03 15:17:39] INFO: Analyzing community composition...
[2025-06-03 15:17:39] INFO: Community Community A (18 members): AskaPol_UAPs, ChrisUKSharp, DanHaug6, Eyes_OnTheSkies, FettucineSplit, GoodTroubleShow, Halsrethink, JeremyCorbell, JonMajerowski, LueElizondo, PTHellyer, SnakePo9, TheOfficialQF, g_knapp, jamescfox, jayanderson, rosscoulthart, ufobeliever1947
[2025-06-03 15:17:39] INFO: Community Community B (7 members): MiddleofMayhem, OSIRISUAP, ShipsSmall, cosmic_surplus, likeitmatters3, susangerbic, ufoskeptic1968
[2025-06-03 15:17:39] INFO: Community analysis written to community_analysis.txt
[2025-06-03 15:17:39] WARNING: Generating trust network visualization...
[2025-06-03 15:17:41] WARNING: Network visualization saved to visualization/trust_network.png
[2025-06-03 15:17:41] WARNING: Creating JSON data structure...
[2025-06-03 15:17:41] WARNING: Successfully generated js/data.js with:
[2025-06-03 15:17:41] WARNING: - 25 users
[2025-06-03 15:17:41] WARNING: - 31 trust relationships
[2025-06-03 15:17:41] WARNING: - 2 communities
[2025-06-03 15:17:41] WARNING: Trust calculation completed successfully.
[2025-06-03 15:27:43] WARNING: === Starting Trust Score Calculation ===
[2025-06-03 15:27:43] WARNING: Starting trust score calculation...
[2025-06-03 15:27:43] WARNING: Found 25 users in the trust network
[2025-06-03 15:27:43] WARNING: Building trust network graph...
[2025-06-03 15:27:43] WARNING: Calculating PageRank scores...
[2025-06-03 15:27:44] WARNING: Applying distrust penalties...
[2025-06-03 15:27:44] WARNING: Detecting communities...
[2025-06-03 15:27:44] WARNING: Found 8 isolated nodes to assign to communities
[2025-06-03 15:27:44] WARNING: Assigned isolated node Eyes_OnTheSkies to community 1 based on structural balance theory
[2025-06-03 15:27:44] WARNING: Assigned isolated node FettucineSplit to community 1 based on structural balance theory
[2025-06-03 15:27:44] WARNING: Assigned isolated node JonMajerowski to community 1 based on structural balance theory
[2025-06-03 15:27:44] WARNING: Assigned isolated node MiddleofMayhem to community 2 based on structural balance theory
[2025-06-03 15:27:44] WARNING: Assigned isolated node PTHellyer to community 1 based on structural balance theory
[2025-06-03 15:27:44] WARNING: Assigned isolated node SnakePo9 to community 1 based on structural balance theory
[2025-06-03 15:27:44] WARNING: Assigned isolated node jamescfox to community 1 based on structural balance theory
[2025-06-03 15:27:44] WARNING: Assigned isolated node likeitmatters3 to community 2 based on structural balance theory
[2025-06-03 15:27:44] INFO: Analyzing community composition...
[2025-06-03 15:27:44] INFO: Community Community A (18 members): AskaPol_UAPs, ChrisUKSharp, DanHaug6, Eyes_OnTheSkies, FettucineSplit, GoodTroubleShow, Halsrethink, JeremyCorbell, JonMajerowski, LueElizondo, PTHellyer, SnakePo9, TheOfficialQF, g_knapp, jamescfox, jayanderson, rosscoulthart, ufobeliever1947
[2025-06-03 15:27:44] INFO: Community Community B (7 members): MiddleofMayhem, OSIRISUAP, ShipsSmall, cosmic_surplus, likeitmatters3, susangerbic, ufoskeptic1968
[2025-06-03 15:27:44] INFO: Community analysis written to community_analysis.txt
[2025-06-03 15:27:44] WARNING: Generating trust network visualization...
[2025-06-03 15:27:45] WARNING: Network visualization saved to visualization/trust_network.png
[2025-06-03 15:27:45] WARNING: Creating JSON data structure...
[2025-06-03 15:27:45] WARNING: Successfully generated js/data.js with:
[2025-06-03 15:27:45] WARNING: - 25 users
[2025-06-03 15:27:45] WARNING: - 31 trust relationships
[2025-06-03 15:27:45] WARNING: - 2 communities
[2025-06-03 15:27:45] WARNING: Trust calculation completed successfully.
[2025-06-03 15:27:45] Committing and pushing changes to GitHub...
