[2025-05-11 20:47:31] Starting Twitter Trust System update process...
[2025-05-11 20:47:31] Update frequency set to: 10 minutes
[2025-05-11 20:47:31] Collecting trust assignments from Twitter...
[2025-05-11 17:29:56] WARNING: === Starting Twitter Trust System Collection ===
[2025-05-11 17:29:56] WARNING: No previous timestamp found. Looking back 60 minutes to: 2025-05-11 16:29:56.037529
[2025-05-11 17:29:56] WARNING: Retrieving page 1...
[2025-05-11 17:29:57] WARNING: Newest tweet is from: 2013-12-21 19:29:18+00:00
[2025-05-11 17:29:57] WARNING: Error parsing tweet time: can't compare offset-naive and offset-aware datetimes
[2025-05-11 17:29:57] WARNING: Retrieved 1 new tweets on page 1
[2025-05-11 17:29:59] WARNING: Retrieving page 2...
[2025-05-11 17:30:03] WARNING: No tweets found on this page
[2025-05-11 17:30:03] WARNING: Updated last tweet timestamp to: Sat Dec 21 19:29:18 +0000 2013
[2025-05-11 17:30:03] WARNING: Retrieved a total of 1 tweets across 2 pages
[2025-05-11 17:30:03] WARNING: Processing 1 tweets for trust commands
[2025-05-11 17:30:03] WARNING: Checking tweet 414477698107318272 from @CoraxSays
[2025-05-11 17:30:03] WARNING: No trust commands found in tweet 414477698107318272
[2025-05-11 17:30:03] WARNING: Successfully saved 0 trust assignments (0 new/changed)
[2025-05-11 17:30:03] WARNING: Collection complete!
[2025-05-11 17:30:03] WARNING: - 0 trust assignments processed
[2025-05-11 17:30:03] WARNING: - 0 users in trust network
[2025-05-11 17:30:03] WARNING: - 0 total trust relationships
[2025-05-11 17:39:56] WARNING: === Starting Twitter Trust System Collection ===
[2025-05-11 17:39:56] WARNING: Will collect tweets until reaching previous timestamp: 2013-12-21 19:29:18+00:00
[2025-05-11 17:39:56] WARNING: Retrieving page 1...
[2025-05-11 17:39:57] WARNING: Newest tweet is from: 2013-12-21 19:29:18+00:00
[2025-05-11 17:39:57] WARNING: Reached stop point at tweet from 2013-12-21 19:29:18+00:00
[2025-05-11 17:39:57] WARNING: Retrieved 0 new tweets on page 1
[2025-05-11 17:39:57] WARNING: Stopping pagination as we've reached the stop point
[2025-05-11 17:39:57] WARNING: Retrieved a total of 0 tweets across 1 pages
[2025-05-11 17:39:57] WARNING: No new tweets found with trust commands
[2025-05-11 17:39:57] WARNING: Collection complete!
[2025-05-11 17:39:57] WARNING: - 0 trust assignments processed
[2025-05-11 17:39:57] WARNING: - 0 users in trust network
[2025-05-11 17:39:57] WARNING: - 0 total trust relationships
[2025-05-11 17:49:56] WARNING: === Starting Twitter Trust System Collection ===
[2025-05-11 17:49:56] WARNING: Will collect tweets until reaching previous timestamp: 2013-12-21 19:29:18+00:00
[2025-05-11 17:49:56] WARNING: Retrieving page 1...
[2025-05-11 17:49:57] WARNING: Newest tweet is from: 2013-12-21 19:29:18+00:00
[2025-05-11 17:49:57] WARNING: Reached stop point at tweet from 2013-12-21 19:29:18+00:00
[2025-05-11 17:49:57] WARNING: Retrieved 0 new tweets on page 1
[2025-05-11 17:49:57] WARNING: Stopping pagination as we've reached the stop point
[2025-05-11 17:49:57] WARNING: Retrieved a total of 0 tweets across 1 pages
[2025-05-11 17:49:57] WARNING: No new tweets found with trust commands
[2025-05-11 17:49:57] WARNING: Collection complete!
[2025-05-11 17:49:57] WARNING: - 0 trust assignments processed
[2025-05-11 17:49:57] WARNING: - 0 users in trust network
[2025-05-11 17:49:57] WARNING: - 0 total trust relationships
[2025-05-11 17:59:56] WARNING: === Starting Twitter Trust System Collection ===
[2025-05-11 17:59:56] WARNING: Will collect tweets until reaching previous timestamp: 2013-12-21 19:29:18+00:00
[2025-05-11 17:59:56] WARNING: Retrieving page 1...
[2025-05-11 17:59:57] WARNING: Newest tweet is from: 2013-12-21 19:29:18+00:00
[2025-05-11 17:59:57] WARNING: Reached stop point at tweet from 2013-12-21 19:29:18+00:00
[2025-05-11 17:59:57] WARNING: Retrieved 0 new tweets on page 1
[2025-05-11 17:59:57] WARNING: Stopping pagination as we've reached the stop point
[2025-05-11 17:59:57] WARNING: Retrieved a total of 0 tweets across 1 pages
[2025-05-11 17:59:57] WARNING: No new tweets found with trust commands
[2025-05-11 17:59:57] WARNING: Collection complete!
[2025-05-11 17:59:57] WARNING: - 0 trust assignments processed
[2025-05-11 17:59:57] WARNING: - 0 users in trust network
[2025-05-11 17:59:57] WARNING: - 0 total trust relationships
[2025-05-11 18:09:56] WARNING: === Starting Twitter Trust System Collection ===
[2025-05-11 18:09:56] WARNING: Will collect tweets until reaching previous timestamp: 2013-12-21 19:29:18+00:00
[2025-05-11 18:09:56] WARNING: Retrieving page 1...
[2025-05-11 18:09:57] WARNING: Newest tweet is from: 2013-12-21 19:29:18+00:00
[2025-05-11 18:09:57] WARNING: Reached stop point at tweet from 2013-12-21 19:29:18+00:00
[2025-05-11 18:09:57] WARNING: Retrieved 0 new tweets on page 1
[2025-05-11 18:09:57] WARNING: Stopping pagination as we've reached the stop point
[2025-05-11 18:09:57] WARNING: Retrieved a total of 0 tweets across 1 pages
[2025-05-11 18:09:57] WARNING: No new tweets found with trust commands
[2025-05-11 18:09:57] WARNING: Collection complete!
[2025-05-11 18:09:57] WARNING: - 0 trust assignments processed
[2025-05-11 18:09:57] WARNING: - 0 users in trust network
[2025-05-11 18:09:57] WARNING: - 0 total trust relationships
[2025-05-11 18:17:09] WARNING: === Starting Twitter Trust System Collection ===
[2025-05-11 18:17:09] WARNING: Will collect tweets until reaching previous timestamp: 2013-12-21 19:29:18+00:00
[2025-05-11 18:17:09] WARNING: Retrieving page 1...
[2025-05-11 18:17:11] WARNING: Newest tweet is from: 2013-12-21 19:29:18+00:00
[2025-05-11 18:17:11] WARNING: Reached stop point at tweet from 2013-12-21 19:29:18+00:00
[2025-05-11 18:17:11] WARNING: Retrieved 0 new tweets on page 1
[2025-05-11 18:17:11] WARNING: Stopping pagination as we've reached the stop point
[2025-05-11 18:17:11] WARNING: Retrieved a total of 0 tweets across 1 pages
[2025-05-11 18:17:11] WARNING: No new tweets found with trust commands
[2025-05-11 18:17:11] WARNING: Collection complete!
[2025-05-11 18:17:11] WARNING: - 0 trust assignments processed
[2025-05-11 18:17:11] WARNING: - 0 users in trust network
[2025-05-11 18:17:11] WARNING: - 0 total trust relationships
[2025-05-11 18:19:12] WARNING: === Starting Twitter Trust System Collection ===
[2025-05-11 18:19:12] WARNING: Will collect tweets until reaching previous timestamp: 2013-12-21 19:29:18+00:00
[2025-05-11 18:19:12] WARNING: Retrieving page 1...
[2025-05-11 18:19:14] WARNING: Newest tweet is from: 2013-12-21 19:29:18+00:00
[2025-05-11 18:19:14] WARNING: Reached stop point at tweet from 2013-12-21 19:29:18+00:00
[2025-05-11 18:19:14] WARNING: Retrieved 0 new tweets on page 1
[2025-05-11 18:19:14] WARNING: Stopping pagination as we've reached the stop point
[2025-05-11 18:19:14] WARNING: Retrieved a total of 0 tweets across 1 pages
[2025-05-11 18:19:14] WARNING: No new tweets found with trust commands
[2025-05-11 18:19:14] WARNING: Collection complete!
[2025-05-11 18:19:14] WARNING: - 0 trust assignments processed
[2025-05-11 18:19:14] WARNING: - 0 users in trust network
[2025-05-11 18:19:14] WARNING: - 0 total trust relationships
[2025-05-11 18:25:29] WARNING: === Starting Twitter Trust System Collection ===
[2025-05-11 18:25:29] WARNING: Will collect tweets until reaching previous timestamp: 2013-12-21 19:29:18+00:00
[2025-05-11 18:25:29] WARNING: Retrieving page 1...
[2025-05-11 18:25:31] WARNING: Newest tweet is from: 2013-12-21 19:29:18+00:00
[2025-05-11 18:25:31] WARNING: Reached stop point at tweet from 2013-12-21 19:29:18+00:00
[2025-05-11 18:25:31] WARNING: Retrieved 0 new tweets on page 1
[2025-05-11 18:25:31] WARNING: Stopping pagination as we've reached the stop point
[2025-05-11 18:25:31] WARNING: Retrieved a total of 0 tweets across 1 pages
[2025-05-11 18:25:31] WARNING: No new tweets found with trust commands. Exiting without error.
[2025-05-11 18:25:31] WARNING: Collection complete!
[2025-05-11 18:25:31] WARNING: - 0 trust assignments processed
[2025-05-11 18:25:31] WARNING: - 0 users in trust network
[2025-05-11 18:25:31] WARNING: - 0 total trust relationships
[2025-05-11 20:47:33] WARNING: === Starting Twitter Trust System Collection ===
[2025-05-11 20:47:33] WARNING: Will collect tweets until reaching previous timestamp: 2013-12-21 19:29:18+00:00
[2025-05-11 20:47:33] WARNING: Retrieving page 1...
[2025-05-11 20:47:35] WARNING: Newest tweet is from: 2025-05-12 01:14:18+00:00
[2025-05-11 20:47:35] WARNING: Reached stop point at tweet from 2013-12-21 19:29:18+00:00
[2025-05-11 20:47:35] WARNING: Retrieved 10 new tweets on page 1
[2025-05-11 20:47:35] WARNING: Stopping pagination as we've reached the stop point
[2025-05-11 20:47:35] WARNING: Updated last tweet timestamp to: Mon May 12 01:14:18 +0000 2025
[2025-05-11 20:47:35] WARNING: Retrieved a total of 10 tweets across 1 pages
[2025-05-11 20:47:35] WARNING: Processing 10 tweets for trust commands
[2025-05-11 20:47:35] WARNING: Checking tweet 1921735653873578069 from @ufoskeptic1968
[2025-05-11 20:47:35] WARNING: Processed: @ufoskeptic1968 trusts @PTHellyer with -40 points
[2025-05-11 20:47:35] WARNING: Checking tweet 1921735546637857269 from @ufobeliever1947
[2025-05-11 20:47:35] WARNING: Processed: @ufobeliever1947 trusts @DanHaug6 with 70 points
[2025-05-11 20:47:35] WARNING: Checking tweet 1921735155619705040 from @ufobeliever1947
[2025-05-11 20:47:35] WARNING: Processed: @ufobeliever1947 trusts @Halsrethink with 95 points
[2025-05-11 20:47:35] WARNING: Checking tweet 1921734769248702585 from @ufobeliever1947
[2025-05-11 20:47:35] WARNING: Processed: @ufobeliever1947 trusts @ShipsSmall with 80 points
[2025-05-11 20:47:35] WARNING: Checking tweet 1921734752102445456 from @ufoskeptic1968
[2025-05-11 20:47:35] WARNING: Processed: @ufoskeptic1968 trusts @ShipsSmall with 80 points
[2025-05-11 20:47:35] WARNING: Checking tweet 1921734530286956800 from @ufobeliever1947
[2025-05-11 20:47:35] WARNING: Processed: @ufobeliever1947 trusts @TheOfficialQF with 70 points
[2025-05-11 20:47:35] WARNING: Checking tweet 1921734447285567848 from @ufoskeptic1968
[2025-05-11 20:47:35] WARNING: Processed: @ufoskeptic1968 trusts @TheOfficialQF with -50 points
[2025-05-11 20:47:35] WARNING: Checking tweet 1921733690519912701 from @ufobeliever1947
[2025-05-11 20:47:35] WARNING: Processed: @ufobeliever1947 trusts @susangerbic with -90 points
[2025-05-11 20:47:35] WARNING: Checking tweet 1921733565412229466 from @ufoskeptic1968
[2025-05-11 20:47:35] WARNING: Processed: @ufoskeptic1968 trusts @cosmic_surplus with 100 points
[2025-05-11 20:47:35] WARNING: Checking tweet 1921733030349025353 from @ufobeliever1947
[2025-05-11 20:47:35] WARNING: Processed: @ufobeliever1947 trusts @GoodTroubleShow with 80 points
[2025-05-11 20:47:35] WARNING: Successfully saved 10 trust assignments (10 new/changed)
[2025-05-11 20:47:35] WARNING: Collection complete!
[2025-05-11 20:47:35] WARNING: - 10 trust assignments processed
[2025-05-11 20:47:35] WARNING: - 2 users in trust network
[2025-05-11 20:47:35] WARNING: - 10 total trust relationships
[2025-05-11 20:47:35] Calculating trust scores from collected data...
[2025-05-11 17:30:05] WARNING: === Starting Trust Score Calculation ===
[2025-05-11 17:30:05] WARNING: Starting trust score calculation...
[2025-05-11 17:30:05] WARNING: Found 0 users in the trust network
[2025-05-11 17:30:05] WARNING: No users found in trust assignments
[2025-05-11 17:30:05] WARNING: Trust calculation failed.
[2025-05-11 17:39:59] WARNING: === Starting Trust Score Calculation ===
[2025-05-11 17:39:59] WARNING: Starting trust score calculation...
[2025-05-11 17:39:59] WARNING: Found 0 users in the trust network
[2025-05-11 17:39:59] WARNING: No users found in trust assignments
[2025-05-11 17:39:59] WARNING: Trust calculation failed.
[2025-05-11 17:49:59] WARNING: === Starting Trust Score Calculation ===
[2025-05-11 17:49:59] WARNING: Starting trust score calculation...
[2025-05-11 17:49:59] WARNING: Found 0 users in the trust network
[2025-05-11 17:49:59] WARNING: No users found in trust assignments
[2025-05-11 17:49:59] WARNING: Trust calculation failed.
[2025-05-11 18:00:00] WARNING: === Starting Trust Score Calculation ===
[2025-05-11 18:00:00] WARNING: Starting trust score calculation...
[2025-05-11 18:00:00] WARNING: Found 0 users in the trust network
[2025-05-11 18:00:00] WARNING: No users found in trust assignments
[2025-05-11 18:00:00] WARNING: Trust calculation failed.
[2025-05-11 18:09:59] WARNING: === Starting Trust Score Calculation ===
[2025-05-11 18:09:59] WARNING: Starting trust score calculation...
[2025-05-11 18:09:59] WARNING: Found 0 users in the trust network
[2025-05-11 18:09:59] WARNING: No users found in trust assignments
[2025-05-11 18:09:59] WARNING: Trust calculation failed.
[2025-05-11 18:17:13] WARNING: === Starting Trust Score Calculation ===
[2025-05-11 18:17:13] WARNING: Starting trust score calculation...
[2025-05-11 18:17:13] WARNING: Found 0 users in the trust network
[2025-05-11 18:17:13] WARNING: No users found in trust assignments
[2025-05-11 18:17:13] WARNING: Trust calculation failed.
[2025-05-11 18:18:41] WARNING: === Starting Trust Score Calculation ===
[2025-05-11 18:18:41] WARNING: Starting trust score calculation...
[2025-05-11 18:18:41] WARNING: Found 0 users in the trust network
[2025-05-11 18:18:41] WARNING: No users found in trust assignments
[2025-05-11 18:18:41] WARNING: Trust calculation failed.
[2025-05-11 20:47:37] WARNING: === Starting Trust Score Calculation ===
[2025-05-11 20:47:37] WARNING: Starting trust score calculation...
[2025-05-11 20:47:37] WARNING: Found 10 users in the trust network
[2025-05-11 20:47:37] WARNING: Building trust network graph...
[2025-05-11 20:47:37] WARNING: Calculating PageRank scores...
[2025-05-11 20:47:37] WARNING: Applying distrust penalties...
[2025-05-11 20:47:37] WARNING: Detecting communities...
[2025-05-11 20:47:37] WARNING: Creating JSON data structure...
[2025-05-11 20:47:37] WARNING: Successfully generated js/data.js with:
[2025-05-11 20:47:37] WARNING: - 10 users
[2025-05-11 20:47:37] WARNING: - 10 trust relationships
[2025-05-11 20:47:37] WARNING: - 4 communities
[2025-05-11 20:47:37] WARNING: Trust calculation completed successfully.
[2025-05-11 20:47:37] Committing and pushing changes to GitHub...
[2025-05-11 20:47:38] Successfully updated the trust system!
[2025-05-11 20:47:38] Website will be updated at https://github.com/UFOtwittertrust/ufotwittertrust/
[2025-05-11 20:47:38] Trust system update completed with 0 total trust relationships
[2025-05-11 20:47:38] 
[2025-05-11 20:47:38] To participate in the trust system, users should tweet:
[2025-05-11 20:47:38] #ufotrust @username +70
[2025-05-11 20:47:38] or
[2025-05-11 20:47:38] #ufotrust @username -30
[2025-05-11 20:47:38] 
[2025-05-11 20:47:38] The system will be updated every 10 minutes with new trust assignments.
