[2025-05-27 13:57:32] Starting Twitter Trust System update process...
[2025-05-27 13:57:32] Update frequency set to: 10 minutes
[2025-05-27 13:57:32] Collecting trust assignments from Twitter...
[2025-05-27 13:57:38] Warning: Trust assignments file not updated recently (last modified 05/24/2025 07:17:37)
[2025-05-27 11:07:33] WARNING: === Starting Twitter Trust System Collection ===
[2025-05-27 11:07:33] WARNING: Will collect tweets until reaching previous timestamp: 2025-05-12 06:54:05+00:00
[2025-05-27 11:07:33] WARNING: Retrieving page 1...
[2025-05-27 11:07:37] WARNING: Newest tweet is from: 2025-05-12 06:54:05+00:00
[2025-05-27 11:07:37] WARNING: Reached stop point at tweet from 2025-05-12 06:54:05+00:00
[2025-05-27 11:07:37] WARNING: Retrieved 0 new tweets on page 1
[2025-05-27 11:07:37] WARNING: Stopping pagination as we've reached the stop point
[2025-05-27 11:07:37] WARNING: Retrieved a total of 0 tweets across 1 pages
[2025-05-27 11:07:37] WARNING: No new tweets found with trust commands. Exiting without error.
[2025-05-27 11:07:37] WARNING: Collection complete!
[2025-05-27 11:07:37] WARNING: - 0 trust assignments processed
[2025-05-27 11:07:37] WARNING: - 2 users in trust network
[2025-05-27 11:07:37] WARNING: - 31 total trust relationships
[2025-05-27 11:17:33] WARNING: === Starting Twitter Trust System Collection ===
[2025-05-27 11:17:33] WARNING: Will collect tweets until reaching previous timestamp: 2025-05-12 06:54:05+00:00
[2025-05-27 11:17:33] WARNING: Retrieving page 1...
[2025-05-27 11:17:35] WARNING: Newest tweet is from: 2025-05-12 06:54:05+00:00
[2025-05-27 11:17:35] WARNING: Reached stop point at tweet from 2025-05-12 06:54:05+00:00
[2025-05-27 11:17:35] WARNING: Retrieved 0 new tweets on page 1
[2025-05-27 11:17:35] WARNING: Stopping pagination as we've reached the stop point
[2025-05-27 11:17:35] WARNING: Retrieved a total of 0 tweets across 1 pages
[2025-05-27 11:17:35] WARNING: No new tweets found with trust commands. Exiting without error.
[2025-05-27 11:17:35] WARNING: Collection complete!
[2025-05-27 11:17:35] WARNING: - 0 trust assignments processed
[2025-05-27 11:17:35] WARNING: - 2 users in trust network
[2025-05-27 11:17:35] WARNING: - 31 total trust relationships
[2025-05-27 11:27:33] WARNING: === Starting Twitter Trust System Collection ===
[2025-05-27 11:27:33] WARNING: Will collect tweets until reaching previous timestamp: 2025-05-12 06:54:05+00:00
[2025-05-27 11:27:33] WARNING: Retrieving page 1...
[2025-05-27 11:27:35] WARNING: Newest tweet is from: 2025-05-12 06:54:05+00:00
[2025-05-27 11:27:35] WARNING: Reached stop point at tweet from 2025-05-12 06:54:05+00:00
[2025-05-27 11:27:35] WARNING: Retrieved 0 new tweets on page 1
[2025-05-27 11:27:35] WARNING: Stopping pagination as we've reached the stop point
[2025-05-27 11:27:35] WARNING: Retrieved a total of 0 tweets across 1 pages
[2025-05-27 11:27:35] WARNING: No new tweets found with trust commands. Exiting without error.
[2025-05-27 11:27:35] WARNING: Collection complete!
[2025-05-27 11:27:35] WARNING: - 0 trust assignments processed
[2025-05-27 11:27:35] WARNING: - 2 users in trust network
[2025-05-27 11:27:35] WARNING: - 31 total trust relationships
[2025-05-27 11:37:33] WARNING: === Starting Twitter Trust System Collection ===
[2025-05-27 11:37:33] WARNING: Will collect tweets until reaching previous timestamp: 2025-05-12 06:54:05+00:00
[2025-05-27 11:37:33] WARNING: Retrieving page 1...
[2025-05-27 11:37:40] WARNING: Newest tweet is from: 2025-05-12 06:54:05+00:00
[2025-05-27 11:37:40] WARNING: Reached stop point at tweet from 2025-05-12 06:54:05+00:00
[2025-05-27 11:37:40] WARNING: Retrieved 0 new tweets on page 1
[2025-05-27 11:37:40] WARNING: Stopping pagination as we've reached the stop point
[2025-05-27 11:37:40] WARNING: Retrieved a total of 0 tweets across 1 pages
[2025-05-27 11:37:40] WARNING: No new tweets found with trust commands. Exiting without error.
[2025-05-27 11:37:40] WARNING: Collection complete!
[2025-05-27 11:37:40] WARNING: - 0 trust assignments processed
[2025-05-27 11:37:40] WARNING: - 2 users in trust network
[2025-05-27 11:37:40] WARNING: - 31 total trust relationships
[2025-05-27 11:47:33] WARNING: === Starting Twitter Trust System Collection ===
[2025-05-27 11:47:33] WARNING: Will collect tweets until reaching previous timestamp: 2025-05-12 06:54:05+00:00
[2025-05-27 11:47:33] WARNING: Retrieving page 1...
[2025-05-27 11:47:38] WARNING: Newest tweet is from: 2025-05-12 06:54:05+00:00
[2025-05-27 11:47:38] WARNING: Reached stop point at tweet from 2025-05-12 06:54:05+00:00
[2025-05-27 11:47:38] WARNING: Retrieved 0 new tweets on page 1
[2025-05-27 11:47:38] WARNING: Stopping pagination as we've reached the stop point
[2025-05-27 11:47:38] WARNING: Retrieved a total of 0 tweets across 1 pages
[2025-05-27 11:47:38] WARNING: No new tweets found with trust commands. Exiting without error.
[2025-05-27 11:47:38] WARNING: Collection complete!
[2025-05-27 11:47:38] WARNING: - 0 trust assignments processed
[2025-05-27 11:47:38] WARNING: - 2 users in trust network
[2025-05-27 11:47:38] WARNING: - 31 total trust relationships
[2025-05-27 11:57:34] WARNING: === Starting Twitter Trust System Collection ===
[2025-05-27 11:57:34] WARNING: Will collect tweets until reaching previous timestamp: 2025-05-12 06:54:05+00:00
[2025-05-27 11:57:34] WARNING: Retrieving page 1...
[2025-05-27 11:57:36] WARNING: Newest tweet is from: 2025-05-12 06:54:05+00:00
[2025-05-27 11:57:36] WARNING: Reached stop point at tweet from 2025-05-12 06:54:05+00:00
[2025-05-27 11:57:36] WARNING: Retrieved 0 new tweets on page 1
[2025-05-27 11:57:36] WARNING: Stopping pagination as we've reached the stop point
[2025-05-27 11:57:36] WARNING: Retrieved a total of 0 tweets across 1 pages
[2025-05-27 11:57:36] WARNING: No new tweets found with trust commands. Exiting without error.
[2025-05-27 11:57:36] WARNING: Collection complete!
[2025-05-27 11:57:36] WARNING: - 0 trust assignments processed
[2025-05-27 11:57:36] WARNING: - 2 users in trust network
[2025-05-27 11:57:36] WARNING: - 31 total trust relationships
[2025-05-27 12:07:33] WARNING: === Starting Twitter Trust System Collection ===
[2025-05-27 12:07:33] WARNING: Will collect tweets until reaching previous timestamp: 2025-05-12 06:54:05+00:00
[2025-05-27 12:07:33] WARNING: Retrieving page 1...
[2025-05-27 12:07:35] WARNING: Newest tweet is from: 2025-05-12 06:54:05+00:00
[2025-05-27 12:07:35] WARNING: Reached stop point at tweet from 2025-05-12 06:54:05+00:00
[2025-05-27 12:07:35] WARNING: Retrieved 0 new tweets on page 1
[2025-05-27 12:07:35] WARNING: Stopping pagination as we've reached the stop point
[2025-05-27 12:07:35] WARNING: Retrieved a total of 0 tweets across 1 pages
[2025-05-27 12:07:35] WARNING: No new tweets found with trust commands. Exiting without error.
[2025-05-27 12:07:35] WARNING: Collection complete!
[2025-05-27 12:07:35] WARNING: - 0 trust assignments processed
[2025-05-27 12:07:35] WARNING: - 2 users in trust network
[2025-05-27 12:07:35] WARNING: - 31 total trust relationships
[2025-05-27 12:17:33] WARNING: === Starting Twitter Trust System Collection ===
[2025-05-27 12:17:33] WARNING: Will collect tweets until reaching previous timestamp: 2025-05-12 06:54:05+00:00
[2025-05-27 12:17:33] WARNING: Retrieving page 1...
[2025-05-27 12:17:35] WARNING: Newest tweet is from: 2025-05-12 06:54:05+00:00
[2025-05-27 12:17:35] WARNING: Reached stop point at tweet from 2025-05-12 06:54:05+00:00
[2025-05-27 12:17:35] WARNING: Retrieved 0 new tweets on page 1
[2025-05-27 12:17:35] WARNING: Stopping pagination as we've reached the stop point
[2025-05-27 12:17:35] WARNING: Retrieved a total of 0 tweets across 1 pages
[2025-05-27 12:17:35] WARNING: No new tweets found with trust commands. Exiting without error.
[2025-05-27 12:17:35] WARNING: Collection complete!
[2025-05-27 12:17:35] WARNING: - 0 trust assignments processed
[2025-05-27 12:17:35] WARNING: - 2 users in trust network
[2025-05-27 12:17:35] WARNING: - 31 total trust relationships
[2025-05-27 12:27:34] WARNING: === Starting Twitter Trust System Collection ===
[2025-05-27 12:27:34] WARNING: Will collect tweets until reaching previous timestamp: 2025-05-12 06:54:05+00:00
[2025-05-27 12:27:34] WARNING: Retrieving page 1...
[2025-05-27 12:27:36] WARNING: Newest tweet is from: 2025-05-12 06:54:05+00:00
[2025-05-27 12:27:36] WARNING: Reached stop point at tweet from 2025-05-12 06:54:05+00:00
[2025-05-27 12:27:36] WARNING: Retrieved 0 new tweets on page 1
[2025-05-27 12:27:36] WARNING: Stopping pagination as we've reached the stop point
[2025-05-27 12:27:36] WARNING: Retrieved a total of 0 tweets across 1 pages
[2025-05-27 12:27:36] WARNING: No new tweets found with trust commands. Exiting without error.
[2025-05-27 12:27:36] WARNING: Collection complete!
[2025-05-27 12:27:36] WARNING: - 0 trust assignments processed
[2025-05-27 12:27:36] WARNING: - 2 users in trust network
[2025-05-27 12:27:36] WARNING: - 31 total trust relationships
[2025-05-27 12:37:33] WARNING: === Starting Twitter Trust System Collection ===
[2025-05-27 12:37:33] WARNING: Will collect tweets until reaching previous timestamp: 2025-05-12 06:54:05+00:00
[2025-05-27 12:37:33] WARNING: Retrieving page 1...
[2025-05-27 12:37:42] WARNING: Newest tweet is from: 2025-05-12 06:54:05+00:00
[2025-05-27 12:37:42] WARNING: Reached stop point at tweet from 2025-05-12 06:54:05+00:00
[2025-05-27 12:37:42] WARNING: Retrieved 0 new tweets on page 1
[2025-05-27 12:37:42] WARNING: Stopping pagination as we've reached the stop point
[2025-05-27 12:37:42] WARNING: Retrieved a total of 0 tweets across 1 pages
[2025-05-27 12:37:42] WARNING: No new tweets found with trust commands. Exiting without error.
[2025-05-27 12:37:42] WARNING: Collection complete!
[2025-05-27 12:37:42] WARNING: - 0 trust assignments processed
[2025-05-27 12:37:42] WARNING: - 2 users in trust network
[2025-05-27 12:37:42] WARNING: - 31 total trust relationships
[2025-05-27 12:47:33] WARNING: === Starting Twitter Trust System Collection ===
[2025-05-27 12:47:33] WARNING: Will collect tweets until reaching previous timestamp: 2025-05-12 06:54:05+00:00
[2025-05-27 12:47:33] WARNING: Retrieving page 1...
[2025-05-27 12:47:35] WARNING: Newest tweet is from: 2025-05-12 06:54:05+00:00
[2025-05-27 12:47:35] WARNING: Reached stop point at tweet from 2025-05-12 06:54:05+00:00
[2025-05-27 12:47:35] WARNING: Retrieved 0 new tweets on page 1
[2025-05-27 12:47:35] WARNING: Stopping pagination as we've reached the stop point
[2025-05-27 12:47:35] WARNING: Retrieved a total of 0 tweets across 1 pages
[2025-05-27 12:47:35] WARNING: No new tweets found with trust commands. Exiting without error.
[2025-05-27 12:47:35] WARNING: Collection complete!
[2025-05-27 12:47:35] WARNING: - 0 trust assignments processed
[2025-05-27 12:47:35] WARNING: - 2 users in trust network
[2025-05-27 12:47:35] WARNING: - 31 total trust relationships
[2025-05-27 12:57:33] WARNING: === Starting Twitter Trust System Collection ===
[2025-05-27 12:57:33] WARNING: Will collect tweets until reaching previous timestamp: 2025-05-12 06:54:05+00:00
[2025-05-27 12:57:33] WARNING: Retrieving page 1...
[2025-05-27 12:57:35] WARNING: Newest tweet is from: 2025-05-12 06:54:05+00:00
[2025-05-27 12:57:35] WARNING: Reached stop point at tweet from 2025-05-12 06:54:05+00:00
[2025-05-27 12:57:35] WARNING: Retrieved 0 new tweets on page 1
[2025-05-27 12:57:35] WARNING: Stopping pagination as we've reached the stop point
[2025-05-27 12:57:35] WARNING: Retrieved a total of 0 tweets across 1 pages
[2025-05-27 12:57:35] WARNING: No new tweets found with trust commands. Exiting without error.
[2025-05-27 12:57:35] WARNING: Collection complete!
[2025-05-27 12:57:35] WARNING: - 0 trust assignments processed
[2025-05-27 12:57:35] WARNING: - 2 users in trust network
[2025-05-27 12:57:35] WARNING: - 31 total trust relationships
[2025-05-27 13:07:33] WARNING: === Starting Twitter Trust System Collection ===
[2025-05-27 13:07:33] WARNING: Will collect tweets until reaching previous timestamp: 2025-05-12 06:54:05+00:00
[2025-05-27 13:07:33] WARNING: Retrieving page 1...
[2025-05-27 13:07:36] WARNING: Newest tweet is from: 2025-05-12 06:54:05+00:00
[2025-05-27 13:07:36] WARNING: Reached stop point at tweet from 2025-05-12 06:54:05+00:00
[2025-05-27 13:07:36] WARNING: Retrieved 0 new tweets on page 1
[2025-05-27 13:07:36] WARNING: Stopping pagination as we've reached the stop point
[2025-05-27 13:07:36] WARNING: Retrieved a total of 0 tweets across 1 pages
[2025-05-27 13:07:36] WARNING: No new tweets found with trust commands. Exiting without error.
[2025-05-27 13:07:36] WARNING: Collection complete!
[2025-05-27 13:07:36] WARNING: - 0 trust assignments processed
[2025-05-27 13:07:36] WARNING: - 2 users in trust network
[2025-05-27 13:07:36] WARNING: - 31 total trust relationships
[2025-05-27 13:17:33] WARNING: === Starting Twitter Trust System Collection ===
[2025-05-27 13:17:33] WARNING: Will collect tweets until reaching previous timestamp: 2025-05-12 06:54:05+00:00
[2025-05-27 13:17:33] WARNING: Retrieving page 1...
[2025-05-27 13:17:35] WARNING: Newest tweet is from: 2025-05-12 06:54:05+00:00
[2025-05-27 13:17:35] WARNING: Reached stop point at tweet from 2025-05-12 06:54:05+00:00
[2025-05-27 13:17:35] WARNING: Retrieved 0 new tweets on page 1
[2025-05-27 13:17:35] WARNING: Stopping pagination as we've reached the stop point
[2025-05-27 13:17:35] WARNING: Retrieved a total of 0 tweets across 1 pages
[2025-05-27 13:17:35] WARNING: No new tweets found with trust commands. Exiting without error.
[2025-05-27 13:17:35] WARNING: Collection complete!
[2025-05-27 13:17:35] WARNING: - 0 trust assignments processed
[2025-05-27 13:17:35] WARNING: - 2 users in trust network
[2025-05-27 13:17:35] WARNING: - 31 total trust relationships
[2025-05-27 13:27:33] WARNING: === Starting Twitter Trust System Collection ===
[2025-05-27 13:27:33] WARNING: Will collect tweets until reaching previous timestamp: 2025-05-12 06:54:05+00:00
[2025-05-27 13:27:33] WARNING: Retrieving page 1...
[2025-05-27 13:27:35] WARNING: Newest tweet is from: 2025-05-12 06:54:05+00:00
[2025-05-27 13:27:35] WARNING: Reached stop point at tweet from 2025-05-12 06:54:05+00:00
[2025-05-27 13:27:35] WARNING: Retrieved 0 new tweets on page 1
[2025-05-27 13:27:35] WARNING: Stopping pagination as we've reached the stop point
[2025-05-27 13:27:35] WARNING: Retrieved a total of 0 tweets across 1 pages
[2025-05-27 13:27:35] WARNING: No new tweets found with trust commands. Exiting without error.
[2025-05-27 13:27:35] WARNING: Collection complete!
[2025-05-27 13:27:35] WARNING: - 0 trust assignments processed
[2025-05-27 13:27:35] WARNING: - 2 users in trust network
[2025-05-27 13:27:35] WARNING: - 31 total trust relationships
[2025-05-27 13:37:33] WARNING: === Starting Twitter Trust System Collection ===
[2025-05-27 13:37:33] WARNING: Will collect tweets until reaching previous timestamp: 2025-05-12 06:54:05+00:00
[2025-05-27 13:37:33] WARNING: Retrieving page 1...
[2025-05-27 13:37:37] WARNING: Newest tweet is from: 2025-05-12 06:54:05+00:00
[2025-05-27 13:37:37] WARNING: Reached stop point at tweet from 2025-05-12 06:54:05+00:00
[2025-05-27 13:37:37] WARNING: Retrieved 0 new tweets on page 1
[2025-05-27 13:37:37] WARNING: Stopping pagination as we've reached the stop point
[2025-05-27 13:37:37] WARNING: Retrieved a total of 0 tweets across 1 pages
[2025-05-27 13:37:37] WARNING: No new tweets found with trust commands. Exiting without error.
[2025-05-27 13:37:37] WARNING: Collection complete!
[2025-05-27 13:37:37] WARNING: - 0 trust assignments processed
[2025-05-27 13:37:37] WARNING: - 2 users in trust network
[2025-05-27 13:37:37] WARNING: - 31 total trust relationships
[2025-05-27 13:47:34] WARNING: === Starting Twitter Trust System Collection ===
[2025-05-27 13:47:34] WARNING: Will collect tweets until reaching previous timestamp: 2025-05-12 06:54:05+00:00
[2025-05-27 13:47:34] WARNING: Retrieving page 1...
[2025-05-27 13:47:36] WARNING: Newest tweet is from: 2025-05-12 06:54:05+00:00
[2025-05-27 13:47:36] WARNING: Reached stop point at tweet from 2025-05-12 06:54:05+00:00
[2025-05-27 13:47:36] WARNING: Retrieved 0 new tweets on page 1
[2025-05-27 13:47:36] WARNING: Stopping pagination as we've reached the stop point
[2025-05-27 13:47:36] WARNING: Retrieved a total of 0 tweets across 1 pages
[2025-05-27 13:47:36] WARNING: No new tweets found with trust commands. Exiting without error.
[2025-05-27 13:47:36] WARNING: Collection complete!
[2025-05-27 13:47:36] WARNING: - 0 trust assignments processed
[2025-05-27 13:47:36] WARNING: - 2 users in trust network
[2025-05-27 13:47:36] WARNING: - 31 total trust relationships
[2025-05-27 13:57:33] WARNING: === Starting Twitter Trust System Collection ===
[2025-05-27 13:57:33] WARNING: Will collect tweets until reaching previous timestamp: 2025-05-12 06:54:05+00:00
[2025-05-27 13:57:33] WARNING: Retrieving page 1...
[2025-05-27 13:57:38] WARNING: Newest tweet is from: 2025-05-12 06:54:05+00:00
[2025-05-27 13:57:38] WARNING: Reached stop point at tweet from 2025-05-12 06:54:05+00:00
[2025-05-27 13:57:38] WARNING: Retrieved 0 new tweets on page 1
[2025-05-27 13:57:38] WARNING: Stopping pagination as we've reached the stop point
[2025-05-27 13:57:38] WARNING: Retrieved a total of 0 tweets across 1 pages
[2025-05-27 13:57:38] WARNING: No new tweets found with trust commands. Exiting without error.
[2025-05-27 13:57:38] WARNING: Collection complete!
[2025-05-27 13:57:38] WARNING: - 0 trust assignments processed
[2025-05-27 13:57:38] WARNING: - 2 users in trust network
[2025-05-27 13:57:38] WARNING: - 31 total trust relationships
[2025-05-27 13:57:38] Calculating trust scores from collected data...
[2025-05-27 13:57:42] INFO: Community Community A (18 members): AskaPol_UAPs, ChrisUKSharp, DanHaug6, Eyes_OnTheSkies, FettucineSplit, GoodTroubleShow, Halsrethink, JeremyCorbell, JonMajerowski, LueElizondo, PTHellyer, SnakePo9, TheOfficialQF, g_knapp, jamescfox, jayanderson, rosscoulthart, ufobeliever1947
[2025-05-27 13:57:42] INFO: Community Community B (7 members): MiddleofMayhem, OSIRISUAP, ShipsSmall, cosmic_surplus, likeitmatters3, susangerbic, ufoskeptic1968
[2025-05-27 13:57:42] INFO: Community analysis written to community_analysis.txt
[2025-05-27 13:57:42] WARNING: Generating trust network visualization...
[2025-05-27 13:57:43] WARNING: Network visualization saved to visualization/trust_network.png
[2025-05-27 13:57:43] WARNING: Creating JSON data structure...
[2025-05-27 13:57:43] WARNING: Successfully generated js/data.js with:
[2025-05-27 13:57:43] WARNING: - 25 users
[2025-05-27 13:57:43] WARNING: - 31 trust relationships
[2025-05-27 13:57:43] WARNING: - 2 communities
[2025-05-27 13:57:43] WARNING: Trust calculation completed successfully.
[2025-05-27 13:57:43] Committing and pushing changes to GitHub...
