[2025-05-17 11:37:31] Starting Twitter Trust System update process...
[2025-05-17 11:37:31] Update frequency set to: 10 minutes
[2025-05-17 11:37:31] Collecting trust assignments from Twitter...
[2025-05-17 11:37:34] Warning: Trust assignments file not updated recently (last modified 05/11/2025 23:57:36)
[2025-05-16 19:07:34] WARNING: Will collect tweets until reaching previous timestamp: 2025-05-12 06:54:05+00:00
[2025-05-16 19:07:34] WARNING: Retrieving page 1...
[2025-05-16 19:07:35] WARNING: Newest tweet is from: 2025-05-12 06:54:05+00:00
[2025-05-16 19:07:35] WARNING: Reached stop point at tweet from 2025-05-12 06:54:05+00:00
[2025-05-16 19:07:35] WARNING: Retrieved 0 new tweets on page 1
[2025-05-16 19:07:35] WARNING: Stopping pagination as we've reached the stop point
[2025-05-16 19:07:35] WARNING: Retrieved a total of 0 tweets across 1 pages
[2025-05-16 19:07:35] WARNING: No new tweets found with trust commands. Exiting without error.
[2025-05-16 19:07:35] WARNING: Collection complete!
[2025-05-16 19:07:35] WARNING: - 0 trust assignments processed
[2025-05-16 19:07:35] WARNING: - 2 users in trust network
[2025-05-16 19:07:35] WARNING: - 31 total trust relationships
[2025-05-16 19:17:34] WARNING: === Starting Twitter Trust System Collection ===
[2025-05-16 19:17:34] WARNING: Will collect tweets until reaching previous timestamp: 2025-05-12 06:54:05+00:00
[2025-05-16 19:17:34] WARNING: Retrieving page 1...
[2025-05-16 19:17:36] WARNING: Newest tweet is from: 2025-05-12 06:54:05+00:00
[2025-05-16 19:17:36] WARNING: Reached stop point at tweet from 2025-05-12 06:54:05+00:00
[2025-05-16 19:17:36] WARNING: Retrieved 0 new tweets on page 1
[2025-05-16 19:17:36] WARNING: Stopping pagination as we've reached the stop point
[2025-05-16 19:17:36] WARNING: Retrieved a total of 0 tweets across 1 pages
[2025-05-16 19:17:36] WARNING: No new tweets found with trust commands. Exiting without error.
[2025-05-16 19:17:36] WARNING: Collection complete!
[2025-05-16 19:17:36] WARNING: - 0 trust assignments processed
[2025-05-16 19:17:36] WARNING: - 2 users in trust network
[2025-05-16 19:17:36] WARNING: - 31 total trust relationships
[2025-05-16 19:27:34] WARNING: === Starting Twitter Trust System Collection ===
[2025-05-16 19:27:34] WARNING: Will collect tweets until reaching previous timestamp: 2025-05-12 06:54:05+00:00
[2025-05-16 19:27:34] WARNING: Retrieving page 1...
[2025-05-16 19:27:35] WARNING: Newest tweet is from: 2025-05-12 06:54:05+00:00
[2025-05-16 19:27:35] WARNING: Reached stop point at tweet from 2025-05-12 06:54:05+00:00
[2025-05-16 19:27:35] WARNING: Retrieved 0 new tweets on page 1
[2025-05-16 19:27:35] WARNING: Stopping pagination as we've reached the stop point
[2025-05-16 19:27:35] WARNING: Retrieved a total of 0 tweets across 1 pages
[2025-05-16 19:27:35] WARNING: No new tweets found with trust commands. Exiting without error.
[2025-05-16 19:27:35] WARNING: Collection complete!
[2025-05-16 19:27:35] WARNING: - 0 trust assignments processed
[2025-05-16 19:27:35] WARNING: - 2 users in trust network
[2025-05-16 19:27:35] WARNING: - 31 total trust relationships
[2025-05-16 19:37:34] WARNING: === Starting Twitter Trust System Collection ===
[2025-05-16 19:37:34] WARNING: Will collect tweets until reaching previous timestamp: 2025-05-12 06:54:05+00:00
[2025-05-16 19:37:34] WARNING: Retrieving page 1...
[2025-05-16 19:37:35] WARNING: Newest tweet is from: 2025-05-12 06:54:05+00:00
[2025-05-16 19:37:35] WARNING: Reached stop point at tweet from 2025-05-12 06:54:05+00:00
[2025-05-16 19:37:35] WARNING: Retrieved 0 new tweets on page 1
[2025-05-16 19:37:35] WARNING: Stopping pagination as we've reached the stop point
[2025-05-16 19:37:35] WARNING: Retrieved a total of 0 tweets across 1 pages
[2025-05-16 19:37:35] WARNING: No new tweets found with trust commands. Exiting without error.
[2025-05-16 19:37:35] WARNING: Collection complete!
[2025-05-16 19:37:35] WARNING: - 0 trust assignments processed
[2025-05-16 19:37:35] WARNING: - 2 users in trust network
[2025-05-16 19:37:35] WARNING: - 31 total trust relationships
[2025-05-16 19:47:34] WARNING: === Starting Twitter Trust System Collection ===
[2025-05-16 19:47:34] WARNING: Will collect tweets until reaching previous timestamp: 2025-05-12 06:54:05+00:00
[2025-05-16 19:47:34] WARNING: Retrieving page 1...
[2025-05-16 19:47:35] WARNING: Newest tweet is from: 2025-05-12 06:54:05+00:00
[2025-05-16 19:47:35] WARNING: Reached stop point at tweet from 2025-05-12 06:54:05+00:00
[2025-05-16 19:47:35] WARNING: Retrieved 0 new tweets on page 1
[2025-05-16 19:47:35] WARNING: Stopping pagination as we've reached the stop point
[2025-05-16 19:47:35] WARNING: Retrieved a total of 0 tweets across 1 pages
[2025-05-16 19:47:35] WARNING: No new tweets found with trust commands. Exiting without error.
[2025-05-16 19:47:35] WARNING: Collection complete!
[2025-05-16 19:47:35] WARNING: - 0 trust assignments processed
[2025-05-16 19:47:35] WARNING: - 2 users in trust network
[2025-05-16 19:47:35] WARNING: - 31 total trust relationships
[2025-05-16 19:57:34] WARNING: === Starting Twitter Trust System Collection ===
[2025-05-16 19:57:34] WARNING: Will collect tweets until reaching previous timestamp: 2025-05-12 06:54:05+00:00
[2025-05-16 19:57:34] WARNING: Retrieving page 1...
[2025-05-16 19:57:36] WARNING: Newest tweet is from: 2025-05-12 06:54:05+00:00
[2025-05-16 19:57:36] WARNING: Reached stop point at tweet from 2025-05-12 06:54:05+00:00
[2025-05-16 19:57:36] WARNING: Retrieved 0 new tweets on page 1
[2025-05-16 19:57:36] WARNING: Stopping pagination as we've reached the stop point
[2025-05-16 19:57:36] WARNING: Retrieved a total of 0 tweets across 1 pages
[2025-05-16 19:57:36] WARNING: No new tweets found with trust commands. Exiting without error.
[2025-05-16 19:57:36] WARNING: Collection complete!
[2025-05-16 19:57:36] WARNING: - 0 trust assignments processed
[2025-05-16 19:57:36] WARNING: - 2 users in trust network
[2025-05-16 19:57:36] WARNING: - 31 total trust relationships
[2025-05-16 20:07:34] WARNING: === Starting Twitter Trust System Collection ===
[2025-05-16 20:07:34] WARNING: Will collect tweets until reaching previous timestamp: 2025-05-12 06:54:05+00:00
[2025-05-16 20:07:34] WARNING: Retrieving page 1...
[2025-05-16 20:07:36] WARNING: Newest tweet is from: 2025-05-12 06:54:05+00:00
[2025-05-16 20:07:36] WARNING: Reached stop point at tweet from 2025-05-12 06:54:05+00:00
[2025-05-16 20:07:36] WARNING: Retrieved 0 new tweets on page 1
[2025-05-16 20:07:36] WARNING: Stopping pagination as we've reached the stop point
[2025-05-16 20:07:36] WARNING: Retrieved a total of 0 tweets across 1 pages
[2025-05-16 20:07:36] WARNING: No new tweets found with trust commands. Exiting without error.
[2025-05-16 20:07:36] WARNING: Collection complete!
[2025-05-16 20:07:36] WARNING: - 0 trust assignments processed
[2025-05-16 20:07:36] WARNING: - 2 users in trust network
[2025-05-16 20:07:36] WARNING: - 31 total trust relationships
[2025-05-16 20:17:34] WARNING: === Starting Twitter Trust System Collection ===
[2025-05-16 20:17:34] WARNING: Will collect tweets until reaching previous timestamp: 2025-05-12 06:54:05+00:00
[2025-05-16 20:17:34] WARNING: Retrieving page 1...
[2025-05-16 20:17:36] WARNING: Newest tweet is from: 2025-05-12 06:54:05+00:00
[2025-05-16 20:17:36] WARNING: Reached stop point at tweet from 2025-05-12 06:54:05+00:00
[2025-05-16 20:17:36] WARNING: Retrieved 0 new tweets on page 1
[2025-05-16 20:17:36] WARNING: Stopping pagination as we've reached the stop point
[2025-05-16 20:17:36] WARNING: Retrieved a total of 0 tweets across 1 pages
[2025-05-16 20:17:36] WARNING: No new tweets found with trust commands. Exiting without error.
[2025-05-16 20:17:36] WARNING: Collection complete!
[2025-05-16 20:17:36] WARNING: - 0 trust assignments processed
[2025-05-16 20:17:36] WARNING: - 2 users in trust network
[2025-05-16 20:17:36] WARNING: - 31 total trust relationships
[2025-05-16 20:27:34] WARNING: === Starting Twitter Trust System Collection ===
[2025-05-16 20:27:34] WARNING: Will collect tweets until reaching previous timestamp: 2025-05-12 06:54:05+00:00
[2025-05-16 20:27:34] WARNING: Retrieving page 1...
[2025-05-16 20:27:35] WARNING: Newest tweet is from: 2025-05-12 06:54:05+00:00
[2025-05-16 20:27:35] WARNING: Reached stop point at tweet from 2025-05-12 06:54:05+00:00
[2025-05-16 20:27:35] WARNING: Retrieved 0 new tweets on page 1
[2025-05-16 20:27:35] WARNING: Stopping pagination as we've reached the stop point
[2025-05-16 20:27:35] WARNING: Retrieved a total of 0 tweets across 1 pages
[2025-05-16 20:27:35] WARNING: No new tweets found with trust commands. Exiting without error.
[2025-05-16 20:27:35] WARNING: Collection complete!
[2025-05-16 20:27:35] WARNING: - 0 trust assignments processed
[2025-05-16 20:27:35] WARNING: - 2 users in trust network
[2025-05-16 20:27:35] WARNING: - 31 total trust relationships
[2025-05-16 20:37:34] WARNING: === Starting Twitter Trust System Collection ===
[2025-05-16 20:37:34] WARNING: Will collect tweets until reaching previous timestamp: 2025-05-12 06:54:05+00:00
[2025-05-16 20:37:34] WARNING: Retrieving page 1...
[2025-05-16 20:37:36] WARNING: Newest tweet is from: 2025-05-12 06:54:05+00:00
[2025-05-16 20:37:36] WARNING: Reached stop point at tweet from 2025-05-12 06:54:05+00:00
[2025-05-16 20:37:36] WARNING: Retrieved 0 new tweets on page 1
[2025-05-16 20:37:36] WARNING: Stopping pagination as we've reached the stop point
[2025-05-16 20:37:36] WARNING: Retrieved a total of 0 tweets across 1 pages
[2025-05-16 20:37:36] WARNING: No new tweets found with trust commands. Exiting without error.
[2025-05-16 20:37:36] WARNING: Collection complete!
[2025-05-16 20:37:36] WARNING: - 0 trust assignments processed
[2025-05-16 20:37:36] WARNING: - 2 users in trust network
[2025-05-16 20:37:36] WARNING: - 31 total trust relationships
[2025-05-16 20:47:34] WARNING: === Starting Twitter Trust System Collection ===
[2025-05-16 20:47:34] WARNING: Will collect tweets until reaching previous timestamp: 2025-05-12 06:54:05+00:00
[2025-05-16 20:47:34] WARNING: Retrieving page 1...
[2025-05-16 20:47:36] WARNING: Newest tweet is from: 2025-05-12 06:54:05+00:00
[2025-05-16 20:47:36] WARNING: Reached stop point at tweet from 2025-05-12 06:54:05+00:00
[2025-05-16 20:47:36] WARNING: Retrieved 0 new tweets on page 1
[2025-05-16 20:47:36] WARNING: Stopping pagination as we've reached the stop point
[2025-05-16 20:47:36] WARNING: Retrieved a total of 0 tweets across 1 pages
[2025-05-16 20:47:36] WARNING: No new tweets found with trust commands. Exiting without error.
[2025-05-16 20:47:36] WARNING: Collection complete!
[2025-05-16 20:47:36] WARNING: - 0 trust assignments processed
[2025-05-16 20:47:36] WARNING: - 2 users in trust network
[2025-05-16 20:47:36] WARNING: - 31 total trust relationships
[2025-05-16 20:57:34] WARNING: === Starting Twitter Trust System Collection ===
[2025-05-16 20:57:34] WARNING: Will collect tweets until reaching previous timestamp: 2025-05-12 06:54:05+00:00
[2025-05-16 20:57:34] WARNING: Retrieving page 1...
[2025-05-16 20:57:36] WARNING: Newest tweet is from: 2025-05-12 06:54:05+00:00
[2025-05-16 20:57:36] WARNING: Reached stop point at tweet from 2025-05-12 06:54:05+00:00
[2025-05-16 20:57:36] WARNING: Retrieved 0 new tweets on page 1
[2025-05-16 20:57:36] WARNING: Stopping pagination as we've reached the stop point
[2025-05-16 20:57:36] WARNING: Retrieved a total of 0 tweets across 1 pages
[2025-05-16 20:57:36] WARNING: No new tweets found with trust commands. Exiting without error.
[2025-05-16 20:57:36] WARNING: Collection complete!
[2025-05-16 20:57:36] WARNING: - 0 trust assignments processed
[2025-05-16 20:57:36] WARNING: - 2 users in trust network
[2025-05-16 20:57:36] WARNING: - 31 total trust relationships
[2025-05-16 21:07:34] WARNING: === Starting Twitter Trust System Collection ===
[2025-05-16 21:07:34] WARNING: Will collect tweets until reaching previous timestamp: 2025-05-12 06:54:05+00:00
[2025-05-16 21:07:34] WARNING: Retrieving page 1...
[2025-05-16 21:07:35] WARNING: Newest tweet is from: 2025-05-12 06:54:05+00:00
[2025-05-16 21:07:35] WARNING: Reached stop point at tweet from 2025-05-12 06:54:05+00:00
[2025-05-16 21:07:35] WARNING: Retrieved 0 new tweets on page 1
[2025-05-16 21:07:35] WARNING: Stopping pagination as we've reached the stop point
[2025-05-16 21:07:35] WARNING: Retrieved a total of 0 tweets across 1 pages
[2025-05-16 21:07:35] WARNING: No new tweets found with trust commands. Exiting without error.
[2025-05-16 21:07:35] WARNING: Collection complete!
[2025-05-16 21:07:35] WARNING: - 0 trust assignments processed
[2025-05-16 21:07:35] WARNING: - 2 users in trust network
[2025-05-16 21:07:35] WARNING: - 31 total trust relationships
[2025-05-16 21:17:33] WARNING: === Starting Twitter Trust System Collection ===
[2025-05-16 21:17:33] WARNING: Will collect tweets until reaching previous timestamp: 2025-05-12 06:54:05+00:00
[2025-05-16 21:17:33] WARNING: Retrieving page 1...
[2025-05-16 21:17:35] WARNING: Newest tweet is from: 2025-05-12 06:54:05+00:00
[2025-05-16 21:17:35] WARNING: Reached stop point at tweet from 2025-05-12 06:54:05+00:00
[2025-05-16 21:17:35] WARNING: Retrieved 0 new tweets on page 1
[2025-05-16 21:17:35] WARNING: Stopping pagination as we've reached the stop point
[2025-05-16 21:17:35] WARNING: Retrieved a total of 0 tweets across 1 pages
[2025-05-16 21:17:35] WARNING: No new tweets found with trust commands. Exiting without error.
[2025-05-16 21:17:35] WARNING: Collection complete!
[2025-05-16 21:17:35] WARNING: - 0 trust assignments processed
[2025-05-16 21:17:35] WARNING: - 2 users in trust network
[2025-05-16 21:17:35] WARNING: - 31 total trust relationships
[2025-05-16 21:27:33] WARNING: === Starting Twitter Trust System Collection ===
[2025-05-16 21:27:33] WARNING: Will collect tweets until reaching previous timestamp: 2025-05-12 06:54:05+00:00
[2025-05-16 21:27:33] WARNING: Retrieving page 1...
[2025-05-16 21:27:35] WARNING: Newest tweet is from: 2025-05-12 06:54:05+00:00
[2025-05-16 21:27:35] WARNING: Reached stop point at tweet from 2025-05-12 06:54:05+00:00
[2025-05-16 21:27:35] WARNING: Retrieved 0 new tweets on page 1
[2025-05-16 21:27:35] WARNING: Stopping pagination as we've reached the stop point
[2025-05-16 21:27:35] WARNING: Retrieved a total of 0 tweets across 1 pages
[2025-05-16 21:27:35] WARNING: No new tweets found with trust commands. Exiting without error.
[2025-05-16 21:27:35] WARNING: Collection complete!
[2025-05-16 21:27:35] WARNING: - 0 trust assignments processed
[2025-05-16 21:27:35] WARNING: - 2 users in trust network
[2025-05-16 21:27:35] WARNING: - 31 total trust relationships
[2025-05-16 21:37:33] WARNING: === Starting Twitter Trust System Collection ===
[2025-05-16 21:37:33] WARNING: Will collect tweets until reaching previous timestamp: 2025-05-12 06:54:05+00:00
[2025-05-16 21:37:33] WARNING: Retrieving page 1...
[2025-05-16 21:37:35] WARNING: Newest tweet is from: 2025-05-12 06:54:05+00:00
[2025-05-16 21:37:35] WARNING: Reached stop point at tweet from 2025-05-12 06:54:05+00:00
[2025-05-16 21:37:35] WARNING: Retrieved 0 new tweets on page 1
[2025-05-16 21:37:35] WARNING: Stopping pagination as we've reached the stop point
[2025-05-16 21:37:35] WARNING: Retrieved a total of 0 tweets across 1 pages
[2025-05-16 21:37:35] WARNING: No new tweets found with trust commands. Exiting without error.
[2025-05-16 21:37:35] WARNING: Collection complete!
[2025-05-16 21:37:35] WARNING: - 0 trust assignments processed
[2025-05-16 21:37:35] WARNING: - 2 users in trust network
[2025-05-16 21:37:35] WARNING: - 31 total trust relationships
[2025-05-16 21:47:33] WARNING: === Starting Twitter Trust System Collection ===
[2025-05-16 21:47:33] WARNING: Will collect tweets until reaching previous timestamp: 2025-05-12 06:54:05+00:00
[2025-05-16 21:47:33] WARNING: Retrieving page 1...
[2025-05-16 21:47:36] WARNING: Newest tweet is from: 2025-05-12 06:54:05+00:00
[2025-05-16 21:47:36] WARNING: Reached stop point at tweet from 2025-05-12 06:54:05+00:00
[2025-05-16 21:47:36] WARNING: Retrieved 0 new tweets on page 1
[2025-05-16 21:47:36] WARNING: Stopping pagination as we've reached the stop point
[2025-05-16 21:47:36] WARNING: Retrieved a total of 0 tweets across 1 pages
[2025-05-16 21:47:36] WARNING: No new tweets found with trust commands. Exiting without error.
[2025-05-16 21:47:36] WARNING: Collection complete!
[2025-05-16 21:47:36] WARNING: - 0 trust assignments processed
[2025-05-16 21:47:36] WARNING: - 2 users in trust network
[2025-05-16 21:47:36] WARNING: - 31 total trust relationships
[2025-05-16 21:57:33] WARNING: === Starting Twitter Trust System Collection ===
[2025-05-16 21:57:33] WARNING: Will collect tweets until reaching previous timestamp: 2025-05-12 06:54:05+00:00
[2025-05-16 21:57:33] WARNING: Retrieving page 1...
[2025-05-16 21:57:34] WARNING: Newest tweet is from: 2025-05-12 06:54:05+00:00
[2025-05-16 21:57:34] WARNING: Reached stop point at tweet from 2025-05-12 06:54:05+00:00
[2025-05-16 21:57:34] WARNING: Retrieved 0 new tweets on page 1
[2025-05-16 21:57:34] WARNING: Stopping pagination as we've reached the stop point
[2025-05-16 21:57:34] WARNING: Retrieved a total of 0 tweets across 1 pages
[2025-05-16 21:57:34] WARNING: No new tweets found with trust commands. Exiting without error.
[2025-05-16 21:57:34] WARNING: Collection complete!
[2025-05-16 21:57:34] WARNING: - 0 trust assignments processed
[2025-05-16 21:57:34] WARNING: - 2 users in trust network
[2025-05-16 21:57:34] WARNING: - 31 total trust relationships
[2025-05-16 22:07:33] WARNING: === Starting Twitter Trust System Collection ===
[2025-05-16 22:07:33] WARNING: Will collect tweets until reaching previous timestamp: 2025-05-12 06:54:05+00:00
[2025-05-16 22:07:33] WARNING: Retrieving page 1...
[2025-05-16 22:07:35] WARNING: Newest tweet is from: 2025-05-12 06:54:05+00:00
[2025-05-16 22:07:35] WARNING: Reached stop point at tweet from 2025-05-12 06:54:05+00:00
[2025-05-16 22:07:35] WARNING: Retrieved 0 new tweets on page 1
[2025-05-16 22:07:35] WARNING: Stopping pagination as we've reached the stop point
[2025-05-16 22:07:35] WARNING: Retrieved a total of 0 tweets across 1 pages
[2025-05-16 22:07:35] WARNING: No new tweets found with trust commands. Exiting without error.
[2025-05-16 22:07:35] WARNING: Collection complete!
[2025-05-16 22:07:35] WARNING: - 0 trust assignments processed
[2025-05-16 22:07:35] WARNING: - 2 users in trust network
[2025-05-16 22:07:35] WARNING: - 31 total trust relationships
[2025-05-16 22:17:33] WARNING: === Starting Twitter Trust System Collection ===
[2025-05-16 22:17:33] WARNING: Will collect tweets until reaching previous timestamp: 2025-05-12 06:54:05+00:00
[2025-05-16 22:17:33] WARNING: Retrieving page 1...
[2025-05-16 22:17:35] WARNING: Newest tweet is from: 2025-05-12 06:54:05+00:00
[2025-05-16 22:17:35] WARNING: Reached stop point at tweet from 2025-05-12 06:54:05+00:00
[2025-05-16 22:17:35] WARNING: Retrieved 0 new tweets on page 1
[2025-05-16 22:17:35] WARNING: Stopping pagination as we've reached the stop point
[2025-05-16 22:17:35] WARNING: Retrieved a total of 0 tweets across 1 pages
[2025-05-16 22:17:35] WARNING: No new tweets found with trust commands. Exiting without error.
[2025-05-16 22:17:35] WARNING: Collection complete!
[2025-05-16 22:17:35] WARNING: - 0 trust assignments processed
[2025-05-16 22:17:35] WARNING: - 2 users in trust network
[2025-05-16 22:17:35] WARNING: - 31 total trust relationships
[2025-05-16 22:27:33] WARNING: === Starting Twitter Trust System Collection ===
[2025-05-16 22:27:33] WARNING: Will collect tweets until reaching previous timestamp: 2025-05-12 06:54:05+00:00
[2025-05-16 22:27:33] WARNING: Retrieving page 1...
[2025-05-16 22:27:36] WARNING: Newest tweet is from: 2025-05-12 06:54:05+00:00
[2025-05-16 22:27:36] WARNING: Reached stop point at tweet from 2025-05-12 06:54:05+00:00
[2025-05-16 22:27:36] WARNING: Retrieved 0 new tweets on page 1
[2025-05-16 22:27:36] WARNING: Stopping pagination as we've reached the stop point
[2025-05-16 22:27:36] WARNING: Retrieved a total of 0 tweets across 1 pages
[2025-05-16 22:27:36] WARNING: No new tweets found with trust commands. Exiting without error.
[2025-05-16 22:27:36] WARNING: Collection complete!
[2025-05-16 22:27:36] WARNING: - 0 trust assignments processed
[2025-05-16 22:27:36] WARNING: - 2 users in trust network
[2025-05-16 22:27:36] WARNING: - 31 total trust relationships
[2025-05-16 22:37:33] WARNING: === Starting Twitter Trust System Collection ===
[2025-05-16 22:37:33] WARNING: Will collect tweets until reaching previous timestamp: 2025-05-12 06:54:05+00:00
[2025-05-16 22:37:33] WARNING: Retrieving page 1...
[2025-05-16 22:37:35] WARNING: Newest tweet is from: 2025-05-12 06:54:05+00:00
[2025-05-16 22:37:35] WARNING: Reached stop point at tweet from 2025-05-12 06:54:05+00:00
[2025-05-16 22:37:35] WARNING: Retrieved 0 new tweets on page 1
[2025-05-16 22:37:35] WARNING: Stopping pagination as we've reached the stop point
[2025-05-16 22:37:35] WARNING: Retrieved a total of 0 tweets across 1 pages
[2025-05-16 22:37:35] WARNING: No new tweets found with trust commands. Exiting without error.
[2025-05-16 22:37:35] WARNING: Collection complete!
[2025-05-16 22:37:35] WARNING: - 0 trust assignments processed
[2025-05-16 22:37:35] WARNING: - 2 users in trust network
[2025-05-16 22:37:35] WARNING: - 31 total trust relationships
[2025-05-16 22:47:33] WARNING: === Starting Twitter Trust System Collection ===
[2025-05-16 22:47:33] WARNING: Will collect tweets until reaching previous timestamp: 2025-05-12 06:54:05+00:00
[2025-05-16 22:47:33] WARNING: Retrieving page 1...
[2025-05-16 22:47:34] WARNING: Newest tweet is from: 2025-05-12 06:54:05+00:00
[2025-05-16 22:47:34] WARNING: Reached stop point at tweet from 2025-05-12 06:54:05+00:00
[2025-05-16 22:47:34] WARNING: Retrieved 0 new tweets on page 1
[2025-05-16 22:47:34] WARNING: Stopping pagination as we've reached the stop point
[2025-05-16 22:47:34] WARNING: Retrieved a total of 0 tweets across 1 pages
[2025-05-16 22:47:34] WARNING: No new tweets found with trust commands. Exiting without error.
[2025-05-16 22:47:34] WARNING: Collection complete!
[2025-05-16 22:47:34] WARNING: - 0 trust assignments processed
[2025-05-16 22:47:34] WARNING: - 2 users in trust network
[2025-05-16 22:47:34] WARNING: - 31 total trust relationships
[2025-05-16 22:57:33] WARNING: === Starting Twitter Trust System Collection ===
[2025-05-16 22:57:33] WARNING: Will collect tweets until reaching previous timestamp: 2025-05-12 06:54:05+00:00
[2025-05-16 22:57:33] WARNING: Retrieving page 1...
[2025-05-16 22:57:35] WARNING: Newest tweet is from: 2025-05-12 06:54:05+00:00
[2025-05-16 22:57:35] WARNING: Reached stop point at tweet from 2025-05-12 06:54:05+00:00
[2025-05-16 22:57:35] WARNING: Retrieved 0 new tweets on page 1
[2025-05-16 22:57:35] WARNING: Stopping pagination as we've reached the stop point
[2025-05-16 22:57:35] WARNING: Retrieved a total of 0 tweets across 1 pages
[2025-05-16 22:57:35] WARNING: No new tweets found with trust commands. Exiting without error.
[2025-05-16 22:57:35] WARNING: Collection complete!
[2025-05-16 22:57:35] WARNING: - 0 trust assignments processed
[2025-05-16 22:57:35] WARNING: - 2 users in trust network
[2025-05-16 22:57:35] WARNING: - 31 total trust relationships
[2025-05-16 23:07:33] WARNING: === Starting Twitter Trust System Collection ===
[2025-05-16 23:07:33] WARNING: Will collect tweets until reaching previous timestamp: 2025-05-12 06:54:05+00:00
[2025-05-16 23:07:33] WARNING: Retrieving page 1...
[2025-05-16 23:07:36] WARNING: Newest tweet is from: 2025-05-12 06:54:05+00:00
[2025-05-16 23:07:36] WARNING: Reached stop point at tweet from 2025-05-12 06:54:05+00:00
[2025-05-16 23:07:36] WARNING: Retrieved 0 new tweets on page 1
[2025-05-16 23:07:36] WARNING: Stopping pagination as we've reached the stop point
[2025-05-16 23:07:36] WARNING: Retrieved a total of 0 tweets across 1 pages
[2025-05-16 23:07:36] WARNING: No new tweets found with trust commands. Exiting without error.
[2025-05-16 23:07:36] WARNING: Collection complete!
[2025-05-16 23:07:36] WARNING: - 0 trust assignments processed
[2025-05-16 23:07:36] WARNING: - 2 users in trust network
[2025-05-16 23:07:36] WARNING: - 31 total trust relationships
[2025-05-16 23:17:33] WARNING: === Starting Twitter Trust System Collection ===
[2025-05-16 23:17:33] WARNING: Will collect tweets until reaching previous timestamp: 2025-05-12 06:54:05+00:00
[2025-05-16 23:17:33] WARNING: Retrieving page 1...
[2025-05-16 23:17:35] WARNING: Newest tweet is from: 2025-05-12 06:54:05+00:00
[2025-05-16 23:17:35] WARNING: Reached stop point at tweet from 2025-05-12 06:54:05+00:00
[2025-05-16 23:17:35] WARNING: Retrieved 0 new tweets on page 1
[2025-05-16 23:17:35] WARNING: Stopping pagination as we've reached the stop point
[2025-05-16 23:17:35] WARNING: Retrieved a total of 0 tweets across 1 pages
[2025-05-16 23:17:35] WARNING: No new tweets found with trust commands. Exiting without error.
[2025-05-16 23:17:35] WARNING: Collection complete!
[2025-05-16 23:17:35] WARNING: - 0 trust assignments processed
[2025-05-16 23:17:35] WARNING: - 2 users in trust network
[2025-05-16 23:17:35] WARNING: - 31 total trust relationships
[2025-05-16 23:27:33] WARNING: === Starting Twitter Trust System Collection ===
[2025-05-16 23:27:33] WARNING: Will collect tweets until reaching previous timestamp: 2025-05-12 06:54:05+00:00
[2025-05-16 23:27:33] WARNING: Retrieving page 1...
[2025-05-16 23:27:35] WARNING: Newest tweet is from: 2025-05-12 06:54:05+00:00
[2025-05-16 23:27:35] WARNING: Reached stop point at tweet from 2025-05-12 06:54:05+00:00
[2025-05-16 23:27:35] WARNING: Retrieved 0 new tweets on page 1
[2025-05-16 23:27:35] WARNING: Stopping pagination as we've reached the stop point
[2025-05-16 23:27:35] WARNING: Retrieved a total of 0 tweets across 1 pages
[2025-05-16 23:27:35] WARNING: No new tweets found with trust commands. Exiting without error.
[2025-05-16 23:27:35] WARNING: Collection complete!
[2025-05-16 23:27:35] WARNING: - 0 trust assignments processed
[2025-05-16 23:27:35] WARNING: - 2 users in trust network
[2025-05-16 23:27:35] WARNING: - 31 total trust relationships
[2025-05-16 23:37:33] WARNING: === Starting Twitter Trust System Collection ===
[2025-05-16 23:37:33] WARNING: Will collect tweets until reaching previous timestamp: 2025-05-12 06:54:05+00:00
[2025-05-16 23:37:33] WARNING: Retrieving page 1...
[2025-05-16 23:37:38] WARNING: Newest tweet is from: 2025-05-12 06:54:05+00:00
[2025-05-16 23:37:38] WARNING: Reached stop point at tweet from 2025-05-12 06:54:05+00:00
[2025-05-16 23:37:38] WARNING: Retrieved 0 new tweets on page 1
[2025-05-16 23:37:38] WARNING: Stopping pagination as we've reached the stop point
[2025-05-16 23:37:38] WARNING: Retrieved a total of 0 tweets across 1 pages
[2025-05-16 23:37:38] WARNING: No new tweets found with trust commands. Exiting without error.
[2025-05-16 23:37:38] WARNING: Collection complete!
[2025-05-16 23:37:38] WARNING: - 0 trust assignments processed
[2025-05-16 23:37:38] WARNING: - 2 users in trust network
[2025-05-16 23:37:38] WARNING: - 31 total trust relationships
[2025-05-16 23:47:33] WARNING: === Starting Twitter Trust System Collection ===
[2025-05-16 23:47:33] WARNING: Will collect tweets until reaching previous timestamp: 2025-05-12 06:54:05+00:00
[2025-05-16 23:47:33] WARNING: Retrieving page 1...
[2025-05-16 23:47:35] WARNING: Newest tweet is from: 2025-05-12 06:54:05+00:00
[2025-05-16 23:47:35] WARNING: Reached stop point at tweet from 2025-05-12 06:54:05+00:00
[2025-05-16 23:47:35] WARNING: Retrieved 0 new tweets on page 1
[2025-05-16 23:47:35] WARNING: Stopping pagination as we've reached the stop point
[2025-05-16 23:47:35] WARNING: Retrieved a total of 0 tweets across 1 pages
[2025-05-16 23:47:35] WARNING: No new tweets found with trust commands. Exiting without error.
[2025-05-16 23:47:35] WARNING: Collection complete!
[2025-05-16 23:47:35] WARNING: - 0 trust assignments processed
[2025-05-16 23:47:35] WARNING: - 2 users in trust network
[2025-05-16 23:47:35] WARNING: - 31 total trust relationships
[2025-05-16 23:57:33] WARNING: === Starting Twitter Trust System Collection ===
[2025-05-16 23:57:33] WARNING: Will collect tweets until reaching previous timestamp: 2025-05-12 06:54:05+00:00
[2025-05-16 23:57:33] WARNING: Retrieving page 1...
[2025-05-16 23:57:35] WARNING: Newest tweet is from: 2025-05-12 06:54:05+00:00
[2025-05-16 23:57:35] WARNING: Reached stop point at tweet from 2025-05-12 06:54:05+00:00
[2025-05-16 23:57:35] WARNING: Retrieved 0 new tweets on page 1
[2025-05-16 23:57:35] WARNING: Stopping pagination as we've reached the stop point
[2025-05-16 23:57:35] WARNING: Retrieved a total of 0 tweets across 1 pages
[2025-05-16 23:57:35] WARNING: No new tweets found with trust commands. Exiting without error.
[2025-05-16 23:57:35] WARNING: Collection complete!
[2025-05-16 23:57:35] WARNING: - 0 trust assignments processed
[2025-05-16 23:57:35] WARNING: - 2 users in trust network
[2025-05-16 23:57:35] WARNING: - 31 total trust relationships
[2025-05-17 00:07:33] WARNING: === Starting Twitter Trust System Collection ===
[2025-05-17 00:07:33] WARNING: Will collect tweets until reaching previous timestamp: 2025-05-12 06:54:05+00:00
[2025-05-17 00:07:33] WARNING: Retrieving page 1...
[2025-05-17 00:07:36] WARNING: Newest tweet is from: 2025-05-12 06:54:05+00:00
[2025-05-17 00:07:36] WARNING: Reached stop point at tweet from 2025-05-12 06:54:05+00:00
[2025-05-17 00:07:36] WARNING: Retrieved 0 new tweets on page 1
[2025-05-17 00:07:36] WARNING: Stopping pagination as we've reached the stop point
[2025-05-17 00:07:36] WARNING: Retrieved a total of 0 tweets across 1 pages
[2025-05-17 00:07:36] WARNING: No new tweets found with trust commands. Exiting without error.
[2025-05-17 00:07:36] WARNING: Collection complete!
[2025-05-17 00:07:36] WARNING: - 0 trust assignments processed
[2025-05-17 00:07:36] WARNING: - 2 users in trust network
[2025-05-17 00:07:36] WARNING: - 31 total trust relationships
[2025-05-17 00:17:33] WARNING: === Starting Twitter Trust System Collection ===
[2025-05-17 00:17:33] WARNING: Will collect tweets until reaching previous timestamp: 2025-05-12 06:54:05+00:00
[2025-05-17 00:17:33] WARNING: Retrieving page 1...
[2025-05-17 00:17:35] WARNING: Newest tweet is from: 2025-05-12 06:54:05+00:00
[2025-05-17 00:17:35] WARNING: Reached stop point at tweet from 2025-05-12 06:54:05+00:00
[2025-05-17 00:17:35] WARNING: Retrieved 0 new tweets on page 1
[2025-05-17 00:17:35] WARNING: Stopping pagination as we've reached the stop point
[2025-05-17 00:17:35] WARNING: Retrieved a total of 0 tweets across 1 pages
[2025-05-17 00:17:35] WARNING: No new tweets found with trust commands. Exiting without error.
[2025-05-17 00:17:35] WARNING: Collection complete!
[2025-05-17 00:17:35] WARNING: - 0 trust assignments processed
[2025-05-17 00:17:35] WARNING: - 2 users in trust network
[2025-05-17 00:17:35] WARNING: - 31 total trust relationships
[2025-05-17 00:27:33] WARNING: === Starting Twitter Trust System Collection ===
[2025-05-17 00:27:33] WARNING: Will collect tweets until reaching previous timestamp: 2025-05-12 06:54:05+00:00
[2025-05-17 00:27:33] WARNING: Retrieving page 1...
[2025-05-17 00:27:35] WARNING: Newest tweet is from: 2025-05-12 06:54:05+00:00
[2025-05-17 00:27:35] WARNING: Reached stop point at tweet from 2025-05-12 06:54:05+00:00
[2025-05-17 00:27:35] WARNING: Retrieved 0 new tweets on page 1
[2025-05-17 00:27:35] WARNING: Stopping pagination as we've reached the stop point
[2025-05-17 00:27:35] WARNING: Retrieved a total of 0 tweets across 1 pages
[2025-05-17 00:27:35] WARNING: No new tweets found with trust commands. Exiting without error.
[2025-05-17 00:27:35] WARNING: Collection complete!
[2025-05-17 00:27:35] WARNING: - 0 trust assignments processed
[2025-05-17 00:27:35] WARNING: - 2 users in trust network
[2025-05-17 00:27:35] WARNING: - 31 total trust relationships
[2025-05-17 00:37:33] WARNING: === Starting Twitter Trust System Collection ===
[2025-05-17 00:37:33] WARNING: Will collect tweets until reaching previous timestamp: 2025-05-12 06:54:05+00:00
[2025-05-17 00:37:33] WARNING: Retrieving page 1...
[2025-05-17 00:37:35] WARNING: Newest tweet is from: 2025-05-12 06:54:05+00:00
[2025-05-17 00:37:35] WARNING: Reached stop point at tweet from 2025-05-12 06:54:05+00:00
[2025-05-17 00:37:35] WARNING: Retrieved 0 new tweets on page 1
[2025-05-17 00:37:35] WARNING: Stopping pagination as we've reached the stop point
[2025-05-17 00:37:35] WARNING: Retrieved a total of 0 tweets across 1 pages
[2025-05-17 00:37:35] WARNING: No new tweets found with trust commands. Exiting without error.
[2025-05-17 00:37:35] WARNING: Collection complete!
[2025-05-17 00:37:35] WARNING: - 0 trust assignments processed
[2025-05-17 00:37:35] WARNING: - 2 users in trust network
[2025-05-17 00:37:35] WARNING: - 31 total trust relationships
[2025-05-17 00:47:33] WARNING: === Starting Twitter Trust System Collection ===
[2025-05-17 00:47:33] WARNING: Will collect tweets until reaching previous timestamp: 2025-05-12 06:54:05+00:00
[2025-05-17 00:47:33] WARNING: Retrieving page 1...
[2025-05-17 00:47:34] WARNING: Newest tweet is from: 2025-05-12 06:54:05+00:00
[2025-05-17 00:47:34] WARNING: Reached stop point at tweet from 2025-05-12 06:54:05+00:00
[2025-05-17 00:47:34] WARNING: Retrieved 0 new tweets on page 1
[2025-05-17 00:47:34] WARNING: Stopping pagination as we've reached the stop point
[2025-05-17 00:47:34] WARNING: Retrieved a total of 0 tweets across 1 pages
[2025-05-17 00:47:34] WARNING: No new tweets found with trust commands. Exiting without error.
[2025-05-17 00:47:34] WARNING: Collection complete!
[2025-05-17 00:47:34] WARNING: - 0 trust assignments processed
[2025-05-17 00:47:34] WARNING: - 2 users in trust network
[2025-05-17 00:47:34] WARNING: - 31 total trust relationships
[2025-05-17 00:57:33] WARNING: === Starting Twitter Trust System Collection ===
[2025-05-17 00:57:33] WARNING: Will collect tweets until reaching previous timestamp: 2025-05-12 06:54:05+00:00
[2025-05-17 00:57:33] WARNING: Retrieving page 1...
[2025-05-17 00:57:34] WARNING: Newest tweet is from: 2025-05-12 06:54:05+00:00
[2025-05-17 00:57:34] WARNING: Reached stop point at tweet from 2025-05-12 06:54:05+00:00
[2025-05-17 00:57:34] WARNING: Retrieved 0 new tweets on page 1
[2025-05-17 00:57:34] WARNING: Stopping pagination as we've reached the stop point
[2025-05-17 00:57:34] WARNING: Retrieved a total of 0 tweets across 1 pages
[2025-05-17 00:57:34] WARNING: No new tweets found with trust commands. Exiting without error.
[2025-05-17 00:57:34] WARNING: Collection complete!
[2025-05-17 00:57:34] WARNING: - 0 trust assignments processed
[2025-05-17 00:57:34] WARNING: - 2 users in trust network
[2025-05-17 00:57:34] WARNING: - 31 total trust relationships
[2025-05-17 01:07:33] WARNING: === Starting Twitter Trust System Collection ===
[2025-05-17 01:07:33] WARNING: Will collect tweets until reaching previous timestamp: 2025-05-12 06:54:05+00:00
[2025-05-17 01:07:33] WARNING: Retrieving page 1...
[2025-05-17 01:07:34] WARNING: Newest tweet is from: 2025-05-12 06:54:05+00:00
[2025-05-17 01:07:34] WARNING: Reached stop point at tweet from 2025-05-12 06:54:05+00:00
[2025-05-17 01:07:34] WARNING: Retrieved 0 new tweets on page 1
[2025-05-17 01:07:34] WARNING: Stopping pagination as we've reached the stop point
[2025-05-17 01:07:34] WARNING: Retrieved a total of 0 tweets across 1 pages
[2025-05-17 01:07:34] WARNING: No new tweets found with trust commands. Exiting without error.
[2025-05-17 01:07:34] WARNING: Collection complete!
[2025-05-17 01:07:34] WARNING: - 0 trust assignments processed
[2025-05-17 01:07:34] WARNING: - 2 users in trust network
[2025-05-17 01:07:34] WARNING: - 31 total trust relationships
[2025-05-17 01:17:33] WARNING: === Starting Twitter Trust System Collection ===
[2025-05-17 01:17:33] WARNING: Will collect tweets until reaching previous timestamp: 2025-05-12 06:54:05+00:00
[2025-05-17 01:17:33] WARNING: Retrieving page 1...
[2025-05-17 01:17:34] WARNING: Newest tweet is from: 2025-05-12 06:54:05+00:00
[2025-05-17 01:17:34] WARNING: Reached stop point at tweet from 2025-05-12 06:54:05+00:00
[2025-05-17 01:17:34] WARNING: Retrieved 0 new tweets on page 1
[2025-05-17 01:17:34] WARNING: Stopping pagination as we've reached the stop point
[2025-05-17 01:17:34] WARNING: Retrieved a total of 0 tweets across 1 pages
[2025-05-17 01:17:34] WARNING: No new tweets found with trust commands. Exiting without error.
[2025-05-17 01:17:34] WARNING: Collection complete!
[2025-05-17 01:17:34] WARNING: - 0 trust assignments processed
[2025-05-17 01:17:34] WARNING: - 2 users in trust network
[2025-05-17 01:17:34] WARNING: - 31 total trust relationships
[2025-05-17 01:27:33] WARNING: === Starting Twitter Trust System Collection ===
[2025-05-17 01:27:33] WARNING: Will collect tweets until reaching previous timestamp: 2025-05-12 06:54:05+00:00
[2025-05-17 01:27:33] WARNING: Retrieving page 1...
[2025-05-17 01:27:35] WARNING: Newest tweet is from: 2025-05-12 06:54:05+00:00
[2025-05-17 01:27:35] WARNING: Reached stop point at tweet from 2025-05-12 06:54:05+00:00
[2025-05-17 01:27:35] WARNING: Retrieved 0 new tweets on page 1
[2025-05-17 01:27:35] WARNING: Stopping pagination as we've reached the stop point
[2025-05-17 01:27:35] WARNING: Retrieved a total of 0 tweets across 1 pages
[2025-05-17 01:27:35] WARNING: No new tweets found with trust commands. Exiting without error.
[2025-05-17 01:27:35] WARNING: Collection complete!
[2025-05-17 01:27:35] WARNING: - 0 trust assignments processed
[2025-05-17 01:27:35] WARNING: - 2 users in trust network
[2025-05-17 01:27:35] WARNING: - 31 total trust relationships
[2025-05-17 01:37:33] WARNING: === Starting Twitter Trust System Collection ===
[2025-05-17 01:37:33] WARNING: Will collect tweets until reaching previous timestamp: 2025-05-12 06:54:05+00:00
[2025-05-17 01:37:33] WARNING: Retrieving page 1...
[2025-05-17 01:37:35] WARNING: Newest tweet is from: 2025-05-12 06:54:05+00:00
[2025-05-17 01:37:35] WARNING: Reached stop point at tweet from 2025-05-12 06:54:05+00:00
[2025-05-17 01:37:35] WARNING: Retrieved 0 new tweets on page 1
[2025-05-17 01:37:35] WARNING: Stopping pagination as we've reached the stop point
[2025-05-17 01:37:35] WARNING: Retrieved a total of 0 tweets across 1 pages
[2025-05-17 01:37:35] WARNING: No new tweets found with trust commands. Exiting without error.
[2025-05-17 01:37:35] WARNING: Collection complete!
[2025-05-17 01:37:35] WARNING: - 0 trust assignments processed
[2025-05-17 01:37:35] WARNING: - 2 users in trust network
[2025-05-17 01:37:35] WARNING: - 31 total trust relationships
[2025-05-17 01:47:33] WARNING: === Starting Twitter Trust System Collection ===
[2025-05-17 01:47:33] WARNING: Will collect tweets until reaching previous timestamp: 2025-05-12 06:54:05+00:00
[2025-05-17 01:47:33] WARNING: Retrieving page 1...
[2025-05-17 01:47:34] WARNING: Newest tweet is from: 2025-05-12 06:54:05+00:00
[2025-05-17 01:47:34] WARNING: Reached stop point at tweet from 2025-05-12 06:54:05+00:00
[2025-05-17 01:47:34] WARNING: Retrieved 0 new tweets on page 1
[2025-05-17 01:47:34] WARNING: Stopping pagination as we've reached the stop point
[2025-05-17 01:47:34] WARNING: Retrieved a total of 0 tweets across 1 pages
[2025-05-17 01:47:34] WARNING: No new tweets found with trust commands. Exiting without error.
[2025-05-17 01:47:34] WARNING: Collection complete!
[2025-05-17 01:47:34] WARNING: - 0 trust assignments processed
[2025-05-17 01:47:34] WARNING: - 2 users in trust network
[2025-05-17 01:47:34] WARNING: - 31 total trust relationships
[2025-05-17 01:57:33] WARNING: === Starting Twitter Trust System Collection ===
[2025-05-17 01:57:33] WARNING: Will collect tweets until reaching previous timestamp: 2025-05-12 06:54:05+00:00
[2025-05-17 01:57:33] WARNING: Retrieving page 1...
[2025-05-17 01:57:35] WARNING: Newest tweet is from: 2025-05-12 06:54:05+00:00
[2025-05-17 01:57:35] WARNING: Reached stop point at tweet from 2025-05-12 06:54:05+00:00
[2025-05-17 01:57:35] WARNING: Retrieved 0 new tweets on page 1
[2025-05-17 01:57:35] WARNING: Stopping pagination as we've reached the stop point
[2025-05-17 01:57:35] WARNING: Retrieved a total of 0 tweets across 1 pages
[2025-05-17 01:57:35] WARNING: No new tweets found with trust commands. Exiting without error.
[2025-05-17 01:57:35] WARNING: Collection complete!
[2025-05-17 01:57:35] WARNING: - 0 trust assignments processed
[2025-05-17 01:57:35] WARNING: - 2 users in trust network
[2025-05-17 01:57:35] WARNING: - 31 total trust relationships
[2025-05-17 02:07:32] WARNING: === Starting Twitter Trust System Collection ===
[2025-05-17 02:07:32] WARNING: Will collect tweets until reaching previous timestamp: 2025-05-12 06:54:05+00:00
[2025-05-17 02:07:32] WARNING: Retrieving page 1...
[2025-05-17 02:07:34] WARNING: Newest tweet is from: 2025-05-12 06:54:05+00:00
[2025-05-17 02:07:34] WARNING: Reached stop point at tweet from 2025-05-12 06:54:05+00:00
[2025-05-17 02:07:34] WARNING: Retrieved 0 new tweets on page 1
[2025-05-17 02:07:34] WARNING: Stopping pagination as we've reached the stop point
[2025-05-17 02:07:34] WARNING: Retrieved a total of 0 tweets across 1 pages
[2025-05-17 02:07:34] WARNING: No new tweets found with trust commands. Exiting without error.
[2025-05-17 02:07:34] WARNING: Collection complete!
[2025-05-17 02:07:34] WARNING: - 0 trust assignments processed
[2025-05-17 02:07:34] WARNING: - 2 users in trust network
[2025-05-17 02:07:34] WARNING: - 31 total trust relationships
[2025-05-17 02:17:32] WARNING: === Starting Twitter Trust System Collection ===
[2025-05-17 02:17:32] WARNING: Will collect tweets until reaching previous timestamp: 2025-05-12 06:54:05+00:00
[2025-05-17 02:17:32] WARNING: Retrieving page 1...
[2025-05-17 02:17:34] WARNING: Newest tweet is from: 2025-05-12 06:54:05+00:00
[2025-05-17 02:17:34] WARNING: Reached stop point at tweet from 2025-05-12 06:54:05+00:00
[2025-05-17 02:17:34] WARNING: Retrieved 0 new tweets on page 1
[2025-05-17 02:17:34] WARNING: Stopping pagination as we've reached the stop point
[2025-05-17 02:17:34] WARNING: Retrieved a total of 0 tweets across 1 pages
[2025-05-17 02:17:34] WARNING: No new tweets found with trust commands. Exiting without error.
[2025-05-17 02:17:34] WARNING: Collection complete!
[2025-05-17 02:17:34] WARNING: - 0 trust assignments processed
[2025-05-17 02:17:34] WARNING: - 2 users in trust network
[2025-05-17 02:17:34] WARNING: - 31 total trust relationships
[2025-05-17 02:27:32] WARNING: === Starting Twitter Trust System Collection ===
[2025-05-17 02:27:32] WARNING: Will collect tweets until reaching previous timestamp: 2025-05-12 06:54:05+00:00
[2025-05-17 02:27:32] WARNING: Retrieving page 1...
[2025-05-17 02:27:35] WARNING: Newest tweet is from: 2025-05-12 06:54:05+00:00
[2025-05-17 02:27:35] WARNING: Reached stop point at tweet from 2025-05-12 06:54:05+00:00
[2025-05-17 02:27:35] WARNING: Retrieved 0 new tweets on page 1
[2025-05-17 02:27:35] WARNING: Stopping pagination as we've reached the stop point
[2025-05-17 02:27:35] WARNING: Retrieved a total of 0 tweets across 1 pages
[2025-05-17 02:27:35] WARNING: No new tweets found with trust commands. Exiting without error.
[2025-05-17 02:27:35] WARNING: Collection complete!
[2025-05-17 02:27:35] WARNING: - 0 trust assignments processed
[2025-05-17 02:27:35] WARNING: - 2 users in trust network
[2025-05-17 02:27:35] WARNING: - 31 total trust relationships
[2025-05-17 02:37:32] WARNING: === Starting Twitter Trust System Collection ===
[2025-05-17 02:37:32] WARNING: Will collect tweets until reaching previous timestamp: 2025-05-12 06:54:05+00:00
[2025-05-17 02:37:32] WARNING: Retrieving page 1...
[2025-05-17 02:37:36] WARNING: Newest tweet is from: 2025-05-12 06:54:05+00:00
[2025-05-17 02:37:36] WARNING: Reached stop point at tweet from 2025-05-12 06:54:05+00:00
[2025-05-17 02:37:36] WARNING: Retrieved 0 new tweets on page 1
[2025-05-17 02:37:36] WARNING: Stopping pagination as we've reached the stop point
[2025-05-17 02:37:36] WARNING: Retrieved a total of 0 tweets across 1 pages
[2025-05-17 02:37:36] WARNING: No new tweets found with trust commands. Exiting without error.
[2025-05-17 02:37:36] WARNING: Collection complete!
[2025-05-17 02:37:36] WARNING: - 0 trust assignments processed
[2025-05-17 02:37:36] WARNING: - 2 users in trust network
[2025-05-17 02:37:36] WARNING: - 31 total trust relationships
[2025-05-17 02:47:32] WARNING: === Starting Twitter Trust System Collection ===
[2025-05-17 02:47:32] WARNING: Will collect tweets until reaching previous timestamp: 2025-05-12 06:54:05+00:00
[2025-05-17 02:47:32] WARNING: Retrieving page 1...
[2025-05-17 02:47:34] WARNING: Newest tweet is from: 2025-05-12 06:54:05+00:00
[2025-05-17 02:47:34] WARNING: Reached stop point at tweet from 2025-05-12 06:54:05+00:00
[2025-05-17 02:47:34] WARNING: Retrieved 0 new tweets on page 1
[2025-05-17 02:47:34] WARNING: Stopping pagination as we've reached the stop point
[2025-05-17 02:47:34] WARNING: Retrieved a total of 0 tweets across 1 pages
[2025-05-17 02:47:34] WARNING: No new tweets found with trust commands. Exiting without error.
[2025-05-17 02:47:34] WARNING: Collection complete!
[2025-05-17 02:47:34] WARNING: - 0 trust assignments processed
[2025-05-17 02:47:34] WARNING: - 2 users in trust network
[2025-05-17 02:47:34] WARNING: - 31 total trust relationships
[2025-05-17 11:10:09] WARNING: === Starting Twitter Trust System Collection ===
[2025-05-17 11:10:09] WARNING: Will collect tweets until reaching previous timestamp: 2025-05-12 06:54:05+00:00
[2025-05-17 11:10:09] WARNING: Retrieving page 1...
[2025-05-17 11:10:11] WARNING: Newest tweet is from: 2025-05-12 06:54:05+00:00
[2025-05-17 11:10:11] WARNING: Reached stop point at tweet from 2025-05-12 06:54:05+00:00
[2025-05-17 11:10:11] WARNING: Retrieved 0 new tweets on page 1
[2025-05-17 11:10:11] WARNING: Stopping pagination as we've reached the stop point
[2025-05-17 11:10:11] WARNING: Retrieved a total of 0 tweets across 1 pages
[2025-05-17 11:10:11] WARNING: No new tweets found with trust commands. Exiting without error.
[2025-05-17 11:10:11] WARNING: Collection complete!
[2025-05-17 11:10:11] WARNING: - 0 trust assignments processed
[2025-05-17 11:10:11] WARNING: - 2 users in trust network
[2025-05-17 11:10:11] WARNING: - 31 total trust relationships
[2025-05-17 11:17:33] WARNING: === Starting Twitter Trust System Collection ===
[2025-05-17 11:17:33] WARNING: Will collect tweets until reaching previous timestamp: 2025-05-12 06:54:05+00:00
[2025-05-17 11:17:33] WARNING: Retrieving page 1...
[2025-05-17 11:17:34] WARNING: Newest tweet is from: 2025-05-12 06:54:05+00:00
[2025-05-17 11:17:34] WARNING: Reached stop point at tweet from 2025-05-12 06:54:05+00:00
[2025-05-17 11:17:34] WARNING: Retrieved 0 new tweets on page 1
[2025-05-17 11:17:34] WARNING: Stopping pagination as we've reached the stop point
[2025-05-17 11:17:34] WARNING: Retrieved a total of 0 tweets across 1 pages
[2025-05-17 11:17:34] WARNING: No new tweets found with trust commands. Exiting without error.
[2025-05-17 11:17:34] WARNING: Collection complete!
[2025-05-17 11:17:34] WARNING: - 0 trust assignments processed
[2025-05-17 11:17:34] WARNING: - 2 users in trust network
[2025-05-17 11:17:34] WARNING: - 31 total trust relationships
[2025-05-17 11:27:33] WARNING: === Starting Twitter Trust System Collection ===
[2025-05-17 11:27:33] WARNING: Will collect tweets until reaching previous timestamp: 2025-05-12 06:54:05+00:00
[2025-05-17 11:27:33] WARNING: Retrieving page 1...
[2025-05-17 11:27:34] WARNING: Newest tweet is from: 2025-05-12 06:54:05+00:00
[2025-05-17 11:27:34] WARNING: Reached stop point at tweet from 2025-05-12 06:54:05+00:00
[2025-05-17 11:27:34] WARNING: Retrieved 0 new tweets on page 1
[2025-05-17 11:27:34] WARNING: Stopping pagination as we've reached the stop point
[2025-05-17 11:27:34] WARNING: Retrieved a total of 0 tweets across 1 pages
[2025-05-17 11:27:34] WARNING: No new tweets found with trust commands. Exiting without error.
[2025-05-17 11:27:34] WARNING: Collection complete!
[2025-05-17 11:27:34] WARNING: - 0 trust assignments processed
[2025-05-17 11:27:34] WARNING: - 2 users in trust network
[2025-05-17 11:27:34] WARNING: - 31 total trust relationships
[2025-05-17 11:37:33] WARNING: === Starting Twitter Trust System Collection ===
[2025-05-17 11:37:33] WARNING: Will collect tweets until reaching previous timestamp: 2025-05-12 06:54:05+00:00
[2025-05-17 11:37:33] WARNING: Retrieving page 1...
[2025-05-17 11:37:34] WARNING: Newest tweet is from: 2025-05-12 06:54:05+00:00
[2025-05-17 11:37:34] WARNING: Reached stop point at tweet from 2025-05-12 06:54:05+00:00
[2025-05-17 11:37:34] WARNING: Retrieved 0 new tweets on page 1
[2025-05-17 11:37:34] WARNING: Stopping pagination as we've reached the stop point
[2025-05-17 11:37:34] WARNING: Retrieved a total of 0 tweets across 1 pages
[2025-05-17 11:37:34] WARNING: No new tweets found with trust commands. Exiting without error.
[2025-05-17 11:37:34] WARNING: Collection complete!
[2025-05-17 11:37:34] WARNING: - 0 trust assignments processed
[2025-05-17 11:37:34] WARNING: - 2 users in trust network
[2025-05-17 11:37:34] WARNING: - 31 total trust relationships
[2025-05-17 11:37:34] Calculating trust scores from collected data...
[2025-05-17 01:57:38] INFO: Community Community A (18 members): AskaPol_UAPs, ChrisUKSharp, DanHaug6, Eyes_OnTheSkies, FettucineSplit, GoodTroubleShow, Halsrethink, JeremyCorbell, JonMajerowski, LueElizondo, PTHellyer, SnakePo9, TheOfficialQF, g_knapp, jamescfox, jayanderson, rosscoulthart, ufobeliever1947
[2025-05-17 01:57:38] INFO: Community Community B (7 members): MiddleofMayhem, OSIRISUAP, ShipsSmall, cosmic_surplus, likeitmatters3, susangerbic, ufoskeptic1968
[2025-05-17 01:57:38] INFO: Community analysis written to community_analysis.txt
[2025-05-17 01:57:38] WARNING: Generating trust network visualization...
[2025-05-17 01:57:39] WARNING: Network visualization saved to visualization/trust_network.png
[2025-05-17 01:57:39] WARNING: Creating JSON data structure...
[2025-05-17 01:57:39] WARNING: Successfully generated js/data.js with:
[2025-05-17 01:57:39] WARNING: - 25 users
[2025-05-17 01:57:39] WARNING: - 31 trust relationships
[2025-05-17 01:57:39] WARNING: - 2 communities
[2025-05-17 01:57:39] WARNING: Trust calculation completed successfully.
[2025-05-17 02:07:37] WARNING: === Starting Trust Score Calculation ===
[2025-05-17 02:07:37] WARNING: Starting trust score calculation...
[2025-05-17 02:07:37] WARNING: Found 25 users in the trust network
[2025-05-17 02:07:37] WARNING: Building trust network graph...
[2025-05-17 02:07:37] WARNING: Calculating PageRank scores...
[2025-05-17 02:07:37] WARNING: Applying distrust penalties...
[2025-05-17 02:07:37] WARNING: Detecting communities...
[2025-05-17 02:07:37] WARNING: Found 8 isolated nodes to assign to communities
[2025-05-17 02:07:37] WARNING: Assigned isolated node Eyes_OnTheSkies to community 1 based on structural balance theory
[2025-05-17 02:07:37] WARNING: Assigned isolated node FettucineSplit to community 1 based on structural balance theory
[2025-05-17 02:07:37] WARNING: Assigned isolated node JonMajerowski to community 1 based on structural balance theory
[2025-05-17 02:07:37] WARNING: Assigned isolated node MiddleofMayhem to community 2 based on structural balance theory
[2025-05-17 02:07:37] WARNING: Assigned isolated node PTHellyer to community 1 based on structural balance theory
[2025-05-17 02:07:37] WARNING: Assigned isolated node SnakePo9 to community 1 based on structural balance theory
[2025-05-17 02:07:37] WARNING: Assigned isolated node jamescfox to community 1 based on structural balance theory
[2025-05-17 02:07:37] WARNING: Assigned isolated node likeitmatters3 to community 2 based on structural balance theory
[2025-05-17 02:07:37] INFO: Analyzing community composition...
[2025-05-17 02:07:37] INFO: Community Community A (18 members): AskaPol_UAPs, ChrisUKSharp, DanHaug6, Eyes_OnTheSkies, FettucineSplit, GoodTroubleShow, Halsrethink, JeremyCorbell, JonMajerowski, LueElizondo, PTHellyer, SnakePo9, TheOfficialQF, g_knapp, jamescfox, jayanderson, rosscoulthart, ufobeliever1947
[2025-05-17 02:07:37] INFO: Community Community B (7 members): MiddleofMayhem, OSIRISUAP, ShipsSmall, cosmic_surplus, likeitmatters3, susangerbic, ufoskeptic1968
[2025-05-17 02:07:37] INFO: Community analysis written to community_analysis.txt
[2025-05-17 02:07:37] WARNING: Generating trust network visualization...
[2025-05-17 02:07:38] WARNING: Network visualization saved to visualization/trust_network.png
[2025-05-17 02:07:38] WARNING: Creating JSON data structure...
[2025-05-17 02:07:38] WARNING: Successfully generated js/data.js with:
[2025-05-17 02:07:38] WARNING: - 25 users
[2025-05-17 02:07:38] WARNING: - 31 trust relationships
[2025-05-17 02:07:38] WARNING: - 2 communities
[2025-05-17 02:07:38] WARNING: Trust calculation completed successfully.
[2025-05-17 02:17:37] WARNING: === Starting Trust Score Calculation ===
[2025-05-17 02:17:37] WARNING: Starting trust score calculation...
[2025-05-17 02:17:37] WARNING: Found 25 users in the trust network
[2025-05-17 02:17:37] WARNING: Building trust network graph...
[2025-05-17 02:17:37] WARNING: Calculating PageRank scores...
[2025-05-17 02:17:37] WARNING: Applying distrust penalties...
[2025-05-17 02:17:37] WARNING: Detecting communities...
[2025-05-17 02:17:37] WARNING: Found 8 isolated nodes to assign to communities
[2025-05-17 02:17:37] WARNING: Assigned isolated node Eyes_OnTheSkies to community 1 based on structural balance theory
[2025-05-17 02:17:37] WARNING: Assigned isolated node FettucineSplit to community 1 based on structural balance theory
[2025-05-17 02:17:37] WARNING: Assigned isolated node JonMajerowski to community 1 based on structural balance theory
[2025-05-17 02:17:37] WARNING: Assigned isolated node MiddleofMayhem to community 2 based on structural balance theory
[2025-05-17 02:17:37] WARNING: Assigned isolated node PTHellyer to community 1 based on structural balance theory
[2025-05-17 02:17:37] WARNING: Assigned isolated node SnakePo9 to community 1 based on structural balance theory
[2025-05-17 02:17:37] WARNING: Assigned isolated node jamescfox to community 1 based on structural balance theory
[2025-05-17 02:17:37] WARNING: Assigned isolated node likeitmatters3 to community 2 based on structural balance theory
[2025-05-17 02:17:37] INFO: Analyzing community composition...
[2025-05-17 02:17:37] INFO: Community Community A (18 members): AskaPol_UAPs, ChrisUKSharp, DanHaug6, Eyes_OnTheSkies, FettucineSplit, GoodTroubleShow, Halsrethink, JeremyCorbell, JonMajerowski, LueElizondo, PTHellyer, SnakePo9, TheOfficialQF, g_knapp, jamescfox, jayanderson, rosscoulthart, ufobeliever1947
[2025-05-17 02:17:37] INFO: Community Community B (7 members): MiddleofMayhem, OSIRISUAP, ShipsSmall, cosmic_surplus, likeitmatters3, susangerbic, ufoskeptic1968
[2025-05-17 02:17:37] INFO: Community analysis written to community_analysis.txt
[2025-05-17 02:17:37] WARNING: Generating trust network visualization...
[2025-05-17 02:17:38] WARNING: Network visualization saved to visualization/trust_network.png
[2025-05-17 02:17:38] WARNING: Creating JSON data structure...
[2025-05-17 02:17:38] WARNING: Successfully generated js/data.js with:
[2025-05-17 02:17:38] WARNING: - 25 users
[2025-05-17 02:17:38] WARNING: - 31 trust relationships
[2025-05-17 02:17:38] WARNING: - 2 communities
[2025-05-17 02:17:38] WARNING: Trust calculation completed successfully.
[2025-05-17 02:27:38] WARNING: === Starting Trust Score Calculation ===
[2025-05-17 02:27:38] WARNING: Starting trust score calculation...
[2025-05-17 02:27:38] WARNING: Found 25 users in the trust network
[2025-05-17 02:27:38] WARNING: Building trust network graph...
[2025-05-17 02:27:38] WARNING: Calculating PageRank scores...
[2025-05-17 02:27:38] WARNING: Applying distrust penalties...
[2025-05-17 02:27:38] WARNING: Detecting communities...
[2025-05-17 02:27:38] WARNING: Found 8 isolated nodes to assign to communities
[2025-05-17 02:27:38] WARNING: Assigned isolated node Eyes_OnTheSkies to community 1 based on structural balance theory
[2025-05-17 02:27:38] WARNING: Assigned isolated node FettucineSplit to community 1 based on structural balance theory
[2025-05-17 02:27:38] WARNING: Assigned isolated node JonMajerowski to community 1 based on structural balance theory
[2025-05-17 02:27:38] WARNING: Assigned isolated node MiddleofMayhem to community 2 based on structural balance theory
[2025-05-17 02:27:38] WARNING: Assigned isolated node PTHellyer to community 1 based on structural balance theory
[2025-05-17 02:27:38] WARNING: Assigned isolated node SnakePo9 to community 1 based on structural balance theory
[2025-05-17 02:27:38] WARNING: Assigned isolated node jamescfox to community 1 based on structural balance theory
[2025-05-17 02:27:38] WARNING: Assigned isolated node likeitmatters3 to community 2 based on structural balance theory
[2025-05-17 02:27:38] INFO: Analyzing community composition...
[2025-05-17 02:27:38] INFO: Community Community A (18 members): AskaPol_UAPs, ChrisUKSharp, DanHaug6, Eyes_OnTheSkies, FettucineSplit, GoodTroubleShow, Halsrethink, JeremyCorbell, JonMajerowski, LueElizondo, PTHellyer, SnakePo9, TheOfficialQF, g_knapp, jamescfox, jayanderson, rosscoulthart, ufobeliever1947
[2025-05-17 02:27:38] INFO: Community Community B (7 members): MiddleofMayhem, OSIRISUAP, ShipsSmall, cosmic_surplus, likeitmatters3, susangerbic, ufoskeptic1968
[2025-05-17 02:27:38] INFO: Community analysis written to community_analysis.txt
[2025-05-17 02:27:38] WARNING: Generating trust network visualization...
[2025-05-17 02:27:39] WARNING: Network visualization saved to visualization/trust_network.png
[2025-05-17 02:27:39] WARNING: Creating JSON data structure...
[2025-05-17 02:27:39] WARNING: Successfully generated js/data.js with:
[2025-05-17 02:27:39] WARNING: - 25 users
[2025-05-17 02:27:39] WARNING: - 31 trust relationships
[2025-05-17 02:27:39] WARNING: - 2 communities
[2025-05-17 02:27:39] WARNING: Trust calculation completed successfully.
[2025-05-17 02:37:39] WARNING: === Starting Trust Score Calculation ===
[2025-05-17 02:37:39] WARNING: Starting trust score calculation...
[2025-05-17 02:37:39] WARNING: Found 25 users in the trust network
[2025-05-17 02:37:39] WARNING: Building trust network graph...
[2025-05-17 02:37:39] WARNING: Calculating PageRank scores...
[2025-05-17 02:37:39] WARNING: Applying distrust penalties...
[2025-05-17 02:37:39] WARNING: Detecting communities...
[2025-05-17 02:37:39] WARNING: Found 8 isolated nodes to assign to communities
[2025-05-17 02:37:39] WARNING: Assigned isolated node Eyes_OnTheSkies to community 1 based on structural balance theory
[2025-05-17 02:37:39] WARNING: Assigned isolated node FettucineSplit to community 1 based on structural balance theory
[2025-05-17 02:37:39] WARNING: Assigned isolated node JonMajerowski to community 1 based on structural balance theory
[2025-05-17 02:37:39] WARNING: Assigned isolated node MiddleofMayhem to community 2 based on structural balance theory
[2025-05-17 02:37:39] WARNING: Assigned isolated node PTHellyer to community 1 based on structural balance theory
[2025-05-17 02:37:39] WARNING: Assigned isolated node SnakePo9 to community 1 based on structural balance theory
[2025-05-17 02:37:39] WARNING: Assigned isolated node jamescfox to community 1 based on structural balance theory
[2025-05-17 02:37:39] WARNING: Assigned isolated node likeitmatters3 to community 2 based on structural balance theory
[2025-05-17 02:37:39] INFO: Analyzing community composition...
[2025-05-17 02:37:39] INFO: Community Community A (18 members): AskaPol_UAPs, ChrisUKSharp, DanHaug6, Eyes_OnTheSkies, FettucineSplit, GoodTroubleShow, Halsrethink, JeremyCorbell, JonMajerowski, LueElizondo, PTHellyer, SnakePo9, TheOfficialQF, g_knapp, jamescfox, jayanderson, rosscoulthart, ufobeliever1947
[2025-05-17 02:37:39] INFO: Community Community B (7 members): MiddleofMayhem, OSIRISUAP, ShipsSmall, cosmic_surplus, likeitmatters3, susangerbic, ufoskeptic1968
[2025-05-17 02:37:39] INFO: Community analysis written to community_analysis.txt
[2025-05-17 02:37:39] WARNING: Generating trust network visualization...
[2025-05-17 02:37:40] WARNING: Network visualization saved to visualization/trust_network.png
[2025-05-17 02:37:40] WARNING: Creating JSON data structure...
[2025-05-17 02:37:40] WARNING: Successfully generated js/data.js with:
[2025-05-17 02:37:40] WARNING: - 25 users
[2025-05-17 02:37:40] WARNING: - 31 trust relationships
[2025-05-17 02:37:40] WARNING: - 2 communities
[2025-05-17 02:37:40] WARNING: Trust calculation completed successfully.
[2025-05-17 02:47:37] WARNING: === Starting Trust Score Calculation ===
[2025-05-17 02:47:37] WARNING: Starting trust score calculation...
[2025-05-17 02:47:37] WARNING: Found 25 users in the trust network
[2025-05-17 02:47:37] WARNING: Building trust network graph...
[2025-05-17 02:47:37] WARNING: Calculating PageRank scores...
[2025-05-17 02:47:37] WARNING: Applying distrust penalties...
[2025-05-17 02:47:37] WARNING: Detecting communities...
[2025-05-17 02:47:37] WARNING: Found 8 isolated nodes to assign to communities
[2025-05-17 02:47:37] WARNING: Assigned isolated node Eyes_OnTheSkies to community 1 based on structural balance theory
[2025-05-17 02:47:37] WARNING: Assigned isolated node FettucineSplit to community 1 based on structural balance theory
[2025-05-17 02:47:37] WARNING: Assigned isolated node JonMajerowski to community 1 based on structural balance theory
[2025-05-17 02:47:37] WARNING: Assigned isolated node MiddleofMayhem to community 2 based on structural balance theory
[2025-05-17 02:47:37] WARNING: Assigned isolated node PTHellyer to community 1 based on structural balance theory
[2025-05-17 02:47:37] WARNING: Assigned isolated node SnakePo9 to community 1 based on structural balance theory
[2025-05-17 02:47:37] WARNING: Assigned isolated node jamescfox to community 1 based on structural balance theory
[2025-05-17 02:47:37] WARNING: Assigned isolated node likeitmatters3 to community 2 based on structural balance theory
[2025-05-17 02:47:37] INFO: Analyzing community composition...
[2025-05-17 02:47:37] INFO: Community Community A (18 members): AskaPol_UAPs, ChrisUKSharp, DanHaug6, Eyes_OnTheSkies, FettucineSplit, GoodTroubleShow, Halsrethink, JeremyCorbell, JonMajerowski, LueElizondo, PTHellyer, SnakePo9, TheOfficialQF, g_knapp, jamescfox, jayanderson, rosscoulthart, ufobeliever1947
[2025-05-17 02:47:37] INFO: Community Community B (7 members): MiddleofMayhem, OSIRISUAP, ShipsSmall, cosmic_surplus, likeitmatters3, susangerbic, ufoskeptic1968
[2025-05-17 02:47:37] INFO: Community analysis written to community_analysis.txt
[2025-05-17 02:47:37] WARNING: Generating trust network visualization...
[2025-05-17 02:47:38] WARNING: Network visualization saved to visualization/trust_network.png
[2025-05-17 02:47:38] WARNING: Creating JSON data structure...
[2025-05-17 02:47:38] WARNING: Successfully generated js/data.js with:
[2025-05-17 02:47:38] WARNING: - 25 users
[2025-05-17 02:47:38] WARNING: - 31 trust relationships
[2025-05-17 02:47:38] WARNING: - 2 communities
[2025-05-17 02:47:38] WARNING: Trust calculation completed successfully.
[2025-05-17 11:10:14] WARNING: === Starting Trust Score Calculation ===
[2025-05-17 11:10:14] WARNING: Starting trust score calculation...
[2025-05-17 11:10:14] WARNING: Found 25 users in the trust network
[2025-05-17 11:10:14] WARNING: Building trust network graph...
[2025-05-17 11:10:14] WARNING: Calculating PageRank scores...
[2025-05-17 11:10:14] WARNING: Applying distrust penalties...
[2025-05-17 11:10:14] WARNING: Detecting communities...
[2025-05-17 11:10:14] WARNING: Found 8 isolated nodes to assign to communities
[2025-05-17 11:10:14] WARNING: Assigned isolated node Eyes_OnTheSkies to community 1 based on structural balance theory
[2025-05-17 11:10:14] WARNING: Assigned isolated node FettucineSplit to community 1 based on structural balance theory
[2025-05-17 11:10:14] WARNING: Assigned isolated node JonMajerowski to community 1 based on structural balance theory
[2025-05-17 11:10:14] WARNING: Assigned isolated node MiddleofMayhem to community 2 based on structural balance theory
[2025-05-17 11:10:14] WARNING: Assigned isolated node PTHellyer to community 1 based on structural balance theory
[2025-05-17 11:10:14] WARNING: Assigned isolated node SnakePo9 to community 1 based on structural balance theory
[2025-05-17 11:10:14] WARNING: Assigned isolated node jamescfox to community 1 based on structural balance theory
[2025-05-17 11:10:14] WARNING: Assigned isolated node likeitmatters3 to community 2 based on structural balance theory
[2025-05-17 11:10:14] INFO: Analyzing community composition...
[2025-05-17 11:10:14] INFO: Community Community A (18 members): AskaPol_UAPs, ChrisUKSharp, DanHaug6, Eyes_OnTheSkies, FettucineSplit, GoodTroubleShow, Halsrethink, JeremyCorbell, JonMajerowski, LueElizondo, PTHellyer, SnakePo9, TheOfficialQF, g_knapp, jamescfox, jayanderson, rosscoulthart, ufobeliever1947
[2025-05-17 11:10:14] INFO: Community Community B (7 members): MiddleofMayhem, OSIRISUAP, ShipsSmall, cosmic_surplus, likeitmatters3, susangerbic, ufoskeptic1968
[2025-05-17 11:10:14] INFO: Community analysis written to community_analysis.txt
[2025-05-17 11:10:14] WARNING: Generating trust network visualization...
[2025-05-17 11:10:15] WARNING: Network visualization saved to visualization/trust_network.png
[2025-05-17 11:10:15] WARNING: Creating JSON data structure...
[2025-05-17 11:10:15] WARNING: Successfully generated js/data.js with:
[2025-05-17 11:10:15] WARNING: - 25 users
[2025-05-17 11:10:15] WARNING: - 31 trust relationships
[2025-05-17 11:10:15] WARNING: - 2 communities
[2025-05-17 11:10:15] WARNING: Trust calculation completed successfully.
[2025-05-17 11:17:37] WARNING: === Starting Trust Score Calculation ===
[2025-05-17 11:17:37] WARNING: Starting trust score calculation...
[2025-05-17 11:17:37] WARNING: Found 25 users in the trust network
[2025-05-17 11:17:37] WARNING: Building trust network graph...
[2025-05-17 11:17:37] WARNING: Calculating PageRank scores...
[2025-05-17 11:17:37] WARNING: Applying distrust penalties...
[2025-05-17 11:17:37] WARNING: Detecting communities...
[2025-05-17 11:17:37] WARNING: Found 8 isolated nodes to assign to communities
[2025-05-17 11:17:37] WARNING: Assigned isolated node Eyes_OnTheSkies to community 1 based on structural balance theory
[2025-05-17 11:17:37] WARNING: Assigned isolated node FettucineSplit to community 1 based on structural balance theory
[2025-05-17 11:17:37] WARNING: Assigned isolated node JonMajerowski to community 1 based on structural balance theory
[2025-05-17 11:17:37] WARNING: Assigned isolated node MiddleofMayhem to community 2 based on structural balance theory
[2025-05-17 11:17:37] WARNING: Assigned isolated node PTHellyer to community 1 based on structural balance theory
[2025-05-17 11:17:37] WARNING: Assigned isolated node SnakePo9 to community 1 based on structural balance theory
[2025-05-17 11:17:37] WARNING: Assigned isolated node jamescfox to community 1 based on structural balance theory
[2025-05-17 11:17:37] WARNING: Assigned isolated node likeitmatters3 to community 2 based on structural balance theory
[2025-05-17 11:17:37] INFO: Analyzing community composition...
[2025-05-17 11:17:37] INFO: Community Community A (18 members): AskaPol_UAPs, ChrisUKSharp, DanHaug6, Eyes_OnTheSkies, FettucineSplit, GoodTroubleShow, Halsrethink, JeremyCorbell, JonMajerowski, LueElizondo, PTHellyer, SnakePo9, TheOfficialQF, g_knapp, jamescfox, jayanderson, rosscoulthart, ufobeliever1947
[2025-05-17 11:17:37] INFO: Community Community B (7 members): MiddleofMayhem, OSIRISUAP, ShipsSmall, cosmic_surplus, likeitmatters3, susangerbic, ufoskeptic1968
[2025-05-17 11:17:37] INFO: Community analysis written to community_analysis.txt
[2025-05-17 11:17:37] WARNING: Generating trust network visualization...
[2025-05-17 11:17:38] WARNING: Network visualization saved to visualization/trust_network.png
[2025-05-17 11:17:38] WARNING: Creating JSON data structure...
[2025-05-17 11:17:38] WARNING: Successfully generated js/data.js with:
[2025-05-17 11:17:38] WARNING: - 25 users
[2025-05-17 11:17:38] WARNING: - 31 trust relationships
[2025-05-17 11:17:38] WARNING: - 2 communities
[2025-05-17 11:17:38] WARNING: Trust calculation completed successfully.
[2025-05-17 11:27:37] WARNING: === Starting Trust Score Calculation ===
[2025-05-17 11:27:37] WARNING: Starting trust score calculation...
[2025-05-17 11:27:37] WARNING: Found 25 users in the trust network
[2025-05-17 11:27:37] WARNING: Building trust network graph...
[2025-05-17 11:27:37] WARNING: Calculating PageRank scores...
[2025-05-17 11:27:37] WARNING: Applying distrust penalties...
[2025-05-17 11:27:37] WARNING: Detecting communities...
[2025-05-17 11:27:37] WARNING: Found 8 isolated nodes to assign to communities
[2025-05-17 11:27:37] WARNING: Assigned isolated node Eyes_OnTheSkies to community 1 based on structural balance theory
[2025-05-17 11:27:37] WARNING: Assigned isolated node FettucineSplit to community 1 based on structural balance theory
[2025-05-17 11:27:37] WARNING: Assigned isolated node JonMajerowski to community 1 based on structural balance theory
[2025-05-17 11:27:37] WARNING: Assigned isolated node MiddleofMayhem to community 2 based on structural balance theory
[2025-05-17 11:27:37] WARNING: Assigned isolated node PTHellyer to community 1 based on structural balance theory
[2025-05-17 11:27:37] WARNING: Assigned isolated node SnakePo9 to community 1 based on structural balance theory
[2025-05-17 11:27:37] WARNING: Assigned isolated node jamescfox to community 1 based on structural balance theory
[2025-05-17 11:27:37] WARNING: Assigned isolated node likeitmatters3 to community 2 based on structural balance theory
[2025-05-17 11:27:37] INFO: Analyzing community composition...
[2025-05-17 11:27:37] INFO: Community Community A (18 members): AskaPol_UAPs, ChrisUKSharp, DanHaug6, Eyes_OnTheSkies, FettucineSplit, GoodTroubleShow, Halsrethink, JeremyCorbell, JonMajerowski, LueElizondo, PTHellyer, SnakePo9, TheOfficialQF, g_knapp, jamescfox, jayanderson, rosscoulthart, ufobeliever1947
[2025-05-17 11:27:37] INFO: Community Community B (7 members): MiddleofMayhem, OSIRISUAP, ShipsSmall, cosmic_surplus, likeitmatters3, susangerbic, ufoskeptic1968
[2025-05-17 11:27:37] INFO: Community analysis written to community_analysis.txt
[2025-05-17 11:27:37] WARNING: Generating trust network visualization...
[2025-05-17 11:27:38] WARNING: Network visualization saved to visualization/trust_network.png
[2025-05-17 11:27:38] WARNING: Creating JSON data structure...
[2025-05-17 11:27:38] WARNING: Successfully generated js/data.js with:
[2025-05-17 11:27:38] WARNING: - 25 users
[2025-05-17 11:27:38] WARNING: - 31 trust relationships
[2025-05-17 11:27:38] WARNING: - 2 communities
[2025-05-17 11:27:38] WARNING: Trust calculation completed successfully.
[2025-05-17 11:37:37] WARNING: === Starting Trust Score Calculation ===
[2025-05-17 11:37:37] WARNING: Starting trust score calculation...
[2025-05-17 11:37:37] WARNING: Found 25 users in the trust network
[2025-05-17 11:37:37] WARNING: Building trust network graph...
[2025-05-17 11:37:37] WARNING: Calculating PageRank scores...
[2025-05-17 11:37:37] WARNING: Applying distrust penalties...
[2025-05-17 11:37:37] WARNING: Detecting communities...
[2025-05-17 11:37:37] WARNING: Found 8 isolated nodes to assign to communities
[2025-05-17 11:37:37] WARNING: Assigned isolated node Eyes_OnTheSkies to community 1 based on structural balance theory
[2025-05-17 11:37:37] WARNING: Assigned isolated node FettucineSplit to community 1 based on structural balance theory
[2025-05-17 11:37:37] WARNING: Assigned isolated node JonMajerowski to community 1 based on structural balance theory
[2025-05-17 11:37:37] WARNING: Assigned isolated node MiddleofMayhem to community 2 based on structural balance theory
[2025-05-17 11:37:37] WARNING: Assigned isolated node PTHellyer to community 1 based on structural balance theory
[2025-05-17 11:37:37] WARNING: Assigned isolated node SnakePo9 to community 1 based on structural balance theory
[2025-05-17 11:37:37] WARNING: Assigned isolated node jamescfox to community 1 based on structural balance theory
[2025-05-17 11:37:37] WARNING: Assigned isolated node likeitmatters3 to community 2 based on structural balance theory
[2025-05-17 11:37:37] INFO: Analyzing community composition...
[2025-05-17 11:37:37] INFO: Community Community A (18 members): AskaPol_UAPs, ChrisUKSharp, DanHaug6, Eyes_OnTheSkies, FettucineSplit, GoodTroubleShow, Halsrethink, JeremyCorbell, JonMajerowski, LueElizondo, PTHellyer, SnakePo9, TheOfficialQF, g_knapp, jamescfox, jayanderson, rosscoulthart, ufobeliever1947
[2025-05-17 11:37:37] INFO: Community Community B (7 members): MiddleofMayhem, OSIRISUAP, ShipsSmall, cosmic_surplus, likeitmatters3, susangerbic, ufoskeptic1968
[2025-05-17 11:37:37] INFO: Community analysis written to community_analysis.txt
[2025-05-17 11:37:37] WARNING: Generating trust network visualization...
[2025-05-17 11:37:38] WARNING: Network visualization saved to visualization/trust_network.png
[2025-05-17 11:37:38] WARNING: Creating JSON data structure...
[2025-05-17 11:37:38] WARNING: Successfully generated js/data.js with:
[2025-05-17 11:37:38] WARNING: - 25 users
[2025-05-17 11:37:38] WARNING: - 31 trust relationships
[2025-05-17 11:37:38] WARNING: - 2 communities
[2025-05-17 11:37:38] WARNING: Trust calculation completed successfully.
[2025-05-17 11:37:39] Committing and pushing changes to GitHub...
