[2025-05-18 23:07:32] Starting Twitter Trust System update process...
[2025-05-18 23:07:32] Update frequency set to: 10 minutes
[2025-05-18 23:07:32] Collecting trust assignments from Twitter...
[2025-05-18 23:07:48] Warning: Trust assignments file not updated recently (last modified 05/11/2025 23:57:36)
[2025-05-18 00:37:33] WARNING: Will collect tweets until reaching previous timestamp: 2025-05-12 06:54:05+00:00
[2025-05-18 00:37:33] WARNING: Retrieving page 1...
[2025-05-18 00:37:35] WARNING: Newest tweet is from: 2025-05-12 06:54:05+00:00
[2025-05-18 00:37:35] WARNING: Reached stop point at tweet from 2025-05-12 06:54:05+00:00
[2025-05-18 00:37:35] WARNING: Retrieved 0 new tweets on page 1
[2025-05-18 00:37:35] WARNING: Stopping pagination as we've reached the stop point
[2025-05-18 00:37:35] WARNING: Retrieved a total of 0 tweets across 1 pages
[2025-05-18 00:37:35] WARNING: No new tweets found with trust commands. Exiting without error.
[2025-05-18 00:37:35] WARNING: Collection complete!
[2025-05-18 00:37:35] WARNING: - 0 trust assignments processed
[2025-05-18 00:37:35] WARNING: - 2 users in trust network
[2025-05-18 00:37:35] WARNING: - 31 total trust relationships
[2025-05-18 00:47:33] WARNING: === Starting Twitter Trust System Collection ===
[2025-05-18 00:47:33] WARNING: Will collect tweets until reaching previous timestamp: 2025-05-12 06:54:05+00:00
[2025-05-18 00:47:33] WARNING: Retrieving page 1...
[2025-05-18 00:47:35] WARNING: Newest tweet is from: 2025-05-12 06:54:05+00:00
[2025-05-18 00:47:35] WARNING: Reached stop point at tweet from 2025-05-12 06:54:05+00:00
[2025-05-18 00:47:35] WARNING: Retrieved 0 new tweets on page 1
[2025-05-18 00:47:35] WARNING: Stopping pagination as we've reached the stop point
[2025-05-18 00:47:35] WARNING: Retrieved a total of 0 tweets across 1 pages
[2025-05-18 00:47:35] WARNING: No new tweets found with trust commands. Exiting without error.
[2025-05-18 00:47:35] WARNING: Collection complete!
[2025-05-18 00:47:35] WARNING: - 0 trust assignments processed
[2025-05-18 00:47:35] WARNING: - 2 users in trust network
[2025-05-18 00:47:35] WARNING: - 31 total trust relationships
[2025-05-18 00:57:33] WARNING: === Starting Twitter Trust System Collection ===
[2025-05-18 00:57:33] WARNING: Will collect tweets until reaching previous timestamp: 2025-05-12 06:54:05+00:00
[2025-05-18 00:57:33] WARNING: Retrieving page 1...
[2025-05-18 00:57:35] WARNING: Newest tweet is from: 2025-05-12 06:54:05+00:00
[2025-05-18 00:57:35] WARNING: Reached stop point at tweet from 2025-05-12 06:54:05+00:00
[2025-05-18 00:57:35] WARNING: Retrieved 0 new tweets on page 1
[2025-05-18 00:57:35] WARNING: Stopping pagination as we've reached the stop point
[2025-05-18 00:57:35] WARNING: Retrieved a total of 0 tweets across 1 pages
[2025-05-18 00:57:35] WARNING: No new tweets found with trust commands. Exiting without error.
[2025-05-18 00:57:35] WARNING: Collection complete!
[2025-05-18 00:57:35] WARNING: - 0 trust assignments processed
[2025-05-18 00:57:35] WARNING: - 2 users in trust network
[2025-05-18 00:57:35] WARNING: - 31 total trust relationships
[2025-05-18 01:07:33] WARNING: === Starting Twitter Trust System Collection ===
[2025-05-18 01:07:33] WARNING: Will collect tweets until reaching previous timestamp: 2025-05-12 06:54:05+00:00
[2025-05-18 01:07:33] WARNING: Retrieving page 1...
[2025-05-18 01:07:37] WARNING: Newest tweet is from: 2025-05-12 06:54:05+00:00
[2025-05-18 01:07:37] WARNING: Reached stop point at tweet from 2025-05-12 06:54:05+00:00
[2025-05-18 01:07:37] WARNING: Retrieved 0 new tweets on page 1
[2025-05-18 01:07:37] WARNING: Stopping pagination as we've reached the stop point
[2025-05-18 01:07:37] WARNING: Retrieved a total of 0 tweets across 1 pages
[2025-05-18 01:07:37] WARNING: No new tweets found with trust commands. Exiting without error.
[2025-05-18 01:07:37] WARNING: Collection complete!
[2025-05-18 01:07:37] WARNING: - 0 trust assignments processed
[2025-05-18 01:07:37] WARNING: - 2 users in trust network
[2025-05-18 01:07:37] WARNING: - 31 total trust relationships
[2025-05-18 01:17:33] WARNING: === Starting Twitter Trust System Collection ===
[2025-05-18 01:17:33] WARNING: Will collect tweets until reaching previous timestamp: 2025-05-12 06:54:05+00:00
[2025-05-18 01:17:33] WARNING: Retrieving page 1...
[2025-05-18 01:17:36] WARNING: Newest tweet is from: 2025-05-12 06:54:05+00:00
[2025-05-18 01:17:36] WARNING: Reached stop point at tweet from 2025-05-12 06:54:05+00:00
[2025-05-18 01:17:36] WARNING: Retrieved 0 new tweets on page 1
[2025-05-18 01:17:36] WARNING: Stopping pagination as we've reached the stop point
[2025-05-18 01:17:36] WARNING: Retrieved a total of 0 tweets across 1 pages
[2025-05-18 01:17:36] WARNING: No new tweets found with trust commands. Exiting without error.
[2025-05-18 01:17:36] WARNING: Collection complete!
[2025-05-18 01:17:36] WARNING: - 0 trust assignments processed
[2025-05-18 01:17:36] WARNING: - 2 users in trust network
[2025-05-18 01:17:36] WARNING: - 31 total trust relationships
[2025-05-18 01:27:33] WARNING: === Starting Twitter Trust System Collection ===
[2025-05-18 01:27:33] WARNING: Will collect tweets until reaching previous timestamp: 2025-05-12 06:54:05+00:00
[2025-05-18 01:27:33] WARNING: Retrieving page 1...
[2025-05-18 01:27:34] WARNING: Newest tweet is from: 2025-05-12 06:54:05+00:00
[2025-05-18 01:27:34] WARNING: Reached stop point at tweet from 2025-05-12 06:54:05+00:00
[2025-05-18 01:27:34] WARNING: Retrieved 0 new tweets on page 1
[2025-05-18 01:27:34] WARNING: Stopping pagination as we've reached the stop point
[2025-05-18 01:27:34] WARNING: Retrieved a total of 0 tweets across 1 pages
[2025-05-18 01:27:34] WARNING: No new tweets found with trust commands. Exiting without error.
[2025-05-18 01:27:34] WARNING: Collection complete!
[2025-05-18 01:27:34] WARNING: - 0 trust assignments processed
[2025-05-18 01:27:34] WARNING: - 2 users in trust network
[2025-05-18 01:27:34] WARNING: - 31 total trust relationships
[2025-05-18 01:37:33] WARNING: === Starting Twitter Trust System Collection ===
[2025-05-18 01:37:33] WARNING: Will collect tweets until reaching previous timestamp: 2025-05-12 06:54:05+00:00
[2025-05-18 01:37:33] WARNING: Retrieving page 1...
[2025-05-18 01:37:35] WARNING: Newest tweet is from: 2025-05-12 06:54:05+00:00
[2025-05-18 01:37:35] WARNING: Reached stop point at tweet from 2025-05-12 06:54:05+00:00
[2025-05-18 01:37:35] WARNING: Retrieved 0 new tweets on page 1
[2025-05-18 01:37:35] WARNING: Stopping pagination as we've reached the stop point
[2025-05-18 01:37:35] WARNING: Retrieved a total of 0 tweets across 1 pages
[2025-05-18 01:37:35] WARNING: No new tweets found with trust commands. Exiting without error.
[2025-05-18 01:37:35] WARNING: Collection complete!
[2025-05-18 01:37:35] WARNING: - 0 trust assignments processed
[2025-05-18 01:37:35] WARNING: - 2 users in trust network
[2025-05-18 01:37:35] WARNING: - 31 total trust relationships
[2025-05-18 01:47:33] WARNING: === Starting Twitter Trust System Collection ===
[2025-05-18 01:47:33] WARNING: Will collect tweets until reaching previous timestamp: 2025-05-12 06:54:05+00:00
[2025-05-18 01:47:33] WARNING: Retrieving page 1...
[2025-05-18 01:47:35] WARNING: Newest tweet is from: 2025-05-12 06:54:05+00:00
[2025-05-18 01:47:35] WARNING: Reached stop point at tweet from 2025-05-12 06:54:05+00:00
[2025-05-18 01:47:35] WARNING: Retrieved 0 new tweets on page 1
[2025-05-18 01:47:35] WARNING: Stopping pagination as we've reached the stop point
[2025-05-18 01:47:35] WARNING: Retrieved a total of 0 tweets across 1 pages
[2025-05-18 01:47:35] WARNING: No new tweets found with trust commands. Exiting without error.
[2025-05-18 01:47:35] WARNING: Collection complete!
[2025-05-18 01:47:35] WARNING: - 0 trust assignments processed
[2025-05-18 01:47:35] WARNING: - 2 users in trust network
[2025-05-18 01:47:35] WARNING: - 31 total trust relationships
[2025-05-18 11:32:00] WARNING: === Starting Twitter Trust System Collection ===
[2025-05-18 11:32:00] WARNING: Will collect tweets until reaching previous timestamp: 2025-05-12 06:54:05+00:00
[2025-05-18 11:32:00] WARNING: Retrieving page 1...
[2025-05-18 11:32:02] WARNING: Newest tweet is from: 2025-05-12 06:54:05+00:00
[2025-05-18 11:32:02] WARNING: Reached stop point at tweet from 2025-05-12 06:54:05+00:00
[2025-05-18 11:32:02] WARNING: Retrieved 0 new tweets on page 1
[2025-05-18 11:32:02] WARNING: Stopping pagination as we've reached the stop point
[2025-05-18 11:32:02] WARNING: Retrieved a total of 0 tweets across 1 pages
[2025-05-18 11:32:02] WARNING: No new tweets found with trust commands. Exiting without error.
[2025-05-18 11:32:02] WARNING: Collection complete!
[2025-05-18 11:32:02] WARNING: - 0 trust assignments processed
[2025-05-18 11:32:02] WARNING: - 2 users in trust network
[2025-05-18 11:32:02] WARNING: - 31 total trust relationships
[2025-05-18 11:37:33] WARNING: === Starting Twitter Trust System Collection ===
[2025-05-18 11:37:33] WARNING: Will collect tweets until reaching previous timestamp: 2025-05-12 06:54:05+00:00
[2025-05-18 11:37:33] WARNING: Retrieving page 1...
[2025-05-18 11:37:35] WARNING: Newest tweet is from: 2025-05-12 06:54:05+00:00
[2025-05-18 11:37:35] WARNING: Reached stop point at tweet from 2025-05-12 06:54:05+00:00
[2025-05-18 11:37:35] WARNING: Retrieved 0 new tweets on page 1
[2025-05-18 11:37:35] WARNING: Stopping pagination as we've reached the stop point
[2025-05-18 11:37:35] WARNING: Retrieved a total of 0 tweets across 1 pages
[2025-05-18 11:37:35] WARNING: No new tweets found with trust commands. Exiting without error.
[2025-05-18 11:37:35] WARNING: Collection complete!
[2025-05-18 11:37:35] WARNING: - 0 trust assignments processed
[2025-05-18 11:37:35] WARNING: - 2 users in trust network
[2025-05-18 11:37:35] WARNING: - 31 total trust relationships
[2025-05-18 11:47:33] WARNING: === Starting Twitter Trust System Collection ===
[2025-05-18 11:47:33] WARNING: Will collect tweets until reaching previous timestamp: 2025-05-12 06:54:05+00:00
[2025-05-18 11:47:33] WARNING: Retrieving page 1...
[2025-05-18 11:47:36] WARNING: Newest tweet is from: 2025-05-12 06:54:05+00:00
[2025-05-18 11:47:36] WARNING: Reached stop point at tweet from 2025-05-12 06:54:05+00:00
[2025-05-18 11:47:36] WARNING: Retrieved 0 new tweets on page 1
[2025-05-18 11:47:36] WARNING: Stopping pagination as we've reached the stop point
[2025-05-18 11:47:36] WARNING: Retrieved a total of 0 tweets across 1 pages
[2025-05-18 11:47:36] WARNING: No new tweets found with trust commands. Exiting without error.
[2025-05-18 11:47:36] WARNING: Collection complete!
[2025-05-18 11:47:36] WARNING: - 0 trust assignments processed
[2025-05-18 11:47:36] WARNING: - 2 users in trust network
[2025-05-18 11:47:36] WARNING: - 31 total trust relationships
[2025-05-18 11:57:33] WARNING: === Starting Twitter Trust System Collection ===
[2025-05-18 11:57:33] WARNING: Will collect tweets until reaching previous timestamp: 2025-05-12 06:54:05+00:00
[2025-05-18 11:57:33] WARNING: Retrieving page 1...
[2025-05-18 11:57:36] WARNING: Newest tweet is from: 2025-05-12 06:54:05+00:00
[2025-05-18 11:57:36] WARNING: Reached stop point at tweet from 2025-05-12 06:54:05+00:00
[2025-05-18 11:57:36] WARNING: Retrieved 0 new tweets on page 1
[2025-05-18 11:57:36] WARNING: Stopping pagination as we've reached the stop point
[2025-05-18 11:57:36] WARNING: Retrieved a total of 0 tweets across 1 pages
[2025-05-18 11:57:36] WARNING: No new tweets found with trust commands. Exiting without error.
[2025-05-18 11:57:36] WARNING: Collection complete!
[2025-05-18 11:57:36] WARNING: - 0 trust assignments processed
[2025-05-18 11:57:36] WARNING: - 2 users in trust network
[2025-05-18 11:57:36] WARNING: - 31 total trust relationships
[2025-05-18 12:07:33] WARNING: === Starting Twitter Trust System Collection ===
[2025-05-18 12:07:33] WARNING: Will collect tweets until reaching previous timestamp: 2025-05-12 06:54:05+00:00
[2025-05-18 12:07:33] WARNING: Retrieving page 1...
[2025-05-18 12:07:35] WARNING: Newest tweet is from: 2025-05-12 06:54:05+00:00
[2025-05-18 12:07:35] WARNING: Reached stop point at tweet from 2025-05-12 06:54:05+00:00
[2025-05-18 12:07:35] WARNING: Retrieved 0 new tweets on page 1
[2025-05-18 12:07:35] WARNING: Stopping pagination as we've reached the stop point
[2025-05-18 12:07:35] WARNING: Retrieved a total of 0 tweets across 1 pages
[2025-05-18 12:07:35] WARNING: No new tweets found with trust commands. Exiting without error.
[2025-05-18 12:07:35] WARNING: Collection complete!
[2025-05-18 12:07:35] WARNING: - 0 trust assignments processed
[2025-05-18 12:07:35] WARNING: - 2 users in trust network
[2025-05-18 12:07:35] WARNING: - 31 total trust relationships
[2025-05-18 12:17:33] WARNING: === Starting Twitter Trust System Collection ===
[2025-05-18 12:17:33] WARNING: Will collect tweets until reaching previous timestamp: 2025-05-12 06:54:05+00:00
[2025-05-18 12:17:33] WARNING: Retrieving page 1...
[2025-05-18 12:17:34] WARNING: Newest tweet is from: 2025-05-12 06:54:05+00:00
[2025-05-18 12:17:34] WARNING: Reached stop point at tweet from 2025-05-12 06:54:05+00:00
[2025-05-18 12:17:34] WARNING: Retrieved 0 new tweets on page 1
[2025-05-18 12:17:34] WARNING: Stopping pagination as we've reached the stop point
[2025-05-18 12:17:34] WARNING: Retrieved a total of 0 tweets across 1 pages
[2025-05-18 12:17:34] WARNING: No new tweets found with trust commands. Exiting without error.
[2025-05-18 12:17:34] WARNING: Collection complete!
[2025-05-18 12:17:34] WARNING: - 0 trust assignments processed
[2025-05-18 12:17:34] WARNING: - 2 users in trust network
[2025-05-18 12:17:34] WARNING: - 31 total trust relationships
[2025-05-18 12:31:36] WARNING: === Starting Twitter Trust System Collection ===
[2025-05-18 12:31:36] WARNING: Will collect tweets until reaching previous timestamp: 2025-05-12 06:54:05+00:00
[2025-05-18 12:31:36] WARNING: Retrieving page 1...
[2025-05-18 12:31:38] WARNING: Newest tweet is from: 2025-05-12 06:54:05+00:00
[2025-05-18 12:31:38] WARNING: Reached stop point at tweet from 2025-05-12 06:54:05+00:00
[2025-05-18 12:31:38] WARNING: Retrieved 0 new tweets on page 1
[2025-05-18 12:31:38] WARNING: Stopping pagination as we've reached the stop point
[2025-05-18 12:31:38] WARNING: Retrieved a total of 0 tweets across 1 pages
[2025-05-18 12:31:38] WARNING: No new tweets found with trust commands. Exiting without error.
[2025-05-18 12:31:38] WARNING: Collection complete!
[2025-05-18 12:31:38] WARNING: - 0 trust assignments processed
[2025-05-18 12:31:38] WARNING: - 2 users in trust network
[2025-05-18 12:31:38] WARNING: - 31 total trust relationships
[2025-05-18 12:37:34] WARNING: === Starting Twitter Trust System Collection ===
[2025-05-18 12:37:34] WARNING: Will collect tweets until reaching previous timestamp: 2025-05-12 06:54:05+00:00
[2025-05-18 12:37:34] WARNING: Retrieving page 1...
[2025-05-18 12:37:36] WARNING: Newest tweet is from: 2025-05-12 06:54:05+00:00
[2025-05-18 12:37:36] WARNING: Reached stop point at tweet from 2025-05-12 06:54:05+00:00
[2025-05-18 12:37:36] WARNING: Retrieved 0 new tweets on page 1
[2025-05-18 12:37:36] WARNING: Stopping pagination as we've reached the stop point
[2025-05-18 12:37:36] WARNING: Retrieved a total of 0 tweets across 1 pages
[2025-05-18 12:37:36] WARNING: No new tweets found with trust commands. Exiting without error.
[2025-05-18 12:37:36] WARNING: Collection complete!
[2025-05-18 12:37:36] WARNING: - 0 trust assignments processed
[2025-05-18 12:37:36] WARNING: - 2 users in trust network
[2025-05-18 12:37:36] WARNING: - 31 total trust relationships
[2025-05-18 12:47:33] WARNING: === Starting Twitter Trust System Collection ===
[2025-05-18 12:47:33] WARNING: Will collect tweets until reaching previous timestamp: 2025-05-12 06:54:05+00:00
[2025-05-18 12:47:33] WARNING: Retrieving page 1...
[2025-05-18 12:47:35] WARNING: Newest tweet is from: 2025-05-12 06:54:05+00:00
[2025-05-18 12:47:35] WARNING: Reached stop point at tweet from 2025-05-12 06:54:05+00:00
[2025-05-18 12:47:35] WARNING: Retrieved 0 new tweets on page 1
[2025-05-18 12:47:35] WARNING: Stopping pagination as we've reached the stop point
[2025-05-18 12:47:35] WARNING: Retrieved a total of 0 tweets across 1 pages
[2025-05-18 12:47:35] WARNING: No new tweets found with trust commands. Exiting without error.
[2025-05-18 12:47:35] WARNING: Collection complete!
[2025-05-18 12:47:35] WARNING: - 0 trust assignments processed
[2025-05-18 12:47:35] WARNING: - 2 users in trust network
[2025-05-18 12:47:35] WARNING: - 31 total trust relationships
[2025-05-18 12:57:33] WARNING: === Starting Twitter Trust System Collection ===
[2025-05-18 12:57:33] WARNING: Will collect tweets until reaching previous timestamp: 2025-05-12 06:54:05+00:00
[2025-05-18 12:57:33] WARNING: Retrieving page 1...
[2025-05-18 12:57:35] WARNING: Newest tweet is from: 2025-05-12 06:54:05+00:00
[2025-05-18 12:57:35] WARNING: Reached stop point at tweet from 2025-05-12 06:54:05+00:00
[2025-05-18 12:57:35] WARNING: Retrieved 0 new tweets on page 1
[2025-05-18 12:57:35] WARNING: Stopping pagination as we've reached the stop point
[2025-05-18 12:57:35] WARNING: Retrieved a total of 0 tweets across 1 pages
[2025-05-18 12:57:35] WARNING: No new tweets found with trust commands. Exiting without error.
[2025-05-18 12:57:35] WARNING: Collection complete!
[2025-05-18 12:57:35] WARNING: - 0 trust assignments processed
[2025-05-18 12:57:35] WARNING: - 2 users in trust network
[2025-05-18 12:57:35] WARNING: - 31 total trust relationships
[2025-05-18 19:19:23] WARNING: === Starting Twitter Trust System Collection ===
[2025-05-18 19:19:23] WARNING: Will collect tweets until reaching previous timestamp: 2025-05-12 06:54:05+00:00
[2025-05-18 19:19:23] WARNING: Retrieving page 1...
[2025-05-18 19:19:24] WARNING: Newest tweet is from: 2025-05-12 06:54:05+00:00
[2025-05-18 19:19:24] WARNING: Reached stop point at tweet from 2025-05-12 06:54:05+00:00
[2025-05-18 19:19:24] WARNING: Retrieved 0 new tweets on page 1
[2025-05-18 19:19:24] WARNING: Stopping pagination as we've reached the stop point
[2025-05-18 19:19:24] WARNING: Retrieved a total of 0 tweets across 1 pages
[2025-05-18 19:19:24] WARNING: No new tweets found with trust commands. Exiting without error.
[2025-05-18 19:19:24] WARNING: Collection complete!
[2025-05-18 19:19:24] WARNING: - 0 trust assignments processed
[2025-05-18 19:19:24] WARNING: - 2 users in trust network
[2025-05-18 19:19:24] WARNING: - 31 total trust relationships
[2025-05-18 19:27:33] WARNING: === Starting Twitter Trust System Collection ===
[2025-05-18 19:27:33] WARNING: Will collect tweets until reaching previous timestamp: 2025-05-12 06:54:05+00:00
[2025-05-18 19:27:33] WARNING: Retrieving page 1...
[2025-05-18 19:27:41] WARNING: Newest tweet is from: 2025-05-12 06:54:05+00:00
[2025-05-18 19:27:41] WARNING: Reached stop point at tweet from 2025-05-12 06:54:05+00:00
[2025-05-18 19:27:41] WARNING: Retrieved 0 new tweets on page 1
[2025-05-18 19:27:41] WARNING: Stopping pagination as we've reached the stop point
[2025-05-18 19:27:41] WARNING: Retrieved a total of 0 tweets across 1 pages
[2025-05-18 19:27:41] WARNING: No new tweets found with trust commands. Exiting without error.
[2025-05-18 19:27:41] WARNING: Collection complete!
[2025-05-18 19:27:41] WARNING: - 0 trust assignments processed
[2025-05-18 19:27:41] WARNING: - 2 users in trust network
[2025-05-18 19:27:41] WARNING: - 31 total trust relationships
[2025-05-18 19:37:33] WARNING: === Starting Twitter Trust System Collection ===
[2025-05-18 19:37:33] WARNING: Will collect tweets until reaching previous timestamp: 2025-05-12 06:54:05+00:00
[2025-05-18 19:37:33] WARNING: Retrieving page 1...
[2025-05-18 19:37:35] WARNING: Newest tweet is from: 2025-05-12 06:54:05+00:00
[2025-05-18 19:37:35] WARNING: Reached stop point at tweet from 2025-05-12 06:54:05+00:00
[2025-05-18 19:37:35] WARNING: Retrieved 0 new tweets on page 1
[2025-05-18 19:37:35] WARNING: Stopping pagination as we've reached the stop point
[2025-05-18 19:37:35] WARNING: Retrieved a total of 0 tweets across 1 pages
[2025-05-18 19:37:35] WARNING: No new tweets found with trust commands. Exiting without error.
[2025-05-18 19:37:35] WARNING: Collection complete!
[2025-05-18 19:37:35] WARNING: - 0 trust assignments processed
[2025-05-18 19:37:35] WARNING: - 2 users in trust network
[2025-05-18 19:37:35] WARNING: - 31 total trust relationships
[2025-05-18 19:47:33] WARNING: === Starting Twitter Trust System Collection ===
[2025-05-18 19:47:33] WARNING: Will collect tweets until reaching previous timestamp: 2025-05-12 06:54:05+00:00
[2025-05-18 19:47:33] WARNING: Retrieving page 1...
[2025-05-18 19:47:34] WARNING: Newest tweet is from: 2025-05-12 06:54:05+00:00
[2025-05-18 19:47:34] WARNING: Reached stop point at tweet from 2025-05-12 06:54:05+00:00
[2025-05-18 19:47:34] WARNING: Retrieved 0 new tweets on page 1
[2025-05-18 19:47:34] WARNING: Stopping pagination as we've reached the stop point
[2025-05-18 19:47:34] WARNING: Retrieved a total of 0 tweets across 1 pages
[2025-05-18 19:47:34] WARNING: No new tweets found with trust commands. Exiting without error.
[2025-05-18 19:47:34] WARNING: Collection complete!
[2025-05-18 19:47:34] WARNING: - 0 trust assignments processed
[2025-05-18 19:47:34] WARNING: - 2 users in trust network
[2025-05-18 19:47:34] WARNING: - 31 total trust relationships
[2025-05-18 19:57:33] WARNING: === Starting Twitter Trust System Collection ===
[2025-05-18 19:57:33] WARNING: Will collect tweets until reaching previous timestamp: 2025-05-12 06:54:05+00:00
[2025-05-18 19:57:33] WARNING: Retrieving page 1...
[2025-05-18 19:57:35] WARNING: Newest tweet is from: 2025-05-12 06:54:05+00:00
[2025-05-18 19:57:35] WARNING: Reached stop point at tweet from 2025-05-12 06:54:05+00:00
[2025-05-18 19:57:35] WARNING: Retrieved 0 new tweets on page 1
[2025-05-18 19:57:35] WARNING: Stopping pagination as we've reached the stop point
[2025-05-18 19:57:35] WARNING: Retrieved a total of 0 tweets across 1 pages
[2025-05-18 19:57:35] WARNING: No new tweets found with trust commands. Exiting without error.
[2025-05-18 19:57:35] WARNING: Collection complete!
[2025-05-18 19:57:35] WARNING: - 0 trust assignments processed
[2025-05-18 19:57:35] WARNING: - 2 users in trust network
[2025-05-18 19:57:35] WARNING: - 31 total trust relationships
[2025-05-18 20:07:33] WARNING: === Starting Twitter Trust System Collection ===
[2025-05-18 20:07:33] WARNING: Will collect tweets until reaching previous timestamp: 2025-05-12 06:54:05+00:00
[2025-05-18 20:07:33] WARNING: Retrieving page 1...
[2025-05-18 20:07:34] WARNING: Newest tweet is from: 2025-05-12 06:54:05+00:00
[2025-05-18 20:07:34] WARNING: Reached stop point at tweet from 2025-05-12 06:54:05+00:00
[2025-05-18 20:07:34] WARNING: Retrieved 0 new tweets on page 1
[2025-05-18 20:07:34] WARNING: Stopping pagination as we've reached the stop point
[2025-05-18 20:07:34] WARNING: Retrieved a total of 0 tweets across 1 pages
[2025-05-18 20:07:34] WARNING: No new tweets found with trust commands. Exiting without error.
[2025-05-18 20:07:34] WARNING: Collection complete!
[2025-05-18 20:07:34] WARNING: - 0 trust assignments processed
[2025-05-18 20:07:34] WARNING: - 2 users in trust network
[2025-05-18 20:07:34] WARNING: - 31 total trust relationships
[2025-05-18 20:17:33] WARNING: === Starting Twitter Trust System Collection ===
[2025-05-18 20:17:33] WARNING: Will collect tweets until reaching previous timestamp: 2025-05-12 06:54:05+00:00
[2025-05-18 20:17:33] WARNING: Retrieving page 1...
[2025-05-18 20:17:35] WARNING: Newest tweet is from: 2025-05-12 06:54:05+00:00
[2025-05-18 20:17:35] WARNING: Reached stop point at tweet from 2025-05-12 06:54:05+00:00
[2025-05-18 20:17:35] WARNING: Retrieved 0 new tweets on page 1
[2025-05-18 20:17:35] WARNING: Stopping pagination as we've reached the stop point
[2025-05-18 20:17:35] WARNING: Retrieved a total of 0 tweets across 1 pages
[2025-05-18 20:17:35] WARNING: No new tweets found with trust commands. Exiting without error.
[2025-05-18 20:17:35] WARNING: Collection complete!
[2025-05-18 20:17:35] WARNING: - 0 trust assignments processed
[2025-05-18 20:17:35] WARNING: - 2 users in trust network
[2025-05-18 20:17:35] WARNING: - 31 total trust relationships
[2025-05-18 20:27:33] WARNING: === Starting Twitter Trust System Collection ===
[2025-05-18 20:27:33] WARNING: Will collect tweets until reaching previous timestamp: 2025-05-12 06:54:05+00:00
[2025-05-18 20:27:33] WARNING: Retrieving page 1...
[2025-05-18 20:27:47] WARNING: Newest tweet is from: 2025-05-12 06:54:05+00:00
[2025-05-18 20:27:47] WARNING: Reached stop point at tweet from 2025-05-12 06:54:05+00:00
[2025-05-18 20:27:47] WARNING: Retrieved 0 new tweets on page 1
[2025-05-18 20:27:47] WARNING: Stopping pagination as we've reached the stop point
[2025-05-18 20:27:47] WARNING: Retrieved a total of 0 tweets across 1 pages
[2025-05-18 20:27:47] WARNING: No new tweets found with trust commands. Exiting without error.
[2025-05-18 20:27:47] WARNING: Collection complete!
[2025-05-18 20:27:47] WARNING: - 0 trust assignments processed
[2025-05-18 20:27:47] WARNING: - 2 users in trust network
[2025-05-18 20:27:47] WARNING: - 31 total trust relationships
[2025-05-18 20:37:38] WARNING: === Starting Twitter Trust System Collection ===
[2025-05-18 20:37:38] WARNING: Will collect tweets until reaching previous timestamp: 2025-05-12 06:54:05+00:00
[2025-05-18 20:37:38] WARNING: Retrieving page 1...
[2025-05-18 20:37:51] WARNING: Newest tweet is from: 2025-05-12 06:54:05+00:00
[2025-05-18 20:37:51] WARNING: Reached stop point at tweet from 2025-05-12 06:54:05+00:00
[2025-05-18 20:37:51] WARNING: Retrieved 0 new tweets on page 1
[2025-05-18 20:37:51] WARNING: Stopping pagination as we've reached the stop point
[2025-05-18 20:37:51] WARNING: Retrieved a total of 0 tweets across 1 pages
[2025-05-18 20:37:51] WARNING: No new tweets found with trust commands. Exiting without error.
[2025-05-18 20:37:51] WARNING: Collection complete!
[2025-05-18 20:37:51] WARNING: - 0 trust assignments processed
[2025-05-18 20:37:51] WARNING: - 2 users in trust network
[2025-05-18 20:37:51] WARNING: - 31 total trust relationships
[2025-05-18 20:47:33] WARNING: === Starting Twitter Trust System Collection ===
[2025-05-18 20:47:33] WARNING: Will collect tweets until reaching previous timestamp: 2025-05-12 06:54:05+00:00
[2025-05-18 20:47:33] WARNING: Retrieving page 1...
[2025-05-18 20:47:40] WARNING: Newest tweet is from: 2025-05-12 06:54:05+00:00
[2025-05-18 20:47:40] WARNING: Reached stop point at tweet from 2025-05-12 06:54:05+00:00
[2025-05-18 20:47:40] WARNING: Retrieved 0 new tweets on page 1
[2025-05-18 20:47:40] WARNING: Stopping pagination as we've reached the stop point
[2025-05-18 20:47:40] WARNING: Retrieved a total of 0 tweets across 1 pages
[2025-05-18 20:47:40] WARNING: No new tweets found with trust commands. Exiting without error.
[2025-05-18 20:47:40] WARNING: Collection complete!
[2025-05-18 20:47:40] WARNING: - 0 trust assignments processed
[2025-05-18 20:47:40] WARNING: - 2 users in trust network
[2025-05-18 20:47:40] WARNING: - 31 total trust relationships
[2025-05-18 20:57:33] WARNING: === Starting Twitter Trust System Collection ===
[2025-05-18 20:57:33] WARNING: Will collect tweets until reaching previous timestamp: 2025-05-12 06:54:05+00:00
[2025-05-18 20:57:33] WARNING: Retrieving page 1...
[2025-05-18 20:57:54] WARNING: Newest tweet is from: 2025-05-12 06:54:05+00:00
[2025-05-18 20:57:54] WARNING: Reached stop point at tweet from 2025-05-12 06:54:05+00:00
[2025-05-18 20:57:54] WARNING: Retrieved 0 new tweets on page 1
[2025-05-18 20:57:54] WARNING: Stopping pagination as we've reached the stop point
[2025-05-18 20:57:54] WARNING: Retrieved a total of 0 tweets across 1 pages
[2025-05-18 20:57:54] WARNING: No new tweets found with trust commands. Exiting without error.
[2025-05-18 20:57:54] WARNING: Collection complete!
[2025-05-18 20:57:54] WARNING: - 0 trust assignments processed
[2025-05-18 20:57:54] WARNING: - 2 users in trust network
[2025-05-18 20:57:54] WARNING: - 31 total trust relationships
[2025-05-18 21:07:33] WARNING: === Starting Twitter Trust System Collection ===
[2025-05-18 21:07:33] WARNING: Will collect tweets until reaching previous timestamp: 2025-05-12 06:54:05+00:00
[2025-05-18 21:07:33] WARNING: Retrieving page 1...
[2025-05-18 21:07:54] WARNING: Error retrieving page 1: Expecting value: line 1 column 1 (char 0)
[2025-05-18 21:07:54] WARNING: Retrieved a total of 0 tweets across 1 pages
[2025-05-18 21:07:54] WARNING: No new tweets found with trust commands. Exiting without error.
[2025-05-18 21:07:54] WARNING: Collection complete!
[2025-05-18 21:07:54] WARNING: - 0 trust assignments processed
[2025-05-18 21:07:54] WARNING: - 2 users in trust network
[2025-05-18 21:07:54] WARNING: - 31 total trust relationships
[2025-05-18 21:17:33] WARNING: === Starting Twitter Trust System Collection ===
[2025-05-18 21:17:33] WARNING: Will collect tweets until reaching previous timestamp: 2025-05-12 06:54:05+00:00
[2025-05-18 21:17:33] WARNING: Retrieving page 1...
[2025-05-18 21:17:36] WARNING: Newest tweet is from: 2025-05-12 06:54:05+00:00
[2025-05-18 21:17:36] WARNING: Reached stop point at tweet from 2025-05-12 06:54:05+00:00
[2025-05-18 21:17:36] WARNING: Retrieved 0 new tweets on page 1
[2025-05-18 21:17:36] WARNING: Stopping pagination as we've reached the stop point
[2025-05-18 21:17:36] WARNING: Retrieved a total of 0 tweets across 1 pages
[2025-05-18 21:17:36] WARNING: No new tweets found with trust commands. Exiting without error.
[2025-05-18 21:17:36] WARNING: Collection complete!
[2025-05-18 21:17:36] WARNING: - 0 trust assignments processed
[2025-05-18 21:17:36] WARNING: - 2 users in trust network
[2025-05-18 21:17:36] WARNING: - 31 total trust relationships
[2025-05-18 21:27:33] WARNING: === Starting Twitter Trust System Collection ===
[2025-05-18 21:27:33] WARNING: Will collect tweets until reaching previous timestamp: 2025-05-12 06:54:05+00:00
[2025-05-18 21:27:33] WARNING: Retrieving page 1...
[2025-05-18 21:27:54] WARNING: Error retrieving page 1: Expecting value: line 1 column 1 (char 0)
[2025-05-18 21:27:54] WARNING: Retrieved a total of 0 tweets across 1 pages
[2025-05-18 21:27:54] WARNING: No new tweets found with trust commands. Exiting without error.
[2025-05-18 21:27:54] WARNING: Collection complete!
[2025-05-18 21:27:54] WARNING: - 0 trust assignments processed
[2025-05-18 21:27:54] WARNING: - 2 users in trust network
[2025-05-18 21:27:54] WARNING: - 31 total trust relationships
[2025-05-18 21:37:33] WARNING: === Starting Twitter Trust System Collection ===
[2025-05-18 21:37:33] WARNING: Will collect tweets until reaching previous timestamp: 2025-05-12 06:54:05+00:00
[2025-05-18 21:37:33] WARNING: Retrieving page 1...
[2025-05-18 21:37:54] WARNING: Error retrieving page 1: Expecting value: line 1 column 1 (char 0)
[2025-05-18 21:37:54] WARNING: Retrieved a total of 0 tweets across 1 pages
[2025-05-18 21:37:54] WARNING: No new tweets found with trust commands. Exiting without error.
[2025-05-18 21:37:54] WARNING: Collection complete!
[2025-05-18 21:37:54] WARNING: - 0 trust assignments processed
[2025-05-18 21:37:54] WARNING: - 2 users in trust network
[2025-05-18 21:37:54] WARNING: - 31 total trust relationships
[2025-05-18 21:47:33] WARNING: === Starting Twitter Trust System Collection ===
[2025-05-18 21:47:33] WARNING: Will collect tweets until reaching previous timestamp: 2025-05-12 06:54:05+00:00
[2025-05-18 21:47:33] WARNING: Retrieving page 1...
[2025-05-18 21:47:55] WARNING: Error retrieving page 1: Expecting value: line 1 column 1 (char 0)
[2025-05-18 21:47:55] WARNING: Retrieved a total of 0 tweets across 1 pages
[2025-05-18 21:47:55] WARNING: No new tweets found with trust commands. Exiting without error.
[2025-05-18 21:47:55] WARNING: Collection complete!
[2025-05-18 21:47:55] WARNING: - 0 trust assignments processed
[2025-05-18 21:47:55] WARNING: - 2 users in trust network
[2025-05-18 21:47:55] WARNING: - 31 total trust relationships
[2025-05-18 21:57:33] WARNING: === Starting Twitter Trust System Collection ===
[2025-05-18 21:57:33] WARNING: Will collect tweets until reaching previous timestamp: 2025-05-12 06:54:05+00:00
[2025-05-18 21:57:33] WARNING: Retrieving page 1...
[2025-05-18 21:57:54] WARNING: Error retrieving page 1: Expecting value: line 1 column 1 (char 0)
[2025-05-18 21:57:54] WARNING: Retrieved a total of 0 tweets across 1 pages
[2025-05-18 21:57:54] WARNING: No new tweets found with trust commands. Exiting without error.
[2025-05-18 21:57:54] WARNING: Collection complete!
[2025-05-18 21:57:54] WARNING: - 0 trust assignments processed
[2025-05-18 21:57:54] WARNING: - 2 users in trust network
[2025-05-18 21:57:54] WARNING: - 31 total trust relationships
[2025-05-18 22:07:33] WARNING: === Starting Twitter Trust System Collection ===
[2025-05-18 22:07:33] WARNING: Will collect tweets until reaching previous timestamp: 2025-05-12 06:54:05+00:00
[2025-05-18 22:07:33] WARNING: Retrieving page 1...
[2025-05-18 22:07:54] WARNING: Error retrieving page 1: Expecting value: line 1 column 1 (char 0)
[2025-05-18 22:07:54] WARNING: Retrieved a total of 0 tweets across 1 pages
[2025-05-18 22:07:54] WARNING: No new tweets found with trust commands. Exiting without error.
[2025-05-18 22:07:54] WARNING: Collection complete!
[2025-05-18 22:07:54] WARNING: - 0 trust assignments processed
[2025-05-18 22:07:54] WARNING: - 2 users in trust network
[2025-05-18 22:07:54] WARNING: - 31 total trust relationships
[2025-05-18 22:17:33] WARNING: === Starting Twitter Trust System Collection ===
[2025-05-18 22:17:33] WARNING: Will collect tweets until reaching previous timestamp: 2025-05-12 06:54:05+00:00
[2025-05-18 22:17:33] WARNING: Retrieving page 1...
[2025-05-18 22:17:44] WARNING: Error retrieving page 1: Expecting value: line 1 column 1 (char 0)
[2025-05-18 22:17:44] WARNING: Retrieved a total of 0 tweets across 1 pages
[2025-05-18 22:17:44] WARNING: No new tweets found with trust commands. Exiting without error.
[2025-05-18 22:17:44] WARNING: Collection complete!
[2025-05-18 22:17:44] WARNING: - 0 trust assignments processed
[2025-05-18 22:17:44] WARNING: - 2 users in trust network
[2025-05-18 22:17:44] WARNING: - 31 total trust relationships
[2025-05-18 22:27:33] WARNING: === Starting Twitter Trust System Collection ===
[2025-05-18 22:27:33] WARNING: Will collect tweets until reaching previous timestamp: 2025-05-12 06:54:05+00:00
[2025-05-18 22:27:33] WARNING: Retrieving page 1...
[2025-05-18 22:27:47] WARNING: Error retrieving page 1: Expecting value: line 1 column 1 (char 0)
[2025-05-18 22:27:47] WARNING: Retrieved a total of 0 tweets across 1 pages
[2025-05-18 22:27:47] WARNING: No new tweets found with trust commands. Exiting without error.
[2025-05-18 22:27:47] WARNING: Collection complete!
[2025-05-18 22:27:47] WARNING: - 0 trust assignments processed
[2025-05-18 22:27:47] WARNING: - 2 users in trust network
[2025-05-18 22:27:47] WARNING: - 31 total trust relationships
[2025-05-18 22:37:33] WARNING: === Starting Twitter Trust System Collection ===
[2025-05-18 22:37:33] WARNING: Will collect tweets until reaching previous timestamp: 2025-05-12 06:54:05+00:00
[2025-05-18 22:37:33] WARNING: Retrieving page 1...
[2025-05-18 22:37:54] WARNING: Error retrieving page 1: Expecting value: line 1 column 1 (char 0)
[2025-05-18 22:37:54] WARNING: Retrieved a total of 0 tweets across 1 pages
[2025-05-18 22:37:54] WARNING: No new tweets found with trust commands. Exiting without error.
[2025-05-18 22:37:54] WARNING: Collection complete!
[2025-05-18 22:37:54] WARNING: - 0 trust assignments processed
[2025-05-18 22:37:54] WARNING: - 2 users in trust network
[2025-05-18 22:37:54] WARNING: - 31 total trust relationships
[2025-05-18 22:47:33] WARNING: === Starting Twitter Trust System Collection ===
[2025-05-18 22:47:33] WARNING: Will collect tweets until reaching previous timestamp: 2025-05-12 06:54:05+00:00
[2025-05-18 22:47:33] WARNING: Retrieving page 1...
[2025-05-18 22:47:54] WARNING: Error retrieving page 1: Expecting value: line 1 column 1 (char 0)
[2025-05-18 22:47:54] WARNING: Retrieved a total of 0 tweets across 1 pages
[2025-05-18 22:47:54] WARNING: No new tweets found with trust commands. Exiting without error.
[2025-05-18 22:47:54] WARNING: Collection complete!
[2025-05-18 22:47:54] WARNING: - 0 trust assignments processed
[2025-05-18 22:47:54] WARNING: - 2 users in trust network
[2025-05-18 22:47:54] WARNING: - 31 total trust relationships
[2025-05-18 22:57:33] WARNING: === Starting Twitter Trust System Collection ===
[2025-05-18 22:57:33] WARNING: Will collect tweets until reaching previous timestamp: 2025-05-12 06:54:05+00:00
[2025-05-18 22:57:33] WARNING: Retrieving page 1...
[2025-05-18 22:57:37] WARNING: Newest tweet is from: 2025-05-12 06:54:05+00:00
[2025-05-18 22:57:37] WARNING: Reached stop point at tweet from 2025-05-12 06:54:05+00:00
[2025-05-18 22:57:37] WARNING: Retrieved 0 new tweets on page 1
[2025-05-18 22:57:37] WARNING: Stopping pagination as we've reached the stop point
[2025-05-18 22:57:37] WARNING: Retrieved a total of 0 tweets across 1 pages
[2025-05-18 22:57:37] WARNING: No new tweets found with trust commands. Exiting without error.
[2025-05-18 22:57:37] WARNING: Collection complete!
[2025-05-18 22:57:37] WARNING: - 0 trust assignments processed
[2025-05-18 22:57:37] WARNING: - 2 users in trust network
[2025-05-18 22:57:37] WARNING: - 31 total trust relationships
[2025-05-18 23:07:34] WARNING: === Starting Twitter Trust System Collection ===
[2025-05-18 23:07:34] WARNING: Will collect tweets until reaching previous timestamp: 2025-05-12 06:54:05+00:00
[2025-05-18 23:07:34] WARNING: Retrieving page 1...
[2025-05-18 23:07:48] WARNING: Newest tweet is from: 2025-05-12 06:54:05+00:00
[2025-05-18 23:07:48] WARNING: Reached stop point at tweet from 2025-05-12 06:54:05+00:00
[2025-05-18 23:07:48] WARNING: Retrieved 0 new tweets on page 1
[2025-05-18 23:07:48] WARNING: Stopping pagination as we've reached the stop point
[2025-05-18 23:07:48] WARNING: Retrieved a total of 0 tweets across 1 pages
[2025-05-18 23:07:48] WARNING: No new tweets found with trust commands. Exiting without error.
[2025-05-18 23:07:48] WARNING: Collection complete!
[2025-05-18 23:07:48] WARNING: - 0 trust assignments processed
[2025-05-18 23:07:48] WARNING: - 2 users in trust network
[2025-05-18 23:07:48] WARNING: - 31 total trust relationships
[2025-05-18 23:07:48] Calculating trust scores from collected data...
[2025-05-18 21:57:57] INFO: Community Community A (18 members): AskaPol_UAPs, ChrisUKSharp, DanHaug6, Eyes_OnTheSkies, FettucineSplit, GoodTroubleShow, Halsrethink, JeremyCorbell, JonMajerowski, LueElizondo, PTHellyer, SnakePo9, TheOfficialQF, g_knapp, jamescfox, jayanderson, rosscoulthart, ufobeliever1947
[2025-05-18 21:57:57] INFO: Community Community B (7 members): MiddleofMayhem, OSIRISUAP, ShipsSmall, cosmic_surplus, likeitmatters3, susangerbic, ufoskeptic1968
[2025-05-18 21:57:57] INFO: Community analysis written to community_analysis.txt
[2025-05-18 21:57:57] WARNING: Generating trust network visualization...
[2025-05-18 21:57:58] WARNING: Network visualization saved to visualization/trust_network.png
[2025-05-18 21:57:58] WARNING: Creating JSON data structure...
[2025-05-18 21:57:58] WARNING: Successfully generated js/data.js with:
[2025-05-18 21:57:58] WARNING: - 25 users
[2025-05-18 21:57:58] WARNING: - 31 trust relationships
[2025-05-18 21:57:58] WARNING: - 2 communities
[2025-05-18 21:57:58] WARNING: Trust calculation completed successfully.
[2025-05-18 22:07:57] WARNING: === Starting Trust Score Calculation ===
[2025-05-18 22:07:57] WARNING: Starting trust score calculation...
[2025-05-18 22:07:57] WARNING: Found 25 users in the trust network
[2025-05-18 22:07:57] WARNING: Building trust network graph...
[2025-05-18 22:07:57] WARNING: Calculating PageRank scores...
[2025-05-18 22:07:57] WARNING: Applying distrust penalties...
[2025-05-18 22:07:57] WARNING: Detecting communities...
[2025-05-18 22:07:57] WARNING: Found 8 isolated nodes to assign to communities
[2025-05-18 22:07:57] WARNING: Assigned isolated node Eyes_OnTheSkies to community 1 based on structural balance theory
[2025-05-18 22:07:57] WARNING: Assigned isolated node FettucineSplit to community 1 based on structural balance theory
[2025-05-18 22:07:57] WARNING: Assigned isolated node JonMajerowski to community 1 based on structural balance theory
[2025-05-18 22:07:57] WARNING: Assigned isolated node MiddleofMayhem to community 2 based on structural balance theory
[2025-05-18 22:07:57] WARNING: Assigned isolated node PTHellyer to community 1 based on structural balance theory
[2025-05-18 22:07:57] WARNING: Assigned isolated node SnakePo9 to community 1 based on structural balance theory
[2025-05-18 22:07:57] WARNING: Assigned isolated node jamescfox to community 1 based on structural balance theory
[2025-05-18 22:07:57] WARNING: Assigned isolated node likeitmatters3 to community 2 based on structural balance theory
[2025-05-18 22:07:57] INFO: Analyzing community composition...
[2025-05-18 22:07:57] INFO: Community Community A (18 members): AskaPol_UAPs, ChrisUKSharp, DanHaug6, Eyes_OnTheSkies, FettucineSplit, GoodTroubleShow, Halsrethink, JeremyCorbell, JonMajerowski, LueElizondo, PTHellyer, SnakePo9, TheOfficialQF, g_knapp, jamescfox, jayanderson, rosscoulthart, ufobeliever1947
[2025-05-18 22:07:57] INFO: Community Community B (7 members): MiddleofMayhem, OSIRISUAP, ShipsSmall, cosmic_surplus, likeitmatters3, susangerbic, ufoskeptic1968
[2025-05-18 22:07:57] INFO: Community analysis written to community_analysis.txt
[2025-05-18 22:07:57] WARNING: Generating trust network visualization...
[2025-05-18 22:07:58] WARNING: Network visualization saved to visualization/trust_network.png
[2025-05-18 22:07:58] WARNING: Creating JSON data structure...
[2025-05-18 22:07:58] WARNING: Successfully generated js/data.js with:
[2025-05-18 22:07:58] WARNING: - 25 users
[2025-05-18 22:07:58] WARNING: - 31 trust relationships
[2025-05-18 22:07:58] WARNING: - 2 communities
[2025-05-18 22:07:58] WARNING: Trust calculation completed successfully.
[2025-05-18 22:17:47] WARNING: === Starting Trust Score Calculation ===
[2025-05-18 22:17:47] WARNING: Starting trust score calculation...
[2025-05-18 22:17:47] WARNING: Found 25 users in the trust network
[2025-05-18 22:17:47] WARNING: Building trust network graph...
[2025-05-18 22:17:47] WARNING: Calculating PageRank scores...
[2025-05-18 22:17:47] WARNING: Applying distrust penalties...
[2025-05-18 22:17:47] WARNING: Detecting communities...
[2025-05-18 22:17:47] WARNING: Found 8 isolated nodes to assign to communities
[2025-05-18 22:17:47] WARNING: Assigned isolated node Eyes_OnTheSkies to community 1 based on structural balance theory
[2025-05-18 22:17:47] WARNING: Assigned isolated node FettucineSplit to community 1 based on structural balance theory
[2025-05-18 22:17:47] WARNING: Assigned isolated node JonMajerowski to community 1 based on structural balance theory
[2025-05-18 22:17:47] WARNING: Assigned isolated node MiddleofMayhem to community 2 based on structural balance theory
[2025-05-18 22:17:47] WARNING: Assigned isolated node PTHellyer to community 1 based on structural balance theory
[2025-05-18 22:17:47] WARNING: Assigned isolated node SnakePo9 to community 1 based on structural balance theory
[2025-05-18 22:17:47] WARNING: Assigned isolated node jamescfox to community 1 based on structural balance theory
[2025-05-18 22:17:47] WARNING: Assigned isolated node likeitmatters3 to community 2 based on structural balance theory
[2025-05-18 22:17:47] INFO: Analyzing community composition...
[2025-05-18 22:17:47] INFO: Community Community A (18 members): AskaPol_UAPs, ChrisUKSharp, DanHaug6, Eyes_OnTheSkies, FettucineSplit, GoodTroubleShow, Halsrethink, JeremyCorbell, JonMajerowski, LueElizondo, PTHellyer, SnakePo9, TheOfficialQF, g_knapp, jamescfox, jayanderson, rosscoulthart, ufobeliever1947
[2025-05-18 22:17:47] INFO: Community Community B (7 members): MiddleofMayhem, OSIRISUAP, ShipsSmall, cosmic_surplus, likeitmatters3, susangerbic, ufoskeptic1968
[2025-05-18 22:17:47] INFO: Community analysis written to community_analysis.txt
[2025-05-18 22:17:47] WARNING: Generating trust network visualization...
[2025-05-18 22:17:48] WARNING: Network visualization saved to visualization/trust_network.png
[2025-05-18 22:17:48] WARNING: Creating JSON data structure...
[2025-05-18 22:17:48] WARNING: Successfully generated js/data.js with:
[2025-05-18 22:17:48] WARNING: - 25 users
[2025-05-18 22:17:48] WARNING: - 31 trust relationships
[2025-05-18 22:17:48] WARNING: - 2 communities
[2025-05-18 22:17:48] WARNING: Trust calculation completed successfully.
[2025-05-18 22:27:50] WARNING: === Starting Trust Score Calculation ===
[2025-05-18 22:27:50] WARNING: Starting trust score calculation...
[2025-05-18 22:27:50] WARNING: Found 25 users in the trust network
[2025-05-18 22:27:50] WARNING: Building trust network graph...
[2025-05-18 22:27:50] WARNING: Calculating PageRank scores...
[2025-05-18 22:27:50] WARNING: Applying distrust penalties...
[2025-05-18 22:27:50] WARNING: Detecting communities...
[2025-05-18 22:27:50] WARNING: Found 8 isolated nodes to assign to communities
[2025-05-18 22:27:50] WARNING: Assigned isolated node Eyes_OnTheSkies to community 1 based on structural balance theory
[2025-05-18 22:27:50] WARNING: Assigned isolated node FettucineSplit to community 1 based on structural balance theory
[2025-05-18 22:27:50] WARNING: Assigned isolated node JonMajerowski to community 1 based on structural balance theory
[2025-05-18 22:27:50] WARNING: Assigned isolated node MiddleofMayhem to community 2 based on structural balance theory
[2025-05-18 22:27:50] WARNING: Assigned isolated node PTHellyer to community 1 based on structural balance theory
[2025-05-18 22:27:50] WARNING: Assigned isolated node SnakePo9 to community 1 based on structural balance theory
[2025-05-18 22:27:50] WARNING: Assigned isolated node jamescfox to community 1 based on structural balance theory
[2025-05-18 22:27:50] WARNING: Assigned isolated node likeitmatters3 to community 2 based on structural balance theory
[2025-05-18 22:27:50] INFO: Analyzing community composition...
[2025-05-18 22:27:50] INFO: Community Community A (18 members): AskaPol_UAPs, ChrisUKSharp, DanHaug6, Eyes_OnTheSkies, FettucineSplit, GoodTroubleShow, Halsrethink, JeremyCorbell, JonMajerowski, LueElizondo, PTHellyer, SnakePo9, TheOfficialQF, g_knapp, jamescfox, jayanderson, rosscoulthart, ufobeliever1947
[2025-05-18 22:27:50] INFO: Community Community B (7 members): MiddleofMayhem, OSIRISUAP, ShipsSmall, cosmic_surplus, likeitmatters3, susangerbic, ufoskeptic1968
[2025-05-18 22:27:50] INFO: Community analysis written to community_analysis.txt
[2025-05-18 22:27:50] WARNING: Generating trust network visualization...
[2025-05-18 22:27:51] WARNING: Network visualization saved to visualization/trust_network.png
[2025-05-18 22:27:51] WARNING: Creating JSON data structure...
[2025-05-18 22:27:51] WARNING: Successfully generated js/data.js with:
[2025-05-18 22:27:51] WARNING: - 25 users
[2025-05-18 22:27:51] WARNING: - 31 trust relationships
[2025-05-18 22:27:51] WARNING: - 2 communities
[2025-05-18 22:27:51] WARNING: Trust calculation completed successfully.
[2025-05-18 22:37:57] WARNING: === Starting Trust Score Calculation ===
[2025-05-18 22:37:57] WARNING: Starting trust score calculation...
[2025-05-18 22:37:57] WARNING: Found 25 users in the trust network
[2025-05-18 22:37:57] WARNING: Building trust network graph...
[2025-05-18 22:37:57] WARNING: Calculating PageRank scores...
[2025-05-18 22:37:57] WARNING: Applying distrust penalties...
[2025-05-18 22:37:57] WARNING: Detecting communities...
[2025-05-18 22:37:57] WARNING: Found 8 isolated nodes to assign to communities
[2025-05-18 22:37:57] WARNING: Assigned isolated node Eyes_OnTheSkies to community 1 based on structural balance theory
[2025-05-18 22:37:57] WARNING: Assigned isolated node FettucineSplit to community 1 based on structural balance theory
[2025-05-18 22:37:57] WARNING: Assigned isolated node JonMajerowski to community 1 based on structural balance theory
[2025-05-18 22:37:57] WARNING: Assigned isolated node MiddleofMayhem to community 2 based on structural balance theory
[2025-05-18 22:37:57] WARNING: Assigned isolated node PTHellyer to community 1 based on structural balance theory
[2025-05-18 22:37:57] WARNING: Assigned isolated node SnakePo9 to community 1 based on structural balance theory
[2025-05-18 22:37:57] WARNING: Assigned isolated node jamescfox to community 1 based on structural balance theory
[2025-05-18 22:37:57] WARNING: Assigned isolated node likeitmatters3 to community 2 based on structural balance theory
[2025-05-18 22:37:57] INFO: Analyzing community composition...
[2025-05-18 22:37:57] INFO: Community Community A (18 members): AskaPol_UAPs, ChrisUKSharp, DanHaug6, Eyes_OnTheSkies, FettucineSplit, GoodTroubleShow, Halsrethink, JeremyCorbell, JonMajerowski, LueElizondo, PTHellyer, SnakePo9, TheOfficialQF, g_knapp, jamescfox, jayanderson, rosscoulthart, ufobeliever1947
[2025-05-18 22:37:57] INFO: Community Community B (7 members): MiddleofMayhem, OSIRISUAP, ShipsSmall, cosmic_surplus, likeitmatters3, susangerbic, ufoskeptic1968
[2025-05-18 22:37:57] INFO: Community analysis written to community_analysis.txt
[2025-05-18 22:37:57] WARNING: Generating trust network visualization...
[2025-05-18 22:37:58] WARNING: Network visualization saved to visualization/trust_network.png
[2025-05-18 22:37:58] WARNING: Creating JSON data structure...
[2025-05-18 22:37:58] WARNING: Successfully generated js/data.js with:
[2025-05-18 22:37:58] WARNING: - 25 users
[2025-05-18 22:37:58] WARNING: - 31 trust relationships
[2025-05-18 22:37:58] WARNING: - 2 communities
[2025-05-18 22:37:58] WARNING: Trust calculation completed successfully.
[2025-05-18 22:47:57] WARNING: === Starting Trust Score Calculation ===
[2025-05-18 22:47:57] WARNING: Starting trust score calculation...
[2025-05-18 22:47:57] WARNING: Found 25 users in the trust network
[2025-05-18 22:47:57] WARNING: Building trust network graph...
[2025-05-18 22:47:57] WARNING: Calculating PageRank scores...
[2025-05-18 22:47:57] WARNING: Applying distrust penalties...
[2025-05-18 22:47:57] WARNING: Detecting communities...
[2025-05-18 22:47:57] WARNING: Found 8 isolated nodes to assign to communities
[2025-05-18 22:47:57] WARNING: Assigned isolated node Eyes_OnTheSkies to community 1 based on structural balance theory
[2025-05-18 22:47:57] WARNING: Assigned isolated node FettucineSplit to community 1 based on structural balance theory
[2025-05-18 22:47:57] WARNING: Assigned isolated node JonMajerowski to community 1 based on structural balance theory
[2025-05-18 22:47:57] WARNING: Assigned isolated node MiddleofMayhem to community 2 based on structural balance theory
[2025-05-18 22:47:57] WARNING: Assigned isolated node PTHellyer to community 1 based on structural balance theory
[2025-05-18 22:47:57] WARNING: Assigned isolated node SnakePo9 to community 1 based on structural balance theory
[2025-05-18 22:47:57] WARNING: Assigned isolated node jamescfox to community 1 based on structural balance theory
[2025-05-18 22:47:57] WARNING: Assigned isolated node likeitmatters3 to community 2 based on structural balance theory
[2025-05-18 22:47:57] INFO: Analyzing community composition...
[2025-05-18 22:47:57] INFO: Community Community A (18 members): AskaPol_UAPs, ChrisUKSharp, DanHaug6, Eyes_OnTheSkies, FettucineSplit, GoodTroubleShow, Halsrethink, JeremyCorbell, JonMajerowski, LueElizondo, PTHellyer, SnakePo9, TheOfficialQF, g_knapp, jamescfox, jayanderson, rosscoulthart, ufobeliever1947
[2025-05-18 22:47:57] INFO: Community Community B (7 members): MiddleofMayhem, OSIRISUAP, ShipsSmall, cosmic_surplus, likeitmatters3, susangerbic, ufoskeptic1968
[2025-05-18 22:47:57] INFO: Community analysis written to community_analysis.txt
[2025-05-18 22:47:57] WARNING: Generating trust network visualization...
[2025-05-18 22:47:58] WARNING: Network visualization saved to visualization/trust_network.png
[2025-05-18 22:47:58] WARNING: Creating JSON data structure...
[2025-05-18 22:47:58] WARNING: Successfully generated js/data.js with:
[2025-05-18 22:47:58] WARNING: - 25 users
[2025-05-18 22:47:58] WARNING: - 31 trust relationships
[2025-05-18 22:47:58] WARNING: - 2 communities
[2025-05-18 22:47:58] WARNING: Trust calculation completed successfully.
[2025-05-18 22:57:41] WARNING: === Starting Trust Score Calculation ===
[2025-05-18 22:57:41] WARNING: Starting trust score calculation...
[2025-05-18 22:57:41] WARNING: Found 25 users in the trust network
[2025-05-18 22:57:41] WARNING: Building trust network graph...
[2025-05-18 22:57:41] WARNING: Calculating PageRank scores...
[2025-05-18 22:57:41] WARNING: Applying distrust penalties...
[2025-05-18 22:57:42] WARNING: Detecting communities...
[2025-05-18 22:57:42] WARNING: Found 8 isolated nodes to assign to communities
[2025-05-18 22:57:42] WARNING: Assigned isolated node Eyes_OnTheSkies to community 1 based on structural balance theory
[2025-05-18 22:57:42] WARNING: Assigned isolated node FettucineSplit to community 1 based on structural balance theory
[2025-05-18 22:57:42] WARNING: Assigned isolated node JonMajerowski to community 1 based on structural balance theory
[2025-05-18 22:57:42] WARNING: Assigned isolated node MiddleofMayhem to community 2 based on structural balance theory
[2025-05-18 22:57:42] WARNING: Assigned isolated node PTHellyer to community 1 based on structural balance theory
[2025-05-18 22:57:42] WARNING: Assigned isolated node SnakePo9 to community 1 based on structural balance theory
[2025-05-18 22:57:42] WARNING: Assigned isolated node jamescfox to community 1 based on structural balance theory
[2025-05-18 22:57:42] WARNING: Assigned isolated node likeitmatters3 to community 2 based on structural balance theory
[2025-05-18 22:57:42] INFO: Analyzing community composition...
[2025-05-18 22:57:42] INFO: Community Community A (18 members): AskaPol_UAPs, ChrisUKSharp, DanHaug6, Eyes_OnTheSkies, FettucineSplit, GoodTroubleShow, Halsrethink, JeremyCorbell, JonMajerowski, LueElizondo, PTHellyer, SnakePo9, TheOfficialQF, g_knapp, jamescfox, jayanderson, rosscoulthart, ufobeliever1947
[2025-05-18 22:57:42] INFO: Community Community B (7 members): MiddleofMayhem, OSIRISUAP, ShipsSmall, cosmic_surplus, likeitmatters3, susangerbic, ufoskeptic1968
[2025-05-18 22:57:42] INFO: Community analysis written to community_analysis.txt
[2025-05-18 22:57:42] WARNING: Generating trust network visualization...
[2025-05-18 22:57:43] WARNING: Network visualization saved to visualization/trust_network.png
[2025-05-18 22:57:43] WARNING: Creating JSON data structure...
[2025-05-18 22:57:43] WARNING: Successfully generated js/data.js with:
[2025-05-18 22:57:43] WARNING: - 25 users
[2025-05-18 22:57:43] WARNING: - 31 trust relationships
[2025-05-18 22:57:43] WARNING: - 2 communities
[2025-05-18 22:57:43] WARNING: Trust calculation completed successfully.
[2025-05-18 23:07:53] WARNING: === Starting Trust Score Calculation ===
[2025-05-18 23:07:53] WARNING: Starting trust score calculation...
[2025-05-18 23:07:53] WARNING: Found 25 users in the trust network
[2025-05-18 23:07:53] WARNING: Building trust network graph...
[2025-05-18 23:07:53] WARNING: Calculating PageRank scores...
[2025-05-18 23:07:53] WARNING: Applying distrust penalties...
[2025-05-18 23:07:53] WARNING: Detecting communities...
[2025-05-18 23:07:53] WARNING: Found 8 isolated nodes to assign to communities
[2025-05-18 23:07:53] WARNING: Assigned isolated node Eyes_OnTheSkies to community 1 based on structural balance theory
[2025-05-18 23:07:53] WARNING: Assigned isolated node FettucineSplit to community 1 based on structural balance theory
[2025-05-18 23:07:53] WARNING: Assigned isolated node JonMajerowski to community 1 based on structural balance theory
[2025-05-18 23:07:53] WARNING: Assigned isolated node MiddleofMayhem to community 2 based on structural balance theory
[2025-05-18 23:07:53] WARNING: Assigned isolated node PTHellyer to community 1 based on structural balance theory
[2025-05-18 23:07:53] WARNING: Assigned isolated node SnakePo9 to community 1 based on structural balance theory
[2025-05-18 23:07:53] WARNING: Assigned isolated node jamescfox to community 1 based on structural balance theory
[2025-05-18 23:07:53] WARNING: Assigned isolated node likeitmatters3 to community 2 based on structural balance theory
[2025-05-18 23:07:53] INFO: Analyzing community composition...
[2025-05-18 23:07:53] INFO: Community Community A (18 members): AskaPol_UAPs, ChrisUKSharp, DanHaug6, Eyes_OnTheSkies, FettucineSplit, GoodTroubleShow, Halsrethink, JeremyCorbell, JonMajerowski, LueElizondo, PTHellyer, SnakePo9, TheOfficialQF, g_knapp, jamescfox, jayanderson, rosscoulthart, ufobeliever1947
[2025-05-18 23:07:53] INFO: Community Community B (7 members): MiddleofMayhem, OSIRISUAP, ShipsSmall, cosmic_surplus, likeitmatters3, susangerbic, ufoskeptic1968
[2025-05-18 23:07:53] INFO: Community analysis written to community_analysis.txt
[2025-05-18 23:07:53] WARNING: Generating trust network visualization...
[2025-05-18 23:07:54] WARNING: Network visualization saved to visualization/trust_network.png
[2025-05-18 23:07:54] WARNING: Creating JSON data structure...
[2025-05-18 23:07:54] WARNING: Successfully generated js/data.js with:
[2025-05-18 23:07:54] WARNING: - 25 users
[2025-05-18 23:07:54] WARNING: - 31 trust relationships
[2025-05-18 23:07:54] WARNING: - 2 communities
[2025-05-18 23:07:54] WARNING: Trust calculation completed successfully.
[2025-05-18 23:07:54] Committing and pushing changes to GitHub...
