[2025-05-22 19:07:33] Starting Twitter Trust System update process...
[2025-05-22 19:07:33] Update frequency set to: 10 minutes
[2025-05-22 19:07:33] Collecting trust assignments from Twitter...
[2025-05-22 19:07:39] Warning: Trust assignments file not updated recently (last modified 05/11/2025 23:57:36)
[2025-05-22 15:37:36] WARNING: Reached stop point at tweet from 2025-05-12 06:54:05+00:00
[2025-05-22 15:37:36] WARNING: Retrieved 0 new tweets on page 1
[2025-05-22 15:37:36] WARNING: Stopping pagination as we've reached the stop point
[2025-05-22 15:37:36] WARNING: Retrieved a total of 0 tweets across 1 pages
[2025-05-22 15:37:36] WARNING: No new tweets found with trust commands. Exiting without error.
[2025-05-22 15:37:36] WARNING: Collection complete!
[2025-05-22 15:37:36] WARNING: - 0 trust assignments processed
[2025-05-22 15:37:36] WARNING: - 2 users in trust network
[2025-05-22 15:37:36] WARNING: - 31 total trust relationships
[2025-05-22 15:47:36] WARNING: === Starting Twitter Trust System Collection ===
[2025-05-22 15:47:36] WARNING: Will collect tweets until reaching previous timestamp: 2025-05-12 06:54:05+00:00
[2025-05-22 15:47:36] WARNING: Retrieving page 1...
[2025-05-22 15:47:38] WARNING: Newest tweet is from: 2025-05-12 06:54:05+00:00
[2025-05-22 15:47:38] WARNING: Reached stop point at tweet from 2025-05-12 06:54:05+00:00
[2025-05-22 15:47:38] WARNING: Retrieved 0 new tweets on page 1
[2025-05-22 15:47:38] WARNING: Stopping pagination as we've reached the stop point
[2025-05-22 15:47:38] WARNING: Retrieved a total of 0 tweets across 1 pages
[2025-05-22 15:47:38] WARNING: No new tweets found with trust commands. Exiting without error.
[2025-05-22 15:47:38] WARNING: Collection complete!
[2025-05-22 15:47:38] WARNING: - 0 trust assignments processed
[2025-05-22 15:47:38] WARNING: - 2 users in trust network
[2025-05-22 15:47:38] WARNING: - 31 total trust relationships
[2025-05-22 15:57:35] WARNING: === Starting Twitter Trust System Collection ===
[2025-05-22 15:57:35] WARNING: Will collect tweets until reaching previous timestamp: 2025-05-12 06:54:05+00:00
[2025-05-22 15:57:35] WARNING: Retrieving page 1...
[2025-05-22 15:57:37] WARNING: Newest tweet is from: 2025-05-12 06:54:05+00:00
[2025-05-22 15:57:37] WARNING: Reached stop point at tweet from 2025-05-12 06:54:05+00:00
[2025-05-22 15:57:37] WARNING: Retrieved 0 new tweets on page 1
[2025-05-22 15:57:37] WARNING: Stopping pagination as we've reached the stop point
[2025-05-22 15:57:37] WARNING: Retrieved a total of 0 tweets across 1 pages
[2025-05-22 15:57:37] WARNING: No new tweets found with trust commands. Exiting without error.
[2025-05-22 15:57:37] WARNING: Collection complete!
[2025-05-22 15:57:37] WARNING: - 0 trust assignments processed
[2025-05-22 15:57:37] WARNING: - 2 users in trust network
[2025-05-22 15:57:37] WARNING: - 31 total trust relationships
[2025-05-22 16:07:35] WARNING: === Starting Twitter Trust System Collection ===
[2025-05-22 16:07:35] WARNING: Will collect tweets until reaching previous timestamp: 2025-05-12 06:54:05+00:00
[2025-05-22 16:07:35] WARNING: Retrieving page 1...
[2025-05-22 16:07:37] WARNING: Newest tweet is from: 2025-05-12 06:54:05+00:00
[2025-05-22 16:07:37] WARNING: Reached stop point at tweet from 2025-05-12 06:54:05+00:00
[2025-05-22 16:07:37] WARNING: Retrieved 0 new tweets on page 1
[2025-05-22 16:07:37] WARNING: Stopping pagination as we've reached the stop point
[2025-05-22 16:07:37] WARNING: Retrieved a total of 0 tweets across 1 pages
[2025-05-22 16:07:37] WARNING: No new tweets found with trust commands. Exiting without error.
[2025-05-22 16:07:37] WARNING: Collection complete!
[2025-05-22 16:07:37] WARNING: - 0 trust assignments processed
[2025-05-22 16:07:37] WARNING: - 2 users in trust network
[2025-05-22 16:07:37] WARNING: - 31 total trust relationships
[2025-05-22 16:17:36] WARNING: === Starting Twitter Trust System Collection ===
[2025-05-22 16:17:36] WARNING: Will collect tweets until reaching previous timestamp: 2025-05-12 06:54:05+00:00
[2025-05-22 16:17:36] WARNING: Retrieving page 1...
[2025-05-22 16:17:38] WARNING: Newest tweet is from: 2025-05-12 06:54:05+00:00
[2025-05-22 16:17:38] WARNING: Reached stop point at tweet from 2025-05-12 06:54:05+00:00
[2025-05-22 16:17:38] WARNING: Retrieved 0 new tweets on page 1
[2025-05-22 16:17:38] WARNING: Stopping pagination as we've reached the stop point
[2025-05-22 16:17:38] WARNING: Retrieved a total of 0 tweets across 1 pages
[2025-05-22 16:17:38] WARNING: No new tweets found with trust commands. Exiting without error.
[2025-05-22 16:17:38] WARNING: Collection complete!
[2025-05-22 16:17:38] WARNING: - 0 trust assignments processed
[2025-05-22 16:17:38] WARNING: - 2 users in trust network
[2025-05-22 16:17:38] WARNING: - 31 total trust relationships
[2025-05-22 16:27:38] WARNING: === Starting Twitter Trust System Collection ===
[2025-05-22 16:27:38] WARNING: Will collect tweets until reaching previous timestamp: 2025-05-12 06:54:05+00:00
[2025-05-22 16:27:38] WARNING: Retrieving page 1...
[2025-05-22 16:27:40] WARNING: Newest tweet is from: 2025-05-12 06:54:05+00:00
[2025-05-22 16:27:40] WARNING: Reached stop point at tweet from 2025-05-12 06:54:05+00:00
[2025-05-22 16:27:40] WARNING: Retrieved 0 new tweets on page 1
[2025-05-22 16:27:40] WARNING: Stopping pagination as we've reached the stop point
[2025-05-22 16:27:40] WARNING: Retrieved a total of 0 tweets across 1 pages
[2025-05-22 16:27:40] WARNING: No new tweets found with trust commands. Exiting without error.
[2025-05-22 16:27:40] WARNING: Collection complete!
[2025-05-22 16:27:40] WARNING: - 0 trust assignments processed
[2025-05-22 16:27:40] WARNING: - 2 users in trust network
[2025-05-22 16:27:40] WARNING: - 31 total trust relationships
[2025-05-22 16:37:37] WARNING: === Starting Twitter Trust System Collection ===
[2025-05-22 16:37:37] WARNING: Will collect tweets until reaching previous timestamp: 2025-05-12 06:54:05+00:00
[2025-05-22 16:37:37] WARNING: Retrieving page 1...
[2025-05-22 16:37:39] WARNING: Newest tweet is from: 2025-05-12 06:54:05+00:00
[2025-05-22 16:37:39] WARNING: Reached stop point at tweet from 2025-05-12 06:54:05+00:00
[2025-05-22 16:37:39] WARNING: Retrieved 0 new tweets on page 1
[2025-05-22 16:37:39] WARNING: Stopping pagination as we've reached the stop point
[2025-05-22 16:37:39] WARNING: Retrieved a total of 0 tweets across 1 pages
[2025-05-22 16:37:39] WARNING: No new tweets found with trust commands. Exiting without error.
[2025-05-22 16:37:39] WARNING: Collection complete!
[2025-05-22 16:37:39] WARNING: - 0 trust assignments processed
[2025-05-22 16:37:39] WARNING: - 2 users in trust network
[2025-05-22 16:37:39] WARNING: - 31 total trust relationships
[2025-05-22 16:47:35] WARNING: === Starting Twitter Trust System Collection ===
[2025-05-22 16:47:35] WARNING: Will collect tweets until reaching previous timestamp: 2025-05-12 06:54:05+00:00
[2025-05-22 16:47:35] WARNING: Retrieving page 1...
[2025-05-22 16:47:37] WARNING: Newest tweet is from: 2025-05-12 06:54:05+00:00
[2025-05-22 16:47:37] WARNING: Reached stop point at tweet from 2025-05-12 06:54:05+00:00
[2025-05-22 16:47:37] WARNING: Retrieved 0 new tweets on page 1
[2025-05-22 16:47:37] WARNING: Stopping pagination as we've reached the stop point
[2025-05-22 16:47:37] WARNING: Retrieved a total of 0 tweets across 1 pages
[2025-05-22 16:47:37] WARNING: No new tweets found with trust commands. Exiting without error.
[2025-05-22 16:47:37] WARNING: Collection complete!
[2025-05-22 16:47:37] WARNING: - 0 trust assignments processed
[2025-05-22 16:47:37] WARNING: - 2 users in trust network
[2025-05-22 16:47:37] WARNING: - 31 total trust relationships
[2025-05-22 16:57:36] WARNING: === Starting Twitter Trust System Collection ===
[2025-05-22 16:57:36] WARNING: Will collect tweets until reaching previous timestamp: 2025-05-12 06:54:05+00:00
[2025-05-22 16:57:36] WARNING: Retrieving page 1...
[2025-05-22 16:57:38] WARNING: Newest tweet is from: 2025-05-12 06:54:05+00:00
[2025-05-22 16:57:38] WARNING: Reached stop point at tweet from 2025-05-12 06:54:05+00:00
[2025-05-22 16:57:38] WARNING: Retrieved 0 new tweets on page 1
[2025-05-22 16:57:38] WARNING: Stopping pagination as we've reached the stop point
[2025-05-22 16:57:38] WARNING: Retrieved a total of 0 tweets across 1 pages
[2025-05-22 16:57:38] WARNING: No new tweets found with trust commands. Exiting without error.
[2025-05-22 16:57:38] WARNING: Collection complete!
[2025-05-22 16:57:38] WARNING: - 0 trust assignments processed
[2025-05-22 16:57:38] WARNING: - 2 users in trust network
[2025-05-22 16:57:38] WARNING: - 31 total trust relationships
[2025-05-22 17:07:36] WARNING: === Starting Twitter Trust System Collection ===
[2025-05-22 17:07:36] WARNING: Will collect tweets until reaching previous timestamp: 2025-05-12 06:54:05+00:00
[2025-05-22 17:07:36] WARNING: Retrieving page 1...
[2025-05-22 17:07:37] WARNING: Newest tweet is from: 2025-05-12 06:54:05+00:00
[2025-05-22 17:07:37] WARNING: Reached stop point at tweet from 2025-05-12 06:54:05+00:00
[2025-05-22 17:07:37] WARNING: Retrieved 0 new tweets on page 1
[2025-05-22 17:07:37] WARNING: Stopping pagination as we've reached the stop point
[2025-05-22 17:07:37] WARNING: Retrieved a total of 0 tweets across 1 pages
[2025-05-22 17:07:37] WARNING: No new tweets found with trust commands. Exiting without error.
[2025-05-22 17:07:37] WARNING: Collection complete!
[2025-05-22 17:07:37] WARNING: - 0 trust assignments processed
[2025-05-22 17:07:37] WARNING: - 2 users in trust network
[2025-05-22 17:07:37] WARNING: - 31 total trust relationships
[2025-05-22 17:17:37] WARNING: === Starting Twitter Trust System Collection ===
[2025-05-22 17:17:37] WARNING: Will collect tweets until reaching previous timestamp: 2025-05-12 06:54:05+00:00
[2025-05-22 17:17:37] WARNING: Retrieving page 1...
[2025-05-22 17:17:38] WARNING: Newest tweet is from: 2025-05-12 06:54:05+00:00
[2025-05-22 17:17:38] WARNING: Reached stop point at tweet from 2025-05-12 06:54:05+00:00
[2025-05-22 17:17:38] WARNING: Retrieved 0 new tweets on page 1
[2025-05-22 17:17:38] WARNING: Stopping pagination as we've reached the stop point
[2025-05-22 17:17:38] WARNING: Retrieved a total of 0 tweets across 1 pages
[2025-05-22 17:17:38] WARNING: No new tweets found with trust commands. Exiting without error.
[2025-05-22 17:17:38] WARNING: Collection complete!
[2025-05-22 17:17:38] WARNING: - 0 trust assignments processed
[2025-05-22 17:17:38] WARNING: - 2 users in trust network
[2025-05-22 17:17:38] WARNING: - 31 total trust relationships
[2025-05-22 17:27:40] WARNING: === Starting Twitter Trust System Collection ===
[2025-05-22 17:27:40] WARNING: Will collect tweets until reaching previous timestamp: 2025-05-12 06:54:05+00:00
[2025-05-22 17:27:40] WARNING: Retrieving page 1...
[2025-05-22 17:27:41] WARNING: Newest tweet is from: 2025-05-12 06:54:05+00:00
[2025-05-22 17:27:41] WARNING: Reached stop point at tweet from 2025-05-12 06:54:05+00:00
[2025-05-22 17:27:41] WARNING: Retrieved 0 new tweets on page 1
[2025-05-22 17:27:41] WARNING: Stopping pagination as we've reached the stop point
[2025-05-22 17:27:41] WARNING: Retrieved a total of 0 tweets across 1 pages
[2025-05-22 17:27:41] WARNING: No new tweets found with trust commands. Exiting without error.
[2025-05-22 17:27:41] WARNING: Collection complete!
[2025-05-22 17:27:41] WARNING: - 0 trust assignments processed
[2025-05-22 17:27:41] WARNING: - 2 users in trust network
[2025-05-22 17:27:41] WARNING: - 31 total trust relationships
[2025-05-22 17:37:35] WARNING: === Starting Twitter Trust System Collection ===
[2025-05-22 17:37:35] WARNING: Will collect tweets until reaching previous timestamp: 2025-05-12 06:54:05+00:00
[2025-05-22 17:37:35] WARNING: Retrieving page 1...
[2025-05-22 17:37:38] WARNING: Newest tweet is from: 2025-05-12 06:54:05+00:00
[2025-05-22 17:37:38] WARNING: Reached stop point at tweet from 2025-05-12 06:54:05+00:00
[2025-05-22 17:37:38] WARNING: Retrieved 0 new tweets on page 1
[2025-05-22 17:37:38] WARNING: Stopping pagination as we've reached the stop point
[2025-05-22 17:37:38] WARNING: Retrieved a total of 0 tweets across 1 pages
[2025-05-22 17:37:38] WARNING: No new tweets found with trust commands. Exiting without error.
[2025-05-22 17:37:38] WARNING: Collection complete!
[2025-05-22 17:37:38] WARNING: - 0 trust assignments processed
[2025-05-22 17:37:38] WARNING: - 2 users in trust network
[2025-05-22 17:37:38] WARNING: - 31 total trust relationships
[2025-05-22 17:47:36] WARNING: === Starting Twitter Trust System Collection ===
[2025-05-22 17:47:36] WARNING: Will collect tweets until reaching previous timestamp: 2025-05-12 06:54:05+00:00
[2025-05-22 17:47:36] WARNING: Retrieving page 1...
[2025-05-22 17:47:38] WARNING: Newest tweet is from: 2025-05-12 06:54:05+00:00
[2025-05-22 17:47:38] WARNING: Reached stop point at tweet from 2025-05-12 06:54:05+00:00
[2025-05-22 17:47:38] WARNING: Retrieved 0 new tweets on page 1
[2025-05-22 17:47:38] WARNING: Stopping pagination as we've reached the stop point
[2025-05-22 17:47:38] WARNING: Retrieved a total of 0 tweets across 1 pages
[2025-05-22 17:47:38] WARNING: No new tweets found with trust commands. Exiting without error.
[2025-05-22 17:47:38] WARNING: Collection complete!
[2025-05-22 17:47:38] WARNING: - 0 trust assignments processed
[2025-05-22 17:47:38] WARNING: - 2 users in trust network
[2025-05-22 17:47:38] WARNING: - 31 total trust relationships
[2025-05-22 17:57:34] WARNING: === Starting Twitter Trust System Collection ===
[2025-05-22 17:57:34] WARNING: Will collect tweets until reaching previous timestamp: 2025-05-12 06:54:05+00:00
[2025-05-22 17:57:34] WARNING: Retrieving page 1...
[2025-05-22 17:57:36] WARNING: Newest tweet is from: 2025-05-12 06:54:05+00:00
[2025-05-22 17:57:36] WARNING: Reached stop point at tweet from 2025-05-12 06:54:05+00:00
[2025-05-22 17:57:36] WARNING: Retrieved 0 new tweets on page 1
[2025-05-22 17:57:36] WARNING: Stopping pagination as we've reached the stop point
[2025-05-22 17:57:36] WARNING: Retrieved a total of 0 tweets across 1 pages
[2025-05-22 17:57:36] WARNING: No new tweets found with trust commands. Exiting without error.
[2025-05-22 17:57:36] WARNING: Collection complete!
[2025-05-22 17:57:36] WARNING: - 0 trust assignments processed
[2025-05-22 17:57:36] WARNING: - 2 users in trust network
[2025-05-22 17:57:36] WARNING: - 31 total trust relationships
[2025-05-22 18:08:07] WARNING: === Starting Twitter Trust System Collection ===
[2025-05-22 18:08:07] WARNING: Will collect tweets until reaching previous timestamp: 2025-05-12 06:54:05+00:00
[2025-05-22 18:08:07] WARNING: Retrieving page 1...
[2025-05-22 18:08:09] WARNING: Newest tweet is from: 2025-05-12 06:54:05+00:00
[2025-05-22 18:08:09] WARNING: Reached stop point at tweet from 2025-05-12 06:54:05+00:00
[2025-05-22 18:08:09] WARNING: Retrieved 0 new tweets on page 1
[2025-05-22 18:08:09] WARNING: Stopping pagination as we've reached the stop point
[2025-05-22 18:08:09] WARNING: Retrieved a total of 0 tweets across 1 pages
[2025-05-22 18:08:09] WARNING: No new tweets found with trust commands. Exiting without error.
[2025-05-22 18:08:09] WARNING: Collection complete!
[2025-05-22 18:08:09] WARNING: - 0 trust assignments processed
[2025-05-22 18:08:09] WARNING: - 2 users in trust network
[2025-05-22 18:08:09] WARNING: - 31 total trust relationships
[2025-05-22 18:17:37] WARNING: === Starting Twitter Trust System Collection ===
[2025-05-22 18:17:37] WARNING: Will collect tweets until reaching previous timestamp: 2025-05-12 06:54:05+00:00
[2025-05-22 18:17:37] WARNING: Retrieving page 1...
[2025-05-22 18:17:39] WARNING: Newest tweet is from: 2025-05-12 06:54:05+00:00
[2025-05-22 18:17:39] WARNING: Reached stop point at tweet from 2025-05-12 06:54:05+00:00
[2025-05-22 18:17:39] WARNING: Retrieved 0 new tweets on page 1
[2025-05-22 18:17:39] WARNING: Stopping pagination as we've reached the stop point
[2025-05-22 18:17:39] WARNING: Retrieved a total of 0 tweets across 1 pages
[2025-05-22 18:17:39] WARNING: No new tweets found with trust commands. Exiting without error.
[2025-05-22 18:17:39] WARNING: Collection complete!
[2025-05-22 18:17:39] WARNING: - 0 trust assignments processed
[2025-05-22 18:17:39] WARNING: - 2 users in trust network
[2025-05-22 18:17:39] WARNING: - 31 total trust relationships
[2025-05-22 18:27:39] WARNING: === Starting Twitter Trust System Collection ===
[2025-05-22 18:27:39] WARNING: Will collect tweets until reaching previous timestamp: 2025-05-12 06:54:05+00:00
[2025-05-22 18:27:39] WARNING: Retrieving page 1...
[2025-05-22 18:27:41] WARNING: Newest tweet is from: 2025-05-12 06:54:05+00:00
[2025-05-22 18:27:41] WARNING: Reached stop point at tweet from 2025-05-12 06:54:05+00:00
[2025-05-22 18:27:41] WARNING: Retrieved 0 new tweets on page 1
[2025-05-22 18:27:41] WARNING: Stopping pagination as we've reached the stop point
[2025-05-22 18:27:41] WARNING: Retrieved a total of 0 tweets across 1 pages
[2025-05-22 18:27:41] WARNING: No new tweets found with trust commands. Exiting without error.
[2025-05-22 18:27:41] WARNING: Collection complete!
[2025-05-22 18:27:41] WARNING: - 0 trust assignments processed
[2025-05-22 18:27:41] WARNING: - 2 users in trust network
[2025-05-22 18:27:41] WARNING: - 31 total trust relationships
[2025-05-22 18:37:44] WARNING: === Starting Twitter Trust System Collection ===
[2025-05-22 18:37:44] WARNING: Will collect tweets until reaching previous timestamp: 2025-05-12 06:54:05+00:00
[2025-05-22 18:37:44] WARNING: Retrieving page 1...
[2025-05-22 18:37:47] WARNING: Newest tweet is from: 2025-05-12 06:54:05+00:00
[2025-05-22 18:37:47] WARNING: Reached stop point at tweet from 2025-05-12 06:54:05+00:00
[2025-05-22 18:37:47] WARNING: Retrieved 0 new tweets on page 1
[2025-05-22 18:37:47] WARNING: Stopping pagination as we've reached the stop point
[2025-05-22 18:37:47] WARNING: Retrieved a total of 0 tweets across 1 pages
[2025-05-22 18:37:47] WARNING: No new tweets found with trust commands. Exiting without error.
[2025-05-22 18:37:47] WARNING: Collection complete!
[2025-05-22 18:37:47] WARNING: - 0 trust assignments processed
[2025-05-22 18:37:47] WARNING: - 2 users in trust network
[2025-05-22 18:37:47] WARNING: - 31 total trust relationships
[2025-05-22 18:47:43] WARNING: === Starting Twitter Trust System Collection ===
[2025-05-22 18:47:43] WARNING: Will collect tweets until reaching previous timestamp: 2025-05-12 06:54:05+00:00
[2025-05-22 18:47:43] WARNING: Retrieving page 1...
[2025-05-22 18:47:44] WARNING: Newest tweet is from: 2025-05-12 06:54:05+00:00
[2025-05-22 18:47:44] WARNING: Reached stop point at tweet from 2025-05-12 06:54:05+00:00
[2025-05-22 18:47:44] WARNING: Retrieved 0 new tweets on page 1
[2025-05-22 18:47:44] WARNING: Stopping pagination as we've reached the stop point
[2025-05-22 18:47:44] WARNING: Retrieved a total of 0 tweets across 1 pages
[2025-05-22 18:47:44] WARNING: No new tweets found with trust commands. Exiting without error.
[2025-05-22 18:47:44] WARNING: Collection complete!
[2025-05-22 18:47:44] WARNING: - 0 trust assignments processed
[2025-05-22 18:47:44] WARNING: - 2 users in trust network
[2025-05-22 18:47:44] WARNING: - 31 total trust relationships
[2025-05-22 18:57:36] WARNING: === Starting Twitter Trust System Collection ===
[2025-05-22 18:57:36] WARNING: Will collect tweets until reaching previous timestamp: 2025-05-12 06:54:05+00:00
[2025-05-22 18:57:36] WARNING: Retrieving page 1...
[2025-05-22 18:57:38] WARNING: Newest tweet is from: 2025-05-12 06:54:05+00:00
[2025-05-22 18:57:38] WARNING: Reached stop point at tweet from 2025-05-12 06:54:05+00:00
[2025-05-22 18:57:38] WARNING: Retrieved 0 new tweets on page 1
[2025-05-22 18:57:38] WARNING: Stopping pagination as we've reached the stop point
[2025-05-22 18:57:38] WARNING: Retrieved a total of 0 tweets across 1 pages
[2025-05-22 18:57:38] WARNING: No new tweets found with trust commands. Exiting without error.
[2025-05-22 18:57:38] WARNING: Collection complete!
[2025-05-22 18:57:38] WARNING: - 0 trust assignments processed
[2025-05-22 18:57:38] WARNING: - 2 users in trust network
[2025-05-22 18:57:38] WARNING: - 31 total trust relationships
[2025-05-22 19:07:37] WARNING: === Starting Twitter Trust System Collection ===
[2025-05-22 19:07:37] WARNING: Will collect tweets until reaching previous timestamp: 2025-05-12 06:54:05+00:00
[2025-05-22 19:07:37] WARNING: Retrieving page 1...
[2025-05-22 19:07:39] WARNING: Newest tweet is from: 2025-05-12 06:54:05+00:00
[2025-05-22 19:07:39] WARNING: Reached stop point at tweet from 2025-05-12 06:54:05+00:00
[2025-05-22 19:07:39] WARNING: Retrieved 0 new tweets on page 1
[2025-05-22 19:07:39] WARNING: Stopping pagination as we've reached the stop point
[2025-05-22 19:07:39] WARNING: Retrieved a total of 0 tweets across 1 pages
[2025-05-22 19:07:39] WARNING: No new tweets found with trust commands. Exiting without error.
[2025-05-22 19:07:39] WARNING: Collection complete!
[2025-05-22 19:07:39] WARNING: - 0 trust assignments processed
[2025-05-22 19:07:39] WARNING: - 2 users in trust network
[2025-05-22 19:07:39] WARNING: - 31 total trust relationships
[2025-05-22 19:07:39] Calculating trust scores from collected data...
[2025-05-22 16:17:43] INFO: Community Community A (18 members): AskaPol_UAPs, ChrisUKSharp, DanHaug6, Eyes_OnTheSkies, FettucineSplit, GoodTroubleShow, Halsrethink, JeremyCorbell, JonMajerowski, LueElizondo, PTHellyer, SnakePo9, TheOfficialQF, g_knapp, jamescfox, jayanderson, rosscoulthart, ufobeliever1947
[2025-05-22 16:17:44] INFO: Community Community B (7 members): MiddleofMayhem, OSIRISUAP, ShipsSmall, cosmic_surplus, likeitmatters3, susangerbic, ufoskeptic1968
[2025-05-22 16:17:44] INFO: Community analysis written to community_analysis.txt
[2025-05-22 16:17:44] WARNING: Generating trust network visualization...
[2025-05-22 16:17:45] WARNING: Network visualization saved to visualization/trust_network.png
[2025-05-22 16:17:45] WARNING: Creating JSON data structure...
[2025-05-22 16:17:45] WARNING: Successfully generated js/data.js with:
[2025-05-22 16:17:45] WARNING: - 25 users
[2025-05-22 16:17:45] WARNING: - 31 trust relationships
[2025-05-22 16:17:45] WARNING: - 2 communities
[2025-05-22 16:17:45] WARNING: Trust calculation completed successfully.
[2025-05-22 16:27:48] WARNING: === Starting Trust Score Calculation ===
[2025-05-22 16:27:48] WARNING: Starting trust score calculation...
[2025-05-22 16:27:48] WARNING: Found 25 users in the trust network
[2025-05-22 16:27:48] WARNING: Building trust network graph...
[2025-05-22 16:27:48] WARNING: Calculating PageRank scores...
[2025-05-22 16:27:48] WARNING: Applying distrust penalties...
[2025-05-22 16:27:48] WARNING: Detecting communities...
[2025-05-22 16:27:48] WARNING: Found 8 isolated nodes to assign to communities
[2025-05-22 16:27:48] WARNING: Assigned isolated node Eyes_OnTheSkies to community 1 based on structural balance theory
[2025-05-22 16:27:48] WARNING: Assigned isolated node FettucineSplit to community 1 based on structural balance theory
[2025-05-22 16:27:48] WARNING: Assigned isolated node JonMajerowski to community 1 based on structural balance theory
[2025-05-22 16:27:48] WARNING: Assigned isolated node MiddleofMayhem to community 2 based on structural balance theory
[2025-05-22 16:27:48] WARNING: Assigned isolated node PTHellyer to community 1 based on structural balance theory
[2025-05-22 16:27:48] WARNING: Assigned isolated node SnakePo9 to community 1 based on structural balance theory
[2025-05-22 16:27:48] WARNING: Assigned isolated node jamescfox to community 1 based on structural balance theory
[2025-05-22 16:27:48] WARNING: Assigned isolated node likeitmatters3 to community 2 based on structural balance theory
[2025-05-22 16:27:48] INFO: Analyzing community composition...
[2025-05-22 16:27:48] INFO: Community Community A (18 members): AskaPol_UAPs, ChrisUKSharp, DanHaug6, Eyes_OnTheSkies, FettucineSplit, GoodTroubleShow, Halsrethink, JeremyCorbell, JonMajerowski, LueElizondo, PTHellyer, SnakePo9, TheOfficialQF, g_knapp, jamescfox, jayanderson, rosscoulthart, ufobeliever1947
[2025-05-22 16:27:48] INFO: Community Community B (7 members): MiddleofMayhem, OSIRISUAP, ShipsSmall, cosmic_surplus, likeitmatters3, susangerbic, ufoskeptic1968
[2025-05-22 16:27:48] INFO: Community analysis written to community_analysis.txt
[2025-05-22 16:27:48] WARNING: Generating trust network visualization...
[2025-05-22 16:27:49] WARNING: Network visualization saved to visualization/trust_network.png
[2025-05-22 16:27:49] WARNING: Creating JSON data structure...
[2025-05-22 16:27:49] WARNING: Successfully generated js/data.js with:
[2025-05-22 16:27:49] WARNING: - 25 users
[2025-05-22 16:27:49] WARNING: - 31 trust relationships
[2025-05-22 16:27:49] WARNING: - 2 communities
[2025-05-22 16:27:49] WARNING: Trust calculation completed successfully.
[2025-05-22 16:37:45] WARNING: === Starting Trust Score Calculation ===
[2025-05-22 16:37:45] WARNING: Starting trust score calculation...
[2025-05-22 16:37:45] WARNING: Found 25 users in the trust network
[2025-05-22 16:37:45] WARNING: Building trust network graph...
[2025-05-22 16:37:45] WARNING: Calculating PageRank scores...
[2025-05-22 16:37:45] WARNING: Applying distrust penalties...
[2025-05-22 16:37:45] WARNING: Detecting communities...
[2025-05-22 16:37:45] WARNING: Found 8 isolated nodes to assign to communities
[2025-05-22 16:37:45] WARNING: Assigned isolated node Eyes_OnTheSkies to community 1 based on structural balance theory
[2025-05-22 16:37:45] WARNING: Assigned isolated node FettucineSplit to community 1 based on structural balance theory
[2025-05-22 16:37:45] WARNING: Assigned isolated node JonMajerowski to community 1 based on structural balance theory
[2025-05-22 16:37:45] WARNING: Assigned isolated node MiddleofMayhem to community 2 based on structural balance theory
[2025-05-22 16:37:45] WARNING: Assigned isolated node PTHellyer to community 1 based on structural balance theory
[2025-05-22 16:37:45] WARNING: Assigned isolated node SnakePo9 to community 1 based on structural balance theory
[2025-05-22 16:37:45] WARNING: Assigned isolated node jamescfox to community 1 based on structural balance theory
[2025-05-22 16:37:45] WARNING: Assigned isolated node likeitmatters3 to community 2 based on structural balance theory
[2025-05-22 16:37:45] INFO: Analyzing community composition...
[2025-05-22 16:37:45] INFO: Community Community A (18 members): AskaPol_UAPs, ChrisUKSharp, DanHaug6, Eyes_OnTheSkies, FettucineSplit, GoodTroubleShow, Halsrethink, JeremyCorbell, JonMajerowski, LueElizondo, PTHellyer, SnakePo9, TheOfficialQF, g_knapp, jamescfox, jayanderson, rosscoulthart, ufobeliever1947
[2025-05-22 16:37:45] INFO: Community Community B (7 members): MiddleofMayhem, OSIRISUAP, ShipsSmall, cosmic_surplus, likeitmatters3, susangerbic, ufoskeptic1968
[2025-05-22 16:37:45] INFO: Community analysis written to community_analysis.txt
[2025-05-22 16:37:45] WARNING: Generating trust network visualization...
[2025-05-22 16:37:46] WARNING: Network visualization saved to visualization/trust_network.png
[2025-05-22 16:37:46] WARNING: Creating JSON data structure...
[2025-05-22 16:37:46] WARNING: Successfully generated js/data.js with:
[2025-05-22 16:37:46] WARNING: - 25 users
[2025-05-22 16:37:46] WARNING: - 31 trust relationships
[2025-05-22 16:37:46] WARNING: - 2 communities
[2025-05-22 16:37:46] WARNING: Trust calculation completed successfully.
[2025-05-22 16:47:42] WARNING: === Starting Trust Score Calculation ===
[2025-05-22 16:47:42] WARNING: Starting trust score calculation...
[2025-05-22 16:47:42] WARNING: Found 25 users in the trust network
[2025-05-22 16:47:42] WARNING: Building trust network graph...
[2025-05-22 16:47:42] WARNING: Calculating PageRank scores...
[2025-05-22 16:47:42] WARNING: Applying distrust penalties...
[2025-05-22 16:47:42] WARNING: Detecting communities...
[2025-05-22 16:47:42] WARNING: Found 8 isolated nodes to assign to communities
[2025-05-22 16:47:42] WARNING: Assigned isolated node Eyes_OnTheSkies to community 1 based on structural balance theory
[2025-05-22 16:47:42] WARNING: Assigned isolated node FettucineSplit to community 1 based on structural balance theory
[2025-05-22 16:47:42] WARNING: Assigned isolated node JonMajerowski to community 1 based on structural balance theory
[2025-05-22 16:47:42] WARNING: Assigned isolated node MiddleofMayhem to community 2 based on structural balance theory
[2025-05-22 16:47:42] WARNING: Assigned isolated node PTHellyer to community 1 based on structural balance theory
[2025-05-22 16:47:42] WARNING: Assigned isolated node SnakePo9 to community 1 based on structural balance theory
[2025-05-22 16:47:42] WARNING: Assigned isolated node jamescfox to community 1 based on structural balance theory
[2025-05-22 16:47:42] WARNING: Assigned isolated node likeitmatters3 to community 2 based on structural balance theory
[2025-05-22 16:47:42] INFO: Analyzing community composition...
[2025-05-22 16:47:42] INFO: Community Community A (18 members): AskaPol_UAPs, ChrisUKSharp, DanHaug6, Eyes_OnTheSkies, FettucineSplit, GoodTroubleShow, Halsrethink, JeremyCorbell, JonMajerowski, LueElizondo, PTHellyer, SnakePo9, TheOfficialQF, g_knapp, jamescfox, jayanderson, rosscoulthart, ufobeliever1947
[2025-05-22 16:47:42] INFO: Community Community B (7 members): MiddleofMayhem, OSIRISUAP, ShipsSmall, cosmic_surplus, likeitmatters3, susangerbic, ufoskeptic1968
[2025-05-22 16:47:42] INFO: Community analysis written to community_analysis.txt
[2025-05-22 16:47:42] WARNING: Generating trust network visualization...
[2025-05-22 16:47:43] WARNING: Network visualization saved to visualization/trust_network.png
[2025-05-22 16:47:43] WARNING: Creating JSON data structure...
[2025-05-22 16:47:43] WARNING: Successfully generated js/data.js with:
[2025-05-22 16:47:43] WARNING: - 25 users
[2025-05-22 16:47:43] WARNING: - 31 trust relationships
[2025-05-22 16:47:43] WARNING: - 2 communities
[2025-05-22 16:47:43] WARNING: Trust calculation completed successfully.
[2025-05-22 16:57:43] WARNING: === Starting Trust Score Calculation ===
[2025-05-22 16:57:43] WARNING: Starting trust score calculation...
[2025-05-22 16:57:43] WARNING: Found 25 users in the trust network
[2025-05-22 16:57:43] WARNING: Building trust network graph...
[2025-05-22 16:57:43] WARNING: Calculating PageRank scores...
[2025-05-22 16:57:43] WARNING: Applying distrust penalties...
[2025-05-22 16:57:43] WARNING: Detecting communities...
[2025-05-22 16:57:43] WARNING: Found 8 isolated nodes to assign to communities
[2025-05-22 16:57:43] WARNING: Assigned isolated node Eyes_OnTheSkies to community 1 based on structural balance theory
[2025-05-22 16:57:43] WARNING: Assigned isolated node FettucineSplit to community 1 based on structural balance theory
[2025-05-22 16:57:43] WARNING: Assigned isolated node JonMajerowski to community 1 based on structural balance theory
[2025-05-22 16:57:43] WARNING: Assigned isolated node MiddleofMayhem to community 2 based on structural balance theory
[2025-05-22 16:57:43] WARNING: Assigned isolated node PTHellyer to community 1 based on structural balance theory
[2025-05-22 16:57:43] WARNING: Assigned isolated node SnakePo9 to community 1 based on structural balance theory
[2025-05-22 16:57:43] WARNING: Assigned isolated node jamescfox to community 1 based on structural balance theory
[2025-05-22 16:57:43] WARNING: Assigned isolated node likeitmatters3 to community 2 based on structural balance theory
[2025-05-22 16:57:43] INFO: Analyzing community composition...
[2025-05-22 16:57:43] INFO: Community Community A (18 members): AskaPol_UAPs, ChrisUKSharp, DanHaug6, Eyes_OnTheSkies, FettucineSplit, GoodTroubleShow, Halsrethink, JeremyCorbell, JonMajerowski, LueElizondo, PTHellyer, SnakePo9, TheOfficialQF, g_knapp, jamescfox, jayanderson, rosscoulthart, ufobeliever1947
[2025-05-22 16:57:43] INFO: Community Community B (7 members): MiddleofMayhem, OSIRISUAP, ShipsSmall, cosmic_surplus, likeitmatters3, susangerbic, ufoskeptic1968
[2025-05-22 16:57:43] INFO: Community analysis written to community_analysis.txt
[2025-05-22 16:57:43] WARNING: Generating trust network visualization...
[2025-05-22 16:57:45] WARNING: Network visualization saved to visualization/trust_network.png
[2025-05-22 16:57:45] WARNING: Creating JSON data structure...
[2025-05-22 16:57:45] WARNING: Successfully generated js/data.js with:
[2025-05-22 16:57:45] WARNING: - 25 users
[2025-05-22 16:57:45] WARNING: - 31 trust relationships
[2025-05-22 16:57:45] WARNING: - 2 communities
[2025-05-22 16:57:45] WARNING: Trust calculation completed successfully.
[2025-05-22 17:07:43] WARNING: === Starting Trust Score Calculation ===
[2025-05-22 17:07:43] WARNING: Starting trust score calculation...
[2025-05-22 17:07:43] WARNING: Found 25 users in the trust network
[2025-05-22 17:07:43] WARNING: Building trust network graph...
[2025-05-22 17:07:43] WARNING: Calculating PageRank scores...
[2025-05-22 17:07:43] WARNING: Applying distrust penalties...
[2025-05-22 17:07:43] WARNING: Detecting communities...
[2025-05-22 17:07:43] WARNING: Found 8 isolated nodes to assign to communities
[2025-05-22 17:07:43] WARNING: Assigned isolated node Eyes_OnTheSkies to community 1 based on structural balance theory
[2025-05-22 17:07:43] WARNING: Assigned isolated node FettucineSplit to community 1 based on structural balance theory
[2025-05-22 17:07:43] WARNING: Assigned isolated node JonMajerowski to community 1 based on structural balance theory
[2025-05-22 17:07:43] WARNING: Assigned isolated node MiddleofMayhem to community 2 based on structural balance theory
[2025-05-22 17:07:43] WARNING: Assigned isolated node PTHellyer to community 1 based on structural balance theory
[2025-05-22 17:07:43] WARNING: Assigned isolated node SnakePo9 to community 1 based on structural balance theory
[2025-05-22 17:07:43] WARNING: Assigned isolated node jamescfox to community 1 based on structural balance theory
[2025-05-22 17:07:43] WARNING: Assigned isolated node likeitmatters3 to community 2 based on structural balance theory
[2025-05-22 17:07:43] INFO: Analyzing community composition...
[2025-05-22 17:07:43] INFO: Community Community A (18 members): AskaPol_UAPs, ChrisUKSharp, DanHaug6, Eyes_OnTheSkies, FettucineSplit, GoodTroubleShow, Halsrethink, JeremyCorbell, JonMajerowski, LueElizondo, PTHellyer, SnakePo9, TheOfficialQF, g_knapp, jamescfox, jayanderson, rosscoulthart, ufobeliever1947
[2025-05-22 17:07:43] INFO: Community Community B (7 members): MiddleofMayhem, OSIRISUAP, ShipsSmall, cosmic_surplus, likeitmatters3, susangerbic, ufoskeptic1968
[2025-05-22 17:07:43] INFO: Community analysis written to community_analysis.txt
[2025-05-22 17:07:43] WARNING: Generating trust network visualization...
[2025-05-22 17:07:44] WARNING: Network visualization saved to visualization/trust_network.png
[2025-05-22 17:07:44] WARNING: Creating JSON data structure...
[2025-05-22 17:07:44] WARNING: Successfully generated js/data.js with:
[2025-05-22 17:07:44] WARNING: - 25 users
[2025-05-22 17:07:44] WARNING: - 31 trust relationships
[2025-05-22 17:07:44] WARNING: - 2 communities
[2025-05-22 17:07:44] WARNING: Trust calculation completed successfully.
[2025-05-22 17:17:44] WARNING: === Starting Trust Score Calculation ===
[2025-05-22 17:17:44] WARNING: Starting trust score calculation...
[2025-05-22 17:17:44] WARNING: Found 25 users in the trust network
[2025-05-22 17:17:44] WARNING: Building trust network graph...
[2025-05-22 17:17:44] WARNING: Calculating PageRank scores...
[2025-05-22 17:17:44] WARNING: Applying distrust penalties...
[2025-05-22 17:17:44] WARNING: Detecting communities...
[2025-05-22 17:17:44] WARNING: Found 8 isolated nodes to assign to communities
[2025-05-22 17:17:44] WARNING: Assigned isolated node Eyes_OnTheSkies to community 1 based on structural balance theory
[2025-05-22 17:17:44] WARNING: Assigned isolated node FettucineSplit to community 1 based on structural balance theory
[2025-05-22 17:17:44] WARNING: Assigned isolated node JonMajerowski to community 1 based on structural balance theory
[2025-05-22 17:17:44] WARNING: Assigned isolated node MiddleofMayhem to community 2 based on structural balance theory
[2025-05-22 17:17:44] WARNING: Assigned isolated node PTHellyer to community 1 based on structural balance theory
[2025-05-22 17:17:44] WARNING: Assigned isolated node SnakePo9 to community 1 based on structural balance theory
[2025-05-22 17:17:44] WARNING: Assigned isolated node jamescfox to community 1 based on structural balance theory
[2025-05-22 17:17:44] WARNING: Assigned isolated node likeitmatters3 to community 2 based on structural balance theory
[2025-05-22 17:17:44] INFO: Analyzing community composition...
[2025-05-22 17:17:44] INFO: Community Community A (18 members): AskaPol_UAPs, ChrisUKSharp, DanHaug6, Eyes_OnTheSkies, FettucineSplit, GoodTroubleShow, Halsrethink, JeremyCorbell, JonMajerowski, LueElizondo, PTHellyer, SnakePo9, TheOfficialQF, g_knapp, jamescfox, jayanderson, rosscoulthart, ufobeliever1947
[2025-05-22 17:17:44] INFO: Community Community B (7 members): MiddleofMayhem, OSIRISUAP, ShipsSmall, cosmic_surplus, likeitmatters3, susangerbic, ufoskeptic1968
[2025-05-22 17:17:44] INFO: Community analysis written to community_analysis.txt
[2025-05-22 17:17:44] WARNING: Generating trust network visualization...
[2025-05-22 17:17:46] WARNING: Network visualization saved to visualization/trust_network.png
[2025-05-22 17:17:46] WARNING: Creating JSON data structure...
[2025-05-22 17:17:46] WARNING: Successfully generated js/data.js with:
[2025-05-22 17:17:46] WARNING: - 25 users
[2025-05-22 17:17:46] WARNING: - 31 trust relationships
[2025-05-22 17:17:46] WARNING: - 2 communities
[2025-05-22 17:17:46] WARNING: Trust calculation completed successfully.
[2025-05-22 17:27:47] WARNING: === Starting Trust Score Calculation ===
[2025-05-22 17:27:47] WARNING: Starting trust score calculation...
[2025-05-22 17:27:47] WARNING: Found 25 users in the trust network
[2025-05-22 17:27:47] WARNING: Building trust network graph...
[2025-05-22 17:27:47] WARNING: Calculating PageRank scores...
[2025-05-22 17:27:47] WARNING: Applying distrust penalties...
[2025-05-22 17:27:47] WARNING: Detecting communities...
[2025-05-22 17:27:47] WARNING: Found 8 isolated nodes to assign to communities
[2025-05-22 17:27:47] WARNING: Assigned isolated node Eyes_OnTheSkies to community 1 based on structural balance theory
[2025-05-22 17:27:47] WARNING: Assigned isolated node FettucineSplit to community 1 based on structural balance theory
[2025-05-22 17:27:47] WARNING: Assigned isolated node JonMajerowski to community 1 based on structural balance theory
[2025-05-22 17:27:47] WARNING: Assigned isolated node MiddleofMayhem to community 2 based on structural balance theory
[2025-05-22 17:27:47] WARNING: Assigned isolated node PTHellyer to community 1 based on structural balance theory
[2025-05-22 17:27:47] WARNING: Assigned isolated node SnakePo9 to community 1 based on structural balance theory
[2025-05-22 17:27:47] WARNING: Assigned isolated node jamescfox to community 1 based on structural balance theory
[2025-05-22 17:27:47] WARNING: Assigned isolated node likeitmatters3 to community 2 based on structural balance theory
[2025-05-22 17:27:47] INFO: Analyzing community composition...
[2025-05-22 17:27:47] INFO: Community Community A (18 members): AskaPol_UAPs, ChrisUKSharp, DanHaug6, Eyes_OnTheSkies, FettucineSplit, GoodTroubleShow, Halsrethink, JeremyCorbell, JonMajerowski, LueElizondo, PTHellyer, SnakePo9, TheOfficialQF, g_knapp, jamescfox, jayanderson, rosscoulthart, ufobeliever1947
[2025-05-22 17:27:47] INFO: Community Community B (7 members): MiddleofMayhem, OSIRISUAP, ShipsSmall, cosmic_surplus, likeitmatters3, susangerbic, ufoskeptic1968
[2025-05-22 17:27:47] INFO: Community analysis written to community_analysis.txt
[2025-05-22 17:27:47] WARNING: Generating trust network visualization...
[2025-05-22 17:27:48] WARNING: Network visualization saved to visualization/trust_network.png
[2025-05-22 17:27:48] WARNING: Creating JSON data structure...
[2025-05-22 17:27:48] WARNING: Successfully generated js/data.js with:
[2025-05-22 17:27:48] WARNING: - 25 users
[2025-05-22 17:27:48] WARNING: - 31 trust relationships
[2025-05-22 17:27:48] WARNING: - 2 communities
[2025-05-22 17:27:48] WARNING: Trust calculation completed successfully.
[2025-05-22 17:37:46] WARNING: === Starting Trust Score Calculation ===
[2025-05-22 17:37:46] WARNING: Starting trust score calculation...
[2025-05-22 17:37:46] WARNING: Found 25 users in the trust network
[2025-05-22 17:37:46] WARNING: Building trust network graph...
[2025-05-22 17:37:46] WARNING: Calculating PageRank scores...
[2025-05-22 17:37:46] WARNING: Applying distrust penalties...
[2025-05-22 17:37:46] WARNING: Detecting communities...
[2025-05-22 17:37:46] WARNING: Found 8 isolated nodes to assign to communities
[2025-05-22 17:37:46] WARNING: Assigned isolated node Eyes_OnTheSkies to community 1 based on structural balance theory
[2025-05-22 17:37:46] WARNING: Assigned isolated node FettucineSplit to community 1 based on structural balance theory
[2025-05-22 17:37:46] WARNING: Assigned isolated node JonMajerowski to community 1 based on structural balance theory
[2025-05-22 17:37:46] WARNING: Assigned isolated node MiddleofMayhem to community 2 based on structural balance theory
[2025-05-22 17:37:46] WARNING: Assigned isolated node PTHellyer to community 1 based on structural balance theory
[2025-05-22 17:37:46] WARNING: Assigned isolated node SnakePo9 to community 1 based on structural balance theory
[2025-05-22 17:37:46] WARNING: Assigned isolated node jamescfox to community 1 based on structural balance theory
[2025-05-22 17:37:46] WARNING: Assigned isolated node likeitmatters3 to community 2 based on structural balance theory
[2025-05-22 17:37:46] INFO: Analyzing community composition...
[2025-05-22 17:37:46] INFO: Community Community A (18 members): AskaPol_UAPs, ChrisUKSharp, DanHaug6, Eyes_OnTheSkies, FettucineSplit, GoodTroubleShow, Halsrethink, JeremyCorbell, JonMajerowski, LueElizondo, PTHellyer, SnakePo9, TheOfficialQF, g_knapp, jamescfox, jayanderson, rosscoulthart, ufobeliever1947
[2025-05-22 17:37:46] INFO: Community Community B (7 members): MiddleofMayhem, OSIRISUAP, ShipsSmall, cosmic_surplus, likeitmatters3, susangerbic, ufoskeptic1968
[2025-05-22 17:37:46] INFO: Community analysis written to community_analysis.txt
[2025-05-22 17:37:46] WARNING: Generating trust network visualization...
[2025-05-22 17:37:49] WARNING: Network visualization saved to visualization/trust_network.png
[2025-05-22 17:37:49] WARNING: Creating JSON data structure...
[2025-05-22 17:37:49] WARNING: Successfully generated js/data.js with:
[2025-05-22 17:37:49] WARNING: - 25 users
[2025-05-22 17:37:49] WARNING: - 31 trust relationships
[2025-05-22 17:37:49] WARNING: - 2 communities
[2025-05-22 17:37:49] WARNING: Trust calculation completed successfully.
[2025-05-22 17:47:45] WARNING: === Starting Trust Score Calculation ===
[2025-05-22 17:47:45] WARNING: Starting trust score calculation...
[2025-05-22 17:47:45] WARNING: Found 25 users in the trust network
[2025-05-22 17:47:45] WARNING: Building trust network graph...
[2025-05-22 17:47:45] WARNING: Calculating PageRank scores...
[2025-05-22 17:47:45] WARNING: Applying distrust penalties...
[2025-05-22 17:47:45] WARNING: Detecting communities...
[2025-05-22 17:47:45] WARNING: Found 8 isolated nodes to assign to communities
[2025-05-22 17:47:45] WARNING: Assigned isolated node Eyes_OnTheSkies to community 1 based on structural balance theory
[2025-05-22 17:47:45] WARNING: Assigned isolated node FettucineSplit to community 1 based on structural balance theory
[2025-05-22 17:47:45] WARNING: Assigned isolated node JonMajerowski to community 1 based on structural balance theory
[2025-05-22 17:47:45] WARNING: Assigned isolated node MiddleofMayhem to community 2 based on structural balance theory
[2025-05-22 17:47:45] WARNING: Assigned isolated node PTHellyer to community 1 based on structural balance theory
[2025-05-22 17:47:45] WARNING: Assigned isolated node SnakePo9 to community 1 based on structural balance theory
[2025-05-22 17:47:45] WARNING: Assigned isolated node jamescfox to community 1 based on structural balance theory
[2025-05-22 17:47:45] WARNING: Assigned isolated node likeitmatters3 to community 2 based on structural balance theory
[2025-05-22 17:47:45] INFO: Analyzing community composition...
[2025-05-22 17:47:45] INFO: Community Community A (18 members): AskaPol_UAPs, ChrisUKSharp, DanHaug6, Eyes_OnTheSkies, FettucineSplit, GoodTroubleShow, Halsrethink, JeremyCorbell, JonMajerowski, LueElizondo, PTHellyer, SnakePo9, TheOfficialQF, g_knapp, jamescfox, jayanderson, rosscoulthart, ufobeliever1947
[2025-05-22 17:47:45] INFO: Community Community B (7 members): MiddleofMayhem, OSIRISUAP, ShipsSmall, cosmic_surplus, likeitmatters3, susangerbic, ufoskeptic1968
[2025-05-22 17:47:45] INFO: Community analysis written to community_analysis.txt
[2025-05-22 17:47:45] WARNING: Generating trust network visualization...
[2025-05-22 17:47:46] WARNING: Network visualization saved to visualization/trust_network.png
[2025-05-22 17:47:46] WARNING: Creating JSON data structure...
[2025-05-22 17:47:46] WARNING: Successfully generated js/data.js with:
[2025-05-22 17:47:46] WARNING: - 25 users
[2025-05-22 17:47:46] WARNING: - 31 trust relationships
[2025-05-22 17:47:46] WARNING: - 2 communities
[2025-05-22 17:47:46] WARNING: Trust calculation completed successfully.
[2025-05-22 17:57:44] WARNING: === Starting Trust Score Calculation ===
[2025-05-22 17:57:44] WARNING: Starting trust score calculation...
[2025-05-22 17:57:44] WARNING: Found 25 users in the trust network
[2025-05-22 17:57:44] WARNING: Building trust network graph...
[2025-05-22 17:57:44] WARNING: Calculating PageRank scores...
[2025-05-22 17:57:44] WARNING: Applying distrust penalties...
[2025-05-22 17:57:44] WARNING: Detecting communities...
[2025-05-22 17:57:44] WARNING: Found 8 isolated nodes to assign to communities
[2025-05-22 17:57:44] WARNING: Assigned isolated node Eyes_OnTheSkies to community 1 based on structural balance theory
[2025-05-22 17:57:44] WARNING: Assigned isolated node FettucineSplit to community 1 based on structural balance theory
[2025-05-22 17:57:44] WARNING: Assigned isolated node JonMajerowski to community 1 based on structural balance theory
[2025-05-22 17:57:44] WARNING: Assigned isolated node MiddleofMayhem to community 2 based on structural balance theory
[2025-05-22 17:57:44] WARNING: Assigned isolated node PTHellyer to community 1 based on structural balance theory
[2025-05-22 17:57:44] WARNING: Assigned isolated node SnakePo9 to community 1 based on structural balance theory
[2025-05-22 17:57:44] WARNING: Assigned isolated node jamescfox to community 1 based on structural balance theory
[2025-05-22 17:57:44] WARNING: Assigned isolated node likeitmatters3 to community 2 based on structural balance theory
[2025-05-22 17:57:44] INFO: Analyzing community composition...
[2025-05-22 17:57:44] INFO: Community Community A (18 members): AskaPol_UAPs, ChrisUKSharp, DanHaug6, Eyes_OnTheSkies, FettucineSplit, GoodTroubleShow, Halsrethink, JeremyCorbell, JonMajerowski, LueElizondo, PTHellyer, SnakePo9, TheOfficialQF, g_knapp, jamescfox, jayanderson, rosscoulthart, ufobeliever1947
[2025-05-22 17:57:44] INFO: Community Community B (7 members): MiddleofMayhem, OSIRISUAP, ShipsSmall, cosmic_surplus, likeitmatters3, susangerbic, ufoskeptic1968
[2025-05-22 17:57:44] INFO: Community analysis written to community_analysis.txt
[2025-05-22 17:57:44] WARNING: Generating trust network visualization...
[2025-05-22 17:57:46] WARNING: Network visualization saved to visualization/trust_network.png
[2025-05-22 17:57:46] WARNING: Creating JSON data structure...
[2025-05-22 17:57:46] WARNING: Successfully generated js/data.js with:
[2025-05-22 17:57:46] WARNING: - 25 users
[2025-05-22 17:57:46] WARNING: - 31 trust relationships
[2025-05-22 17:57:46] WARNING: - 2 communities
[2025-05-22 17:57:46] WARNING: Trust calculation completed successfully.
[2025-05-22 18:08:26] WARNING: === Starting Trust Score Calculation ===
[2025-05-22 18:08:26] WARNING: Starting trust score calculation...
[2025-05-22 18:08:26] WARNING: Found 25 users in the trust network
[2025-05-22 18:08:26] WARNING: Building trust network graph...
[2025-05-22 18:08:26] WARNING: Calculating PageRank scores...
[2025-05-22 18:08:26] WARNING: Applying distrust penalties...
[2025-05-22 18:08:26] WARNING: Detecting communities...
[2025-05-22 18:08:26] WARNING: Found 8 isolated nodes to assign to communities
[2025-05-22 18:08:26] WARNING: Assigned isolated node Eyes_OnTheSkies to community 1 based on structural balance theory
[2025-05-22 18:08:26] WARNING: Assigned isolated node FettucineSplit to community 1 based on structural balance theory
[2025-05-22 18:08:26] WARNING: Assigned isolated node JonMajerowski to community 1 based on structural balance theory
[2025-05-22 18:08:26] WARNING: Assigned isolated node MiddleofMayhem to community 2 based on structural balance theory
[2025-05-22 18:08:26] WARNING: Assigned isolated node PTHellyer to community 1 based on structural balance theory
[2025-05-22 18:08:26] WARNING: Assigned isolated node SnakePo9 to community 1 based on structural balance theory
[2025-05-22 18:08:26] WARNING: Assigned isolated node jamescfox to community 1 based on structural balance theory
[2025-05-22 18:08:26] WARNING: Assigned isolated node likeitmatters3 to community 2 based on structural balance theory
[2025-05-22 18:08:26] INFO: Analyzing community composition...
[2025-05-22 18:08:26] INFO: Community Community A (18 members): AskaPol_UAPs, ChrisUKSharp, DanHaug6, Eyes_OnTheSkies, FettucineSplit, GoodTroubleShow, Halsrethink, JeremyCorbell, JonMajerowski, LueElizondo, PTHellyer, SnakePo9, TheOfficialQF, g_knapp, jamescfox, jayanderson, rosscoulthart, ufobeliever1947
[2025-05-22 18:08:26] INFO: Community Community B (7 members): MiddleofMayhem, OSIRISUAP, ShipsSmall, cosmic_surplus, likeitmatters3, susangerbic, ufoskeptic1968
[2025-05-22 18:08:26] INFO: Community analysis written to community_analysis.txt
[2025-05-22 18:08:26] WARNING: Generating trust network visualization...
[2025-05-22 18:08:27] WARNING: Network visualization saved to visualization/trust_network.png
[2025-05-22 18:08:27] WARNING: Creating JSON data structure...
[2025-05-22 18:08:27] WARNING: Successfully generated js/data.js with:
[2025-05-22 18:08:27] WARNING: - 25 users
[2025-05-22 18:08:27] WARNING: - 31 trust relationships
[2025-05-22 18:08:27] WARNING: - 2 communities
[2025-05-22 18:08:27] WARNING: Trust calculation completed successfully.
[2025-05-22 18:17:45] WARNING: === Starting Trust Score Calculation ===
[2025-05-22 18:17:45] WARNING: Starting trust score calculation...
[2025-05-22 18:17:45] WARNING: Found 25 users in the trust network
[2025-05-22 18:17:45] WARNING: Building trust network graph...
[2025-05-22 18:17:45] WARNING: Calculating PageRank scores...
[2025-05-22 18:17:45] WARNING: Applying distrust penalties...
[2025-05-22 18:17:45] WARNING: Detecting communities...
[2025-05-22 18:17:45] WARNING: Found 8 isolated nodes to assign to communities
[2025-05-22 18:17:45] WARNING: Assigned isolated node Eyes_OnTheSkies to community 1 based on structural balance theory
[2025-05-22 18:17:45] WARNING: Assigned isolated node FettucineSplit to community 1 based on structural balance theory
[2025-05-22 18:17:45] WARNING: Assigned isolated node JonMajerowski to community 1 based on structural balance theory
[2025-05-22 18:17:45] WARNING: Assigned isolated node MiddleofMayhem to community 2 based on structural balance theory
[2025-05-22 18:17:45] WARNING: Assigned isolated node PTHellyer to community 1 based on structural balance theory
[2025-05-22 18:17:45] WARNING: Assigned isolated node SnakePo9 to community 1 based on structural balance theory
[2025-05-22 18:17:45] WARNING: Assigned isolated node jamescfox to community 1 based on structural balance theory
[2025-05-22 18:17:45] WARNING: Assigned isolated node likeitmatters3 to community 2 based on structural balance theory
[2025-05-22 18:17:45] INFO: Analyzing community composition...
[2025-05-22 18:17:45] INFO: Community Community A (18 members): AskaPol_UAPs, ChrisUKSharp, DanHaug6, Eyes_OnTheSkies, FettucineSplit, GoodTroubleShow, Halsrethink, JeremyCorbell, JonMajerowski, LueElizondo, PTHellyer, SnakePo9, TheOfficialQF, g_knapp, jamescfox, jayanderson, rosscoulthart, ufobeliever1947
[2025-05-22 18:17:45] INFO: Community Community B (7 members): MiddleofMayhem, OSIRISUAP, ShipsSmall, cosmic_surplus, likeitmatters3, susangerbic, ufoskeptic1968
[2025-05-22 18:17:45] INFO: Community analysis written to community_analysis.txt
[2025-05-22 18:17:45] WARNING: Generating trust network visualization...
[2025-05-22 18:17:47] WARNING: Network visualization saved to visualization/trust_network.png
[2025-05-22 18:17:47] WARNING: Creating JSON data structure...
[2025-05-22 18:17:47] WARNING: Successfully generated js/data.js with:
[2025-05-22 18:17:47] WARNING: - 25 users
[2025-05-22 18:17:47] WARNING: - 31 trust relationships
[2025-05-22 18:17:47] WARNING: - 2 communities
[2025-05-22 18:17:47] WARNING: Trust calculation completed successfully.
[2025-05-22 18:27:46] WARNING: === Starting Trust Score Calculation ===
[2025-05-22 18:27:46] WARNING: Starting trust score calculation...
[2025-05-22 18:27:46] WARNING: Found 25 users in the trust network
[2025-05-22 18:27:46] WARNING: Building trust network graph...
[2025-05-22 18:27:46] WARNING: Calculating PageRank scores...
[2025-05-22 18:27:46] WARNING: Applying distrust penalties...
[2025-05-22 18:27:46] WARNING: Detecting communities...
[2025-05-22 18:27:46] WARNING: Found 8 isolated nodes to assign to communities
[2025-05-22 18:27:46] WARNING: Assigned isolated node Eyes_OnTheSkies to community 1 based on structural balance theory
[2025-05-22 18:27:46] WARNING: Assigned isolated node FettucineSplit to community 1 based on structural balance theory
[2025-05-22 18:27:46] WARNING: Assigned isolated node JonMajerowski to community 1 based on structural balance theory
[2025-05-22 18:27:46] WARNING: Assigned isolated node MiddleofMayhem to community 2 based on structural balance theory
[2025-05-22 18:27:46] WARNING: Assigned isolated node PTHellyer to community 1 based on structural balance theory
[2025-05-22 18:27:46] WARNING: Assigned isolated node SnakePo9 to community 1 based on structural balance theory
[2025-05-22 18:27:46] WARNING: Assigned isolated node jamescfox to community 1 based on structural balance theory
[2025-05-22 18:27:46] WARNING: Assigned isolated node likeitmatters3 to community 2 based on structural balance theory
[2025-05-22 18:27:46] INFO: Analyzing community composition...
[2025-05-22 18:27:46] INFO: Community Community A (18 members): AskaPol_UAPs, ChrisUKSharp, DanHaug6, Eyes_OnTheSkies, FettucineSplit, GoodTroubleShow, Halsrethink, JeremyCorbell, JonMajerowski, LueElizondo, PTHellyer, SnakePo9, TheOfficialQF, g_knapp, jamescfox, jayanderson, rosscoulthart, ufobeliever1947
[2025-05-22 18:27:46] INFO: Community Community B (7 members): MiddleofMayhem, OSIRISUAP, ShipsSmall, cosmic_surplus, likeitmatters3, susangerbic, ufoskeptic1968
[2025-05-22 18:27:46] INFO: Community analysis written to community_analysis.txt
[2025-05-22 18:27:46] WARNING: Generating trust network visualization...
[2025-05-22 18:27:50] WARNING: Network visualization saved to visualization/trust_network.png
[2025-05-22 18:27:50] WARNING: Creating JSON data structure...
[2025-05-22 18:27:50] WARNING: Successfully generated js/data.js with:
[2025-05-22 18:27:50] WARNING: - 25 users
[2025-05-22 18:27:50] WARNING: - 31 trust relationships
[2025-05-22 18:27:50] WARNING: - 2 communities
[2025-05-22 18:27:50] WARNING: Trust calculation completed successfully.
[2025-05-22 18:37:57] WARNING: === Starting Trust Score Calculation ===
[2025-05-22 18:37:57] WARNING: Starting trust score calculation...
[2025-05-22 18:37:57] WARNING: Found 25 users in the trust network
[2025-05-22 18:37:57] WARNING: Building trust network graph...
[2025-05-22 18:37:57] WARNING: Calculating PageRank scores...
[2025-05-22 18:37:57] WARNING: Applying distrust penalties...
[2025-05-22 18:37:57] WARNING: Detecting communities...
[2025-05-22 18:37:57] WARNING: Found 8 isolated nodes to assign to communities
[2025-05-22 18:37:57] WARNING: Assigned isolated node Eyes_OnTheSkies to community 1 based on structural balance theory
[2025-05-22 18:37:57] WARNING: Assigned isolated node FettucineSplit to community 1 based on structural balance theory
[2025-05-22 18:37:57] WARNING: Assigned isolated node JonMajerowski to community 1 based on structural balance theory
[2025-05-22 18:37:57] WARNING: Assigned isolated node MiddleofMayhem to community 2 based on structural balance theory
[2025-05-22 18:37:57] WARNING: Assigned isolated node PTHellyer to community 1 based on structural balance theory
[2025-05-22 18:37:57] WARNING: Assigned isolated node SnakePo9 to community 1 based on structural balance theory
[2025-05-22 18:37:57] WARNING: Assigned isolated node jamescfox to community 1 based on structural balance theory
[2025-05-22 18:37:57] WARNING: Assigned isolated node likeitmatters3 to community 2 based on structural balance theory
[2025-05-22 18:37:57] INFO: Analyzing community composition...
[2025-05-22 18:37:57] INFO: Community Community A (18 members): AskaPol_UAPs, ChrisUKSharp, DanHaug6, Eyes_OnTheSkies, FettucineSplit, GoodTroubleShow, Halsrethink, JeremyCorbell, JonMajerowski, LueElizondo, PTHellyer, SnakePo9, TheOfficialQF, g_knapp, jamescfox, jayanderson, rosscoulthart, ufobeliever1947
[2025-05-22 18:37:57] INFO: Community Community B (7 members): MiddleofMayhem, OSIRISUAP, ShipsSmall, cosmic_surplus, likeitmatters3, susangerbic, ufoskeptic1968
[2025-05-22 18:37:57] INFO: Community analysis written to community_analysis.txt
[2025-05-22 18:37:57] WARNING: Generating trust network visualization...
[2025-05-22 18:37:58] WARNING: Network visualization saved to visualization/trust_network.png
[2025-05-22 18:37:58] WARNING: Creating JSON data structure...
[2025-05-22 18:37:58] WARNING: Successfully generated js/data.js with:
[2025-05-22 18:37:58] WARNING: - 25 users
[2025-05-22 18:37:58] WARNING: - 31 trust relationships
[2025-05-22 18:37:58] WARNING: - 2 communities
[2025-05-22 18:37:58] WARNING: Trust calculation completed successfully.
[2025-05-22 18:47:51] WARNING: === Starting Trust Score Calculation ===
[2025-05-22 18:47:51] WARNING: Starting trust score calculation...
[2025-05-22 18:47:51] WARNING: Found 25 users in the trust network
[2025-05-22 18:47:51] WARNING: Building trust network graph...
[2025-05-22 18:47:51] WARNING: Calculating PageRank scores...
[2025-05-22 18:47:51] WARNING: Applying distrust penalties...
[2025-05-22 18:47:51] WARNING: Detecting communities...
[2025-05-22 18:47:51] WARNING: Found 8 isolated nodes to assign to communities
[2025-05-22 18:47:51] WARNING: Assigned isolated node Eyes_OnTheSkies to community 1 based on structural balance theory
[2025-05-22 18:47:51] WARNING: Assigned isolated node FettucineSplit to community 1 based on structural balance theory
[2025-05-22 18:47:51] WARNING: Assigned isolated node JonMajerowski to community 1 based on structural balance theory
[2025-05-22 18:47:51] WARNING: Assigned isolated node MiddleofMayhem to community 2 based on structural balance theory
[2025-05-22 18:47:51] WARNING: Assigned isolated node PTHellyer to community 1 based on structural balance theory
[2025-05-22 18:47:51] WARNING: Assigned isolated node SnakePo9 to community 1 based on structural balance theory
[2025-05-22 18:47:51] WARNING: Assigned isolated node jamescfox to community 1 based on structural balance theory
[2025-05-22 18:47:51] WARNING: Assigned isolated node likeitmatters3 to community 2 based on structural balance theory
[2025-05-22 18:47:51] INFO: Analyzing community composition...
[2025-05-22 18:47:51] INFO: Community Community A (18 members): AskaPol_UAPs, ChrisUKSharp, DanHaug6, Eyes_OnTheSkies, FettucineSplit, GoodTroubleShow, Halsrethink, JeremyCorbell, JonMajerowski, LueElizondo, PTHellyer, SnakePo9, TheOfficialQF, g_knapp, jamescfox, jayanderson, rosscoulthart, ufobeliever1947
[2025-05-22 18:47:51] INFO: Community Community B (7 members): MiddleofMayhem, OSIRISUAP, ShipsSmall, cosmic_surplus, likeitmatters3, susangerbic, ufoskeptic1968
[2025-05-22 18:47:51] INFO: Community analysis written to community_analysis.txt
[2025-05-22 18:47:51] WARNING: Generating trust network visualization...
[2025-05-22 18:47:53] WARNING: Network visualization saved to visualization/trust_network.png
[2025-05-22 18:47:53] WARNING: Creating JSON data structure...
[2025-05-22 18:47:53] WARNING: Successfully generated js/data.js with:
[2025-05-22 18:47:53] WARNING: - 25 users
[2025-05-22 18:47:53] WARNING: - 31 trust relationships
[2025-05-22 18:47:53] WARNING: - 2 communities
[2025-05-22 18:47:53] WARNING: Trust calculation completed successfully.
[2025-05-22 18:57:48] WARNING: === Starting Trust Score Calculation ===
[2025-05-22 18:57:48] WARNING: Starting trust score calculation...
[2025-05-22 18:57:48] WARNING: Found 25 users in the trust network
[2025-05-22 18:57:48] WARNING: Building trust network graph...
[2025-05-22 18:57:48] WARNING: Calculating PageRank scores...
[2025-05-22 18:57:48] WARNING: Applying distrust penalties...
[2025-05-22 18:57:48] WARNING: Detecting communities...
[2025-05-22 18:57:48] WARNING: Found 8 isolated nodes to assign to communities
[2025-05-22 18:57:48] WARNING: Assigned isolated node Eyes_OnTheSkies to community 1 based on structural balance theory
[2025-05-22 18:57:48] WARNING: Assigned isolated node FettucineSplit to community 1 based on structural balance theory
[2025-05-22 18:57:48] WARNING: Assigned isolated node JonMajerowski to community 1 based on structural balance theory
[2025-05-22 18:57:48] WARNING: Assigned isolated node MiddleofMayhem to community 2 based on structural balance theory
[2025-05-22 18:57:48] WARNING: Assigned isolated node PTHellyer to community 1 based on structural balance theory
[2025-05-22 18:57:48] WARNING: Assigned isolated node SnakePo9 to community 1 based on structural balance theory
[2025-05-22 18:57:48] WARNING: Assigned isolated node jamescfox to community 1 based on structural balance theory
[2025-05-22 18:57:48] WARNING: Assigned isolated node likeitmatters3 to community 2 based on structural balance theory
[2025-05-22 18:57:48] INFO: Analyzing community composition...
[2025-05-22 18:57:48] INFO: Community Community A (18 members): AskaPol_UAPs, ChrisUKSharp, DanHaug6, Eyes_OnTheSkies, FettucineSplit, GoodTroubleShow, Halsrethink, JeremyCorbell, JonMajerowski, LueElizondo, PTHellyer, SnakePo9, TheOfficialQF, g_knapp, jamescfox, jayanderson, rosscoulthart, ufobeliever1947
[2025-05-22 18:57:48] INFO: Community Community B (7 members): MiddleofMayhem, OSIRISUAP, ShipsSmall, cosmic_surplus, likeitmatters3, susangerbic, ufoskeptic1968
[2025-05-22 18:57:48] INFO: Community analysis written to community_analysis.txt
[2025-05-22 18:57:48] WARNING: Generating trust network visualization...
[2025-05-22 18:58:06] WARNING: Network visualization saved to visualization/trust_network.png
[2025-05-22 18:58:06] WARNING: Creating JSON data structure...
[2025-05-22 18:58:06] WARNING: Successfully generated js/data.js with:
[2025-05-22 18:58:06] WARNING: - 25 users
[2025-05-22 18:58:06] WARNING: - 31 trust relationships
[2025-05-22 18:58:06] WARNING: - 2 communities
[2025-05-22 18:58:06] WARNING: Trust calculation completed successfully.
[2025-05-22 19:07:45] WARNING: === Starting Trust Score Calculation ===
[2025-05-22 19:07:45] WARNING: Starting trust score calculation...
[2025-05-22 19:07:45] WARNING: Found 25 users in the trust network
[2025-05-22 19:07:45] WARNING: Building trust network graph...
[2025-05-22 19:07:45] WARNING: Calculating PageRank scores...
[2025-05-22 19:07:45] WARNING: Applying distrust penalties...
[2025-05-22 19:07:45] WARNING: Detecting communities...
[2025-05-22 19:07:45] WARNING: Found 8 isolated nodes to assign to communities
[2025-05-22 19:07:45] WARNING: Assigned isolated node Eyes_OnTheSkies to community 1 based on structural balance theory
[2025-05-22 19:07:45] WARNING: Assigned isolated node FettucineSplit to community 1 based on structural balance theory
[2025-05-22 19:07:45] WARNING: Assigned isolated node JonMajerowski to community 1 based on structural balance theory
[2025-05-22 19:07:45] WARNING: Assigned isolated node MiddleofMayhem to community 2 based on structural balance theory
[2025-05-22 19:07:45] WARNING: Assigned isolated node PTHellyer to community 1 based on structural balance theory
[2025-05-22 19:07:45] WARNING: Assigned isolated node SnakePo9 to community 1 based on structural balance theory
[2025-05-22 19:07:45] WARNING: Assigned isolated node jamescfox to community 1 based on structural balance theory
[2025-05-22 19:07:45] WARNING: Assigned isolated node likeitmatters3 to community 2 based on structural balance theory
[2025-05-22 19:07:45] INFO: Analyzing community composition...
[2025-05-22 19:07:45] INFO: Community Community A (18 members): AskaPol_UAPs, ChrisUKSharp, DanHaug6, Eyes_OnTheSkies, FettucineSplit, GoodTroubleShow, Halsrethink, JeremyCorbell, JonMajerowski, LueElizondo, PTHellyer, SnakePo9, TheOfficialQF, g_knapp, jamescfox, jayanderson, rosscoulthart, ufobeliever1947
[2025-05-22 19:07:45] INFO: Community Community B (7 members): MiddleofMayhem, OSIRISUAP, ShipsSmall, cosmic_surplus, likeitmatters3, susangerbic, ufoskeptic1968
[2025-05-22 19:07:45] INFO: Community analysis written to community_analysis.txt
[2025-05-22 19:07:45] WARNING: Generating trust network visualization...
[2025-05-22 19:07:47] WARNING: Network visualization saved to visualization/trust_network.png
[2025-05-22 19:07:47] WARNING: Creating JSON data structure...
[2025-05-22 19:07:47] WARNING: Successfully generated js/data.js with:
[2025-05-22 19:07:47] WARNING: - 25 users
[2025-05-22 19:07:47] WARNING: - 31 trust relationships
[2025-05-22 19:07:47] WARNING: - 2 communities
[2025-05-22 19:07:47] WARNING: Trust calculation completed successfully.
[2025-05-22 19:07:47] Committing and pushing changes to GitHub...
