[2025-05-22 15:07:33] Starting Twitter Trust System update process...
[2025-05-22 15:07:33] Update frequency set to: 10 minutes
[2025-05-22 15:07:33] Collecting trust assignments from Twitter...
[2025-05-22 15:07:37] Warning: Trust assignments file not updated recently (last modified 05/11/2025 23:57:36)
[2025-05-22 07:07:37] WARNING: Reached stop point at tweet from 2025-05-12 06:54:05+00:00
[2025-05-22 07:07:37] WARNING: Retrieved 0 new tweets on page 1
[2025-05-22 07:07:37] WARNING: Stopping pagination as we've reached the stop point
[2025-05-22 07:07:37] WARNING: Retrieved a total of 0 tweets across 1 pages
[2025-05-22 07:07:37] WARNING: No new tweets found with trust commands. Exiting without error.
[2025-05-22 07:07:37] WARNING: Collection complete!
[2025-05-22 07:07:37] WARNING: - 0 trust assignments processed
[2025-05-22 07:07:37] WARNING: - 2 users in trust network
[2025-05-22 07:07:37] WARNING: - 31 total trust relationships
[2025-05-22 07:17:36] WARNING: === Starting Twitter Trust System Collection ===
[2025-05-22 07:17:36] WARNING: Will collect tweets until reaching previous timestamp: 2025-05-12 06:54:05+00:00
[2025-05-22 07:17:36] WARNING: Retrieving page 1...
[2025-05-22 07:17:37] WARNING: Newest tweet is from: 2025-05-12 06:54:05+00:00
[2025-05-22 07:17:37] WARNING: Reached stop point at tweet from 2025-05-12 06:54:05+00:00
[2025-05-22 07:17:37] WARNING: Retrieved 0 new tweets on page 1
[2025-05-22 07:17:37] WARNING: Stopping pagination as we've reached the stop point
[2025-05-22 07:17:37] WARNING: Retrieved a total of 0 tweets across 1 pages
[2025-05-22 07:17:37] WARNING: No new tweets found with trust commands. Exiting without error.
[2025-05-22 07:17:37] WARNING: Collection complete!
[2025-05-22 07:17:37] WARNING: - 0 trust assignments processed
[2025-05-22 07:17:37] WARNING: - 2 users in trust network
[2025-05-22 07:17:37] WARNING: - 31 total trust relationships
[2025-05-22 07:27:40] WARNING: === Starting Twitter Trust System Collection ===
[2025-05-22 07:27:40] WARNING: Will collect tweets until reaching previous timestamp: 2025-05-12 06:54:05+00:00
[2025-05-22 07:27:40] WARNING: Retrieving page 1...
[2025-05-22 07:27:43] WARNING: Newest tweet is from: 2025-05-12 06:54:05+00:00
[2025-05-22 07:27:43] WARNING: Reached stop point at tweet from 2025-05-12 06:54:05+00:00
[2025-05-22 07:27:43] WARNING: Retrieved 0 new tweets on page 1
[2025-05-22 07:27:43] WARNING: Stopping pagination as we've reached the stop point
[2025-05-22 07:27:43] WARNING: Retrieved a total of 0 tweets across 1 pages
[2025-05-22 07:27:43] WARNING: No new tweets found with trust commands. Exiting without error.
[2025-05-22 07:27:43] WARNING: Collection complete!
[2025-05-22 07:27:43] WARNING: - 0 trust assignments processed
[2025-05-22 07:27:43] WARNING: - 2 users in trust network
[2025-05-22 07:27:43] WARNING: - 31 total trust relationships
[2025-05-22 07:37:39] WARNING: === Starting Twitter Trust System Collection ===
[2025-05-22 07:37:39] WARNING: Will collect tweets until reaching previous timestamp: 2025-05-12 06:54:05+00:00
[2025-05-22 07:37:39] WARNING: Retrieving page 1...
[2025-05-22 07:37:41] WARNING: Newest tweet is from: 2025-05-12 06:54:05+00:00
[2025-05-22 07:37:41] WARNING: Reached stop point at tweet from 2025-05-12 06:54:05+00:00
[2025-05-22 07:37:41] WARNING: Retrieved 0 new tweets on page 1
[2025-05-22 07:37:41] WARNING: Stopping pagination as we've reached the stop point
[2025-05-22 07:37:41] WARNING: Retrieved a total of 0 tweets across 1 pages
[2025-05-22 07:37:41] WARNING: No new tweets found with trust commands. Exiting without error.
[2025-05-22 07:37:41] WARNING: Collection complete!
[2025-05-22 07:37:41] WARNING: - 0 trust assignments processed
[2025-05-22 07:37:41] WARNING: - 2 users in trust network
[2025-05-22 07:37:41] WARNING: - 31 total trust relationships
[2025-05-22 07:47:37] WARNING: === Starting Twitter Trust System Collection ===
[2025-05-22 07:47:37] WARNING: Will collect tweets until reaching previous timestamp: 2025-05-12 06:54:05+00:00
[2025-05-22 07:47:37] WARNING: Retrieving page 1...
[2025-05-22 07:47:39] WARNING: Newest tweet is from: 2025-05-12 06:54:05+00:00
[2025-05-22 07:47:39] WARNING: Reached stop point at tweet from 2025-05-12 06:54:05+00:00
[2025-05-22 07:47:39] WARNING: Retrieved 0 new tweets on page 1
[2025-05-22 07:47:39] WARNING: Stopping pagination as we've reached the stop point
[2025-05-22 07:47:39] WARNING: Retrieved a total of 0 tweets across 1 pages
[2025-05-22 07:47:39] WARNING: No new tweets found with trust commands. Exiting without error.
[2025-05-22 07:47:39] WARNING: Collection complete!
[2025-05-22 07:47:39] WARNING: - 0 trust assignments processed
[2025-05-22 07:47:39] WARNING: - 2 users in trust network
[2025-05-22 07:47:39] WARNING: - 31 total trust relationships
[2025-05-22 07:57:37] WARNING: === Starting Twitter Trust System Collection ===
[2025-05-22 07:57:37] WARNING: Will collect tweets until reaching previous timestamp: 2025-05-12 06:54:05+00:00
[2025-05-22 07:57:37] WARNING: Retrieving page 1...
[2025-05-22 07:57:39] WARNING: Newest tweet is from: 2025-05-12 06:54:05+00:00
[2025-05-22 07:57:39] WARNING: Reached stop point at tweet from 2025-05-12 06:54:05+00:00
[2025-05-22 07:57:39] WARNING: Retrieved 0 new tweets on page 1
[2025-05-22 07:57:39] WARNING: Stopping pagination as we've reached the stop point
[2025-05-22 07:57:39] WARNING: Retrieved a total of 0 tweets across 1 pages
[2025-05-22 07:57:39] WARNING: No new tweets found with trust commands. Exiting without error.
[2025-05-22 07:57:39] WARNING: Collection complete!
[2025-05-22 07:57:39] WARNING: - 0 trust assignments processed
[2025-05-22 07:57:39] WARNING: - 2 users in trust network
[2025-05-22 07:57:39] WARNING: - 31 total trust relationships
[2025-05-22 08:07:36] WARNING: === Starting Twitter Trust System Collection ===
[2025-05-22 08:07:36] WARNING: Will collect tweets until reaching previous timestamp: 2025-05-12 06:54:05+00:00
[2025-05-22 08:07:36] WARNING: Retrieving page 1...
[2025-05-22 08:07:37] WARNING: Newest tweet is from: 2025-05-12 06:54:05+00:00
[2025-05-22 08:07:37] WARNING: Reached stop point at tweet from 2025-05-12 06:54:05+00:00
[2025-05-22 08:07:37] WARNING: Retrieved 0 new tweets on page 1
[2025-05-22 08:07:37] WARNING: Stopping pagination as we've reached the stop point
[2025-05-22 08:07:37] WARNING: Retrieved a total of 0 tweets across 1 pages
[2025-05-22 08:07:37] WARNING: No new tweets found with trust commands. Exiting without error.
[2025-05-22 08:07:37] WARNING: Collection complete!
[2025-05-22 08:07:37] WARNING: - 0 trust assignments processed
[2025-05-22 08:07:37] WARNING: - 2 users in trust network
[2025-05-22 08:07:37] WARNING: - 31 total trust relationships
[2025-05-22 08:17:37] WARNING: === Starting Twitter Trust System Collection ===
[2025-05-22 08:17:37] WARNING: Will collect tweets until reaching previous timestamp: 2025-05-12 06:54:05+00:00
[2025-05-22 08:17:37] WARNING: Retrieving page 1...
[2025-05-22 08:17:40] WARNING: Newest tweet is from: 2025-05-12 06:54:05+00:00
[2025-05-22 08:17:40] WARNING: Reached stop point at tweet from 2025-05-12 06:54:05+00:00
[2025-05-22 08:17:40] WARNING: Retrieved 0 new tweets on page 1
[2025-05-22 08:17:40] WARNING: Stopping pagination as we've reached the stop point
[2025-05-22 08:17:40] WARNING: Retrieved a total of 0 tweets across 1 pages
[2025-05-22 08:17:40] WARNING: No new tweets found with trust commands. Exiting without error.
[2025-05-22 08:17:40] WARNING: Collection complete!
[2025-05-22 08:17:40] WARNING: - 0 trust assignments processed
[2025-05-22 08:17:40] WARNING: - 2 users in trust network
[2025-05-22 08:17:40] WARNING: - 31 total trust relationships
[2025-05-22 08:27:37] WARNING: === Starting Twitter Trust System Collection ===
[2025-05-22 08:27:37] WARNING: Will collect tweets until reaching previous timestamp: 2025-05-12 06:54:05+00:00
[2025-05-22 08:27:37] WARNING: Retrieving page 1...
[2025-05-22 08:27:40] WARNING: Newest tweet is from: 2025-05-12 06:54:05+00:00
[2025-05-22 08:27:40] WARNING: Reached stop point at tweet from 2025-05-12 06:54:05+00:00
[2025-05-22 08:27:40] WARNING: Retrieved 0 new tweets on page 1
[2025-05-22 08:27:40] WARNING: Stopping pagination as we've reached the stop point
[2025-05-22 08:27:40] WARNING: Retrieved a total of 0 tweets across 1 pages
[2025-05-22 08:27:40] WARNING: No new tweets found with trust commands. Exiting without error.
[2025-05-22 08:27:40] WARNING: Collection complete!
[2025-05-22 08:27:40] WARNING: - 0 trust assignments processed
[2025-05-22 08:27:40] WARNING: - 2 users in trust network
[2025-05-22 08:27:40] WARNING: - 31 total trust relationships
[2025-05-22 08:37:37] WARNING: === Starting Twitter Trust System Collection ===
[2025-05-22 08:37:37] WARNING: Will collect tweets until reaching previous timestamp: 2025-05-12 06:54:05+00:00
[2025-05-22 08:37:37] WARNING: Retrieving page 1...
[2025-05-22 08:37:39] WARNING: Newest tweet is from: 2025-05-12 06:54:05+00:00
[2025-05-22 08:37:39] WARNING: Reached stop point at tweet from 2025-05-12 06:54:05+00:00
[2025-05-22 08:37:39] WARNING: Retrieved 0 new tweets on page 1
[2025-05-22 08:37:39] WARNING: Stopping pagination as we've reached the stop point
[2025-05-22 08:37:39] WARNING: Retrieved a total of 0 tweets across 1 pages
[2025-05-22 08:37:39] WARNING: No new tweets found with trust commands. Exiting without error.
[2025-05-22 08:37:39] WARNING: Collection complete!
[2025-05-22 08:37:39] WARNING: - 0 trust assignments processed
[2025-05-22 08:37:39] WARNING: - 2 users in trust network
[2025-05-22 08:37:39] WARNING: - 31 total trust relationships
[2025-05-22 08:47:36] WARNING: === Starting Twitter Trust System Collection ===
[2025-05-22 08:47:36] WARNING: Will collect tweets until reaching previous timestamp: 2025-05-12 06:54:05+00:00
[2025-05-22 08:47:36] WARNING: Retrieving page 1...
[2025-05-22 08:47:38] WARNING: Newest tweet is from: 2025-05-12 06:54:05+00:00
[2025-05-22 08:47:38] WARNING: Reached stop point at tweet from 2025-05-12 06:54:05+00:00
[2025-05-22 08:47:38] WARNING: Retrieved 0 new tweets on page 1
[2025-05-22 08:47:38] WARNING: Stopping pagination as we've reached the stop point
[2025-05-22 08:47:38] WARNING: Retrieved a total of 0 tweets across 1 pages
[2025-05-22 08:47:38] WARNING: No new tweets found with trust commands. Exiting without error.
[2025-05-22 08:47:38] WARNING: Collection complete!
[2025-05-22 08:47:38] WARNING: - 0 trust assignments processed
[2025-05-22 08:47:38] WARNING: - 2 users in trust network
[2025-05-22 08:47:38] WARNING: - 31 total trust relationships
[2025-05-22 08:57:37] WARNING: === Starting Twitter Trust System Collection ===
[2025-05-22 08:57:37] WARNING: Will collect tweets until reaching previous timestamp: 2025-05-12 06:54:05+00:00
[2025-05-22 08:57:37] WARNING: Retrieving page 1...
[2025-05-22 08:57:40] WARNING: Newest tweet is from: 2025-05-12 06:54:05+00:00
[2025-05-22 08:57:40] WARNING: Reached stop point at tweet from 2025-05-12 06:54:05+00:00
[2025-05-22 08:57:40] WARNING: Retrieved 0 new tweets on page 1
[2025-05-22 08:57:40] WARNING: Stopping pagination as we've reached the stop point
[2025-05-22 08:57:40] WARNING: Retrieved a total of 0 tweets across 1 pages
[2025-05-22 08:57:40] WARNING: No new tweets found with trust commands. Exiting without error.
[2025-05-22 08:57:40] WARNING: Collection complete!
[2025-05-22 08:57:40] WARNING: - 0 trust assignments processed
[2025-05-22 08:57:40] WARNING: - 2 users in trust network
[2025-05-22 08:57:40] WARNING: - 31 total trust relationships
[2025-05-22 09:07:37] WARNING: === Starting Twitter Trust System Collection ===
[2025-05-22 09:07:37] WARNING: Will collect tweets until reaching previous timestamp: 2025-05-12 06:54:05+00:00
[2025-05-22 09:07:37] WARNING: Retrieving page 1...
[2025-05-22 09:07:39] WARNING: Newest tweet is from: 2025-05-12 06:54:05+00:00
[2025-05-22 09:07:39] WARNING: Reached stop point at tweet from 2025-05-12 06:54:05+00:00
[2025-05-22 09:07:39] WARNING: Retrieved 0 new tweets on page 1
[2025-05-22 09:07:39] WARNING: Stopping pagination as we've reached the stop point
[2025-05-22 09:07:39] WARNING: Retrieved a total of 0 tweets across 1 pages
[2025-05-22 09:07:39] WARNING: No new tweets found with trust commands. Exiting without error.
[2025-05-22 09:07:39] WARNING: Collection complete!
[2025-05-22 09:07:39] WARNING: - 0 trust assignments processed
[2025-05-22 09:07:39] WARNING: - 2 users in trust network
[2025-05-22 09:07:39] WARNING: - 31 total trust relationships
[2025-05-22 09:17:36] WARNING: === Starting Twitter Trust System Collection ===
[2025-05-22 09:17:36] WARNING: Will collect tweets until reaching previous timestamp: 2025-05-12 06:54:05+00:00
[2025-05-22 09:17:36] WARNING: Retrieving page 1...
[2025-05-22 09:17:39] WARNING: Newest tweet is from: 2025-05-12 06:54:05+00:00
[2025-05-22 09:17:39] WARNING: Reached stop point at tweet from 2025-05-12 06:54:05+00:00
[2025-05-22 09:17:39] WARNING: Retrieved 0 new tweets on page 1
[2025-05-22 09:17:39] WARNING: Stopping pagination as we've reached the stop point
[2025-05-22 09:17:39] WARNING: Retrieved a total of 0 tweets across 1 pages
[2025-05-22 09:17:39] WARNING: No new tweets found with trust commands. Exiting without error.
[2025-05-22 09:17:39] WARNING: Collection complete!
[2025-05-22 09:17:39] WARNING: - 0 trust assignments processed
[2025-05-22 09:17:39] WARNING: - 2 users in trust network
[2025-05-22 09:17:39] WARNING: - 31 total trust relationships
[2025-05-22 09:27:36] WARNING: === Starting Twitter Trust System Collection ===
[2025-05-22 09:27:36] WARNING: Will collect tweets until reaching previous timestamp: 2025-05-12 06:54:05+00:00
[2025-05-22 09:27:36] WARNING: Retrieving page 1...
[2025-05-22 09:27:37] WARNING: Newest tweet is from: 2025-05-12 06:54:05+00:00
[2025-05-22 09:27:37] WARNING: Reached stop point at tweet from 2025-05-12 06:54:05+00:00
[2025-05-22 09:27:37] WARNING: Retrieved 0 new tweets on page 1
[2025-05-22 09:27:37] WARNING: Stopping pagination as we've reached the stop point
[2025-05-22 09:27:37] WARNING: Retrieved a total of 0 tweets across 1 pages
[2025-05-22 09:27:37] WARNING: No new tweets found with trust commands. Exiting without error.
[2025-05-22 09:27:37] WARNING: Collection complete!
[2025-05-22 09:27:37] WARNING: - 0 trust assignments processed
[2025-05-22 09:27:37] WARNING: - 2 users in trust network
[2025-05-22 09:27:37] WARNING: - 31 total trust relationships
[2025-05-22 09:37:36] WARNING: === Starting Twitter Trust System Collection ===
[2025-05-22 09:37:36] WARNING: Will collect tweets until reaching previous timestamp: 2025-05-12 06:54:05+00:00
[2025-05-22 09:37:36] WARNING: Retrieving page 1...
[2025-05-22 09:37:37] WARNING: Newest tweet is from: 2025-05-12 06:54:05+00:00
[2025-05-22 09:37:37] WARNING: Reached stop point at tweet from 2025-05-12 06:54:05+00:00
[2025-05-22 09:37:37] WARNING: Retrieved 0 new tweets on page 1
[2025-05-22 09:37:37] WARNING: Stopping pagination as we've reached the stop point
[2025-05-22 09:37:37] WARNING: Retrieved a total of 0 tweets across 1 pages
[2025-05-22 09:37:37] WARNING: No new tweets found with trust commands. Exiting without error.
[2025-05-22 09:37:37] WARNING: Collection complete!
[2025-05-22 09:37:37] WARNING: - 0 trust assignments processed
[2025-05-22 09:37:37] WARNING: - 2 users in trust network
[2025-05-22 09:37:37] WARNING: - 31 total trust relationships
[2025-05-22 09:47:37] WARNING: === Starting Twitter Trust System Collection ===
[2025-05-22 09:47:37] WARNING: Will collect tweets until reaching previous timestamp: 2025-05-12 06:54:05+00:00
[2025-05-22 09:47:37] WARNING: Retrieving page 1...
[2025-05-22 09:47:40] WARNING: Newest tweet is from: 2025-05-12 06:54:05+00:00
[2025-05-22 09:47:40] WARNING: Reached stop point at tweet from 2025-05-12 06:54:05+00:00
[2025-05-22 09:47:40] WARNING: Retrieved 0 new tweets on page 1
[2025-05-22 09:47:40] WARNING: Stopping pagination as we've reached the stop point
[2025-05-22 09:47:40] WARNING: Retrieved a total of 0 tweets across 1 pages
[2025-05-22 09:47:40] WARNING: No new tweets found with trust commands. Exiting without error.
[2025-05-22 09:47:40] WARNING: Collection complete!
[2025-05-22 09:47:40] WARNING: - 0 trust assignments processed
[2025-05-22 09:47:40] WARNING: - 2 users in trust network
[2025-05-22 09:47:40] WARNING: - 31 total trust relationships
[2025-05-22 09:57:38] WARNING: === Starting Twitter Trust System Collection ===
[2025-05-22 09:57:38] WARNING: Will collect tweets until reaching previous timestamp: 2025-05-12 06:54:05+00:00
[2025-05-22 09:57:38] WARNING: Retrieving page 1...
[2025-05-22 09:57:39] WARNING: Newest tweet is from: 2025-05-12 06:54:05+00:00
[2025-05-22 09:57:39] WARNING: Reached stop point at tweet from 2025-05-12 06:54:05+00:00
[2025-05-22 09:57:39] WARNING: Retrieved 0 new tweets on page 1
[2025-05-22 09:57:39] WARNING: Stopping pagination as we've reached the stop point
[2025-05-22 09:57:39] WARNING: Retrieved a total of 0 tweets across 1 pages
[2025-05-22 09:57:39] WARNING: No new tweets found with trust commands. Exiting without error.
[2025-05-22 09:57:39] WARNING: Collection complete!
[2025-05-22 09:57:39] WARNING: - 0 trust assignments processed
[2025-05-22 09:57:39] WARNING: - 2 users in trust network
[2025-05-22 09:57:39] WARNING: - 31 total trust relationships
[2025-05-22 10:07:38] WARNING: === Starting Twitter Trust System Collection ===
[2025-05-22 10:07:38] WARNING: Will collect tweets until reaching previous timestamp: 2025-05-12 06:54:05+00:00
[2025-05-22 10:07:38] WARNING: Retrieving page 1...
[2025-05-22 10:07:40] WARNING: Newest tweet is from: 2025-05-12 06:54:05+00:00
[2025-05-22 10:07:40] WARNING: Reached stop point at tweet from 2025-05-12 06:54:05+00:00
[2025-05-22 10:07:40] WARNING: Retrieved 0 new tweets on page 1
[2025-05-22 10:07:40] WARNING: Stopping pagination as we've reached the stop point
[2025-05-22 10:07:40] WARNING: Retrieved a total of 0 tweets across 1 pages
[2025-05-22 10:07:40] WARNING: No new tweets found with trust commands. Exiting without error.
[2025-05-22 10:07:40] WARNING: Collection complete!
[2025-05-22 10:07:40] WARNING: - 0 trust assignments processed
[2025-05-22 10:07:40] WARNING: - 2 users in trust network
[2025-05-22 10:07:40] WARNING: - 31 total trust relationships
[2025-05-22 10:17:36] WARNING: === Starting Twitter Trust System Collection ===
[2025-05-22 10:17:36] WARNING: Will collect tweets until reaching previous timestamp: 2025-05-12 06:54:05+00:00
[2025-05-22 10:17:36] WARNING: Retrieving page 1...
[2025-05-22 10:17:40] WARNING: Newest tweet is from: 2025-05-12 06:54:05+00:00
[2025-05-22 10:17:40] WARNING: Reached stop point at tweet from 2025-05-12 06:54:05+00:00
[2025-05-22 10:17:40] WARNING: Retrieved 0 new tweets on page 1
[2025-05-22 10:17:40] WARNING: Stopping pagination as we've reached the stop point
[2025-05-22 10:17:40] WARNING: Retrieved a total of 0 tweets across 1 pages
[2025-05-22 10:17:40] WARNING: No new tweets found with trust commands. Exiting without error.
[2025-05-22 10:17:40] WARNING: Collection complete!
[2025-05-22 10:17:40] WARNING: - 0 trust assignments processed
[2025-05-22 10:17:40] WARNING: - 2 users in trust network
[2025-05-22 10:17:40] WARNING: - 31 total trust relationships
[2025-05-22 10:27:37] WARNING: === Starting Twitter Trust System Collection ===
[2025-05-22 10:27:37] WARNING: Will collect tweets until reaching previous timestamp: 2025-05-12 06:54:05+00:00
[2025-05-22 10:27:37] WARNING: Retrieving page 1...
[2025-05-22 10:27:38] WARNING: Newest tweet is from: 2025-05-12 06:54:05+00:00
[2025-05-22 10:27:38] WARNING: Reached stop point at tweet from 2025-05-12 06:54:05+00:00
[2025-05-22 10:27:38] WARNING: Retrieved 0 new tweets on page 1
[2025-05-22 10:27:38] WARNING: Stopping pagination as we've reached the stop point
[2025-05-22 10:27:38] WARNING: Retrieved a total of 0 tweets across 1 pages
[2025-05-22 10:27:38] WARNING: No new tweets found with trust commands. Exiting without error.
[2025-05-22 10:27:38] WARNING: Collection complete!
[2025-05-22 10:27:38] WARNING: - 0 trust assignments processed
[2025-05-22 10:27:38] WARNING: - 2 users in trust network
[2025-05-22 10:27:38] WARNING: - 31 total trust relationships
[2025-05-22 10:37:36] WARNING: === Starting Twitter Trust System Collection ===
[2025-05-22 10:37:36] WARNING: Will collect tweets until reaching previous timestamp: 2025-05-12 06:54:05+00:00
[2025-05-22 10:37:36] WARNING: Retrieving page 1...
[2025-05-22 10:37:38] WARNING: Newest tweet is from: 2025-05-12 06:54:05+00:00
[2025-05-22 10:37:38] WARNING: Reached stop point at tweet from 2025-05-12 06:54:05+00:00
[2025-05-22 10:37:38] WARNING: Retrieved 0 new tweets on page 1
[2025-05-22 10:37:38] WARNING: Stopping pagination as we've reached the stop point
[2025-05-22 10:37:38] WARNING: Retrieved a total of 0 tweets across 1 pages
[2025-05-22 10:37:38] WARNING: No new tweets found with trust commands. Exiting without error.
[2025-05-22 10:37:38] WARNING: Collection complete!
[2025-05-22 10:37:38] WARNING: - 0 trust assignments processed
[2025-05-22 10:37:38] WARNING: - 2 users in trust network
[2025-05-22 10:37:38] WARNING: - 31 total trust relationships
[2025-05-22 10:47:37] WARNING: === Starting Twitter Trust System Collection ===
[2025-05-22 10:47:37] WARNING: Will collect tweets until reaching previous timestamp: 2025-05-12 06:54:05+00:00
[2025-05-22 10:47:37] WARNING: Retrieving page 1...
[2025-05-22 10:47:39] WARNING: Newest tweet is from: 2025-05-12 06:54:05+00:00
[2025-05-22 10:47:39] WARNING: Reached stop point at tweet from 2025-05-12 06:54:05+00:00
[2025-05-22 10:47:39] WARNING: Retrieved 0 new tweets on page 1
[2025-05-22 10:47:39] WARNING: Stopping pagination as we've reached the stop point
[2025-05-22 10:47:39] WARNING: Retrieved a total of 0 tweets across 1 pages
[2025-05-22 10:47:39] WARNING: No new tweets found with trust commands. Exiting without error.
[2025-05-22 10:47:39] WARNING: Collection complete!
[2025-05-22 10:47:39] WARNING: - 0 trust assignments processed
[2025-05-22 10:47:39] WARNING: - 2 users in trust network
[2025-05-22 10:47:39] WARNING: - 31 total trust relationships
[2025-05-22 10:57:35] WARNING: === Starting Twitter Trust System Collection ===
[2025-05-22 10:57:35] WARNING: Will collect tweets until reaching previous timestamp: 2025-05-12 06:54:05+00:00
[2025-05-22 10:57:35] WARNING: Retrieving page 1...
[2025-05-22 10:57:37] WARNING: Newest tweet is from: 2025-05-12 06:54:05+00:00
[2025-05-22 10:57:37] WARNING: Reached stop point at tweet from 2025-05-12 06:54:05+00:00
[2025-05-22 10:57:37] WARNING: Retrieved 0 new tweets on page 1
[2025-05-22 10:57:37] WARNING: Stopping pagination as we've reached the stop point
[2025-05-22 10:57:37] WARNING: Retrieved a total of 0 tweets across 1 pages
[2025-05-22 10:57:37] WARNING: No new tweets found with trust commands. Exiting without error.
[2025-05-22 10:57:37] WARNING: Collection complete!
[2025-05-22 10:57:37] WARNING: - 0 trust assignments processed
[2025-05-22 10:57:37] WARNING: - 2 users in trust network
[2025-05-22 10:57:37] WARNING: - 31 total trust relationships
[2025-05-22 11:07:36] WARNING: === Starting Twitter Trust System Collection ===
[2025-05-22 11:07:36] WARNING: Will collect tweets until reaching previous timestamp: 2025-05-12 06:54:05+00:00
[2025-05-22 11:07:36] WARNING: Retrieving page 1...
[2025-05-22 11:07:38] WARNING: Newest tweet is from: 2025-05-12 06:54:05+00:00
[2025-05-22 11:07:38] WARNING: Reached stop point at tweet from 2025-05-12 06:54:05+00:00
[2025-05-22 11:07:38] WARNING: Retrieved 0 new tweets on page 1
[2025-05-22 11:07:38] WARNING: Stopping pagination as we've reached the stop point
[2025-05-22 11:07:38] WARNING: Retrieved a total of 0 tweets across 1 pages
[2025-05-22 11:07:38] WARNING: No new tweets found with trust commands. Exiting without error.
[2025-05-22 11:07:38] WARNING: Collection complete!
[2025-05-22 11:07:38] WARNING: - 0 trust assignments processed
[2025-05-22 11:07:38] WARNING: - 2 users in trust network
[2025-05-22 11:07:38] WARNING: - 31 total trust relationships
[2025-05-22 11:17:36] WARNING: === Starting Twitter Trust System Collection ===
[2025-05-22 11:17:36] WARNING: Will collect tweets until reaching previous timestamp: 2025-05-12 06:54:05+00:00
[2025-05-22 11:17:36] WARNING: Retrieving page 1...
[2025-05-22 11:17:38] WARNING: Newest tweet is from: 2025-05-12 06:54:05+00:00
[2025-05-22 11:17:38] WARNING: Reached stop point at tweet from 2025-05-12 06:54:05+00:00
[2025-05-22 11:17:38] WARNING: Retrieved 0 new tweets on page 1
[2025-05-22 11:17:38] WARNING: Stopping pagination as we've reached the stop point
[2025-05-22 11:17:38] WARNING: Retrieved a total of 0 tweets across 1 pages
[2025-05-22 11:17:38] WARNING: No new tweets found with trust commands. Exiting without error.
[2025-05-22 11:17:38] WARNING: Collection complete!
[2025-05-22 11:17:38] WARNING: - 0 trust assignments processed
[2025-05-22 11:17:38] WARNING: - 2 users in trust network
[2025-05-22 11:17:38] WARNING: - 31 total trust relationships
[2025-05-22 11:27:38] WARNING: === Starting Twitter Trust System Collection ===
[2025-05-22 11:27:38] WARNING: Will collect tweets until reaching previous timestamp: 2025-05-12 06:54:05+00:00
[2025-05-22 11:27:38] WARNING: Retrieving page 1...
[2025-05-22 11:27:40] WARNING: Newest tweet is from: 2025-05-12 06:54:05+00:00
[2025-05-22 11:27:40] WARNING: Reached stop point at tweet from 2025-05-12 06:54:05+00:00
[2025-05-22 11:27:40] WARNING: Retrieved 0 new tweets on page 1
[2025-05-22 11:27:40] WARNING: Stopping pagination as we've reached the stop point
[2025-05-22 11:27:40] WARNING: Retrieved a total of 0 tweets across 1 pages
[2025-05-22 11:27:40] WARNING: No new tweets found with trust commands. Exiting without error.
[2025-05-22 11:27:40] WARNING: Collection complete!
[2025-05-22 11:27:40] WARNING: - 0 trust assignments processed
[2025-05-22 11:27:40] WARNING: - 2 users in trust network
[2025-05-22 11:27:40] WARNING: - 31 total trust relationships
[2025-05-22 11:37:37] WARNING: === Starting Twitter Trust System Collection ===
[2025-05-22 11:37:37] WARNING: Will collect tweets until reaching previous timestamp: 2025-05-12 06:54:05+00:00
[2025-05-22 11:37:37] WARNING: Retrieving page 1...
[2025-05-22 11:37:39] WARNING: Newest tweet is from: 2025-05-12 06:54:05+00:00
[2025-05-22 11:37:39] WARNING: Reached stop point at tweet from 2025-05-12 06:54:05+00:00
[2025-05-22 11:37:39] WARNING: Retrieved 0 new tweets on page 1
[2025-05-22 11:37:39] WARNING: Stopping pagination as we've reached the stop point
[2025-05-22 11:37:39] WARNING: Retrieved a total of 0 tweets across 1 pages
[2025-05-22 11:37:39] WARNING: No new tweets found with trust commands. Exiting without error.
[2025-05-22 11:37:39] WARNING: Collection complete!
[2025-05-22 11:37:39] WARNING: - 0 trust assignments processed
[2025-05-22 11:37:39] WARNING: - 2 users in trust network
[2025-05-22 11:37:39] WARNING: - 31 total trust relationships
[2025-05-22 11:47:38] WARNING: === Starting Twitter Trust System Collection ===
[2025-05-22 11:47:38] WARNING: Will collect tweets until reaching previous timestamp: 2025-05-12 06:54:05+00:00
[2025-05-22 11:47:38] WARNING: Retrieving page 1...
[2025-05-22 11:47:40] WARNING: Newest tweet is from: 2025-05-12 06:54:05+00:00
[2025-05-22 11:47:40] WARNING: Reached stop point at tweet from 2025-05-12 06:54:05+00:00
[2025-05-22 11:47:40] WARNING: Retrieved 0 new tweets on page 1
[2025-05-22 11:47:40] WARNING: Stopping pagination as we've reached the stop point
[2025-05-22 11:47:40] WARNING: Retrieved a total of 0 tweets across 1 pages
[2025-05-22 11:47:40] WARNING: No new tweets found with trust commands. Exiting without error.
[2025-05-22 11:47:40] WARNING: Collection complete!
[2025-05-22 11:47:40] WARNING: - 0 trust assignments processed
[2025-05-22 11:47:40] WARNING: - 2 users in trust network
[2025-05-22 11:47:40] WARNING: - 31 total trust relationships
[2025-05-22 11:57:35] WARNING: === Starting Twitter Trust System Collection ===
[2025-05-22 11:57:35] WARNING: Will collect tweets until reaching previous timestamp: 2025-05-12 06:54:05+00:00
[2025-05-22 11:57:35] WARNING: Retrieving page 1...
[2025-05-22 11:57:37] WARNING: Newest tweet is from: 2025-05-12 06:54:05+00:00
[2025-05-22 11:57:37] WARNING: Reached stop point at tweet from 2025-05-12 06:54:05+00:00
[2025-05-22 11:57:37] WARNING: Retrieved 0 new tweets on page 1
[2025-05-22 11:57:37] WARNING: Stopping pagination as we've reached the stop point
[2025-05-22 11:57:37] WARNING: Retrieved a total of 0 tweets across 1 pages
[2025-05-22 11:57:37] WARNING: No new tweets found with trust commands. Exiting without error.
[2025-05-22 11:57:37] WARNING: Collection complete!
[2025-05-22 11:57:37] WARNING: - 0 trust assignments processed
[2025-05-22 11:57:37] WARNING: - 2 users in trust network
[2025-05-22 11:57:37] WARNING: - 31 total trust relationships
[2025-05-22 12:07:36] WARNING: === Starting Twitter Trust System Collection ===
[2025-05-22 12:07:36] WARNING: Will collect tweets until reaching previous timestamp: 2025-05-12 06:54:05+00:00
[2025-05-22 12:07:36] WARNING: Retrieving page 1...
[2025-05-22 12:07:39] WARNING: Newest tweet is from: 2025-05-12 06:54:05+00:00
[2025-05-22 12:07:39] WARNING: Reached stop point at tweet from 2025-05-12 06:54:05+00:00
[2025-05-22 12:07:39] WARNING: Retrieved 0 new tweets on page 1
[2025-05-22 12:07:39] WARNING: Stopping pagination as we've reached the stop point
[2025-05-22 12:07:39] WARNING: Retrieved a total of 0 tweets across 1 pages
[2025-05-22 12:07:39] WARNING: No new tweets found with trust commands. Exiting without error.
[2025-05-22 12:07:39] WARNING: Collection complete!
[2025-05-22 12:07:39] WARNING: - 0 trust assignments processed
[2025-05-22 12:07:39] WARNING: - 2 users in trust network
[2025-05-22 12:07:39] WARNING: - 31 total trust relationships
[2025-05-22 12:17:40] WARNING: === Starting Twitter Trust System Collection ===
[2025-05-22 12:17:40] WARNING: Will collect tweets until reaching previous timestamp: 2025-05-12 06:54:05+00:00
[2025-05-22 12:17:40] WARNING: Retrieving page 1...
[2025-05-22 12:17:42] WARNING: Newest tweet is from: 2025-05-12 06:54:05+00:00
[2025-05-22 12:17:42] WARNING: Reached stop point at tweet from 2025-05-12 06:54:05+00:00
[2025-05-22 12:17:42] WARNING: Retrieved 0 new tweets on page 1
[2025-05-22 12:17:42] WARNING: Stopping pagination as we've reached the stop point
[2025-05-22 12:17:42] WARNING: Retrieved a total of 0 tweets across 1 pages
[2025-05-22 12:17:42] WARNING: No new tweets found with trust commands. Exiting without error.
[2025-05-22 12:17:42] WARNING: Collection complete!
[2025-05-22 12:17:42] WARNING: - 0 trust assignments processed
[2025-05-22 12:17:42] WARNING: - 2 users in trust network
[2025-05-22 12:17:42] WARNING: - 31 total trust relationships
[2025-05-22 12:27:36] WARNING: === Starting Twitter Trust System Collection ===
[2025-05-22 12:27:36] WARNING: Will collect tweets until reaching previous timestamp: 2025-05-12 06:54:05+00:00
[2025-05-22 12:27:36] WARNING: Retrieving page 1...
[2025-05-22 12:27:38] WARNING: Newest tweet is from: 2025-05-12 06:54:05+00:00
[2025-05-22 12:27:38] WARNING: Reached stop point at tweet from 2025-05-12 06:54:05+00:00
[2025-05-22 12:27:38] WARNING: Retrieved 0 new tweets on page 1
[2025-05-22 12:27:38] WARNING: Stopping pagination as we've reached the stop point
[2025-05-22 12:27:38] WARNING: Retrieved a total of 0 tweets across 1 pages
[2025-05-22 12:27:38] WARNING: No new tweets found with trust commands. Exiting without error.
[2025-05-22 12:27:38] WARNING: Collection complete!
[2025-05-22 12:27:38] WARNING: - 0 trust assignments processed
[2025-05-22 12:27:38] WARNING: - 2 users in trust network
[2025-05-22 12:27:38] WARNING: - 31 total trust relationships
[2025-05-22 12:37:36] WARNING: === Starting Twitter Trust System Collection ===
[2025-05-22 12:37:36] WARNING: Will collect tweets until reaching previous timestamp: 2025-05-12 06:54:05+00:00
[2025-05-22 12:37:36] WARNING: Retrieving page 1...
[2025-05-22 12:37:40] WARNING: Newest tweet is from: 2025-05-12 06:54:05+00:00
[2025-05-22 12:37:40] WARNING: Reached stop point at tweet from 2025-05-12 06:54:05+00:00
[2025-05-22 12:37:40] WARNING: Retrieved 0 new tweets on page 1
[2025-05-22 12:37:40] WARNING: Stopping pagination as we've reached the stop point
[2025-05-22 12:37:40] WARNING: Retrieved a total of 0 tweets across 1 pages
[2025-05-22 12:37:40] WARNING: No new tweets found with trust commands. Exiting without error.
[2025-05-22 12:37:40] WARNING: Collection complete!
[2025-05-22 12:37:40] WARNING: - 0 trust assignments processed
[2025-05-22 12:37:40] WARNING: - 2 users in trust network
[2025-05-22 12:37:40] WARNING: - 31 total trust relationships
[2025-05-22 12:47:36] WARNING: === Starting Twitter Trust System Collection ===
[2025-05-22 12:47:36] WARNING: Will collect tweets until reaching previous timestamp: 2025-05-12 06:54:05+00:00
[2025-05-22 12:47:36] WARNING: Retrieving page 1...
[2025-05-22 12:47:38] WARNING: Newest tweet is from: 2025-05-12 06:54:05+00:00
[2025-05-22 12:47:38] WARNING: Reached stop point at tweet from 2025-05-12 06:54:05+00:00
[2025-05-22 12:47:38] WARNING: Retrieved 0 new tweets on page 1
[2025-05-22 12:47:38] WARNING: Stopping pagination as we've reached the stop point
[2025-05-22 12:47:38] WARNING: Retrieved a total of 0 tweets across 1 pages
[2025-05-22 12:47:38] WARNING: No new tweets found with trust commands. Exiting without error.
[2025-05-22 12:47:38] WARNING: Collection complete!
[2025-05-22 12:47:38] WARNING: - 0 trust assignments processed
[2025-05-22 12:47:38] WARNING: - 2 users in trust network
[2025-05-22 12:47:38] WARNING: - 31 total trust relationships
[2025-05-22 12:57:34] WARNING: === Starting Twitter Trust System Collection ===
[2025-05-22 12:57:34] WARNING: Will collect tweets until reaching previous timestamp: 2025-05-12 06:54:05+00:00
[2025-05-22 12:57:34] WARNING: Retrieving page 1...
[2025-05-22 12:57:36] WARNING: Newest tweet is from: 2025-05-12 06:54:05+00:00
[2025-05-22 12:57:36] WARNING: Reached stop point at tweet from 2025-05-12 06:54:05+00:00
[2025-05-22 12:57:36] WARNING: Retrieved 0 new tweets on page 1
[2025-05-22 12:57:36] WARNING: Stopping pagination as we've reached the stop point
[2025-05-22 12:57:36] WARNING: Retrieved a total of 0 tweets across 1 pages
[2025-05-22 12:57:36] WARNING: No new tweets found with trust commands. Exiting without error.
[2025-05-22 12:57:36] WARNING: Collection complete!
[2025-05-22 12:57:36] WARNING: - 0 trust assignments processed
[2025-05-22 12:57:36] WARNING: - 2 users in trust network
[2025-05-22 12:57:36] WARNING: - 31 total trust relationships
[2025-05-22 13:07:34] WARNING: === Starting Twitter Trust System Collection ===
[2025-05-22 13:07:34] WARNING: Will collect tweets until reaching previous timestamp: 2025-05-12 06:54:05+00:00
[2025-05-22 13:07:34] WARNING: Retrieving page 1...
[2025-05-22 13:07:36] WARNING: Newest tweet is from: 2025-05-12 06:54:05+00:00
[2025-05-22 13:07:36] WARNING: Reached stop point at tweet from 2025-05-12 06:54:05+00:00
[2025-05-22 13:07:36] WARNING: Retrieved 0 new tweets on page 1
[2025-05-22 13:07:36] WARNING: Stopping pagination as we've reached the stop point
[2025-05-22 13:07:36] WARNING: Retrieved a total of 0 tweets across 1 pages
[2025-05-22 13:07:36] WARNING: No new tweets found with trust commands. Exiting without error.
[2025-05-22 13:07:36] WARNING: Collection complete!
[2025-05-22 13:07:36] WARNING: - 0 trust assignments processed
[2025-05-22 13:07:36] WARNING: - 2 users in trust network
[2025-05-22 13:07:36] WARNING: - 31 total trust relationships
[2025-05-22 13:17:35] WARNING: === Starting Twitter Trust System Collection ===
[2025-05-22 13:17:35] WARNING: Will collect tweets until reaching previous timestamp: 2025-05-12 06:54:05+00:00
[2025-05-22 13:17:35] WARNING: Retrieving page 1...
[2025-05-22 13:17:37] WARNING: Newest tweet is from: 2025-05-12 06:54:05+00:00
[2025-05-22 13:17:37] WARNING: Reached stop point at tweet from 2025-05-12 06:54:05+00:00
[2025-05-22 13:17:37] WARNING: Retrieved 0 new tweets on page 1
[2025-05-22 13:17:37] WARNING: Stopping pagination as we've reached the stop point
[2025-05-22 13:17:37] WARNING: Retrieved a total of 0 tweets across 1 pages
[2025-05-22 13:17:37] WARNING: No new tweets found with trust commands. Exiting without error.
[2025-05-22 13:17:37] WARNING: Collection complete!
[2025-05-22 13:17:37] WARNING: - 0 trust assignments processed
[2025-05-22 13:17:37] WARNING: - 2 users in trust network
[2025-05-22 13:17:37] WARNING: - 31 total trust relationships
[2025-05-22 13:27:34] WARNING: === Starting Twitter Trust System Collection ===
[2025-05-22 13:27:34] WARNING: Will collect tweets until reaching previous timestamp: 2025-05-12 06:54:05+00:00
[2025-05-22 13:27:34] WARNING: Retrieving page 1...
[2025-05-22 13:27:36] WARNING: Newest tweet is from: 2025-05-12 06:54:05+00:00
[2025-05-22 13:27:36] WARNING: Reached stop point at tweet from 2025-05-12 06:54:05+00:00
[2025-05-22 13:27:36] WARNING: Retrieved 0 new tweets on page 1
[2025-05-22 13:27:36] WARNING: Stopping pagination as we've reached the stop point
[2025-05-22 13:27:36] WARNING: Retrieved a total of 0 tweets across 1 pages
[2025-05-22 13:27:36] WARNING: No new tweets found with trust commands. Exiting without error.
[2025-05-22 13:27:36] WARNING: Collection complete!
[2025-05-22 13:27:36] WARNING: - 0 trust assignments processed
[2025-05-22 13:27:36] WARNING: - 2 users in trust network
[2025-05-22 13:27:36] WARNING: - 31 total trust relationships
[2025-05-22 13:37:35] WARNING: === Starting Twitter Trust System Collection ===
[2025-05-22 13:37:35] WARNING: Will collect tweets until reaching previous timestamp: 2025-05-12 06:54:05+00:00
[2025-05-22 13:37:35] WARNING: Retrieving page 1...
[2025-05-22 13:37:38] WARNING: Newest tweet is from: 2025-05-12 06:54:05+00:00
[2025-05-22 13:37:38] WARNING: Reached stop point at tweet from 2025-05-12 06:54:05+00:00
[2025-05-22 13:37:38] WARNING: Retrieved 0 new tweets on page 1
[2025-05-22 13:37:38] WARNING: Stopping pagination as we've reached the stop point
[2025-05-22 13:37:38] WARNING: Retrieved a total of 0 tweets across 1 pages
[2025-05-22 13:37:38] WARNING: No new tweets found with trust commands. Exiting without error.
[2025-05-22 13:37:38] WARNING: Collection complete!
[2025-05-22 13:37:38] WARNING: - 0 trust assignments processed
[2025-05-22 13:37:38] WARNING: - 2 users in trust network
[2025-05-22 13:37:38] WARNING: - 31 total trust relationships
[2025-05-22 13:47:35] WARNING: === Starting Twitter Trust System Collection ===
[2025-05-22 13:47:35] WARNING: Will collect tweets until reaching previous timestamp: 2025-05-12 06:54:05+00:00
[2025-05-22 13:47:35] WARNING: Retrieving page 1...
[2025-05-22 13:47:37] WARNING: Newest tweet is from: 2025-05-12 06:54:05+00:00
[2025-05-22 13:47:37] WARNING: Reached stop point at tweet from 2025-05-12 06:54:05+00:00
[2025-05-22 13:47:37] WARNING: Retrieved 0 new tweets on page 1
[2025-05-22 13:47:37] WARNING: Stopping pagination as we've reached the stop point
[2025-05-22 13:47:37] WARNING: Retrieved a total of 0 tweets across 1 pages
[2025-05-22 13:47:37] WARNING: No new tweets found with trust commands. Exiting without error.
[2025-05-22 13:47:37] WARNING: Collection complete!
[2025-05-22 13:47:37] WARNING: - 0 trust assignments processed
[2025-05-22 13:47:37] WARNING: - 2 users in trust network
[2025-05-22 13:47:37] WARNING: - 31 total trust relationships
[2025-05-22 13:57:35] WARNING: === Starting Twitter Trust System Collection ===
[2025-05-22 13:57:35] WARNING: Will collect tweets until reaching previous timestamp: 2025-05-12 06:54:05+00:00
[2025-05-22 13:57:35] WARNING: Retrieving page 1...
[2025-05-22 13:57:37] WARNING: Newest tweet is from: 2025-05-12 06:54:05+00:00
[2025-05-22 13:57:37] WARNING: Reached stop point at tweet from 2025-05-12 06:54:05+00:00
[2025-05-22 13:57:37] WARNING: Retrieved 0 new tweets on page 1
[2025-05-22 13:57:37] WARNING: Stopping pagination as we've reached the stop point
[2025-05-22 13:57:37] WARNING: Retrieved a total of 0 tweets across 1 pages
[2025-05-22 13:57:37] WARNING: No new tweets found with trust commands. Exiting without error.
[2025-05-22 13:57:37] WARNING: Collection complete!
[2025-05-22 13:57:37] WARNING: - 0 trust assignments processed
[2025-05-22 13:57:37] WARNING: - 2 users in trust network
[2025-05-22 13:57:37] WARNING: - 31 total trust relationships
[2025-05-22 14:07:35] WARNING: === Starting Twitter Trust System Collection ===
[2025-05-22 14:07:35] WARNING: Will collect tweets until reaching previous timestamp: 2025-05-12 06:54:05+00:00
[2025-05-22 14:07:35] WARNING: Retrieving page 1...
[2025-05-22 14:07:37] WARNING: Newest tweet is from: 2025-05-12 06:54:05+00:00
[2025-05-22 14:07:37] WARNING: Reached stop point at tweet from 2025-05-12 06:54:05+00:00
[2025-05-22 14:07:37] WARNING: Retrieved 0 new tweets on page 1
[2025-05-22 14:07:37] WARNING: Stopping pagination as we've reached the stop point
[2025-05-22 14:07:37] WARNING: Retrieved a total of 0 tweets across 1 pages
[2025-05-22 14:07:37] WARNING: No new tweets found with trust commands. Exiting without error.
[2025-05-22 14:07:37] WARNING: Collection complete!
[2025-05-22 14:07:37] WARNING: - 0 trust assignments processed
[2025-05-22 14:07:37] WARNING: - 2 users in trust network
[2025-05-22 14:07:37] WARNING: - 31 total trust relationships
[2025-05-22 14:17:36] WARNING: === Starting Twitter Trust System Collection ===
[2025-05-22 14:17:36] WARNING: Will collect tweets until reaching previous timestamp: 2025-05-12 06:54:05+00:00
[2025-05-22 14:17:36] WARNING: Retrieving page 1...
[2025-05-22 14:17:39] WARNING: Newest tweet is from: 2025-05-12 06:54:05+00:00
[2025-05-22 14:17:39] WARNING: Reached stop point at tweet from 2025-05-12 06:54:05+00:00
[2025-05-22 14:17:39] WARNING: Retrieved 0 new tweets on page 1
[2025-05-22 14:17:39] WARNING: Stopping pagination as we've reached the stop point
[2025-05-22 14:17:39] WARNING: Retrieved a total of 0 tweets across 1 pages
[2025-05-22 14:17:39] WARNING: No new tweets found with trust commands. Exiting without error.
[2025-05-22 14:17:39] WARNING: Collection complete!
[2025-05-22 14:17:39] WARNING: - 0 trust assignments processed
[2025-05-22 14:17:39] WARNING: - 2 users in trust network
[2025-05-22 14:17:39] WARNING: - 31 total trust relationships
[2025-05-22 14:27:36] WARNING: === Starting Twitter Trust System Collection ===
[2025-05-22 14:27:36] WARNING: Will collect tweets until reaching previous timestamp: 2025-05-12 06:54:05+00:00
[2025-05-22 14:27:36] WARNING: Retrieving page 1...
[2025-05-22 14:27:38] WARNING: Newest tweet is from: 2025-05-12 06:54:05+00:00
[2025-05-22 14:27:38] WARNING: Reached stop point at tweet from 2025-05-12 06:54:05+00:00
[2025-05-22 14:27:38] WARNING: Retrieved 0 new tweets on page 1
[2025-05-22 14:27:38] WARNING: Stopping pagination as we've reached the stop point
[2025-05-22 14:27:38] WARNING: Retrieved a total of 0 tweets across 1 pages
[2025-05-22 14:27:38] WARNING: No new tweets found with trust commands. Exiting without error.
[2025-05-22 14:27:38] WARNING: Collection complete!
[2025-05-22 14:27:38] WARNING: - 0 trust assignments processed
[2025-05-22 14:27:38] WARNING: - 2 users in trust network
[2025-05-22 14:27:38] WARNING: - 31 total trust relationships
[2025-05-22 14:37:35] WARNING: === Starting Twitter Trust System Collection ===
[2025-05-22 14:37:35] WARNING: Will collect tweets until reaching previous timestamp: 2025-05-12 06:54:05+00:00
[2025-05-22 14:37:35] WARNING: Retrieving page 1...
[2025-05-22 14:37:37] WARNING: Newest tweet is from: 2025-05-12 06:54:05+00:00
[2025-05-22 14:37:37] WARNING: Reached stop point at tweet from 2025-05-12 06:54:05+00:00
[2025-05-22 14:37:37] WARNING: Retrieved 0 new tweets on page 1
[2025-05-22 14:37:37] WARNING: Stopping pagination as we've reached the stop point
[2025-05-22 14:37:37] WARNING: Retrieved a total of 0 tweets across 1 pages
[2025-05-22 14:37:37] WARNING: No new tweets found with trust commands. Exiting without error.
[2025-05-22 14:37:37] WARNING: Collection complete!
[2025-05-22 14:37:37] WARNING: - 0 trust assignments processed
[2025-05-22 14:37:37] WARNING: - 2 users in trust network
[2025-05-22 14:37:37] WARNING: - 31 total trust relationships
[2025-05-22 14:47:37] WARNING: === Starting Twitter Trust System Collection ===
[2025-05-22 14:47:37] WARNING: Will collect tweets until reaching previous timestamp: 2025-05-12 06:54:05+00:00
[2025-05-22 14:47:37] WARNING: Retrieving page 1...
[2025-05-22 14:47:39] WARNING: Newest tweet is from: 2025-05-12 06:54:05+00:00
[2025-05-22 14:47:39] WARNING: Reached stop point at tweet from 2025-05-12 06:54:05+00:00
[2025-05-22 14:47:39] WARNING: Retrieved 0 new tweets on page 1
[2025-05-22 14:47:39] WARNING: Stopping pagination as we've reached the stop point
[2025-05-22 14:47:39] WARNING: Retrieved a total of 0 tweets across 1 pages
[2025-05-22 14:47:39] WARNING: No new tweets found with trust commands. Exiting without error.
[2025-05-22 14:47:39] WARNING: Collection complete!
[2025-05-22 14:47:39] WARNING: - 0 trust assignments processed
[2025-05-22 14:47:39] WARNING: - 2 users in trust network
[2025-05-22 14:47:39] WARNING: - 31 total trust relationships
[2025-05-22 14:57:35] WARNING: === Starting Twitter Trust System Collection ===
[2025-05-22 14:57:35] WARNING: Will collect tweets until reaching previous timestamp: 2025-05-12 06:54:05+00:00
[2025-05-22 14:57:35] WARNING: Retrieving page 1...
[2025-05-22 14:57:37] WARNING: Newest tweet is from: 2025-05-12 06:54:05+00:00
[2025-05-22 14:57:37] WARNING: Reached stop point at tweet from 2025-05-12 06:54:05+00:00
[2025-05-22 14:57:37] WARNING: Retrieved 0 new tweets on page 1
[2025-05-22 14:57:37] WARNING: Stopping pagination as we've reached the stop point
[2025-05-22 14:57:37] WARNING: Retrieved a total of 0 tweets across 1 pages
[2025-05-22 14:57:37] WARNING: No new tweets found with trust commands. Exiting without error.
[2025-05-22 14:57:37] WARNING: Collection complete!
[2025-05-22 14:57:37] WARNING: - 0 trust assignments processed
[2025-05-22 14:57:37] WARNING: - 2 users in trust network
[2025-05-22 14:57:37] WARNING: - 31 total trust relationships
[2025-05-22 15:07:35] WARNING: === Starting Twitter Trust System Collection ===
[2025-05-22 15:07:35] WARNING: Will collect tweets until reaching previous timestamp: 2025-05-12 06:54:05+00:00
[2025-05-22 15:07:35] WARNING: Retrieving page 1...
[2025-05-22 15:07:37] WARNING: Newest tweet is from: 2025-05-12 06:54:05+00:00
[2025-05-22 15:07:37] WARNING: Reached stop point at tweet from 2025-05-12 06:54:05+00:00
[2025-05-22 15:07:37] WARNING: Retrieved 0 new tweets on page 1
[2025-05-22 15:07:37] WARNING: Stopping pagination as we've reached the stop point
[2025-05-22 15:07:37] WARNING: Retrieved a total of 0 tweets across 1 pages
[2025-05-22 15:07:37] WARNING: No new tweets found with trust commands. Exiting without error.
[2025-05-22 15:07:37] WARNING: Collection complete!
[2025-05-22 15:07:37] WARNING: - 0 trust assignments processed
[2025-05-22 15:07:37] WARNING: - 2 users in trust network
[2025-05-22 15:07:37] WARNING: - 31 total trust relationships
[2025-05-22 15:07:37] Calculating trust scores from collected data...
[2025-05-22 13:07:41] INFO: Community Community A (18 members): AskaPol_UAPs, ChrisUKSharp, DanHaug6, Eyes_OnTheSkies, FettucineSplit, GoodTroubleShow, Halsrethink, JeremyCorbell, JonMajerowski, LueElizondo, PTHellyer, SnakePo9, TheOfficialQF, g_knapp, jamescfox, jayanderson, rosscoulthart, ufobeliever1947
[2025-05-22 13:07:41] INFO: Community Community B (7 members): MiddleofMayhem, OSIRISUAP, ShipsSmall, cosmic_surplus, likeitmatters3, susangerbic, ufoskeptic1968
[2025-05-22 13:07:41] INFO: Community analysis written to community_analysis.txt
[2025-05-22 13:07:41] WARNING: Generating trust network visualization...
[2025-05-22 13:07:43] WARNING: Network visualization saved to visualization/trust_network.png
[2025-05-22 13:07:43] WARNING: Creating JSON data structure...
[2025-05-22 13:07:43] WARNING: Successfully generated js/data.js with:
[2025-05-22 13:07:43] WARNING: - 25 users
[2025-05-22 13:07:43] WARNING: - 31 trust relationships
[2025-05-22 13:07:43] WARNING: - 2 communities
[2025-05-22 13:07:43] WARNING: Trust calculation completed successfully.
[2025-05-22 13:17:42] WARNING: === Starting Trust Score Calculation ===
[2025-05-22 13:17:42] WARNING: Starting trust score calculation...
[2025-05-22 13:17:42] WARNING: Found 25 users in the trust network
[2025-05-22 13:17:42] WARNING: Building trust network graph...
[2025-05-22 13:17:42] WARNING: Calculating PageRank scores...
[2025-05-22 13:17:42] WARNING: Applying distrust penalties...
[2025-05-22 13:17:42] WARNING: Detecting communities...
[2025-05-22 13:17:42] WARNING: Found 8 isolated nodes to assign to communities
[2025-05-22 13:17:42] WARNING: Assigned isolated node Eyes_OnTheSkies to community 1 based on structural balance theory
[2025-05-22 13:17:42] WARNING: Assigned isolated node FettucineSplit to community 1 based on structural balance theory
[2025-05-22 13:17:42] WARNING: Assigned isolated node JonMajerowski to community 1 based on structural balance theory
[2025-05-22 13:17:42] WARNING: Assigned isolated node MiddleofMayhem to community 2 based on structural balance theory
[2025-05-22 13:17:42] WARNING: Assigned isolated node PTHellyer to community 1 based on structural balance theory
[2025-05-22 13:17:42] WARNING: Assigned isolated node SnakePo9 to community 1 based on structural balance theory
[2025-05-22 13:17:42] WARNING: Assigned isolated node jamescfox to community 1 based on structural balance theory
[2025-05-22 13:17:42] WARNING: Assigned isolated node likeitmatters3 to community 2 based on structural balance theory
[2025-05-22 13:17:42] INFO: Analyzing community composition...
[2025-05-22 13:17:42] INFO: Community Community A (18 members): AskaPol_UAPs, ChrisUKSharp, DanHaug6, Eyes_OnTheSkies, FettucineSplit, GoodTroubleShow, Halsrethink, JeremyCorbell, JonMajerowski, LueElizondo, PTHellyer, SnakePo9, TheOfficialQF, g_knapp, jamescfox, jayanderson, rosscoulthart, ufobeliever1947
[2025-05-22 13:17:42] INFO: Community Community B (7 members): MiddleofMayhem, OSIRISUAP, ShipsSmall, cosmic_surplus, likeitmatters3, susangerbic, ufoskeptic1968
[2025-05-22 13:17:42] INFO: Community analysis written to community_analysis.txt
[2025-05-22 13:17:42] WARNING: Generating trust network visualization...
[2025-05-22 13:17:44] WARNING: Network visualization saved to visualization/trust_network.png
[2025-05-22 13:17:44] WARNING: Creating JSON data structure...
[2025-05-22 13:17:44] WARNING: Successfully generated js/data.js with:
[2025-05-22 13:17:44] WARNING: - 25 users
[2025-05-22 13:17:44] WARNING: - 31 trust relationships
[2025-05-22 13:17:44] WARNING: - 2 communities
[2025-05-22 13:17:44] WARNING: Trust calculation completed successfully.
[2025-05-22 13:27:42] WARNING: === Starting Trust Score Calculation ===
[2025-05-22 13:27:42] WARNING: Starting trust score calculation...
[2025-05-22 13:27:42] WARNING: Found 25 users in the trust network
[2025-05-22 13:27:42] WARNING: Building trust network graph...
[2025-05-22 13:27:42] WARNING: Calculating PageRank scores...
[2025-05-22 13:27:42] WARNING: Applying distrust penalties...
[2025-05-22 13:27:42] WARNING: Detecting communities...
[2025-05-22 13:27:42] WARNING: Found 8 isolated nodes to assign to communities
[2025-05-22 13:27:42] WARNING: Assigned isolated node Eyes_OnTheSkies to community 1 based on structural balance theory
[2025-05-22 13:27:42] WARNING: Assigned isolated node FettucineSplit to community 1 based on structural balance theory
[2025-05-22 13:27:42] WARNING: Assigned isolated node JonMajerowski to community 1 based on structural balance theory
[2025-05-22 13:27:42] WARNING: Assigned isolated node MiddleofMayhem to community 2 based on structural balance theory
[2025-05-22 13:27:42] WARNING: Assigned isolated node PTHellyer to community 1 based on structural balance theory
[2025-05-22 13:27:42] WARNING: Assigned isolated node SnakePo9 to community 1 based on structural balance theory
[2025-05-22 13:27:42] WARNING: Assigned isolated node jamescfox to community 1 based on structural balance theory
[2025-05-22 13:27:42] WARNING: Assigned isolated node likeitmatters3 to community 2 based on structural balance theory
[2025-05-22 13:27:42] INFO: Analyzing community composition...
[2025-05-22 13:27:42] INFO: Community Community A (18 members): AskaPol_UAPs, ChrisUKSharp, DanHaug6, Eyes_OnTheSkies, FettucineSplit, GoodTroubleShow, Halsrethink, JeremyCorbell, JonMajerowski, LueElizondo, PTHellyer, SnakePo9, TheOfficialQF, g_knapp, jamescfox, jayanderson, rosscoulthart, ufobeliever1947
[2025-05-22 13:27:42] INFO: Community Community B (7 members): MiddleofMayhem, OSIRISUAP, ShipsSmall, cosmic_surplus, likeitmatters3, susangerbic, ufoskeptic1968
[2025-05-22 13:27:42] INFO: Community analysis written to community_analysis.txt
[2025-05-22 13:27:42] WARNING: Generating trust network visualization...
[2025-05-22 13:27:44] WARNING: Network visualization saved to visualization/trust_network.png
[2025-05-22 13:27:44] WARNING: Creating JSON data structure...
[2025-05-22 13:27:44] WARNING: Successfully generated js/data.js with:
[2025-05-22 13:27:44] WARNING: - 25 users
[2025-05-22 13:27:44] WARNING: - 31 trust relationships
[2025-05-22 13:27:44] WARNING: - 2 communities
[2025-05-22 13:27:44] WARNING: Trust calculation completed successfully.
[2025-05-22 13:37:43] WARNING: === Starting Trust Score Calculation ===
[2025-05-22 13:37:43] WARNING: Starting trust score calculation...
[2025-05-22 13:37:43] WARNING: Found 25 users in the trust network
[2025-05-22 13:37:43] WARNING: Building trust network graph...
[2025-05-22 13:37:43] WARNING: Calculating PageRank scores...
[2025-05-22 13:37:43] WARNING: Applying distrust penalties...
[2025-05-22 13:37:43] WARNING: Detecting communities...
[2025-05-22 13:37:43] WARNING: Found 8 isolated nodes to assign to communities
[2025-05-22 13:37:43] WARNING: Assigned isolated node Eyes_OnTheSkies to community 1 based on structural balance theory
[2025-05-22 13:37:43] WARNING: Assigned isolated node FettucineSplit to community 1 based on structural balance theory
[2025-05-22 13:37:43] WARNING: Assigned isolated node JonMajerowski to community 1 based on structural balance theory
[2025-05-22 13:37:43] WARNING: Assigned isolated node MiddleofMayhem to community 2 based on structural balance theory
[2025-05-22 13:37:43] WARNING: Assigned isolated node PTHellyer to community 1 based on structural balance theory
[2025-05-22 13:37:43] WARNING: Assigned isolated node SnakePo9 to community 1 based on structural balance theory
[2025-05-22 13:37:43] WARNING: Assigned isolated node jamescfox to community 1 based on structural balance theory
[2025-05-22 13:37:43] WARNING: Assigned isolated node likeitmatters3 to community 2 based on structural balance theory
[2025-05-22 13:37:43] INFO: Analyzing community composition...
[2025-05-22 13:37:43] INFO: Community Community A (18 members): AskaPol_UAPs, ChrisUKSharp, DanHaug6, Eyes_OnTheSkies, FettucineSplit, GoodTroubleShow, Halsrethink, JeremyCorbell, JonMajerowski, LueElizondo, PTHellyer, SnakePo9, TheOfficialQF, g_knapp, jamescfox, jayanderson, rosscoulthart, ufobeliever1947
[2025-05-22 13:37:43] INFO: Community Community B (7 members): MiddleofMayhem, OSIRISUAP, ShipsSmall, cosmic_surplus, likeitmatters3, susangerbic, ufoskeptic1968
[2025-05-22 13:37:43] INFO: Community analysis written to community_analysis.txt
[2025-05-22 13:37:43] WARNING: Generating trust network visualization...
[2025-05-22 13:37:44] WARNING: Network visualization saved to visualization/trust_network.png
[2025-05-22 13:37:44] WARNING: Creating JSON data structure...
[2025-05-22 13:37:44] WARNING: Successfully generated js/data.js with:
[2025-05-22 13:37:44] WARNING: - 25 users
[2025-05-22 13:37:44] WARNING: - 31 trust relationships
[2025-05-22 13:37:44] WARNING: - 2 communities
[2025-05-22 13:37:44] WARNING: Trust calculation completed successfully.
[2025-05-22 13:47:42] WARNING: === Starting Trust Score Calculation ===
[2025-05-22 13:47:42] WARNING: Starting trust score calculation...
[2025-05-22 13:47:42] WARNING: Found 25 users in the trust network
[2025-05-22 13:47:42] WARNING: Building trust network graph...
[2025-05-22 13:47:42] WARNING: Calculating PageRank scores...
[2025-05-22 13:47:42] WARNING: Applying distrust penalties...
[2025-05-22 13:47:42] WARNING: Detecting communities...
[2025-05-22 13:47:42] WARNING: Found 8 isolated nodes to assign to communities
[2025-05-22 13:47:42] WARNING: Assigned isolated node Eyes_OnTheSkies to community 1 based on structural balance theory
[2025-05-22 13:47:42] WARNING: Assigned isolated node FettucineSplit to community 1 based on structural balance theory
[2025-05-22 13:47:42] WARNING: Assigned isolated node JonMajerowski to community 1 based on structural balance theory
[2025-05-22 13:47:42] WARNING: Assigned isolated node MiddleofMayhem to community 2 based on structural balance theory
[2025-05-22 13:47:42] WARNING: Assigned isolated node PTHellyer to community 1 based on structural balance theory
[2025-05-22 13:47:42] WARNING: Assigned isolated node SnakePo9 to community 1 based on structural balance theory
[2025-05-22 13:47:42] WARNING: Assigned isolated node jamescfox to community 1 based on structural balance theory
[2025-05-22 13:47:42] WARNING: Assigned isolated node likeitmatters3 to community 2 based on structural balance theory
[2025-05-22 13:47:42] INFO: Analyzing community composition...
[2025-05-22 13:47:42] INFO: Community Community A (18 members): AskaPol_UAPs, ChrisUKSharp, DanHaug6, Eyes_OnTheSkies, FettucineSplit, GoodTroubleShow, Halsrethink, JeremyCorbell, JonMajerowski, LueElizondo, PTHellyer, SnakePo9, TheOfficialQF, g_knapp, jamescfox, jayanderson, rosscoulthart, ufobeliever1947
[2025-05-22 13:47:42] INFO: Community Community B (7 members): MiddleofMayhem, OSIRISUAP, ShipsSmall, cosmic_surplus, likeitmatters3, susangerbic, ufoskeptic1968
[2025-05-22 13:47:42] INFO: Community analysis written to community_analysis.txt
[2025-05-22 13:47:42] WARNING: Generating trust network visualization...
[2025-05-22 13:47:44] WARNING: Network visualization saved to visualization/trust_network.png
[2025-05-22 13:47:44] WARNING: Creating JSON data structure...
[2025-05-22 13:47:44] WARNING: Successfully generated js/data.js with:
[2025-05-22 13:47:44] WARNING: - 25 users
[2025-05-22 13:47:44] WARNING: - 31 trust relationships
[2025-05-22 13:47:44] WARNING: - 2 communities
[2025-05-22 13:47:44] WARNING: Trust calculation completed successfully.
[2025-05-22 13:57:42] WARNING: === Starting Trust Score Calculation ===
[2025-05-22 13:57:42] WARNING: Starting trust score calculation...
[2025-05-22 13:57:42] WARNING: Found 25 users in the trust network
[2025-05-22 13:57:42] WARNING: Building trust network graph...
[2025-05-22 13:57:42] WARNING: Calculating PageRank scores...
[2025-05-22 13:57:42] WARNING: Applying distrust penalties...
[2025-05-22 13:57:42] WARNING: Detecting communities...
[2025-05-22 13:57:42] WARNING: Found 8 isolated nodes to assign to communities
[2025-05-22 13:57:42] WARNING: Assigned isolated node Eyes_OnTheSkies to community 1 based on structural balance theory
[2025-05-22 13:57:42] WARNING: Assigned isolated node FettucineSplit to community 1 based on structural balance theory
[2025-05-22 13:57:42] WARNING: Assigned isolated node JonMajerowski to community 1 based on structural balance theory
[2025-05-22 13:57:42] WARNING: Assigned isolated node MiddleofMayhem to community 2 based on structural balance theory
[2025-05-22 13:57:42] WARNING: Assigned isolated node PTHellyer to community 1 based on structural balance theory
[2025-05-22 13:57:42] WARNING: Assigned isolated node SnakePo9 to community 1 based on structural balance theory
[2025-05-22 13:57:42] WARNING: Assigned isolated node jamescfox to community 1 based on structural balance theory
[2025-05-22 13:57:42] WARNING: Assigned isolated node likeitmatters3 to community 2 based on structural balance theory
[2025-05-22 13:57:42] INFO: Analyzing community composition...
[2025-05-22 13:57:42] INFO: Community Community A (18 members): AskaPol_UAPs, ChrisUKSharp, DanHaug6, Eyes_OnTheSkies, FettucineSplit, GoodTroubleShow, Halsrethink, JeremyCorbell, JonMajerowski, LueElizondo, PTHellyer, SnakePo9, TheOfficialQF, g_knapp, jamescfox, jayanderson, rosscoulthart, ufobeliever1947
[2025-05-22 13:57:42] INFO: Community Community B (7 members): MiddleofMayhem, OSIRISUAP, ShipsSmall, cosmic_surplus, likeitmatters3, susangerbic, ufoskeptic1968
[2025-05-22 13:57:42] INFO: Community analysis written to community_analysis.txt
[2025-05-22 13:57:42] WARNING: Generating trust network visualization...
[2025-05-22 13:57:43] WARNING: Network visualization saved to visualization/trust_network.png
[2025-05-22 13:57:43] WARNING: Creating JSON data structure...
[2025-05-22 13:57:43] WARNING: Successfully generated js/data.js with:
[2025-05-22 13:57:43] WARNING: - 25 users
[2025-05-22 13:57:43] WARNING: - 31 trust relationships
[2025-05-22 13:57:43] WARNING: - 2 communities
[2025-05-22 13:57:43] WARNING: Trust calculation completed successfully.
[2025-05-22 14:07:43] WARNING: === Starting Trust Score Calculation ===
[2025-05-22 14:07:43] WARNING: Starting trust score calculation...
[2025-05-22 14:07:43] WARNING: Found 25 users in the trust network
[2025-05-22 14:07:43] WARNING: Building trust network graph...
[2025-05-22 14:07:43] WARNING: Calculating PageRank scores...
[2025-05-22 14:07:43] WARNING: Applying distrust penalties...
[2025-05-22 14:07:43] WARNING: Detecting communities...
[2025-05-22 14:07:43] WARNING: Found 8 isolated nodes to assign to communities
[2025-05-22 14:07:43] WARNING: Assigned isolated node Eyes_OnTheSkies to community 1 based on structural balance theory
[2025-05-22 14:07:43] WARNING: Assigned isolated node FettucineSplit to community 1 based on structural balance theory
[2025-05-22 14:07:43] WARNING: Assigned isolated node JonMajerowski to community 1 based on structural balance theory
[2025-05-22 14:07:43] WARNING: Assigned isolated node MiddleofMayhem to community 2 based on structural balance theory
[2025-05-22 14:07:43] WARNING: Assigned isolated node PTHellyer to community 1 based on structural balance theory
[2025-05-22 14:07:43] WARNING: Assigned isolated node SnakePo9 to community 1 based on structural balance theory
[2025-05-22 14:07:43] WARNING: Assigned isolated node jamescfox to community 1 based on structural balance theory
[2025-05-22 14:07:43] WARNING: Assigned isolated node likeitmatters3 to community 2 based on structural balance theory
[2025-05-22 14:07:43] INFO: Analyzing community composition...
[2025-05-22 14:07:43] INFO: Community Community A (18 members): AskaPol_UAPs, ChrisUKSharp, DanHaug6, Eyes_OnTheSkies, FettucineSplit, GoodTroubleShow, Halsrethink, JeremyCorbell, JonMajerowski, LueElizondo, PTHellyer, SnakePo9, TheOfficialQF, g_knapp, jamescfox, jayanderson, rosscoulthart, ufobeliever1947
[2025-05-22 14:07:43] INFO: Community Community B (7 members): MiddleofMayhem, OSIRISUAP, ShipsSmall, cosmic_surplus, likeitmatters3, susangerbic, ufoskeptic1968
[2025-05-22 14:07:43] INFO: Community analysis written to community_analysis.txt
[2025-05-22 14:07:43] WARNING: Generating trust network visualization...
[2025-05-22 14:07:44] WARNING: Network visualization saved to visualization/trust_network.png
[2025-05-22 14:07:44] WARNING: Creating JSON data structure...
[2025-05-22 14:07:44] WARNING: Successfully generated js/data.js with:
[2025-05-22 14:07:44] WARNING: - 25 users
[2025-05-22 14:07:44] WARNING: - 31 trust relationships
[2025-05-22 14:07:44] WARNING: - 2 communities
[2025-05-22 14:07:44] WARNING: Trust calculation completed successfully.
[2025-05-22 14:17:44] WARNING: === Starting Trust Score Calculation ===
[2025-05-22 14:17:44] WARNING: Starting trust score calculation...
[2025-05-22 14:17:44] WARNING: Found 25 users in the trust network
[2025-05-22 14:17:44] WARNING: Building trust network graph...
[2025-05-22 14:17:44] WARNING: Calculating PageRank scores...
[2025-05-22 14:17:44] WARNING: Applying distrust penalties...
[2025-05-22 14:17:44] WARNING: Detecting communities...
[2025-05-22 14:17:44] WARNING: Found 8 isolated nodes to assign to communities
[2025-05-22 14:17:44] WARNING: Assigned isolated node Eyes_OnTheSkies to community 1 based on structural balance theory
[2025-05-22 14:17:44] WARNING: Assigned isolated node FettucineSplit to community 1 based on structural balance theory
[2025-05-22 14:17:44] WARNING: Assigned isolated node JonMajerowski to community 1 based on structural balance theory
[2025-05-22 14:17:44] WARNING: Assigned isolated node MiddleofMayhem to community 2 based on structural balance theory
[2025-05-22 14:17:44] WARNING: Assigned isolated node PTHellyer to community 1 based on structural balance theory
[2025-05-22 14:17:44] WARNING: Assigned isolated node SnakePo9 to community 1 based on structural balance theory
[2025-05-22 14:17:44] WARNING: Assigned isolated node jamescfox to community 1 based on structural balance theory
[2025-05-22 14:17:44] WARNING: Assigned isolated node likeitmatters3 to community 2 based on structural balance theory
[2025-05-22 14:17:44] INFO: Analyzing community composition...
[2025-05-22 14:17:44] INFO: Community Community A (18 members): AskaPol_UAPs, ChrisUKSharp, DanHaug6, Eyes_OnTheSkies, FettucineSplit, GoodTroubleShow, Halsrethink, JeremyCorbell, JonMajerowski, LueElizondo, PTHellyer, SnakePo9, TheOfficialQF, g_knapp, jamescfox, jayanderson, rosscoulthart, ufobeliever1947
[2025-05-22 14:17:44] INFO: Community Community B (7 members): MiddleofMayhem, OSIRISUAP, ShipsSmall, cosmic_surplus, likeitmatters3, susangerbic, ufoskeptic1968
[2025-05-22 14:17:44] INFO: Community analysis written to community_analysis.txt
[2025-05-22 14:17:44] WARNING: Generating trust network visualization...
[2025-05-22 14:17:46] WARNING: Network visualization saved to visualization/trust_network.png
[2025-05-22 14:17:46] WARNING: Creating JSON data structure...
[2025-05-22 14:17:46] WARNING: Successfully generated js/data.js with:
[2025-05-22 14:17:46] WARNING: - 25 users
[2025-05-22 14:17:46] WARNING: - 31 trust relationships
[2025-05-22 14:17:46] WARNING: - 2 communities
[2025-05-22 14:17:46] WARNING: Trust calculation completed successfully.
[2025-05-22 14:27:43] WARNING: === Starting Trust Score Calculation ===
[2025-05-22 14:27:43] WARNING: Starting trust score calculation...
[2025-05-22 14:27:43] WARNING: Found 25 users in the trust network
[2025-05-22 14:27:43] WARNING: Building trust network graph...
[2025-05-22 14:27:43] WARNING: Calculating PageRank scores...
[2025-05-22 14:27:43] WARNING: Applying distrust penalties...
[2025-05-22 14:27:43] WARNING: Detecting communities...
[2025-05-22 14:27:43] WARNING: Found 8 isolated nodes to assign to communities
[2025-05-22 14:27:43] WARNING: Assigned isolated node Eyes_OnTheSkies to community 1 based on structural balance theory
[2025-05-22 14:27:43] WARNING: Assigned isolated node FettucineSplit to community 1 based on structural balance theory
[2025-05-22 14:27:43] WARNING: Assigned isolated node JonMajerowski to community 1 based on structural balance theory
[2025-05-22 14:27:43] WARNING: Assigned isolated node MiddleofMayhem to community 2 based on structural balance theory
[2025-05-22 14:27:43] WARNING: Assigned isolated node PTHellyer to community 1 based on structural balance theory
[2025-05-22 14:27:43] WARNING: Assigned isolated node SnakePo9 to community 1 based on structural balance theory
[2025-05-22 14:27:43] WARNING: Assigned isolated node jamescfox to community 1 based on structural balance theory
[2025-05-22 14:27:43] WARNING: Assigned isolated node likeitmatters3 to community 2 based on structural balance theory
[2025-05-22 14:27:43] INFO: Analyzing community composition...
[2025-05-22 14:27:43] INFO: Community Community A (18 members): AskaPol_UAPs, ChrisUKSharp, DanHaug6, Eyes_OnTheSkies, FettucineSplit, GoodTroubleShow, Halsrethink, JeremyCorbell, JonMajerowski, LueElizondo, PTHellyer, SnakePo9, TheOfficialQF, g_knapp, jamescfox, jayanderson, rosscoulthart, ufobeliever1947
[2025-05-22 14:27:43] INFO: Community Community B (7 members): MiddleofMayhem, OSIRISUAP, ShipsSmall, cosmic_surplus, likeitmatters3, susangerbic, ufoskeptic1968
[2025-05-22 14:27:43] INFO: Community analysis written to community_analysis.txt
[2025-05-22 14:27:43] WARNING: Generating trust network visualization...
[2025-05-22 14:27:45] WARNING: Network visualization saved to visualization/trust_network.png
[2025-05-22 14:27:45] WARNING: Creating JSON data structure...
[2025-05-22 14:27:45] WARNING: Successfully generated js/data.js with:
[2025-05-22 14:27:45] WARNING: - 25 users
[2025-05-22 14:27:45] WARNING: - 31 trust relationships
[2025-05-22 14:27:45] WARNING: - 2 communities
[2025-05-22 14:27:45] WARNING: Trust calculation completed successfully.
[2025-05-22 14:37:42] WARNING: === Starting Trust Score Calculation ===
[2025-05-22 14:37:42] WARNING: Starting trust score calculation...
[2025-05-22 14:37:42] WARNING: Found 25 users in the trust network
[2025-05-22 14:37:42] WARNING: Building trust network graph...
[2025-05-22 14:37:42] WARNING: Calculating PageRank scores...
[2025-05-22 14:37:42] WARNING: Applying distrust penalties...
[2025-05-22 14:37:42] WARNING: Detecting communities...
[2025-05-22 14:37:42] WARNING: Found 8 isolated nodes to assign to communities
[2025-05-22 14:37:42] WARNING: Assigned isolated node Eyes_OnTheSkies to community 1 based on structural balance theory
[2025-05-22 14:37:42] WARNING: Assigned isolated node FettucineSplit to community 1 based on structural balance theory
[2025-05-22 14:37:42] WARNING: Assigned isolated node JonMajerowski to community 1 based on structural balance theory
[2025-05-22 14:37:42] WARNING: Assigned isolated node MiddleofMayhem to community 2 based on structural balance theory
[2025-05-22 14:37:42] WARNING: Assigned isolated node PTHellyer to community 1 based on structural balance theory
[2025-05-22 14:37:42] WARNING: Assigned isolated node SnakePo9 to community 1 based on structural balance theory
[2025-05-22 14:37:42] WARNING: Assigned isolated node jamescfox to community 1 based on structural balance theory
[2025-05-22 14:37:42] WARNING: Assigned isolated node likeitmatters3 to community 2 based on structural balance theory
[2025-05-22 14:37:42] INFO: Analyzing community composition...
[2025-05-22 14:37:42] INFO: Community Community A (18 members): AskaPol_UAPs, ChrisUKSharp, DanHaug6, Eyes_OnTheSkies, FettucineSplit, GoodTroubleShow, Halsrethink, JeremyCorbell, JonMajerowski, LueElizondo, PTHellyer, SnakePo9, TheOfficialQF, g_knapp, jamescfox, jayanderson, rosscoulthart, ufobeliever1947
[2025-05-22 14:37:42] INFO: Community Community B (7 members): MiddleofMayhem, OSIRISUAP, ShipsSmall, cosmic_surplus, likeitmatters3, susangerbic, ufoskeptic1968
[2025-05-22 14:37:42] INFO: Community analysis written to community_analysis.txt
[2025-05-22 14:37:42] WARNING: Generating trust network visualization...
[2025-05-22 14:37:44] WARNING: Network visualization saved to visualization/trust_network.png
[2025-05-22 14:37:44] WARNING: Creating JSON data structure...
[2025-05-22 14:37:44] WARNING: Successfully generated js/data.js with:
[2025-05-22 14:37:44] WARNING: - 25 users
[2025-05-22 14:37:44] WARNING: - 31 trust relationships
[2025-05-22 14:37:44] WARNING: - 2 communities
[2025-05-22 14:37:44] WARNING: Trust calculation completed successfully.
[2025-05-22 14:47:44] WARNING: === Starting Trust Score Calculation ===
[2025-05-22 14:47:44] WARNING: Starting trust score calculation...
[2025-05-22 14:47:44] WARNING: Found 25 users in the trust network
[2025-05-22 14:47:44] WARNING: Building trust network graph...
[2025-05-22 14:47:44] WARNING: Calculating PageRank scores...
[2025-05-22 14:47:44] WARNING: Applying distrust penalties...
[2025-05-22 14:47:44] WARNING: Detecting communities...
[2025-05-22 14:47:44] WARNING: Found 8 isolated nodes to assign to communities
[2025-05-22 14:47:44] WARNING: Assigned isolated node Eyes_OnTheSkies to community 1 based on structural balance theory
[2025-05-22 14:47:44] WARNING: Assigned isolated node FettucineSplit to community 1 based on structural balance theory
[2025-05-22 14:47:44] WARNING: Assigned isolated node JonMajerowski to community 1 based on structural balance theory
[2025-05-22 14:47:44] WARNING: Assigned isolated node MiddleofMayhem to community 2 based on structural balance theory
[2025-05-22 14:47:44] WARNING: Assigned isolated node PTHellyer to community 1 based on structural balance theory
[2025-05-22 14:47:44] WARNING: Assigned isolated node SnakePo9 to community 1 based on structural balance theory
[2025-05-22 14:47:44] WARNING: Assigned isolated node jamescfox to community 1 based on structural balance theory
[2025-05-22 14:47:44] WARNING: Assigned isolated node likeitmatters3 to community 2 based on structural balance theory
[2025-05-22 14:47:44] INFO: Analyzing community composition...
[2025-05-22 14:47:44] INFO: Community Community A (18 members): AskaPol_UAPs, ChrisUKSharp, DanHaug6, Eyes_OnTheSkies, FettucineSplit, GoodTroubleShow, Halsrethink, JeremyCorbell, JonMajerowski, LueElizondo, PTHellyer, SnakePo9, TheOfficialQF, g_knapp, jamescfox, jayanderson, rosscoulthart, ufobeliever1947
[2025-05-22 14:47:44] INFO: Community Community B (7 members): MiddleofMayhem, OSIRISUAP, ShipsSmall, cosmic_surplus, likeitmatters3, susangerbic, ufoskeptic1968
[2025-05-22 14:47:44] INFO: Community analysis written to community_analysis.txt
[2025-05-22 14:47:44] WARNING: Generating trust network visualization...
[2025-05-22 14:47:45] WARNING: Network visualization saved to visualization/trust_network.png
[2025-05-22 14:47:45] WARNING: Creating JSON data structure...
[2025-05-22 14:47:45] WARNING: Successfully generated js/data.js with:
[2025-05-22 14:47:45] WARNING: - 25 users
[2025-05-22 14:47:45] WARNING: - 31 trust relationships
[2025-05-22 14:47:45] WARNING: - 2 communities
[2025-05-22 14:47:45] WARNING: Trust calculation completed successfully.
[2025-05-22 14:57:42] WARNING: === Starting Trust Score Calculation ===
[2025-05-22 14:57:42] WARNING: Starting trust score calculation...
[2025-05-22 14:57:42] WARNING: Found 25 users in the trust network
[2025-05-22 14:57:42] WARNING: Building trust network graph...
[2025-05-22 14:57:42] WARNING: Calculating PageRank scores...
[2025-05-22 14:57:42] WARNING: Applying distrust penalties...
[2025-05-22 14:57:42] WARNING: Detecting communities...
[2025-05-22 14:57:42] WARNING: Found 8 isolated nodes to assign to communities
[2025-05-22 14:57:42] WARNING: Assigned isolated node Eyes_OnTheSkies to community 1 based on structural balance theory
[2025-05-22 14:57:42] WARNING: Assigned isolated node FettucineSplit to community 1 based on structural balance theory
[2025-05-22 14:57:42] WARNING: Assigned isolated node JonMajerowski to community 1 based on structural balance theory
[2025-05-22 14:57:42] WARNING: Assigned isolated node MiddleofMayhem to community 2 based on structural balance theory
[2025-05-22 14:57:42] WARNING: Assigned isolated node PTHellyer to community 1 based on structural balance theory
[2025-05-22 14:57:42] WARNING: Assigned isolated node SnakePo9 to community 1 based on structural balance theory
[2025-05-22 14:57:42] WARNING: Assigned isolated node jamescfox to community 1 based on structural balance theory
[2025-05-22 14:57:42] WARNING: Assigned isolated node likeitmatters3 to community 2 based on structural balance theory
[2025-05-22 14:57:42] INFO: Analyzing community composition...
[2025-05-22 14:57:42] INFO: Community Community A (18 members): AskaPol_UAPs, ChrisUKSharp, DanHaug6, Eyes_OnTheSkies, FettucineSplit, GoodTroubleShow, Halsrethink, JeremyCorbell, JonMajerowski, LueElizondo, PTHellyer, SnakePo9, TheOfficialQF, g_knapp, jamescfox, jayanderson, rosscoulthart, ufobeliever1947
[2025-05-22 14:57:42] INFO: Community Community B (7 members): MiddleofMayhem, OSIRISUAP, ShipsSmall, cosmic_surplus, likeitmatters3, susangerbic, ufoskeptic1968
[2025-05-22 14:57:42] INFO: Community analysis written to community_analysis.txt
[2025-05-22 14:57:42] WARNING: Generating trust network visualization...
[2025-05-22 14:57:45] WARNING: Network visualization saved to visualization/trust_network.png
[2025-05-22 14:57:45] WARNING: Creating JSON data structure...
[2025-05-22 14:57:45] WARNING: Successfully generated js/data.js with:
[2025-05-22 14:57:45] WARNING: - 25 users
[2025-05-22 14:57:45] WARNING: - 31 trust relationships
[2025-05-22 14:57:45] WARNING: - 2 communities
[2025-05-22 14:57:45] WARNING: Trust calculation completed successfully.
[2025-05-22 15:07:42] WARNING: === Starting Trust Score Calculation ===
[2025-05-22 15:07:42] WARNING: Starting trust score calculation...
[2025-05-22 15:07:42] WARNING: Found 25 users in the trust network
[2025-05-22 15:07:42] WARNING: Building trust network graph...
[2025-05-22 15:07:42] WARNING: Calculating PageRank scores...
[2025-05-22 15:07:42] WARNING: Applying distrust penalties...
[2025-05-22 15:07:42] WARNING: Detecting communities...
[2025-05-22 15:07:42] WARNING: Found 8 isolated nodes to assign to communities
[2025-05-22 15:07:42] WARNING: Assigned isolated node Eyes_OnTheSkies to community 1 based on structural balance theory
[2025-05-22 15:07:42] WARNING: Assigned isolated node FettucineSplit to community 1 based on structural balance theory
[2025-05-22 15:07:42] WARNING: Assigned isolated node JonMajerowski to community 1 based on structural balance theory
[2025-05-22 15:07:42] WARNING: Assigned isolated node MiddleofMayhem to community 2 based on structural balance theory
[2025-05-22 15:07:42] WARNING: Assigned isolated node PTHellyer to community 1 based on structural balance theory
[2025-05-22 15:07:42] WARNING: Assigned isolated node SnakePo9 to community 1 based on structural balance theory
[2025-05-22 15:07:42] WARNING: Assigned isolated node jamescfox to community 1 based on structural balance theory
[2025-05-22 15:07:42] WARNING: Assigned isolated node likeitmatters3 to community 2 based on structural balance theory
[2025-05-22 15:07:42] INFO: Analyzing community composition...
[2025-05-22 15:07:42] INFO: Community Community A (18 members): AskaPol_UAPs, ChrisUKSharp, DanHaug6, Eyes_OnTheSkies, FettucineSplit, GoodTroubleShow, Halsrethink, JeremyCorbell, JonMajerowski, LueElizondo, PTHellyer, SnakePo9, TheOfficialQF, g_knapp, jamescfox, jayanderson, rosscoulthart, ufobeliever1947
[2025-05-22 15:07:42] INFO: Community Community B (7 members): MiddleofMayhem, OSIRISUAP, ShipsSmall, cosmic_surplus, likeitmatters3, susangerbic, ufoskeptic1968
[2025-05-22 15:07:42] INFO: Community analysis written to community_analysis.txt
[2025-05-22 15:07:42] WARNING: Generating trust network visualization...
[2025-05-22 15:07:43] WARNING: Network visualization saved to visualization/trust_network.png
[2025-05-22 15:07:43] WARNING: Creating JSON data structure...
[2025-05-22 15:07:44] WARNING: Successfully generated js/data.js with:
[2025-05-22 15:07:44] WARNING: - 25 users
[2025-05-22 15:07:44] WARNING: - 31 trust relationships
[2025-05-22 15:07:44] WARNING: - 2 communities
[2025-05-22 15:07:44] WARNING: Trust calculation completed successfully.
[2025-05-22 15:07:44] Committing and pushing changes to GitHub...
